#
# A fatal error has been detected by the Java Runtime Environment:
#
#  EXCEPTION_ACCESS_VIOLATION (0xc0000005) at pc=0x00000298a4f9265a, pid=31136, tid=12680
#
# JRE version: OpenJDK Runtime Environment (17.0+35) (build 17+35-2724)
# Java VM: OpenJDK 64-Bit Server VM (17+35-2724, mixed mode, emulated-client, sharing, tiered, compressed oops, compressed class ptrs, g1 gc, windows-amd64)
# Problematic frame:
# J 2813 c1 org.agrona.concurrent.status.AtomicCounter.proposeMaxRelease(J)Z (38 bytes) @ 0x00000298a4f9265a [0x00000298a4f92620+0x000000000000003a]
#
# No core dump will be written. Minidumps are not enabled by default on client versions of Windows
#
# If you would like to submit a bug report, please visit:
#   https://bugreport.java.com/bugreport/crash.jsp
#

---------------  S U M M A R Y ------------

Command Line: --add-exports=java.base/jdk.internal.misc=ALL-UNNAMED --add-opens=java.base/jdk.internal.misc=ALL-UNNAMED --add-opens=java.base/java.nio=ALL-UNNAMED --add-opens=java.base/sun.nio.ch=ALL-UNNAMED -XX:TieredStopAtLevel=1 -Dspring.output.ansi.enabled=always -Dcom.sun.management.jmxremote -Dspring.jmx.enabled=true -Dspring.liveBeansView.mbeanDomain -Dspring.application.admin.enabled=true -Dmanagement.endpoints.jmx.exposure.include=* -javaagent:C:\Program Files\JetBrains\IntelliJ IDEA 2024.3.5\lib\idea_rt.jar=57010 -Dfile.encoding=UTF-8 com.resourcebox.AeronServer.AeronServerApplication

Host: Intel(R) Core(TM) Ultra 5 125H, 18 cores, 31G,  Windows 10 , 64 bit Build 26100 (10.0.26100.8328)
Time: Tue Jun 16 12:40:08 2026  Windows 10 , 64 bit Build 26100 (10.0.26100.8328) elapsed time: 49.074414 seconds (0d 0h 0m 49s)

---------------  T H R E A D  ---------------

Current thread (0x00000298bf88e220):  JavaThread "sender" [_thread_in_Java, id=12680, stack(0x000000aed8200000,0x000000aed8300000)]

Stack: [0x000000aed8200000,0x000000aed8300000],  sp=0x000000aed82fecb0,  free space=1019k
Native frames: (J=compiled Java code, j=interpreted, Vv=VM code, C=native code)
C  0x00000298a4f9265a


siginfo: EXCEPTION_ACCESS_VIOLATION (0xc0000005), reading address 0x00000298c38d1200


Register to memory mapping:

RIP=0x00000298a4f9265a is at entry_point+58 in (nmethod*)0x00000298a4f92490
RAX=0x0 is NULL
RBX=0x0000000800ea6e70 is a pointer to class: 
org.agrona.concurrent.CachedNanoClock {0x0000000800ea6e78}
 - instance size:     19
 - klass size:        70
 - access:            public synchronized 
 - state:             fully_initialized
 - name:              'org/agrona/concurrent/CachedNanoClock'
 - super:             'org/agrona/concurrent/CachedNanoClockValue'
 - sub:               
 - arrays:            NULL
 - methods:           Array<T>(0x00000298c0ecc3e0)
 - method ordering:   Array<T>(0x00000008008de420)
 - default_methods:   Array<T>(0x0000000000000000)
 - local interfaces:  Array<T>(0x00000298c0ecc0b8)
 - trans. interfaces: Array<T>(0x00000298c0ecc0b8)
 - constants:         constant pool [111] {0x00000298c0ecbcd8} for 'org/agrona/concurrent/CachedNanoClock' cache=0x00000298c0ecd0a8
 - class loader data:  loader data: 0x00000298bde5ea60 for instance a 'jdk/internal/loader/ClassLoaders$AppClassLoader'{0x00000006068a9200}
 - source file:       'CachedNanoClock.java'
 - class annotations:       Array<T>(0x0000000000000000)
 - class type annotations:  Array<T>(0x0000000000000000)
 - field annotations:       Array<T>(0x0000000000000000)
 - field type annotations:  Array<T>(0x0000000000000000)
 - inner classes:     Array<T>(0x00000008005aeea0)
 - nest members:     Array<T>(0x00000008005aeea0)
 - permitted subclasses:     Array<T>(0x00000008005aeea0)
 - java mirror:       a 'java/lang/Class'{0x0000000622a427c0} = 'org/agrona/concurrent/CachedNanoClock'
 - vtable length      8  (start addr: 0x0000000800ea7038)
 - itable length      5 (start addr: 0x0000000800ea7078)
 - ---- static fields (1 words):
 - private static final 'FIELD_UPDATER' 'Ljava/util/concurrent/atomic/AtomicLongFieldUpdater;' @112 
 - ---- non-static fields (34 words):
 - 'p000' 'B' @12 
 - 'p001' 'B' @13 
 - 'p002' 'B' @14 
 - 'p003' 'B' @15 
 - 'p004' 'B' @16 
 - 'p005' 'B' @17 
 - 'p006' 'B' @18 
 - 'p007' 'B' @19 
 - 'p008' 'B' @20 
 - 'p009' 'B' @21 
 - 'p010' 'B' @22 
 - 'p011' 'B' @23 
 - 'p012' 'B' @24 
 - 'p013' 'B' @25 
 - 'p014' 'B' @26 
 - 'p015' 'B' @27 
 - 'p016' 'B' @28 
 - 'p017' 'B' @29 
 - 'p018' 'B' @30 
 - 'p019' 'B' @31 
 - 'p020' 'B' @32 
 - 'p021' 'B' @33 
 - 'p022' 'B' @34 
 - 'p023' 'B' @35 
 - 'p024' 'B' @36 
 - 'p025' 'B' @37 
 - 'p026' 'B' @38 
 - 'p027' 'B' @39 
 - 'p028' 'B' @40 
 - 'p029' 'B' @41 
 - 'p030' 'B' @42 
 - 'p031' 'B' @43 
 - 'p032' 'B' @44 
 - 'p033' 'B' @45 
 - 'p034' 'B' @46 
 - 'p035' 'B' @47 
 - 'p036' 'B' @48 
 - 'p037' 'B' @49 
 - 'p038' 'B' @50 
 - 'p039' 'B' @51 
 - 'p040' 'B' @52 
 - 'p041' 'B' @53 
 - 'p042' 'B' @54 
 - 'p043' 'B' @55 
 - 'p044' 'B' @56 
 - 'p045' 'B' @57 
 - 'p046' 'B' @58 
 - 'p047' 'B' @59 
 - 'p048' 'B' @60 
 - 'p049' 'B' @61 
 - 'p050' 'B' @62 
 - 'p051' 'B' @63 
 - 'p052' 'B' @64 
 - 'p053' 'B' @65 
 - 'p054' 'B' @66 
 - 'p055' 'B' @67 
 - 'p056' 'B' @68 
 - 'p057' 'B' @69 
 - 'p058' 'B' @70 
 - 'p059' 'B' @71 
 - 'p060' 'B' @72 
 - 'p061' 'B' @73 
 - 'p062' 'B' @74 
 - 'p063' 'B' @75 
 - protected volatile 'timeNs' 'J' @80 
 - 'p064' 'B' @76 
 - 'p065' 'B' @77 
 - 'p066' 'B' @78 
 - 'p067' 'B' @79 
 - 'p068' 'B' @88 
 - 'p069' 'B' @89 
 - 'p070' 'B' @90 
 - 'p071' 'B' @91 
 - 'p072' 'B' @92 
 - 'p073' 'B' @93 
 - 'p074' 'B' @94 
 - 'p075' 'B' @95 
 - 'p076' 'B' @96 
 - 'p077' 'B' @97 
 - 'p078' 'B' @98 
 - 'p079' 'B' @99 
 - 'p080' 'B' @100 
 - 'p081' 'B' @101 
 - 'p082' 'B' @102 
 - 'p083' 'B' @103 
 - 'p084' 'B' @104 
 - 'p085' 'B' @105 
 - 'p086' 'B' @106 
 - 'p087' 'B' @107 
 - 'p088' 'B' @108 
 - 'p089' 'B' @109 
 - 'p090' 'B' @110 
 - 'p091' 'B' @111 
 - 'p092' 'B' @112 
 - 'p093' 'B' @113 
 - 'p094' 'B' @114 
 - 'p095' 'B' @115 
 - 'p096' 'B' @116 
 - 'p097' 'B' @117 
 - 'p098' 'B' @118 
 - 'p099' 'B' @119 
 - 'p100' 'B' @120 
 - 'p101' 'B' @121 
 - 'p102' 'B' @122 
 - 'p103' 'B' @123 
 - 'p104' 'B' @124 
 - 'p105' 'B' @125 
 - 'p106' 'B' @126 
 - 'p107' 'B' @127 
 - 'p108' 'B' @128 
 - 'p109' 'B' @129 
 - 'p110' 'B' @130 
 - 'p111' 'B' @131 
 - 'p112' 'B' @132 
 - 'p113' 'B' @133 
 - 'p114' 'B' @134 
 - 'p115' 'B' @135 
 - 'p116' 'B' @136 
 - 'p117' 'B' @137 
 - 'p118' 'B' @138 
 - 'p119' 'B' @139 
 - 'p120' 'B' @140 
 - 'p121' 'B' @141 
 - 'p122' 'B' @142 
 - 'p123' 'B' @143 
 - 'p124' 'B' @144 
 - 'p125' 'B' @145 
 - 'p126' 'B' @146 
 - 'p127' 'B' @147 
 - non-static oop maps: 
RCX=0x0000000800ea6c70 is a pointer to class: 
org.agrona.concurrent.CachedNanoClockValue {0x0000000800ea6c78}
 - instance size:     11
 - klass size:        64
 - access:            synchronized abstract 
 - state:             fully_initialized
 - name:              'org/agrona/concurrent/CachedNanoClockValue'
 - super:             'org/agrona/concurrent/CachedNanoClockPadding'
 - sub:               'org/agrona/concurrent/CachedNanoClock'   
 - arrays:            NULL
 - methods:           Array<T>(0x00000298c0ecc880)
 - method ordering:   Array<T>(0x00000008008de420)
 - default_methods:   Array<T>(0x0000000000000000)
 - local interfaces:  Array<T>(0x00000008005aef10)
 - trans. interfaces: Array<T>(0x00000008005aef10)
 - constants:         constant pool [18] {0x00000298c0ecc780} for 'org/agrona/concurrent/CachedNanoClockValue' cache=0x00000298c0ecd068
 - class loader data:  loader data: 0x00000298bde5ea60 for instance a 'jdk/internal/loader/ClassLoaders$AppClassLoader'{0x00000006068a9200}
 - source file:       'CachedNanoClock.java'
 - class annotations:       Array<T>(0x0000000000000000)
 - class type annotations:  Array<T>(0x0000000000000000)
 - field annotations:       Array<T>(0x0000000000000000)
 - field type annotations:  Array<T>(0x0000000000000000)
 - inner classes:     Array<T>(0x00000008005aeea0)
 - nest members:     Array<T>(0x00000008005aeea0)
 - permitted subclasses:     Array<T>(0x00000008005aeea0)
 - java mirror:       a 'java/lang/Class'{0x000000062295b850} = 'org/agrona/concurrent/CachedNanoClockValue'
 - vtable length      5  (start addr: 0x0000000800ea6e38)
 - itable length      2 (start addr: 0x0000000800ea6e60)
 - ---- static fields (0 words):
 - ---- non-static fields (19 words):
 - 'p000' 'B' @12 
 - 'p001' 'B' @13 
 - 'p002' 'B' @14 
 - 'p003' 'B' @15 
 - 'p004' 'B' @16 
 - 'p005' 'B' @17 
 - 'p006' 'B' @18 
 - 'p007' 'B' @19 
 - 'p008' 'B' @20 
 - 'p009' 'B' @21 
 - 'p010' 'B' @22 
 - 'p011' 'B' @23 
 - 'p012' 'B' @24 
 - 'p013' 'B' @25 
 - 'p014' 'B' @26 
 - 'p015' 'B' @27 
 - 'p016' 'B' @28 
 - 'p017' 'B' @29 
 - 'p018' 'B' @30 
 - 'p019' 'B' @31 
 - 'p020' 'B' @32 
 - 'p021' 'B' @33 
 - 'p022' 'B' @34 
 - 'p023' 'B' @35 
 - 'p024' 'B' @36 
 - 'p025' 'B' @37 
 - 'p026' 'B' @38 
 - 'p027' 'B' @39 
 - 'p028' 'B' @40 
 - 'p029' 'B' @41 
 - 'p030' 'B' @42 
 - 'p031' 'B' @43 
 - 'p032' 'B' @44 
 - 'p033' 'B' @45 
 - 'p034' 'B' @46 
 - 'p035' 'B' @47 
 - 'p036' 'B' @48 
 - 'p037' 'B' @49 
 - 'p038' 'B' @50 
 - 'p039' 'B' @51 
 - 'p040' 'B' @52 
 - 'p041' 'B' @53 
 - 'p042' 'B' @54 
 - 'p043' 'B' @55 
 - 'p044' 'B' @56 
 - 'p045' 'B' @57 
 - 'p046' 'B' @58 
 - 'p047' 'B' @59 
 - 'p048' 'B' @60 
 - 'p049' 'B' @61 
 - 'p050' 'B' @62 
 - 'p051' 'B' @63 
 - 'p052' 'B' @64 
 - 'p053' 'B' @65 
 - 'p054' 'B' @66 
 - 'p055' 'B' @67 
 - 'p056' 'B' @68 
 - 'p057' 'B' @69 
 - 'p058' 'B' @70 
 - 'p059' 'B' @71 
 - 'p060' 'B' @72 
 - 'p061' 'B' @73 
 - 'p062' 'B' @74 
 - 'p063' 'B' @75 
 - protected volatile 'timeNs' 'J' @80 
 - non-static oop maps: 
RDX=0x00000006228bb530 is an oop: org.agrona.concurrent.status.AtomicCounter 
{0x00000006228bb530} - klass: 'org/agrona/concurrent/status/AtomicCounter'
 - ---- fields (total size 5 words):
 - private final 'id' 'I' @12  28 (1c)
 - private final 'addressOffset' 'J' @16  2855139086848 (c38d1200 298)
 - private 'isClosed' 'Z' @24  false
 - private final 'byteArray' '[B' @28  NULL (0)
 - private 'countersManager' 'Lorg/agrona/concurrent/status/CountersManager;' @32  a 'org/agrona/concurrent/status/CountersManager'{0x0000000622870290} (c450e052)
 - private final 'byteBuffer' 'Ljava/nio/ByteBuffer;' @36  a 'java/nio/DirectByteBuffer'{0x000000062286f258} (c450de4b)
RSP=0x000000aed82fecb0 is pointing into the stack for thread: 0x00000298bf88e220
RBP=0x000000aed82fefe0 is pointing into the stack for thread: 0x00000298bf88e220
RSI=0x00000298c38d1200 is an unknown value
RDI=0x0000000000ec79e4 is an unknown value
R8 =0x0000000000ec79e4 is an unknown value
R9 =0x000000007ffe1000 points into unknown readable memory: 0x0000000000000001 | 01 00 00 00 00 00 00 00
R10=0x0000000800e9baf0 is a pointer to class: 
io.aeron.driver.status.DutyCycleStallTracker {0x0000000800e9baf8}
 - instance size:     21
 - klass size:        70
 - access:            public synchronized 
 - state:             fully_initialized
 - name:              'io/aeron/driver/status/DutyCycleStallTracker'
 - super:             'io/aeron/driver/DutyCycleTracker'
 - sub:               
 - arrays:            NULL
 - methods:           Array<T>(0x00000298c0e6f9f0)
 - method ordering:   Array<T>(0x00000008008de420)
 - default_methods:   Array<T>(0x0000000000000000)
 - local interfaces:  Array<T>(0x00000008005aef10)
 - trans. interfaces: Array<T>(0x00000008005aef10)
 - constants:         constant pool [80]/operands[5] {0x00000298c0e6f6b8} for 'io/aeron/driver/status/DutyCycleStallTracker' cache=0x00000298c0f560c0
 - class loader data:  loader data: 0x00000298bde5ea60 for instance a 'jdk/internal/loader/ClassLoaders$AppClassLoader'{0x00000006068a9200}
 - source file:       'DutyCycleStallTracker.java'
 - class annotations:       Array<T>(0x0000000000000000)
 - class type annotations:  Array<T>(0x0000000000000000)
 - field annotations:       Array<T>(0x0000000000000000)
 - field type annotations:  Array<T>(0x0000000000000000)
 - inner classes:     Array<T>(0x00000298c0e6fe98)
 - nest members:     Array<T>(0x00000008005aeea0)
 - permitted subclasses:     Array<T>(0x00000008005aeea0)
 - java mirror:       a 'java/lang/Class'{0x0000000622a88a20} = 'io/aeron/driver/status/DutyCycleStallTracker'
 - vtable length      9  (start addr: 0x0000000800e9bcb8)
 - itable length      2 (start addr: 0x0000000800e9bd00)
 - ---- static fields (0 words):
 - ---- non-static fields (38 words):
 - 'p000' 'B' @12 
 - 'p001' 'B' @13 
 - 'p002' 'B' @14 
 - 'p003' 'B' @15 
 - 'p004' 'B' @16 
 - 'p005' 'B' @17 
 - 'p006' 'B' @18 
 - 'p007' 'B' @19 
 - 'p008' 'B' @20 
 - 'p009' 'B' @21 
 - 'p010' 'B' @22 
 - 'p011' 'B' @23 
 - 'p012' 'B' @24 
 - 'p013' 'B' @25 
 - 'p014' 'B' @26 
 - 'p015' 'B' @27 
 - 'p016' 'B' @28 
 - 'p017' 'B' @29 
 - 'p018' 'B' @30 
 - 'p019' 'B' @31 
 - 'p020' 'B' @32 
 - 'p021' 'B' @33 
 - 'p022' 'B' @34 
 - 'p023' 'B' @35 
 - 'p024' 'B' @36 
 - 'p025' 'B' @37 
 - 'p026' 'B' @38 
 - 'p027' 'B' @39 
 - 'p028' 'B' @40 
 - 'p029' 'B' @41 
 - 'p030' 'B' @42 
 - 'p031' 'B' @43 
 - 'p032' 'B' @44 
 - 'p033' 'B' @45 
 - 'p034' 'B' @46 
 - 'p035' 'B' @47 
 - 'p036' 'B' @48 
 - 'p037' 'B' @49 
 - 'p038' 'B' @50 
 - 'p039' 'B' @51 
 - 'p040' 'B' @52 
 - 'p041' 'B' @53 
 - 'p042' 'B' @54 
 - 'p043' 'B' @55 
 - 'p044' 'B' @56 
 - 'p045' 'B' @57 
 - 'p046' 'B' @58 
 - 'p047' 'B' @59 
 - 'p048' 'B' @60 
 - 'p049' 'B' @61 
 - 'p050' 'B' @62 
 - 'p051' 'B' @63 
 - 'p052' 'B' @64 
 - 'p053' 'B' @65 
 - 'p054' 'B' @66 
 - 'p055' 'B' @67 
 - 'p056' 'B' @68 
 - 'p057' 'B' @69 
 - 'p058' 'B' @70 
 - 'p059' 'B' @71 
 - 'p060' 'B' @72 
 - 'p061' 'B' @73 
 - 'p062' 'B' @74 
 - 'p063' 'B' @75 
 - 'timeOfLastUpdateNs' 'J' @80 
 - 'p064' 'B' @76 
 - 'p065' 'B' @77 
 - 'p066' 'B' @78 
 - 'p067' 'B' @79 
 - 'p068' 'B' @88 
 - 'p069' 'B' @89 
 - 'p070' 'B' @90 
 - 'p071' 'B' @91 
 - 'p072' 'B' @92 
 - 'p073' 'B' @93 
 - 'p074' 'B' @94 
 - 'p075' 'B' @95 
 - 'p076' 'B' @96 
 - 'p077' 'B' @97 
 - 'p078' 'B' @98 
 - 'p079' 'B' @99 
 - 'p080' 'B' @100 
 - 'p081' 'B' @101 
 - 'p082' 'B' @102 
 - 'p083' 'B' @103 
 - 'p084' 'B' @104 
 - 'p085' 'B' @105 
 - 'p086' 'B' @106 
 - 'p087' 'B' @107 
 - 'p088' 'B' @108 
 - 'p089' 'B' @109 
 - 'p090' 'B' @110 
 - 'p091' 'B' @111 
 - 'p092' 'B' @112 
 - 'p093' 'B' @113 
 - 'p094' 'B' @114 
 - 'p095' 'B' @115 
 - 'p096' 'B' @116 
 - 'p097' 'B' @117 
 - 'p098' 'B' @118 
 - 'p099' 'B' @119 
 - 'p100' 'B' @120 
 - 'p101' 'B' @121 
 - 'p102' 'B' @122 
 - 'p103' 'B' @123 
 - 'p104' 'B' @124 
 - 'p105' 'B' @125 
 - 'p106' 'B' @126 
 - 'p107' 'B' @127 
 - 'p108' 'B' @128 
 - 'p109' 'B' @129 
 - 'p110' 'B' @130 
 - 'p111' 'B' @131 
 - 'p112' 'B' @132 
 - 'p113' 'B' @133 
 - 'p114' 'B' @134 
 - 'p115' 'B' @135 
 - 'p116' 'B' @136 
 - 'p117' 'B' @137 
 - 'p118' 'B' @138 
 - 'p119' 'B' @139 
 - 'p120' 'B' @140 
 - 'p121' 'B' @141 
 - 'p122' 'B' @142 
 - 'p123' 'B' @143 
 - 'p124' 'B' @144 
 - 'p125' 'B' @145 
 - 'p126' 'B' @146 
 - 'p127' 'B' @147 
 - private final 'maxCycleTime' 'Lorg/agrona/concurrent/status/AtomicCounter;' @148 
 - private final 'cycleTimeThresholdNs' 'J' @152 
 - private final 'cycleTimeThresholdExceededCount' 'Lorg/agrona/concurrent/status/AtomicCounter;' @160 
 - non-static oop maps: 148-148 160-160 
R11=0x0000000800000000 is pointing into metadata
R12=0x0 is NULL
R13=0x000000aed82fef80 is pointing into the stack for thread: 0x00000298bf88e220
R14=0x000000aed82ff000 is pointing into the stack for thread: 0x00000298bf88e220
R15=0x00000298bf88e220 is a thread


Registers:
RAX=0x0000000000000000, RBX=0x0000000800ea6e70, RCX=0x0000000800ea6c70, RDX=0x00000006228bb530
RSP=0x000000aed82fecb0, RBP=0x000000aed82fefe0, RSI=0x00000298c38d1200, RDI=0x0000000000ec79e4
R8 =0x0000000000ec79e4, R9 =0x000000007ffe1000, R10=0x0000000800e9baf0, R11=0x0000000800000000
R12=0x0000000000000000, R13=0x000000aed82fef80, R14=0x000000aed82ff000, R15=0x00000298bf88e220
RIP=0x00000298a4f9265a, EFLAGS=0x0000000000010246

Top of Stack: (sp=0x000000aed82fecb0)
0x000000aed82fecb0:   0000000000000000 00007ffac5078f2f
0x000000aed82fecc0:   0000000000000000 00007ffc3f4895bb
0x000000aed82fecd0:   0000000000000000 0000000000000000
0x000000aed82fece0:   00000298bf88e6c8 00000298bfbe9fc0
0x000000aed82fecf0:   00000298bfbe9fc0 00007ffac55dc20f
0x000000aed82fed00:   0000000000000002 00000298bf88e220
0x000000aed82fed10:   0000000000000000 000000000000093c
0x000000aed82fed20:   0000000000000000 00000298bf88e220
0x000000aed82fed30:   00000000000f4240 00007ffac55db11f
0x000000aed82fed40:   00000298c0fb2130 00007ffac571556b
0x000000aed82fed50:   000000aed82fefe0 00000298bf88e220
0x000000aed82fed60:   000000aed82fefe0 00000298a4f922a4
0x000000aed82fed70:   0000059f87d7ed2d 0000000000000000
0x000000aed82fed80:   0000000000000000 0000000000000000
0x000000aed82fed90:   0000000626000000 0000000000000000
0x000000aed82feda0:   0000000622a6d8c0 00000006228bf960 

Instructions: (pc=0x00000298a4f9265a)
0x00000298a4f9255a:   00 00 00 00 00 00 00 00 00 00 00 00 00 00 20 26
0x00000298a4f9256a:   f9 a4 98 02 00 00 40 26 f9 a4 98 02 00 00 20 26
0x00000298a4f9257a:   f9 a4 98 02 00 00 70 02 00 00 33 02 00 00 90 01
0x00000298a4f9258a:   00 00 70 02 00 00 a8 02 00 00 b0 02 00 00 00 00
0x00000298a4f9259a:   00 00 b8 02 00 00 d8 02 00 00 e0 02 00 00 e0 02
0x00000298a4f925aa:   00 00 e0 02 00 00 e0 02 00 00 e0 02 00 00 e0 02
0x00000298a4f925ba:   00 00 a8 00 00 00 fd 0a 00 00 01 00 00 00 00 00
0x00000298a4f925ca:   00 00 02 00 00 00 00 00 00 00 00 00 00 00 60 00
0x00000298a4f925da:   00 00 02 00 00 00 ff ff ff ff ff ff ff ff 14 60
0x00000298a4f925ea:   69 b0 0e f0 0e 80 11 64 2c 64 18 00 00 64 03 f8
0x00000298a4f925fa:   83 c5 78 2e fa 7f 05 70 0e 60 01 f8 7e ff 0e 90
0x00000298a4f9260a:   0c 64 00 00 00 00 00 00 00 00 00 00 00 00 00 00
0x00000298a4f9261a:   00 00 00 00 00 00 44 8b 52 08 49 bb 00 00 00 00
0x00000298a4f9262a:   08 00 00 00 4d 03 d3 4c 3b d0 0f 85 46 a4 85 ff
0x00000298a4f9263a:   66 0f 1f 44 00 00 89 84 24 00 90 ff ff 55 48 81
0x00000298a4f9264a:   ec b0 00 00 00 8b 42 1c 48 c1 e0 03 48 8b 72 10
0x00000298a4f9265a:   48 8b 3c 30 49 3b f8 0f 8c 0a 00 00 00 b8 00 00
0x00000298a4f9266a:   00 00 e9 21 00 00 00 4c 89 84 24 a0 00 00 00 c5
0x00000298a4f9267a:   fb 10 84 24 a0 00 00 00 c5 fb 11 04 30 f0 83 44
0x00000298a4f9268a:   24 c0 00 b8 01 00 00 00 83 e0 01 48 81 c4 b0 00
0x00000298a4f9269a:   00 00 5d 49 3b a7 40 03 00 00 0f 87 01 00 00 00
0x00000298a4f926aa:   c3 49 ba 9d 26 f9 a4 98 02 00 00 4d 89 97 58 03
0x00000298a4f926ba:   00 00 e9 3f 0d 86 ff 90 90 49 8b 87 d0 03 00 00
0x00000298a4f926ca:   49 c7 87 d0 03 00 00 00 00 00 00 49 c7 87 d8 03
0x00000298a4f926da:   00 00 00 00 00 00 48 81 c4 b0 00 00 00 5d e9 13
0x00000298a4f926ea:   03 90 ff f4 f4 f4 f4 f4 f4 f4 f4 f4 f4 f4 f4 f4
0x00000298a4f926fa:   f4 f4 f4 f4 f4 f4 e8 fb 32 90 ff 48 b9 78 2e 83
0x00000298a4f9270a:   c5 fa 7f 00 00 48 83 e4 f0 49 ba c0 57 51 c5 fa
0x00000298a4f9271a:   7f 00 00 41 ff d2 f4 49 ba 21 27 f9 a4 98 02 00
0x00000298a4f9272a:   00 41 52 e9 6e ff 85 ff f4 f4 f4 f4 f4 f4 00 92
0x00000298a4f9273a:   8a 06 06 00 00 00 ff 00 00 00 00 00 00 00 ff ff
0x00000298a4f9274a:   ff ff 00 00 00 00 00 00 00 00 00 00 00 00 19 01 


Stack slot to memory mapping:
stack at sp + 0 slots: 0x0 is NULL
stack at sp + 1 slots: 0x00007ffac5078f2f jvm.dll
stack at sp + 2 slots: 0x0 is NULL
stack at sp + 3 slots: 0x00007ffc3f4895bb KERNELBASE.dll
stack at sp + 4 slots: 0x0 is NULL
stack at sp + 5 slots: 0x0 is NULL
stack at sp + 6 slots: 0x00000298bf88e6c8 points into unknown readable memory: 0x000000000000093c | 3c 09 00 00 00 00 00 00
stack at sp + 7 slots: 0x00000298bfbe9fc0 points into unknown readable memory: 0x0000000000000000 | 00 00 00 00 00 00 00 00

--------------------------------------------------------------------------------
[Constant Pool (empty)]

--------------------------------------------------------------------------------

[MachCode]
  0x00000298a4f92620: 448b 5208 | 49bb 0000 | 0000 0800 | 0000 4d03 | d34c 3bd0 | 0f85 46a4 | 85ff 660f | 1f44 0000 
  0x00000298a4f92640: 8984 2400 | 90ff ff55 | 4881 ecb0 | 0000 008b | 421c 48c1 | e003 488b | 7210 488b | 3c30 493b 
  0x00000298a4f92660: f80f 8c0a | 0000 00b8 | 0000 0000 | e921 0000 | 004c 8984 | 24a0 0000 | 00c5 fb10 | 8424 a000 
  0x00000298a4f92680: 0000 c5fb | 1104 30f0 | 8344 24c0 | 00b8 0100 | 0000 83e0 | 0148 81c4 | b000 0000 | 5d49 3ba7 
  0x00000298a4f926a0: 4003 0000 | 0f87 0100 | 0000 c349 | ba9d 26f9 | a498 0200 | 004d 8997 | 5803 0000 | e93f 0d86 
  0x00000298a4f926c0: ff90 9049 | 8b87 d003 | 0000 49c7 | 87d0 0300 | 0000 0000 | 0049 c787 | d803 0000 | 0000 0000 
  0x00000298a4f926e0: 4881 c4b0 | 0000 005d | e913 0390 | fff4 f4f4 | f4f4 f4f4 | f4f4 f4f4 | f4f4 f4f4 | f4f4 f4f4 
  0x00000298a4f92700: e8fb 3290 | ff48 b978 | 2e83 c5fa | 7f00 0048 | 83e4 f049 | bac0 5751 | c5fa 7f00 | 0041 ffd2 
  0x00000298a4f92720: f449 ba21 | 27f9 a498 | 0200 0041 | 52e9 6eff | 85ff f4f4 | f4f4 f4f4 
[/MachCode]
--------------------------------------------------------------------------------


---------------  P R O C E S S  ---------------

Threads class SMR info:
_java_thread_list=0x00000298bfb14d80, length=23, elements={
0x000002989cfb6fb0, 0x00000298bd549860, 0x00000298bd54c130, 0x00000298bd56a780,
0x00000298bd56b040, 0x00000298bd56b900, 0x00000298bd56c1c0, 0x00000298bd570540,
0x00000298bd572e50, 0x00000298bde4a3c0, 0x00000298be009e50, 0x00000298be00a320,
0x00000298bf0b2330, 0x00000298bf0f2fc0, 0x00000298bf125a30, 0x00000298bf1004f0,
0x00000298bf88e6f0, 0x00000298bf88d880, 0x00000298bf88dd50, 0x00000298bf88e220,
0x00000298bf88d3b0, 0x00000298bf88ebc0, 0x00000298bf88fa30
}

Java Threads: ( => current thread )
  0x000002989cfb6fb0 JavaThread "main" [_thread_blocked, id=57348, stack(0x000000aed5800000,0x000000aed5900000)]
  0x00000298bd549860 JavaThread "Reference Handler" daemon [_thread_blocked, id=22452, stack(0x000000aed5f00000,0x000000aed6000000)]
  0x00000298bd54c130 JavaThread "Finalizer" daemon [_thread_blocked, id=42952, stack(0x000000aed6000000,0x000000aed6100000)]
  0x00000298bd56a780 JavaThread "Signal Dispatcher" daemon [_thread_blocked, id=45016, stack(0x000000aed6100000,0x000000aed6200000)]
  0x00000298bd56b040 JavaThread "Attach Listener" daemon [_thread_blocked, id=34228, stack(0x000000aed6200000,0x000000aed6300000)]
  0x00000298bd56b900 JavaThread "Service Thread" daemon [_thread_blocked, id=69364, stack(0x000000aed6300000,0x000000aed6400000)]
  0x00000298bd56c1c0 JavaThread "Monitor Deflation Thread" daemon [_thread_blocked, id=70396, stack(0x000000aed6400000,0x000000aed6500000)]
  0x00000298bd570540 JavaThread "C1 CompilerThread0" daemon [_thread_blocked, id=30668, stack(0x000000aed6500000,0x000000aed6600000)]
  0x00000298bd572e50 JavaThread "Sweeper thread" daemon [_thread_blocked, id=69132, stack(0x000000aed6600000,0x000000aed6700000)]
  0x00000298bde4a3c0 JavaThread "Common-Cleaner" daemon [_thread_blocked, id=31688, stack(0x000000aed6700000,0x000000aed6800000)]
  0x00000298be009e50 JavaThread "Monitor Ctrl-Break" daemon [_thread_in_native, id=55228, stack(0x000000aed6b00000,0x000000aed6c00000)]
  0x00000298be00a320 JavaThread "Notification Thread" daemon [_thread_blocked, id=4176, stack(0x000000aed6c00000,0x000000aed6d00000)]
  0x00000298bf0b2330 JavaThread "RMI TCP Accept-0" daemon [_thread_in_native, id=29960, stack(0x000000aed6d00000,0x000000aed6e00000)]
  0x00000298bf0f2fc0 JavaThread "RMI TCP Connection(1)-192.168.0.75" daemon [_thread_in_native, id=24908, stack(0x000000aed6f00000,0x000000aed7000000)]
  0x00000298bf125a30 JavaThread "RMI Scheduler(0)" daemon [_thread_blocked, id=36584, stack(0x000000aed7000000,0x000000aed7100000)]
  0x00000298bf1004f0 JavaThread "JMX server connection timeout 28" daemon [_thread_blocked, id=23952, stack(0x000000aed7100000,0x000000aed7200000)]
  0x00000298bf88e6f0 JavaThread "async-executor C:\Users\dhkim\AppData\Local\Temp\PARCAeron" daemon [_thread_blocked, id=35816, stack(0x000000aed7f00000,0x000000aed8000000)]
  0x00000298bf88d880 JavaThread "RMI TCP Connection(2)-192.168.0.75" daemon [_thread_in_native, id=38252, stack(0x000000aed8000000,0x000000aed8100000)]
  0x00000298bf88dd50 JavaThread "driver-conductor" [_thread_in_Java, id=42752, stack(0x000000aed8100000,0x000000aed8200000)]
=>0x00000298bf88e220 JavaThread "sender" [_thread_in_Java, id=12680, stack(0x000000aed8200000,0x000000aed8300000)]
  0x00000298bf88d3b0 JavaThread "receiver" [_thread_in_Java, id=22940, stack(0x000000aed8300000,0x000000aed8400000)]
  0x00000298bf88ebc0 JavaThread "SIGINT handler" daemon [_thread_blocked, id=11960, stack(0x000000aed6900000,0x000000aed6a00000)]
  0x00000298bf88fa30 JavaThread "SpringApplicationShutdownHook" [_thread_blocked, id=35552, stack(0x000000aed8500000,0x000000aed8600000)]

Other Threads:
  0x00000298bd543b70 VMThread "VM Thread" [stack: 0x000000aed5e00000,0x000000aed5f00000] [id=44348]
  0x00000298bde47f80 WatcherThread [stack: 0x000000aed6e00000,0x000000aed6f00000] [id=56280]
  0x000002989d02dd00 GCTaskThread "GC Thread#0" [stack: 0x000000aed5900000,0x000000aed5a00000] [id=18348]
  0x00000298bf4903c0 GCTaskThread "GC Thread#1" [stack: 0x000000aed7200000,0x000000aed7300000] [id=35292]
  0x00000298bf4cac80 GCTaskThread "GC Thread#2" [stack: 0x000000aed7300000,0x000000aed7400000] [id=41572]
  0x00000298bf4caf30 GCTaskThread "GC Thread#3" [stack: 0x000000aed7400000,0x000000aed7500000] [id=65736]
  0x00000298bf4cb1e0 GCTaskThread "GC Thread#4" [stack: 0x000000aed7500000,0x000000aed7600000] [id=59688]
  0x00000298bf4cb490 GCTaskThread "GC Thread#5" [stack: 0x000000aed7600000,0x000000aed7700000] [id=25540]
  0x00000298bf4cbb50 GCTaskThread "GC Thread#6" [stack: 0x000000aed7700000,0x000000aed7800000] [id=39852]
  0x00000298bf4cbe00 GCTaskThread "GC Thread#7" [stack: 0x000000aed7800000,0x000000aed7900000] [id=64192]
  0x00000298bf4cc0b0 GCTaskThread "GC Thread#8" [stack: 0x000000aed7900000,0x000000aed7a00000] [id=70264]
  0x00000298bf518040 GCTaskThread "GC Thread#9" [stack: 0x000000aed7a00000,0x000000aed7b00000] [id=63960]
  0x00000298bf5182f0 GCTaskThread "GC Thread#10" [stack: 0x000000aed7b00000,0x000000aed7c00000] [id=43380]
  0x00000298bf5205b0 GCTaskThread "GC Thread#11" [stack: 0x000000aed7c00000,0x000000aed7d00000] [id=45328]
  0x00000298bf5d6670 GCTaskThread "GC Thread#12" [stack: 0x000000aed6a00000,0x000000aed6b00000] [id=46324]
  0x00000298bf5d6bd0 GCTaskThread "GC Thread#13" [stack: 0x000000aed7d00000,0x000000aed7e00000] [id=21300]
  0x000002989d03e810 ConcurrentGCThread "G1 Main Marker" [stack: 0x000000aed5a00000,0x000000aed5b00000] [id=65228]
  0x000002989d040610 ConcurrentGCThread "G1 Conc#0" [stack: 0x000000aed5b00000,0x000000aed5c00000] [id=36852]
  0x000002989d07e9d0 ConcurrentGCThread "G1 Refine#0" [stack: 0x000000aed5c00000,0x000000aed5d00000] [id=67504]
  0x00000298bd478780 ConcurrentGCThread "G1 Service" [stack: 0x000000aed5d00000,0x000000aed5e00000] [id=13756]

Threads with active compile tasks:

VM state: not at safepoint (normal execution)

VM Mutex/Monitor currently owned by a thread: None

Heap address: 0x0000000606800000, size: 8088 MB, Compressed Oops mode: Zero based, Oop shift amount: 3

CDS archive(s) mapped at: [0x0000000800000000-0x0000000800bc0000-0x0000000800bc0000), size 12320768, SharedBaseAddress: 0x0000000800000000, ArchiveRelocationMode: 0.
Compressed class space mapped at: 0x0000000800c00000-0x0000000840c00000, reserved size: 1073741824
Narrow klass base: 0x0000000800000000, Narrow klass shift: 0, Narrow klass range: 0x100000000

GC Precious Log:
 CPUs: 18 total, 18 available
 Memory: 32348M
 Large Page Support: Disabled
 NUMA Support: Disabled
 Compressed Oops: Enabled (Zero based)
 Heap Region Size: 4M
 Heap Min Capacity: 8M
 Heap Initial Capacity: 508M
 Heap Max Capacity: 8088M
 Pre-touch: Disabled
 Parallel Workers: 14
 Concurrent Workers: 4
 Concurrent Refinement Workers: 14
 Periodic GC: Disabled

Heap:
 garbage-first heap   total 520192K, used 21491K [0x0000000606800000, 0x0000000800000000)
  region size 4096K, 6 young (24576K), 2 survivors (8192K)
 Metaspace       used 18815K, committed 19264K, reserved 1064960K
  class space    used 2659K, committed 2880K, reserved 1048576K

Heap Regions: E=young(eden), S=young(survivor), O=old, HS=humongous(starts), HC=humongous(continues), CS=collection set, F=free, OA=open archive, CA=closed archive, TAMS=top-at-mark-start (previous, next)
|   0|0x0000000606800000, 0x0000000606c00000, 0x0000000606c00000|100%| O|  |TAMS 0x0000000606800000, 0x0000000606800000| Untracked 
|   1|0x0000000606c00000, 0x0000000606cac800, 0x0000000607000000| 16%| O|  |TAMS 0x0000000606c00000, 0x0000000606c00000| Untracked 
|   2|0x0000000607000000, 0x0000000607000000, 0x0000000607400000|  0%| F|  |TAMS 0x0000000607000000, 0x0000000607000000| Untracked 
|   3|0x0000000607400000, 0x0000000607400000, 0x0000000607800000|  0%| F|  |TAMS 0x0000000607400000, 0x0000000607400000| Untracked 
|   4|0x0000000607800000, 0x0000000607800000, 0x0000000607c00000|  0%| F|  |TAMS 0x0000000607800000, 0x0000000607800000| Untracked 
|   5|0x0000000607c00000, 0x0000000607c00000, 0x0000000608000000|  0%| F|  |TAMS 0x0000000607c00000, 0x0000000607c00000| Untracked 
|   6|0x0000000608000000, 0x0000000608000000, 0x0000000608400000|  0%| F|  |TAMS 0x0000000608000000, 0x0000000608000000| Untracked 
|   7|0x0000000608400000, 0x0000000608400000, 0x0000000608800000|  0%| F|  |TAMS 0x0000000608400000, 0x0000000608400000| Untracked 
|   8|0x0000000608800000, 0x0000000608800000, 0x0000000608c00000|  0%| F|  |TAMS 0x0000000608800000, 0x0000000608800000| Untracked 
|   9|0x0000000608c00000, 0x0000000608c00000, 0x0000000609000000|  0%| F|  |TAMS 0x0000000608c00000, 0x0000000608c00000| Untracked 
|  10|0x0000000609000000, 0x0000000609000000, 0x0000000609400000|  0%| F|  |TAMS 0x0000000609000000, 0x0000000609000000| Untracked 
|  11|0x0000000609400000, 0x0000000609400000, 0x0000000609800000|  0%| F|  |TAMS 0x0000000609400000, 0x0000000609400000| Untracked 
|  12|0x0000000609800000, 0x0000000609800000, 0x0000000609c00000|  0%| F|  |TAMS 0x0000000609800000, 0x0000000609800000| Untracked 
|  13|0x0000000609c00000, 0x0000000609c00000, 0x000000060a000000|  0%| F|  |TAMS 0x0000000609c00000, 0x0000000609c00000| Untracked 
|  14|0x000000060a000000, 0x000000060a000000, 0x000000060a400000|  0%| F|  |TAMS 0x000000060a000000, 0x000000060a000000| Untracked 
|  15|0x000000060a400000, 0x000000060a400000, 0x000000060a800000|  0%| F|  |TAMS 0x000000060a400000, 0x000000060a400000| Untracked 
|  16|0x000000060a800000, 0x000000060a800000, 0x000000060ac00000|  0%| F|  |TAMS 0x000000060a800000, 0x000000060a800000| Untracked 
|  17|0x000000060ac00000, 0x000000060ac00000, 0x000000060b000000|  0%| F|  |TAMS 0x000000060ac00000, 0x000000060ac00000| Untracked 
|  18|0x000000060b000000, 0x000000060b000000, 0x000000060b400000|  0%| F|  |TAMS 0x000000060b000000, 0x000000060b000000| Untracked 
|  19|0x000000060b400000, 0x000000060b400000, 0x000000060b800000|  0%| F|  |TAMS 0x000000060b400000, 0x000000060b400000| Untracked 
|  20|0x000000060b800000, 0x000000060b800000, 0x000000060bc00000|  0%| F|  |TAMS 0x000000060b800000, 0x000000060b800000| Untracked 
|  21|0x000000060bc00000, 0x000000060bc00000, 0x000000060c000000|  0%| F|  |TAMS 0x000000060bc00000, 0x000000060bc00000| Untracked 
|  22|0x000000060c000000, 0x000000060c000000, 0x000000060c400000|  0%| F|  |TAMS 0x000000060c000000, 0x000000060c000000| Untracked 
|  23|0x000000060c400000, 0x000000060c400000, 0x000000060c800000|  0%| F|  |TAMS 0x000000060c400000, 0x000000060c400000| Untracked 
|  24|0x000000060c800000, 0x000000060c800000, 0x000000060cc00000|  0%| F|  |TAMS 0x000000060c800000, 0x000000060c800000| Untracked 
|  25|0x000000060cc00000, 0x000000060cc00000, 0x000000060d000000|  0%| F|  |TAMS 0x000000060cc00000, 0x000000060cc00000| Untracked 
|  26|0x000000060d000000, 0x000000060d000000, 0x000000060d400000|  0%| F|  |TAMS 0x000000060d000000, 0x000000060d000000| Untracked 
|  27|0x000000060d400000, 0x000000060d400000, 0x000000060d800000|  0%| F|  |TAMS 0x000000060d400000, 0x000000060d400000| Untracked 
|  28|0x000000060d800000, 0x000000060d800000, 0x000000060dc00000|  0%| F|  |TAMS 0x000000060d800000, 0x000000060d800000| Untracked 
|  29|0x000000060dc00000, 0x000000060dc00000, 0x000000060e000000|  0%| F|  |TAMS 0x000000060dc00000, 0x000000060dc00000| Untracked 
|  30|0x000000060e000000, 0x000000060e000000, 0x000000060e400000|  0%| F|  |TAMS 0x000000060e000000, 0x000000060e000000| Untracked 
|  31|0x000000060e400000, 0x000000060e400000, 0x000000060e800000|  0%| F|  |TAMS 0x000000060e400000, 0x000000060e400000| Untracked 
|  32|0x000000060e800000, 0x000000060e800000, 0x000000060ec00000|  0%| F|  |TAMS 0x000000060e800000, 0x000000060e800000| Untracked 
|  33|0x000000060ec00000, 0x000000060ec00000, 0x000000060f000000|  0%| F|  |TAMS 0x000000060ec00000, 0x000000060ec00000| Untracked 
|  34|0x000000060f000000, 0x000000060f000000, 0x000000060f400000|  0%| F|  |TAMS 0x000000060f000000, 0x000000060f000000| Untracked 
|  35|0x000000060f400000, 0x000000060f400000, 0x000000060f800000|  0%| F|  |TAMS 0x000000060f400000, 0x000000060f400000| Untracked 
|  36|0x000000060f800000, 0x000000060f800000, 0x000000060fc00000|  0%| F|  |TAMS 0x000000060f800000, 0x000000060f800000| Untracked 
|  37|0x000000060fc00000, 0x000000060fc00000, 0x0000000610000000|  0%| F|  |TAMS 0x000000060fc00000, 0x000000060fc00000| Untracked 
|  38|0x0000000610000000, 0x0000000610000000, 0x0000000610400000|  0%| F|  |TAMS 0x0000000610000000, 0x0000000610000000| Untracked 
|  39|0x0000000610400000, 0x0000000610400000, 0x0000000610800000|  0%| F|  |TAMS 0x0000000610400000, 0x0000000610400000| Untracked 
|  40|0x0000000610800000, 0x0000000610800000, 0x0000000610c00000|  0%| F|  |TAMS 0x0000000610800000, 0x0000000610800000| Untracked 
|  41|0x0000000610c00000, 0x0000000610c00000, 0x0000000611000000|  0%| F|  |TAMS 0x0000000610c00000, 0x0000000610c00000| Untracked 
|  42|0x0000000611000000, 0x0000000611000000, 0x0000000611400000|  0%| F|  |TAMS 0x0000000611000000, 0x0000000611000000| Untracked 
|  43|0x0000000611400000, 0x0000000611400000, 0x0000000611800000|  0%| F|  |TAMS 0x0000000611400000, 0x0000000611400000| Untracked 
|  44|0x0000000611800000, 0x0000000611800000, 0x0000000611c00000|  0%| F|  |TAMS 0x0000000611800000, 0x0000000611800000| Untracked 
|  45|0x0000000611c00000, 0x0000000611c00000, 0x0000000612000000|  0%| F|  |TAMS 0x0000000611c00000, 0x0000000611c00000| Untracked 
|  46|0x0000000612000000, 0x0000000612000000, 0x0000000612400000|  0%| F|  |TAMS 0x0000000612000000, 0x0000000612000000| Untracked 
|  47|0x0000000612400000, 0x0000000612400000, 0x0000000612800000|  0%| F|  |TAMS 0x0000000612400000, 0x0000000612400000| Untracked 
|  48|0x0000000612800000, 0x0000000612800000, 0x0000000612c00000|  0%| F|  |TAMS 0x0000000612800000, 0x0000000612800000| Untracked 
|  49|0x0000000612c00000, 0x0000000612c00000, 0x0000000613000000|  0%| F|  |TAMS 0x0000000612c00000, 0x0000000612c00000| Untracked 
|  50|0x0000000613000000, 0x0000000613000000, 0x0000000613400000|  0%| F|  |TAMS 0x0000000613000000, 0x0000000613000000| Untracked 
|  51|0x0000000613400000, 0x0000000613400000, 0x0000000613800000|  0%| F|  |TAMS 0x0000000613400000, 0x0000000613400000| Untracked 
|  52|0x0000000613800000, 0x0000000613800000, 0x0000000613c00000|  0%| F|  |TAMS 0x0000000613800000, 0x0000000613800000| Untracked 
|  53|0x0000000613c00000, 0x0000000613c00000, 0x0000000614000000|  0%| F|  |TAMS 0x0000000613c00000, 0x0000000613c00000| Untracked 
|  54|0x0000000614000000, 0x0000000614000000, 0x0000000614400000|  0%| F|  |TAMS 0x0000000614000000, 0x0000000614000000| Untracked 
|  55|0x0000000614400000, 0x0000000614400000, 0x0000000614800000|  0%| F|  |TAMS 0x0000000614400000, 0x0000000614400000| Untracked 
|  56|0x0000000614800000, 0x0000000614800000, 0x0000000614c00000|  0%| F|  |TAMS 0x0000000614800000, 0x0000000614800000| Untracked 
|  57|0x0000000614c00000, 0x0000000614c00000, 0x0000000615000000|  0%| F|  |TAMS 0x0000000614c00000, 0x0000000614c00000| Untracked 
|  58|0x0000000615000000, 0x0000000615000000, 0x0000000615400000|  0%| F|  |TAMS 0x0000000615000000, 0x0000000615000000| Untracked 
|  59|0x0000000615400000, 0x0000000615400000, 0x0000000615800000|  0%| F|  |TAMS 0x0000000615400000, 0x0000000615400000| Untracked 
|  60|0x0000000615800000, 0x0000000615800000, 0x0000000615c00000|  0%| F|  |TAMS 0x0000000615800000, 0x0000000615800000| Untracked 
|  61|0x0000000615c00000, 0x0000000615c00000, 0x0000000616000000|  0%| F|  |TAMS 0x0000000615c00000, 0x0000000615c00000| Untracked 
|  62|0x0000000616000000, 0x0000000616000000, 0x0000000616400000|  0%| F|  |TAMS 0x0000000616000000, 0x0000000616000000| Untracked 
|  63|0x0000000616400000, 0x0000000616400000, 0x0000000616800000|  0%| F|  |TAMS 0x0000000616400000, 0x0000000616400000| Untracked 
|  64|0x0000000616800000, 0x0000000616800000, 0x0000000616c00000|  0%| F|  |TAMS 0x0000000616800000, 0x0000000616800000| Untracked 
|  65|0x0000000616c00000, 0x0000000616c00000, 0x0000000617000000|  0%| F|  |TAMS 0x0000000616c00000, 0x0000000616c00000| Untracked 
|  66|0x0000000617000000, 0x0000000617000000, 0x0000000617400000|  0%| F|  |TAMS 0x0000000617000000, 0x0000000617000000| Untracked 
|  67|0x0000000617400000, 0x0000000617400000, 0x0000000617800000|  0%| F|  |TAMS 0x0000000617400000, 0x0000000617400000| Untracked 
|  68|0x0000000617800000, 0x0000000617800000, 0x0000000617c00000|  0%| F|  |TAMS 0x0000000617800000, 0x0000000617800000| Untracked 
|  69|0x0000000617c00000, 0x0000000617c00000, 0x0000000618000000|  0%| F|  |TAMS 0x0000000617c00000, 0x0000000617c00000| Untracked 
|  70|0x0000000618000000, 0x0000000618000000, 0x0000000618400000|  0%| F|  |TAMS 0x0000000618000000, 0x0000000618000000| Untracked 
|  71|0x0000000618400000, 0x0000000618400000, 0x0000000618800000|  0%| F|  |TAMS 0x0000000618400000, 0x0000000618400000| Untracked 
|  72|0x0000000618800000, 0x0000000618800000, 0x0000000618c00000|  0%| F|  |TAMS 0x0000000618800000, 0x0000000618800000| Untracked 
|  73|0x0000000618c00000, 0x0000000618c00000, 0x0000000619000000|  0%| F|  |TAMS 0x0000000618c00000, 0x0000000618c00000| Untracked 
|  74|0x0000000619000000, 0x0000000619000000, 0x0000000619400000|  0%| F|  |TAMS 0x0000000619000000, 0x0000000619000000| Untracked 
|  75|0x0000000619400000, 0x0000000619400000, 0x0000000619800000|  0%| F|  |TAMS 0x0000000619400000, 0x0000000619400000| Untracked 
|  76|0x0000000619800000, 0x0000000619800000, 0x0000000619c00000|  0%| F|  |TAMS 0x0000000619800000, 0x0000000619800000| Untracked 
|  77|0x0000000619c00000, 0x0000000619c00000, 0x000000061a000000|  0%| F|  |TAMS 0x0000000619c00000, 0x0000000619c00000| Untracked 
|  78|0x000000061a000000, 0x000000061a000000, 0x000000061a400000|  0%| F|  |TAMS 0x000000061a000000, 0x000000061a000000| Untracked 
|  79|0x000000061a400000, 0x000000061a400000, 0x000000061a800000|  0%| F|  |TAMS 0x000000061a400000, 0x000000061a400000| Untracked 
|  80|0x000000061a800000, 0x000000061a800000, 0x000000061ac00000|  0%| F|  |TAMS 0x000000061a800000, 0x000000061a800000| Untracked 
|  81|0x000000061ac00000, 0x000000061ac00000, 0x000000061b000000|  0%| F|  |TAMS 0x000000061ac00000, 0x000000061ac00000| Untracked 
|  82|0x000000061b000000, 0x000000061b000000, 0x000000061b400000|  0%| F|  |TAMS 0x000000061b000000, 0x000000061b000000| Untracked 
|  83|0x000000061b400000, 0x000000061b400000, 0x000000061b800000|  0%| F|  |TAMS 0x000000061b400000, 0x000000061b400000| Untracked 
|  84|0x000000061b800000, 0x000000061b800000, 0x000000061bc00000|  0%| F|  |TAMS 0x000000061b800000, 0x000000061b800000| Untracked 
|  85|0x000000061bc00000, 0x000000061bc00000, 0x000000061c000000|  0%| F|  |TAMS 0x000000061bc00000, 0x000000061bc00000| Untracked 
|  86|0x000000061c000000, 0x000000061c000000, 0x000000061c400000|  0%| F|  |TAMS 0x000000061c000000, 0x000000061c000000| Untracked 
|  87|0x000000061c400000, 0x000000061c400000, 0x000000061c800000|  0%| F|  |TAMS 0x000000061c400000, 0x000000061c400000| Untracked 
|  88|0x000000061c800000, 0x000000061c800000, 0x000000061cc00000|  0%| F|  |TAMS 0x000000061c800000, 0x000000061c800000| Untracked 
|  89|0x000000061cc00000, 0x000000061cc00000, 0x000000061d000000|  0%| F|  |TAMS 0x000000061cc00000, 0x000000061cc00000| Untracked 
|  90|0x000000061d000000, 0x000000061d000000, 0x000000061d400000|  0%| F|  |TAMS 0x000000061d000000, 0x000000061d000000| Untracked 
|  91|0x000000061d400000, 0x000000061d400000, 0x000000061d800000|  0%| F|  |TAMS 0x000000061d400000, 0x000000061d400000| Untracked 
|  92|0x000000061d800000, 0x000000061d800000, 0x000000061dc00000|  0%| F|  |TAMS 0x000000061d800000, 0x000000061d800000| Untracked 
|  93|0x000000061dc00000, 0x000000061dc00000, 0x000000061e000000|  0%| F|  |TAMS 0x000000061dc00000, 0x000000061dc00000| Untracked 
|  94|0x000000061e000000, 0x000000061e000000, 0x000000061e400000|  0%| F|  |TAMS 0x000000061e000000, 0x000000061e000000| Untracked 
|  95|0x000000061e400000, 0x000000061e400000, 0x000000061e800000|  0%| F|  |TAMS 0x000000061e400000, 0x000000061e400000| Untracked 
|  96|0x000000061e800000, 0x000000061e800000, 0x000000061ec00000|  0%| F|  |TAMS 0x000000061e800000, 0x000000061e800000| Untracked 
|  97|0x000000061ec00000, 0x000000061ec00000, 0x000000061f000000|  0%| F|  |TAMS 0x000000061ec00000, 0x000000061ec00000| Untracked 
|  98|0x000000061f000000, 0x000000061f000000, 0x000000061f400000|  0%| F|  |TAMS 0x000000061f000000, 0x000000061f000000| Untracked 
|  99|0x000000061f400000, 0x000000061f400000, 0x000000061f800000|  0%| F|  |TAMS 0x000000061f400000, 0x000000061f400000| Untracked 
| 100|0x000000061f800000, 0x000000061f800000, 0x000000061fc00000|  0%| F|  |TAMS 0x000000061f800000, 0x000000061f800000| Untracked 
| 101|0x000000061fc00000, 0x000000061fc00000, 0x0000000620000000|  0%| F|  |TAMS 0x000000061fc00000, 0x000000061fc00000| Untracked 
| 102|0x0000000620000000, 0x0000000620000000, 0x0000000620400000|  0%| F|  |TAMS 0x0000000620000000, 0x0000000620000000| Untracked 
| 103|0x0000000620400000, 0x0000000620400000, 0x0000000620800000|  0%| F|  |TAMS 0x0000000620400000, 0x0000000620400000| Untracked 
| 104|0x0000000620800000, 0x0000000620800000, 0x0000000620c00000|  0%| F|  |TAMS 0x0000000620800000, 0x0000000620800000| Untracked 
| 105|0x0000000620c00000, 0x0000000620c00000, 0x0000000621000000|  0%| F|  |TAMS 0x0000000620c00000, 0x0000000620c00000| Untracked 
| 106|0x0000000621000000, 0x0000000621000000, 0x0000000621400000|  0%| F|  |TAMS 0x0000000621000000, 0x0000000621000000| Untracked 
| 107|0x0000000621400000, 0x0000000621400000, 0x0000000621800000|  0%| F|  |TAMS 0x0000000621400000, 0x0000000621400000| Untracked 
| 108|0x0000000621800000, 0x0000000621800000, 0x0000000621c00000|  0%| F|  |TAMS 0x0000000621800000, 0x0000000621800000| Untracked 
| 109|0x0000000621c00000, 0x0000000621c00000, 0x0000000622000000|  0%| F|  |TAMS 0x0000000621c00000, 0x0000000621c00000| Untracked 
| 110|0x0000000622000000, 0x0000000622000000, 0x0000000622400000|  0%| F|  |TAMS 0x0000000622000000, 0x0000000622000000| Untracked 
| 111|0x0000000622400000, 0x00000006224505a0, 0x0000000622800000|  7%| S|CS|TAMS 0x0000000622400000, 0x0000000622400000| Complete 
| 112|0x0000000622800000, 0x0000000622c00000, 0x0000000622c00000|100%| S|CS|TAMS 0x0000000622800000, 0x0000000622800000| Complete 
| 113|0x0000000622c00000, 0x0000000622c00000, 0x0000000623000000|  0%| F|  |TAMS 0x0000000622c00000, 0x0000000622c00000| Untracked 
| 114|0x0000000623000000, 0x0000000623000000, 0x0000000623400000|  0%| F|  |TAMS 0x0000000623000000, 0x0000000623000000| Untracked 
| 115|0x0000000623400000, 0x0000000623400000, 0x0000000623800000|  0%| F|  |TAMS 0x0000000623400000, 0x0000000623400000| Untracked 
| 116|0x0000000623800000, 0x0000000623800000, 0x0000000623c00000|  0%| F|  |TAMS 0x0000000623800000, 0x0000000623800000| Untracked 
| 117|0x0000000623c00000, 0x0000000623c00000, 0x0000000624000000|  0%| F|  |TAMS 0x0000000623c00000, 0x0000000623c00000| Untracked 
| 118|0x0000000624000000, 0x0000000624000000, 0x0000000624400000|  0%| F|  |TAMS 0x0000000624000000, 0x0000000624000000| Untracked 
| 119|0x0000000624400000, 0x0000000624400000, 0x0000000624800000|  0%| F|  |TAMS 0x0000000624400000, 0x0000000624400000| Untracked 
| 120|0x0000000624800000, 0x0000000624800000, 0x0000000624c00000|  0%| F|  |TAMS 0x0000000624800000, 0x0000000624800000| Untracked 
| 121|0x0000000624c00000, 0x0000000624c00000, 0x0000000625000000|  0%| F|  |TAMS 0x0000000624c00000, 0x0000000624c00000| Untracked 
| 122|0x0000000625000000, 0x0000000625000000, 0x0000000625400000|  0%| F|  |TAMS 0x0000000625000000, 0x0000000625000000| Untracked 
| 123|0x0000000625400000, 0x0000000625800000, 0x0000000625800000|100%| E|  |TAMS 0x0000000625400000, 0x0000000625400000| Complete 
| 124|0x0000000625800000, 0x0000000625c00000, 0x0000000625c00000|100%| E|CS|TAMS 0x0000000625800000, 0x0000000625800000| Complete 
| 125|0x0000000625c00000, 0x0000000626000000, 0x0000000626000000|100%| E|CS|TAMS 0x0000000625c00000, 0x0000000625c00000| Complete 
| 126|0x0000000626000000, 0x0000000626400000, 0x0000000626400000|100%| E|CS|TAMS 0x0000000626000000, 0x0000000626000000| Complete 

Card table byte_map: [0x00000298a8f00000,0x00000298a9ed0000] _byte_map_base: 0x00000298a5ecc000

Marking Bits (Prev, Next): (CMBitMap*) 0x000002989d02e220, (CMBitMap*) 0x000002989d02e260
 Prev Bits: [0x00000298aaea0000, 0x00000298b2d00000)
 Next Bits: [0x00000298b2d00000, 0x00000298bab60000)

Polling page: 0x000002989add0000

Metaspace:

Usage:
  Non-class:     15.78 MB used.
      Class:      2.60 MB used.
       Both:     18.37 MB used.

Virtual space:
  Non-class space:       16.00 MB reserved,      16.00 MB (100%) committed,  2 nodes.
      Class space:        1.00 GB reserved,       2.81 MB ( <1%) committed,  1 nodes.
             Both:        1.02 GB reserved,      18.81 MB (  2%) committed. 

Chunk freelists:
   Non-Class:  0 bytes
       Class:  1.16 MB
        Both:  1.16 MB

MaxMetaspaceSize: unlimited
CompressedClassSpaceSize: 1.00 GB
Initial GC threshold: 21.00 MB
Current GC threshold: 21.00 MB
CDS: on
MetaspaceReclaimPolicy: balanced
 - commit_granule_bytes: 65536.
 - commit_granule_words: 8192.
 - virtual_space_node_default_size: 1048576.
 - enlarge_chunks_in_place: 1.
 - new_chunks_are_fully_committed: 0.
 - uncommit_free_chunks: 1.
 - use_allocation_guard: 0.
 - handle_deallocations: 1.


Internal statistics:

num_allocs_failed_limit: 0.
num_arena_births: 530.
num_arena_deaths: 0.
num_vsnodes_births: 3.
num_vsnodes_deaths: 0.
num_space_committed: 301.
num_space_uncommitted: 0.
num_chunks_returned_to_freelist: 0.
num_chunks_taken_from_freelist: 1187.
num_chunk_merges: 0.
num_chunk_splits: 745.
num_chunks_enlarged: 476.
num_purges: 0.
num_inconsistent_stats: 0.

CodeCache: size=49152Kb used=6190Kb max_used=8373Kb free=42961Kb
 bounds [0x00000298a47a0000, 0x00000298a5030000, 0x00000298a77a0000]
 total_blobs=3867 nmethods=3317 adapters=477
 compilation: enabled
              stopped_count=0, restarted_count=0
 full_count=0

Compilation events (20 events):
Event: 41.868 Thread 0x00000298bd570540 3308       1       java.rmi.dgc.VMID::equals (118 bytes)
Event: 41.868 Thread 0x00000298bd570540 nmethod 3308 0x00000298a4e5cb90 code [0x00000298a4e5cd60, 0x00000298a4e5d0a8]
Event: 44.419 Thread 0x00000298bd570540 3309 %     1       org.agrona.concurrent.AgentRunner::workLoop @ 0 (17 bytes)
Event: 44.419 Thread 0x00000298bd570540 nmethod 3309% 0x00000298a4e5c790 code [0x00000298a4e5c920, 0x00000298a4e5caa8]
Event: 44.855 Thread 0x00000298bd570540 3310       1       org.agrona.concurrent.AgentRunner::workLoop (17 bytes)
Event: 44.855 Thread 0x00000298bd570540 nmethod 3310 0x00000298a4e5c410 code [0x00000298a4e5c5a0, 0x00000298a4e5c6c8]
Event: 44.899 Thread 0x00000298bd570540 3311       1       java.lang.ThreadGroup::getMaxPriority (5 bytes)
Event: 44.899 Thread 0x00000298bd570540 nmethod 3311 0x00000298a4e5c110 code [0x00000298a4e5c2a0, 0x00000298a4e5c378]
Event: 44.902 Thread 0x00000298bd570540 3312       1       java.util.concurrent.locks.ReentrantReadWriteLock$Sync::exclusiveCount (5 bytes)
Event: 44.902 Thread 0x00000298bd570540 nmethod 3312 0x00000298a4e5be10 code [0x00000298a4e5bfa0, 0x00000298a4e5c058]
Event: 45.912 Thread 0x00000298bd570540 3313   !   1       java.io.ObjectOutputStream::writeArray (589 bytes)
Event: 45.912 Thread 0x00000298bd570540 nmethod 3313 0x00000298a4e5a410 code [0x00000298a4e5a780, 0x00000298a4e5b478]
Event: 46.414 Thread 0x00000298bd570540 3314       1       java.lang.Thread::isDaemon (5 bytes)
Event: 46.414 Thread 0x00000298bd570540 nmethod 3314 0x00000298a4e5a110 code [0x00000298a4e5a2a0, 0x00000298a4e5a378]
Event: 46.414 Thread 0x00000298bd570540 3315       1       java.lang.Thread::getPriority (5 bytes)
Event: 46.414 Thread 0x00000298bd570540 nmethod 3315 0x00000298a4e59e10 code [0x00000298a4e59fa0, 0x00000298a4e5a078]
Event: 46.416 Thread 0x00000298bd570540 3316       1       javax.management.ObjectName::setCanonicalName (251 bytes)
Event: 46.417 Thread 0x00000298bd570540 nmethod 3316 0x00000298a4e58a10 code [0x00000298a4e58c60, 0x00000298a4e597f8]
Event: 47.939 Thread 0x00000298bd570540 3317       1       com.sun.jmx.mbeanserver.NamedObject::getObject (5 bytes)
Event: 47.939 Thread 0x00000298bd570540 nmethod 3317 0x00000298a4e58710 code [0x00000298a4e588a0, 0x00000298a4e58978]

GC Heap History (6 events):
Event: 0.534 GC heap before
{Heap before GC invocations=0 (full 0):
 garbage-first heap   total 520192K, used 24576K [0x0000000606800000, 0x0000000800000000)
  region size 4096K, 6 young (24576K), 0 survivors (0K)
 Metaspace       used 7980K, committed 8256K, reserved 1056768K
  class space    used 1035K, committed 1152K, reserved 1048576K
}
Event: 0.538 GC heap after
{Heap after GC invocations=1 (full 0):
 garbage-first heap   total 520192K, used 4772K [0x0000000606800000, 0x0000000800000000)
  region size 4096K, 1 young (4096K), 1 survivors (4096K)
 Metaspace       used 7980K, committed 8256K, reserved 1056768K
  class space    used 1035K, committed 1152K, reserved 1048576K
}
Event: 0.846 GC heap before
{Heap before GC invocations=1 (full 0):
 garbage-first heap   total 520192K, used 25252K [0x0000000606800000, 0x0000000800000000)
  region size 4096K, 6 young (24576K), 1 survivors (4096K)
 Metaspace       used 12484K, committed 12864K, reserved 1064960K
  class space    used 1778K, committed 1984K, reserved 1048576K
}
Event: 0.850 GC heap after
{Heap after GC invocations=2 (full 0):
 garbage-first heap   total 520192K, used 6644K [0x0000000606800000, 0x0000000800000000)
  region size 4096K, 1 young (4096K), 1 survivors (4096K)
 Metaspace       used 12484K, committed 12864K, reserved 1064960K
  class space    used 1778K, committed 1984K, reserved 1048576K
}
Event: 41.356 GC heap before
{Heap before GC invocations=2 (full 0):
 garbage-first heap   total 520192K, used 59892K [0x0000000606800000, 0x0000000800000000)
  region size 4096K, 14 young (57344K), 1 survivors (4096K)
 Metaspace       used 18795K, committed 19200K, reserved 1064960K
  class space    used 2656K, committed 2880K, reserved 1048576K
}
Event: 41.361 GC heap after
{Heap after GC invocations=3 (full 0):
 garbage-first heap   total 520192K, used 9203K [0x0000000606800000, 0x0000000800000000)
  region size 4096K, 2 young (8192K), 2 survivors (8192K)
 Metaspace       used 18795K, committed 19200K, reserved 1064960K
  class space    used 2656K, committed 2880K, reserved 1048576K
}

Deoptimization events (6 events):
Event: 0.460 Thread 0x000002989cfb6fb0 DEOPT PACKING pc=0x00000298a4af7501 sp=0x000000aed58fd830
Event: 0.460 Thread 0x000002989cfb6fb0 DEOPT UNPACKING pc=0x00000298a47f2b43 sp=0x000000aed58fcc88 mode 3
Event: 0.886 Thread 0x000002989cfb6fb0 DEOPT PACKING pc=0x00000298a4d4d2f9 sp=0x000000aed58fd5b0
Event: 0.886 Thread 0x000002989cfb6fb0 DEOPT UNPACKING pc=0x00000298a47f2b43 sp=0x000000aed58fca90 mode 3
Event: 1.073 Thread 0x000002989cfb6fb0 DEOPT PACKING pc=0x00000298a4dd0a55 sp=0x000000aed58fe800
Event: 1.073 Thread 0x000002989cfb6fb0 DEOPT UNPACKING pc=0x00000298a47f2b43 sp=0x000000aed58fdca8 mode 3

Classes unloaded (0 events):
No events

Classes redefined (0 events):
No events

Internal exceptions (20 events):
Event: 0.966 Thread 0x000002989cfb6fb0 Exception <a 'java/lang/IncompatibleClassChangeError'{0x00000006258a8430}: Found class java.lang.Object, but interface was expected> (0x00000006258a8430) 
thrown [t:\workspace\open\src\hotspot\share\interpreter\linkResolver.cpp, line 833]
Event: 1.000 Thread 0x000002989cfb6fb0 Exception <a 'java/lang/IncompatibleClassChangeError'{0x0000000625ba3200}: Found class java.lang.Object, but interface was expected> (0x0000000625ba3200) 
thrown [t:\workspace\open\src\hotspot\share\interpreter\linkResolver.cpp, line 833]
Event: 1.132 Thread 0x000002989cfb6fb0 Exception <a 'java/lang/NoSuchMethodError'{0x00000006253647c0}: 'java.lang.Object java.lang.invoke.DirectMethodHandle$Holder.newInvokeSpecial(java.lang.Object, java.lang.Object, java.lang.Object, java.lang.Object, java.lang.Object, java.lang.Object)'> (0x00000006253647c0) 
thrown [t:\workspace\open\src\hotspot\share\interpreter\linkResolver.cpp, line 766]
Event: 1.139 Thread 0x000002989cfb6fb0 Exception <a 'java/lang/NoClassDefFoundError'{0x00000006253a9250}: org/flywaydb/core/Flyway> (0x00000006253a9250) 
thrown [t:\workspace\open\src\hotspot\share\classfile\systemDictionary.cpp, line 245]
Event: 1.139 Thread 0x000002989cfb6fb0 Exception <a 'java/lang/NoClassDefFoundError'{0x00000006253aa7d8}: liquibase/integration/spring/SpringLiquibase> (0x00000006253aa7d8) 
thrown [t:\workspace\open\src\hotspot\share\classfile\systemDictionary.cpp, line 245]
Event: 1.194 Thread 0x000002989cfb6fb0 Exception <a 'java/lang/NoSuchMethodError'{0x0000000624a9a430}: 'void java.lang.invoke.DirectMethodHandle$Holder.invokeVirtual(java.lang.Object, java.lang.Object, int)'> (0x0000000624a9a430) 
thrown [t:\workspace\open\src\hotspot\share\interpreter\linkResolver.cpp, line 766]
Event: 1.195 Thread 0x000002989cfb6fb0 Exception <a 'java/lang/NoSuchMethodError'{0x0000000624aa6ab8}: 'long java.lang.invoke.DirectMethodHandle$Holder.invokeSpecial(java.lang.Object, java.lang.Object)'> (0x0000000624aa6ab8) 
thrown [t:\workspace\open\src\hotspot\share\interpreter\linkResolver.cpp, line 766]
Event: 1.196 Thread 0x000002989cfb6fb0 Exception <a 'java/lang/NoSuchMethodError'{0x0000000624ac8b68}: 'void java.lang.invoke.DirectMethodHandle$Holder.invokeVirtual(java.lang.Object, java.lang.Object, long)'> (0x0000000624ac8b68) 
thrown [t:\workspace\open\src\hotspot\share\interpreter\linkResolver.cpp, line 766]
Event: 1.224 Thread 0x000002989cfb6fb0 Exception <a 'java/lang/NoSuchMethodError'{0x000000062449cfd0}: 'java.lang.Object java.lang.invoke.Invokers$Holder.invoke_MT(java.lang.Object, java.lang.Object, java.lang.Object, java.lang.Object, java.lang.Object)'> (0x000000062449cfd0) 
thrown [t:\workspace\open\src\hotspot\share\interpreter\linkResolver.cpp, line 766]
Event: 1.225 Thread 0x000002989cfb6fb0 Exception <a 'java/lang/NoSuchMethodError'{0x00000006244b1768}: 'int java.lang.invoke.Invokers$Holder.linkToTargetMethod(java.lang.Object, java.lang.Object, java.lang.Object)'> (0x00000006244b1768) 
thrown [t:\workspace\open\src\hotspot\share\interpreter\linkResolver.cpp, line 766]
Event: 1.247 Thread 0x000002989cfb6fb0 Exception <a 'java/lang/NoSuchMethodError'{0x000000062459d300}: 'java.lang.Object java.lang.invoke.DirectMethodHandle$Holder.invokeSpecial(java.lang.Object, java.lang.Object, int, java.lang.Object, java.lang.Object)'> (0x000000062459d300) 
thrown [t:\workspace\open\src\hotspot\share\interpreter\linkResolver.cpp, line 766]
Event: 1.250 Thread 0x000002989cfb6fb0 Exception <a 'java/lang/NoSuchMethodError'{0x00000006245b8a60}: 'java.lang.Object java.lang.invoke.Invokers$Holder.invoke_MT(java.lang.Object, java.lang.Object, java.lang.Object)'> (0x00000006245b8a60) 
thrown [t:\workspace\open\src\hotspot\share\interpreter\linkResolver.cpp, line 766]
Event: 1.327 Thread 0x00000298bf88d880 Exception <a 'java/lang/reflect/InvocationTargetException'{0x0000000624182568}> (0x0000000624182568) 
thrown [t:\workspace\open\src\hotspot\share\runtime\reflection.cpp, line 1121]
Event: 1.329 Thread 0x00000298bf88d880 Exception <a 'java/lang/NoSuchMethodError'{0x00000006241d0178}: static [Ljava/lang/StackTraceElement;.<clinit>()V> (0x00000006241d0178) 
thrown [t:\workspace\open\src\hotspot\share\prims\jni.cpp, line 1107]
Event: 1.842 Thread 0x00000298bf0f2fc0 Exception <a 'java/lang/reflect/InvocationTargetException'{0x00000006243bd3a0}> (0x00000006243bd3a0) 
thrown [t:\workspace\open\src\hotspot\share\runtime\reflection.cpp, line 1121]
Event: 2.352 Thread 0x00000298bf0f2fc0 Exception <a 'java/lang/reflect/InvocationTargetException'{0x00000006243ca360}> (0x00000006243ca360) 
thrown [t:\workspace\open\src\hotspot\share\runtime\reflection.cpp, line 1121]
Event: 2.863 Thread 0x00000298bf0f2fc0 Exception <a 'java/lang/reflect/InvocationTargetException'{0x00000006243e0b78}> (0x00000006243e0b78) 
thrown [t:\workspace\open\src\hotspot\share\runtime\reflection.cpp, line 1121]
Event: 3.371 Thread 0x00000298bf0f2fc0 Exception <a 'java/lang/reflect/InvocationTargetException'{0x00000006243edb38}> (0x00000006243edb38) 
thrown [t:\workspace\open\src\hotspot\share\runtime\reflection.cpp, line 1121]
Event: 3.878 Thread 0x00000298bf88d880 Exception <a 'java/lang/reflect/InvocationTargetException'{0x00000006241ed7e8}> (0x00000006241ed7e8) 
thrown [t:\workspace\open\src\hotspot\share\runtime\reflection.cpp, line 1121]
Event: 4.385 Thread 0x00000298bf0f2fc0 Exception <a 'java/lang/reflect/InvocationTargetException'{0x0000000623cc2a38}> (0x0000000623cc2a38) 
thrown [t:\workspace\open\src\hotspot\share\runtime\reflection.cpp, line 1121]

VM Operations (20 events):
Event: 17.505 Executing VM operation: Cleanup
Event: 17.505 Executing VM operation: Cleanup done
Event: 18.519 Executing VM operation: Cleanup
Event: 18.519 Executing VM operation: Cleanup done
Event: 20.521 Executing VM operation: Cleanup
Event: 20.521 Executing VM operation: Cleanup done
Event: 22.533 Executing VM operation: Cleanup
Event: 22.533 Executing VM operation: Cleanup done
Event: 26.563 Executing VM operation: Cleanup
Event: 26.563 Executing VM operation: Cleanup done
Event: 27.570 Executing VM operation: Cleanup
Event: 27.570 Executing VM operation: Cleanup done
Event: 29.578 Executing VM operation: Cleanup
Event: 29.579 Executing VM operation: Cleanup done
Event: 31.584 Executing VM operation: Cleanup
Event: 31.584 Executing VM operation: Cleanup done
Event: 40.624 Executing VM operation: Cleanup
Event: 40.624 Executing VM operation: Cleanup done
Event: 41.356 Executing VM operation: G1CollectForAllocation
Event: 41.362 Executing VM operation: G1CollectForAllocation done

Events (20 events):
Event: 47.426 Thread 0x00000298bf88ebc0 Thread exited: 0x00000298bf88ebc0
Event: 47.929 Thread 0x00000298bf88f560 Thread added: 0x00000298bf88f560
Event: 47.932 Thread 0x00000298bf88f560 Thread exited: 0x00000298bf88f560
Event: 48.434 Thread 0x00000298bf88ebc0 Thread added: 0x00000298bf88ebc0
Event: 48.437 Thread 0x00000298bf88ebc0 Thread exited: 0x00000298bf88ebc0
Event: 48.940 Thread 0x00000298bf88ebc0 Thread added: 0x00000298bf88ebc0
Event: 48.943 Thread 0x00000298bf88ebc0 Thread exited: 0x00000298bf88ebc0
Event: 49.066 loading class jdk/internal/misc/Signal$1
Event: 49.066 loading class jdk/internal/misc/Signal$1 done
Event: 49.067 Thread 0x00000298bf88ebc0 Thread added: 0x00000298bf88ebc0
Event: 49.067 Thread 0x00000298bf88f090 Thread added: 0x00000298bf88f090
Event: 49.067 Thread 0x00000298bf88f560 Thread added: 0x00000298bf88f560
Event: 49.067 Thread 0x00000298bf88fa30 Thread added: 0x00000298bf88fa30
Event: 49.067 Thread 0x00000298bf88f090 Thread exited: 0x00000298bf88f090
Event: 49.068 loading class java/util/WeakHashMap$KeyIterator
Event: 49.068 loading class java/util/WeakHashMap$HashIterator
Event: 49.068 loading class java/util/WeakHashMap$HashIterator done
Event: 49.068 loading class java/util/WeakHashMap$KeyIterator done
Event: 49.068 loading class java/util/concurrent/locks/AbstractQueuedSynchronizer$ExclusiveNode
Event: 49.068 loading class java/util/concurrent/locks/AbstractQueuedSynchronizer$ExclusiveNode done


Dynamic libraries:
0x00007ff77d920000 - 0x00007ff77d92e000 	C:\.jdk\jdk-17\bin\java.exe
0x00007ffc41d20000 - 0x00007ffc41f87000 	C:\WINDOWS\SYSTEM32\ntdll.dll
0x00007ffc3fc30000 - 0x00007ffc3fcf9000 	C:\WINDOWS\System32\KERNEL32.DLL
0x00007ffc3f3d0000 - 0x00007ffc3f7c7000 	C:\WINDOWS\System32\KERNELBASE.dll
0x00007ffc3f950000 - 0x00007ffc3fa9b000 	C:\WINDOWS\System32\ucrtbase.dll
0x00007ffc20b00000 - 0x00007ffc20b1a000 	C:\.jdk\jdk-17\bin\VCRUNTIME140.dll
0x00007ffc20620000 - 0x00007ffc20638000 	C:\.jdk\jdk-17\bin\jli.dll
0x00007ffc41610000 - 0x00007ffc417d6000 	C:\WINDOWS\System32\USER32.dll
0x00007ffc3f2e0000 - 0x00007ffc3f307000 	C:\WINDOWS\System32\win32u.dll
0x00007ffc417e0000 - 0x00007ffc4180b000 	C:\WINDOWS\System32\GDI32.dll
0x00007ffc3f1b0000 - 0x00007ffc3f2dc000 	C:\WINDOWS\System32\gdi32full.dll
0x00007ffc1d3e0000 - 0x00007ffc1d672000 	C:\WINDOWS\WinSxS\amd64_microsoft.windows.common-controls_6595b64144ccf1df_6.0.26100.8457_none_3e0b2faee331e92d\COMCTL32.dll
0x00007ffc3f100000 - 0x00007ffc3f1a3000 	C:\WINDOWS\System32\msvcp_win.dll
0x00007ffc41c20000 - 0x00007ffc41cc9000 	C:\WINDOWS\System32\msvcrt.dll
0x00007ffc40fa0000 - 0x00007ffc40fd2000 	C:\WINDOWS\System32\IMM32.DLL
0x00007ffc28340000 - 0x00007ffc2834c000 	C:\.jdk\jdk-17\bin\vcruntime140_1.dll
0x00007ffbcb910000 - 0x00007ffbcb99d000 	C:\.jdk\jdk-17\bin\msvcp140.dll
0x00007ffac4f70000 - 0x00007ffac5b2e000 	C:\.jdk\jdk-17\bin\server\jvm.dll
0x00007ffc40ee0000 - 0x00007ffc40f96000 	C:\WINDOWS\System32\ADVAPI32.dll
0x00007ffc40320000 - 0x00007ffc403c7000 	C:\WINDOWS\System32\sechost.dll
0x00007ffc3fb10000 - 0x00007ffc3fc28000 	C:\WINDOWS\System32\RPCRT4.dll
0x00007ffc411e0000 - 0x00007ffc411e8000 	C:\WINDOWS\System32\PSAPI.DLL
0x00007ffc25ca0000 - 0x00007ffc25cd6000 	C:\WINDOWS\SYSTEM32\WINMM.dll
0x00007ffc28d90000 - 0x00007ffc28d9b000 	C:\WINDOWS\SYSTEM32\VERSION.dll
0x00007ffc1e430000 - 0x00007ffc1e43a000 	C:\WINDOWS\SYSTEM32\WSOCK32.dll
0x00007ffc40e00000 - 0x00007ffc40e80000 	C:\WINDOWS\System32\WS2_32.dll
0x00007ffc3d4a0000 - 0x00007ffc3d4bb000 	C:\WINDOWS\SYSTEM32\kernel.appcore.dll
0x00007ffc28110000 - 0x00007ffc2811a000 	C:\.jdk\jdk-17\bin\jimage.dll
0x00007ffc3c830000 - 0x00007ffc3ca72000 	C:\WINDOWS\SYSTEM32\DBGHELP.DLL
0x00007ffc41280000 - 0x00007ffc41603000 	C:\WINDOWS\System32\combase.dll
0x00007ffc40ca0000 - 0x00007ffc40d79000 	C:\WINDOWS\System32\OLEAUT32.dll
0x00007ffc1ee20000 - 0x00007ffc1ee5b000 	C:\WINDOWS\SYSTEM32\dbgcore.DLL
0x00007ffc3efc0000 - 0x00007ffc3f068000 	C:\WINDOWS\System32\bcryptPrimitives.dll
0x00007ffc371e0000 - 0x00007ffc371ee000 	C:\.jdk\jdk-17\bin\instrument.dll
0x00007ffc25e50000 - 0x00007ffc25e75000 	C:\.jdk\jdk-17\bin\java.dll
0x00007ffbba480000 - 0x00007ffbba556000 	C:\.jdk\jdk-17\bin\svml.dll
0x00007ffc403d0000 - 0x00007ffc40b3e000 	C:\WINDOWS\System32\SHELL32.dll
0x00007ffc3e750000 - 0x00007ffc3efbc000 	C:\WINDOWS\System32\windows.storage.dll
0x00007ffc40ba0000 - 0x00007ffc40c96000 	C:\WINDOWS\System32\SHCORE.dll
0x00007ffc3faa0000 - 0x00007ffc3fb06000 	C:\WINDOWS\System32\shlwapi.dll
0x00007ffc3e670000 - 0x00007ffc3e699000 	C:\WINDOWS\SYSTEM32\profapi.dll
0x00007ffc0a430000 - 0x00007ffc0a448000 	C:\.jdk\jdk-17\bin\zip.dll
0x00007ffc20bb0000 - 0x00007ffc20bc9000 	C:\.jdk\jdk-17\bin\net.dll
0x00007ffc34ad0000 - 0x00007ffc34bf9000 	C:\WINDOWS\SYSTEM32\WINHTTP.dll
0x00007ffc3d9f0000 - 0x00007ffc3da5c000 	C:\WINDOWS\system32\mswsock.dll
0x00007ffc13230000 - 0x00007ffc13245000 	C:\.jdk\jdk-17\bin\nio.dll
0x00007ffc3d020000 - 0x00007ffc3d152000 	C:\WINDOWS\SYSTEM32\DNSAPI.dll
0x00007ffc3cfe0000 - 0x00007ffc3d012000 	C:\WINDOWS\SYSTEM32\IPHLPAPI.DLL
0x00007ffc418d0000 - 0x00007ffc418da000 	C:\WINDOWS\System32\NSI.dll
0x00007ffc34fe0000 - 0x00007ffc34feb000 	C:\Windows\System32\rasadhlp.dll
0x00007ffc35460000 - 0x00007ffc354e6000 	C:\WINDOWS\System32\fwpuclnt.dll
0x00007ffc394c0000 - 0x00007ffc394c9000 	C:\.jdk\jdk-17\bin\management.dll
0x00007ffc37460000 - 0x00007ffc3746b000 	C:\.jdk\jdk-17\bin\management_ext.dll
0x00007ffc3ddf0000 - 0x00007ffc3de0b000 	C:\WINDOWS\SYSTEM32\CRYPTSP.dll
0x00007ffc3d400000 - 0x00007ffc3d439000 	C:\WINDOWS\system32\rsaenh.dll
0x00007ffc3daa0000 - 0x00007ffc3dad3000 	C:\WINDOWS\SYSTEM32\USERENV.dll
0x00007ffc3e640000 - 0x00007ffc3e66a000 	C:\WINDOWS\SYSTEM32\bcrypt.dll
0x00007ffc3dc50000 - 0x00007ffc3dc5c000 	C:\WINDOWS\SYSTEM32\CRYPTBASE.dll
0x00007ffc35090000 - 0x00007ffc350ad000 	C:\WINDOWS\SYSTEM32\dhcpcsvc6.DLL
0x00007ffc34da0000 - 0x00007ffc34dc5000 	C:\WINDOWS\SYSTEM32\dhcpcsvc.DLL
0x00007ffc19760000 - 0x00007ffc19778000 	C:\WINDOWS\system32\napinsp.dll
0x00007ffc18cf0000 - 0x00007ffc18d03000 	C:\WINDOWS\System32\winrnr.dll
0x00007ffc18c30000 - 0x00007ffc18c52000 	C:\WINDOWS\system32\nlansp_c.dll
0x00007ffc2b9c0000 - 0x00007ffc2b9d6000 	C:\WINDOWS\system32\wshbth.dll
0x00007ffbfffa0000 - 0x00007ffbffff6000 	C:\WINDOWS\SYSTEM32\pdh.dll
0x00007ffc25b00000 - 0x00007ffc25b12000 	C:\WINDOWS\System32\perfproc.dll
0x00007ffc280e0000 - 0x00007ffc280ee000 	C:\.jdk\jdk-17\bin\sunmscapi.dll
0x00007ffc3f7d0000 - 0x00007ffc3f948000 	C:\WINDOWS\System32\CRYPT32.dll
0x00007ffc3dfc0000 - 0x00007ffc3dff0000 	C:\WINDOWS\SYSTEM32\ncrypt.dll
0x00007ffc3df70000 - 0x00007ffc3dfaf000 	C:\WINDOWS\SYSTEM32\NTASN1.dll
0x00007ffc082d0000 - 0x00007ffc082d8000 	C:\WINDOWS\system32\wshunix.dll
0x00007ffc279c0000 - 0x00007ffc279d1000 	C:\WINDOWS\System32\perfos.dll
0x00007ffc3cb80000 - 0x00007ffc3cb92000 	C:\WINDOWS\SYSTEM32\pfclient.dll

dbghelp: loaded successfully - version: 4.0.5 - missing functions: none
symbol engine: initialized successfully - sym options: 0x614 - pdb path: .;C:\.jdk\jdk-17\bin;C:\WINDOWS\SYSTEM32;C:\WINDOWS\WinSxS\amd64_microsoft.windows.common-controls_6595b64144ccf1df_6.0.26100.8457_none_3e0b2faee331e92d;C:\.jdk\jdk-17\bin\server

VM Arguments:
jvm_args: --add-exports=java.base/jdk.internal.misc=ALL-UNNAMED --add-opens=java.base/jdk.internal.misc=ALL-UNNAMED --add-opens=java.base/java.nio=ALL-UNNAMED --add-opens=java.base/sun.nio.ch=ALL-UNNAMED -XX:TieredStopAtLevel=1 -Dspring.output.ansi.enabled=always -Dcom.sun.management.jmxremote -Dspring.jmx.enabled=true -Dspring.liveBeansView.mbeanDomain -Dspring.application.admin.enabled=true -Dmanagement.endpoints.jmx.exposure.include=* -javaagent:C:\Program Files\JetBrains\IntelliJ IDEA 2024.3.5\lib\idea_rt.jar=57010 -Dfile.encoding=UTF-8 
java_command: com.resourcebox.AeronServer.AeronServerApplication
java_class_path (initial): C:\hooniegit\Git\ResourceBox\MediaDriver\java\demo\service\AeronServer\target\classes;C:\Users\dhkim\.m2\repository\org\springframework\boot\spring-boot-starter\3.5.15\spring-boot-starter-3.5.15.jar;C:\Users\dhkim\.m2\repository\org\springframework\boot\spring-boot\3.5.15\spring-boot-3.5.15.jar;C:\Users\dhkim\.m2\repository\org\springframework\spring-context\6.2.19\spring-context-6.2.19.jar;C:\Users\dhkim\.m2\repository\org\springframework\spring-aop\6.2.19\spring-aop-6.2.19.jar;C:\Users\dhkim\.m2\repository\org\springframework\spring-beans\6.2.19\spring-beans-6.2.19.jar;C:\Users\dhkim\.m2\repository\org\springframework\spring-expression\6.2.19\spring-expression-6.2.19.jar;C:\Users\dhkim\.m2\repository\io\micrometer\micrometer-observation\1.15.12\micrometer-observation-1.15.12.jar;C:\Users\dhkim\.m2\repository\io\micrometer\micrometer-commons\1.15.12\micrometer-commons-1.15.12.jar;C:\Users\dhkim\.m2\repository\org\springframework\boot\spring-boot-autoconfigure\3.5.15\spring-boot-autoconfigure-3.5.15.jar;C:\Users\dhkim\.m2\repository\org\springframework\boot\spring-boot-starter-logging\3.5.15\spring-boot-starter-logging-3.5.15.jar;C:\Users\dhkim\.m2\repository\ch\qos\logback\logback-classic\1.5.34\logback-classic-1.5.34.jar;C:\Users\dhkim\.m2\repository\ch\qos\logback\logback-core\1.5.34\logback-core-1.5.34.jar;C:\Users\dhkim\.m2\repository\org\apache\logging\log4j\log4j-to-slf4j\2.24.3\log4j-to-slf4j-2.24.3.jar;C:\Users\dhkim\.m2\repository\org\apache\logging\log4j\log4j-api\2.24.3\log4j-api-2.24.3.jar;C:\Users\dhkim\.m2\repository\org\slf4j\jul-to-slf4j\2.0.18\jul-to-slf4j-2.0.18.jar;C:\Users\dhkim\.m2\repository\jakarta\annotation\jakarta.annotation-api\2.1.1\jakarta.annotation-api-2.1.1.jar;C:\Users\dhkim\.m2\repository\org\springframework\spring-core\6.2.19\spring-core-6.2.19.jar;C:\Users\dhkim\.m2\repository\org\springframework\spring-jcl\6.2.19\spring-jcl-6.2.19.jar;C:\Users\dhkim\.m2\repository\org\yaml\snakeyaml\2.4\snakeyaml-2.4
Launcher Type: SUN_STANDARD

[Global flags]
     intx CICompilerCount                          = 12                                        {product} {ergonomic}
     uint ConcGCThreads                            = 4                                         {product} {ergonomic}
     uint G1ConcRefinementThreads                  = 14                                        {product} {ergonomic}
   size_t G1HeapRegionSize                         = 4194304                                   {product} {ergonomic}
    uintx GCDrainStackTargetSize                   = 64                                        {product} {ergonomic}
   size_t InitialHeapSize                          = 532676608                                 {product} {ergonomic}
     bool ManagementServer                         = true                                      {product} {command line}
   size_t MarkStackSize                            = 4194304                                   {product} {ergonomic}
   size_t MaxHeapSize                              = 8480882688                                {product} {ergonomic}
   size_t MaxNewSize                               = 5087690752                                {product} {ergonomic}
   size_t MinHeapDeltaBytes                        = 4194304                                   {product} {ergonomic}
   size_t MinHeapSize                              = 8388608                                   {product} {ergonomic}
    uintx NonProfiledCodeHeapSize                  = 0                                      {pd product} {ergonomic}
     bool ProfileInterpreter                       = false                                  {pd product} {command line}
    uintx ProfiledCodeHeapSize                     = 0                                      {pd product} {ergonomic}
   size_t SoftMaxHeapSize                          = 8480882688                             {manageable} {ergonomic}
     intx TieredStopAtLevel                        = 1                                         {product} {command line}
     bool UseCompressedClassPointers               = true                           {product lp64_product} {ergonomic}
     bool UseCompressedOops                        = true                           {product lp64_product} {ergonomic}
     bool UseG1GC                                  = true                                      {product} {ergonomic}
     bool UseLargePagesIndividualAllocation        = false                                  {pd product} {ergonomic}

Logging:
Log output configuration:
 #0: stdout all=warning uptime,level,tags
 #1: stderr all=off uptime,level,tags

Environment Variables:
JAVA_HOME=C:\.jdk\jdk-17
PATH=c:\Users\dhkim\AppData\Local\Programs\cursor\resources\app\bin;C:\Program Files (x86)\Microsoft\Edge\Application;C:\WINDOWS\system32;C:\WINDOWS;C:\WINDOWS\System32\Wbem;C:\WINDOWS\System32\WindowsPowerShell\v1.0\;C:\WINDOWS\System32\OpenSSH\;C:\Program Files (x86)\Microsoft SQL Server\160\Tools\Binn\;C:\Program Files\Microsoft SQL Server\160\Tools\Binn\;C:\Program Files\Microsoft SQL Server\Client SDK\ODBC\170\Tools\Binn\;C:\Program Files\Microsoft SQL Server\160\DTS\Binn\;C:\Program Files (x86)\Microsoft SQL Server\160\DTS\Binn\;C:\Program Files\Bandizip\;C:\Program Files\dotnet\;C:\Program Files\Git\cmd;C:\.jdk\jdk-17\bin;C:\Program Files\Microsoft SQL Server\150\Tools\Binn\;C:\Program Files (x86)\Windows Kits\10\Windows Performance Toolkit\;C:\Users\dhkim\AppData\Local\Programs\Python\Launcher\;C:\Users\dhkim\AppData\Local\Microsoft\WindowsApps;C:\Users\dhkim\.dotnet\tools;c:\Users\dhkim\AppData\Local\Programs\cursor\resources\app\bin;c:\Users\dhkim\AppData\Local\Programs\cursor\resources\app\bin;C:\Users\dhkim\protoc\bin;C:\Users\dhkim\AppData\Local\Programs\Python\Launcher\;C:\Users\dhkim\AppData\Local\Microsoft\WindowsApps;C:\Users\dhkim\AppData\Local\Programs\Microsoft VS Code\bin;C:\Users\dhkim\.dotnet\tools;C:\Users\dhkim\AppData\Local\Programs\cursor\resources\app\bin;C:\Program Files\JetBrains\IntelliJ IDEA 2024.3.5\bin;;C:\Users\dhkim\AppData\Local\JetBrains\PyCharm 2025.1.1\bin;
USERNAME=dhkim
OS=Windows_NT
PROCESSOR_IDENTIFIER=Intel64 Family 6 Model 170 Stepping 4, GenuineIntel



---------------  S Y S T E M  ---------------

OS:
 Windows 10 , 64 bit Build 26100 (10.0.26100.8328)
OS uptime: 7 days 3:43 hours
Hyper-V role detected

CPU: total 18 (initial active 18) (9 cores per cpu, 2 threads per core) family 6 model 170 stepping 4 microcode 0x1c, cx8, cmov, fxsr, ht, mmx, 3dnowpref, sse, sse2, sse3, ssse3, sse4.1, sse4.2, popcnt, lzcnt, tsc, tscinvbit, avx, avx2, aes, erms, clmul, bmi1, bmi2, adx, sha, fma, vzeroupper, clflush, clflushopt, clwb, hv

Memory: 4k page, system-wide physical 32348M (7167M free)
TotalPageFile size 48732M (AvailPageFile size 8411M)
current process WorkingSet (physical memory assigned to process): 324M, peak: 324M
current process commit charge ("private bytes"): 666M, peak: 667M

vm_info: OpenJDK 64-Bit Server VM (17+35-2724) for windows-amd64 JRE (17+35-2724), built on Aug  5 2021 23:26:02 by "mach5one" with MS VC++ 16.8 (VS2019)

END.
