#
# A fatal error has been detected by the Java Runtime Environment:
#
#  EXCEPTION_ACCESS_VIOLATION (0xc0000005) at pc=0x0000027b2d5364bb, pid=51340, tid=23200
#
# JRE version: OpenJDK Runtime Environment (17.0+35) (build 17+35-2724)
# Java VM: OpenJDK 64-Bit Server VM (17+35-2724, mixed mode, sharing, tiered, compressed oops, compressed class ptrs, g1 gc, windows-amd64)
# Problematic frame:
# J 1526 c2 org.agrona.concurrent.status.UnsafeBufferPosition.setRelease(J)V (13 bytes) @ 0x0000027b2d5364bb [0x0000027b2d536480+0x000000000000003b]
#
# No core dump will be written. Minidumps are not enabled by default on client versions of Windows
#
# If you would like to submit a bug report, please visit:
#   https://bugreport.java.com/bugreport/crash.jsp
#

---------------  S U M M A R Y ------------

Command Line: --add-exports=java.base/jdk.internal.misc=ALL-UNNAMED --add-opens=java.base/jdk.internal.misc=ALL-UNNAMED --add-opens=java.base/java.nio=ALL-UNNAMED --add-opens=java.base/sun.nio.ch=ALL-UNNAMED -javaagent:C:\Program Files\JetBrains\IntelliJ IDEA 2024.3.5\lib\idea_rt.jar=56907 -Dfile.encoding=UTF-8 com.resourcebox.demo.NewValidationApp

Host: Intel(R) Core(TM) Ultra 5 125H, 18 cores, 31G,  Windows 10 , 64 bit Build 26100 (10.0.26100.8328)
Time: Mon Jun 15 20:18:46 2026  Windows 10 , 64 bit Build 26100 (10.0.26100.8328) elapsed time: 33.919388 seconds (0d 0h 0m 33s)

---------------  T H R E A D  ---------------

Current thread (0x0000027b4b93cd10):  JavaThread "driver-conductor" daemon [_thread_in_Java, id=23200, stack(0x000000f990f00000,0x000000f991000000)]

Stack: [0x000000f990f00000,0x000000f991000000],  sp=0x000000f990fff1f0,  free space=1020k
Native frames: (J=compiled Java code, j=interpreted, Vv=VM code, C=native code)
C  0x0000027b2d5364bb


siginfo: EXCEPTION_ACCESS_VIOLATION (0xc0000005), writing address 0x0000027b4e961b00


Register to memory mapping:

RIP=0x0000027b2d5364bb is at entry_point+59 in (nmethod*)0x0000027b2d536310
RAX={method} {0x0000027b4b69e5f0} 'setRelease' '(J)V' in 'org/agrona/concurrent/status/UnsafeBufferPosition'
RBX={method} {0x0000027b4b69e5f0} 'setRelease' '(J)V' in 'org/agrona/concurrent/status/UnsafeBufferPosition'
RCX=0x0000000606884078 is an oop: org.agrona.concurrent.status.UnsafeBufferPosition 
{0x0000000606884078} - klass: 'org/agrona/concurrent/status/UnsafeBufferPosition'
 - ---- fields (total size 5 words):
 - private final 'counterId' 'I' @12  46 (2e)
 - private final 'addressOffset' 'J' @16  2728622693120 (4e961b00 27b)
 - private 'isClosed' 'Z' @24  false
 - private final 'byteArray' '[B' @28  NULL (0)
 - private final 'countersManager' 'Lorg/agrona/concurrent/status/CountersManager;' @32  a 'org/agrona/concurrent/status/CountersManager'{0x00000006068640e8} (c0d0c81d)
 - private final 'byteBuffer' 'Ljava/nio/ByteBuffer;' @36  a 'java/nio/DirectByteBuffer'{0x0000000606808c08} (c0d01181)
RDX=0x0000000606884078 is an oop: org.agrona.concurrent.status.UnsafeBufferPosition 
{0x0000000606884078} - klass: 'org/agrona/concurrent/status/UnsafeBufferPosition'
 - ---- fields (total size 5 words):
 - private final 'counterId' 'I' @12  46 (2e)
 - private final 'addressOffset' 'J' @16  2728622693120 (4e961b00 27b)
 - private 'isClosed' 'Z' @24  false
 - private final 'byteArray' '[B' @28  NULL (0)
 - private final 'countersManager' 'Lorg/agrona/concurrent/status/CountersManager;' @32  a 'org/agrona/concurrent/status/CountersManager'{0x00000006068640e8} (c0d0c81d)
 - private final 'byteBuffer' 'Ljava/nio/ByteBuffer;' @36  a 'java/nio/DirectByteBuffer'{0x0000000606808c08} (c0d01181)
RSP=0x000000f990fff1f0 is pointing into the stack for thread: 0x0000027b4b93cd10
RBP=0x000000f990fff280 is pointing into the stack for thread: 0x0000027b4b93cd10
RSI=0x0000000000000001 is an unknown value
RDI=0x0000000000100300 is an unknown value
R8 =0x0000000cac208a00 is an unknown value
R9 =0x0 is NULL
R10=0x0000027b4e961b00 is an unknown value
R11=0x0 is NULL
R12=0x0 is NULL
R13=0x000000f990fff220 is pointing into the stack for thread: 0x0000027b4b93cd10
R14=0x0 is NULL
R15=0x0000027b4b93cd10 is a thread


Registers:
RAX=0x0000027b4b69e5e8, RBX=0x0000027b4b69e5e8, RCX=0x0000000606884078, RDX=0x0000000606884078
RSP=0x000000f990fff1f0, RBP=0x000000f990fff280, RSI=0x0000000000000001, RDI=0x0000000000100300
R8 =0x0000000cac208a00, R9 =0x0000000000000000, R10=0x0000027b4e961b00, R11=0x0000000000000000
R12=0x0000000000000000, R13=0x000000f990fff220, R14=0x0000000000000000, R15=0x0000027b4b93cd10
RIP=0x0000027b2d5364bb, EFLAGS=0x0000000000010246

Top of Stack: (sp=0x000000f990fff1f0)
0x000000f990fff1f0:   0000027b52c4c7b0 0000027b4b93cd10
0x000000f990fff200:   000000f990fff280 0000027b259294fe
0x000000f990fff210:   000000f990fff280 0000027b259294fe
0x000000f990fff220:   0000000cac208a00 0000000000000000
0x000000f990fff230:   0000000606884078 000000f990fff238
0x000000f990fff240:   0000027b52c4c769 000000f990fff2a0
0x000000f990fff250:   0000027b52c4d988 0000000000000000
0x000000f990fff260:   0000000606979d98 0000027b52c4c7b0
0x000000f990fff270:   000000f990fff220 000000f990fff2a0
0x000000f990fff280:   000000f990fff2f0 0000027b259294fe
0x000000f990fff290:   0000000cac208a00 0000000000000000
0x000000f990fff2a0:   0000000606883e58 000000f990fff2a8
0x000000f990fff2b0:   0000027b52c4fdce 000000f990fff300
0x000000f990fff2c0:   0000027b52c50160 0000000000000000
0x000000f990fff2d0:   000000060697e060 0000027b52c4fde8
0x000000f990fff2e0:   000000f990fff2a0 000000f990fff300 

Instructions: (pc=0x0000027b2d5364bb)
0x0000027b2d5363bb:   2d 7b 02 00 00 00 00 00 00 00 00 00 00 00 00 00
0x0000027b2d5363cb:   00 00 00 00 00 ff ff ff ff 00 00 00 00 00 00 00
0x0000027b2d5363db:   00 00 00 00 00 00 00 00 00 00 00 00 00 80 64 53
0x0000027b2d5363eb:   2d 7b 02 00 00 a0 64 53 2d 7b 02 00 00 80 64 53
0x0000027b2d5363fb:   2d 7b 02 00 00 f0 01 00 00 ff ff ff ff 70 01 00
0x0000027b2d53640b:   00 f0 01 00 00 08 02 00 00 10 02 00 00 00 00 00
0x0000027b2d53641b:   00 18 02 00 00 38 02 00 00 40 02 00 00 40 02 00
0x0000027b2d53642b:   00 40 02 00 00 40 02 00 00 40 02 00 00 40 02 00
0x0000027b2d53643b:   00 00 00 00 00 f6 05 00 00 04 00 00 00 00 00 00
0x0000027b2d53644b:   00 02 00 00 00 00 00 00 00 00 00 00 00 e0 01 00
0x0000027b2d53645b:   00 02 00 00 00 ff ff ff ff ff ff ff ff 14 60 30
0x0000027b2d53646b:   b0 0e f0 0e 80 11 64 1d 00 00 64 0f 64 00 00 00
0x0000027b2d53647b:   00 00 00 00 00 44 8b 52 08 49 bb 00 00 00 00 08
0x0000027b2d53648b:   00 00 00 4d 03 d3 49 3b c2 0f 85 e6 65 43 f8 66
0x0000027b2d53649b:   90 0f 1f 40 00 48 81 ec 18 00 00 00 48 89 6c 24
0x0000027b2d5364ab:   10 4c 8b 52 10 44 8b 4a 1c 4d 8b d9 49 c1 e3 03
0x0000027b2d5364bb:   4f 89 04 13 48 83 c4 10 5d 49 3b a7 40 03 00 00
0x0000027b2d5364cb:   0f 87 01 00 00 00 c3 49 ba c4 64 53 2d 7b 02 00
0x0000027b2d5364db:   00 4d 89 97 58 03 00 00 e9 18 cf 43 f8 f4 f4 f4
0x0000027b2d5364eb:   f4 f4 f4 f4 f4 f4 f4 f4 f4 f4 f4 f4 f4 f4 f4 f4
0x0000027b2d5364fb:   f4 f4 f4 f4 f4 e9 7b e0 4d f8 e8 00 00 00 00 48
0x0000027b2d53650b:   83 2c 24 05 e9 8c c1 43 f8 f4 f4 f4 f4 20 0b 80
0x0000027b2d53651b:   06 06 00 00 00 ff 00 00 00 00 00 00 00 ff ff ff
0x0000027b2d53652b:   ff 00 00 00 00 00 00 00 00 00 00 00 00 99 00 00
0x0000027b2d53653b:   00 00 00 00 00 00 00 00 00 00 00 00 00 00 00 00
0x0000027b2d53654b:   00 00 00 00 00 00 00 00 00 00 00 00 00 00 00 00
0x0000027b2d53655b:   00 00 00 00 00 00 00 00 00 00 00 00 00 00 00 00
0x0000027b2d53656b:   00 00 00 00 00 00 00 00 00 00 00 00 00 00 00 00
0x0000027b2d53657b:   00 00 00 00 00 00 00 00 00 00 00 00 00 00 00 00
0x0000027b2d53658b:   00 00 00 00 00 00 00 00 00 00 00 00 00 00 00 00
0x0000027b2d53659b:   00 00 00 00 00 00 00 00 00 00 00 00 00 00 00 00
0x0000027b2d5365ab:   00 00 00 00 00 00 00 00 00 00 00 00 00 00 00 00 


Stack slot to memory mapping:
stack at sp + 0 slots: {method} {0x0000027b52c4c7b8} 'decRef' '()V' in 'io/aeron/driver/IpcPublication'
stack at sp + 1 slots: 0x0000027b4b93cd10 is a thread
stack at sp + 2 slots: 0x000000f990fff280 is pointing into the stack for thread: 0x0000027b4b93cd10
stack at sp + 3 slots: 0x0000027b259294fe is at code_begin+1118 in an Interpreter codelet
return entry points  [0x0000027b259290a0, 0x0000027b25929ba0]  2816 bytes
stack at sp + 4 slots: 0x000000f990fff280 is pointing into the stack for thread: 0x0000027b4b93cd10
stack at sp + 5 slots: 0x0000027b259294fe is at code_begin+1118 in an Interpreter codelet
return entry points  [0x0000027b259290a0, 0x0000027b25929ba0]  2816 bytes
stack at sp + 6 slots: 0x0000000cac208a00 is an unknown value
stack at sp + 7 slots: 0x0 is NULL

--------------------------------------------------------------------------------
[Constant Pool (empty)]

--------------------------------------------------------------------------------

[MachCode]
  0x0000027b2d536480: 448b 5208 | 49bb 0000 | 0000 0800 | 0000 4d03 | d349 3bc2 | 0f85 e665 | 43f8 6690 | 0f1f 4000 
  0x0000027b2d5364a0: 4881 ec18 | 0000 0048 | 896c 2410 | 4c8b 5210 | 448b 4a1c | 4d8b d949 | c1e3 034f | 8904 1348 
  0x0000027b2d5364c0: 83c4 105d | 493b a740 | 0300 000f | 8701 0000 | 00c3 49ba | c464 532d | 7b02 0000 | 4d89 9758 
  0x0000027b2d5364e0: 0300 00e9 | 18cf 43f8 | f4f4 f4f4 | f4f4 f4f4 | f4f4 f4f4 | f4f4 f4f4 | f4f4 f4f4 | f4f4 f4f4 
  0x0000027b2d536500: e97b e04d | f8e8 0000 | 0000 4883 | 2c24 05e9 | 8cc1 43f8 | f4f4 f4f4 
[/MachCode]
--------------------------------------------------------------------------------


---------------  P R O C E S S  ---------------

Threads class SMR info:
_java_thread_list=0x0000027b4c219e40, length=24, elements={
0x0000027b1e130d80, 0x0000027b4afee620, 0x0000027b4b804c10, 0x0000027b4b81f310,
0x0000027b4b81fcc0, 0x0000027b4b8211e0, 0x0000027b4b82b280, 0x0000027b4b8317a0,
0x0000027b4b838950, 0x0000027b4b857680, 0x0000027b4b93e9f0, 0x0000027b4b93eec0,
0x0000027b4b93bea0, 0x0000027b4b93d6b0, 0x0000027b4b93b500, 0x0000027b4b93e520,
0x0000027b4b93b9d0, 0x0000027b4b93c370, 0x0000027b4b93d1e0, 0x0000027b4b93c840,
0x0000027b4b93cd10, 0x0000027b4b93db80, 0x0000027b4b93e050, 0x0000027b4c20ee20
}

Java Threads: ( => current thread )
  0x0000027b1e130d80 JavaThread "main" [_thread_blocked, id=59296, stack(0x000000f98f100000,0x000000f98f200000)]
  0x0000027b4afee620 JavaThread "Reference Handler" daemon [_thread_blocked, id=6000, stack(0x000000f98f800000,0x000000f98f900000)]
  0x0000027b4b804c10 JavaThread "Finalizer" daemon [_thread_blocked, id=7612, stack(0x000000f98f900000,0x000000f98fa00000)]
  0x0000027b4b81f310 JavaThread "Signal Dispatcher" daemon [_thread_blocked, id=53020, stack(0x000000f98fa00000,0x000000f98fb00000)]
  0x0000027b4b81fcc0 JavaThread "Attach Listener" daemon [_thread_blocked, id=59540, stack(0x000000f98fb00000,0x000000f98fc00000)]
  0x0000027b4b8211e0 JavaThread "Service Thread" daemon [_thread_blocked, id=22664, stack(0x000000f98fc00000,0x000000f98fd00000)]
  0x0000027b4b82b280 JavaThread "Monitor Deflation Thread" daemon [_thread_blocked, id=64456, stack(0x000000f98fd00000,0x000000f98fe00000)]
  0x0000027b4b8317a0 JavaThread "C2 CompilerThread0" daemon [_thread_blocked, id=49088, stack(0x000000f98fe00000,0x000000f98ff00000)]
  0x0000027b4b838950 JavaThread "C1 CompilerThread0" daemon [_thread_blocked, id=33528, stack(0x000000f98ff00000,0x000000f990000000)]
  0x0000027b4b857680 JavaThread "Sweeper thread" daemon [_thread_blocked, id=21380, stack(0x000000f990000000,0x000000f990100000)]
  0x0000027b4b93e9f0 JavaThread "Common-Cleaner" daemon [_thread_blocked, id=31532, stack(0x000000f990100000,0x000000f990200000)]
  0x0000027b4b93eec0 JavaThread "Monitor Ctrl-Break" daemon [_thread_in_native, id=42904, stack(0x000000f990400000,0x000000f990500000)]
  0x0000027b4b93bea0 JavaThread "Notification Thread" daemon [_thread_blocked, id=37216, stack(0x000000f990500000,0x000000f990600000)]
  0x0000027b4b93d6b0 JavaThread "Thread-0" daemon [_thread_blocked, id=53156, stack(0x000000f990700000,0x000000f990800000)]
  0x0000027b4b93b500 JavaThread "async-executor C:\Users\dhkim\AppData\Local\Temp\PARCAeron" daemon [_thread_blocked, id=29380, stack(0x000000f990900000,0x000000f990a00000)]
  0x0000027b4b93e520 JavaThread "RMI TCP Accept-0" daemon [_thread_in_native, id=47928, stack(0x000000f990a00000,0x000000f990b00000)]
  0x0000027b4b93b9d0 JavaThread "RMI TCP Connection(1)-192.168.0.75" daemon [_thread_in_native, id=64112, stack(0x000000f990b00000,0x000000f990c00000)]
  0x0000027b4b93c370 JavaThread "RMI Scheduler(0)" daemon [_thread_blocked, id=28724, stack(0x000000f990c00000,0x000000f990d00000)]
  0x0000027b4b93d1e0 JavaThread "JMX server connection timeout 30" daemon [_thread_blocked, id=43700, stack(0x000000f990d00000,0x000000f990e00000)]
  0x0000027b4b93c840 JavaThread "aeron-client-conductor" [_thread_in_vm, id=56672, stack(0x000000f990e00000,0x000000f990f00000)]
=>0x0000027b4b93cd10 JavaThread "driver-conductor" daemon [_thread_in_Java, id=23200, stack(0x000000f990f00000,0x000000f991000000)]
  0x0000027b4b93db80 JavaThread "sender" daemon [_thread_in_Java, id=33244, stack(0x000000f991000000,0x000000f991100000)]
  0x0000027b4b93e050 JavaThread "receiver" daemon [_thread_in_Java, id=24680, stack(0x000000f991100000,0x000000f991200000)]
  0x0000027b4c20ee20 JavaThread "SIGINT handler" daemon [_thread_blocked, id=52708, stack(0x000000f991400000,0x000000f991500000)]

Other Threads:
  0x0000027b4afeb470 VMThread "VM Thread" [stack: 0x000000f98f700000,0x000000f98f800000] [id=64488]
  0x0000027b4b9fdae0 WatcherThread [stack: 0x000000f990600000,0x000000f990700000] [id=56964]
  0x0000027b1e1a9270 GCTaskThread "GC Thread#0" [stack: 0x000000f98f200000,0x000000f98f300000] [id=24816]
  0x0000027b4c3f2350 GCTaskThread "GC Thread#1" [stack: 0x000000f991b00000,0x000000f991c00000] [id=56528]
  0x0000027b4c2fb8d0 GCTaskThread "GC Thread#2" [stack: 0x000000f991c00000,0x000000f991d00000] [id=56708]
  0x0000027b4c3efa70 GCTaskThread "GC Thread#3" [stack: 0x000000f991d00000,0x000000f991e00000] [id=54324]
  0x0000027b4c38bc90 GCTaskThread "GC Thread#4" [stack: 0x000000f991e00000,0x000000f991f00000] [id=39684]
  0x0000027b7a8d0c40 GCTaskThread "GC Thread#5" [stack: 0x000000f991f00000,0x000000f992000000] [id=55384]
  0x0000027b7a8d0ef0 GCTaskThread "GC Thread#6" [stack: 0x000000f992000000,0x000000f992100000] [id=21516]
  0x0000027b7a2b61a0 GCTaskThread "GC Thread#7" [stack: 0x000000f992100000,0x000000f992200000] [id=38336]
  0x0000027b7a2b6450 GCTaskThread "GC Thread#8" [stack: 0x000000f992200000,0x000000f992300000] [id=36256]
  0x0000027b7a2b6700 GCTaskThread "GC Thread#9" [stack: 0x000000f992300000,0x000000f992400000] [id=39480]
  0x0000027b7a662960 GCTaskThread "GC Thread#10" [stack: 0x000000f992400000,0x000000f992500000] [id=48652]
  0x0000027b7a662c10 GCTaskThread "GC Thread#11" [stack: 0x000000f992500000,0x000000f992600000] [id=1600]
  0x0000027b1e1b9e70 ConcurrentGCThread "G1 Main Marker" [stack: 0x000000f98f300000,0x000000f98f400000] [id=54024]
  0x0000027b1e1ba880 ConcurrentGCThread "G1 Conc#0" [stack: 0x000000f98f400000,0x000000f98f500000] [id=34092]
  0x0000027b1e1fec30 ConcurrentGCThread "G1 Refine#0" [stack: 0x000000f98f500000,0x000000f98f600000] [id=53540]
  0x0000027b4aea5030 ConcurrentGCThread "G1 Service" [stack: 0x000000f98f600000,0x000000f98f700000] [id=37140]

Threads with active compile tasks:

VM state: not at safepoint (normal execution)

VM Mutex/Monitor currently owned by a thread: None

Heap address: 0x0000000606800000, size: 8088 MB, Compressed Oops mode: Zero based, Oop shift amount: 3

CDS archive(s) mapped at: [0x0000000800000000-0x0000000800bc0000-0x0000000800bc0000), size 12320768, SharedBaseAddress: 0x0000000800000000, ArchiveRelocationMode: 0.
Compressed class space mapped at: 0x0000000800c00000-0x0000000840c00000, reserved size: 1073741824
Narrow klass base: 0x0000000800000000, Narrow klass shift: 0, Narrow klass range: 0x100000000

GC Precious Log:
 CPUs: 18 total, 18 available
 Memory: 32348M
 Large Page Support: Disabled
 NUMA Support: Disabled
 Compressed Oops: Enabled (Zero based)
 Heap Region Size: 4M
 Heap Min Capacity: 8M
 Heap Initial Capacity: 508M
 Heap Max Capacity: 8088M
 Pre-touch: Disabled
 Parallel Workers: 14
 Concurrent Workers: 4
 Concurrent Refinement Workers: 14
 Periodic GC: Disabled

Heap:
 garbage-first heap   total 520192K, used 266277K [0x0000000606800000, 0x0000000800000000)
  region size 4096K, 66 young (270336K), 1 survivors (4096K)
 Metaspace       used 9702K, committed 9920K, reserved 1064960K
  class space    used 1015K, committed 1152K, reserved 1048576K

Heap Regions: E=young(eden), S=young(survivor), O=old, HS=humongous(starts), HC=humongous(continues), CS=collection set, F=free, OA=open archive, CA=closed archive, TAMS=top-at-mark-start (previous, next)
|   0|0x0000000606800000, 0x0000000606c00000, 0x0000000606c00000|100%| O|  |TAMS 0x0000000606800000, 0x0000000606800000| Untracked 
|   1|0x0000000606c00000, 0x0000000606c07600, 0x0000000607000000|  0%| O|  |TAMS 0x0000000606c00000, 0x0000000606c00000| Untracked 
|   2|0x0000000607000000, 0x0000000607000000, 0x0000000607400000|  0%| F|  |TAMS 0x0000000607000000, 0x0000000607000000| Untracked 
|   3|0x0000000607400000, 0x0000000607400000, 0x0000000607800000|  0%| F|  |TAMS 0x0000000607400000, 0x0000000607400000| Untracked 
|   4|0x0000000607800000, 0x0000000607800000, 0x0000000607c00000|  0%| F|  |TAMS 0x0000000607800000, 0x0000000607800000| Untracked 
|   5|0x0000000607c00000, 0x0000000607c00000, 0x0000000608000000|  0%| F|  |TAMS 0x0000000607c00000, 0x0000000607c00000| Untracked 
|   6|0x0000000608000000, 0x0000000608000000, 0x0000000608400000|  0%| F|  |TAMS 0x0000000608000000, 0x0000000608000000| Untracked 
|   7|0x0000000608400000, 0x0000000608400000, 0x0000000608800000|  0%| F|  |TAMS 0x0000000608400000, 0x0000000608400000| Untracked 
|   8|0x0000000608800000, 0x0000000608800000, 0x0000000608c00000|  0%| F|  |TAMS 0x0000000608800000, 0x0000000608800000| Untracked 
|   9|0x0000000608c00000, 0x0000000608c00000, 0x0000000609000000|  0%| F|  |TAMS 0x0000000608c00000, 0x0000000608c00000| Untracked 
|  10|0x0000000609000000, 0x0000000609000000, 0x0000000609400000|  0%| F|  |TAMS 0x0000000609000000, 0x0000000609000000| Untracked 
|  11|0x0000000609400000, 0x0000000609400000, 0x0000000609800000|  0%| F|  |TAMS 0x0000000609400000, 0x0000000609400000| Untracked 
|  12|0x0000000609800000, 0x0000000609800000, 0x0000000609c00000|  0%| F|  |TAMS 0x0000000609800000, 0x0000000609800000| Untracked 
|  13|0x0000000609c00000, 0x0000000609c00000, 0x000000060a000000|  0%| F|  |TAMS 0x0000000609c00000, 0x0000000609c00000| Untracked 
|  14|0x000000060a000000, 0x000000060a000000, 0x000000060a400000|  0%| F|  |TAMS 0x000000060a000000, 0x000000060a000000| Untracked 
|  15|0x000000060a400000, 0x000000060a400000, 0x000000060a800000|  0%| F|  |TAMS 0x000000060a400000, 0x000000060a400000| Untracked 
|  16|0x000000060a800000, 0x000000060a800000, 0x000000060ac00000|  0%| F|  |TAMS 0x000000060a800000, 0x000000060a800000| Untracked 
|  17|0x000000060ac00000, 0x000000060ac00000, 0x000000060b000000|  0%| F|  |TAMS 0x000000060ac00000, 0x000000060ac00000| Untracked 
|  18|0x000000060b000000, 0x000000060b000000, 0x000000060b400000|  0%| F|  |TAMS 0x000000060b000000, 0x000000060b000000| Untracked 
|  19|0x000000060b400000, 0x000000060b400000, 0x000000060b800000|  0%| F|  |TAMS 0x000000060b400000, 0x000000060b400000| Untracked 
|  20|0x000000060b800000, 0x000000060b800000, 0x000000060bc00000|  0%| F|  |TAMS 0x000000060b800000, 0x000000060b800000| Untracked 
|  21|0x000000060bc00000, 0x000000060bc00000, 0x000000060c000000|  0%| F|  |TAMS 0x000000060bc00000, 0x000000060bc00000| Untracked 
|  22|0x000000060c000000, 0x000000060c000000, 0x000000060c400000|  0%| F|  |TAMS 0x000000060c000000, 0x000000060c000000| Untracked 
|  23|0x000000060c400000, 0x000000060c400000, 0x000000060c800000|  0%| F|  |TAMS 0x000000060c400000, 0x000000060c400000| Untracked 
|  24|0x000000060c800000, 0x000000060c800000, 0x000000060cc00000|  0%| F|  |TAMS 0x000000060c800000, 0x000000060c800000| Untracked 
|  25|0x000000060cc00000, 0x000000060cc00000, 0x000000060d000000|  0%| F|  |TAMS 0x000000060cc00000, 0x000000060cc00000| Untracked 
|  26|0x000000060d000000, 0x000000060d000000, 0x000000060d400000|  0%| F|  |TAMS 0x000000060d000000, 0x000000060d000000| Untracked 
|  27|0x000000060d400000, 0x000000060d400000, 0x000000060d800000|  0%| F|  |TAMS 0x000000060d400000, 0x000000060d400000| Untracked 
|  28|0x000000060d800000, 0x000000060d800000, 0x000000060dc00000|  0%| F|  |TAMS 0x000000060d800000, 0x000000060d800000| Untracked 
|  29|0x000000060dc00000, 0x000000060dc00000, 0x000000060e000000|  0%| F|  |TAMS 0x000000060dc00000, 0x000000060dc00000| Untracked 
|  30|0x000000060e000000, 0x000000060e000000, 0x000000060e400000|  0%| F|  |TAMS 0x000000060e000000, 0x000000060e000000| Untracked 
|  31|0x000000060e400000, 0x000000060e400000, 0x000000060e800000|  0%| F|  |TAMS 0x000000060e400000, 0x000000060e400000| Untracked 
|  32|0x000000060e800000, 0x000000060e800000, 0x000000060ec00000|  0%| F|  |TAMS 0x000000060e800000, 0x000000060e800000| Untracked 
|  33|0x000000060ec00000, 0x000000060ec00000, 0x000000060f000000|  0%| F|  |TAMS 0x000000060ec00000, 0x000000060ec00000| Untracked 
|  34|0x000000060f000000, 0x000000060f000000, 0x000000060f400000|  0%| F|  |TAMS 0x000000060f000000, 0x000000060f000000| Untracked 
|  35|0x000000060f400000, 0x000000060f400000, 0x000000060f800000|  0%| F|  |TAMS 0x000000060f400000, 0x000000060f400000| Untracked 
|  36|0x000000060f800000, 0x000000060f800000, 0x000000060fc00000|  0%| F|  |TAMS 0x000000060f800000, 0x000000060f800000| Untracked 
|  37|0x000000060fc00000, 0x000000060fc00000, 0x0000000610000000|  0%| F|  |TAMS 0x000000060fc00000, 0x000000060fc00000| Untracked 
|  38|0x0000000610000000, 0x0000000610000000, 0x0000000610400000|  0%| F|  |TAMS 0x0000000610000000, 0x0000000610000000| Untracked 
|  39|0x0000000610400000, 0x0000000610400000, 0x0000000610800000|  0%| F|  |TAMS 0x0000000610400000, 0x0000000610400000| Untracked 
|  40|0x0000000610800000, 0x0000000610800000, 0x0000000610c00000|  0%| F|  |TAMS 0x0000000610800000, 0x0000000610800000| Untracked 
|  41|0x0000000610c00000, 0x0000000610c00000, 0x0000000611000000|  0%| F|  |TAMS 0x0000000610c00000, 0x0000000610c00000| Untracked 
|  42|0x0000000611000000, 0x0000000611000000, 0x0000000611400000|  0%| F|  |TAMS 0x0000000611000000, 0x0000000611000000| Untracked 
|  43|0x0000000611400000, 0x0000000611400000, 0x0000000611800000|  0%| F|  |TAMS 0x0000000611400000, 0x0000000611400000| Untracked 
|  44|0x0000000611800000, 0x0000000611800000, 0x0000000611c00000|  0%| F|  |TAMS 0x0000000611800000, 0x0000000611800000| Untracked 
|  45|0x0000000611c00000, 0x0000000611c00000, 0x0000000612000000|  0%| F|  |TAMS 0x0000000611c00000, 0x0000000611c00000| Untracked 
|  46|0x0000000612000000, 0x0000000612000000, 0x0000000612400000|  0%| F|  |TAMS 0x0000000612000000, 0x0000000612000000| Untracked 
|  47|0x0000000612400000, 0x0000000612400000, 0x0000000612800000|  0%| F|  |TAMS 0x0000000612400000, 0x0000000612400000| Untracked 
|  48|0x0000000612800000, 0x0000000612800000, 0x0000000612c00000|  0%| F|  |TAMS 0x0000000612800000, 0x0000000612800000| Untracked 
|  49|0x0000000612c00000, 0x0000000612c00000, 0x0000000613000000|  0%| F|  |TAMS 0x0000000612c00000, 0x0000000612c00000| Untracked 
|  50|0x0000000613000000, 0x0000000613002040, 0x0000000613400000|  0%| S|CS|TAMS 0x0000000613000000, 0x0000000613000000| Complete 
|  51|0x0000000613400000, 0x0000000613400000, 0x0000000613800000|  0%| F|  |TAMS 0x0000000613400000, 0x0000000613400000| Untracked 
|  52|0x0000000613800000, 0x0000000613800000, 0x0000000613c00000|  0%| F|  |TAMS 0x0000000613800000, 0x0000000613800000| Untracked 
|  53|0x0000000613c00000, 0x0000000613c00000, 0x0000000614000000|  0%| F|  |TAMS 0x0000000613c00000, 0x0000000613c00000| Untracked 
|  54|0x0000000614000000, 0x0000000614000000, 0x0000000614400000|  0%| F|  |TAMS 0x0000000614000000, 0x0000000614000000| Untracked 
|  55|0x0000000614400000, 0x0000000614400000, 0x0000000614800000|  0%| F|  |TAMS 0x0000000614400000, 0x0000000614400000| Untracked 
|  56|0x0000000614800000, 0x0000000614800000, 0x0000000614c00000|  0%| F|  |TAMS 0x0000000614800000, 0x0000000614800000| Untracked 
|  57|0x0000000614c00000, 0x0000000614c00000, 0x0000000615000000|  0%| F|  |TAMS 0x0000000614c00000, 0x0000000614c00000| Untracked 
|  58|0x0000000615000000, 0x0000000615000000, 0x0000000615400000|  0%| F|  |TAMS 0x0000000615000000, 0x0000000615000000| Untracked 
|  59|0x0000000615400000, 0x0000000615400000, 0x0000000615800000|  0%| F|  |TAMS 0x0000000615400000, 0x0000000615400000| Untracked 
|  60|0x0000000615800000, 0x0000000615800000, 0x0000000615c00000|  0%| F|  |TAMS 0x0000000615800000, 0x0000000615800000| Untracked 
|  61|0x0000000615c00000, 0x0000000615c00000, 0x0000000616000000|  0%| F|  |TAMS 0x0000000615c00000, 0x0000000615c00000| Untracked 
|  62|0x0000000616000000, 0x00000006163c40f0, 0x0000000616400000| 94%| E|  |TAMS 0x0000000616000000, 0x0000000616000000| Complete 
|  63|0x0000000616400000, 0x0000000616800000, 0x0000000616800000|100%| E|CS|TAMS 0x0000000616400000, 0x0000000616400000| Complete 
|  64|0x0000000616800000, 0x0000000616c00000, 0x0000000616c00000|100%| E|CS|TAMS 0x0000000616800000, 0x0000000616800000| Complete 
|  65|0x0000000616c00000, 0x0000000617000000, 0x0000000617000000|100%| E|CS|TAMS 0x0000000616c00000, 0x0000000616c00000| Complete 
|  66|0x0000000617000000, 0x0000000617400000, 0x0000000617400000|100%| E|CS|TAMS 0x0000000617000000, 0x0000000617000000| Complete 
|  67|0x0000000617400000, 0x0000000617800000, 0x0000000617800000|100%| E|CS|TAMS 0x0000000617400000, 0x0000000617400000| Complete 
|  68|0x0000000617800000, 0x0000000617c00000, 0x0000000617c00000|100%| E|CS|TAMS 0x0000000617800000, 0x0000000617800000| Complete 
|  69|0x0000000617c00000, 0x0000000618000000, 0x0000000618000000|100%| E|CS|TAMS 0x0000000617c00000, 0x0000000617c00000| Complete 
|  70|0x0000000618000000, 0x0000000618400000, 0x0000000618400000|100%| E|CS|TAMS 0x0000000618000000, 0x0000000618000000| Complete 
|  71|0x0000000618400000, 0x0000000618800000, 0x0000000618800000|100%| E|CS|TAMS 0x0000000618400000, 0x0000000618400000| Complete 
|  72|0x0000000618800000, 0x0000000618c00000, 0x0000000618c00000|100%| E|CS|TAMS 0x0000000618800000, 0x0000000618800000| Complete 
|  73|0x0000000618c00000, 0x0000000619000000, 0x0000000619000000|100%| E|CS|TAMS 0x0000000618c00000, 0x0000000618c00000| Complete 
|  74|0x0000000619000000, 0x0000000619400000, 0x0000000619400000|100%| E|CS|TAMS 0x0000000619000000, 0x0000000619000000| Complete 
|  75|0x0000000619400000, 0x0000000619800000, 0x0000000619800000|100%| E|CS|TAMS 0x0000000619400000, 0x0000000619400000| Complete 
|  76|0x0000000619800000, 0x0000000619c00000, 0x0000000619c00000|100%| E|CS|TAMS 0x0000000619800000, 0x0000000619800000| Complete 
|  77|0x0000000619c00000, 0x000000061a000000, 0x000000061a000000|100%| E|CS|TAMS 0x0000000619c00000, 0x0000000619c00000| Complete 
|  78|0x000000061a000000, 0x000000061a400000, 0x000000061a400000|100%| E|CS|TAMS 0x000000061a000000, 0x000000061a000000| Complete 
|  79|0x000000061a400000, 0x000000061a800000, 0x000000061a800000|100%| E|CS|TAMS 0x000000061a400000, 0x000000061a400000| Complete 
|  80|0x000000061a800000, 0x000000061ac00000, 0x000000061ac00000|100%| E|CS|TAMS 0x000000061a800000, 0x000000061a800000| Complete 
|  81|0x000000061ac00000, 0x000000061b000000, 0x000000061b000000|100%| E|CS|TAMS 0x000000061ac00000, 0x000000061ac00000| Complete 
|  82|0x000000061b000000, 0x000000061b400000, 0x000000061b400000|100%| E|CS|TAMS 0x000000061b000000, 0x000000061b000000| Complete 
|  83|0x000000061b400000, 0x000000061b800000, 0x000000061b800000|100%| E|CS|TAMS 0x000000061b400000, 0x000000061b400000| Complete 
|  84|0x000000061b800000, 0x000000061bc00000, 0x000000061bc00000|100%| E|CS|TAMS 0x000000061b800000, 0x000000061b800000| Complete 
|  85|0x000000061bc00000, 0x000000061c000000, 0x000000061c000000|100%| E|CS|TAMS 0x000000061bc00000, 0x000000061bc00000| Complete 
|  86|0x000000061c000000, 0x000000061c400000, 0x000000061c400000|100%| E|CS|TAMS 0x000000061c000000, 0x000000061c000000| Complete 
|  87|0x000000061c400000, 0x000000061c800000, 0x000000061c800000|100%| E|CS|TAMS 0x000000061c400000, 0x000000061c400000| Complete 
|  88|0x000000061c800000, 0x000000061cc00000, 0x000000061cc00000|100%| E|CS|TAMS 0x000000061c800000, 0x000000061c800000| Complete 
|  89|0x000000061cc00000, 0x000000061d000000, 0x000000061d000000|100%| E|CS|TAMS 0x000000061cc00000, 0x000000061cc00000| Complete 
|  90|0x000000061d000000, 0x000000061d400000, 0x000000061d400000|100%| E|CS|TAMS 0x000000061d000000, 0x000000061d000000| Complete 
|  91|0x000000061d400000, 0x000000061d800000, 0x000000061d800000|100%| E|CS|TAMS 0x000000061d400000, 0x000000061d400000| Complete 
|  92|0x000000061d800000, 0x000000061dc00000, 0x000000061dc00000|100%| E|CS|TAMS 0x000000061d800000, 0x000000061d800000| Complete 
|  93|0x000000061dc00000, 0x000000061e000000, 0x000000061e000000|100%| E|CS|TAMS 0x000000061dc00000, 0x000000061dc00000| Complete 
|  94|0x000000061e000000, 0x000000061e400000, 0x000000061e400000|100%| E|CS|TAMS 0x000000061e000000, 0x000000061e000000| Complete 
|  95|0x000000061e400000, 0x000000061e800000, 0x000000061e800000|100%| E|CS|TAMS 0x000000061e400000, 0x000000061e400000| Complete 
|  96|0x000000061e800000, 0x000000061ec00000, 0x000000061ec00000|100%| E|CS|TAMS 0x000000061e800000, 0x000000061e800000| Complete 
|  97|0x000000061ec00000, 0x000000061f000000, 0x000000061f000000|100%| E|CS|TAMS 0x000000061ec00000, 0x000000061ec00000| Complete 
|  98|0x000000061f000000, 0x000000061f400000, 0x000000061f400000|100%| E|CS|TAMS 0x000000061f000000, 0x000000061f000000| Complete 
|  99|0x000000061f400000, 0x000000061f800000, 0x000000061f800000|100%| E|CS|TAMS 0x000000061f400000, 0x000000061f400000| Complete 
| 100|0x000000061f800000, 0x000000061fc00000, 0x000000061fc00000|100%| E|CS|TAMS 0x000000061f800000, 0x000000061f800000| Complete 
| 101|0x000000061fc00000, 0x0000000620000000, 0x0000000620000000|100%| E|CS|TAMS 0x000000061fc00000, 0x000000061fc00000| Complete 
| 102|0x0000000620000000, 0x0000000620400000, 0x0000000620400000|100%| E|CS|TAMS 0x0000000620000000, 0x0000000620000000| Complete 
| 103|0x0000000620400000, 0x0000000620800000, 0x0000000620800000|100%| E|CS|TAMS 0x0000000620400000, 0x0000000620400000| Complete 
| 104|0x0000000620800000, 0x0000000620c00000, 0x0000000620c00000|100%| E|CS|TAMS 0x0000000620800000, 0x0000000620800000| Complete 
| 105|0x0000000620c00000, 0x0000000621000000, 0x0000000621000000|100%| E|CS|TAMS 0x0000000620c00000, 0x0000000620c00000| Complete 
| 106|0x0000000621000000, 0x0000000621400000, 0x0000000621400000|100%| E|CS|TAMS 0x0000000621000000, 0x0000000621000000| Complete 
| 107|0x0000000621400000, 0x0000000621800000, 0x0000000621800000|100%| E|CS|TAMS 0x0000000621400000, 0x0000000621400000| Complete 
| 108|0x0000000621800000, 0x0000000621c00000, 0x0000000621c00000|100%| E|CS|TAMS 0x0000000621800000, 0x0000000621800000| Complete 
| 109|0x0000000621c00000, 0x0000000622000000, 0x0000000622000000|100%| E|CS|TAMS 0x0000000621c00000, 0x0000000621c00000| Complete 
| 110|0x0000000622000000, 0x0000000622400000, 0x0000000622400000|100%| E|CS|TAMS 0x0000000622000000, 0x0000000622000000| Complete 
| 111|0x0000000622400000, 0x0000000622800000, 0x0000000622800000|100%| E|CS|TAMS 0x0000000622400000, 0x0000000622400000| Complete 
| 112|0x0000000622800000, 0x0000000622c00000, 0x0000000622c00000|100%| E|CS|TAMS 0x0000000622800000, 0x0000000622800000| Complete 
| 113|0x0000000622c00000, 0x0000000623000000, 0x0000000623000000|100%| E|CS|TAMS 0x0000000622c00000, 0x0000000622c00000| Complete 
| 114|0x0000000623000000, 0x0000000623400000, 0x0000000623400000|100%| E|CS|TAMS 0x0000000623000000, 0x0000000623000000| Complete 
| 115|0x0000000623400000, 0x0000000623800000, 0x0000000623800000|100%| E|CS|TAMS 0x0000000623400000, 0x0000000623400000| Complete 
| 116|0x0000000623800000, 0x0000000623c00000, 0x0000000623c00000|100%| E|CS|TAMS 0x0000000623800000, 0x0000000623800000| Complete 
| 117|0x0000000623c00000, 0x0000000624000000, 0x0000000624000000|100%| E|CS|TAMS 0x0000000623c00000, 0x0000000623c00000| Complete 
| 118|0x0000000624000000, 0x0000000624400000, 0x0000000624400000|100%| E|CS|TAMS 0x0000000624000000, 0x0000000624000000| Complete 
| 119|0x0000000624400000, 0x0000000624800000, 0x0000000624800000|100%| E|CS|TAMS 0x0000000624400000, 0x0000000624400000| Complete 
| 120|0x0000000624800000, 0x0000000624c00000, 0x0000000624c00000|100%| E|CS|TAMS 0x0000000624800000, 0x0000000624800000| Complete 
| 121|0x0000000624c00000, 0x0000000625000000, 0x0000000625000000|100%| E|CS|TAMS 0x0000000624c00000, 0x0000000624c00000| Complete 
| 122|0x0000000625000000, 0x0000000625400000, 0x0000000625400000|100%| E|CS|TAMS 0x0000000625000000, 0x0000000625000000| Complete 
| 123|0x0000000625400000, 0x0000000625800000, 0x0000000625800000|100%| E|CS|TAMS 0x0000000625400000, 0x0000000625400000| Complete 
| 124|0x0000000625800000, 0x0000000625c00000, 0x0000000625c00000|100%| E|CS|TAMS 0x0000000625800000, 0x0000000625800000| Complete 
| 125|0x0000000625c00000, 0x0000000626000000, 0x0000000626000000|100%| E|CS|TAMS 0x0000000625c00000, 0x0000000625c00000| Complete 
| 126|0x0000000626000000, 0x0000000626400000, 0x0000000626400000|100%| E|CS|TAMS 0x0000000626000000, 0x0000000626000000| Complete 

Card table byte_map: [0x0000027b362a0000,0x0000027b37270000] _byte_map_base: 0x0000027b3326c000

Marking Bits (Prev, Next): (CMBitMap*) 0x0000027b1e1a9880, (CMBitMap*) 0x0000027b1e1a98c0
 Prev Bits: [0x0000027b38240000, 0x0000027b400a0000)
 Next Bits: [0x0000027b400a0000, 0x0000027b47f00000)

Polling page: 0x0000027b1bda0000

Metaspace:

Usage:
  Non-class:      8.48 MB used.
      Class:   1015.18 KB used.
       Both:      9.47 MB used.

Virtual space:
  Non-class space:       16.00 MB reserved,       8.56 MB ( 54%) committed,  2 nodes.
      Class space:        1.00 GB reserved,       1.12 MB ( <1%) committed,  1 nodes.
             Both:        1.02 GB reserved,       9.69 MB ( <1%) committed. 

Chunk freelists:
   Non-Class:  3.44 MB
       Class:  2.87 MB
        Both:  6.31 MB

MaxMetaspaceSize: unlimited
CompressedClassSpaceSize: 1.00 GB
Initial GC threshold: 21.00 MB
Current GC threshold: 21.00 MB
CDS: on
MetaspaceReclaimPolicy: balanced
 - commit_granule_bytes: 65536.
 - commit_granule_words: 8192.
 - virtual_space_node_default_size: 1048576.
 - enlarge_chunks_in_place: 1.
 - new_chunks_are_fully_committed: 0.
 - uncommit_free_chunks: 1.
 - use_allocation_guard: 0.
 - handle_deallocations: 1.


Internal statistics:

num_allocs_failed_limit: 0.
num_arena_births: 212.
num_arena_deaths: 0.
num_vsnodes_births: 3.
num_vsnodes_deaths: 0.
num_space_committed: 155.
num_space_uncommitted: 0.
num_chunks_returned_to_freelist: 0.
num_chunks_taken_from_freelist: 409.
num_chunk_merges: 0.
num_chunk_splits: 234.
num_chunks_enlarged: 128.
num_purges: 0.
num_inconsistent_stats: 0.

CodeHeap 'non-profiled nmethods': size=119168Kb used=892Kb max_used=892Kb free=118276Kb
 bounds [0x0000027b2d4c0000, 0x0000027b2d730000, 0x0000027b34920000]
CodeHeap 'profiled nmethods': size=119104Kb used=3546Kb max_used=3546Kb free=115557Kb
 bounds [0x0000027b26070000, 0x0000027b263f0000, 0x0000027b2d4c0000]
CodeHeap 'non-nmethods': size=7488Kb used=1225Kb max_used=2977Kb free=6262Kb
 bounds [0x0000027b25920000, 0x0000027b25c10000, 0x0000027b26070000]
 total_blobs=2570 nmethods=2036 adapters=446
 compilation: enabled
              stopped_count=0, restarted_count=0
 full_count=0

Compilation events (20 events):
Event: 32.465 Thread 0x0000027b7ac74cd0 nmethod 2038 0x0000027b263de710 code [0x0000027b263de900, 0x0000027b263dee58]
Event: 32.465 Thread 0x0000027b7ac75c00 2041       3       java.text.DecimalFormatSymbols$$Lambda$59/0x800000061::test (5 bytes)
Event: 32.465 Thread 0x0000027b7ac747c0 2024       3       java.lang.StringLatin1$CharsSpliterator::<init> (36 bytes)
Event: 32.465 Thread 0x0000027b7ac74cd0 2025       3       java.lang.StringLatin1$CharsSpliterator::estimateSize (11 bytes)
Event: 32.465 Thread 0x0000027b4b838950 nmethod 2040 0x0000027b263def90 code [0x0000027b263df180, 0x0000027b263df688]
Event: 32.465 Thread 0x0000027b7ac74cd0 nmethod 2025 0x0000027b263df890 code [0x0000027b263dfa20, 0x0000027b263dfb38]
Event: 32.466 Thread 0x0000027b7ac747c0 nmethod 2024 0x0000027b263dfc10 code [0x0000027b263dfda0, 0x0000027b263dff78]
Event: 32.466 Thread 0x0000027b7ac747c0 2027       3       java.lang.CharacterDataLatin1::getType (11 bytes)
Event: 32.466 Thread 0x0000027b7ac74cd0 2026       3       java.lang.StringLatin1$CharsSpliterator::tryAdvance (60 bytes)
Event: 32.466 Thread 0x0000027b4b838950 2023       3       java.util.regex.Matcher::end (67 bytes)
Event: 32.466 Thread 0x0000027b7ac747c0 nmethod 2027 0x0000027b263e0010 code [0x0000027b263e01c0, 0x0000027b263e0378]
Event: 32.466 Thread 0x0000027b7ac75c00 nmethod 2041 0x0000027b263e0490 code [0x0000027b263e0660, 0x0000027b263e0978]
Event: 32.466 Thread 0x0000027b7ac74cd0 nmethod 2026 0x0000027b263e0a90 code [0x0000027b263e0c60, 0x0000027b263e1038]
Event: 32.466 Thread 0x0000027b4b838950 nmethod 2023 0x0000027b263e1190 code [0x0000027b263e13e0, 0x0000027b263e1c68]
Event: 33.150 Thread 0x0000027b7ac75c00 2042       3       java.io.ObjectOutputStream$BlockDataOutputStream::writeBlockHeader (70 bytes)
Event: 33.150 Thread 0x0000027b7ac75c00 nmethod 2042 0x0000027b263e2010 code [0x0000027b263e21e0, 0x0000027b263e25e8]
Event: 33.464 Thread 0x0000027b4b838950 2043       3       java.util.stream.IntPipeline::filter (22 bytes)
Event: 33.464 Thread 0x0000027b4b838950 nmethod 2043 0x0000027b263e2790 code [0x0000027b263e2980, 0x0000027b263e2eb8]
Event: 33.914 Thread 0x0000027b4b838950 2044       3       java.util.zip.ZipFile::getZipEntry (322 bytes)
Event: 33.915 Thread 0x0000027b4b838950 nmethod 2044 0x0000027b263e3110 code [0x0000027b263e3580, 0x0000027b263e5c38]

GC Heap History (20 events):
Event: 31.815 GC heap before
{Heap before GC invocations=148 (full 0):
 garbage-first heap   total 520192K, used 311326K [0x0000000606800000, 0x0000000800000000)
  region size 4096K, 76 young (311296K), 1 survivors (4096K)
 Metaspace       used 9674K, committed 9920K, reserved 1064960K
  class space    used 1013K, committed 1152K, reserved 1048576K
}
Event: 31.815 GC heap after
{Heap after GC invocations=149 (full 0):
 garbage-first heap   total 520192K, used 4126K [0x0000000606800000, 0x0000000800000000)
  region size 4096K, 1 young (4096K), 1 survivors (4096K)
 Metaspace       used 9674K, committed 9920K, reserved 1064960K
  class space    used 1013K, committed 1152K, reserved 1048576K
}
Event: 32.018 GC heap before
{Heap before GC invocations=149 (full 0):
 garbage-first heap   total 520192K, used 311326K [0x0000000606800000, 0x0000000800000000)
  region size 4096K, 76 young (311296K), 1 survivors (4096K)
 Metaspace       used 9674K, committed 9920K, reserved 1064960K
  class space    used 1013K, committed 1152K, reserved 1048576K
}
Event: 32.018 GC heap after
{Heap after GC invocations=150 (full 0):
 garbage-first heap   total 520192K, used 4135K [0x0000000606800000, 0x0000000800000000)
  region size 4096K, 1 young (4096K), 1 survivors (4096K)
 Metaspace       used 9674K, committed 9920K, reserved 1064960K
  class space    used 1013K, committed 1152K, reserved 1048576K
}
Event: 32.233 GC heap before
{Heap before GC invocations=150 (full 0):
 garbage-first heap   total 520192K, used 311335K [0x0000000606800000, 0x0000000800000000)
  region size 4096K, 76 young (311296K), 1 survivors (4096K)
 Metaspace       used 9675K, committed 9920K, reserved 1064960K
  class space    used 1013K, committed 1152K, reserved 1048576K
}
Event: 32.234 GC heap after
{Heap after GC invocations=151 (full 0):
 garbage-first heap   total 520192K, used 4133K [0x0000000606800000, 0x0000000800000000)
  region size 4096K, 1 young (4096K), 1 survivors (4096K)
 Metaspace       used 9675K, committed 9920K, reserved 1064960K
  class space    used 1013K, committed 1152K, reserved 1048576K
}
Event: 32.449 GC heap before
{Heap before GC invocations=151 (full 0):
 garbage-first heap   total 520192K, used 311333K [0x0000000606800000, 0x0000000800000000)
  region size 4096K, 76 young (311296K), 1 survivors (4096K)
 Metaspace       used 9675K, committed 9920K, reserved 1064960K
  class space    used 1013K, committed 1152K, reserved 1048576K
}
Event: 32.450 GC heap after
{Heap after GC invocations=152 (full 0):
 garbage-first heap   total 520192K, used 4129K [0x0000000606800000, 0x0000000800000000)
  region size 4096K, 1 young (4096K), 1 survivors (4096K)
 Metaspace       used 9675K, committed 9920K, reserved 1064960K
  class space    used 1013K, committed 1152K, reserved 1048576K
}
Event: 32.667 GC heap before
{Heap before GC invocations=152 (full 0):
 garbage-first heap   total 520192K, used 311329K [0x0000000606800000, 0x0000000800000000)
  region size 4096K, 76 young (311296K), 1 survivors (4096K)
 Metaspace       used 9684K, committed 9920K, reserved 1064960K
  class space    used 1013K, committed 1152K, reserved 1048576K
}
Event: 32.668 GC heap after
{Heap after GC invocations=153 (full 0):
 garbage-first heap   total 520192K, used 4129K [0x0000000606800000, 0x0000000800000000)
  region size 4096K, 1 young (4096K), 1 survivors (4096K)
 Metaspace       used 9684K, committed 9920K, reserved 1064960K
  class space    used 1013K, committed 1152K, reserved 1048576K
}
Event: 32.883 GC heap before
{Heap before GC invocations=153 (full 0):
 garbage-first heap   total 520192K, used 311329K [0x0000000606800000, 0x0000000800000000)
  region size 4096K, 76 young (311296K), 1 survivors (4096K)
 Metaspace       used 9684K, committed 9920K, reserved 1064960K
  class space    used 1013K, committed 1152K, reserved 1048576K
}
Event: 32.884 GC heap after
{Heap after GC invocations=154 (full 0):
 garbage-first heap   total 520192K, used 4131K [0x0000000606800000, 0x0000000800000000)
  region size 4096K, 1 young (4096K), 1 survivors (4096K)
 Metaspace       used 9684K, committed 9920K, reserved 1064960K
  class space    used 1013K, committed 1152K, reserved 1048576K
}
Event: 33.094 GC heap before
{Heap before GC invocations=154 (full 0):
 garbage-first heap   total 520192K, used 311331K [0x0000000606800000, 0x0000000800000000)
  region size 4096K, 76 young (311296K), 1 survivors (4096K)
 Metaspace       used 9684K, committed 9920K, reserved 1064960K
  class space    used 1013K, committed 1152K, reserved 1048576K
}
Event: 33.094 GC heap after
{Heap after GC invocations=155 (full 0):
 garbage-first heap   total 520192K, used 4134K [0x0000000606800000, 0x0000000800000000)
  region size 4096K, 1 young (4096K), 1 survivors (4096K)
 Metaspace       used 9684K, committed 9920K, reserved 1064960K
  class space    used 1013K, committed 1152K, reserved 1048576K
}
Event: 33.308 GC heap before
{Heap before GC invocations=155 (full 0):
 garbage-first heap   total 520192K, used 311334K [0x0000000606800000, 0x0000000800000000)
  region size 4096K, 76 young (311296K), 1 survivors (4096K)
 Metaspace       used 9684K, committed 9920K, reserved 1064960K
  class space    used 1013K, committed 1152K, reserved 1048576K
}
Event: 33.309 GC heap after
{Heap after GC invocations=156 (full 0):
 garbage-first heap   total 520192K, used 4133K [0x0000000606800000, 0x0000000800000000)
  region size 4096K, 1 young (4096K), 1 survivors (4096K)
 Metaspace       used 9684K, committed 9920K, reserved 1064960K
  class space    used 1013K, committed 1152K, reserved 1048576K
}
Event: 33.520 GC heap before
{Heap before GC invocations=156 (full 0):
 garbage-first heap   total 520192K, used 311333K [0x0000000606800000, 0x0000000800000000)
  region size 4096K, 76 young (311296K), 1 survivors (4096K)
 Metaspace       used 9684K, committed 9920K, reserved 1064960K
  class space    used 1013K, committed 1152K, reserved 1048576K
}
Event: 33.521 GC heap after
{Heap after GC invocations=157 (full 0):
 garbage-first heap   total 520192K, used 4133K [0x0000000606800000, 0x0000000800000000)
  region size 4096K, 1 young (4096K), 1 survivors (4096K)
 Metaspace       used 9684K, committed 9920K, reserved 1064960K
  class space    used 1013K, committed 1152K, reserved 1048576K
}
Event: 33.740 GC heap before
{Heap before GC invocations=157 (full 0):
 garbage-first heap   total 520192K, used 311333K [0x0000000606800000, 0x0000000800000000)
  region size 4096K, 76 young (311296K), 1 survivors (4096K)
 Metaspace       used 9684K, committed 9920K, reserved 1064960K
  class space    used 1013K, committed 1152K, reserved 1048576K
}
Event: 33.740 GC heap after
{Heap after GC invocations=158 (full 0):
 garbage-first heap   total 520192K, used 4133K [0x0000000606800000, 0x0000000800000000)
  region size 4096K, 1 young (4096K), 1 survivors (4096K)
 Metaspace       used 9684K, committed 9920K, reserved 1064960K
  class space    used 1013K, committed 1152K, reserved 1048576K
}

Deoptimization events (20 events):
Event: 7.000 Thread 0x0000027b1e130d80 Uncommon trap: trap_request=0xffffff45 fr.pc=0x0000027b2d571180 relative=0x00000000000008a0
Event: 7.000 Thread 0x0000027b1e130d80 Uncommon trap: reason=unstable_if action=reinterpret pc=0x0000027b2d571180 method=io.aeron.ConcurrentPublication.offer(Lorg/agrona/DirectBuffer;IILio/aeron/ReservedValueSupplier;)J @ 127 c2
Event: 7.000 Thread 0x0000027b1e130d80 DEOPT PACKING pc=0x0000027b2d571180 sp=0x000000f98f1ff490
Event: 7.000 Thread 0x0000027b1e130d80 DEOPT UNPACKING pc=0x0000027b259723a3 sp=0x000000f98f1ff380 mode 2
Event: 7.000 Thread 0x0000027b1e130d80 Uncommon trap: trap_request=0xffffff45 fr.pc=0x0000027b2d56f4a4 relative=0x00000000000009c4
Event: 7.000 Thread 0x0000027b1e130d80 Uncommon trap: reason=unstable_if action=reinterpret pc=0x0000027b2d56f4a4 method=io.aeron.ConcurrentPublication.offer(Lorg/agrona/DirectBuffer;IILio/aeron/ReservedValueSupplier;)J @ 127 c2
Event: 7.000 Thread 0x0000027b1e130d80 DEOPT PACKING pc=0x0000027b2d56f4a4 sp=0x000000f98f1ff3d0
Event: 7.000 Thread 0x0000027b1e130d80 DEOPT UNPACKING pc=0x0000027b259723a3 sp=0x000000f98f1ff370 mode 2
Event: 7.006 Thread 0x0000027b1e130d80 Uncommon trap: trap_request=0xffffff45 fr.pc=0x0000027b2d53ec9c relative=0x00000000000006dc
Event: 7.006 Thread 0x0000027b1e130d80 Uncommon trap: reason=unstable_if action=reinterpret pc=0x0000027b2d53ec9c method=io.aeron.ConcurrentPublication.appendUnfragmentedMessage(Lorg/agrona/concurrent/UnsafeBuffer;ILorg/agrona/DirectBuffer;IILio/aeron/ReservedValueSupplier;)J @ 80 c2
Event: 7.006 Thread 0x0000027b1e130d80 DEOPT PACKING pc=0x0000027b2d53ec9c sp=0x000000f98f1ff340
Event: 7.006 Thread 0x0000027b1e130d80 DEOPT UNPACKING pc=0x0000027b259723a3 sp=0x000000f98f1ff2b0 mode 2
Event: 33.914 Thread 0x0000027b1e130d80 Uncommon trap: trap_request=0xffffff45 fr.pc=0x0000027b2d585a70 relative=0x0000000000000490
Event: 33.914 Thread 0x0000027b1e130d80 Uncommon trap: reason=unstable_if action=reinterpret pc=0x0000027b2d585a70 method=java.util.concurrent.atomic.AtomicBoolean.get()Z @ 4 c2
Event: 33.914 Thread 0x0000027b1e130d80 DEOPT PACKING pc=0x0000027b2d585a70 sp=0x000000f98f1ff5f0
Event: 33.914 Thread 0x0000027b1e130d80 DEOPT UNPACKING pc=0x0000027b259723a3 sp=0x000000f98f1ff500 mode 2
Event: 33.915 Thread 0x0000027b4b93cd10 Uncommon trap: trap_request=0xffffff45 fr.pc=0x0000027b2d589924 relative=0x0000000000000d44
Event: 33.915 Thread 0x0000027b4b93cd10 Uncommon trap: reason=unstable_if action=reinterpret pc=0x0000027b2d589924 method=org.agrona.concurrent.ringbuffer.ManyToOneRingBuffer.controlledRead(Lorg/agrona/concurrent/ControlledMessageHandler;I)I @ 86 c2
Event: 33.915 Thread 0x0000027b4b93cd10 DEOPT PACKING pc=0x0000027b2d589924 sp=0x000000f990fff590
Event: 33.915 Thread 0x0000027b4b93cd10 DEOPT UNPACKING pc=0x0000027b259723a3 sp=0x000000f990fff430 mode 2

Classes unloaded (0 events):
No events

Classes redefined (0 events):
No events

Internal exceptions (20 events):
Event: 0.126 Thread 0x0000027b1e130d80 Exception <a 'java/lang/NoSuchMethodError'{0x0000000625c9bf88}: 'java.lang.Object java.lang.invoke.DirectMethodHandle$Holder.invokeStaticInit(java.lang.Object, java.lang.Object, long, java.lang.Object)'> (0x0000000625c9bf88) 
thrown [t:\workspace\open\src\hotspot\share\interpreter\linkResolver.cpp, line 766]
Event: 0.127 Thread 0x0000027b1e130d80 Exception <a 'java/lang/NoSuchMethodError'{0x0000000625ca25a8}: 'java.lang.Object java.lang.invoke.DirectMethodHandle$Holder.newInvokeSpecial(java.lang.Object, java.lang.Object, long)'> (0x0000000625ca25a8) 
thrown [t:\workspace\open\src\hotspot\share\interpreter\linkResolver.cpp, line 766]
Event: 0.128 Thread 0x0000027b1e130d80 Exception <a 'java/lang/NoSuchMethodError'{0x0000000625ca65f0}: 'java.lang.Object java.lang.invoke.Invokers$Holder.linkToTargetMethod(java.lang.Object, long, java.lang.Object)'> (0x0000000625ca65f0) 
thrown [t:\workspace\open\src\hotspot\share\interpreter\linkResolver.cpp, line 766]
Event: 0.144 Thread 0x0000027b1e130d80 Exception <a 'java/lang/NoSuchMethodError'{0x0000000625cf1218}: 'void java.lang.invoke.DirectMethodHandle$Holder.invokeStaticInit(java.lang.Object, java.lang.Object)'> (0x0000000625cf1218) 
thrown [t:\workspace\open\src\hotspot\share\interpreter\linkResolver.cpp, line 766]
Event: 0.148 Thread 0x0000027b4b93d6b0 Exception <a 'java/lang/NoSuchMethodError'{0x0000000625d5b580}: 'void java.lang.invoke.DirectMethodHandle$Holder.invokeInterface(java.lang.Object, java.lang.Object)'> (0x0000000625d5b580) 
thrown [t:\workspace\open\src\hotspot\share\interpreter\linkResolver.cpp, line 766]
Event: 0.157 Thread 0x0000027b4b93d6b0 Exception <a 'java/lang/NoSuchMethodError'{0x0000000625eb4460}: 'java.lang.Object java.lang.invoke.Invokers$Holder.invoke_MT(java.lang.Object, java.lang.Object, java.lang.Object, java.lang.Object, java.lang.Object)'> (0x0000000625eb4460) 
thrown [t:\workspace\open\src\hotspot\share\interpreter\linkResolver.cpp, line 766]
Event: 0.157 Thread 0x0000027b4b93d6b0 Exception <a 'java/lang/NoSuchMethodError'{0x0000000625ec9088}: 'int java.lang.invoke.DirectMethodHandle$Holder.invokeSpecial(java.lang.Object, java.lang.Object, java.lang.Object)'> (0x0000000625ec9088) 
thrown [t:\workspace\open\src\hotspot\share\interpreter\linkResolver.cpp, line 766]
Event: 0.158 Thread 0x0000027b4b93d6b0 Exception <a 'java/lang/NoSuchMethodError'{0x0000000625ed0370}: 'int java.lang.invoke.Invokers$Holder.linkToTargetMethod(java.lang.Object, java.lang.Object, java.lang.Object)'> (0x0000000625ed0370) 
thrown [t:\workspace\open\src\hotspot\share\interpreter\linkResolver.cpp, line 766]
Event: 0.165 Thread 0x0000027b4b81fcc0 Exception <a 'java/lang/NoSuchMethodError'{0x0000000625dce0e0}: 'int java.lang.invoke.DirectMethodHandle$Holder.invokeInterface(java.lang.Object, java.lang.Object)'> (0x0000000625dce0e0) 
thrown [t:\workspace\open\src\hotspot\share\interpreter\linkResolver.cpp, line 766]
Event: 0.165 Thread 0x0000027b4b81fcc0 Exception <a 'java/lang/IncompatibleClassChangeError'{0x0000000625dd15c8}: Found class java.lang.Object, but interface was expected> (0x0000000625dd15c8) 
thrown [t:\workspace\open\src\hotspot\share\interpreter\linkResolver.cpp, line 833]
Event: 0.168 Thread 0x0000027b4b93d6b0 Exception <a 'java/lang/NoSuchMethodError'{0x0000000625ef7a58}: 'void java.lang.invoke.DirectMethodHandle$Holder.invokeStatic(java.lang.Object, java.lang.Object, java.lang.Object)'> (0x0000000625ef7a58) 
thrown [t:\workspace\open\src\hotspot\share\interpreter\linkResolver.cpp, line 766]
Event: 0.185 Thread 0x0000027b4b93d6b0 Exception <a 'java/lang/NoSuchMethodError'{0x0000000625f645b0}: 'java.lang.Object java.lang.invoke.DirectMethodHandle$Holder.invokeStaticInit(java.lang.Object, int, int, int, int)'> (0x0000000625f645b0) 
thrown [t:\workspace\open\src\hotspot\share\interpreter\linkResolver.cpp, line 766]
Event: 0.237 Thread 0x0000027b4b93d6b0 Exception <a 'java/lang/NoSuchMethodError'{0x0000000625a56cd0}: 'java.lang.Object java.lang.invoke.DirectMethodHandle$Holder.invokeStaticInit(java.lang.Object, java.lang.Object, int, int, int, int)'> (0x0000000625a56cd0) 
thrown [t:\workspace\open\src\hotspot\share\interpreter\linkResolver.cpp, line 766]
Event: 0.255 Thread 0x0000027b4b81fcc0 Exception <a 'java/lang/ClassNotFoundException'{0x00000006259d4290}: javax/management/remote/rmi/RMIServerImpl_Skel> (0x00000006259d4290) 
thrown [t:\workspace\open\src\hotspot\share\classfile\systemDictionary.cpp, line 256]
Event: 0.260 Thread 0x0000027b4b93d6b0 Exception <a 'java/lang/NoSuchMethodError'{0x0000000625aba9d0}: 'java.lang.Object java.lang.invoke.DirectMethodHandle$Holder.invokeSpecial(java.lang.Object, java.lang.Object, int, java.lang.Object, java.lang.Object)'> (0x0000000625aba9d0) 
thrown [t:\workspace\open\src\hotspot\share\interpreter\linkResolver.cpp, line 766]
Event: 0.264 Thread 0x0000027b4b93d6b0 Exception <a 'java/lang/NoSuchMethodError'{0x0000000625ad6490}: 'java.lang.Object java.lang.invoke.Invokers$Holder.invoke_MT(java.lang.Object, java.lang.Object, java.lang.Object)'> (0x0000000625ad6490) 
thrown [t:\workspace\open\src\hotspot\share\interpreter\linkResolver.cpp, line 766]
Event: 0.288 Thread 0x0000027b4b93d6b0 Exception <a 'java/lang/NoSuchMethodError'{0x0000000625441db8}: 'void java.lang.invoke.DirectMethodHandle$Holder.invokeSpecial(java.lang.Object, java.lang.Object, java.lang.Object)'> (0x0000000625441db8) 
thrown [t:\workspace\open\src\hotspot\share\interpreter\linkResolver.cpp, line 766]
Event: 0.307 Thread 0x0000027b4b93b9d0 Exception <a 'java/lang/NoSuchMethodError'{0x00000006254e1930}: static [B.<clinit>()V> (0x00000006254e1930) 
thrown [t:\workspace\open\src\hotspot\share\prims\jni.cpp, line 1107]
Event: 0.311 Thread 0x0000027b4b93b9d0 Exception <a 'java/lang/ClassNotFoundException'{0x00000006254ea210}: javax/management/remote/rmi/RMIConnectionImpl_Skel> (0x00000006254ea210) 
thrown [t:\workspace\open\src\hotspot\share\classfile\systemDictionary.cpp, line 256]
Event: 0.420 Thread 0x0000027b1e130d80 Exception <a 'java/lang/NoSuchMethodError'{0x00000006250774a8}: 'void java.lang.invoke.DirectMethodHandle$Holder.invokeVirtual(java.lang.Object, java.lang.Object)'> (0x00000006250774a8) 
thrown [t:\workspace\open\src\hotspot\share\interpreter\linkResolver.cpp, line 766]

VM Operations (20 events):
Event: 31.815 Executing VM operation: G1CollectForAllocation
Event: 31.815 Executing VM operation: G1CollectForAllocation done
Event: 32.018 Executing VM operation: G1CollectForAllocation
Event: 32.019 Executing VM operation: G1CollectForAllocation done
Event: 32.233 Executing VM operation: G1CollectForAllocation
Event: 32.234 Executing VM operation: G1CollectForAllocation done
Event: 32.449 Executing VM operation: G1CollectForAllocation
Event: 32.450 Executing VM operation: G1CollectForAllocation done
Event: 32.667 Executing VM operation: G1CollectForAllocation
Event: 32.668 Executing VM operation: G1CollectForAllocation done
Event: 32.883 Executing VM operation: G1CollectForAllocation
Event: 32.884 Executing VM operation: G1CollectForAllocation done
Event: 33.093 Executing VM operation: G1CollectForAllocation
Event: 33.094 Executing VM operation: G1CollectForAllocation done
Event: 33.308 Executing VM operation: G1CollectForAllocation
Event: 33.309 Executing VM operation: G1CollectForAllocation done
Event: 33.520 Executing VM operation: G1CollectForAllocation
Event: 33.521 Executing VM operation: G1CollectForAllocation done
Event: 33.740 Executing VM operation: G1CollectForAllocation
Event: 33.740 Executing VM operation: G1CollectForAllocation done

Events (20 events):
Event: 1.465 loading class sun/util/resources/Bundles$2 done
Event: 1.598 Thread 0x0000027b4c2f47b0 Thread exited: 0x0000027b4c2f47b0
Event: 1.598 Thread 0x0000027b4c3446b0 Thread exited: 0x0000027b4c3446b0
Event: 1.822 Thread 0x0000027b4c2ca180 Thread exited: 0x0000027b4c2ca180
Event: 1.823 Thread 0x0000027b4b98d240 Thread exited: 0x0000027b4b98d240
Event: 4.382 Thread 0x0000027b4b944350 Thread exited: 0x0000027b4b944350
Event: 32.464 Thread 0x0000027b7ac75c00 Thread added: 0x0000027b7ac75c00
Event: 32.464 Thread 0x0000027b7ac747c0 Thread added: 0x0000027b7ac747c0
Event: 32.464 Thread 0x0000027b7ac74cd0 Thread added: 0x0000027b7ac74cd0
Event: 33.150 Thread 0x0000027b7ac74cd0 Thread exited: 0x0000027b7ac74cd0
Event: 33.464 Thread 0x0000027b7ac747c0 Thread exited: 0x0000027b7ac747c0
Event: 33.913 loading class jdk/internal/misc/Signal$1
Event: 33.913 loading class jdk/internal/misc/Signal$1 done
Event: 33.913 Thread 0x0000027b4c20ee20 Thread added: 0x0000027b4c20ee20
Event: 33.914 Thread 0x0000027b4c20d140 Thread added: 0x0000027b4c20d140
Event: 33.914 Thread 0x0000027b4c20cc70 Thread added: 0x0000027b4c20cc70
Event: 33.914 Thread 0x0000027b4c212310 Thread added: 0x0000027b4c212310
Event: 33.914 Thread 0x0000027b4c20d140 Thread exited: 0x0000027b4c20d140
Event: 33.914 Thread 0x0000027b4c20cc70 Thread exited: 0x0000027b4c20cc70
Event: 33.914 Thread 0x0000027b7ac75c00 Thread exited: 0x0000027b7ac75c00


Dynamic libraries:
0x00007ff77d920000 - 0x00007ff77d92e000 	C:\.jdk\jdk-17\bin\java.exe
0x00007ffc41d20000 - 0x00007ffc41f87000 	C:\WINDOWS\SYSTEM32\ntdll.dll
0x00007ffc3fc30000 - 0x00007ffc3fcf9000 	C:\WINDOWS\System32\KERNEL32.DLL
0x00007ffc3f3d0000 - 0x00007ffc3f7c7000 	C:\WINDOWS\System32\KERNELBASE.dll
0x00007ffc3f950000 - 0x00007ffc3fa9b000 	C:\WINDOWS\System32\ucrtbase.dll
0x00007ffc20620000 - 0x00007ffc20638000 	C:\.jdk\jdk-17\bin\jli.dll
0x00007ffc41610000 - 0x00007ffc417d6000 	C:\WINDOWS\System32\USER32.dll
0x00007ffc3f2e0000 - 0x00007ffc3f307000 	C:\WINDOWS\System32\win32u.dll
0x00007ffc417e0000 - 0x00007ffc4180b000 	C:\WINDOWS\System32\GDI32.dll
0x00007ffc3f1b0000 - 0x00007ffc3f2dc000 	C:\WINDOWS\System32\gdi32full.dll
0x00007ffc3f100000 - 0x00007ffc3f1a3000 	C:\WINDOWS\System32\msvcp_win.dll
0x00007ffc20b00000 - 0x00007ffc20b1a000 	C:\.jdk\jdk-17\bin\VCRUNTIME140.dll
0x00007ffc1d3e0000 - 0x00007ffc1d672000 	C:\WINDOWS\WinSxS\amd64_microsoft.windows.common-controls_6595b64144ccf1df_6.0.26100.8457_none_3e0b2faee331e92d\COMCTL32.dll
0x00007ffc41c20000 - 0x00007ffc41cc9000 	C:\WINDOWS\System32\msvcrt.dll
0x00007ffc40fa0000 - 0x00007ffc40fd2000 	C:\WINDOWS\System32\IMM32.DLL
0x00007ffc28340000 - 0x00007ffc2834c000 	C:\.jdk\jdk-17\bin\vcruntime140_1.dll
0x00007ffbcb910000 - 0x00007ffbcb99d000 	C:\.jdk\jdk-17\bin\msvcp140.dll
0x00007ffac4f70000 - 0x00007ffac5b2e000 	C:\.jdk\jdk-17\bin\server\jvm.dll
0x00007ffc40ee0000 - 0x00007ffc40f96000 	C:\WINDOWS\System32\ADVAPI32.dll
0x00007ffc40320000 - 0x00007ffc403c7000 	C:\WINDOWS\System32\sechost.dll
0x00007ffc3fb10000 - 0x00007ffc3fc28000 	C:\WINDOWS\System32\RPCRT4.dll
0x00007ffc411e0000 - 0x00007ffc411e8000 	C:\WINDOWS\System32\PSAPI.DLL
0x00007ffc1e430000 - 0x00007ffc1e43a000 	C:\WINDOWS\SYSTEM32\WSOCK32.dll
0x00007ffc25ca0000 - 0x00007ffc25cd6000 	C:\WINDOWS\SYSTEM32\WINMM.dll
0x00007ffc40e00000 - 0x00007ffc40e80000 	C:\WINDOWS\System32\WS2_32.dll
0x00007ffc28d90000 - 0x00007ffc28d9b000 	C:\WINDOWS\SYSTEM32\VERSION.dll
0x00007ffc3d4a0000 - 0x00007ffc3d4bb000 	C:\WINDOWS\SYSTEM32\kernel.appcore.dll
0x00007ffc28110000 - 0x00007ffc2811a000 	C:\.jdk\jdk-17\bin\jimage.dll
0x00007ffc3c830000 - 0x00007ffc3ca72000 	C:\WINDOWS\SYSTEM32\DBGHELP.DLL
0x00007ffc41280000 - 0x00007ffc41603000 	C:\WINDOWS\System32\combase.dll
0x00007ffc40ca0000 - 0x00007ffc40d79000 	C:\WINDOWS\System32\OLEAUT32.dll
0x00007ffc1ee20000 - 0x00007ffc1ee5b000 	C:\WINDOWS\SYSTEM32\dbgcore.DLL
0x00007ffc3efc0000 - 0x00007ffc3f068000 	C:\WINDOWS\System32\bcryptPrimitives.dll
0x00007ffc394f0000 - 0x00007ffc394fe000 	C:\.jdk\jdk-17\bin\instrument.dll
0x00007ffc25e50000 - 0x00007ffc25e75000 	C:\.jdk\jdk-17\bin\java.dll
0x00007ffbba480000 - 0x00007ffbba556000 	C:\.jdk\jdk-17\bin\svml.dll
0x00007ffc403d0000 - 0x00007ffc40b3e000 	C:\WINDOWS\System32\SHELL32.dll
0x00007ffc3e750000 - 0x00007ffc3efbc000 	C:\WINDOWS\System32\windows.storage.dll
0x00007ffc40ba0000 - 0x00007ffc40c96000 	C:\WINDOWS\System32\SHCORE.dll
0x00007ffc3faa0000 - 0x00007ffc3fb06000 	C:\WINDOWS\System32\shlwapi.dll
0x00007ffc3e670000 - 0x00007ffc3e699000 	C:\WINDOWS\SYSTEM32\profapi.dll
0x00007ffc0a430000 - 0x00007ffc0a448000 	C:\.jdk\jdk-17\bin\zip.dll
0x00007ffc20bb0000 - 0x00007ffc20bc9000 	C:\.jdk\jdk-17\bin\net.dll
0x00007ffc34ad0000 - 0x00007ffc34bf9000 	C:\WINDOWS\SYSTEM32\WINHTTP.dll
0x00007ffc3d9f0000 - 0x00007ffc3da5c000 	C:\WINDOWS\system32\mswsock.dll
0x00007ffc13230000 - 0x00007ffc13245000 	C:\.jdk\jdk-17\bin\nio.dll
0x00007ffc3d020000 - 0x00007ffc3d152000 	C:\WINDOWS\SYSTEM32\DNSAPI.dll
0x00007ffc3cfe0000 - 0x00007ffc3d012000 	C:\WINDOWS\SYSTEM32\IPHLPAPI.DLL
0x00007ffc418d0000 - 0x00007ffc418da000 	C:\WINDOWS\System32\NSI.dll
0x00007ffc34fe0000 - 0x00007ffc34feb000 	C:\Windows\System32\rasadhlp.dll
0x00007ffc35460000 - 0x00007ffc354e6000 	C:\WINDOWS\System32\fwpuclnt.dll
0x00007ffc394c0000 - 0x00007ffc394c9000 	C:\.jdk\jdk-17\bin\management.dll
0x00007ffc37460000 - 0x00007ffc3746b000 	C:\.jdk\jdk-17\bin\management_ext.dll
0x00007ffc3ddf0000 - 0x00007ffc3de0b000 	C:\WINDOWS\SYSTEM32\CRYPTSP.dll
0x00007ffc3d400000 - 0x00007ffc3d439000 	C:\WINDOWS\system32\rsaenh.dll
0x00007ffc3daa0000 - 0x00007ffc3dad3000 	C:\WINDOWS\SYSTEM32\USERENV.dll
0x00007ffc3e640000 - 0x00007ffc3e66a000 	C:\WINDOWS\SYSTEM32\bcrypt.dll
0x00007ffc3dc50000 - 0x00007ffc3dc5c000 	C:\WINDOWS\SYSTEM32\CRYPTBASE.dll
0x00007ffc35090000 - 0x00007ffc350ad000 	C:\WINDOWS\SYSTEM32\dhcpcsvc6.DLL
0x00007ffc34da0000 - 0x00007ffc34dc5000 	C:\WINDOWS\SYSTEM32\dhcpcsvc.DLL
0x00007ffc19760000 - 0x00007ffc19778000 	C:\WINDOWS\system32\napinsp.dll
0x00007ffc18cf0000 - 0x00007ffc18d03000 	C:\WINDOWS\System32\winrnr.dll
0x00007ffc18c30000 - 0x00007ffc18c52000 	C:\WINDOWS\system32\nlansp_c.dll
0x00007ffc2b9c0000 - 0x00007ffc2b9d6000 	C:\WINDOWS\system32\wshbth.dll
0x00007ffbfffa0000 - 0x00007ffbffff6000 	C:\WINDOWS\SYSTEM32\pdh.dll
0x00007ffc280e0000 - 0x00007ffc280ee000 	C:\.jdk\jdk-17\bin\sunmscapi.dll
0x00007ffc3f7d0000 - 0x00007ffc3f948000 	C:\WINDOWS\System32\CRYPT32.dll
0x00007ffc3dfc0000 - 0x00007ffc3dff0000 	C:\WINDOWS\SYSTEM32\ncrypt.dll
0x00007ffc3df70000 - 0x00007ffc3dfaf000 	C:\WINDOWS\SYSTEM32\NTASN1.dll
0x00007ffc082d0000 - 0x00007ffc082d8000 	C:\WINDOWS\system32\wshunix.dll
0x00007ffc285f0000 - 0x00007ffc28602000 	C:\WINDOWS\System32\perfproc.dll
0x00007ffc279c0000 - 0x00007ffc279d1000 	C:\WINDOWS\System32\perfos.dll
0x00007ffc3cb80000 - 0x00007ffc3cb92000 	C:\WINDOWS\SYSTEM32\pfclient.dll

dbghelp: loaded successfully - version: 4.0.5 - missing functions: none
symbol engine: initialized successfully - sym options: 0x614 - pdb path: .;C:\.jdk\jdk-17\bin;C:\WINDOWS\SYSTEM32;C:\WINDOWS\WinSxS\amd64_microsoft.windows.common-controls_6595b64144ccf1df_6.0.26100.8457_none_3e0b2faee331e92d;C:\.jdk\jdk-17\bin\server

VM Arguments:
jvm_args: --add-exports=java.base/jdk.internal.misc=ALL-UNNAMED --add-opens=java.base/jdk.internal.misc=ALL-UNNAMED --add-opens=java.base/java.nio=ALL-UNNAMED --add-opens=java.base/sun.nio.ch=ALL-UNNAMED -javaagent:C:\Program Files\JetBrains\IntelliJ IDEA 2024.3.5\lib\idea_rt.jar=56907 -Dfile.encoding=UTF-8 
java_command: com.resourcebox.demo.NewValidationApp
java_class_path (initial): C:\hooniegit\Git\ResourceBox\MediaDriver\java\MediaDriver\target\classes;C:\Users\dhkim\.m2\repository\io\aeron\aeron-all\1.50.4\aeron-all-1.50.4.jar;C:\Users\dhkim\.m2\repository\org\slf4j\slf4j-api\2.0.17\slf4j-api-2.0.17.jar
Launcher Type: SUN_STANDARD

[Global flags]
     intx CICompilerCount                          = 12                                        {product} {ergonomic}
     uint ConcGCThreads                            = 4                                         {product} {ergonomic}
     uint G1ConcRefinementThreads                  = 14                                        {product} {ergonomic}
   size_t G1HeapRegionSize                         = 4194304                                   {product} {ergonomic}
    uintx GCDrainStackTargetSize                   = 64                                        {product} {ergonomic}
   size_t InitialHeapSize                          = 532676608                                 {product} {ergonomic}
   size_t MarkStackSize                            = 4194304                                   {product} {ergonomic}
   size_t MaxHeapSize                              = 8480882688                                {product} {ergonomic}
   size_t MaxNewSize                               = 5087690752                                {product} {ergonomic}
   size_t MinHeapDeltaBytes                        = 4194304                                   {product} {ergonomic}
   size_t MinHeapSize                              = 8388608                                   {product} {ergonomic}
    uintx NonNMethodCodeHeapSize                   = 7602480                                {pd product} {ergonomic}
    uintx NonProfiledCodeHeapSize                  = 122027880                              {pd product} {ergonomic}
    uintx ProfiledCodeHeapSize                     = 122027880                              {pd product} {ergonomic}
    uintx ReservedCodeCacheSize                    = 251658240                              {pd product} {ergonomic}
     bool SegmentedCodeCache                       = true                                      {product} {ergonomic}
   size_t SoftMaxHeapSize                          = 8480882688                             {manageable} {ergonomic}
     bool UseCompressedClassPointers               = true                           {product lp64_product} {ergonomic}
     bool UseCompressedOops                        = true                           {product lp64_product} {ergonomic}
     bool UseG1GC                                  = true                                      {product} {ergonomic}
     bool UseLargePagesIndividualAllocation        = false                                  {pd product} {ergonomic}

Logging:
Log output configuration:
 #0: stdout all=warning uptime,level,tags
 #1: stderr all=off uptime,level,tags

Environment Variables:
JAVA_HOME=C:\.jdk\jdk-17
PATH=c:\Users\dhkim\AppData\Local\Programs\cursor\resources\app\bin;C:\Program Files (x86)\Microsoft\Edge\Application;C:\WINDOWS\system32;C:\WINDOWS;C:\WINDOWS\System32\Wbem;C:\WINDOWS\System32\WindowsPowerShell\v1.0\;C:\WINDOWS\System32\OpenSSH\;C:\Program Files (x86)\Microsoft SQL Server\160\Tools\Binn\;C:\Program Files\Microsoft SQL Server\160\Tools\Binn\;C:\Program Files\Microsoft SQL Server\Client SDK\ODBC\170\Tools\Binn\;C:\Program Files\Microsoft SQL Server\160\DTS\Binn\;C:\Program Files (x86)\Microsoft SQL Server\160\DTS\Binn\;C:\Program Files\Bandizip\;C:\Program Files\dotnet\;C:\Program Files\Git\cmd;C:\.jdk\jdk-17\bin;C:\Program Files\Microsoft SQL Server\150\Tools\Binn\;C:\Program Files (x86)\Windows Kits\10\Windows Performance Toolkit\;C:\Users\dhkim\AppData\Local\Programs\Python\Launcher\;C:\Users\dhkim\AppData\Local\Microsoft\WindowsApps;C:\Users\dhkim\.dotnet\tools;c:\Users\dhkim\AppData\Local\Programs\cursor\resources\app\bin;c:\Users\dhkim\AppData\Local\Programs\cursor\resources\app\bin;C:\Users\dhkim\protoc\bin;C:\Users\dhkim\AppData\Local\Programs\Python\Launcher\;C:\Users\dhkim\AppData\Local\Microsoft\WindowsApps;C:\Users\dhkim\AppData\Local\Programs\Microsoft VS Code\bin;C:\Users\dhkim\.dotnet\tools;C:\Users\dhkim\AppData\Local\Programs\cursor\resources\app\bin;C:\Program Files\JetBrains\IntelliJ IDEA 2024.3.5\bin;;C:\Users\dhkim\AppData\Local\JetBrains\PyCharm 2025.1.1\bin;
USERNAME=dhkim
OS=Windows_NT
PROCESSOR_IDENTIFIER=Intel64 Family 6 Model 170 Stepping 4, GenuineIntel



---------------  S Y S T E M  ---------------

OS:
 Windows 10 , 64 bit Build 26100 (10.0.26100.8328)
OS uptime: 6 days 11:21 hours
Hyper-V role detected

CPU: total 18 (initial active 18) (9 cores per cpu, 2 threads per core) family 6 model 170 stepping 4 microcode 0x1c, cx8, cmov, fxsr, ht, mmx, 3dnowpref, sse, sse2, sse3, ssse3, sse4.1, sse4.2, popcnt, lzcnt, tsc, tscinvbit, avx, avx2, aes, erms, clmul, bmi1, bmi2, adx, sha, fma, vzeroupper, clflush, clflushopt, clwb, hv

Memory: 4k page, system-wide physical 32348M (9287M free)
TotalPageFile size 48732M (AvailPageFile size 13189M)
current process WorkingSet (physical memory assigned to process): 571M, peak: 971M
current process commit charge ("private bytes"): 648M, peak: 666M

vm_info: OpenJDK 64-Bit Server VM (17+35-2724) for windows-amd64 JRE (17+35-2724), built on Aug  5 2021 23:26:02 by "mach5one" with MS VC++ 16.8 (VS2019)

END.
