#
# A fatal error has been detected by the Java Runtime Environment:
#
#  EXCEPTION_ACCESS_VIOLATION (0xc0000005) at pc=0x000001b2f50c49b9, pid=27664, tid=8992
#
# JRE version: OpenJDK Runtime Environment (17.0+35) (build 17+35-2724)
# Java VM: OpenJDK 64-Bit Server VM (17+35-2724, mixed mode, sharing, tiered, compressed oops, compressed class ptrs, g1 gc, windows-amd64)
# Problematic frame:
# J 1691 c2 io.aeron.driver.DriverConductor.trackTime(J)V (53 bytes) @ 0x000001b2f50c49b9 [0x000001b2f50c4920+0x0000000000000099]
#
# No core dump will be written. Minidumps are not enabled by default on client versions of Windows
#
# If you would like to submit a bug report, please visit:
#   https://bugreport.java.com/bugreport/crash.jsp
#

---------------  S U M M A R Y ------------

Command Line: --add-exports=java.base/jdk.internal.misc=ALL-UNNAMED --add-opens=java.base/jdk.internal.misc=ALL-UNNAMED --add-opens=java.base/java.nio=ALL-UNNAMED --add-opens=java.base/sun.nio.ch=ALL-UNNAMED -javaagent:C:\Program Files\JetBrains\IntelliJ IDEA 2024.3.5\lib\idea_rt.jar=49712 -Dfile.encoding=UTF-8 com.resourcebox.demo.NewValidationApp

Host: Intel(R) Core(TM) Ultra 5 125H, 18 cores, 31G,  Windows 10 , 64 bit Build 26100 (10.0.26100.8328)
Time: Mon Jun 15 20:01:31 2026  Windows 10 , 64 bit Build 26100 (10.0.26100.8328) elapsed time: 96.536591 seconds (0d 0h 1m 36s)

---------------  T H R E A D  ---------------

Current thread (0x000001b292cc6580):  JavaThread "driver-conductor" daemon [_thread_in_Java, id=8992, stack(0x000000a04e000000,0x000000a04e100000)]

Stack: [0x000000a04e000000,0x000000a04e100000],  sp=0x000000a04e0ff350,  free space=1020k
Native frames: (J=compiled Java code, j=interpreted, Vv=VM code, C=native code)
C  0x000001b2f50c49b9


siginfo: EXCEPTION_ACCESS_VIOLATION (0xc0000005), reading address 0x000001b296941100


Register to memory mapping:

RIP=0x000001b2f50c49b9 is at entry_point+153 in (nmethod*)0x000001b2f50c4790
RAX={method} {0x000001b293ac8e38} 'trackTime' '(J)V' in 'io/aeron/driver/DriverConductor'
RBX=0x00000000001f4b54 is an unknown value
RCX=0x00000006068812a0 is an oop: io.aeron.driver.DriverConductor 
{0x00000006068812a0} - klass: 'io/aeron/driver/DriverConductor'
 - ---- fields (total size 25 words):
 - private 'nextSessionId' 'I' @12  1560454790 (5d02a686)
 - private final 'timerIntervalNs' 'J' @16  1000000000 (3b9aca00 0)
 - private final 'clientLivenessTimeoutNs' 'J' @24  10000000000 (540be400 2)
 - private 'timeOfLastToDriverPositionChangeNs' 'J' @32  558356297216000 (74c0f000 1fbd2)
 - private 'lastCommandConsumerPosition' 'J' @40  104 (68 0)
 - private 'timerCheckDeadlineNs' 'J' @48  558357297216000 (b05bba00 1fbd2)
 - private 'clockUpdateDeadlineNs' 'J' @56  558356344742300 (7796219c 1fbd2)
 - private final 'asyncExecutionDisabled' 'Z' @64  false
 - private 'asyncClientCommandInFlight' 'Z' @65  false
 - private final 'ctx' 'Lio/aeron/driver/MediaDriver$Context;' @68  a 'io/aeron/driver/MediaDriver$Context'{0x0000000606805e70} (c0d00bce)
 - private final 'logFactory' 'Lio/aeron/driver/buffer/LogFactory;' @72  a 'io/aeron/driver/buffer/FileStoreLogFactory'{0x0000000606877c80} (c0d0ef90)
 - private final 'receiverProxy' 'Lio/aeron/driver/ReceiverProxy;' @76  a 'io/aeron/driver/ReceiverProxy'{0x0000000606881368} (c0d1026d)
 - private final 'senderProxy' 'Lio/aeron/driver/SenderProxy;' @80  a 'io/aeron/driver/SenderProxy'{0x0000000606881598} (c0d102b3)
 - private final 'clientProxy' 'Lio/aeron/driver/ClientProxy;' @84  a 'io/aeron/driver/ClientProxy'{0x0000000606889980} (c0d11330)
 - private final 'toDriverCommands' 'Lorg/agrona/concurrent/ringbuffer/RingBuffer;' @88  a 'org/agrona/concurrent/ringbuffer/ManyToOneRingBuffer'{0x0000000606889f48} (c0d113e9)
 - private final 'clientCommandAdapter' 'Lio/aeron/driver/ClientCommandAdapter;' @92  a 'io/aeron/driver/ClientCommandAdapter'{0x0000000606889fa0} (c0d113f4)
 - private final 'driverCmdQueue' 'Lorg/agrona/concurrent/ManyToOneConcurrentLinkedQueue;' @96  a 'org/agrona/concurrent/ManyToOneConcurrentLinkedQueue'{0x000000060688d9b8} (c0d11b37)
 - private final 'sendChannelEndpointByChannelMap' 'Lorg/agrona/collections/Object2ObjectHashMap;' @100  a 'org/agrona/collections/Object2ObjectHashMap'{0x000000060688daa8} (c0d11b55)
 - private final 'receiveChannelEndpointByChannelMap' 'Lorg/agrona/collections/Object2ObjectHashMap;' @104  a 'org/agrona/collections/Object2ObjectHashMap'{0x000000060688db28} (c0d11b65)
 - private final 'networkPublications' 'Ljava/util/ArrayList;' @108  a 'java/util/ArrayList'{0x000000060688dba8} (c0d11b75)
 - private final 'ipcPublications' 'Ljava/util/ArrayList;' @112  a 'java/util/ArrayList'{0x000000060688dbc0} (c0d11b78)
 - private final 'publicationImages' 'Ljava/util/ArrayList;' @116  a 'java/util/ArrayList'{0x000000060688e008} (c0d11c01)
 - private final 'publicationLinks' 'Ljava/util/ArrayList;' @120  a 'java/util/ArrayList'{0x000000060688e020} (c0d11c04)
 - private final 'subscriptionLinks' 'Ljava/util/ArrayList;' @124  a 'java/util/ArrayList'{0x000000060688e0e0} (c0d11c1c)
 - private final 'counterLinks' 'Ljava/util/ArrayList;' @128  a 'java/util/ArrayList'{0x0000000606890438} (c0d12087)
 - private final 'clients' 'Ljava/util/ArrayList;' @132  a 'java/util/ArrayList'{0x0000000606890450} (c0d1208a)
 - private final 'endOfLifeResources' 'Ljava/util/ArrayDeque;' @136  a 'java/util/ArrayDeque'{0x00000006068904a0} (c0d12094)
 - private final 'activeSessionSet' 'Lorg/agrona/collections/ObjectHashSet;' @140  a 'org/agrona/collections/ObjectHashSet'{0x0000000606890510} (c0d120a2)
 - private final 'epochClock' 'Lorg/agrona/concurrent/EpochClock;' @144  a 'org/agrona/concurrent/SystemEpochClock'{0x00000006068589b0} (c0d0b136)
 - private final 'nanoClock' 'Lorg/agrona/concurrent/NanoClock;' @148  a 'org/agrona/concurrent/SystemNanoClock'{0x00000006068589c0} (c0d0b138)
 - private final 'cachedEpochClock' 'Lorg/agrona/concurrent/CachedEpochClock;' @152  a 'org/agrona/concurrent/CachedEpochClock'{0x00000006068589d0} (c0d0b13a)
 - private final 'cachedNanoClock' 'Lorg/agrona/concurrent/CachedNanoClock;' @156  a 'org/agrona/concurrent/CachedNanoClock'{0x0000000606858a68} (c0d0b14d)
 - private final 'countersManager' 'Lorg/agrona/concurrent/status/CountersManager;' @160  a 'org/agrona/concurrent/status/CountersManager'{0x000000060685c0e0} (c0d0b81c)
 - private final 'networkPublicationThreadLocals' 'Lio/aeron/driver/NetworkPublicationThreadLocals;' @164  a 'io/aeron/driver/NetworkPublicationThreadLocals'{0x00000006068905b0} (c0d120b6)
 - private final 'tempBuffer' 'Lorg/agrona/MutableDirectBuffer;' @168  a 'org/agrona/concurrent/UnsafeBuffer'{0x000000060685bac8} (c0d0b759)
 - private final 'defaultDataHeader' 'Lio/aeron/protocol/DataHeaderFlyweight;' @172  a 'io/aeron/protocol/DataHeaderFlyweight'{0x0000000606890710} (c0d120e2)
 - private final 'errorCounter' 'Lorg/agrona/concurrent/status/AtomicCounter;' @176  a 'org/agrona/concurrent/status/AtomicCounter'{0x000000060685c0b8} (c0d0b817)
 - private final 'imagesRejected' 'Lorg/agrona/concurrent/status/AtomicCounter;' @180  a 'org/agrona/concurrent/status/AtomicCounter'{0x0000000606875558} (c0d0eaab)
 - private final 'dutyCycleTracker' 'Lio/aeron/driver/DutyCycleTracker;' @184  a 'io/aeron/driver/status/DutyCycleStallTracker'{0x0000000606890778} (c0d120ef)
 - private final 'asyncTaskExecutor' 'Ljava/util/concurrent/Executor;' @188  a 'java/util/concurrent/ThreadPoolExecutor'{0x000000060680a708} (c0d014e1)
 - private 'nameResolver' 'Lio/aeron/driver/TimeTrackingNameResolver;' @192  a 'io/aeron/driver/TimeTrackingNameResolver'{0x0000000606890820} (c0d12104)
RDX=0x00000006068812a0 is an oop: io.aeron.driver.DriverConductor 
{0x00000006068812a0} - klass: 'io/aeron/driver/DriverConductor'
 - ---- fields (total size 25 words):
 - private 'nextSessionId' 'I' @12  1560454790 (5d02a686)
 - private final 'timerIntervalNs' 'J' @16  1000000000 (3b9aca00 0)
 - private final 'clientLivenessTimeoutNs' 'J' @24  10000000000 (540be400 2)
 - private 'timeOfLastToDriverPositionChangeNs' 'J' @32  558356297216000 (74c0f000 1fbd2)
 - private 'lastCommandConsumerPosition' 'J' @40  104 (68 0)
 - private 'timerCheckDeadlineNs' 'J' @48  558357297216000 (b05bba00 1fbd2)
 - private 'clockUpdateDeadlineNs' 'J' @56  558356344742300 (7796219c 1fbd2)
 - private final 'asyncExecutionDisabled' 'Z' @64  false
 - private 'asyncClientCommandInFlight' 'Z' @65  false
 - private final 'ctx' 'Lio/aeron/driver/MediaDriver$Context;' @68  a 'io/aeron/driver/MediaDriver$Context'{0x0000000606805e70} (c0d00bce)
 - private final 'logFactory' 'Lio/aeron/driver/buffer/LogFactory;' @72  a 'io/aeron/driver/buffer/FileStoreLogFactory'{0x0000000606877c80} (c0d0ef90)
 - private final 'receiverProxy' 'Lio/aeron/driver/ReceiverProxy;' @76  a 'io/aeron/driver/ReceiverProxy'{0x0000000606881368} (c0d1026d)
 - private final 'senderProxy' 'Lio/aeron/driver/SenderProxy;' @80  a 'io/aeron/driver/SenderProxy'{0x0000000606881598} (c0d102b3)
 - private final 'clientProxy' 'Lio/aeron/driver/ClientProxy;' @84  a 'io/aeron/driver/ClientProxy'{0x0000000606889980} (c0d11330)
 - private final 'toDriverCommands' 'Lorg/agrona/concurrent/ringbuffer/RingBuffer;' @88  a 'org/agrona/concurrent/ringbuffer/ManyToOneRingBuffer'{0x0000000606889f48} (c0d113e9)
 - private final 'clientCommandAdapter' 'Lio/aeron/driver/ClientCommandAdapter;' @92  a 'io/aeron/driver/ClientCommandAdapter'{0x0000000606889fa0} (c0d113f4)
 - private final 'driverCmdQueue' 'Lorg/agrona/concurrent/ManyToOneConcurrentLinkedQueue;' @96  a 'org/agrona/concurrent/ManyToOneConcurrentLinkedQueue'{0x000000060688d9b8} (c0d11b37)
 - private final 'sendChannelEndpointByChannelMap' 'Lorg/agrona/collections/Object2ObjectHashMap;' @100  a 'org/agrona/collections/Object2ObjectHashMap'{0x000000060688daa8} (c0d11b55)
 - private final 'receiveChannelEndpointByChannelMap' 'Lorg/agrona/collections/Object2ObjectHashMap;' @104  a 'org/agrona/collections/Object2ObjectHashMap'{0x000000060688db28} (c0d11b65)
 - private final 'networkPublications' 'Ljava/util/ArrayList;' @108  a 'java/util/ArrayList'{0x000000060688dba8} (c0d11b75)
 - private final 'ipcPublications' 'Ljava/util/ArrayList;' @112  a 'java/util/ArrayList'{0x000000060688dbc0} (c0d11b78)
 - private final 'publicationImages' 'Ljava/util/ArrayList;' @116  a 'java/util/ArrayList'{0x000000060688e008} (c0d11c01)
 - private final 'publicationLinks' 'Ljava/util/ArrayList;' @120  a 'java/util/ArrayList'{0x000000060688e020} (c0d11c04)
 - private final 'subscriptionLinks' 'Ljava/util/ArrayList;' @124  a 'java/util/ArrayList'{0x000000060688e0e0} (c0d11c1c)
 - private final 'counterLinks' 'Ljava/util/ArrayList;' @128  a 'java/util/ArrayList'{0x0000000606890438} (c0d12087)
 - private final 'clients' 'Ljava/util/ArrayList;' @132  a 'java/util/ArrayList'{0x0000000606890450} (c0d1208a)
 - private final 'endOfLifeResources' 'Ljava/util/ArrayDeque;' @136  a 'java/util/ArrayDeque'{0x00000006068904a0} (c0d12094)
 - private final 'activeSessionSet' 'Lorg/agrona/collections/ObjectHashSet;' @140  a 'org/agrona/collections/ObjectHashSet'{0x0000000606890510} (c0d120a2)
 - private final 'epochClock' 'Lorg/agrona/concurrent/EpochClock;' @144  a 'org/agrona/concurrent/SystemEpochClock'{0x00000006068589b0} (c0d0b136)
 - private final 'nanoClock' 'Lorg/agrona/concurrent/NanoClock;' @148  a 'org/agrona/concurrent/SystemNanoClock'{0x00000006068589c0} (c0d0b138)
 - private final 'cachedEpochClock' 'Lorg/agrona/concurrent/CachedEpochClock;' @152  a 'org/agrona/concurrent/CachedEpochClock'{0x00000006068589d0} (c0d0b13a)
 - private final 'cachedNanoClock' 'Lorg/agrona/concurrent/CachedNanoClock;' @156  a 'org/agrona/concurrent/CachedNanoClock'{0x0000000606858a68} (c0d0b14d)
 - private final 'countersManager' 'Lorg/agrona/concurrent/status/CountersManager;' @160  a 'org/agrona/concurrent/status/CountersManager'{0x000000060685c0e0} (c0d0b81c)
 - private final 'networkPublicationThreadLocals' 'Lio/aeron/driver/NetworkPublicationThreadLocals;' @164  a 'io/aeron/driver/NetworkPublicationThreadLocals'{0x00000006068905b0} (c0d120b6)
 - private final 'tempBuffer' 'Lorg/agrona/MutableDirectBuffer;' @168  a 'org/agrona/concurrent/UnsafeBuffer'{0x000000060685bac8} (c0d0b759)
 - private final 'defaultDataHeader' 'Lio/aeron/protocol/DataHeaderFlyweight;' @172  a 'io/aeron/protocol/DataHeaderFlyweight'{0x0000000606890710} (c0d120e2)
 - private final 'errorCounter' 'Lorg/agrona/concurrent/status/AtomicCounter;' @176  a 'org/agrona/concurrent/status/AtomicCounter'{0x000000060685c0b8} (c0d0b817)
 - private final 'imagesRejected' 'Lorg/agrona/concurrent/status/AtomicCounter;' @180  a 'org/agrona/concurrent/status/AtomicCounter'{0x0000000606875558} (c0d0eaab)
 - private final 'dutyCycleTracker' 'Lio/aeron/driver/DutyCycleTracker;' @184  a 'io/aeron/driver/status/DutyCycleStallTracker'{0x0000000606890778} (c0d120ef)
 - private final 'asyncTaskExecutor' 'Ljava/util/concurrent/Executor;' @188  a 'java/util/concurrent/ThreadPoolExecutor'{0x000000060680a708} (c0d014e1)
 - private 'nameResolver' 'Lio/aeron/driver/TimeTrackingNameResolver;' @192  a 'io/aeron/driver/TimeTrackingNameResolver'{0x0000000606890820} (c0d12104)
RSP=0x000000a04e0ff350 is pointing into the stack for thread: 0x000001b292cc6580
RBP=0x000001b296941100 is an unknown value
RSI=0x0000000000000011 is an unknown value
RDI=0x0000000606890778 is an oop: io.aeron.driver.status.DutyCycleStallTracker 
{0x0000000606890778} - klass: 'io/aeron/driver/status/DutyCycleStallTracker'
 - ---- fields (total size 21 words):
 - 'p000' 'B' @12  0
 - 'p001' 'B' @13  0
 - 'p002' 'B' @14  0
 - 'p003' 'B' @15  0
 - 'p004' 'B' @16  0
 - 'p005' 'B' @17  0
 - 'p006' 'B' @18  0
 - 'p007' 'B' @19  0
 - 'p008' 'B' @20  0
 - 'p009' 'B' @21  0
 - 'p010' 'B' @22  0
 - 'p011' 'B' @23  0
 - 'p012' 'B' @24  0
 - 'p013' 'B' @25  0
 - 'p014' 'B' @26  0
 - 'p015' 'B' @27  0
 - 'p016' 'B' @28  0
 - 'p017' 'B' @29  0
 - 'p018' 'B' @30  0
 - 'p019' 'B' @31  0
 - 'p020' 'B' @32  0
 - 'p021' 'B' @33  0
 - 'p022' 'B' @34  0
 - 'p023' 'B' @35  0
 - 'p024' 'B' @36  0
 - 'p025' 'B' @37  0
 - 'p026' 'B' @38  0
 - 'p027' 'B' @39  0
 - 'p028' 'B' @40  0
 - 'p029' 'B' @41  0
 - 'p030' 'B' @42  0
 - 'p031' 'B' @43  0
 - 'p032' 'B' @44  0
 - 'p033' 'B' @45  0
 - 'p034' 'B' @46  0
 - 'p035' 'B' @47  0
 - 'p036' 'B' @48  0
 - 'p037' 'B' @49  0
 - 'p038' 'B' @50  0
 - 'p039' 'B' @51  0
 - 'p040' 'B' @52  0
 - 'p041' 'B' @53  0
 - 'p042' 'B' @54  0
 - 'p043' 'B' @55  0
 - 'p044' 'B' @56  0
 - 'p045' 'B' @57  0
 - 'p046' 'B' @58  0
 - 'p047' 'B' @59  0
 - 'p048' 'B' @60  0
 - 'p049' 'B' @61  0
 - 'p050' 'B' @62  0
 - 'p051' 'B' @63  0
 - 'p052' 'B' @64  0
 - 'p053' 'B' @65  0
 - 'p054' 'B' @66  0
 - 'p055' 'B' @67  0
 - 'p056' 'B' @68  0
 - 'p057' 'B' @69  0
 - 'p058' 'B' @70  0
 - 'p059' 'B' @71  0
 - 'p060' 'B' @72  0
 - 'p061' 'B' @73  0
 - 'p062' 'B' @74  0
 - 'p063' 'B' @75  0
 - 'timeOfLastUpdateNs' 'J' @80  558356346783300 (77b54644 1fbd2)
 - 'p064' 'B' @76  0
 - 'p065' 'B' @77  0
 - 'p066' 'B' @78  0
 - 'p067' 'B' @79  0
 - 'p068' 'B' @88  0
 - 'p069' 'B' @89  0
 - 'p070' 'B' @90  0
 - 'p071' 'B' @91  0
 - 'p072' 'B' @92  0
 - 'p073' 'B' @93  0
 - 'p074' 'B' @94  0
 - 'p075' 'B' @95  0
 - 'p076' 'B' @96  0
 - 'p077' 'B' @97  0
 - 'p078' 'B' @98  0
 - 'p079' 'B' @99  0
 - 'p080' 'B' @100  0
 - 'p081' 'B' @101  0
 - 'p082' 'B' @102  0
 - 'p083' 'B' @103  0
 - 'p084' 'B' @104  0
 - 'p085' 'B' @105  0
 - 'p086' 'B' @106  0
 - 'p087' 'B' @107  0
 - 'p088' 'B' @108  0
 - 'p089' 'B' @109  0
 - 'p090' 'B' @110  0
 - 'p091' 'B' @111  0
 - 'p092' 'B' @112  0
 - 'p093' 'B' @113  0
 - 'p094' 'B' @114  0
 - 'p095' 'B' @115  0
 - 'p096' 'B' @116  0
 - 'p097' 'B' @117  0
 - 'p098' 'B' @118  0
 - 'p099' 'B' @119  0
 - 'p100' 'B' @120  0
 - 'p101' 'B' @121  0
 - 'p102' 'B' @122  0
 - 'p103' 'B' @123  0
 - 'p104' 'B' @124  0
 - 'p105' 'B' @125  0
 - 'p106' 'B' @126  0
 - 'p107' 'B' @127  0
 - 'p108' 'B' @128  0
 - 'p109' 'B' @129  0
 - 'p110' 'B' @130  0
 - 'p111' 'B' @131  0
 - 'p112' 'B' @132  0
 - 'p113' 'B' @133  0
 - 'p114' 'B' @134  0
 - 'p115' 'B' @135  0
 - 'p116' 'B' @136  0
 - 'p117' 'B' @137  0
 - 'p118' 'B' @138  0
 - 'p119' 'B' @139  0
 - 'p120' 'B' @140  0
 - 'p121' 'B' @141  0
 - 'p122' 'B' @142  0
 - 'p123' 'B' @143  0
 - 'p124' 'B' @144  0
 - 'p125' 'B' @145  0
 - 'p126' 'B' @146  0
 - 'p127' 'B' @147  0
 - private final 'maxCycleTime' 'Lorg/agrona/concurrent/status/AtomicCounter;' @148  a 'org/agrona/concurrent/status/AtomicCounter'{0x0000000606877830} (c0d0ef06)
 - private final 'cycleTimeThresholdNs' 'J' @152  100000000 (5f5e100 0)
 - private final 'cycleTimeThresholdExceededCount' 'Lorg/agrona/concurrent/status/AtomicCounter;' @160  a 'org/agrona/concurrent/status/AtomicCounter'{0x0000000606877808} (c0d0ef01)
R8 =0x0001fbd277b54644 is an unknown value
R9 =0x00000006068812a0 is an oop: io.aeron.driver.DriverConductor 
{0x00000006068812a0} - klass: 'io/aeron/driver/DriverConductor'
 - ---- fields (total size 25 words):
 - private 'nextSessionId' 'I' @12  1560454790 (5d02a686)
 - private final 'timerIntervalNs' 'J' @16  1000000000 (3b9aca00 0)
 - private final 'clientLivenessTimeoutNs' 'J' @24  10000000000 (540be400 2)
 - private 'timeOfLastToDriverPositionChangeNs' 'J' @32  558356297216000 (74c0f000 1fbd2)
 - private 'lastCommandConsumerPosition' 'J' @40  104 (68 0)
 - private 'timerCheckDeadlineNs' 'J' @48  558357297216000 (b05bba00 1fbd2)
 - private 'clockUpdateDeadlineNs' 'J' @56  558356344742300 (7796219c 1fbd2)
 - private final 'asyncExecutionDisabled' 'Z' @64  false
 - private 'asyncClientCommandInFlight' 'Z' @65  false
 - private final 'ctx' 'Lio/aeron/driver/MediaDriver$Context;' @68  a 'io/aeron/driver/MediaDriver$Context'{0x0000000606805e70} (c0d00bce)
 - private final 'logFactory' 'Lio/aeron/driver/buffer/LogFactory;' @72  a 'io/aeron/driver/buffer/FileStoreLogFactory'{0x0000000606877c80} (c0d0ef90)
 - private final 'receiverProxy' 'Lio/aeron/driver/ReceiverProxy;' @76  a 'io/aeron/driver/ReceiverProxy'{0x0000000606881368} (c0d1026d)
 - private final 'senderProxy' 'Lio/aeron/driver/SenderProxy;' @80  a 'io/aeron/driver/SenderProxy'{0x0000000606881598} (c0d102b3)
 - private final 'clientProxy' 'Lio/aeron/driver/ClientProxy;' @84  a 'io/aeron/driver/ClientProxy'{0x0000000606889980} (c0d11330)
 - private final 'toDriverCommands' 'Lorg/agrona/concurrent/ringbuffer/RingBuffer;' @88  a 'org/agrona/concurrent/ringbuffer/ManyToOneRingBuffer'{0x0000000606889f48} (c0d113e9)
 - private final 'clientCommandAdapter' 'Lio/aeron/driver/ClientCommandAdapter;' @92  a 'io/aeron/driver/ClientCommandAdapter'{0x0000000606889fa0} (c0d113f4)
 - private final 'driverCmdQueue' 'Lorg/agrona/concurrent/ManyToOneConcurrentLinkedQueue;' @96  a 'org/agrona/concurrent/ManyToOneConcurrentLinkedQueue'{0x000000060688d9b8} (c0d11b37)
 - private final 'sendChannelEndpointByChannelMap' 'Lorg/agrona/collections/Object2ObjectHashMap;' @100  a 'org/agrona/collections/Object2ObjectHashMap'{0x000000060688daa8} (c0d11b55)
 - private final 'receiveChannelEndpointByChannelMap' 'Lorg/agrona/collections/Object2ObjectHashMap;' @104  a 'org/agrona/collections/Object2ObjectHashMap'{0x000000060688db28} (c0d11b65)
 - private final 'networkPublications' 'Ljava/util/ArrayList;' @108  a 'java/util/ArrayList'{0x000000060688dba8} (c0d11b75)
 - private final 'ipcPublications' 'Ljava/util/ArrayList;' @112  a 'java/util/ArrayList'{0x000000060688dbc0} (c0d11b78)
 - private final 'publicationImages' 'Ljava/util/ArrayList;' @116  a 'java/util/ArrayList'{0x000000060688e008} (c0d11c01)
 - private final 'publicationLinks' 'Ljava/util/ArrayList;' @120  a 'java/util/ArrayList'{0x000000060688e020} (c0d11c04)
 - private final 'subscriptionLinks' 'Ljava/util/ArrayList;' @124  a 'java/util/ArrayList'{0x000000060688e0e0} (c0d11c1c)
 - private final 'counterLinks' 'Ljava/util/ArrayList;' @128  a 'java/util/ArrayList'{0x0000000606890438} (c0d12087)
 - private final 'clients' 'Ljava/util/ArrayList;' @132  a 'java/util/ArrayList'{0x0000000606890450} (c0d1208a)
 - private final 'endOfLifeResources' 'Ljava/util/ArrayDeque;' @136  a 'java/util/ArrayDeque'{0x00000006068904a0} (c0d12094)
 - private final 'activeSessionSet' 'Lorg/agrona/collections/ObjectHashSet;' @140  a 'org/agrona/collections/ObjectHashSet'{0x0000000606890510} (c0d120a2)
 - private final 'epochClock' 'Lorg/agrona/concurrent/EpochClock;' @144  a 'org/agrona/concurrent/SystemEpochClock'{0x00000006068589b0} (c0d0b136)
 - private final 'nanoClock' 'Lorg/agrona/concurrent/NanoClock;' @148  a 'org/agrona/concurrent/SystemNanoClock'{0x00000006068589c0} (c0d0b138)
 - private final 'cachedEpochClock' 'Lorg/agrona/concurrent/CachedEpochClock;' @152  a 'org/agrona/concurrent/CachedEpochClock'{0x00000006068589d0} (c0d0b13a)
 - private final 'cachedNanoClock' 'Lorg/agrona/concurrent/CachedNanoClock;' @156  a 'org/agrona/concurrent/CachedNanoClock'{0x0000000606858a68} (c0d0b14d)
 - private final 'countersManager' 'Lorg/agrona/concurrent/status/CountersManager;' @160  a 'org/agrona/concurrent/status/CountersManager'{0x000000060685c0e0} (c0d0b81c)
 - private final 'networkPublicationThreadLocals' 'Lio/aeron/driver/NetworkPublicationThreadLocals;' @164  a 'io/aeron/driver/NetworkPublicationThreadLocals'{0x00000006068905b0} (c0d120b6)
 - private final 'tempBuffer' 'Lorg/agrona/MutableDirectBuffer;' @168  a 'org/agrona/concurrent/UnsafeBuffer'{0x000000060685bac8} (c0d0b759)
 - private final 'defaultDataHeader' 'Lio/aeron/protocol/DataHeaderFlyweight;' @172  a 'io/aeron/protocol/DataHeaderFlyweight'{0x0000000606890710} (c0d120e2)
 - private final 'errorCounter' 'Lorg/agrona/concurrent/status/AtomicCounter;' @176  a 'org/agrona/concurrent/status/AtomicCounter'{0x000000060685c0b8} (c0d0b817)
 - private final 'imagesRejected' 'Lorg/agrona/concurrent/status/AtomicCounter;' @180  a 'org/agrona/concurrent/status/AtomicCounter'{0x0000000606875558} (c0d0eaab)
 - private final 'dutyCycleTracker' 'Lio/aeron/driver/DutyCycleTracker;' @184  a 'io/aeron/driver/status/DutyCycleStallTracker'{0x0000000606890778} (c0d120ef)
 - private final 'asyncTaskExecutor' 'Ljava/util/concurrent/Executor;' @188  a 'java/util/concurrent/ThreadPoolExecutor'{0x000000060680a708} (c0d014e1)
 - private 'nameResolver' 'Lio/aeron/driver/TimeTrackingNameResolver;' @192  a 'io/aeron/driver/TimeTrackingNameResolver'{0x0000000606890820} (c0d12104)
R10=0x0 is NULL
R11=0x000001b296941100 is an unknown value
R12=0x0 is NULL
R13=0x000000a04e0ff3d0 is pointing into the stack for thread: 0x000001b292cc6580
R14=0x000000a04e0ff458 is pointing into the stack for thread: 0x000001b292cc6580
R15=0x000001b292cc6580 is a thread


Registers:
RAX=0x000001b293ac8e30, RBX=0x00000000001f4b54, RCX=0x00000006068812a0, RDX=0x00000006068812a0
RSP=0x000000a04e0ff350, RBP=0x000001b296941100, RSI=0x0000000000000011, RDI=0x0000000606890778
R8 =0x0001fbd277b54644, R9 =0x00000006068812a0, R10=0x0000000000000000, R11=0x000001b296941100
R12=0x0000000000000000, R13=0x000000a04e0ff3d0, R14=0x000000a04e0ff458, R15=0x000001b292cc6580
RIP=0x000001b2f50c49b9, EFLAGS=0x0000000000010246

Top of Stack: (sp=0x000000a04e0ff350)
0x000000a04e0ff350:   0000000800d159e0 00007ffac55db11f
0x000000a04e0ff360:   000001b293889938 000001b293ac9278
0x000000a04e0ff370:   0000000000000000 000000a04e0ff3c0
0x000000a04e0ff380:   000001b292cc6580 000001b2f50c10b9
0x000000a04e0ff390:   0000051406512c39 0000000000000000
0x000000a04e0ff3a0:   0000000000000011 0000000800d159e0
0x000000a04e0ff3b0:   000000a04e0ff430 000001b2ed4594fe
0x000000a04e0ff3c0:   000000a04e0ff430 000001b2ed4594fe
0x000000a04e0ff3d0:   0001fbd277b54644 0000000000000000
0x000000a04e0ff3e0:   00000006068812a0 000000a04e0ff3e8
0x000000a04e0ff3f0:   000001b293ac07b4 000000a04e0ff458
0x000000a04e0ff400:   000001b293ad02c8 000001b29b865248
0x000000a04e0ff410:   000000060692a6b0 000001b293ac0838
0x000000a04e0ff420:   000000a04e0ff3d0 000000a04e0ff460
0x000000a04e0ff430:   00000006068812a0 000001b2f509b2e0
0x000000a04e0ff440:   0000000000000000 0001fbd277b54644 

Instructions: (pc=0x000001b2f50c49b9)
0x000001b2f50c48b9:   06 00 00 50 00 00 00 9b 06 00 00 04 00 00 00 00
0x000001b2f50c48c9:   00 00 00 02 00 00 00 00 00 00 00 00 00 00 00 e0
0x000001b2f50c48d9:   01 00 00 02 00 00 00 ff ff ff ff ff ff ff ff 14
0x000001b2f50c48e9:   60 01 f0 49 cc 65 b0 02 f0 2a cc 3f 64 1c 64 24
0x000001b2f50c48f9:   64 20 64 2c 64 10 64 10 64 10 64 0c 64 0c 64 42
0x000001b2f50c4909:   f1 05 80 11 64 0b 00 00 64 0f 64 00 00 00 00 00
0x000001b2f50c4919:   00 00 00 00 00 00 00 44 8b 52 08 49 bb 00 00 00
0x000001b2f50c4929:   00 08 00 00 00 4d 03 d3 49 3b c2 0f 85 46 81 3d
0x000001b2f50c4939:   f8 66 90 0f 1f 40 00 89 84 24 00 90 ff ff 55 48
0x000001b2f50c4949:   83 ec 60 4c 8b ca 44 8b 92 9c 00 00 00 45 85 d2
0x000001b2f50c4959:   0f 84 e3 00 00 00 4f 89 44 d4 50 44 8b 9a b8 00
0x000001b2f50c4969:   00 00 47 8b 54 dc 08 49 8b d8 4b 2b 5c dc 50 4f
0x000001b2f50c4979:   89 44 dc 50 41 81 fa 08 e4 c0 00 0f 85 c6 00 00
0x000001b2f50c4989:   00 4b 8d 3c dc 44 8b 9f 94 00 00 00 43 0f b6 6c
0x000001b2f50c4999:   dc 18 85 ed 0f 85 ed 00 00 00 47 8b 54 dc 1c 4b
0x000001b2f50c49a9:   8b 6c dc 10 45 85 d2 0f 85 b6 00 00 00 4c 8b dd
0x000001b2f50c49b9:   49 8b 0b 48 3b cb 7c 74 4c 8b 97 98 00 00 00 49
0x000001b2f50c49c9:   3b da 0f 8f df 00 00 00 4c 8b 52 38 4d 2b d0 4d
0x000001b2f50c49d9:   85 d2 7c 13 48 83 c4 60 5d 49 3b a7 40 03 00 00
0x000001b2f50c49e9:   0f 87 35 01 00 00 c3 8b 8a 90 00 00 00 49 81 c0
0x000001b2f50c49f9:   40 42 0f 00 4c 89 42 38 45 8b 54 cc 08 8b aa 98
0x000001b2f50c4a09:   00 00 00 41 81 fa e8 47 c1 00 0f 85 d3 00 00 00
0x000001b2f50c4a19:   49 ba c0 b0 5d c5 fa 7f 00 00 41 ff d2 85 ed 0f
0x000001b2f50c4a29:   84 ae 00 00 00 49 89 44 ec 50 eb a8 49 c1 e2 03
0x000001b2f50c4a39:   49 89 1c 2a e9 7f ff ff ff ba f6 ff ff ff 49 8b
0x000001b2f50c4a49:   e8 90 e8 b0 d8 3d f8 ba de ff ff ff 49 8b e9 4c
0x000001b2f50c4a59:   89 44 24 20 44 89 5c 24 28 48 89 5c 24 30 e8 94
0x000001b2f50c4a69:   d8 3d f8 ba 54 ff ff ff 4c 89 4c 24 20 4c 89 44
0x000001b2f50c4a79:   24 28 48 89 7c 24 30 48 89 5c 24 40 44 89 54 24
0x000001b2f50c4a89:   4c 90 e8 70 d8 3d f8 ba 45 ff ff ff 4c 89 4c 24
0x000001b2f50c4a99:   20 4c 89 44 24 28 48 89 7c 24 30 48 89 5c 24 38
0x000001b2f50c4aa9:   66 90 e8 50 d8 3d f8 49 3b da bd ff ff ff ff 7c 


Stack slot to memory mapping:
stack at sp + 0 slots: 0x0000000800d159e0 is a pointer to class: 
io.aeron.driver.IpcPublication {0x0000000800d159e8}
 - instance size:     28
 - klass size:        76
 - access:            public final synchronized 
 - state:             fully_initialized
 - name:              'io/aeron/driver/IpcPublication'
 - super:             'java/lang/Object'
 - sub:               
 - arrays:            NULL
 - methods:           Array<T>(0x000001b29b849788)
 - method ordering:   Array<T>(0x00000008008de420)
 - default_methods:   Array<T>(0x0000000000000000)
 - local interfaces:  Array<T>(0x000001b29b849570)
 - trans. interfaces: Array<T>(0x000001b29b849570)
 - constants:         constant pool [601] {0x000001b29b848268} for 'io/aeron/driver/IpcPublication' cache=0x000001b29b84c0a8
 - class loader data:  loader data: 0x000001b292dc6970 for instance a 'jdk/internal/loader/ClassLoaders$AppClassLoader'{0x0000000606800b20}
 - source file:       'IpcPublication.java'
 - class annotations:       Array<T>(0x0000000000000000)
 - class type annotations:  Array<T>(0x0000000000000000)
 - field annotations:       Array<T>(0x0000000000000000)
 - field type annotations:  Array<T>(0x0000000000000000)
 - inner classes:     Array<T>(0x000001b29b84c048)
 - nest members:     Array<T>(0x000001b29b84c078)
 - permitted subclasses:     Array<T>(0x00000008005aeea0)
 - java mirror:       a 'java/lang/Class'{0x00000006068ef3d0} = 'io/aeron/driver/IpcPublication'
 - vtable length      5  (start addr: 0x0000000800d15ba8)
 - itable length      13 (start addr: 0x0000000800d15bd0)
 - ---- static fields (1 words):
 - private static final 'EMPTY_POSITIONS' '[Lorg/agrona/concurrent/status/ReadablePosition;' @112 
 - private static final 'IPC_SRC_ADDRESS' 'Ljava/net/InetSocketAddress;' @116 
 - ---- non-static fields (52 words):
 - private final 'sessionId' 'I' @12 
 - private final 'registrationId' 'J' @16 
 - private final 'tag' 'J' @24 
 - private final 'unblockTimeoutNs' 'J' @32 
 - private final 'untetheredWindowLimitTimeoutNs' 'J' @40 
 - private final 'untetheredLingerTimeoutNs' 'J' @48 
 - private final 'untetheredRestingTimeoutNs' 'J' @56 
 - private final 'imageLivenessTimeoutNs' 'J' @64 
 - private final 'responseCorrelationId' 'J' @72 
 - private 'tripLimit' 'J' @80 
 - private 'consumerPosition' 'J' @88 
 - private 'lastConsumerPosition' 'J' @96 
 - private 'timeOfLastConsumerPositionUpdateNs' 'J' @104 
 - private 'cleanPosition' 'J' @112 
 - private 'coolDownExpireTimeNs' 'J' @120 
 - private final 'streamId' 'I' @128 
 - private final 'startingTermId' 'I' @132 
 - private final 'startingTermOffset' 'I' @136 
 - private final 'positionBitsToShift' 'I' @140 
 - private final 'termBufferLength' 'I' @144 
 - private final 'mtuLength' 'I' @148 
 - private final 'termWindowLength' 'I' @152 
 - private final 'initialTermId' 'I' @156 
 - private final 'tripGain' 'I' @160 
 - private 'refCount' 'I' @164 
 - private 'reachedEndOfLife' 'Z' @168 
 - private 'inCoolDown' 'Z' @169 
 - private final 'isExclusive' 'Z' @170 
 - private final 'channel' 'Ljava/lang/String;' @172 
 - private 'state' 'Lio/aeron/driver/IpcPublication$State;' @176 
 - private final 'termBuffers' '[Lorg/agrona/concurrent/UnsafeBuffer;' @180 
 - private final 'publisherPos' 'Lorg/agrona/concurrent/status/Position;' @184 
 - private final 'publisherLimit' 'Lorg/agrona/concurrent/status/Position;' @188 
 - private final 'metaDataBuffer' 'Lorg/agrona/concurrent/UnsafeBuffer;' @192 
 - private 'subscriberPositions' '[Lorg/agrona/concurrent/status/ReadablePosition;' @196 
 - private final 'untetheredSubscriptions' 'Ljava/util/ArrayList;' @200 
 - private final 'rawLog' 'Lio/aeron/driver/buffer/RawLog;' @204 
 - private final 'unblockedPublications' 'Lorg/agrona/concurrent/status/AtomicCounter;' @208 
 - private final 'publicationsRevoked' 'Lorg/agrona/concurrent/status/AtomicCounter;' @212 
 - private final 'errorHandler' 'Lorg/agrona/ErrorHandler;' @216 
 - non-static oop maps: 172-216 
stack at sp + 1 slots: 0x00007ffac55db11f jvm.dll
stack at sp + 2 slots: {method} {0x000001b293889940} 'nanoTime' '()J' in 'org/agrona/concurrent/SystemNanoClock'
stack at sp + 3 slots: {method} {0x000001b293ac9280} 'trackStreamPositions' '(IJ)I' in 'io/aeron/driver/DriverConductor'
stack at sp + 4 slots: 0x0 is NULL
stack at sp + 5 slots: 0x000000a04e0ff3c0 is pointing into the stack for thread: 0x000001b292cc6580
stack at sp + 6 slots: 0x000001b292cc6580 is a thread
stack at sp + 7 slots: 0x000001b2f50c10b9 is at entry_point+57 in (nmethod*)0x000001b2f50c0f10

--------------------------------------------------------------------------------
[Constant Pool (empty)]

--------------------------------------------------------------------------------

[MachCode]
  0x000001b2f50c4920: 448b 5208 | 49bb 0000 | 0000 0800 | 0000 4d03 | d349 3bc2 | 0f85 4681 | 3df8 6690 | 0f1f 4000 
  0x000001b2f50c4940: 8984 2400 | 90ff ff55 | 4883 ec60 | 4c8b ca44 | 8b92 9c00 | 0000 4585 | d20f 84e3 | 0000 004f 
  0x000001b2f50c4960: 8944 d450 | 448b 9ab8 | 0000 0047 | 8b54 dc08 | 498b d84b | 2b5c dc50 | 4f89 44dc | 5041 81fa 
  0x000001b2f50c4980: 08e4 c000 | 0f85 c600 | 0000 4b8d | 3cdc 448b | 9f94 0000 | 0043 0fb6 | 6cdc 1885 | ed0f 85ed 
  0x000001b2f50c49a0: 0000 0047 | 8b54 dc1c | 4b8b 6cdc | 1045 85d2 | 0f85 b600 | 0000 4c8b | dd49 8b0b | 483b cb7c 
  0x000001b2f50c49c0: 744c 8b97 | 9800 0000 | 493b da0f | 8fdf 0000 | 004c 8b52 | 384d 2bd0 | 4d85 d27c | 1348 83c4 
  0x000001b2f50c49e0: 605d 493b | a740 0300 | 000f 8735 | 0100 00c3 | 8b8a 9000 | 0000 4981 | c040 420f | 004c 8942 
  0x000001b2f50c4a00: 3845 8b54 | cc08 8baa | 9800 0000 | 4181 fae8 | 47c1 000f | 85d3 0000 | 0049 bac0 | b05d c5fa 
  0x000001b2f50c4a20: 7f00 0041 | ffd2 85ed | 0f84 ae00 | 0000 4989 | 44ec 50eb | a849 c1e2 | 0349 891c | 2ae9 7fff 
  0x000001b2f50c4a40: ffff baf6 | ffff ff49 | 8be8 90e8 | b0d8 3df8 | bade ffff | ff49 8be9 | 4c89 4424 | 2044 895c 
  0x000001b2f50c4a60: 2428 4889 | 5c24 30e8 | 94d8 3df8 | ba54 ffff | ff4c 894c | 2420 4c89 | 4424 2848 | 897c 2430 
  0x000001b2f50c4a80: 4889 5c24 | 4044 8954 | 244c 90e8 | 70d8 3df8 | ba45 ffff | ff4c 894c | 2420 4c89 | 4424 2848 
  0x000001b2f50c4aa0: 897c 2430 | 4889 5c24 | 3866 90e8 | 50d8 3df8 | 493b dabd | ffff ffff | 7c08 400f | 95c5 400f 
  0x000001b2f50c4ac0: b6ed ba45 | ffff ff4c | 894c 2420 | 4c89 4424 | 2848 897c | 2430 90e8 | 24d8 3df8 | baf6 ffff 
  0x000001b2f50c4ae0: ff48 8be8 | 6666 90e8 | 14d8 3df8 | bade ffff | ff89 4c24 | 2066 90e8 | 04d8 3df8 | baf6 ffff 
  0x000001b2f50c4b00: ff49 8be8 | 6666 90e8 | f4d7 3df8 | baf6 ffff | ff66 90e8 | e8d7 3df8 | baf6 ffff | ff66 90e8 
  0x000001b2f50c4b20: dcd7 3df8 | 49ba e249 | 0cf5 b201 | 0000 4d89 | 9758 0300 | 00e9 c6e8 | 3df8 f4f4 | f4f4 f4f4 
  0x000001b2f50c4b40: e9bb 2c3f | f8e8 0000 | 0000 4883 | 2c24 05e9 | 4cdb 3df8 | f4f4 f4f4 
[/MachCode]
--------------------------------------------------------------------------------


---------------  P R O C E S S  ---------------

Threads class SMR info:
_java_thread_list=0x000001b29a53a930, length=24, elements={
0x000001b292ca6200, 0x000001b292ca9830, 0x000001b292cc0f30, 0x000001b292cc4370,
0x000001b292cc6a50, 0x000001b292cc6f20, 0x000001b292ccd1c0, 0x000001b292cdcf10,
0x000001b292d0efa0, 0x000001b292cc8260, 0x000001b292cc60b0, 0x000001b292cc8730,
0x000001b292cc5240, 0x000001b292cc4d70, 0x000001b292cc5710, 0x000001b292cc5be0,
0x000001b292cc73f0, 0x000001b292cc78c0, 0x000001b292cc6580, 0x000001b294365850,
0x000001b294365380, 0x000001b29b4358d0, 0x000001b294367ed0, 0x000001b2943649e0
}

Java Threads: ( => current thread )
  0x000001b292ca6200 JavaThread "Reference Handler" daemon [_thread_blocked, id=42460, stack(0x000000a04c800000,0x000000a04c900000)]
  0x000001b292ca9830 JavaThread "Finalizer" daemon [_thread_blocked, id=8044, stack(0x000000a04c900000,0x000000a04ca00000)]
  0x000001b292cc0f30 JavaThread "Signal Dispatcher" daemon [_thread_blocked, id=64892, stack(0x000000a04ca00000,0x000000a04cb00000)]
  0x000001b292cc4370 JavaThread "Attach Listener" daemon [_thread_blocked, id=56392, stack(0x000000a04cb00000,0x000000a04cc00000)]
  0x000001b292cc6a50 JavaThread "Service Thread" daemon [_thread_blocked, id=55184, stack(0x000000a04cc00000,0x000000a04cd00000)]
  0x000001b292cc6f20 JavaThread "Monitor Deflation Thread" daemon [_thread_blocked, id=47480, stack(0x000000a04cd00000,0x000000a04ce00000)]
  0x000001b292ccd1c0 JavaThread "C2 CompilerThread0" daemon [_thread_blocked, id=54868, stack(0x000000a04ce00000,0x000000a04cf00000)]
  0x000001b292cdcf10 JavaThread "C1 CompilerThread0" daemon [_thread_blocked, id=30952, stack(0x000000a04cf00000,0x000000a04d000000)]
  0x000001b292d0efa0 JavaThread "Sweeper thread" daemon [_thread_blocked, id=19704, stack(0x000000a04d000000,0x000000a04d100000)]
  0x000001b292cc8260 JavaThread "Common-Cleaner" daemon [_thread_blocked, id=25304, stack(0x000000a04d100000,0x000000a04d200000)]
  0x000001b292cc60b0 JavaThread "Monitor Ctrl-Break" daemon [_thread_in_native, id=62632, stack(0x000000a04d500000,0x000000a04d600000)]
  0x000001b292cc8730 JavaThread "Notification Thread" daemon [_thread_blocked, id=45312, stack(0x000000a04d600000,0x000000a04d700000)]
  0x000001b292cc5240 JavaThread "Thread-0" daemon [_thread_blocked, id=65064, stack(0x000000a04d800000,0x000000a04d900000)]
  0x000001b292cc4d70 JavaThread "async-executor C:\Users\dhkim\AppData\Local\Temp\aeron-dhkim" daemon [_thread_blocked, id=56364, stack(0x000000a04da00000,0x000000a04db00000)]
  0x000001b292cc5710 JavaThread "RMI TCP Accept-0" daemon [_thread_in_native, id=61300, stack(0x000000a04db00000,0x000000a04dc00000)]
  0x000001b292cc5be0 JavaThread "RMI TCP Connection(1)-192.168.0.75" daemon [_thread_in_native, id=38356, stack(0x000000a04dc00000,0x000000a04dd00000)]
  0x000001b292cc73f0 JavaThread "RMI Scheduler(0)" daemon [_thread_blocked, id=61348, stack(0x000000a04dd00000,0x000000a04de00000)]
  0x000001b292cc78c0 JavaThread "JMX server connection timeout 30" daemon [_thread_blocked, id=62072, stack(0x000000a04de00000,0x000000a04df00000)]
=>0x000001b292cc6580 JavaThread "driver-conductor" daemon [_thread_in_Java, id=8992, stack(0x000000a04e000000,0x000000a04e100000)]
  0x000001b294365850 JavaThread "sender" daemon [_thread_in_Java, id=53656, stack(0x000000a04e100000,0x000000a04e200000)]
  0x000001b294365380 JavaThread "receiver" daemon [_thread_in_Java, id=60376, stack(0x000000a04e200000,0x000000a04e300000)]
  0x000001b29b4358d0 JavaThread "C1 CompilerThread1" daemon [_thread_blocked, id=23736, stack(0x000000a04be00000,0x000000a04bf00000)]
  0x000001b294367ed0 JavaThread "SIGINT handler" daemon [_thread_blocked, id=9760, stack(0x000000a04bf00000,0x000000a04c000000)]
  0x000001b2943649e0 JavaThread "DestroyJavaVM" [_thread_blocked, id=64728, stack(0x000000a04c100000,0x000000a04c200000)]

Other Threads:
  0x000001b292c9da90 VMThread "VM Thread" [stack: 0x000000a04c700000,0x000000a04c800000] [id=45236]
  0x000001b2e5d289b0 WatcherThread [stack: 0x000000a04d700000,0x000000a04d800000] [id=35292]
  0x000001b2e5cda0e0 GCTaskThread "GC Thread#0" [stack: 0x000000a04c200000,0x000000a04c300000] [id=11716]
  0x000001b2943bac60 GCTaskThread "GC Thread#1" [stack: 0x000000a04eb00000,0x000000a04ec00000] [id=49088]
  0x000001b29ae48100 GCTaskThread "GC Thread#2" [stack: 0x000000a04ec00000,0x000000a04ed00000] [id=31112]
  0x000001b2943f7c30 GCTaskThread "GC Thread#3" [stack: 0x000000a04ed00000,0x000000a04ee00000] [id=33676]
  0x000001b29a6eaa30 GCTaskThread "GC Thread#4" [stack: 0x000000a04ee00000,0x000000a04ef00000] [id=64244]
  0x000001b29af382d0 GCTaskThread "GC Thread#5" [stack: 0x000000a04ef00000,0x000000a04f000000] [id=52584]
  0x000001b29a53c250 GCTaskThread "GC Thread#6" [stack: 0x000000a04f000000,0x000000a04f100000] [id=50628]
  0x000001b29a5f1f20 GCTaskThread "GC Thread#7" [stack: 0x000000a04f100000,0x000000a04f200000] [id=8076]
  0x000001b29a5f21d0 GCTaskThread "GC Thread#8" [stack: 0x000000a04f200000,0x000000a04f300000] [id=18800]
  0x000001b29ad84ad0 GCTaskThread "GC Thread#9" [stack: 0x000000a04f300000,0x000000a04f400000] [id=3612]
  0x000001b29ad84d80 GCTaskThread "GC Thread#10" [stack: 0x000000a04f400000,0x000000a04f500000] [id=40256]
  0x000001b29ae5f530 GCTaskThread "GC Thread#11" [stack: 0x000000a04f500000,0x000000a04f600000] [id=9300]
  0x000001b2e5ceace0 ConcurrentGCThread "G1 Main Marker" [stack: 0x000000a04c300000,0x000000a04c400000] [id=22628]
  0x000001b2e5cec430 ConcurrentGCThread "G1 Conc#0" [stack: 0x000000a04c400000,0x000000a04c500000] [id=29924]
  0x000001b292b56250 ConcurrentGCThread "G1 Refine#0" [stack: 0x000000a04c500000,0x000000a04c600000] [id=16796]
  0x000001b292b56c70 ConcurrentGCThread "G1 Service" [stack: 0x000000a04c600000,0x000000a04c700000] [id=24144]

Threads with active compile tasks:

VM state: not at safepoint (normal execution)

VM Mutex/Monitor currently owned by a thread: None

Heap address: 0x0000000606800000, size: 8088 MB, Compressed Oops mode: Zero based, Oop shift amount: 3

CDS archive(s) mapped at: [0x0000000800000000-0x0000000800bc0000-0x0000000800bc0000), size 12320768, SharedBaseAddress: 0x0000000800000000, ArchiveRelocationMode: 0.
Compressed class space mapped at: 0x0000000800c00000-0x0000000840c00000, reserved size: 1073741824
Narrow klass base: 0x0000000800000000, Narrow klass shift: 0, Narrow klass range: 0x100000000

GC Precious Log:
 CPUs: 18 total, 18 available
 Memory: 32348M
 Large Page Support: Disabled
 NUMA Support: Disabled
 Compressed Oops: Enabled (Zero based)
 Heap Region Size: 4M
 Heap Min Capacity: 8M
 Heap Initial Capacity: 508M
 Heap Max Capacity: 8088M
 Pre-touch: Disabled
 Parallel Workers: 14
 Concurrent Workers: 4
 Concurrent Refinement Workers: 14
 Periodic GC: Disabled

Heap:
 garbage-first heap   total 520192K, used 270478K [0x0000000606800000, 0x0000000800000000)
  region size 4096K, 67 young (274432K), 1 survivors (4096K)
 Metaspace       used 9976K, committed 10240K, reserved 1064960K
  class space    used 1016K, committed 1152K, reserved 1048576K

Heap Regions: E=young(eden), S=young(survivor), O=old, HS=humongous(starts), HC=humongous(continues), CS=collection set, F=free, OA=open archive, CA=closed archive, TAMS=top-at-mark-start (previous, next)
|   0|0x0000000606800000, 0x0000000606c00000, 0x0000000606c00000|100%| O|  |TAMS 0x0000000606800000, 0x0000000606800000| Untracked 
|   1|0x0000000606c00000, 0x0000000606c23200, 0x0000000607000000|  3%| O|  |TAMS 0x0000000606c00000, 0x0000000606c00000| Untracked 
|   2|0x0000000607000000, 0x0000000607000000, 0x0000000607400000|  0%| F|  |TAMS 0x0000000607000000, 0x0000000607000000| Untracked 
|   3|0x0000000607400000, 0x0000000607400000, 0x0000000607800000|  0%| F|  |TAMS 0x0000000607400000, 0x0000000607400000| Untracked 
|   4|0x0000000607800000, 0x0000000607800000, 0x0000000607c00000|  0%| F|  |TAMS 0x0000000607800000, 0x0000000607800000| Untracked 
|   5|0x0000000607c00000, 0x0000000607c00000, 0x0000000608000000|  0%| F|  |TAMS 0x0000000607c00000, 0x0000000607c00000| Untracked 
|   6|0x0000000608000000, 0x0000000608000000, 0x0000000608400000|  0%| F|  |TAMS 0x0000000608000000, 0x0000000608000000| Untracked 
|   7|0x0000000608400000, 0x0000000608400000, 0x0000000608800000|  0%| F|  |TAMS 0x0000000608400000, 0x0000000608400000| Untracked 
|   8|0x0000000608800000, 0x0000000608800000, 0x0000000608c00000|  0%| F|  |TAMS 0x0000000608800000, 0x0000000608800000| Untracked 
|   9|0x0000000608c00000, 0x0000000608c00000, 0x0000000609000000|  0%| F|  |TAMS 0x0000000608c00000, 0x0000000608c00000| Untracked 
|  10|0x0000000609000000, 0x0000000609000000, 0x0000000609400000|  0%| F|  |TAMS 0x0000000609000000, 0x0000000609000000| Untracked 
|  11|0x0000000609400000, 0x0000000609400000, 0x0000000609800000|  0%| F|  |TAMS 0x0000000609400000, 0x0000000609400000| Untracked 
|  12|0x0000000609800000, 0x0000000609800000, 0x0000000609c00000|  0%| F|  |TAMS 0x0000000609800000, 0x0000000609800000| Untracked 
|  13|0x0000000609c00000, 0x0000000609c00000, 0x000000060a000000|  0%| F|  |TAMS 0x0000000609c00000, 0x0000000609c00000| Untracked 
|  14|0x000000060a000000, 0x000000060a000000, 0x000000060a400000|  0%| F|  |TAMS 0x000000060a000000, 0x000000060a000000| Untracked 
|  15|0x000000060a400000, 0x000000060a400000, 0x000000060a800000|  0%| F|  |TAMS 0x000000060a400000, 0x000000060a400000| Untracked 
|  16|0x000000060a800000, 0x000000060a800000, 0x000000060ac00000|  0%| F|  |TAMS 0x000000060a800000, 0x000000060a800000| Untracked 
|  17|0x000000060ac00000, 0x000000060ac00000, 0x000000060b000000|  0%| F|  |TAMS 0x000000060ac00000, 0x000000060ac00000| Untracked 
|  18|0x000000060b000000, 0x000000060b000000, 0x000000060b400000|  0%| F|  |TAMS 0x000000060b000000, 0x000000060b000000| Untracked 
|  19|0x000000060b400000, 0x000000060b400000, 0x000000060b800000|  0%| F|  |TAMS 0x000000060b400000, 0x000000060b400000| Untracked 
|  20|0x000000060b800000, 0x000000060b800000, 0x000000060bc00000|  0%| F|  |TAMS 0x000000060b800000, 0x000000060b800000| Untracked 
|  21|0x000000060bc00000, 0x000000060bc00000, 0x000000060c000000|  0%| F|  |TAMS 0x000000060bc00000, 0x000000060bc00000| Untracked 
|  22|0x000000060c000000, 0x000000060c000000, 0x000000060c400000|  0%| F|  |TAMS 0x000000060c000000, 0x000000060c000000| Untracked 
|  23|0x000000060c400000, 0x000000060c400000, 0x000000060c800000|  0%| F|  |TAMS 0x000000060c400000, 0x000000060c400000| Untracked 
|  24|0x000000060c800000, 0x000000060c800000, 0x000000060cc00000|  0%| F|  |TAMS 0x000000060c800000, 0x000000060c800000| Untracked 
|  25|0x000000060cc00000, 0x000000060cc00000, 0x000000060d000000|  0%| F|  |TAMS 0x000000060cc00000, 0x000000060cc00000| Untracked 
|  26|0x000000060d000000, 0x000000060d000000, 0x000000060d400000|  0%| F|  |TAMS 0x000000060d000000, 0x000000060d000000| Untracked 
|  27|0x000000060d400000, 0x000000060d400000, 0x000000060d800000|  0%| F|  |TAMS 0x000000060d400000, 0x000000060d400000| Untracked 
|  28|0x000000060d800000, 0x000000060d800000, 0x000000060dc00000|  0%| F|  |TAMS 0x000000060d800000, 0x000000060d800000| Untracked 
|  29|0x000000060dc00000, 0x000000060dc00000, 0x000000060e000000|  0%| F|  |TAMS 0x000000060dc00000, 0x000000060dc00000| Untracked 
|  30|0x000000060e000000, 0x000000060e000000, 0x000000060e400000|  0%| F|  |TAMS 0x000000060e000000, 0x000000060e000000| Untracked 
|  31|0x000000060e400000, 0x000000060e400000, 0x000000060e800000|  0%| F|  |TAMS 0x000000060e400000, 0x000000060e400000| Untracked 
|  32|0x000000060e800000, 0x000000060e800000, 0x000000060ec00000|  0%| F|  |TAMS 0x000000060e800000, 0x000000060e800000| Untracked 
|  33|0x000000060ec00000, 0x000000060ec00000, 0x000000060f000000|  0%| F|  |TAMS 0x000000060ec00000, 0x000000060ec00000| Untracked 
|  34|0x000000060f000000, 0x000000060f000000, 0x000000060f400000|  0%| F|  |TAMS 0x000000060f000000, 0x000000060f000000| Untracked 
|  35|0x000000060f400000, 0x000000060f400000, 0x000000060f800000|  0%| F|  |TAMS 0x000000060f400000, 0x000000060f400000| Untracked 
|  36|0x000000060f800000, 0x000000060f800000, 0x000000060fc00000|  0%| F|  |TAMS 0x000000060f800000, 0x000000060f800000| Untracked 
|  37|0x000000060fc00000, 0x000000060fc00000, 0x0000000610000000|  0%| F|  |TAMS 0x000000060fc00000, 0x000000060fc00000| Untracked 
|  38|0x0000000610000000, 0x0000000610000000, 0x0000000610400000|  0%| F|  |TAMS 0x0000000610000000, 0x0000000610000000| Untracked 
|  39|0x0000000610400000, 0x0000000610400000, 0x0000000610800000|  0%| F|  |TAMS 0x0000000610400000, 0x0000000610400000| Untracked 
|  40|0x0000000610800000, 0x0000000610800000, 0x0000000610c00000|  0%| F|  |TAMS 0x0000000610800000, 0x0000000610800000| Untracked 
|  41|0x0000000610c00000, 0x0000000610c00000, 0x0000000611000000|  0%| F|  |TAMS 0x0000000610c00000, 0x0000000610c00000| Untracked 
|  42|0x0000000611000000, 0x0000000611000000, 0x0000000611400000|  0%| F|  |TAMS 0x0000000611000000, 0x0000000611000000| Untracked 
|  43|0x0000000611400000, 0x0000000611400000, 0x0000000611800000|  0%| F|  |TAMS 0x0000000611400000, 0x0000000611400000| Untracked 
|  44|0x0000000611800000, 0x0000000611800000, 0x0000000611c00000|  0%| F|  |TAMS 0x0000000611800000, 0x0000000611800000| Untracked 
|  45|0x0000000611c00000, 0x0000000611c00000, 0x0000000612000000|  0%| F|  |TAMS 0x0000000611c00000, 0x0000000611c00000| Untracked 
|  46|0x0000000612000000, 0x0000000612000000, 0x0000000612400000|  0%| F|  |TAMS 0x0000000612000000, 0x0000000612000000| Untracked 
|  47|0x0000000612400000, 0x0000000612400000, 0x0000000612800000|  0%| F|  |TAMS 0x0000000612400000, 0x0000000612400000| Untracked 
|  48|0x0000000612800000, 0x0000000612800000, 0x0000000612c00000|  0%| F|  |TAMS 0x0000000612800000, 0x0000000612800000| Untracked 
|  49|0x0000000612c00000, 0x0000000612c00000, 0x0000000613000000|  0%| F|  |TAMS 0x0000000612c00000, 0x0000000612c00000| Untracked 
|  50|0x0000000613000000, 0x0000000613000000, 0x0000000613400000|  0%| F|  |TAMS 0x0000000613000000, 0x0000000613000000| Untracked 
|  51|0x0000000613400000, 0x0000000613400810, 0x0000000613800000|  0%| S|CS|TAMS 0x0000000613400000, 0x0000000613400000| Complete 
|  52|0x0000000613800000, 0x0000000613800000, 0x0000000613c00000|  0%| F|  |TAMS 0x0000000613800000, 0x0000000613800000| Untracked 
|  53|0x0000000613c00000, 0x0000000613c00000, 0x0000000614000000|  0%| F|  |TAMS 0x0000000613c00000, 0x0000000613c00000| Untracked 
|  54|0x0000000614000000, 0x0000000614000000, 0x0000000614400000|  0%| F|  |TAMS 0x0000000614000000, 0x0000000614000000| Untracked 
|  55|0x0000000614400000, 0x0000000614400000, 0x0000000614800000|  0%| F|  |TAMS 0x0000000614400000, 0x0000000614400000| Untracked 
|  56|0x0000000614800000, 0x0000000614800000, 0x0000000614c00000|  0%| F|  |TAMS 0x0000000614800000, 0x0000000614800000| Untracked 
|  57|0x0000000614c00000, 0x0000000614c00000, 0x0000000615000000|  0%| F|  |TAMS 0x0000000614c00000, 0x0000000614c00000| Untracked 
|  58|0x0000000615000000, 0x0000000615000000, 0x0000000615400000|  0%| F|  |TAMS 0x0000000615000000, 0x0000000615000000| Untracked 
|  59|0x0000000615400000, 0x0000000615400000, 0x0000000615800000|  0%| F|  |TAMS 0x0000000615400000, 0x0000000615400000| Untracked 
|  60|0x0000000615800000, 0x0000000615800000, 0x0000000615c00000|  0%| F|  |TAMS 0x0000000615800000, 0x0000000615800000| Untracked 
|  61|0x0000000615c00000, 0x0000000616000000, 0x0000000616000000|100%| E|  |TAMS 0x0000000615c00000, 0x0000000615c00000| Complete 
|  62|0x0000000616000000, 0x0000000616400000, 0x0000000616400000|100%| E|CS|TAMS 0x0000000616000000, 0x0000000616000000| Complete 
|  63|0x0000000616400000, 0x0000000616800000, 0x0000000616800000|100%| E|CS|TAMS 0x0000000616400000, 0x0000000616400000| Complete 
|  64|0x0000000616800000, 0x0000000616c00000, 0x0000000616c00000|100%| E|CS|TAMS 0x0000000616800000, 0x0000000616800000| Complete 
|  65|0x0000000616c00000, 0x0000000617000000, 0x0000000617000000|100%| E|CS|TAMS 0x0000000616c00000, 0x0000000616c00000| Complete 
|  66|0x0000000617000000, 0x0000000617400000, 0x0000000617400000|100%| E|CS|TAMS 0x0000000617000000, 0x0000000617000000| Complete 
|  67|0x0000000617400000, 0x0000000617800000, 0x0000000617800000|100%| E|CS|TAMS 0x0000000617400000, 0x0000000617400000| Complete 
|  68|0x0000000617800000, 0x0000000617c00000, 0x0000000617c00000|100%| E|CS|TAMS 0x0000000617800000, 0x0000000617800000| Complete 
|  69|0x0000000617c00000, 0x0000000618000000, 0x0000000618000000|100%| E|CS|TAMS 0x0000000617c00000, 0x0000000617c00000| Complete 
|  70|0x0000000618000000, 0x0000000618400000, 0x0000000618400000|100%| E|CS|TAMS 0x0000000618000000, 0x0000000618000000| Complete 
|  71|0x0000000618400000, 0x0000000618800000, 0x0000000618800000|100%| E|CS|TAMS 0x0000000618400000, 0x0000000618400000| Complete 
|  72|0x0000000618800000, 0x0000000618c00000, 0x0000000618c00000|100%| E|CS|TAMS 0x0000000618800000, 0x0000000618800000| Complete 
|  73|0x0000000618c00000, 0x0000000619000000, 0x0000000619000000|100%| E|CS|TAMS 0x0000000618c00000, 0x0000000618c00000| Complete 
|  74|0x0000000619000000, 0x0000000619400000, 0x0000000619400000|100%| E|CS|TAMS 0x0000000619000000, 0x0000000619000000| Complete 
|  75|0x0000000619400000, 0x0000000619800000, 0x0000000619800000|100%| E|CS|TAMS 0x0000000619400000, 0x0000000619400000| Complete 
|  76|0x0000000619800000, 0x0000000619c00000, 0x0000000619c00000|100%| E|CS|TAMS 0x0000000619800000, 0x0000000619800000| Complete 
|  77|0x0000000619c00000, 0x000000061a000000, 0x000000061a000000|100%| E|CS|TAMS 0x0000000619c00000, 0x0000000619c00000| Complete 
|  78|0x000000061a000000, 0x000000061a400000, 0x000000061a400000|100%| E|CS|TAMS 0x000000061a000000, 0x000000061a000000| Complete 
|  79|0x000000061a400000, 0x000000061a800000, 0x000000061a800000|100%| E|CS|TAMS 0x000000061a400000, 0x000000061a400000| Complete 
|  80|0x000000061a800000, 0x000000061ac00000, 0x000000061ac00000|100%| E|CS|TAMS 0x000000061a800000, 0x000000061a800000| Complete 
|  81|0x000000061ac00000, 0x000000061b000000, 0x000000061b000000|100%| E|CS|TAMS 0x000000061ac00000, 0x000000061ac00000| Complete 
|  82|0x000000061b000000, 0x000000061b400000, 0x000000061b400000|100%| E|CS|TAMS 0x000000061b000000, 0x000000061b000000| Complete 
|  83|0x000000061b400000, 0x000000061b800000, 0x000000061b800000|100%| E|CS|TAMS 0x000000061b400000, 0x000000061b400000| Complete 
|  84|0x000000061b800000, 0x000000061bc00000, 0x000000061bc00000|100%| E|CS|TAMS 0x000000061b800000, 0x000000061b800000| Complete 
|  85|0x000000061bc00000, 0x000000061c000000, 0x000000061c000000|100%| E|CS|TAMS 0x000000061bc00000, 0x000000061bc00000| Complete 
|  86|0x000000061c000000, 0x000000061c400000, 0x000000061c400000|100%| E|CS|TAMS 0x000000061c000000, 0x000000061c000000| Complete 
|  87|0x000000061c400000, 0x000000061c800000, 0x000000061c800000|100%| E|CS|TAMS 0x000000061c400000, 0x000000061c400000| Complete 
|  88|0x000000061c800000, 0x000000061cc00000, 0x000000061cc00000|100%| E|CS|TAMS 0x000000061c800000, 0x000000061c800000| Complete 
|  89|0x000000061cc00000, 0x000000061d000000, 0x000000061d000000|100%| E|CS|TAMS 0x000000061cc00000, 0x000000061cc00000| Complete 
|  90|0x000000061d000000, 0x000000061d400000, 0x000000061d400000|100%| E|CS|TAMS 0x000000061d000000, 0x000000061d000000| Complete 
|  91|0x000000061d400000, 0x000000061d800000, 0x000000061d800000|100%| E|CS|TAMS 0x000000061d400000, 0x000000061d400000| Complete 
|  92|0x000000061d800000, 0x000000061dc00000, 0x000000061dc00000|100%| E|CS|TAMS 0x000000061d800000, 0x000000061d800000| Complete 
|  93|0x000000061dc00000, 0x000000061e000000, 0x000000061e000000|100%| E|CS|TAMS 0x000000061dc00000, 0x000000061dc00000| Complete 
|  94|0x000000061e000000, 0x000000061e400000, 0x000000061e400000|100%| E|CS|TAMS 0x000000061e000000, 0x000000061e000000| Complete 
|  95|0x000000061e400000, 0x000000061e800000, 0x000000061e800000|100%| E|CS|TAMS 0x000000061e400000, 0x000000061e400000| Complete 
|  96|0x000000061e800000, 0x000000061ec00000, 0x000000061ec00000|100%| E|CS|TAMS 0x000000061e800000, 0x000000061e800000| Complete 
|  97|0x000000061ec00000, 0x000000061f000000, 0x000000061f000000|100%| E|CS|TAMS 0x000000061ec00000, 0x000000061ec00000| Complete 
|  98|0x000000061f000000, 0x000000061f400000, 0x000000061f400000|100%| E|CS|TAMS 0x000000061f000000, 0x000000061f000000| Complete 
|  99|0x000000061f400000, 0x000000061f800000, 0x000000061f800000|100%| E|CS|TAMS 0x000000061f400000, 0x000000061f400000| Complete 
| 100|0x000000061f800000, 0x000000061fc00000, 0x000000061fc00000|100%| E|CS|TAMS 0x000000061f800000, 0x000000061f800000| Complete 
| 101|0x000000061fc00000, 0x0000000620000000, 0x0000000620000000|100%| E|CS|TAMS 0x000000061fc00000, 0x000000061fc00000| Complete 
| 102|0x0000000620000000, 0x0000000620400000, 0x0000000620400000|100%| E|CS|TAMS 0x0000000620000000, 0x0000000620000000| Complete 
| 103|0x0000000620400000, 0x0000000620800000, 0x0000000620800000|100%| E|CS|TAMS 0x0000000620400000, 0x0000000620400000| Complete 
| 104|0x0000000620800000, 0x0000000620c00000, 0x0000000620c00000|100%| E|CS|TAMS 0x0000000620800000, 0x0000000620800000| Complete 
| 105|0x0000000620c00000, 0x0000000621000000, 0x0000000621000000|100%| E|CS|TAMS 0x0000000620c00000, 0x0000000620c00000| Complete 
| 106|0x0000000621000000, 0x0000000621400000, 0x0000000621400000|100%| E|CS|TAMS 0x0000000621000000, 0x0000000621000000| Complete 
| 107|0x0000000621400000, 0x0000000621800000, 0x0000000621800000|100%| E|CS|TAMS 0x0000000621400000, 0x0000000621400000| Complete 
| 108|0x0000000621800000, 0x0000000621c00000, 0x0000000621c00000|100%| E|CS|TAMS 0x0000000621800000, 0x0000000621800000| Complete 
| 109|0x0000000621c00000, 0x0000000622000000, 0x0000000622000000|100%| E|CS|TAMS 0x0000000621c00000, 0x0000000621c00000| Complete 
| 110|0x0000000622000000, 0x0000000622400000, 0x0000000622400000|100%| E|CS|TAMS 0x0000000622000000, 0x0000000622000000| Complete 
| 111|0x0000000622400000, 0x0000000622800000, 0x0000000622800000|100%| E|CS|TAMS 0x0000000622400000, 0x0000000622400000| Complete 
| 112|0x0000000622800000, 0x0000000622c00000, 0x0000000622c00000|100%| E|CS|TAMS 0x0000000622800000, 0x0000000622800000| Complete 
| 113|0x0000000622c00000, 0x0000000623000000, 0x0000000623000000|100%| E|CS|TAMS 0x0000000622c00000, 0x0000000622c00000| Complete 
| 114|0x0000000623000000, 0x0000000623400000, 0x0000000623400000|100%| E|CS|TAMS 0x0000000623000000, 0x0000000623000000| Complete 
| 115|0x0000000623400000, 0x0000000623800000, 0x0000000623800000|100%| E|CS|TAMS 0x0000000623400000, 0x0000000623400000| Complete 
| 116|0x0000000623800000, 0x0000000623c00000, 0x0000000623c00000|100%| E|CS|TAMS 0x0000000623800000, 0x0000000623800000| Complete 
| 117|0x0000000623c00000, 0x0000000624000000, 0x0000000624000000|100%| E|CS|TAMS 0x0000000623c00000, 0x0000000623c00000| Complete 
| 118|0x0000000624000000, 0x0000000624400000, 0x0000000624400000|100%| E|CS|TAMS 0x0000000624000000, 0x0000000624000000| Complete 
| 119|0x0000000624400000, 0x0000000624800000, 0x0000000624800000|100%| E|CS|TAMS 0x0000000624400000, 0x0000000624400000| Complete 
| 120|0x0000000624800000, 0x0000000624c00000, 0x0000000624c00000|100%| E|CS|TAMS 0x0000000624800000, 0x0000000624800000| Complete 
| 121|0x0000000624c00000, 0x0000000625000000, 0x0000000625000000|100%| E|CS|TAMS 0x0000000624c00000, 0x0000000624c00000| Complete 
| 122|0x0000000625000000, 0x0000000625400000, 0x0000000625400000|100%| E|CS|TAMS 0x0000000625000000, 0x0000000625000000| Complete 
| 123|0x0000000625400000, 0x0000000625800000, 0x0000000625800000|100%| E|CS|TAMS 0x0000000625400000, 0x0000000625400000| Complete 
| 124|0x0000000625800000, 0x0000000625c00000, 0x0000000625c00000|100%| E|CS|TAMS 0x0000000625800000, 0x0000000625800000| Complete 
| 125|0x0000000625c00000, 0x0000000626000000, 0x0000000626000000|100%| E|CS|TAMS 0x0000000625c00000, 0x0000000625c00000| Complete 
| 126|0x0000000626000000, 0x0000000626400000, 0x0000000626400000|100%| E|CS|TAMS 0x0000000626000000, 0x0000000626000000| Complete 

Card table byte_map: [0x000001b2fddb0000,0x000001b2fed80000] _byte_map_base: 0x000001b2fad7c000

Marking Bits (Prev, Next): (CMBitMap*) 0x000001b2e5cda6f0, (CMBitMap*) 0x000001b2e5cda730
 Prev Bits: [0x000001b280000000, 0x000001b287e60000)
 Next Bits: [0x000001b287e60000, 0x000001b28fcc0000)

Polling page: 0x000001b2e3ad0000

Metaspace:

Usage:
  Non-class:      8.75 MB used.
      Class:   1016.41 KB used.
       Both:      9.74 MB used.

Virtual space:
  Non-class space:       16.00 MB reserved,       8.88 MB ( 55%) committed,  2 nodes.
      Class space:        1.00 GB reserved,       1.12 MB ( <1%) committed,  1 nodes.
             Both:        1.02 GB reserved,      10.00 MB ( <1%) committed. 

Chunk freelists:
   Non-Class:  2.45 MB
       Class:  2.87 MB
        Both:  5.32 MB

MaxMetaspaceSize: unlimited
CompressedClassSpaceSize: 1.00 GB
Initial GC threshold: 21.00 MB
Current GC threshold: 21.00 MB
CDS: on
MetaspaceReclaimPolicy: balanced
 - commit_granule_bytes: 65536.
 - commit_granule_words: 8192.
 - virtual_space_node_default_size: 1048576.
 - enlarge_chunks_in_place: 1.
 - new_chunks_are_fully_committed: 0.
 - uncommit_free_chunks: 1.
 - use_allocation_guard: 0.
 - handle_deallocations: 1.


Internal statistics:

num_allocs_failed_limit: 0.
num_arena_births: 212.
num_arena_deaths: 0.
num_vsnodes_births: 3.
num_vsnodes_deaths: 0.
num_space_committed: 160.
num_space_uncommitted: 0.
num_chunks_returned_to_freelist: 0.
num_chunks_taken_from_freelist: 416.
num_chunk_merges: 0.
num_chunk_splits: 237.
num_chunks_enlarged: 130.
num_purges: 0.
num_inconsistent_stats: 0.

CodeHeap 'non-profiled nmethods': size=119168Kb used=1034Kb max_used=1034Kb free=118133Kb
 bounds [0x000001b2f4ff0000, 0x000001b2f5260000, 0x000001b2fc450000]
CodeHeap 'profiled nmethods': size=119104Kb used=4418Kb max_used=4418Kb free=114685Kb
 bounds [0x000001b2edba0000, 0x000001b2ee000000, 0x000001b2f4ff0000]
CodeHeap 'non-nmethods': size=7488Kb used=1794Kb max_used=2992Kb free=5693Kb
 bounds [0x000001b2ed450000, 0x000001b2ed740000, 0x000001b2edba0000]
 total_blobs=2896 nmethods=2361 adapters=446
 compilation: enabled
              stopped_count=0, restarted_count=0
 full_count=0

Compilation events (20 events):
Event: 96.468 Thread 0x000001b292cdcf10 2361       3       java.lang.StringUTF16::charAt (11 bytes)
Event: 96.468 Thread 0x000001b292cdcf10 nmethod 2361 0x000001b2edfe6590 code [0x000001b2edfe6740, 0x000001b2edfe6948]
Event: 96.468 Thread 0x000001b292cdcf10 2362       3       java.lang.StringUTF16::checkIndex (9 bytes)
Event: 96.468 Thread 0x000001b292cdcf10 nmethod 2362 0x000001b2edfe6a90 code [0x000001b2edfe6c40, 0x000001b2edfe6dc8]
Event: 96.468 Thread 0x000001b292cdcf10 2359       3       java.lang.StringUTF16$CharsSpliterator::estimateSize (11 bytes)
Event: 96.468 Thread 0x000001b29b4358d0 2358       3       sun.util.locale.provider.LocaleResources::getDecimalFormatSymbolsData (90 bytes)
Event: 96.468 Thread 0x000001b292cdcf10 nmethod 2359 0x000001b2edfe6f10 code [0x000001b2edfe70a0, 0x000001b2edfe71b8]
Event: 96.468 Thread 0x000001b292cdcf10 2360       3       java.lang.StringUTF16$CharsSpliterator::tryAdvance (57 bytes)
Event: 96.468 Thread 0x000001b292cdcf10 nmethod 2360 0x000001b2edfe7290 code [0x000001b2edfe7480, 0x000001b2edfe79a8]
Event: 96.468 Thread 0x000001b292cdcf10 2363       3       java.lang.CharacterData00::getType (11 bytes)
Event: 96.468 Thread 0x000001b292cdcf10 nmethod 2363 0x000001b2edfe7b90 code [0x000001b2edfe7d40, 0x000001b2edfe7e88]
Event: 96.468 Thread 0x000001b292cdcf10 2364       3       java.lang.CharacterData00::getProperties (32 bytes)
Event: 96.468 Thread 0x000001b292cdcf10 nmethod 2364 0x000001b2edfe7f10 code [0x000001b2edfe80c0, 0x000001b2edfe8278]
Event: 96.468 Thread 0x000001b292cdcf10 2357       3       java.util.regex.Pattern$GroupTail::match (111 bytes)
Event: 96.468 Thread 0x000001b292cdcf10 nmethod 2357 0x000001b2edfe8390 code [0x000001b2edfe8560, 0x000001b2edfe8928]
Event: 96.469 Thread 0x000001b29b4358d0 nmethod 2358 0x000001b2edfe8b10 code [0x000001b2edfe8ea0, 0x000001b2edfea938]
Event: 96.532 Thread 0x000001b292cdcf10 2365   !   3       java.util.zip.ZipFile$Source::getEntryPos (173 bytes)
Event: 96.532 Thread 0x000001b29b4358d0 2366       3       java.util.zip.ZipFile::getZipEntry (322 bytes)
Event: 96.533 Thread 0x000001b292cdcf10 nmethod 2365 0x000001b2edfeb190 code [0x000001b2edfeb480, 0x000001b2edfec548]
Event: 96.533 Thread 0x000001b29b4358d0 nmethod 2366 0x000001b2edfecf90 code [0x000001b2edfed400, 0x000001b2edfefab8]

GC Heap History (20 events):
Event: 94.429 GC heap before
{Heap before GC invocations=434 (full 0):
 garbage-first heap   total 520192K, used 311429K [0x0000000606800000, 0x0000000800000000)
  region size 4096K, 76 young (311296K), 1 survivors (4096K)
 Metaspace       used 9938K, committed 10176K, reserved 1064960K
  class space    used 1014K, committed 1152K, reserved 1048576K
}
Event: 94.430 GC heap after
{Heap after GC invocations=435 (full 0):
 garbage-first heap   total 520192K, used 4233K [0x0000000606800000, 0x0000000800000000)
  region size 4096K, 1 young (4096K), 1 survivors (4096K)
 Metaspace       used 9938K, committed 10176K, reserved 1064960K
  class space    used 1014K, committed 1152K, reserved 1048576K
}
Event: 94.634 GC heap before
{Heap before GC invocations=435 (full 0):
 garbage-first heap   total 520192K, used 311433K [0x0000000606800000, 0x0000000800000000)
  region size 4096K, 76 young (311296K), 1 survivors (4096K)
 Metaspace       used 9949K, committed 10176K, reserved 1064960K
  class space    used 1014K, committed 1152K, reserved 1048576K
}
Event: 94.634 GC heap after
{Heap after GC invocations=436 (full 0):
 garbage-first heap   total 520192K, used 4234K [0x0000000606800000, 0x0000000800000000)
  region size 4096K, 1 young (4096K), 1 survivors (4096K)
 Metaspace       used 9949K, committed 10176K, reserved 1064960K
  class space    used 1014K, committed 1152K, reserved 1048576K
}
Event: 94.838 GC heap before
{Heap before GC invocations=436 (full 0):
 garbage-first heap   total 520192K, used 311434K [0x0000000606800000, 0x0000000800000000)
  region size 4096K, 76 young (311296K), 1 survivors (4096K)
 Metaspace       used 9949K, committed 10176K, reserved 1064960K
  class space    used 1014K, committed 1152K, reserved 1048576K
}
Event: 94.839 GC heap after
{Heap after GC invocations=437 (full 0):
 garbage-first heap   total 520192K, used 4232K [0x0000000606800000, 0x0000000800000000)
  region size 4096K, 1 young (4096K), 1 survivors (4096K)
 Metaspace       used 9949K, committed 10176K, reserved 1064960K
  class space    used 1014K, committed 1152K, reserved 1048576K
}
Event: 95.050 GC heap before
{Heap before GC invocations=437 (full 0):
 garbage-first heap   total 520192K, used 311432K [0x0000000606800000, 0x0000000800000000)
  region size 4096K, 76 young (311296K), 1 survivors (4096K)
 Metaspace       used 9949K, committed 10176K, reserved 1064960K
  class space    used 1014K, committed 1152K, reserved 1048576K
}
Event: 95.050 GC heap after
{Heap after GC invocations=438 (full 0):
 garbage-first heap   total 520192K, used 4232K [0x0000000606800000, 0x0000000800000000)
  region size 4096K, 1 young (4096K), 1 survivors (4096K)
 Metaspace       used 9949K, committed 10176K, reserved 1064960K
  class space    used 1014K, committed 1152K, reserved 1048576K
}
Event: 95.264 GC heap before
{Heap before GC invocations=438 (full 0):
 garbage-first heap   total 520192K, used 311432K [0x0000000606800000, 0x0000000800000000)
  region size 4096K, 76 young (311296K), 1 survivors (4096K)
 Metaspace       used 9949K, committed 10176K, reserved 1064960K
  class space    used 1014K, committed 1152K, reserved 1048576K
}
Event: 95.265 GC heap after
{Heap after GC invocations=439 (full 0):
 garbage-first heap   total 520192K, used 4234K [0x0000000606800000, 0x0000000800000000)
  region size 4096K, 1 young (4096K), 1 survivors (4096K)
 Metaspace       used 9949K, committed 10176K, reserved 1064960K
  class space    used 1014K, committed 1152K, reserved 1048576K
}
Event: 95.483 GC heap before
{Heap before GC invocations=439 (full 0):
 garbage-first heap   total 520192K, used 311434K [0x0000000606800000, 0x0000000800000000)
  region size 4096K, 76 young (311296K), 1 survivors (4096K)
 Metaspace       used 9949K, committed 10176K, reserved 1064960K
  class space    used 1014K, committed 1152K, reserved 1048576K
}
Event: 95.483 GC heap after
{Heap after GC invocations=440 (full 0):
 garbage-first heap   total 520192K, used 4234K [0x0000000606800000, 0x0000000800000000)
  region size 4096K, 1 young (4096K), 1 survivors (4096K)
 Metaspace       used 9949K, committed 10176K, reserved 1064960K
  class space    used 1014K, committed 1152K, reserved 1048576K
}
Event: 95.702 GC heap before
{Heap before GC invocations=440 (full 0):
 garbage-first heap   total 520192K, used 311434K [0x0000000606800000, 0x0000000800000000)
  region size 4096K, 76 young (311296K), 1 survivors (4096K)
 Metaspace       used 9949K, committed 10176K, reserved 1064960K
  class space    used 1014K, committed 1152K, reserved 1048576K
}
Event: 95.703 GC heap after
{Heap after GC invocations=441 (full 0):
 garbage-first heap   total 520192K, used 4250K [0x0000000606800000, 0x0000000800000000)
  region size 4096K, 1 young (4096K), 1 survivors (4096K)
 Metaspace       used 9949K, committed 10176K, reserved 1064960K
  class space    used 1014K, committed 1152K, reserved 1048576K
}
Event: 95.911 GC heap before
{Heap before GC invocations=441 (full 0):
 garbage-first heap   total 520192K, used 311450K [0x0000000606800000, 0x0000000800000000)
  region size 4096K, 76 young (311296K), 1 survivors (4096K)
 Metaspace       used 9949K, committed 10176K, reserved 1064960K
  class space    used 1014K, committed 1152K, reserved 1048576K
}
Event: 95.911 GC heap after
{Heap after GC invocations=442 (full 0):
 garbage-first heap   total 520192K, used 4244K [0x0000000606800000, 0x0000000800000000)
  region size 4096K, 1 young (4096K), 1 survivors (4096K)
 Metaspace       used 9949K, committed 10176K, reserved 1064960K
  class space    used 1014K, committed 1152K, reserved 1048576K
}
Event: 96.118 GC heap before
{Heap before GC invocations=442 (full 0):
 garbage-first heap   total 520192K, used 311444K [0x0000000606800000, 0x0000000800000000)
  region size 4096K, 76 young (311296K), 1 survivors (4096K)
 Metaspace       used 9949K, committed 10176K, reserved 1064960K
  class space    used 1014K, committed 1152K, reserved 1048576K
}
Event: 96.118 GC heap after
{Heap after GC invocations=443 (full 0):
 garbage-first heap   total 520192K, used 4242K [0x0000000606800000, 0x0000000800000000)
  region size 4096K, 1 young (4096K), 1 survivors (4096K)
 Metaspace       used 9949K, committed 10176K, reserved 1064960K
  class space    used 1014K, committed 1152K, reserved 1048576K
}
Event: 96.351 GC heap before
{Heap before GC invocations=443 (full 0):
 garbage-first heap   total 520192K, used 311442K [0x0000000606800000, 0x0000000800000000)
  region size 4096K, 76 young (311296K), 1 survivors (4096K)
 Metaspace       used 9949K, committed 10176K, reserved 1064960K
  class space    used 1014K, committed 1152K, reserved 1048576K
}
Event: 96.351 GC heap after
{Heap after GC invocations=444 (full 0):
 garbage-first heap   total 520192K, used 4238K [0x0000000606800000, 0x0000000800000000)
  region size 4096K, 1 young (4096K), 1 survivors (4096K)
 Metaspace       used 9949K, committed 10176K, reserved 1064960K
  class space    used 1014K, committed 1152K, reserved 1048576K
}

Deoptimization events (20 events):
Event: 96.533 Thread 0x000001b292cc6580 Uncommon trap: trap_request=0xffffffde fr.pc=0x000001b2f5067634 relative=0x0000000000000094
Event: 96.533 Thread 0x000001b292cc6580 Uncommon trap: reason=class_check action=maybe_recompile pc=0x000001b2f5067634 method=org.agrona.AbstractMutableDirectBuffer.putLong(IJ)V @ 4 c2
Event: 96.533 Thread 0x000001b292cc6580 DEOPT PACKING pc=0x000001b2f5067634 sp=0x000000a04e0feff0
Event: 96.533 Thread 0x000001b292cc6580 DEOPT UNPACKING pc=0x000001b2ed4a23a3 sp=0x000000a04e0fef90 mode 2
Event: 96.533 Thread 0x000001b292cc6580 Uncommon trap: trap_request=0xffffff54 fr.pc=0x000001b2f5066fc0 relative=0x0000000000000040
Event: 96.533 Thread 0x000001b292cc6580 Uncommon trap: reason=speculate_null_assert action=make_not_entrant pc=0x000001b2f5066fc0 method=org.agrona.UnsafeApi.putLong(Ljava/lang/Object;JJ)V @ 6 c2
Event: 96.533 Thread 0x000001b292cc6580 DEOPT PACKING pc=0x000001b2f5066fc0 sp=0x000000a04e0fef70
Event: 96.533 Thread 0x000001b292cc6580 DEOPT UNPACKING pc=0x000001b2ed4a23a3 sp=0x000000a04e0feee8 mode 2
Event: 96.533 Thread 0x000001b292cc6580 Uncommon trap: trap_request=0xffffffde fr.pc=0x000001b2f5072ef0 relative=0x00000000000001d0
Event: 96.533 Thread 0x000001b292cc6580 Uncommon trap: reason=class_check action=maybe_recompile pc=0x000001b2f5072ef0 method=org.agrona.AbstractMutableDirectBuffer.putBytes(ILorg/agrona/DirectBuffer;II)V @ 17 c2
Event: 96.533 Thread 0x000001b292cc6580 DEOPT PACKING pc=0x000001b2f5072ef0 sp=0x000000a04e0feed0
Event: 96.533 Thread 0x000001b292cc6580 DEOPT UNPACKING pc=0x000001b2ed4a23a3 sp=0x000000a04e0feeb0 mode 2
Event: 96.533 Thread 0x000001b292cc6580 Uncommon trap: trap_request=0xffffff45 fr.pc=0x000001b2f50c53bc relative=0x00000000000003fc
Event: 96.533 Thread 0x000001b292cc6580 Uncommon trap: reason=unstable_if action=reinterpret pc=0x000001b2f50c53bc method=io.aeron.driver.IpcPublication.updatePublisherPositionAndLimit()I @ 9 c2
Event: 96.533 Thread 0x000001b292cc6580 DEOPT PACKING pc=0x000001b2f50c53bc sp=0x000000a04e0ff360
Event: 96.533 Thread 0x000001b292cc6580 DEOPT UNPACKING pc=0x000001b2ed4a23a3 sp=0x000000a04e0ff218 mode 2
Event: 96.533 Thread 0x000001b292cc6580 Uncommon trap: trap_request=0xffffff45 fr.pc=0x000001b2f50be0c4 relative=0x0000000000000284
Event: 96.533 Thread 0x000001b292cc6580 Uncommon trap: reason=unstable_if action=reinterpret pc=0x000001b2f50be0c4 method=io.aeron.driver.IpcPublication.updatePublisherPositionAndLimit()I @ 9 c2
Event: 96.533 Thread 0x000001b292cc6580 DEOPT PACKING pc=0x000001b2f50be0c4 sp=0x000000a04e0ff2e0
Event: 96.533 Thread 0x000001b292cc6580 DEOPT UNPACKING pc=0x000001b2ed4a23a3 sp=0x000000a04e0ff220 mode 2

Classes unloaded (0 events):
No events

Classes redefined (0 events):
No events

Internal exceptions (20 events):
Event: 0.119 Thread 0x000001b2e5c5fbe0 Exception <a 'java/lang/NoSuchMethodError'{0x0000000625d16460}: 'java.lang.Object java.lang.invoke.DirectMethodHandle$Holder.invokeStaticInit(java.lang.Object, java.lang.Object, long, java.lang.Object)'> (0x0000000625d16460) 
thrown [t:\workspace\open\src\hotspot\share\interpreter\linkResolver.cpp, line 766]
Event: 0.120 Thread 0x000001b2e5c5fbe0 Exception <a 'java/lang/NoSuchMethodError'{0x0000000625d1ca80}: 'java.lang.Object java.lang.invoke.DirectMethodHandle$Holder.newInvokeSpecial(java.lang.Object, java.lang.Object, long)'> (0x0000000625d1ca80) 
thrown [t:\workspace\open\src\hotspot\share\interpreter\linkResolver.cpp, line 766]
Event: 0.121 Thread 0x000001b2e5c5fbe0 Exception <a 'java/lang/NoSuchMethodError'{0x0000000625d20ac8}: 'java.lang.Object java.lang.invoke.Invokers$Holder.linkToTargetMethod(java.lang.Object, long, java.lang.Object)'> (0x0000000625d20ac8) 
thrown [t:\workspace\open\src\hotspot\share\interpreter\linkResolver.cpp, line 766]
Event: 0.138 Thread 0x000001b2e5c5fbe0 Exception <a 'java/lang/NoSuchMethodError'{0x0000000625d6b830}: 'void java.lang.invoke.DirectMethodHandle$Holder.invokeStaticInit(java.lang.Object, java.lang.Object)'> (0x0000000625d6b830) 
thrown [t:\workspace\open\src\hotspot\share\interpreter\linkResolver.cpp, line 766]
Event: 0.144 Thread 0x000001b292cc5240 Exception <a 'java/lang/NoSuchMethodError'{0x0000000625dd4df8}: 'void java.lang.invoke.DirectMethodHandle$Holder.invokeInterface(java.lang.Object, java.lang.Object)'> (0x0000000625dd4df8) 
thrown [t:\workspace\open\src\hotspot\share\interpreter\linkResolver.cpp, line 766]
Event: 0.161 Thread 0x000001b292cc5240 Exception <a 'java/lang/NoSuchMethodError'{0x0000000625f30ba8}: 'java.lang.Object java.lang.invoke.Invokers$Holder.invoke_MT(java.lang.Object, java.lang.Object, java.lang.Object, java.lang.Object, java.lang.Object)'> (0x0000000625f30ba8) 
thrown [t:\workspace\open\src\hotspot\share\interpreter\linkResolver.cpp, line 766]
Event: 0.162 Thread 0x000001b292cc5240 Exception <a 'java/lang/NoSuchMethodError'{0x0000000625f457d0}: 'int java.lang.invoke.DirectMethodHandle$Holder.invokeSpecial(java.lang.Object, java.lang.Object, java.lang.Object)'> (0x0000000625f457d0) 
thrown [t:\workspace\open\src\hotspot\share\interpreter\linkResolver.cpp, line 766]
Event: 0.163 Thread 0x000001b292cc5240 Exception <a 'java/lang/NoSuchMethodError'{0x0000000625f4cab8}: 'int java.lang.invoke.Invokers$Holder.linkToTargetMethod(java.lang.Object, java.lang.Object, java.lang.Object)'> (0x0000000625f4cab8) 
thrown [t:\workspace\open\src\hotspot\share\interpreter\linkResolver.cpp, line 766]
Event: 0.171 Thread 0x000001b292cc5240 Exception <a 'java/lang/NoSuchMethodError'{0x0000000625fef468}: 'void java.lang.invoke.DirectMethodHandle$Holder.invokeStatic(java.lang.Object, java.lang.Object, java.lang.Object)'> (0x0000000625fef468) 
thrown [t:\workspace\open\src\hotspot\share\interpreter\linkResolver.cpp, line 766]
Event: 0.191 Thread 0x000001b292cc4370 Exception <a 'java/lang/NoSuchMethodError'{0x0000000625fb6720}: 'int java.lang.invoke.DirectMethodHandle$Holder.invokeInterface(java.lang.Object, java.lang.Object)'> (0x0000000625fb6720) 
thrown [t:\workspace\open\src\hotspot\share\interpreter\linkResolver.cpp, line 766]
Event: 0.192 Thread 0x000001b292cc4370 Exception <a 'java/lang/IncompatibleClassChangeError'{0x0000000625fb9c08}: Found class java.lang.Object, but interface was expected> (0x0000000625fb9c08) 
thrown [t:\workspace\open\src\hotspot\share\interpreter\linkResolver.cpp, line 833]
Event: 0.193 Thread 0x000001b292cc5240 Exception <a 'java/lang/NoSuchMethodError'{0x000000062585c918}: 'java.lang.Object java.lang.invoke.DirectMethodHandle$Holder.invokeStaticInit(java.lang.Object, int, int, int, int)'> (0x000000062585c918) 
thrown [t:\workspace\open\src\hotspot\share\interpreter\linkResolver.cpp, line 766]
Event: 0.244 Thread 0x000001b292cc5240 Exception <a 'java/lang/NoSuchMethodError'{0x00000006259db200}: 'java.lang.Object java.lang.invoke.DirectMethodHandle$Holder.invokeStaticInit(java.lang.Object, java.lang.Object, int, int, int, int)'> (0x00000006259db200) 
thrown [t:\workspace\open\src\hotspot\share\interpreter\linkResolver.cpp, line 766]
Event: 0.275 Thread 0x000001b292cc5240 Exception <a 'java/lang/NoSuchMethodError'{0x0000000625abc5f0}: 'java.lang.Object java.lang.invoke.DirectMethodHandle$Holder.invokeSpecial(java.lang.Object, java.lang.Object, int, java.lang.Object, java.lang.Object)'> (0x0000000625abc5f0) 
thrown [t:\workspace\open\src\hotspot\share\interpreter\linkResolver.cpp, line 766]
Event: 0.279 Thread 0x000001b292cc5240 Exception <a 'java/lang/NoSuchMethodError'{0x0000000625ad80a8}: 'java.lang.Object java.lang.invoke.Invokers$Holder.invoke_MT(java.lang.Object, java.lang.Object, java.lang.Object)'> (0x0000000625ad80a8) 
thrown [t:\workspace\open\src\hotspot\share\interpreter\linkResolver.cpp, line 766]
Event: 0.293 Thread 0x000001b292cc4370 Exception <a 'java/lang/ClassNotFoundException'{0x0000000625bc03c0}: javax/management/remote/rmi/RMIServerImpl_Skel> (0x0000000625bc03c0) 
thrown [t:\workspace\open\src\hotspot\share\classfile\systemDictionary.cpp, line 256]
Event: 0.305 Thread 0x000001b292cc5240 Exception <a 'java/lang/NoSuchMethodError'{0x00000006254445a0}: 'void java.lang.invoke.DirectMethodHandle$Holder.invokeSpecial(java.lang.Object, java.lang.Object, java.lang.Object)'> (0x00000006254445a0) 
thrown [t:\workspace\open\src\hotspot\share\interpreter\linkResolver.cpp, line 766]
Event: 0.352 Thread 0x000001b292cc5be0 Exception <a 'java/lang/NoSuchMethodError'{0x00000006256cda88}: static [B.<clinit>()V> (0x00000006256cda88) 
thrown [t:\workspace\open\src\hotspot\share\prims\jni.cpp, line 1107]
Event: 0.356 Thread 0x000001b292cc5be0 Exception <a 'java/lang/ClassNotFoundException'{0x00000006256d62c8}: javax/management/remote/rmi/RMIConnectionImpl_Skel> (0x00000006256d62c8) 
thrown [t:\workspace\open\src\hotspot\share\classfile\systemDictionary.cpp, line 256]
Event: 0.435 Thread 0x000001b2e5c5fbe0 Exception <a 'java/lang/NoSuchMethodError'{0x000000062516a560}: 'void java.lang.invoke.DirectMethodHandle$Holder.invokeVirtual(java.lang.Object, java.lang.Object)'> (0x000000062516a560) 
thrown [t:\workspace\open\src\hotspot\share\interpreter\linkResolver.cpp, line 766]

VM Operations (20 events):
Event: 94.429 Executing VM operation: G1CollectForAllocation
Event: 94.430 Executing VM operation: G1CollectForAllocation done
Event: 94.633 Executing VM operation: G1CollectForAllocation
Event: 94.634 Executing VM operation: G1CollectForAllocation done
Event: 94.838 Executing VM operation: G1CollectForAllocation
Event: 94.839 Executing VM operation: G1CollectForAllocation done
Event: 95.049 Executing VM operation: G1CollectForAllocation
Event: 95.050 Executing VM operation: G1CollectForAllocation done
Event: 95.264 Executing VM operation: G1CollectForAllocation
Event: 95.265 Executing VM operation: G1CollectForAllocation done
Event: 95.482 Executing VM operation: G1CollectForAllocation
Event: 95.483 Executing VM operation: G1CollectForAllocation done
Event: 95.702 Executing VM operation: G1CollectForAllocation
Event: 95.703 Executing VM operation: G1CollectForAllocation done
Event: 95.910 Executing VM operation: G1CollectForAllocation
Event: 95.911 Executing VM operation: G1CollectForAllocation done
Event: 96.118 Executing VM operation: G1CollectForAllocation
Event: 96.118 Executing VM operation: G1CollectForAllocation done
Event: 96.351 Executing VM operation: G1CollectForAllocation
Event: 96.351 Executing VM operation: G1CollectForAllocation done

Events (20 events):
Event: 3.405 Thread 0x000001b293db9b10 Thread exited: 0x000001b293db9b10
Event: 3.406 Thread 0x000001b292db6420 Thread exited: 0x000001b292db6420
Event: 3.406 Thread 0x000001b292ded3e0 Thread exited: 0x000001b292ded3e0
Event: 32.468 Thread 0x000001b29b4358d0 Thread added: 0x000001b29b4358d0
Event: 32.468 Thread 0x000001b29b436800 Thread added: 0x000001b29b436800
Event: 32.468 Thread 0x000001b29b433050 Thread added: 0x000001b29b433050
Event: 37.449 Thread 0x000001b29b433050 Thread exited: 0x000001b29b433050
Event: 37.449 Thread 0x000001b29b436800 Thread exited: 0x000001b29b436800
Event: 37.452 Thread 0x000001b29b4358d0 Thread exited: 0x000001b29b4358d0
Event: 64.468 Thread 0x000001b29b433050 Thread added: 0x000001b29b433050
Event: 66.179 Thread 0x000001b29b433050 Thread exited: 0x000001b29b433050
Event: 96.468 Thread 0x000001b29b4358d0 Thread added: 0x000001b29b4358d0
Event: 96.531 loading class jdk/internal/misc/Signal$1
Event: 96.531 loading class jdk/internal/misc/Signal$1 done
Event: 96.531 Thread 0x000001b294367ed0 Thread added: 0x000001b294367ed0
Event: 96.531 Thread 0x000001b294364510 Thread added: 0x000001b294364510
Event: 96.531 Thread 0x000001b2943649e0 Thread added: 0x000001b2943649e0
Event: 96.531 Thread 0x000001b294368d40 Thread added: 0x000001b294368d40
Event: 96.532 Thread 0x000001b294364510 Thread exited: 0x000001b294364510
Event: 96.532 Thread 0x000001b294368d40 Thread exited: 0x000001b294368d40


Dynamic libraries:
0x00007ff77d920000 - 0x00007ff77d92e000 	C:\.jdk\jdk-17\bin\java.exe
0x00007ffc41d20000 - 0x00007ffc41f87000 	C:\WINDOWS\SYSTEM32\ntdll.dll
0x00007ffc3fc30000 - 0x00007ffc3fcf9000 	C:\WINDOWS\System32\KERNEL32.DLL
0x00007ffc3f3d0000 - 0x00007ffc3f7c7000 	C:\WINDOWS\System32\KERNELBASE.dll
0x00007ffc3f950000 - 0x00007ffc3fa9b000 	C:\WINDOWS\System32\ucrtbase.dll
0x00007ffc20620000 - 0x00007ffc20638000 	C:\.jdk\jdk-17\bin\jli.dll
0x00007ffc20b00000 - 0x00007ffc20b1a000 	C:\.jdk\jdk-17\bin\VCRUNTIME140.dll
0x00007ffc41610000 - 0x00007ffc417d6000 	C:\WINDOWS\System32\USER32.dll
0x00007ffc3f2e0000 - 0x00007ffc3f307000 	C:\WINDOWS\System32\win32u.dll
0x00007ffc1d3e0000 - 0x00007ffc1d672000 	C:\WINDOWS\WinSxS\amd64_microsoft.windows.common-controls_6595b64144ccf1df_6.0.26100.8457_none_3e0b2faee331e92d\COMCTL32.dll
0x00007ffc417e0000 - 0x00007ffc4180b000 	C:\WINDOWS\System32\GDI32.dll
0x00007ffc41c20000 - 0x00007ffc41cc9000 	C:\WINDOWS\System32\msvcrt.dll
0x00007ffc3f1b0000 - 0x00007ffc3f2dc000 	C:\WINDOWS\System32\gdi32full.dll
0x00007ffc3f100000 - 0x00007ffc3f1a3000 	C:\WINDOWS\System32\msvcp_win.dll
0x00007ffc40fa0000 - 0x00007ffc40fd2000 	C:\WINDOWS\System32\IMM32.DLL
0x00007ffc28340000 - 0x00007ffc2834c000 	C:\.jdk\jdk-17\bin\vcruntime140_1.dll
0x00007ffbcb910000 - 0x00007ffbcb99d000 	C:\.jdk\jdk-17\bin\msvcp140.dll
0x00007ffac4f70000 - 0x00007ffac5b2e000 	C:\.jdk\jdk-17\bin\server\jvm.dll
0x00007ffc40ee0000 - 0x00007ffc40f96000 	C:\WINDOWS\System32\ADVAPI32.dll
0x00007ffc40320000 - 0x00007ffc403c7000 	C:\WINDOWS\System32\sechost.dll
0x00007ffc3fb10000 - 0x00007ffc3fc28000 	C:\WINDOWS\System32\RPCRT4.dll
0x00007ffc411e0000 - 0x00007ffc411e8000 	C:\WINDOWS\System32\PSAPI.DLL
0x00007ffc25ca0000 - 0x00007ffc25cd6000 	C:\WINDOWS\SYSTEM32\WINMM.dll
0x00007ffc1e430000 - 0x00007ffc1e43a000 	C:\WINDOWS\SYSTEM32\WSOCK32.dll
0x00007ffc28d90000 - 0x00007ffc28d9b000 	C:\WINDOWS\SYSTEM32\VERSION.dll
0x00007ffc40e00000 - 0x00007ffc40e80000 	C:\WINDOWS\System32\WS2_32.dll
0x00007ffc3d4a0000 - 0x00007ffc3d4bb000 	C:\WINDOWS\SYSTEM32\kernel.appcore.dll
0x00007ffc28110000 - 0x00007ffc2811a000 	C:\.jdk\jdk-17\bin\jimage.dll
0x00007ffc3c830000 - 0x00007ffc3ca72000 	C:\WINDOWS\SYSTEM32\DBGHELP.DLL
0x00007ffc41280000 - 0x00007ffc41603000 	C:\WINDOWS\System32\combase.dll
0x00007ffc40ca0000 - 0x00007ffc40d79000 	C:\WINDOWS\System32\OLEAUT32.dll
0x00007ffc1ee20000 - 0x00007ffc1ee5b000 	C:\WINDOWS\SYSTEM32\dbgcore.DLL
0x00007ffc3efc0000 - 0x00007ffc3f068000 	C:\WINDOWS\System32\bcryptPrimitives.dll
0x00007ffc394f0000 - 0x00007ffc394fe000 	C:\.jdk\jdk-17\bin\instrument.dll
0x00007ffc25e50000 - 0x00007ffc25e75000 	C:\.jdk\jdk-17\bin\java.dll
0x00007ffbba480000 - 0x00007ffbba556000 	C:\.jdk\jdk-17\bin\svml.dll
0x00007ffc403d0000 - 0x00007ffc40b3e000 	C:\WINDOWS\System32\SHELL32.dll
0x00007ffc3e750000 - 0x00007ffc3efbc000 	C:\WINDOWS\System32\windows.storage.dll
0x00007ffc40ba0000 - 0x00007ffc40c96000 	C:\WINDOWS\System32\SHCORE.dll
0x00007ffc3faa0000 - 0x00007ffc3fb06000 	C:\WINDOWS\System32\shlwapi.dll
0x00007ffc3e670000 - 0x00007ffc3e699000 	C:\WINDOWS\SYSTEM32\profapi.dll
0x00007ffc0a430000 - 0x00007ffc0a448000 	C:\.jdk\jdk-17\bin\zip.dll
0x00007ffc20bb0000 - 0x00007ffc20bc9000 	C:\.jdk\jdk-17\bin\net.dll
0x00007ffc34ad0000 - 0x00007ffc34bf9000 	C:\WINDOWS\SYSTEM32\WINHTTP.dll
0x00007ffc3d9f0000 - 0x00007ffc3da5c000 	C:\WINDOWS\system32\mswsock.dll
0x00007ffc13230000 - 0x00007ffc13245000 	C:\.jdk\jdk-17\bin\nio.dll
0x00007ffc3d020000 - 0x00007ffc3d152000 	C:\WINDOWS\SYSTEM32\DNSAPI.dll
0x00007ffc3cfe0000 - 0x00007ffc3d012000 	C:\WINDOWS\SYSTEM32\IPHLPAPI.DLL
0x00007ffc418d0000 - 0x00007ffc418da000 	C:\WINDOWS\System32\NSI.dll
0x00007ffc34fe0000 - 0x00007ffc34feb000 	C:\Windows\System32\rasadhlp.dll
0x00007ffc35460000 - 0x00007ffc354e6000 	C:\WINDOWS\System32\fwpuclnt.dll
0x00007ffc394c0000 - 0x00007ffc394c9000 	C:\.jdk\jdk-17\bin\management.dll
0x00007ffc37460000 - 0x00007ffc3746b000 	C:\.jdk\jdk-17\bin\management_ext.dll
0x00007ffc3ddf0000 - 0x00007ffc3de0b000 	C:\WINDOWS\SYSTEM32\CRYPTSP.dll
0x00007ffc3d400000 - 0x00007ffc3d439000 	C:\WINDOWS\system32\rsaenh.dll
0x00007ffc3daa0000 - 0x00007ffc3dad3000 	C:\WINDOWS\SYSTEM32\USERENV.dll
0x00007ffc3e640000 - 0x00007ffc3e66a000 	C:\WINDOWS\SYSTEM32\bcrypt.dll
0x00007ffc3dc50000 - 0x00007ffc3dc5c000 	C:\WINDOWS\SYSTEM32\CRYPTBASE.dll
0x00007ffc35090000 - 0x00007ffc350ad000 	C:\WINDOWS\SYSTEM32\dhcpcsvc6.DLL
0x00007ffc34da0000 - 0x00007ffc34dc5000 	C:\WINDOWS\SYSTEM32\dhcpcsvc.DLL
0x00007ffc19760000 - 0x00007ffc19778000 	C:\WINDOWS\system32\napinsp.dll
0x00007ffc18cf0000 - 0x00007ffc18d03000 	C:\WINDOWS\System32\winrnr.dll
0x00007ffc18c30000 - 0x00007ffc18c52000 	C:\WINDOWS\system32\nlansp_c.dll
0x00007ffc2b9c0000 - 0x00007ffc2b9d6000 	C:\WINDOWS\system32\wshbth.dll
0x00007ffc280e0000 - 0x00007ffc280ee000 	C:\.jdk\jdk-17\bin\sunmscapi.dll
0x00007ffc3f7d0000 - 0x00007ffc3f948000 	C:\WINDOWS\System32\CRYPT32.dll
0x00007ffc3dfc0000 - 0x00007ffc3dff0000 	C:\WINDOWS\SYSTEM32\ncrypt.dll
0x00007ffc3df70000 - 0x00007ffc3dfaf000 	C:\WINDOWS\SYSTEM32\NTASN1.dll
0x00007ffc082d0000 - 0x00007ffc082d8000 	C:\WINDOWS\system32\wshunix.dll
0x00007ffbfffa0000 - 0x00007ffbffff6000 	C:\WINDOWS\SYSTEM32\pdh.dll
0x00007ffc37140000 - 0x00007ffc37152000 	C:\WINDOWS\System32\perfproc.dll
0x00007ffc279c0000 - 0x00007ffc279d1000 	C:\WINDOWS\System32\perfos.dll
0x00007ffc3cb80000 - 0x00007ffc3cb92000 	C:\WINDOWS\SYSTEM32\pfclient.dll

dbghelp: loaded successfully - version: 4.0.5 - missing functions: none
symbol engine: initialized successfully - sym options: 0x614 - pdb path: .;C:\.jdk\jdk-17\bin;C:\WINDOWS\SYSTEM32;C:\WINDOWS\WinSxS\amd64_microsoft.windows.common-controls_6595b64144ccf1df_6.0.26100.8457_none_3e0b2faee331e92d;C:\.jdk\jdk-17\bin\server

VM Arguments:
jvm_args: --add-exports=java.base/jdk.internal.misc=ALL-UNNAMED --add-opens=java.base/jdk.internal.misc=ALL-UNNAMED --add-opens=java.base/java.nio=ALL-UNNAMED --add-opens=java.base/sun.nio.ch=ALL-UNNAMED -javaagent:C:\Program Files\JetBrains\IntelliJ IDEA 2024.3.5\lib\idea_rt.jar=49712 -Dfile.encoding=UTF-8 
java_command: com.resourcebox.demo.NewValidationApp
java_class_path (initial): C:\hooniegit\Git\ResourceBox\MediaDriver\java\MediaDriver\target\classes;C:\Users\dhkim\.m2\repository\io\aeron\aeron-all\1.50.4\aeron-all-1.50.4.jar;C:\Users\dhkim\.m2\repository\org\slf4j\slf4j-api\2.0.17\slf4j-api-2.0.17.jar
Launcher Type: SUN_STANDARD

[Global flags]
     intx CICompilerCount                          = 12                                        {product} {ergonomic}
     uint ConcGCThreads                            = 4                                         {product} {ergonomic}
     uint G1ConcRefinementThreads                  = 14                                        {product} {ergonomic}
   size_t G1HeapRegionSize                         = 4194304                                   {product} {ergonomic}
    uintx GCDrainStackTargetSize                   = 64                                        {product} {ergonomic}
   size_t InitialHeapSize                          = 532676608                                 {product} {ergonomic}
   size_t MarkStackSize                            = 4194304                                   {product} {ergonomic}
   size_t MaxHeapSize                              = 8480882688                                {product} {ergonomic}
   size_t MaxNewSize                               = 5087690752                                {product} {ergonomic}
   size_t MinHeapDeltaBytes                        = 4194304                                   {product} {ergonomic}
   size_t MinHeapSize                              = 8388608                                   {product} {ergonomic}
    uintx NonNMethodCodeHeapSize                   = 7602480                                {pd product} {ergonomic}
    uintx NonProfiledCodeHeapSize                  = 122027880                              {pd product} {ergonomic}
    uintx ProfiledCodeHeapSize                     = 122027880                              {pd product} {ergonomic}
    uintx ReservedCodeCacheSize                    = 251658240                              {pd product} {ergonomic}
     bool SegmentedCodeCache                       = true                                      {product} {ergonomic}
   size_t SoftMaxHeapSize                          = 8480882688                             {manageable} {ergonomic}
     bool UseCompressedClassPointers               = true                           {product lp64_product} {ergonomic}
     bool UseCompressedOops                        = true                           {product lp64_product} {ergonomic}
     bool UseG1GC                                  = true                                      {product} {ergonomic}
     bool UseLargePagesIndividualAllocation        = false                                  {pd product} {ergonomic}

Logging:
Log output configuration:
 #0: stdout all=warning uptime,level,tags
 #1: stderr all=off uptime,level,tags

Environment Variables:
JAVA_HOME=C:\.jdk\jdk-17
PATH=c:\Users\dhkim\AppData\Local\Programs\cursor\resources\app\bin;C:\Program Files (x86)\Microsoft\Edge\Application;C:\WINDOWS\system32;C:\WINDOWS;C:\WINDOWS\System32\Wbem;C:\WINDOWS\System32\WindowsPowerShell\v1.0\;C:\WINDOWS\System32\OpenSSH\;C:\Program Files (x86)\Microsoft SQL Server\160\Tools\Binn\;C:\Program Files\Microsoft SQL Server\160\Tools\Binn\;C:\Program Files\Microsoft SQL Server\Client SDK\ODBC\170\Tools\Binn\;C:\Program Files\Microsoft SQL Server\160\DTS\Binn\;C:\Program Files (x86)\Microsoft SQL Server\160\DTS\Binn\;C:\Program Files\Bandizip\;C:\Program Files\dotnet\;C:\Program Files\Git\cmd;C:\.jdk\jdk-17\bin;C:\Program Files\Microsoft SQL Server\150\Tools\Binn\;C:\Program Files (x86)\Windows Kits\10\Windows Performance Toolkit\;C:\Users\dhkim\AppData\Local\Programs\Python\Launcher\;C:\Users\dhkim\AppData\Local\Microsoft\WindowsApps;C:\Users\dhkim\.dotnet\tools;c:\Users\dhkim\AppData\Local\Programs\cursor\resources\app\bin;c:\Users\dhkim\AppData\Local\Programs\cursor\resources\app\bin;C:\Users\dhkim\protoc\bin;C:\Users\dhkim\AppData\Local\Programs\Python\Launcher\;C:\Users\dhkim\AppData\Local\Microsoft\WindowsApps;C:\Users\dhkim\AppData\Local\Programs\Microsoft VS Code\bin;C:\Users\dhkim\.dotnet\tools;C:\Users\dhkim\AppData\Local\Programs\cursor\resources\app\bin;C:\Program Files\JetBrains\IntelliJ IDEA 2024.3.5\bin;;C:\Users\dhkim\AppData\Local\JetBrains\PyCharm 2025.1.1\bin;
USERNAME=dhkim
OS=Windows_NT
PROCESSOR_IDENTIFIER=Intel64 Family 6 Model 170 Stepping 4, GenuineIntel



---------------  S Y S T E M  ---------------

OS:
 Windows 10 , 64 bit Build 26100 (10.0.26100.8328)
OS uptime: 6 days 11:04 hours
Hyper-V role detected

CPU: total 18 (initial active 18) (9 cores per cpu, 2 threads per core) family 6 model 170 stepping 4 microcode 0x1c, cx8, cmov, fxsr, ht, mmx, 3dnowpref, sse, sse2, sse3, ssse3, sse4.1, sse4.2, popcnt, lzcnt, tsc, tscinvbit, avx, avx2, aes, erms, clmul, bmi1, bmi2, adx, sha, fma, vzeroupper, clflush, clflushopt, clwb, hv

Memory: 4k page, system-wide physical 32348M (9666M free)
TotalPageFile size 48732M (AvailPageFile size 13492M)
current process WorkingSet (physical memory assigned to process): 573M, peak: 981M
current process commit charge ("private bytes"): 649M, peak: 676M

vm_info: OpenJDK 64-Bit Server VM (17+35-2724) for windows-amd64 JRE (17+35-2724), built on Aug  5 2021 23:26:02 by "mach5one" with MS VC++ 16.8 (VS2019)

END.
