#
# A fatal error has been detected by the Java Runtime Environment:
#
#  EXCEPTION_ACCESS_VIOLATION (0xc0000005) at pc=0x000001c907c60ab9, pid=19556, tid=68276
#
# JRE version: OpenJDK Runtime Environment (17.0+35) (build 17+35-2724)
# Java VM: OpenJDK 64-Bit Server VM (17+35-2724, mixed mode, sharing, tiered, compressed oops, compressed class ptrs, g1 gc, windows-amd64)
# Problematic frame:
# J 1654 c2 io.aeron.driver.DriverConductor.trackTime(J)V (53 bytes) @ 0x000001c907c60ab9 [0x000001c907c60a20+0x0000000000000099]
#
# No core dump will be written. Minidumps are not enabled by default on client versions of Windows
#
# If you would like to submit a bug report, please visit:
#   https://bugreport.java.com/bugreport/crash.jsp
#

---------------  S U M M A R Y ------------

Command Line: --add-exports=java.base/jdk.internal.misc=ALL-UNNAMED --add-opens=java.base/jdk.internal.misc=ALL-UNNAMED --add-opens=java.base/java.nio=ALL-UNNAMED --add-opens=java.base/sun.nio.ch=ALL-UNNAMED -javaagent:C:\Program Files\JetBrains\IntelliJ IDEA 2024.3.5\lib\idea_rt.jar=52820 -Dfile.encoding=UTF-8 com.resourcebox.demo.NewValidationApp

Host: Intel(R) Core(TM) Ultra 5 125H, 18 cores, 31G,  Windows 10 , 64 bit Build 26100 (10.0.26100.8328)
Time: Tue Jun 16 07:52:32 2026  Windows 10 , 64 bit Build 26100 (10.0.26100.8328) elapsed time: 24.762341 seconds (0d 0h 0m 24s)

---------------  T H R E A D  ---------------

Current thread (0x000001c97df5de20):  JavaThread "driver-conductor" daemon [_thread_in_Java, id=68276, stack(0x0000006e97200000,0x0000006e97300000)]

Stack: [0x0000006e97200000,0x0000006e97300000],  sp=0x0000006e972fee20,  free space=1019k
Native frames: (J=compiled Java code, j=interpreted, Vv=VM code, C=native code)
C  0x000001c907c60ab9


siginfo: EXCEPTION_ACCESS_VIOLATION (0xc0000005), reading address 0x000001c920ec1100


Register to memory mapping:

RIP=0x000001c907c60ab9 is at entry_point+153 in (nmethod*)0x000001c907c60890
RAX={method} {0x000001c97d2cb3d8} 'trackTime' '(J)V' in 'io/aeron/driver/DriverConductor'
RBX=0x000000000018c694 is an unknown value
RCX=0x0000000606808af0 is an oop: io.aeron.driver.DriverConductor 
{0x0000000606808af0} - klass: 'io/aeron/driver/DriverConductor'
 - ---- fields (total size 25 words):
 - private 'nextSessionId' 'I' @12  -509320197 (e1a463fb)
 - private final 'timerIntervalNs' 'J' @16  1000000000 (3b9aca00 0)
 - private final 'clientLivenessTimeoutNs' 'J' @24  10000000000 (540be400 2)
 - private 'timeOfLastToDriverPositionChangeNs' 'J' @32  601017634965800 (52a2c928 2229f)
 - private 'lastCommandConsumerPosition' 'J' @40  104 (68 0)
 - private 'timerCheckDeadlineNs' 'J' @48  601018634965800 (8e3d9328 2229f)
 - private 'clockUpdateDeadlineNs' 'J' @56  601017930477200 (643fee90 2229f)
 - private final 'asyncExecutionDisabled' 'Z' @64  false
 - private 'asyncClientCommandInFlight' 'Z' @65  false
 - private final 'ctx' 'Lio/aeron/driver/MediaDriver$Context;' @68  a 'io/aeron/driver/MediaDriver$Context'{0x00000006068017e8} (c0d002fd)
 - private final 'logFactory' 'Lio/aeron/driver/buffer/LogFactory;' @72  a 'io/aeron/driver/buffer/FileStoreLogFactory'{0x0000000606808d28} (c0d011a5)
 - private final 'receiverProxy' 'Lio/aeron/driver/ReceiverProxy;' @76  a 'io/aeron/driver/ReceiverProxy'{0x000000060687cea8} (c0d0f9d5)
 - private final 'senderProxy' 'Lio/aeron/driver/SenderProxy;' @80  a 'io/aeron/driver/SenderProxy'{0x000000060687cec8} (c0d0f9d9)
 - private final 'clientProxy' 'Lio/aeron/driver/ClientProxy;' @84  a 'io/aeron/driver/ClientProxy'{0x000000060687cee8} (c0d0f9dd)
 - private final 'toDriverCommands' 'Lorg/agrona/concurrent/ringbuffer/RingBuffer;' @88  a 'org/agrona/concurrent/ringbuffer/ManyToOneRingBuffer'{0x0000000606890010} (c0d12002)
 - private final 'clientCommandAdapter' 'Lio/aeron/driver/ClientCommandAdapter;' @92  a 'io/aeron/driver/ClientCommandAdapter'{0x00000006068b41f8} (c0d1683f)
 - private final 'driverCmdQueue' 'Lorg/agrona/concurrent/ManyToOneConcurrentLinkedQueue;' @96  a 'org/agrona/concurrent/ManyToOneConcurrentLinkedQueue'{0x000000060687ab78} (c0d0f56f)
 - private final 'sendChannelEndpointByChannelMap' 'Lorg/agrona/collections/Object2ObjectHashMap;' @100  a 'org/agrona/collections/Object2ObjectHashMap'{0x00000006068b4388} (c0d16871)
 - private final 'receiveChannelEndpointByChannelMap' 'Lorg/agrona/collections/Object2ObjectHashMap;' @104  a 'org/agrona/collections/Object2ObjectHashMap'{0x00000006068b4408} (c0d16881)
 - private final 'networkPublications' 'Ljava/util/ArrayList;' @108  a 'java/util/ArrayList'{0x00000006068b4488} (c0d16891)
 - private final 'ipcPublications' 'Ljava/util/ArrayList;' @112  a 'java/util/ArrayList'{0x00000006068b44a0} (c0d16894)
 - private final 'publicationImages' 'Ljava/util/ArrayList;' @116  a 'java/util/ArrayList'{0x00000006068b48e8} (c0d1691d)
 - private final 'publicationLinks' 'Ljava/util/ArrayList;' @120  a 'java/util/ArrayList'{0x00000006068b4900} (c0d16920)
 - private final 'subscriptionLinks' 'Ljava/util/ArrayList;' @124  a 'java/util/ArrayList'{0x00000006068b7a40} (c0d16f48)
 - private final 'counterLinks' 'Ljava/util/ArrayList;' @128  a 'java/util/ArrayList'{0x00000006068b7c08} (c0d16f81)
 - private final 'clients' 'Ljava/util/ArrayList;' @132  a 'java/util/ArrayList'{0x00000006068b7c20} (c0d16f84)
 - private final 'endOfLifeResources' 'Ljava/util/ArrayDeque;' @136  a 'java/util/ArrayDeque'{0x00000006068b7c70} (c0d16f8e)
 - private final 'activeSessionSet' 'Lorg/agrona/collections/ObjectHashSet;' @140  a 'org/agrona/collections/ObjectHashSet'{0x00000006068b7ce0} (c0d16f9c)
 - private final 'epochClock' 'Lorg/agrona/concurrent/EpochClock;' @144  a 'org/agrona/concurrent/SystemEpochClock'{0x0000000606808d90} (c0d011b2)
 - private final 'nanoClock' 'Lorg/agrona/concurrent/NanoClock;' @148  a 'org/agrona/concurrent/SystemNanoClock'{0x0000000606811048} (c0d02209)
 - private final 'cachedEpochClock' 'Lorg/agrona/concurrent/CachedEpochClock;' @152  a 'org/agrona/concurrent/CachedEpochClock'{0x00000006068223c8} (c0d04479)
 - private final 'cachedNanoClock' 'Lorg/agrona/concurrent/CachedNanoClock;' @156  a 'org/agrona/concurrent/CachedNanoClock'{0x0000000606822460} (c0d0448c)
 - private final 'countersManager' 'Lorg/agrona/concurrent/status/CountersManager;' @160  a 'org/agrona/concurrent/status/CountersManager'{0x0000000606827b28} (c0d04f65)
 - private final 'networkPublicationThreadLocals' 'Lio/aeron/driver/NetworkPublicationThreadLocals;' @164  a 'io/aeron/driver/NetworkPublicationThreadLocals'{0x00000006068b7d80} (c0d16fb0)
 - private final 'tempBuffer' 'Lorg/agrona/MutableDirectBuffer;' @168  a 'org/agrona/concurrent/UnsafeBuffer'{0x0000000606822910} (c0d04522)
 - private final 'defaultDataHeader' 'Lio/aeron/protocol/DataHeaderFlyweight;' @172  a 'io/aeron/protocol/DataHeaderFlyweight'{0x00000006068b7ee0} (c0d16fdc)
 - private final 'errorCounter' 'Lorg/agrona/concurrent/status/AtomicCounter;' @176  a 'org/agrona/concurrent/status/AtomicCounter'{0x0000000606827b00} (c0d04f60)
 - private final 'imagesRejected' 'Lorg/agrona/concurrent/status/AtomicCounter;' @180  a 'org/agrona/concurrent/status/AtomicCounter'{0x0000000606864118} (c0d0c823)
 - private final 'dutyCycleTracker' 'Lio/aeron/driver/DutyCycleTracker;' @184  a 'io/aeron/driver/status/DutyCycleStallTracker'{0x00000006068900b0} (c0d12016)
 - private final 'asyncTaskExecutor' 'Ljava/util/concurrent/Executor;' @188  a 'java/util/concurrent/ThreadPoolExecutor'{0x0000000606805d58} (c0d00bab)
 - private 'nameResolver' 'Lio/aeron/driver/TimeTrackingNameResolver;' @192  a 'io/aeron/driver/TimeTrackingNameResolver'{0x00000006068b7f48} (c0d16fe9)
RDX=0x0000000606808af0 is an oop: io.aeron.driver.DriverConductor 
{0x0000000606808af0} - klass: 'io/aeron/driver/DriverConductor'
 - ---- fields (total size 25 words):
 - private 'nextSessionId' 'I' @12  -509320197 (e1a463fb)
 - private final 'timerIntervalNs' 'J' @16  1000000000 (3b9aca00 0)
 - private final 'clientLivenessTimeoutNs' 'J' @24  10000000000 (540be400 2)
 - private 'timeOfLastToDriverPositionChangeNs' 'J' @32  601017634965800 (52a2c928 2229f)
 - private 'lastCommandConsumerPosition' 'J' @40  104 (68 0)
 - private 'timerCheckDeadlineNs' 'J' @48  601018634965800 (8e3d9328 2229f)
 - private 'clockUpdateDeadlineNs' 'J' @56  601017930477200 (643fee90 2229f)
 - private final 'asyncExecutionDisabled' 'Z' @64  false
 - private 'asyncClientCommandInFlight' 'Z' @65  false
 - private final 'ctx' 'Lio/aeron/driver/MediaDriver$Context;' @68  a 'io/aeron/driver/MediaDriver$Context'{0x00000006068017e8} (c0d002fd)
 - private final 'logFactory' 'Lio/aeron/driver/buffer/LogFactory;' @72  a 'io/aeron/driver/buffer/FileStoreLogFactory'{0x0000000606808d28} (c0d011a5)
 - private final 'receiverProxy' 'Lio/aeron/driver/ReceiverProxy;' @76  a 'io/aeron/driver/ReceiverProxy'{0x000000060687cea8} (c0d0f9d5)
 - private final 'senderProxy' 'Lio/aeron/driver/SenderProxy;' @80  a 'io/aeron/driver/SenderProxy'{0x000000060687cec8} (c0d0f9d9)
 - private final 'clientProxy' 'Lio/aeron/driver/ClientProxy;' @84  a 'io/aeron/driver/ClientProxy'{0x000000060687cee8} (c0d0f9dd)
 - private final 'toDriverCommands' 'Lorg/agrona/concurrent/ringbuffer/RingBuffer;' @88  a 'org/agrona/concurrent/ringbuffer/ManyToOneRingBuffer'{0x0000000606890010} (c0d12002)
 - private final 'clientCommandAdapter' 'Lio/aeron/driver/ClientCommandAdapter;' @92  a 'io/aeron/driver/ClientCommandAdapter'{0x00000006068b41f8} (c0d1683f)
 - private final 'driverCmdQueue' 'Lorg/agrona/concurrent/ManyToOneConcurrentLinkedQueue;' @96  a 'org/agrona/concurrent/ManyToOneConcurrentLinkedQueue'{0x000000060687ab78} (c0d0f56f)
 - private final 'sendChannelEndpointByChannelMap' 'Lorg/agrona/collections/Object2ObjectHashMap;' @100  a 'org/agrona/collections/Object2ObjectHashMap'{0x00000006068b4388} (c0d16871)
 - private final 'receiveChannelEndpointByChannelMap' 'Lorg/agrona/collections/Object2ObjectHashMap;' @104  a 'org/agrona/collections/Object2ObjectHashMap'{0x00000006068b4408} (c0d16881)
 - private final 'networkPublications' 'Ljava/util/ArrayList;' @108  a 'java/util/ArrayList'{0x00000006068b4488} (c0d16891)
 - private final 'ipcPublications' 'Ljava/util/ArrayList;' @112  a 'java/util/ArrayList'{0x00000006068b44a0} (c0d16894)
 - private final 'publicationImages' 'Ljava/util/ArrayList;' @116  a 'java/util/ArrayList'{0x00000006068b48e8} (c0d1691d)
 - private final 'publicationLinks' 'Ljava/util/ArrayList;' @120  a 'java/util/ArrayList'{0x00000006068b4900} (c0d16920)
 - private final 'subscriptionLinks' 'Ljava/util/ArrayList;' @124  a 'java/util/ArrayList'{0x00000006068b7a40} (c0d16f48)
 - private final 'counterLinks' 'Ljava/util/ArrayList;' @128  a 'java/util/ArrayList'{0x00000006068b7c08} (c0d16f81)
 - private final 'clients' 'Ljava/util/ArrayList;' @132  a 'java/util/ArrayList'{0x00000006068b7c20} (c0d16f84)
 - private final 'endOfLifeResources' 'Ljava/util/ArrayDeque;' @136  a 'java/util/ArrayDeque'{0x00000006068b7c70} (c0d16f8e)
 - private final 'activeSessionSet' 'Lorg/agrona/collections/ObjectHashSet;' @140  a 'org/agrona/collections/ObjectHashSet'{0x00000006068b7ce0} (c0d16f9c)
 - private final 'epochClock' 'Lorg/agrona/concurrent/EpochClock;' @144  a 'org/agrona/concurrent/SystemEpochClock'{0x0000000606808d90} (c0d011b2)
 - private final 'nanoClock' 'Lorg/agrona/concurrent/NanoClock;' @148  a 'org/agrona/concurrent/SystemNanoClock'{0x0000000606811048} (c0d02209)
 - private final 'cachedEpochClock' 'Lorg/agrona/concurrent/CachedEpochClock;' @152  a 'org/agrona/concurrent/CachedEpochClock'{0x00000006068223c8} (c0d04479)
 - private final 'cachedNanoClock' 'Lorg/agrona/concurrent/CachedNanoClock;' @156  a 'org/agrona/concurrent/CachedNanoClock'{0x0000000606822460} (c0d0448c)
 - private final 'countersManager' 'Lorg/agrona/concurrent/status/CountersManager;' @160  a 'org/agrona/concurrent/status/CountersManager'{0x0000000606827b28} (c0d04f65)
 - private final 'networkPublicationThreadLocals' 'Lio/aeron/driver/NetworkPublicationThreadLocals;' @164  a 'io/aeron/driver/NetworkPublicationThreadLocals'{0x00000006068b7d80} (c0d16fb0)
 - private final 'tempBuffer' 'Lorg/agrona/MutableDirectBuffer;' @168  a 'org/agrona/concurrent/UnsafeBuffer'{0x0000000606822910} (c0d04522)
 - private final 'defaultDataHeader' 'Lio/aeron/protocol/DataHeaderFlyweight;' @172  a 'io/aeron/protocol/DataHeaderFlyweight'{0x00000006068b7ee0} (c0d16fdc)
 - private final 'errorCounter' 'Lorg/agrona/concurrent/status/AtomicCounter;' @176  a 'org/agrona/concurrent/status/AtomicCounter'{0x0000000606827b00} (c0d04f60)
 - private final 'imagesRejected' 'Lorg/agrona/concurrent/status/AtomicCounter;' @180  a 'org/agrona/concurrent/status/AtomicCounter'{0x0000000606864118} (c0d0c823)
 - private final 'dutyCycleTracker' 'Lio/aeron/driver/DutyCycleTracker;' @184  a 'io/aeron/driver/status/DutyCycleStallTracker'{0x00000006068900b0} (c0d12016)
 - private final 'asyncTaskExecutor' 'Ljava/util/concurrent/Executor;' @188  a 'java/util/concurrent/ThreadPoolExecutor'{0x0000000606805d58} (c0d00bab)
 - private 'nameResolver' 'Lio/aeron/driver/TimeTrackingNameResolver;' @192  a 'io/aeron/driver/TimeTrackingNameResolver'{0x00000006068b7f48} (c0d16fe9)
RSP=0x0000006e972fee20 is pointing into the stack for thread: 0x000001c97df5de20
RBP=0x0 is NULL
RSI=0x0000000000000011 is an unknown value
RDI=0x00000006068900b0 is an oop: io.aeron.driver.status.DutyCycleStallTracker 
{0x00000006068900b0} - klass: 'io/aeron/driver/status/DutyCycleStallTracker'
 - ---- fields (total size 21 words):
 - 'p000' 'B' @12  0
 - 'p001' 'B' @13  0
 - 'p002' 'B' @14  0
 - 'p003' 'B' @15  0
 - 'p004' 'B' @16  0
 - 'p005' 'B' @17  0
 - 'p006' 'B' @18  0
 - 'p007' 'B' @19  0
 - 'p008' 'B' @20  0
 - 'p009' 'B' @21  0
 - 'p010' 'B' @22  0
 - 'p011' 'B' @23  0
 - 'p012' 'B' @24  0
 - 'p013' 'B' @25  0
 - 'p014' 'B' @26  0
 - 'p015' 'B' @27  0
 - 'p016' 'B' @28  0
 - 'p017' 'B' @29  0
 - 'p018' 'B' @30  0
 - 'p019' 'B' @31  0
 - 'p020' 'B' @32  0
 - 'p021' 'B' @33  0
 - 'p022' 'B' @34  0
 - 'p023' 'B' @35  0
 - 'p024' 'B' @36  0
 - 'p025' 'B' @37  0
 - 'p026' 'B' @38  0
 - 'p027' 'B' @39  0
 - 'p028' 'B' @40  0
 - 'p029' 'B' @41  0
 - 'p030' 'B' @42  0
 - 'p031' 'B' @43  0
 - 'p032' 'B' @44  0
 - 'p033' 'B' @45  0
 - 'p034' 'B' @46  0
 - 'p035' 'B' @47  0
 - 'p036' 'B' @48  0
 - 'p037' 'B' @49  0
 - 'p038' 'B' @50  0
 - 'p039' 'B' @51  0
 - 'p040' 'B' @52  0
 - 'p041' 'B' @53  0
 - 'p042' 'B' @54  0
 - 'p043' 'B' @55  0
 - 'p044' 'B' @56  0
 - 'p045' 'B' @57  0
 - 'p046' 'B' @58  0
 - 'p047' 'B' @59  0
 - 'p048' 'B' @60  0
 - 'p049' 'B' @61  0
 - 'p050' 'B' @62  0
 - 'p051' 'B' @63  0
 - 'p052' 'B' @64  0
 - 'p053' 'B' @65  0
 - 'p054' 'B' @66  0
 - 'p055' 'B' @67  0
 - 'p056' 'B' @68  0
 - 'p057' 'B' @69  0
 - 'p058' 'B' @70  0
 - 'p059' 'B' @71  0
 - 'p060' 'B' @72  0
 - 'p061' 'B' @73  0
 - 'p062' 'B' @74  0
 - 'p063' 'B' @75  0
 - 'timeOfLastUpdateNs' 'J' @80  601017931250400 (644bbae0 2229f)
 - 'p064' 'B' @76  0
 - 'p065' 'B' @77  0
 - 'p066' 'B' @78  0
 - 'p067' 'B' @79  0
 - 'p068' 'B' @88  0
 - 'p069' 'B' @89  0
 - 'p070' 'B' @90  0
 - 'p071' 'B' @91  0
 - 'p072' 'B' @92  0
 - 'p073' 'B' @93  0
 - 'p074' 'B' @94  0
 - 'p075' 'B' @95  0
 - 'p076' 'B' @96  0
 - 'p077' 'B' @97  0
 - 'p078' 'B' @98  0
 - 'p079' 'B' @99  0
 - 'p080' 'B' @100  0
 - 'p081' 'B' @101  0
 - 'p082' 'B' @102  0
 - 'p083' 'B' @103  0
 - 'p084' 'B' @104  0
 - 'p085' 'B' @105  0
 - 'p086' 'B' @106  0
 - 'p087' 'B' @107  0
 - 'p088' 'B' @108  0
 - 'p089' 'B' @109  0
 - 'p090' 'B' @110  0
 - 'p091' 'B' @111  0
 - 'p092' 'B' @112  0
 - 'p093' 'B' @113  0
 - 'p094' 'B' @114  0
 - 'p095' 'B' @115  0
 - 'p096' 'B' @116  0
 - 'p097' 'B' @117  0
 - 'p098' 'B' @118  0
 - 'p099' 'B' @119  0
 - 'p100' 'B' @120  0
 - 'p101' 'B' @121  0
 - 'p102' 'B' @122  0
 - 'p103' 'B' @123  0
 - 'p104' 'B' @124  0
 - 'p105' 'B' @125  0
 - 'p106' 'B' @126  0
 - 'p107' 'B' @127  0
 - 'p108' 'B' @128  0
 - 'p109' 'B' @129  0
 - 'p110' 'B' @130  0
 - 'p111' 'B' @131  0
 - 'p112' 'B' @132  0
 - 'p113' 'B' @133  0
 - 'p114' 'B' @134  0
 - 'p115' 'B' @135  0
 - 'p116' 'B' @136  0
 - 'p117' 'B' @137  0
 - 'p118' 'B' @138  0
 - 'p119' 'B' @139  0
 - 'p120' 'B' @140  0
 - 'p121' 'B' @141  0
 - 'p122' 'B' @142  0
 - 'p123' 'B' @143  0
 - 'p124' 'B' @144  0
 - 'p125' 'B' @145  0
 - 'p126' 'B' @146  0
 - 'p127' 'B' @147  0
 - private final 'maxCycleTime' 'Lorg/agrona/concurrent/status/AtomicCounter;' @148  a 'org/agrona/concurrent/status/AtomicCounter'{0x0000000606868c40} (c0d0d188)
 - private final 'cycleTimeThresholdNs' 'J' @152  100000000 (5f5e100 0)
 - private final 'cycleTimeThresholdExceededCount' 'Lorg/agrona/concurrent/status/AtomicCounter;' @160  a 'org/agrona/concurrent/status/AtomicCounter'{0x0000000606868c18} (c0d0d183)
R8 =0x0002229f644bbae0 is an unknown value
R9 =0x000001c920ec1100 is an unknown value
R10=0x0 is NULL
R11=0x000001c920ec1100 is an unknown value
R12=0x0 is NULL
R13=0x0000006e972feeb0 is pointing into the stack for thread: 0x000001c97df5de20
R14=0x0000006e972fef38 is pointing into the stack for thread: 0x000001c97df5de20
R15=0x000001c97df5de20 is a thread


Registers:
RAX=0x000001c97d2cb3d0, RBX=0x000000000018c694, RCX=0x0000000606808af0, RDX=0x0000000606808af0
RSP=0x0000006e972fee20, RBP=0x0000000000000000, RSI=0x0000000000000011, RDI=0x00000006068900b0
R8 =0x0002229f644bbae0, R9 =0x000001c920ec1100, R10=0x0000000000000000, R11=0x000001c920ec1100
R12=0x0000000000000000, R13=0x0000006e972feeb0, R14=0x0000006e972fef38, R15=0x000001c97df5de20
RIP=0x000001c907c60ab9, EFLAGS=0x0000000000010246

Top of Stack: (sp=0x0000006e972fee20)
0x0000006e972fee20:   0000000000000000 0000000000000000
0x0000006e972fee30:   0000000800d15400 00007ffac55db11f
0x0000006e972fee40:   000001c97d08b850 000001c97d2cb818
0x0000006e972fee50:   0000000000000000 0000006e972feea0
0x0000006e972fee60:   000001c97df5de20 000001c907c580b9
0x0000006e972fee70:   000005775a9a5b78 0000000000000000
0x0000006e972fee80:   0000000000000011 0000000800d15400
0x0000006e972fee90:   0000006e972fef10 000001c9000094fe
0x0000006e972feea0:   0000006e972fef10 000001c9000094fe
0x0000006e972feeb0:   0002229f644bbae0 0000000000000000
0x0000006e972feec0:   0000000606808af0 0000006e972feec8
0x0000006e972feed0:   000001c97d2c5804 0000006e972fef38
0x0000006e972feee0:   000001c97d2d27b8 000001c97e867958
0x0000006e972feef0:   000000060696bb98 000001c97d2c5888
0x0000006e972fef00:   0000006e972feeb0 0000006e972fef40
0x0000006e972fef10:   00000006068007b8 000001c907c37ae0 

Instructions: (pc=0x000001c907c60ab9)
0x000001c907c609b9:   06 00 00 60 00 00 00 76 06 00 00 04 00 00 00 00
0x000001c907c609c9:   00 00 00 02 00 00 00 00 00 00 00 00 00 00 00 e0
0x000001c907c609d9:   01 00 00 02 00 00 00 ff ff ff ff ff ff ff ff 14
0x000001c907c609e9:   60 01 f0 49 cc 69 b0 02 f0 2b cc 32 64 1c 64 28
0x000001c907c609f9:   64 20 64 3c 64 2c 64 10 64 10 64 10 64 0c 64 0c
0x000001c907c60a09:   64 76 f1 05 80 11 64 13 00 00 64 0f 64 00 00 00
0x000001c907c60a19:   00 00 00 00 00 00 00 44 8b 52 08 49 bb 00 00 00
0x000001c907c60a29:   00 08 00 00 00 4d 03 d3 49 3b c2 0f 85 46 c0 3e
0x000001c907c60a39:   f8 66 90 0f 1f 40 00 89 84 24 00 90 ff ff 55 48
0x000001c907c60a49:   83 ec 70 48 8b ca 44 8b 92 9c 00 00 00 45 85 d2
0x000001c907c60a59:   0f 84 db 00 00 00 4f 89 44 d4 50 44 8b 8a b8 00
0x000001c907c60a69:   00 00 47 8b 54 cc 08 49 8b d8 4b 2b 5c cc 50 4f
0x000001c907c60a79:   89 44 cc 50 41 81 fa c8 b7 c0 00 0f 85 be 00 00
0x000001c907c60a89:   00 4b 8d 3c cc 44 8b 9f 94 00 00 00 43 0f b6 6c
0x000001c907c60a99:   dc 18 85 ed 0f 85 e9 00 00 00 47 8b 54 dc 1c 4f
0x000001c907c60aa9:   8b 4c dc 10 45 85 d2 0f 85 ae 00 00 00 4d 8b d9
0x000001c907c60ab9:   49 8b 13 48 3b d3 0f 8c e7 00 00 00 4c 8b 97 98
0x000001c907c60ac9:   00 00 00 49 3b da 0f 8f 13 01 00 00 4c 8b 51 38
0x000001c907c60ad9:   4d 2b d0 4d 85 d2 7c 13 48 83 c4 70 5d 49 3b a7
0x000001c907c60ae9:   40 03 00 00 0f 87 69 01 00 00 c3 44 8b 89 90 00
0x000001c907c60af9:   00 00 49 81 c0 40 42 0f 00 4c 89 41 38 47 8b 5c
0x000001c907c60b09:   cc 08 8b a9 98 00 00 00 41 81 fb f8 50 c1 00 0f
0x000001c907c60b19:   85 06 01 00 00 49 ba c0 b0 5d c5 fa 7f 00 00 41
0x000001c907c60b29:   ff d2 85 ed 0f 84 e1 00 00 00 49 89 44 ec 50 eb
0x000001c907c60b39:   a7 ba f6 ff ff ff 49 8b e8 90 e8 b8 17 3f f8 ba
0x000001c907c60b49:   de ff ff ff 48 8b e9 4c 89 44 24 20 44 89 4c 24
0x000001c907c60b59:   28 48 89 5c 24 30 e8 9c 17 3f f8 ba 54 ff ff ff
0x000001c907c60b69:   48 8b e9 4c 89 44 24 20 48 89 7c 24 28 48 89 5c
0x000001c907c60b79:   24 38 44 89 54 24 44 4c 89 4c 24 50 66 90 e8 74
0x000001c907c60b89:   17 3f f8 ba 45 ff ff ff 48 89 4c 24 20 4c 89 44
0x000001c907c60b99:   24 28 48 89 7c 24 30 48 89 5c 24 38 66 90 e8 54
0x000001c907c60ba9:   17 3f f8 48 3b d3 bd ff ff ff ff 7c 08 40 0f 95 


Stack slot to memory mapping:
stack at sp + 0 slots: 0x0 is NULL
stack at sp + 1 slots: 0x0 is NULL
stack at sp + 2 slots: 0x0000000800d15400 is a pointer to class: 
io.aeron.driver.IpcPublication {0x0000000800d15408}
 - instance size:     28
 - klass size:        76
 - access:            public final synchronized 
 - state:             fully_initialized
 - name:              'io/aeron/driver/IpcPublication'
 - super:             'java/lang/Object'
 - sub:               
 - arrays:            NULL
 - methods:           Array<T>(0x000001c97e84bb98)
 - method ordering:   Array<T>(0x00000008008de420)
 - default_methods:   Array<T>(0x0000000000000000)
 - local interfaces:  Array<T>(0x000001c97e84b980)
 - trans. interfaces: Array<T>(0x000001c97e84b980)
 - constants:         constant pool [601] {0x000001c97e84a550} for 'io/aeron/driver/IpcPublication' cache=0x000001c97e84e4b8
 - class loader data:  loader data: 0x000001c97d53d800 for instance a 'jdk/internal/loader/ClassLoaders$AppClassLoader'{0x00000006068000e0}
 - source file:       'IpcPublication.java'
 - class annotations:       Array<T>(0x0000000000000000)
 - class type annotations:  Array<T>(0x0000000000000000)
 - field annotations:       Array<T>(0x0000000000000000)
 - field type annotations:  Array<T>(0x0000000000000000)
 - inner classes:     Array<T>(0x000001c97e84e458)
 - nest members:     Array<T>(0x000001c97e84e488)
 - permitted subclasses:     Array<T>(0x00000008005aeea0)
 - java mirror:       a 'java/lang/Class'{0x000000060692a038} = 'io/aeron/driver/IpcPublication'
 - vtable length      5  (start addr: 0x0000000800d155c8)
 - itable length      13 (start addr: 0x0000000800d155f0)
 - ---- static fields (1 words):
 - private static final 'EMPTY_POSITIONS' '[Lorg/agrona/concurrent/status/ReadablePosition;' @112 
 - private static final 'IPC_SRC_ADDRESS' 'Ljava/net/InetSocketAddress;' @116 
 - ---- non-static fields (52 words):
 - private final 'sessionId' 'I' @12 
 - private final 'registrationId' 'J' @16 
 - private final 'tag' 'J' @24 
 - private final 'unblockTimeoutNs' 'J' @32 
 - private final 'untetheredWindowLimitTimeoutNs' 'J' @40 
 - private final 'untetheredLingerTimeoutNs' 'J' @48 
 - private final 'untetheredRestingTimeoutNs' 'J' @56 
 - private final 'imageLivenessTimeoutNs' 'J' @64 
 - private final 'responseCorrelationId' 'J' @72 
 - private 'tripLimit' 'J' @80 
 - private 'consumerPosition' 'J' @88 
 - private 'lastConsumerPosition' 'J' @96 
 - private 'timeOfLastConsumerPositionUpdateNs' 'J' @104 
 - private 'cleanPosition' 'J' @112 
 - private 'coolDownExpireTimeNs' 'J' @120 
 - private final 'streamId' 'I' @128 
 - private final 'startingTermId' 'I' @132 
 - private final 'startingTermOffset' 'I' @136 
 - private final 'positionBitsToShift' 'I' @140 
 - private final 'termBufferLength' 'I' @144 
 - private final 'mtuLength' 'I' @148 
 - private final 'termWindowLength' 'I' @152 
 - private final 'initialTermId' 'I' @156 
 - private final 'tripGain' 'I' @160 
 - private 'refCount' 'I' @164 
 - private 'reachedEndOfLife' 'Z' @168 
 - private 'inCoolDown' 'Z' @169 
 - private final 'isExclusive' 'Z' @170 
 - private final 'channel' 'Ljava/lang/String;' @172 
 - private 'state' 'Lio/aeron/driver/IpcPublication$State;' @176 
 - private final 'termBuffers' '[Lorg/agrona/concurrent/UnsafeBuffer;' @180 
 - private final 'publisherPos' 'Lorg/agrona/concurrent/status/Position;' @184 
 - private final 'publisherLimit' 'Lorg/agrona/concurrent/status/Position;' @188 
 - private final 'metaDataBuffer' 'Lorg/agrona/concurrent/UnsafeBuffer;' @192 
 - private 'subscriberPositions' '[Lorg/agrona/concurrent/status/ReadablePosition;' @196 
 - private final 'untetheredSubscriptions' 'Ljava/util/ArrayList;' @200 
 - private final 'rawLog' 'Lio/aeron/driver/buffer/RawLog;' @204 
 - private final 'unblockedPublications' 'Lorg/agrona/concurrent/status/AtomicCounter;' @208 
 - private final 'publicationsRevoked' 'Lorg/agrona/concurrent/status/AtomicCounter;' @212 
 - private final 'errorHandler' 'Lorg/agrona/ErrorHandler;' @216 
 - non-static oop maps: 172-216 
stack at sp + 3 slots: 0x00007ffac55db11f jvm.dll
stack at sp + 4 slots: {method} {0x000001c97d08b858} 'nanoTime' '()J' in 'org/agrona/concurrent/SystemNanoClock'
stack at sp + 5 slots: {method} {0x000001c97d2cb820} 'trackStreamPositions' '(IJ)I' in 'io/aeron/driver/DriverConductor'
stack at sp + 6 slots: 0x0 is NULL
stack at sp + 7 slots: 0x0000006e972feea0 is pointing into the stack for thread: 0x000001c97df5de20

--------------------------------------------------------------------------------
[Constant Pool (empty)]

--------------------------------------------------------------------------------

[MachCode]
  0x000001c907c60a20: 448b 5208 | 49bb 0000 | 0000 0800 | 0000 4d03 | d349 3bc2 | 0f85 46c0 | 3ef8 6690 | 0f1f 4000 
  0x000001c907c60a40: 8984 2400 | 90ff ff55 | 4883 ec70 | 488b ca44 | 8b92 9c00 | 0000 4585 | d20f 84db | 0000 004f 
  0x000001c907c60a60: 8944 d450 | 448b 8ab8 | 0000 0047 | 8b54 cc08 | 498b d84b | 2b5c cc50 | 4f89 44cc | 5041 81fa 
  0x000001c907c60a80: c8b7 c000 | 0f85 be00 | 0000 4b8d | 3ccc 448b | 9f94 0000 | 0043 0fb6 | 6cdc 1885 | ed0f 85e9 
  0x000001c907c60aa0: 0000 0047 | 8b54 dc1c | 4f8b 4cdc | 1045 85d2 | 0f85 ae00 | 0000 4d8b | d949 8b13 | 483b d30f 
  0x000001c907c60ac0: 8ce7 0000 | 004c 8b97 | 9800 0000 | 493b da0f | 8f13 0100 | 004c 8b51 | 384d 2bd0 | 4d85 d27c 
  0x000001c907c60ae0: 1348 83c4 | 705d 493b | a740 0300 | 000f 8769 | 0100 00c3 | 448b 8990 | 0000 0049 | 81c0 4042 
  0x000001c907c60b00: 0f00 4c89 | 4138 478b | 5ccc 088b | a998 0000 | 0041 81fb | f850 c100 | 0f85 0601 | 0000 49ba 
  0x000001c907c60b20: c0b0 5dc5 | fa7f 0000 | 41ff d285 | ed0f 84e1 | 0000 0049 | 8944 ec50 | eba7 baf6 | ffff ff49 
  0x000001c907c60b40: 8be8 90e8 | b817 3ff8 | bade ffff | ff48 8be9 | 4c89 4424 | 2044 894c | 2428 4889 | 5c24 30e8 
  0x000001c907c60b60: 9c17 3ff8 | ba54 ffff | ff48 8be9 | 4c89 4424 | 2048 897c | 2428 4889 | 5c24 3844 | 8954 2444 
  0x000001c907c60b80: 4c89 4c24 | 5066 90e8 | 7417 3ff8 | ba45 ffff | ff48 894c | 2420 4c89 | 4424 2848 | 897c 2430 
  0x000001c907c60ba0: 4889 5c24 | 3866 90e8 | 5417 3ff8 | 483b d3bd | ffff ffff | 7c08 400f | 95c5 400f | b6ed ba45 
  0x000001c907c60bc0: ffff ff48 | 894c 2420 | 4c89 4424 | 2848 897c | 2430 4889 | 5c24 4044 | 8954 2448 | 4c89 4c24 
  0x000001c907c60be0: 5066 90e8 | 1817 3ff8 | 493b dabd | ffff ffff | 7c08 400f | 95c5 400f | b6ed ba45 | ffff ff48 
  0x000001c907c60c00: 894c 2420 | 4c89 4424 | 2848 897c | 2430 90e8 | ec16 3ff8 | baf6 ffff | ff48 8be8 | 6666 90e8 
  0x000001c907c60c20: dc16 3ff8 | bade ffff | ff44 894c | 2420 90e8 | cc16 3ff8 | baf6 ffff | ff49 8be8 | 6666 90e8 
  0x000001c907c60c40: bc16 3ff8 | baf6 ffff | ff66 90e8 | b016 3ff8 | baf6 ffff | ff66 90e8 | a416 3ff8 | 49ba e60a 
  0x000001c907c60c60: c607 c901 | 0000 4d89 | 9758 0300 | 00e9 8e27 | 3ff8 f4f4 | f4f4 f4f4 | f4f4 f4f4 | f4f4 f4f4 
  0x000001c907c60c80: e9fb 3849 | f8e8 0000 | 0000 4883 | 2c24 05e9 | 0c1a 3ff8 | f4f4 f4f4 
[/MachCode]
--------------------------------------------------------------------------------


---------------  P R O C E S S  ---------------

Threads class SMR info:
_java_thread_list=0x000001c97f0c8de0, length=23, elements={
0x000001c97d404410, 0x000001c97d407a40, 0x000001c97d4225e0, 0x000001c97d422f90,
0x000001c97d4244b0, 0x000001c97d4259d0, 0x000001c97d438270, 0x000001c97d42c950,
0x000001c97d42d340, 0x000001c97d510c90, 0x000001c97d65b100, 0x000001c97d65b5d0,
0x000001c97d67f3e0, 0x000001c97db26a00, 0x000001c97dc10b20, 0x000001c97dc8b620,
0x000001c97d7ef8b0, 0x000001c97db6f790, 0x000001c97df5de20, 0x000001c97df5ffd0,
0x000001c97df5e2f0, 0x000001c97f605d20, 0x000001c97f604eb0
}

Java Threads: ( => current thread )
  0x000001c97d404410 JavaThread "Reference Handler" daemon [_thread_blocked, id=11728, stack(0x0000006e95b00000,0x0000006e95c00000)]
  0x000001c97d407a40 JavaThread "Finalizer" daemon [_thread_blocked, id=39536, stack(0x0000006e95c00000,0x0000006e95d00000)]
  0x000001c97d4225e0 JavaThread "Signal Dispatcher" daemon [_thread_blocked, id=49316, stack(0x0000006e95d00000,0x0000006e95e00000)]
  0x000001c97d422f90 JavaThread "Attach Listener" daemon [_thread_blocked, id=60760, stack(0x0000006e95e00000,0x0000006e95f00000)]
  0x000001c97d4244b0 JavaThread "Service Thread" daemon [_thread_blocked, id=22228, stack(0x0000006e95f00000,0x0000006e96000000)]
  0x000001c97d4259d0 JavaThread "Monitor Deflation Thread" daemon [_thread_blocked, id=65824, stack(0x0000006e96000000,0x0000006e96100000)]
  0x000001c97d438270 JavaThread "C2 CompilerThread0" daemon [_thread_blocked, id=55360, stack(0x0000006e96100000,0x0000006e96200000)]
  0x000001c97d42c950 JavaThread "C1 CompilerThread0" daemon [_thread_blocked, id=67200, stack(0x0000006e96200000,0x0000006e96300000)]
  0x000001c97d42d340 JavaThread "Sweeper thread" daemon [_thread_blocked, id=68240, stack(0x0000006e96300000,0x0000006e96400000)]
  0x000001c97d510c90 JavaThread "Common-Cleaner" daemon [_thread_blocked, id=54080, stack(0x0000006e96400000,0x0000006e96500000)]
  0x000001c97d65b100 JavaThread "Monitor Ctrl-Break" daemon [_thread_in_native, id=40592, stack(0x0000006e96800000,0x0000006e96900000)]
  0x000001c97d65b5d0 JavaThread "Notification Thread" daemon [_thread_blocked, id=70572, stack(0x0000006e96900000,0x0000006e96a00000)]
  0x000001c97d67f3e0 JavaThread "Thread-0" daemon [_thread_blocked, id=47840, stack(0x0000006e96b00000,0x0000006e96c00000)]
  0x000001c97db26a00 JavaThread "async-executor C:\Users\dhkim\AppData\Local\Temp\PARCAeron" daemon [_thread_blocked, id=12356, stack(0x0000006e96c00000,0x0000006e96d00000)]
  0x000001c97dc10b20 JavaThread "RMI TCP Accept-0" daemon [_thread_in_native, id=65540, stack(0x0000006e96d00000,0x0000006e96e00000)]
  0x000001c97dc8b620 JavaThread "RMI TCP Connection(1)-192.168.0.75" daemon [_thread_in_native, id=12052, stack(0x0000006e96e00000,0x0000006e96f00000)]
  0x000001c97d7ef8b0 JavaThread "RMI Scheduler(0)" daemon [_thread_blocked, id=51912, stack(0x0000006e96f00000,0x0000006e97000000)]
  0x000001c97db6f790 JavaThread "JMX server connection timeout 30" daemon [_thread_blocked, id=42584, stack(0x0000006e97000000,0x0000006e97100000)]
=>0x000001c97df5de20 JavaThread "driver-conductor" daemon [_thread_in_Java, id=68276, stack(0x0000006e97200000,0x0000006e97300000)]
  0x000001c97df5ffd0 JavaThread "sender" daemon [_thread_in_Java, id=55808, stack(0x0000006e97300000,0x0000006e97400000)]
  0x000001c97df5e2f0 JavaThread "receiver" daemon [_thread_in_Java, id=48836, stack(0x0000006e97400000,0x0000006e97500000)]
  0x000001c97f605d20 JavaThread "SIGINT handler" daemon [_thread_blocked, id=63068, stack(0x0000006e96500000,0x0000006e96600000)]
  0x000001c97f604eb0 JavaThread "DestroyJavaVM" [_thread_blocked, id=40720, stack(0x0000006e95400000,0x0000006e95500000)]

Other Threads:
  0x000001c97ca4dc90 VMThread "VM Thread" [stack: 0x0000006e95a00000,0x0000006e95b00000] [id=48652]
  0x000001c96e939cb0 WatcherThread [stack: 0x0000006e96a00000,0x0000006e96b00000] [id=59752]
  0x000001c96e8e8530 GCTaskThread "GC Thread#0" [stack: 0x0000006e95500000,0x0000006e95600000] [id=70516]
  0x000001c97de7ea70 GCTaskThread "GC Thread#1" [stack: 0x0000006e97e00000,0x0000006e97f00000] [id=48888]
  0x000001c97de7e510 GCTaskThread "GC Thread#2" [stack: 0x0000006e97f00000,0x0000006e98000000] [id=67932]
  0x000001c97de7e7c0 GCTaskThread "GC Thread#3" [stack: 0x0000006e98000000,0x0000006e98100000] [id=69232]
  0x000001c97de7f530 GCTaskThread "GC Thread#4" [stack: 0x0000006e98100000,0x0000006e98200000] [id=49028]
  0x000001c97de7f7e0 GCTaskThread "GC Thread#5" [stack: 0x0000006e98200000,0x0000006e98300000] [id=53400]
  0x000001c97de7dd00 GCTaskThread "GC Thread#6" [stack: 0x0000006e98300000,0x0000006e98400000] [id=51860]
  0x000001c97de7f280 GCTaskThread "GC Thread#7" [stack: 0x0000006e98400000,0x0000006e98500000] [id=38260]
  0x000001c97de7ed20 GCTaskThread "GC Thread#8" [stack: 0x0000006e98500000,0x0000006e98600000] [id=69372]
  0x000001c97de7dfb0 GCTaskThread "GC Thread#9" [stack: 0x0000006e98600000,0x0000006e98700000] [id=55924]
  0x000001c97f0edf70 GCTaskThread "GC Thread#10" [stack: 0x0000006e98700000,0x0000006e98800000] [id=53344]
  0x000001c97f0ec1e0 GCTaskThread "GC Thread#11" [stack: 0x0000006e98800000,0x0000006e98900000] [id=61932]
  0x000001c96e8f9130 ConcurrentGCThread "G1 Main Marker" [stack: 0x0000006e95600000,0x0000006e95700000] [id=25868]
  0x000001c96e8fa880 ConcurrentGCThread "G1 Conc#0" [stack: 0x0000006e95700000,0x0000006e95800000] [id=61644]
  0x000001c97c906670 ConcurrentGCThread "G1 Refine#0" [stack: 0x0000006e95800000,0x0000006e95900000] [id=63332]
  0x000001c97c907f40 ConcurrentGCThread "G1 Service" [stack: 0x0000006e95900000,0x0000006e95a00000] [id=67564]

Threads with active compile tasks:

VM state: not at safepoint (normal execution)

VM Mutex/Monitor currently owned by a thread: None

Heap address: 0x0000000606800000, size: 8088 MB, Compressed Oops mode: Zero based, Oop shift amount: 3

CDS archive(s) mapped at: [0x0000000800000000-0x0000000800bc0000-0x0000000800bc0000), size 12320768, SharedBaseAddress: 0x0000000800000000, ArchiveRelocationMode: 0.
Compressed class space mapped at: 0x0000000800c00000-0x0000000840c00000, reserved size: 1073741824
Narrow klass base: 0x0000000800000000, Narrow klass shift: 0, Narrow klass range: 0x100000000

GC Precious Log:
 CPUs: 18 total, 18 available
 Memory: 32348M
 Large Page Support: Disabled
 NUMA Support: Disabled
 Compressed Oops: Enabled (Zero based)
 Heap Region Size: 4M
 Heap Min Capacity: 8M
 Heap Initial Capacity: 508M
 Heap Max Capacity: 8088M
 Pre-touch: Disabled
 Parallel Workers: 14
 Concurrent Workers: 4
 Concurrent Refinement Workers: 14
 Periodic GC: Disabled

Heap:
 garbage-first heap   total 520192K, used 86033K [0x0000000606800000, 0x0000000800000000)
  region size 4096K, 22 young (90112K), 1 survivors (4096K)
 Metaspace       used 9629K, committed 9856K, reserved 1064960K
  class space    used 1016K, committed 1152K, reserved 1048576K

Heap Regions: E=young(eden), S=young(survivor), O=old, HS=humongous(starts), HC=humongous(continues), CS=collection set, F=free, OA=open archive, CA=closed archive, TAMS=top-at-mark-start (previous, next)
|   0|0x0000000606800000, 0x0000000606c00000, 0x0000000606c00000|100%| O|  |TAMS 0x0000000606800000, 0x0000000606800000| Untracked 
|   1|0x0000000606c00000, 0x0000000606c03e00, 0x0000000607000000|  0%| O|  |TAMS 0x0000000606c00000, 0x0000000606c00000| Untracked 
|   2|0x0000000607000000, 0x0000000607000000, 0x0000000607400000|  0%| F|  |TAMS 0x0000000607000000, 0x0000000607000000| Untracked 
|   3|0x0000000607400000, 0x0000000607400000, 0x0000000607800000|  0%| F|  |TAMS 0x0000000607400000, 0x0000000607400000| Untracked 
|   4|0x0000000607800000, 0x0000000607800000, 0x0000000607c00000|  0%| F|  |TAMS 0x0000000607800000, 0x0000000607800000| Untracked 
|   5|0x0000000607c00000, 0x0000000607c00000, 0x0000000608000000|  0%| F|  |TAMS 0x0000000607c00000, 0x0000000607c00000| Untracked 
|   6|0x0000000608000000, 0x0000000608000000, 0x0000000608400000|  0%| F|  |TAMS 0x0000000608000000, 0x0000000608000000| Untracked 
|   7|0x0000000608400000, 0x0000000608400000, 0x0000000608800000|  0%| F|  |TAMS 0x0000000608400000, 0x0000000608400000| Untracked 
|   8|0x0000000608800000, 0x0000000608800000, 0x0000000608c00000|  0%| F|  |TAMS 0x0000000608800000, 0x0000000608800000| Untracked 
|   9|0x0000000608c00000, 0x0000000608c00000, 0x0000000609000000|  0%| F|  |TAMS 0x0000000608c00000, 0x0000000608c00000| Untracked 
|  10|0x0000000609000000, 0x0000000609000000, 0x0000000609400000|  0%| F|  |TAMS 0x0000000609000000, 0x0000000609000000| Untracked 
|  11|0x0000000609400000, 0x0000000609400000, 0x0000000609800000|  0%| F|  |TAMS 0x0000000609400000, 0x0000000609400000| Untracked 
|  12|0x0000000609800000, 0x0000000609800000, 0x0000000609c00000|  0%| F|  |TAMS 0x0000000609800000, 0x0000000609800000| Untracked 
|  13|0x0000000609c00000, 0x0000000609c00000, 0x000000060a000000|  0%| F|  |TAMS 0x0000000609c00000, 0x0000000609c00000| Untracked 
|  14|0x000000060a000000, 0x000000060a000000, 0x000000060a400000|  0%| F|  |TAMS 0x000000060a000000, 0x000000060a000000| Untracked 
|  15|0x000000060a400000, 0x000000060a400000, 0x000000060a800000|  0%| F|  |TAMS 0x000000060a400000, 0x000000060a400000| Untracked 
|  16|0x000000060a800000, 0x000000060a800000, 0x000000060ac00000|  0%| F|  |TAMS 0x000000060a800000, 0x000000060a800000| Untracked 
|  17|0x000000060ac00000, 0x000000060ac00000, 0x000000060b000000|  0%| F|  |TAMS 0x000000060ac00000, 0x000000060ac00000| Untracked 
|  18|0x000000060b000000, 0x000000060b000000, 0x000000060b400000|  0%| F|  |TAMS 0x000000060b000000, 0x000000060b000000| Untracked 
|  19|0x000000060b400000, 0x000000060b400000, 0x000000060b800000|  0%| F|  |TAMS 0x000000060b400000, 0x000000060b400000| Untracked 
|  20|0x000000060b800000, 0x000000060b800000, 0x000000060bc00000|  0%| F|  |TAMS 0x000000060b800000, 0x000000060b800000| Untracked 
|  21|0x000000060bc00000, 0x000000060bc00000, 0x000000060c000000|  0%| F|  |TAMS 0x000000060bc00000, 0x000000060bc00000| Untracked 
|  22|0x000000060c000000, 0x000000060c000000, 0x000000060c400000|  0%| F|  |TAMS 0x000000060c000000, 0x000000060c000000| Untracked 
|  23|0x000000060c400000, 0x000000060c400000, 0x000000060c800000|  0%| F|  |TAMS 0x000000060c400000, 0x000000060c400000| Untracked 
|  24|0x000000060c800000, 0x000000060c800000, 0x000000060cc00000|  0%| F|  |TAMS 0x000000060c800000, 0x000000060c800000| Untracked 
|  25|0x000000060cc00000, 0x000000060cc00000, 0x000000060d000000|  0%| F|  |TAMS 0x000000060cc00000, 0x000000060cc00000| Untracked 
|  26|0x000000060d000000, 0x000000060d000000, 0x000000060d400000|  0%| F|  |TAMS 0x000000060d000000, 0x000000060d000000| Untracked 
|  27|0x000000060d400000, 0x000000060d400000, 0x000000060d800000|  0%| F|  |TAMS 0x000000060d400000, 0x000000060d400000| Untracked 
|  28|0x000000060d800000, 0x000000060d800000, 0x000000060dc00000|  0%| F|  |TAMS 0x000000060d800000, 0x000000060d800000| Untracked 
|  29|0x000000060dc00000, 0x000000060dc00000, 0x000000060e000000|  0%| F|  |TAMS 0x000000060dc00000, 0x000000060dc00000| Untracked 
|  30|0x000000060e000000, 0x000000060e000000, 0x000000060e400000|  0%| F|  |TAMS 0x000000060e000000, 0x000000060e000000| Untracked 
|  31|0x000000060e400000, 0x000000060e400000, 0x000000060e800000|  0%| F|  |TAMS 0x000000060e400000, 0x000000060e400000| Untracked 
|  32|0x000000060e800000, 0x000000060e800000, 0x000000060ec00000|  0%| F|  |TAMS 0x000000060e800000, 0x000000060e800000| Untracked 
|  33|0x000000060ec00000, 0x000000060ec00000, 0x000000060f000000|  0%| F|  |TAMS 0x000000060ec00000, 0x000000060ec00000| Untracked 
|  34|0x000000060f000000, 0x000000060f000000, 0x000000060f400000|  0%| F|  |TAMS 0x000000060f000000, 0x000000060f000000| Untracked 
|  35|0x000000060f400000, 0x000000060f400000, 0x000000060f800000|  0%| F|  |TAMS 0x000000060f400000, 0x000000060f400000| Untracked 
|  36|0x000000060f800000, 0x000000060f800000, 0x000000060fc00000|  0%| F|  |TAMS 0x000000060f800000, 0x000000060f800000| Untracked 
|  37|0x000000060fc00000, 0x000000060fc00000, 0x0000000610000000|  0%| F|  |TAMS 0x000000060fc00000, 0x000000060fc00000| Untracked 
|  38|0x0000000610000000, 0x0000000610000000, 0x0000000610400000|  0%| F|  |TAMS 0x0000000610000000, 0x0000000610000000| Untracked 
|  39|0x0000000610400000, 0x0000000610400000, 0x0000000610800000|  0%| F|  |TAMS 0x0000000610400000, 0x0000000610400000| Untracked 
|  40|0x0000000610800000, 0x0000000610800000, 0x0000000610c00000|  0%| F|  |TAMS 0x0000000610800000, 0x0000000610800000| Untracked 
|  41|0x0000000610c00000, 0x0000000610c00000, 0x0000000611000000|  0%| F|  |TAMS 0x0000000610c00000, 0x0000000610c00000| Untracked 
|  42|0x0000000611000000, 0x0000000611000000, 0x0000000611400000|  0%| F|  |TAMS 0x0000000611000000, 0x0000000611000000| Untracked 
|  43|0x0000000611400000, 0x0000000611400000, 0x0000000611800000|  0%| F|  |TAMS 0x0000000611400000, 0x0000000611400000| Untracked 
|  44|0x0000000611800000, 0x0000000611800000, 0x0000000611c00000|  0%| F|  |TAMS 0x0000000611800000, 0x0000000611800000| Untracked 
|  45|0x0000000611c00000, 0x0000000611c00000, 0x0000000612000000|  0%| F|  |TAMS 0x0000000611c00000, 0x0000000611c00000| Untracked 
|  46|0x0000000612000000, 0x0000000612000000, 0x0000000612400000|  0%| F|  |TAMS 0x0000000612000000, 0x0000000612000000| Untracked 
|  47|0x0000000612400000, 0x0000000612400000, 0x0000000612800000|  0%| F|  |TAMS 0x0000000612400000, 0x0000000612400000| Untracked 
|  48|0x0000000612800000, 0x0000000612800000, 0x0000000612c00000|  0%| F|  |TAMS 0x0000000612800000, 0x0000000612800000| Untracked 
|  49|0x0000000612c00000, 0x0000000612c00000, 0x0000000613000000|  0%| F|  |TAMS 0x0000000612c00000, 0x0000000612c00000| Untracked 
|  50|0x0000000613000000, 0x0000000613000810, 0x0000000613400000|  0%| S|CS|TAMS 0x0000000613000000, 0x0000000613000000| Complete 
|  51|0x0000000613400000, 0x0000000613400000, 0x0000000613800000|  0%| F|  |TAMS 0x0000000613400000, 0x0000000613400000| Untracked 
|  52|0x0000000613800000, 0x0000000613800000, 0x0000000613c00000|  0%| F|  |TAMS 0x0000000613800000, 0x0000000613800000| Untracked 
|  53|0x0000000613c00000, 0x0000000613c00000, 0x0000000614000000|  0%| F|  |TAMS 0x0000000613c00000, 0x0000000613c00000| Untracked 
|  54|0x0000000614000000, 0x0000000614000000, 0x0000000614400000|  0%| F|  |TAMS 0x0000000614000000, 0x0000000614000000| Untracked 
|  55|0x0000000614400000, 0x0000000614400000, 0x0000000614800000|  0%| F|  |TAMS 0x0000000614400000, 0x0000000614400000| Untracked 
|  56|0x0000000614800000, 0x0000000614800000, 0x0000000614c00000|  0%| F|  |TAMS 0x0000000614800000, 0x0000000614800000| Untracked 
|  57|0x0000000614c00000, 0x0000000614c00000, 0x0000000615000000|  0%| F|  |TAMS 0x0000000614c00000, 0x0000000614c00000| Untracked 
|  58|0x0000000615000000, 0x0000000615000000, 0x0000000615400000|  0%| F|  |TAMS 0x0000000615000000, 0x0000000615000000| Untracked 
|  59|0x0000000615400000, 0x0000000615400000, 0x0000000615800000|  0%| F|  |TAMS 0x0000000615400000, 0x0000000615400000| Untracked 
|  60|0x0000000615800000, 0x0000000615800000, 0x0000000615c00000|  0%| F|  |TAMS 0x0000000615800000, 0x0000000615800000| Untracked 
|  61|0x0000000615c00000, 0x0000000615c00000, 0x0000000616000000|  0%| F|  |TAMS 0x0000000615c00000, 0x0000000615c00000| Untracked 
|  62|0x0000000616000000, 0x0000000616000000, 0x0000000616400000|  0%| F|  |TAMS 0x0000000616000000, 0x0000000616000000| Untracked 
|  63|0x0000000616400000, 0x0000000616400000, 0x0000000616800000|  0%| F|  |TAMS 0x0000000616400000, 0x0000000616400000| Untracked 
|  64|0x0000000616800000, 0x0000000616800000, 0x0000000616c00000|  0%| F|  |TAMS 0x0000000616800000, 0x0000000616800000| Untracked 
|  65|0x0000000616c00000, 0x0000000616c00000, 0x0000000617000000|  0%| F|  |TAMS 0x0000000616c00000, 0x0000000616c00000| Untracked 
|  66|0x0000000617000000, 0x0000000617000000, 0x0000000617400000|  0%| F|  |TAMS 0x0000000617000000, 0x0000000617000000| Untracked 
|  67|0x0000000617400000, 0x0000000617400000, 0x0000000617800000|  0%| F|  |TAMS 0x0000000617400000, 0x0000000617400000| Untracked 
|  68|0x0000000617800000, 0x0000000617800000, 0x0000000617c00000|  0%| F|  |TAMS 0x0000000617800000, 0x0000000617800000| Untracked 
|  69|0x0000000617c00000, 0x0000000617c00000, 0x0000000618000000|  0%| F|  |TAMS 0x0000000617c00000, 0x0000000617c00000| Untracked 
|  70|0x0000000618000000, 0x0000000618000000, 0x0000000618400000|  0%| F|  |TAMS 0x0000000618000000, 0x0000000618000000| Untracked 
|  71|0x0000000618400000, 0x0000000618400000, 0x0000000618800000|  0%| F|  |TAMS 0x0000000618400000, 0x0000000618400000| Untracked 
|  72|0x0000000618800000, 0x0000000618800000, 0x0000000618c00000|  0%| F|  |TAMS 0x0000000618800000, 0x0000000618800000| Untracked 
|  73|0x0000000618c00000, 0x0000000618c00000, 0x0000000619000000|  0%| F|  |TAMS 0x0000000618c00000, 0x0000000618c00000| Untracked 
|  74|0x0000000619000000, 0x0000000619000000, 0x0000000619400000|  0%| F|  |TAMS 0x0000000619000000, 0x0000000619000000| Untracked 
|  75|0x0000000619400000, 0x0000000619400000, 0x0000000619800000|  0%| F|  |TAMS 0x0000000619400000, 0x0000000619400000| Untracked 
|  76|0x0000000619800000, 0x0000000619800000, 0x0000000619c00000|  0%| F|  |TAMS 0x0000000619800000, 0x0000000619800000| Untracked 
|  77|0x0000000619c00000, 0x0000000619c00000, 0x000000061a000000|  0%| F|  |TAMS 0x0000000619c00000, 0x0000000619c00000| Untracked 
|  78|0x000000061a000000, 0x000000061a000000, 0x000000061a400000|  0%| F|  |TAMS 0x000000061a000000, 0x000000061a000000| Untracked 
|  79|0x000000061a400000, 0x000000061a400000, 0x000000061a800000|  0%| F|  |TAMS 0x000000061a400000, 0x000000061a400000| Untracked 
|  80|0x000000061a800000, 0x000000061a800000, 0x000000061ac00000|  0%| F|  |TAMS 0x000000061a800000, 0x000000061a800000| Untracked 
|  81|0x000000061ac00000, 0x000000061ac00000, 0x000000061b000000|  0%| F|  |TAMS 0x000000061ac00000, 0x000000061ac00000| Untracked 
|  82|0x000000061b000000, 0x000000061b000000, 0x000000061b400000|  0%| F|  |TAMS 0x000000061b000000, 0x000000061b000000| Untracked 
|  83|0x000000061b400000, 0x000000061b400000, 0x000000061b800000|  0%| F|  |TAMS 0x000000061b400000, 0x000000061b400000| Untracked 
|  84|0x000000061b800000, 0x000000061b800000, 0x000000061bc00000|  0%| F|  |TAMS 0x000000061b800000, 0x000000061b800000| Untracked 
|  85|0x000000061bc00000, 0x000000061bc00000, 0x000000061c000000|  0%| F|  |TAMS 0x000000061bc00000, 0x000000061bc00000| Untracked 
|  86|0x000000061c000000, 0x000000061c000000, 0x000000061c400000|  0%| F|  |TAMS 0x000000061c000000, 0x000000061c000000| Untracked 
|  87|0x000000061c400000, 0x000000061c400000, 0x000000061c800000|  0%| F|  |TAMS 0x000000061c400000, 0x000000061c400000| Untracked 
|  88|0x000000061c800000, 0x000000061c800000, 0x000000061cc00000|  0%| F|  |TAMS 0x000000061c800000, 0x000000061c800000| Untracked 
|  89|0x000000061cc00000, 0x000000061cc00000, 0x000000061d000000|  0%| F|  |TAMS 0x000000061cc00000, 0x000000061cc00000| Untracked 
|  90|0x000000061d000000, 0x000000061d000000, 0x000000061d400000|  0%| F|  |TAMS 0x000000061d000000, 0x000000061d000000| Untracked 
|  91|0x000000061d400000, 0x000000061d400000, 0x000000061d800000|  0%| F|  |TAMS 0x000000061d400000, 0x000000061d400000| Untracked 
|  92|0x000000061d800000, 0x000000061d800000, 0x000000061dc00000|  0%| F|  |TAMS 0x000000061d800000, 0x000000061d800000| Untracked 
|  93|0x000000061dc00000, 0x000000061dc00000, 0x000000061e000000|  0%| F|  |TAMS 0x000000061dc00000, 0x000000061dc00000| Untracked 
|  94|0x000000061e000000, 0x000000061e000000, 0x000000061e400000|  0%| F|  |TAMS 0x000000061e000000, 0x000000061e000000| Untracked 
|  95|0x000000061e400000, 0x000000061e400000, 0x000000061e800000|  0%| F|  |TAMS 0x000000061e400000, 0x000000061e400000| Untracked 
|  96|0x000000061e800000, 0x000000061e800000, 0x000000061ec00000|  0%| F|  |TAMS 0x000000061e800000, 0x000000061e800000| Untracked 
|  97|0x000000061ec00000, 0x000000061ec00000, 0x000000061f000000|  0%| F|  |TAMS 0x000000061ec00000, 0x000000061ec00000| Untracked 
|  98|0x000000061f000000, 0x000000061f000000, 0x000000061f400000|  0%| F|  |TAMS 0x000000061f000000, 0x000000061f000000| Untracked 
|  99|0x000000061f400000, 0x000000061f400000, 0x000000061f800000|  0%| F|  |TAMS 0x000000061f400000, 0x000000061f400000| Untracked 
| 100|0x000000061f800000, 0x000000061f800000, 0x000000061fc00000|  0%| F|  |TAMS 0x000000061f800000, 0x000000061f800000| Untracked 
| 101|0x000000061fc00000, 0x000000061fc00000, 0x0000000620000000|  0%| F|  |TAMS 0x000000061fc00000, 0x000000061fc00000| Untracked 
| 102|0x0000000620000000, 0x0000000620000000, 0x0000000620400000|  0%| F|  |TAMS 0x0000000620000000, 0x0000000620000000| Untracked 
| 103|0x0000000620400000, 0x0000000620400000, 0x0000000620800000|  0%| F|  |TAMS 0x0000000620400000, 0x0000000620400000| Untracked 
| 104|0x0000000620800000, 0x0000000620800000, 0x0000000620c00000|  0%| F|  |TAMS 0x0000000620800000, 0x0000000620800000| Untracked 
| 105|0x0000000620c00000, 0x0000000620c00000, 0x0000000621000000|  0%| F|  |TAMS 0x0000000620c00000, 0x0000000620c00000| Untracked 
| 106|0x0000000621000000, 0x0000000621007e08, 0x0000000621400000|  0%| E|  |TAMS 0x0000000621000000, 0x0000000621000000| Complete 
| 107|0x0000000621400000, 0x0000000621800000, 0x0000000621800000|100%| E|CS|TAMS 0x0000000621400000, 0x0000000621400000| Complete 
| 108|0x0000000621800000, 0x0000000621c00000, 0x0000000621c00000|100%| E|CS|TAMS 0x0000000621800000, 0x0000000621800000| Complete 
| 109|0x0000000621c00000, 0x0000000622000000, 0x0000000622000000|100%| E|CS|TAMS 0x0000000621c00000, 0x0000000621c00000| Complete 
| 110|0x0000000622000000, 0x0000000622400000, 0x0000000622400000|100%| E|CS|TAMS 0x0000000622000000, 0x0000000622000000| Complete 
| 111|0x0000000622400000, 0x0000000622800000, 0x0000000622800000|100%| E|CS|TAMS 0x0000000622400000, 0x0000000622400000| Complete 
| 112|0x0000000622800000, 0x0000000622c00000, 0x0000000622c00000|100%| E|CS|TAMS 0x0000000622800000, 0x0000000622800000| Complete 
| 113|0x0000000622c00000, 0x0000000623000000, 0x0000000623000000|100%| E|CS|TAMS 0x0000000622c00000, 0x0000000622c00000| Complete 
| 114|0x0000000623000000, 0x0000000623400000, 0x0000000623400000|100%| E|CS|TAMS 0x0000000623000000, 0x0000000623000000| Complete 
| 115|0x0000000623400000, 0x0000000623800000, 0x0000000623800000|100%| E|CS|TAMS 0x0000000623400000, 0x0000000623400000| Complete 
| 116|0x0000000623800000, 0x0000000623c00000, 0x0000000623c00000|100%| E|CS|TAMS 0x0000000623800000, 0x0000000623800000| Complete 
| 117|0x0000000623c00000, 0x0000000624000000, 0x0000000624000000|100%| E|CS|TAMS 0x0000000623c00000, 0x0000000623c00000| Complete 
| 118|0x0000000624000000, 0x0000000624400000, 0x0000000624400000|100%| E|CS|TAMS 0x0000000624000000, 0x0000000624000000| Complete 
| 119|0x0000000624400000, 0x0000000624800000, 0x0000000624800000|100%| E|CS|TAMS 0x0000000624400000, 0x0000000624400000| Complete 
| 120|0x0000000624800000, 0x0000000624c00000, 0x0000000624c00000|100%| E|CS|TAMS 0x0000000624800000, 0x0000000624800000| Complete 
| 121|0x0000000624c00000, 0x0000000625000000, 0x0000000625000000|100%| E|CS|TAMS 0x0000000624c00000, 0x0000000624c00000| Complete 
| 122|0x0000000625000000, 0x0000000625400000, 0x0000000625400000|100%| E|CS|TAMS 0x0000000625000000, 0x0000000625000000| Complete 
| 123|0x0000000625400000, 0x0000000625800000, 0x0000000625800000|100%| E|CS|TAMS 0x0000000625400000, 0x0000000625400000| Complete 
| 124|0x0000000625800000, 0x0000000625c00000, 0x0000000625c00000|100%| E|CS|TAMS 0x0000000625800000, 0x0000000625800000| Complete 
| 125|0x0000000625c00000, 0x0000000626000000, 0x0000000626000000|100%| E|CS|TAMS 0x0000000625c00000, 0x0000000625c00000| Complete 
| 126|0x0000000626000000, 0x0000000626400000, 0x0000000626400000|100%| E|CS|TAMS 0x0000000626000000, 0x0000000626000000| Complete 

Card table byte_map: [0x000001c9779d0000,0x000001c9789a0000] _byte_map_base: 0x000001c97499c000

Marking Bits (Prev, Next): (CMBitMap*) 0x000001c96e8e8b40, (CMBitMap*) 0x000001c96e8e8b80
 Prev Bits: [0x000001c90f000000, 0x000001c916e60000)
 Next Bits: [0x000001c916e60000, 0x000001c91ecc0000)

Polling page: 0x000001c96c3e0000

Metaspace:

Usage:
  Non-class:      8.41 MB used.
      Class:   1016.71 KB used.
       Both:      9.40 MB used.

Virtual space:
  Non-class space:       16.00 MB reserved,       8.50 MB ( 53%) committed,  2 nodes.
      Class space:        1.00 GB reserved,       1.12 MB ( <1%) committed,  1 nodes.
             Both:        1.02 GB reserved,       9.62 MB ( <1%) committed. 

Chunk freelists:
   Non-Class:  3.44 MB
       Class:  2.87 MB
        Both:  6.31 MB

MaxMetaspaceSize: unlimited
CompressedClassSpaceSize: 1.00 GB
Initial GC threshold: 21.00 MB
Current GC threshold: 21.00 MB
CDS: on
MetaspaceReclaimPolicy: balanced
 - commit_granule_bytes: 65536.
 - commit_granule_words: 8192.
 - virtual_space_node_default_size: 1048576.
 - enlarge_chunks_in_place: 1.
 - new_chunks_are_fully_committed: 0.
 - uncommit_free_chunks: 1.
 - use_allocation_guard: 0.
 - handle_deallocations: 1.


Internal statistics:

num_allocs_failed_limit: 0.
num_arena_births: 212.
num_arena_deaths: 0.
num_vsnodes_births: 3.
num_vsnodes_deaths: 0.
num_space_committed: 154.
num_space_uncommitted: 0.
num_chunks_returned_to_freelist: 0.
num_chunks_taken_from_freelist: 411.
num_chunk_merges: 0.
num_chunk_splits: 238.
num_chunks_enlarged: 131.
num_purges: 0.
num_inconsistent_stats: 0.

CodeHeap 'non-profiled nmethods': size=119168Kb used=853Kb max_used=853Kb free=118314Kb
 bounds [0x000001c907ba0000, 0x000001c907e10000, 0x000001c90f000000]
CodeHeap 'profiled nmethods': size=119104Kb used=3359Kb max_used=3359Kb free=115744Kb
 bounds [0x000001c900750000, 0x000001c900aa0000, 0x000001c907ba0000]
CodeHeap 'non-nmethods': size=7488Kb used=1225Kb max_used=2960Kb free=6262Kb
 bounds [0x000001c900000000, 0x000001c9002f0000, 0x000001c900750000]
 total_blobs=2487 nmethods=1953 adapters=446
 compilation: enabled
              stopped_count=0, restarted_count=0
 full_count=0

Compilation events (20 events):
Event: 23.725 Thread 0x000001c97d42c950 1943       3       java.lang.invoke.DirectMethodHandle$Holder::newInvokeSpecial (21 bytes)
Event: 23.725 Thread 0x000001c97d42c950 nmethod 1943 0x000001c900a8ef90 code [0x000001c900a8f180, 0x000001c900a8f708]
Event: 23.726 Thread 0x000001c97d42c950 1944       3       jdk.internal.logger.AbstractLoggerWrapper::isLoggable (11 bytes)
Event: 23.726 Thread 0x000001c97d42c950 nmethod 1944 0x000001c900a8f910 code [0x000001c900a8fac0, 0x000001c900a8fd58]
Event: 23.726 Thread 0x000001c97d42c950 1945       3       jdk.internal.logger.LazyLoggers$LazyLoggerWrapper::wrapped (10 bytes)
Event: 23.726 Thread 0x000001c97d42c950 nmethod 1945 0x000001c900a8fe10 code [0x000001c900a8ffc0, 0x000001c900a90168]
Event: 23.726 Thread 0x000001c97d42c950 1946   !   3       jdk.internal.logger.LazyLoggers$LazyLoggerAccessor::wrapped (37 bytes)
Event: 23.726 Thread 0x000001c97d438270 1947       4       java.io.Bits::putInt (36 bytes)
Event: 23.726 Thread 0x000001c97d42c950 nmethod 1946 0x000001c900a90290 code [0x000001c900a90440, 0x000001c900a907e8]
Event: 23.726 Thread 0x000001c97d42c950 1948       1       java.nio.DirectByteBuffer::isReadOnly (2 bytes)
Event: 23.726 Thread 0x000001c97d42c950 nmethod 1948 0x000001c907c74d10 code [0x000001c907c74ea0, 0x000001c907c74f78]
Event: 23.727 Thread 0x000001c97d438270 nmethod 1947 0x000001c907c75010 code [0x000001c907c75180, 0x000001c907c75278]
Event: 23.727 Thread 0x000001c97d42c950 1949       3       sun.nio.ch.SocketDispatcher::read (8 bytes)
Event: 23.727 Thread 0x000001c97d42c950 nmethod 1949 0x000001c900a90910 code [0x000001c900a90aa0, 0x000001c900a90be8]
Event: 23.727 Thread 0x000001c97d42c950 1951       3       sun.nio.ch.NioSocketImpl::ensureOpenAndConnected (36 bytes)
Event: 23.727 Thread 0x000001c97d42c950 nmethod 1951 0x000001c900a90c90 code [0x000001c900a90e60, 0x000001c900a91198]
Event: 23.727 Thread 0x000001c97d42c950 1952   !   3       sun.nio.ch.NioSocketImpl::tryRead (87 bytes)
Event: 23.727 Thread 0x000001c97d42c950 nmethod 1952 0x000001c900a91310 code [0x000001c900a91520, 0x000001c900a91ab8]
Event: 24.757 Thread 0x000001c97d42c950 1953       3       java.util.zip.ZipFile::getZipEntry (322 bytes)
Event: 24.759 Thread 0x000001c97d42c950 nmethod 1953 0x000001c900a91e10 code [0x000001c900a92280, 0x000001c900a94938]

GC Heap History (20 events):
Event: 22.940 GC heap before
{Heap before GC invocations=112 (full 0):
 garbage-first heap   total 520192K, used 311315K [0x0000000606800000, 0x0000000800000000)
  region size 4096K, 76 young (311296K), 1 survivors (4096K)
 Metaspace       used 9607K, committed 9856K, reserved 1064960K
  class space    used 1014K, committed 1152K, reserved 1048576K
}
Event: 22.941 GC heap after
{Heap after GC invocations=113 (full 0):
 garbage-first heap   total 520192K, used 4109K [0x0000000606800000, 0x0000000800000000)
  region size 4096K, 1 young (4096K), 1 survivors (4096K)
 Metaspace       used 9607K, committed 9856K, reserved 1064960K
  class space    used 1014K, committed 1152K, reserved 1048576K
}
Event: 23.124 GC heap before
{Heap before GC invocations=113 (full 0):
 garbage-first heap   total 520192K, used 311309K [0x0000000606800000, 0x0000000800000000)
  region size 4096K, 76 young (311296K), 1 survivors (4096K)
 Metaspace       used 9607K, committed 9856K, reserved 1064960K
  class space    used 1014K, committed 1152K, reserved 1048576K
}
Event: 23.124 GC heap after
{Heap after GC invocations=114 (full 0):
 garbage-first heap   total 520192K, used 4117K [0x0000000606800000, 0x0000000800000000)
  region size 4096K, 1 young (4096K), 1 survivors (4096K)
 Metaspace       used 9607K, committed 9856K, reserved 1064960K
  class space    used 1014K, committed 1152K, reserved 1048576K
}
Event: 23.312 GC heap before
{Heap before GC invocations=114 (full 0):
 garbage-first heap   total 520192K, used 311317K [0x0000000606800000, 0x0000000800000000)
  region size 4096K, 76 young (311296K), 1 survivors (4096K)
 Metaspace       used 9607K, committed 9856K, reserved 1064960K
  class space    used 1014K, committed 1152K, reserved 1048576K
}
Event: 23.312 GC heap after
{Heap after GC invocations=115 (full 0):
 garbage-first heap   total 520192K, used 4115K [0x0000000606800000, 0x0000000800000000)
  region size 4096K, 1 young (4096K), 1 survivors (4096K)
 Metaspace       used 9607K, committed 9856K, reserved 1064960K
  class space    used 1014K, committed 1152K, reserved 1048576K
}
Event: 23.509 GC heap before
{Heap before GC invocations=115 (full 0):
 garbage-first heap   total 520192K, used 311315K [0x0000000606800000, 0x0000000800000000)
  region size 4096K, 76 young (311296K), 1 survivors (4096K)
 Metaspace       used 9607K, committed 9856K, reserved 1064960K
  class space    used 1014K, committed 1152K, reserved 1048576K
}
Event: 23.509 GC heap after
{Heap after GC invocations=116 (full 0):
 garbage-first heap   total 520192K, used 4115K [0x0000000606800000, 0x0000000800000000)
  region size 4096K, 1 young (4096K), 1 survivors (4096K)
 Metaspace       used 9607K, committed 9856K, reserved 1064960K
  class space    used 1014K, committed 1152K, reserved 1048576K
}
Event: 23.699 GC heap before
{Heap before GC invocations=116 (full 0):
 garbage-first heap   total 520192K, used 311315K [0x0000000606800000, 0x0000000800000000)
  region size 4096K, 76 young (311296K), 1 survivors (4096K)
 Metaspace       used 9607K, committed 9856K, reserved 1064960K
  class space    used 1014K, committed 1152K, reserved 1048576K
}
Event: 23.700 GC heap after
{Heap after GC invocations=117 (full 0):
 garbage-first heap   total 520192K, used 4115K [0x0000000606800000, 0x0000000800000000)
  region size 4096K, 1 young (4096K), 1 survivors (4096K)
 Metaspace       used 9607K, committed 9856K, reserved 1064960K
  class space    used 1014K, committed 1152K, reserved 1048576K
}
Event: 23.888 GC heap before
{Heap before GC invocations=117 (full 0):
 garbage-first heap   total 520192K, used 311315K [0x0000000606800000, 0x0000000800000000)
  region size 4096K, 76 young (311296K), 1 survivors (4096K)
 Metaspace       used 9611K, committed 9856K, reserved 1064960K
  class space    used 1014K, committed 1152K, reserved 1048576K
}
Event: 23.889 GC heap after
{Heap after GC invocations=118 (full 0):
 garbage-first heap   total 520192K, used 4117K [0x0000000606800000, 0x0000000800000000)
  region size 4096K, 1 young (4096K), 1 survivors (4096K)
 Metaspace       used 9611K, committed 9856K, reserved 1064960K
  class space    used 1014K, committed 1152K, reserved 1048576K
}
Event: 24.091 GC heap before
{Heap before GC invocations=118 (full 0):
 garbage-first heap   total 520192K, used 311317K [0x0000000606800000, 0x0000000800000000)
  region size 4096K, 76 young (311296K), 1 survivors (4096K)
 Metaspace       used 9611K, committed 9856K, reserved 1064960K
  class space    used 1014K, committed 1152K, reserved 1048576K
}
Event: 24.092 GC heap after
{Heap after GC invocations=119 (full 0):
 garbage-first heap   total 520192K, used 4109K [0x0000000606800000, 0x0000000800000000)
  region size 4096K, 1 young (4096K), 1 survivors (4096K)
 Metaspace       used 9611K, committed 9856K, reserved 1064960K
  class space    used 1014K, committed 1152K, reserved 1048576K
}
Event: 24.300 GC heap before
{Heap before GC invocations=119 (full 0):
 garbage-first heap   total 520192K, used 311309K [0x0000000606800000, 0x0000000800000000)
  region size 4096K, 76 young (311296K), 1 survivors (4096K)
 Metaspace       used 9611K, committed 9856K, reserved 1064960K
  class space    used 1014K, committed 1152K, reserved 1048576K
}
Event: 24.301 GC heap after
{Heap after GC invocations=120 (full 0):
 garbage-first heap   total 520192K, used 4115K [0x0000000606800000, 0x0000000800000000)
  region size 4096K, 1 young (4096K), 1 survivors (4096K)
 Metaspace       used 9611K, committed 9856K, reserved 1064960K
  class space    used 1014K, committed 1152K, reserved 1048576K
}
Event: 24.497 GC heap before
{Heap before GC invocations=120 (full 0):
 garbage-first heap   total 520192K, used 311315K [0x0000000606800000, 0x0000000800000000)
  region size 4096K, 76 young (311296K), 1 survivors (4096K)
 Metaspace       used 9611K, committed 9856K, reserved 1064960K
  class space    used 1014K, committed 1152K, reserved 1048576K
}
Event: 24.498 GC heap after
{Heap after GC invocations=121 (full 0):
 garbage-first heap   total 520192K, used 4121K [0x0000000606800000, 0x0000000800000000)
  region size 4096K, 1 young (4096K), 1 survivors (4096K)
 Metaspace       used 9611K, committed 9856K, reserved 1064960K
  class space    used 1014K, committed 1152K, reserved 1048576K
}
Event: 24.699 GC heap before
{Heap before GC invocations=121 (full 0):
 garbage-first heap   total 520192K, used 311321K [0x0000000606800000, 0x0000000800000000)
  region size 4096K, 76 young (311296K), 1 survivors (4096K)
 Metaspace       used 9611K, committed 9856K, reserved 1064960K
  class space    used 1014K, committed 1152K, reserved 1048576K
}
Event: 24.700 GC heap after
{Heap after GC invocations=122 (full 0):
 garbage-first heap   total 520192K, used 4113K [0x0000000606800000, 0x0000000800000000)
  region size 4096K, 1 young (4096K), 1 survivors (4096K)
 Metaspace       used 9611K, committed 9856K, reserved 1064960K
  class space    used 1014K, committed 1152K, reserved 1048576K
}

Deoptimization events (20 events):
Event: 24.758 Thread 0x000001c97df5de20 Uncommon trap: trap_request=0xffffffde fr.pc=0x000001c907c0a334 relative=0x0000000000000094
Event: 24.758 Thread 0x000001c97df5de20 Uncommon trap: reason=class_check action=maybe_recompile pc=0x000001c907c0a334 method=org.agrona.AbstractMutableDirectBuffer.putLong(IJ)V @ 4 c2
Event: 24.758 Thread 0x000001c97df5de20 DEOPT PACKING pc=0x000001c907c0a334 sp=0x0000006e972fead0
Event: 24.758 Thread 0x000001c97df5de20 DEOPT UNPACKING pc=0x000001c9000523a3 sp=0x0000006e972fea70 mode 2
Event: 24.758 Thread 0x000001c97df5de20 Uncommon trap: trap_request=0xffffff54 fr.pc=0x000001c907c0dc40 relative=0x0000000000000040
Event: 24.758 Thread 0x000001c97df5de20 Uncommon trap: reason=speculate_null_assert action=make_not_entrant pc=0x000001c907c0dc40 method=org.agrona.UnsafeApi.putLong(Ljava/lang/Object;JJ)V @ 6 c2
Event: 24.758 Thread 0x000001c97df5de20 DEOPT PACKING pc=0x000001c907c0dc40 sp=0x0000006e972fea50
Event: 24.758 Thread 0x000001c97df5de20 DEOPT UNPACKING pc=0x000001c9000523a3 sp=0x0000006e972fe9c8 mode 2
Event: 24.758 Thread 0x000001c97df5de20 Uncommon trap: trap_request=0xffffffde fr.pc=0x000001c907c177f0 relative=0x00000000000001d0
Event: 24.758 Thread 0x000001c97df5de20 Uncommon trap: reason=class_check action=maybe_recompile pc=0x000001c907c177f0 method=org.agrona.AbstractMutableDirectBuffer.putBytes(ILorg/agrona/DirectBuffer;II)V @ 17 c2
Event: 24.758 Thread 0x000001c97df5de20 DEOPT PACKING pc=0x000001c907c177f0 sp=0x0000006e972fe9b0
Event: 24.758 Thread 0x000001c97df5de20 DEOPT UNPACKING pc=0x000001c9000523a3 sp=0x0000006e972fe990 mode 2
Event: 24.758 Thread 0x000001c97df5de20 Uncommon trap: trap_request=0xffffff45 fr.pc=0x000001c907c6153c relative=0x00000000000003fc
Event: 24.758 Thread 0x000001c97df5de20 Uncommon trap: reason=unstable_if action=reinterpret pc=0x000001c907c6153c method=io.aeron.driver.IpcPublication.updatePublisherPositionAndLimit()I @ 9 c2
Event: 24.758 Thread 0x000001c97df5de20 DEOPT PACKING pc=0x000001c907c6153c sp=0x0000006e972fee40
Event: 24.758 Thread 0x000001c97df5de20 DEOPT UNPACKING pc=0x000001c9000523a3 sp=0x0000006e972fecf8 mode 2
Event: 24.758 Thread 0x000001c97df5de20 Uncommon trap: trap_request=0xffffff45 fr.pc=0x000001c907c5a844 relative=0x0000000000000284
Event: 24.758 Thread 0x000001c97df5de20 Uncommon trap: reason=unstable_if action=reinterpret pc=0x000001c907c5a844 method=io.aeron.driver.IpcPublication.updatePublisherPositionAndLimit()I @ 9 c2
Event: 24.758 Thread 0x000001c97df5de20 DEOPT PACKING pc=0x000001c907c5a844 sp=0x0000006e972fedc0
Event: 24.758 Thread 0x000001c97df5de20 DEOPT UNPACKING pc=0x000001c9000523a3 sp=0x0000006e972fed00 mode 2

Classes unloaded (0 events):
No events

Classes redefined (0 events):
No events

Internal exceptions (20 events):
Event: 0.151 Thread 0x000001c96e86ed40 Exception <a 'java/lang/NoSuchMethodError'{0x0000000626376b20}: 'java.lang.Object java.lang.invoke.DirectMethodHandle$Holder.invokeStaticInit(java.lang.Object, java.lang.Object, long, java.lang.Object)'> (0x0000000626376b20) 
thrown [t:\workspace\open\src\hotspot\share\interpreter\linkResolver.cpp, line 766]
Event: 0.152 Thread 0x000001c96e86ed40 Exception <a 'java/lang/NoSuchMethodError'{0x000000062637d140}: 'java.lang.Object java.lang.invoke.DirectMethodHandle$Holder.newInvokeSpecial(java.lang.Object, java.lang.Object, long)'> (0x000000062637d140) 
thrown [t:\workspace\open\src\hotspot\share\interpreter\linkResolver.cpp, line 766]
Event: 0.152 Thread 0x000001c96e86ed40 Exception <a 'java/lang/NoSuchMethodError'{0x0000000626381188}: 'java.lang.Object java.lang.invoke.Invokers$Holder.linkToTargetMethod(java.lang.Object, long, java.lang.Object)'> (0x0000000626381188) 
thrown [t:\workspace\open\src\hotspot\share\interpreter\linkResolver.cpp, line 766]
Event: 0.165 Thread 0x000001c96e86ed40 Exception <a 'java/lang/NoSuchMethodError'{0x0000000625dc9380}: 'void java.lang.invoke.DirectMethodHandle$Holder.invokeStaticInit(java.lang.Object, java.lang.Object)'> (0x0000000625dc9380) 
thrown [t:\workspace\open\src\hotspot\share\interpreter\linkResolver.cpp, line 766]
Event: 0.170 Thread 0x000001c97d67f3e0 Exception <a 'java/lang/NoSuchMethodError'{0x0000000625e7d070}: 'void java.lang.invoke.DirectMethodHandle$Holder.invokeInterface(java.lang.Object, java.lang.Object)'> (0x0000000625e7d070) 
thrown [t:\workspace\open\src\hotspot\share\interpreter\linkResolver.cpp, line 766]
Event: 0.181 Thread 0x000001c97d67f3e0 Exception <a 'java/lang/NoSuchMethodError'{0x0000000625edfaa8}: 'java.lang.Object java.lang.invoke.Invokers$Holder.invoke_MT(java.lang.Object, java.lang.Object, java.lang.Object, java.lang.Object, java.lang.Object)'> (0x0000000625edfaa8) 
thrown [t:\workspace\open\src\hotspot\share\interpreter\linkResolver.cpp, line 766]
Event: 0.182 Thread 0x000001c97d67f3e0 Exception <a 'java/lang/NoSuchMethodError'{0x0000000625f6f740}: 'int java.lang.invoke.DirectMethodHandle$Holder.invokeSpecial(java.lang.Object, java.lang.Object, java.lang.Object)'> (0x0000000625f6f740) 
thrown [t:\workspace\open\src\hotspot\share\interpreter\linkResolver.cpp, line 766]
Event: 0.183 Thread 0x000001c97d67f3e0 Exception <a 'java/lang/NoSuchMethodError'{0x0000000625f76a28}: 'int java.lang.invoke.Invokers$Holder.linkToTargetMethod(java.lang.Object, java.lang.Object, java.lang.Object)'> (0x0000000625f76a28) 
thrown [t:\workspace\open\src\hotspot\share\interpreter\linkResolver.cpp, line 766]
Event: 0.191 Thread 0x000001c97d67f3e0 Exception <a 'java/lang/NoSuchMethodError'{0x0000000625f9e110}: 'void java.lang.invoke.DirectMethodHandle$Holder.invokeStatic(java.lang.Object, java.lang.Object, java.lang.Object)'> (0x0000000625f9e110) 
thrown [t:\workspace\open\src\hotspot\share\interpreter\linkResolver.cpp, line 766]
Event: 0.203 Thread 0x000001c97d422f90 Exception <a 'java/lang/NoSuchMethodError'{0x0000000625f36f30}: 'int java.lang.invoke.DirectMethodHandle$Holder.invokeInterface(java.lang.Object, java.lang.Object)'> (0x0000000625f36f30) 
thrown [t:\workspace\open\src\hotspot\share\interpreter\linkResolver.cpp, line 766]
Event: 0.204 Thread 0x000001c97d422f90 Exception <a 'java/lang/IncompatibleClassChangeError'{0x0000000625f3a418}: Found class java.lang.Object, but interface was expected> (0x0000000625f3a418) 
thrown [t:\workspace\open\src\hotspot\share\interpreter\linkResolver.cpp, line 833]
Event: 0.211 Thread 0x000001c97d67f3e0 Exception <a 'java/lang/NoSuchMethodError'{0x000000062580b3d8}: 'java.lang.Object java.lang.invoke.DirectMethodHandle$Holder.invokeStaticInit(java.lang.Object, int, int, int, int)'> (0x000000062580b3d8) 
thrown [t:\workspace\open\src\hotspot\share\interpreter\linkResolver.cpp, line 766]
Event: 0.268 Thread 0x000001c97d67f3e0 Exception <a 'java/lang/NoSuchMethodError'{0x0000000625a0c170}: 'java.lang.Object java.lang.invoke.DirectMethodHandle$Holder.invokeStaticInit(java.lang.Object, java.lang.Object, int, int, int, int)'> (0x0000000625a0c170) 
thrown [t:\workspace\open\src\hotspot\share\interpreter\linkResolver.cpp, line 766]
Event: 0.291 Thread 0x000001c97d67f3e0 Exception <a 'java/lang/NoSuchMethodError'{0x0000000625aead30}: 'java.lang.Object java.lang.invoke.DirectMethodHandle$Holder.invokeSpecial(java.lang.Object, java.lang.Object, int, java.lang.Object, java.lang.Object)'> (0x0000000625aead30) 
thrown [t:\workspace\open\src\hotspot\share\interpreter\linkResolver.cpp, line 766]
Event: 0.297 Thread 0x000001c97d67f3e0 Exception <a 'java/lang/NoSuchMethodError'{0x0000000625b067f0}: 'java.lang.Object java.lang.invoke.Invokers$Holder.invoke_MT(java.lang.Object, java.lang.Object, java.lang.Object)'> (0x0000000625b067f0) 
thrown [t:\workspace\open\src\hotspot\share\interpreter\linkResolver.cpp, line 766]
Event: 0.299 Thread 0x000001c97d422f90 Exception <a 'java/lang/ClassNotFoundException'{0x0000000625ac9bd8}: javax/management/remote/rmi/RMIServerImpl_Skel> (0x0000000625ac9bd8) 
thrown [t:\workspace\open\src\hotspot\share\classfile\systemDictionary.cpp, line 256]
Event: 0.324 Thread 0x000001c97d67f3e0 Exception <a 'java/lang/NoSuchMethodError'{0x0000000625b5d020}: 'void java.lang.invoke.DirectMethodHandle$Holder.invokeSpecial(java.lang.Object, java.lang.Object, java.lang.Object)'> (0x0000000625b5d020) 
thrown [t:\workspace\open\src\hotspot\share\interpreter\linkResolver.cpp, line 766]
Event: 0.356 Thread 0x000001c97dc8b620 Exception <a 'java/lang/NoSuchMethodError'{0x000000062555a4c8}: static [B.<clinit>()V> (0x000000062555a4c8) 
thrown [t:\workspace\open\src\hotspot\share\prims\jni.cpp, line 1107]
Event: 0.360 Thread 0x000001c97dc8b620 Exception <a 'java/lang/ClassNotFoundException'{0x0000000625562d08}: javax/management/remote/rmi/RMIConnectionImpl_Skel> (0x0000000625562d08) 
thrown [t:\workspace\open\src\hotspot\share\classfile\systemDictionary.cpp, line 256]
Event: 0.458 Thread 0x000001c96e86ed40 Exception <a 'java/lang/NoSuchMethodError'{0x0000000625139b70}: 'void java.lang.invoke.DirectMethodHandle$Holder.invokeVirtual(java.lang.Object, java.lang.Object)'> (0x0000000625139b70) 
thrown [t:\workspace\open\src\hotspot\share\interpreter\linkResolver.cpp, line 766]

VM Operations (20 events):
Event: 22.940 Executing VM operation: G1CollectForAllocation
Event: 22.941 Executing VM operation: G1CollectForAllocation done
Event: 23.123 Executing VM operation: G1CollectForAllocation
Event: 23.124 Executing VM operation: G1CollectForAllocation done
Event: 23.311 Executing VM operation: G1CollectForAllocation
Event: 23.312 Executing VM operation: G1CollectForAllocation done
Event: 23.508 Executing VM operation: G1CollectForAllocation
Event: 23.509 Executing VM operation: G1CollectForAllocation done
Event: 23.699 Executing VM operation: G1CollectForAllocation
Event: 23.700 Executing VM operation: G1CollectForAllocation done
Event: 23.888 Executing VM operation: G1CollectForAllocation
Event: 23.889 Executing VM operation: G1CollectForAllocation done
Event: 24.091 Executing VM operation: G1CollectForAllocation
Event: 24.092 Executing VM operation: G1CollectForAllocation done
Event: 24.300 Executing VM operation: G1CollectForAllocation
Event: 24.301 Executing VM operation: G1CollectForAllocation done
Event: 24.497 Executing VM operation: G1CollectForAllocation
Event: 24.498 Executing VM operation: G1CollectForAllocation done
Event: 24.699 Executing VM operation: G1CollectForAllocation
Event: 24.700 Executing VM operation: G1CollectForAllocation done

Events (20 events):
Event: 1.512 loading class sun/util/resources/LocaleData$CommonResourceBundleProvider done
Event: 1.512 loading class sun/util/resources/Bundles$2
Event: 1.512 loading class sun/util/resources/Bundles$2 done
Event: 1.560 loading class javax/management/openmbean/CompositeDataSupport
Event: 1.560 loading class javax/management/openmbean/CompositeDataSupport done
Event: 1.561 loading class javax/management/openmbean/OpenDataException
Event: 1.561 loading class javax/management/openmbean/OpenDataException done
Event: 1.563 loading class java/io/ObjectStreamException
Event: 1.563 loading class java/io/ObjectStreamException done
Event: 1.643 Thread 0x000001c97df67900 Thread exited: 0x000001c97df67900
Event: 1.861 Thread 0x000001c97d58cbf0 Thread exited: 0x000001c97d58cbf0
Event: 3.375 Thread 0x000001c97d53f9a0 Thread exited: 0x000001c97d53f9a0
Event: 24.755 loading class jdk/internal/misc/Signal$1
Event: 24.756 loading class jdk/internal/misc/Signal$1 done
Event: 24.756 Thread 0x000001c97f605d20 Thread added: 0x000001c97f605d20
Event: 24.756 Thread 0x000001c97f604510 Thread added: 0x000001c97f604510
Event: 24.756 Thread 0x000001c97f605380 Thread added: 0x000001c97f605380
Event: 24.756 Thread 0x000001c97f605850 Thread added: 0x000001c97f605850
Event: 24.756 Thread 0x000001c97f604510 Thread exited: 0x000001c97f604510
Event: 24.757 Thread 0x000001c97f605850 Thread exited: 0x000001c97f605850


Dynamic libraries:
0x00007ff77d920000 - 0x00007ff77d92e000 	C:\.jdk\jdk-17\bin\java.exe
0x00007ffc41d20000 - 0x00007ffc41f87000 	C:\WINDOWS\SYSTEM32\ntdll.dll
0x00007ffc3fc30000 - 0x00007ffc3fcf9000 	C:\WINDOWS\System32\KERNEL32.DLL
0x00007ffc3f3d0000 - 0x00007ffc3f7c7000 	C:\WINDOWS\System32\KERNELBASE.dll
0x00007ffc3f950000 - 0x00007ffc3fa9b000 	C:\WINDOWS\System32\ucrtbase.dll
0x00007ffc20b00000 - 0x00007ffc20b1a000 	C:\.jdk\jdk-17\bin\VCRUNTIME140.dll
0x00007ffc20620000 - 0x00007ffc20638000 	C:\.jdk\jdk-17\bin\jli.dll
0x00007ffc41610000 - 0x00007ffc417d6000 	C:\WINDOWS\System32\USER32.dll
0x00007ffc3f2e0000 - 0x00007ffc3f307000 	C:\WINDOWS\System32\win32u.dll
0x00007ffc417e0000 - 0x00007ffc4180b000 	C:\WINDOWS\System32\GDI32.dll
0x00007ffc1d3e0000 - 0x00007ffc1d672000 	C:\WINDOWS\WinSxS\amd64_microsoft.windows.common-controls_6595b64144ccf1df_6.0.26100.8457_none_3e0b2faee331e92d\COMCTL32.dll
0x00007ffc3f1b0000 - 0x00007ffc3f2dc000 	C:\WINDOWS\System32\gdi32full.dll
0x00007ffc3f100000 - 0x00007ffc3f1a3000 	C:\WINDOWS\System32\msvcp_win.dll
0x00007ffc41c20000 - 0x00007ffc41cc9000 	C:\WINDOWS\System32\msvcrt.dll
0x00007ffc40fa0000 - 0x00007ffc40fd2000 	C:\WINDOWS\System32\IMM32.DLL
0x00007ffc28340000 - 0x00007ffc2834c000 	C:\.jdk\jdk-17\bin\vcruntime140_1.dll
0x00007ffbcb910000 - 0x00007ffbcb99d000 	C:\.jdk\jdk-17\bin\msvcp140.dll
0x00007ffac4f70000 - 0x00007ffac5b2e000 	C:\.jdk\jdk-17\bin\server\jvm.dll
0x00007ffc40ee0000 - 0x00007ffc40f96000 	C:\WINDOWS\System32\ADVAPI32.dll
0x00007ffc40320000 - 0x00007ffc403c7000 	C:\WINDOWS\System32\sechost.dll
0x00007ffc3fb10000 - 0x00007ffc3fc28000 	C:\WINDOWS\System32\RPCRT4.dll
0x00007ffc411e0000 - 0x00007ffc411e8000 	C:\WINDOWS\System32\PSAPI.DLL
0x00007ffc1e430000 - 0x00007ffc1e43a000 	C:\WINDOWS\SYSTEM32\WSOCK32.dll
0x00007ffc25ca0000 - 0x00007ffc25cd6000 	C:\WINDOWS\SYSTEM32\WINMM.dll
0x00007ffc40e00000 - 0x00007ffc40e80000 	C:\WINDOWS\System32\WS2_32.dll
0x00007ffc28d90000 - 0x00007ffc28d9b000 	C:\WINDOWS\SYSTEM32\VERSION.dll
0x00007ffc3d4a0000 - 0x00007ffc3d4bb000 	C:\WINDOWS\SYSTEM32\kernel.appcore.dll
0x00007ffc28110000 - 0x00007ffc2811a000 	C:\.jdk\jdk-17\bin\jimage.dll
0x00007ffc3c830000 - 0x00007ffc3ca72000 	C:\WINDOWS\SYSTEM32\DBGHELP.DLL
0x00007ffc41280000 - 0x00007ffc41603000 	C:\WINDOWS\System32\combase.dll
0x00007ffc40ca0000 - 0x00007ffc40d79000 	C:\WINDOWS\System32\OLEAUT32.dll
0x00007ffc1ee20000 - 0x00007ffc1ee5b000 	C:\WINDOWS\SYSTEM32\dbgcore.DLL
0x00007ffc3efc0000 - 0x00007ffc3f068000 	C:\WINDOWS\System32\bcryptPrimitives.dll
0x00007ffc394f0000 - 0x00007ffc394fe000 	C:\.jdk\jdk-17\bin\instrument.dll
0x00007ffc25e50000 - 0x00007ffc25e75000 	C:\.jdk\jdk-17\bin\java.dll
0x00007ffbba480000 - 0x00007ffbba556000 	C:\.jdk\jdk-17\bin\svml.dll
0x00007ffc403d0000 - 0x00007ffc40b3e000 	C:\WINDOWS\System32\SHELL32.dll
0x00007ffc3e750000 - 0x00007ffc3efbc000 	C:\WINDOWS\System32\windows.storage.dll
0x00007ffc40ba0000 - 0x00007ffc40c96000 	C:\WINDOWS\System32\SHCORE.dll
0x00007ffc3faa0000 - 0x00007ffc3fb06000 	C:\WINDOWS\System32\shlwapi.dll
0x00007ffc3e670000 - 0x00007ffc3e699000 	C:\WINDOWS\SYSTEM32\profapi.dll
0x00007ffc0a430000 - 0x00007ffc0a448000 	C:\.jdk\jdk-17\bin\zip.dll
0x00007ffc20bb0000 - 0x00007ffc20bc9000 	C:\.jdk\jdk-17\bin\net.dll
0x00007ffc34ad0000 - 0x00007ffc34bf9000 	C:\WINDOWS\SYSTEM32\WINHTTP.dll
0x00007ffc3d9f0000 - 0x00007ffc3da5c000 	C:\WINDOWS\system32\mswsock.dll
0x00007ffc13230000 - 0x00007ffc13245000 	C:\.jdk\jdk-17\bin\nio.dll
0x00007ffc3d020000 - 0x00007ffc3d152000 	C:\WINDOWS\SYSTEM32\DNSAPI.dll
0x00007ffc3cfe0000 - 0x00007ffc3d012000 	C:\WINDOWS\SYSTEM32\IPHLPAPI.DLL
0x00007ffc418d0000 - 0x00007ffc418da000 	C:\WINDOWS\System32\NSI.dll
0x00007ffc34fe0000 - 0x00007ffc34feb000 	C:\Windows\System32\rasadhlp.dll
0x00007ffc35460000 - 0x00007ffc354e6000 	C:\WINDOWS\System32\fwpuclnt.dll
0x00007ffc394c0000 - 0x00007ffc394c9000 	C:\.jdk\jdk-17\bin\management.dll
0x00007ffc37460000 - 0x00007ffc3746b000 	C:\.jdk\jdk-17\bin\management_ext.dll
0x00007ffc3ddf0000 - 0x00007ffc3de0b000 	C:\WINDOWS\SYSTEM32\CRYPTSP.dll
0x00007ffc3d400000 - 0x00007ffc3d439000 	C:\WINDOWS\system32\rsaenh.dll
0x00007ffc3daa0000 - 0x00007ffc3dad3000 	C:\WINDOWS\SYSTEM32\USERENV.dll
0x00007ffc3e640000 - 0x00007ffc3e66a000 	C:\WINDOWS\SYSTEM32\bcrypt.dll
0x00007ffc3dc50000 - 0x00007ffc3dc5c000 	C:\WINDOWS\SYSTEM32\CRYPTBASE.dll
0x00007ffc35090000 - 0x00007ffc350ad000 	C:\WINDOWS\SYSTEM32\dhcpcsvc6.DLL
0x00007ffc34da0000 - 0x00007ffc34dc5000 	C:\WINDOWS\SYSTEM32\dhcpcsvc.DLL
0x00007ffc19760000 - 0x00007ffc19778000 	C:\WINDOWS\system32\napinsp.dll
0x00007ffc18cf0000 - 0x00007ffc18d03000 	C:\WINDOWS\System32\winrnr.dll
0x00007ffc18c30000 - 0x00007ffc18c52000 	C:\WINDOWS\system32\nlansp_c.dll
0x00007ffc2b9c0000 - 0x00007ffc2b9d6000 	C:\WINDOWS\system32\wshbth.dll
0x00007ffbfffa0000 - 0x00007ffbffff6000 	C:\WINDOWS\SYSTEM32\pdh.dll
0x00007ffc280e0000 - 0x00007ffc280ee000 	C:\.jdk\jdk-17\bin\sunmscapi.dll
0x00007ffc3f7d0000 - 0x00007ffc3f948000 	C:\WINDOWS\System32\CRYPT32.dll
0x00007ffc3dfc0000 - 0x00007ffc3dff0000 	C:\WINDOWS\SYSTEM32\ncrypt.dll
0x00007ffc3df70000 - 0x00007ffc3dfaf000 	C:\WINDOWS\SYSTEM32\NTASN1.dll
0x00007ffc082d0000 - 0x00007ffc082d8000 	C:\WINDOWS\system32\wshunix.dll
0x00007ffc2acf0000 - 0x00007ffc2ad02000 	C:\WINDOWS\System32\perfproc.dll
0x00007ffc279c0000 - 0x00007ffc279d1000 	C:\WINDOWS\System32\perfos.dll
0x00007ffc3cb80000 - 0x00007ffc3cb92000 	C:\WINDOWS\SYSTEM32\pfclient.dll

dbghelp: loaded successfully - version: 4.0.5 - missing functions: none
symbol engine: initialized successfully - sym options: 0x614 - pdb path: .;C:\.jdk\jdk-17\bin;C:\WINDOWS\SYSTEM32;C:\WINDOWS\WinSxS\amd64_microsoft.windows.common-controls_6595b64144ccf1df_6.0.26100.8457_none_3e0b2faee331e92d;C:\.jdk\jdk-17\bin\server

VM Arguments:
jvm_args: --add-exports=java.base/jdk.internal.misc=ALL-UNNAMED --add-opens=java.base/jdk.internal.misc=ALL-UNNAMED --add-opens=java.base/java.nio=ALL-UNNAMED --add-opens=java.base/sun.nio.ch=ALL-UNNAMED -javaagent:C:\Program Files\JetBrains\IntelliJ IDEA 2024.3.5\lib\idea_rt.jar=52820 -Dfile.encoding=UTF-8 
java_command: com.resourcebox.demo.NewValidationApp
java_class_path (initial): C:\hooniegit\Git\ResourceBox\MediaDriver\java\MediaDriver\target\classes;C:\Users\dhkim\.m2\repository\io\aeron\aeron-all\1.50.4\aeron-all-1.50.4.jar;C:\Users\dhkim\.m2\repository\org\slf4j\slf4j-api\2.0.17\slf4j-api-2.0.17.jar
Launcher Type: SUN_STANDARD

[Global flags]
     intx CICompilerCount                          = 12                                        {product} {ergonomic}
     uint ConcGCThreads                            = 4                                         {product} {ergonomic}
     uint G1ConcRefinementThreads                  = 14                                        {product} {ergonomic}
   size_t G1HeapRegionSize                         = 4194304                                   {product} {ergonomic}
    uintx GCDrainStackTargetSize                   = 64                                        {product} {ergonomic}
   size_t InitialHeapSize                          = 532676608                                 {product} {ergonomic}
   size_t MarkStackSize                            = 4194304                                   {product} {ergonomic}
   size_t MaxHeapSize                              = 8480882688                                {product} {ergonomic}
   size_t MaxNewSize                               = 5087690752                                {product} {ergonomic}
   size_t MinHeapDeltaBytes                        = 4194304                                   {product} {ergonomic}
   size_t MinHeapSize                              = 8388608                                   {product} {ergonomic}
    uintx NonNMethodCodeHeapSize                   = 7602480                                {pd product} {ergonomic}
    uintx NonProfiledCodeHeapSize                  = 122027880                              {pd product} {ergonomic}
    uintx ProfiledCodeHeapSize                     = 122027880                              {pd product} {ergonomic}
    uintx ReservedCodeCacheSize                    = 251658240                              {pd product} {ergonomic}
     bool SegmentedCodeCache                       = true                                      {product} {ergonomic}
   size_t SoftMaxHeapSize                          = 8480882688                             {manageable} {ergonomic}
     bool UseCompressedClassPointers               = true                           {product lp64_product} {ergonomic}
     bool UseCompressedOops                        = true                           {product lp64_product} {ergonomic}
     bool UseG1GC                                  = true                                      {product} {ergonomic}
     bool UseLargePagesIndividualAllocation        = false                                  {pd product} {ergonomic}

Logging:
Log output configuration:
 #0: stdout all=warning uptime,level,tags
 #1: stderr all=off uptime,level,tags

Environment Variables:
JAVA_HOME=C:\.jdk\jdk-17
PATH=c:\Users\dhkim\AppData\Local\Programs\cursor\resources\app\bin;C:\Program Files (x86)\Microsoft\Edge\Application;C:\WINDOWS\system32;C:\WINDOWS;C:\WINDOWS\System32\Wbem;C:\WINDOWS\System32\WindowsPowerShell\v1.0\;C:\WINDOWS\System32\OpenSSH\;C:\Program Files (x86)\Microsoft SQL Server\160\Tools\Binn\;C:\Program Files\Microsoft SQL Server\160\Tools\Binn\;C:\Program Files\Microsoft SQL Server\Client SDK\ODBC\170\Tools\Binn\;C:\Program Files\Microsoft SQL Server\160\DTS\Binn\;C:\Program Files (x86)\Microsoft SQL Server\160\DTS\Binn\;C:\Program Files\Bandizip\;C:\Program Files\dotnet\;C:\Program Files\Git\cmd;C:\.jdk\jdk-17\bin;C:\Program Files\Microsoft SQL Server\150\Tools\Binn\;C:\Program Files (x86)\Windows Kits\10\Windows Performance Toolkit\;C:\Users\dhkim\AppData\Local\Programs\Python\Launcher\;C:\Users\dhkim\AppData\Local\Microsoft\WindowsApps;C:\Users\dhkim\.dotnet\tools;c:\Users\dhkim\AppData\Local\Programs\cursor\resources\app\bin;c:\Users\dhkim\AppData\Local\Programs\cursor\resources\app\bin;C:\Users\dhkim\protoc\bin;C:\Users\dhkim\AppData\Local\Programs\Python\Launcher\;C:\Users\dhkim\AppData\Local\Microsoft\WindowsApps;C:\Users\dhkim\AppData\Local\Programs\Microsoft VS Code\bin;C:\Users\dhkim\.dotnet\tools;C:\Users\dhkim\AppData\Local\Programs\cursor\resources\app\bin;C:\Program Files\JetBrains\IntelliJ IDEA 2024.3.5\bin;;C:\Users\dhkim\AppData\Local\JetBrains\PyCharm 2025.1.1\bin;
USERNAME=dhkim
OS=Windows_NT
PROCESSOR_IDENTIFIER=Intel64 Family 6 Model 170 Stepping 4, GenuineIntel



---------------  S Y S T E M  ---------------

OS:
 Windows 10 , 64 bit Build 26100 (10.0.26100.8328)
OS uptime: 6 days 22:55 hours
Hyper-V role detected

CPU: total 18 (initial active 18) (9 cores per cpu, 2 threads per core) family 6 model 170 stepping 4 microcode 0x1c, cx8, cmov, fxsr, ht, mmx, 3dnowpref, sse, sse2, sse3, ssse3, sse4.1, sse4.2, popcnt, lzcnt, tsc, tscinvbit, avx, avx2, aes, erms, clmul, bmi1, bmi2, adx, sha, fma, vzeroupper, clflush, clflushopt, clwb, hv

Memory: 4k page, system-wide physical 32348M (7991M free)
TotalPageFile size 48732M (AvailPageFile size 12750M)
current process WorkingSet (physical memory assigned to process): 571M, peak: 973M
current process commit charge ("private bytes"): 649M, peak: 669M

vm_info: OpenJDK 64-Bit Server VM (17+35-2724) for windows-amd64 JRE (17+35-2724), built on Aug  5 2021 23:26:02 by "mach5one" with MS VC++ 16.8 (VS2019)

END.
