#
# A fatal error has been detected by the Java Runtime Environment:
#
#  EXCEPTION_ACCESS_VIOLATION (0xc0000005) at pc=0x000002cc87c0eb75, pid=61340, tid=26292
#
# JRE version: OpenJDK Runtime Environment (17.0+35) (build 17+35-2724)
# Java VM: OpenJDK 64-Bit Server VM (17+35-2724, mixed mode, sharing, tiered, compressed oops, compressed class ptrs, g1 gc, windows-amd64)
# Problematic frame:
# J 1518 c2 io.aeron.driver.DriverConductor.doWork()I (91 bytes) @ 0x000002cc87c0eb75 [0x000002cc87c0eaa0+0x00000000000000d5]
#
# No core dump will be written. Minidumps are not enabled by default on client versions of Windows
#
# If you would like to submit a bug report, please visit:
#   https://bugreport.java.com/bugreport/crash.jsp
#

---------------  S U M M A R Y ------------

Command Line: --add-exports=java.base/jdk.internal.misc=ALL-UNNAMED --add-opens=java.base/jdk.internal.misc=ALL-UNNAMED --add-opens=java.base/java.nio=ALL-UNNAMED --add-opens=java.base/sun.nio.ch=ALL-UNNAMED -javaagent:C:\Program Files\JetBrains\IntelliJ IDEA 2024.3.5\lib\idea_rt.jar=54186 -Dfile.encoding=UTF-8 com.resourcebox.demo.DemoServer

Host: Intel(R) Core(TM) Ultra 5 125H, 18 cores, 31G,  Windows 10 , 64 bit Build 26100 (10.0.26100.8328)
Time: Tue Jun 16 12:36:54 2026  Windows 10 , 64 bit Build 26100 (10.0.26100.8328) elapsed time: 63.501524 seconds (0d 0h 1m 3s)

---------------  T H R E A D  ---------------

Current thread (0x000002cca3982820):  JavaThread "driver-conductor" [_thread_in_Java, id=26292, stack(0x000000d678700000,0x000000d678800000)]

Stack: [0x000000d678700000,0x000000d678800000],  sp=0x000000d6787fefe0,  free space=1019k
Native frames: (J=compiled Java code, j=interpreted, Vv=VM code, C=native code)
C  0x000002cc87c0eb75


siginfo: EXCEPTION_ACCESS_VIOLATION (0xc0000005), reading address 0x000002cca5d41100


Register to memory mapping:

RIP=0x000002cc87c0eb75 is at entry_point+213 in (nmethod*)0x000002cc87c0e810
RAX=0x00023223ee3070dc is an unknown value
RBX=0x0000000000000001 is an unknown value
RCX=0x00000006257bec28 is an oop: io.aeron.driver.status.DutyCycleStallTracker 
{0x00000006257bec28} - klass: 'io/aeron/driver/status/DutyCycleStallTracker'
 - ---- fields (total size 21 words):
 - 'p000' 'B' @12  0
 - 'p001' 'B' @13  0
 - 'p002' 'B' @14  0
 - 'p003' 'B' @15  0
 - 'p004' 'B' @16  0
 - 'p005' 'B' @17  0
 - 'p006' 'B' @18  0
 - 'p007' 'B' @19  0
 - 'p008' 'B' @20  0
 - 'p009' 'B' @21  0
 - 'p010' 'B' @22  0
 - 'p011' 'B' @23  0
 - 'p012' 'B' @24  0
 - 'p013' 'B' @25  0
 - 'p014' 'B' @26  0
 - 'p015' 'B' @27  0
 - 'p016' 'B' @28  0
 - 'p017' 'B' @29  0
 - 'p018' 'B' @30  0
 - 'p019' 'B' @31  0
 - 'p020' 'B' @32  0
 - 'p021' 'B' @33  0
 - 'p022' 'B' @34  0
 - 'p023' 'B' @35  0
 - 'p024' 'B' @36  0
 - 'p025' 'B' @37  0
 - 'p026' 'B' @38  0
 - 'p027' 'B' @39  0
 - 'p028' 'B' @40  0
 - 'p029' 'B' @41  0
 - 'p030' 'B' @42  0
 - 'p031' 'B' @43  0
 - 'p032' 'B' @44  0
 - 'p033' 'B' @45  0
 - 'p034' 'B' @46  0
 - 'p035' 'B' @47  0
 - 'p036' 'B' @48  0
 - 'p037' 'B' @49  0
 - 'p038' 'B' @50  0
 - 'p039' 'B' @51  0
 - 'p040' 'B' @52  0
 - 'p041' 'B' @53  0
 - 'p042' 'B' @54  0
 - 'p043' 'B' @55  0
 - 'p044' 'B' @56  0
 - 'p045' 'B' @57  0
 - 'p046' 'B' @58  0
 - 'p047' 'B' @59  0
 - 'p048' 'B' @60  0
 - 'p049' 'B' @61  0
 - 'p050' 'B' @62  0
 - 'p051' 'B' @63  0
 - 'p052' 'B' @64  0
 - 'p053' 'B' @65  0
 - 'p054' 'B' @66  0
 - 'p055' 'B' @67  0
 - 'p056' 'B' @68  0
 - 'p057' 'B' @69  0
 - 'p058' 'B' @70  0
 - 'p059' 'B' @71  0
 - 'p060' 'B' @72  0
 - 'p061' 'B' @73  0
 - 'p062' 'B' @74  0
 - 'p063' 'B' @75  0
 - 'timeOfLastUpdateNs' 'J' @80  618079854817500 (ee3070dc 23223)
 - 'p064' 'B' @76  0
 - 'p065' 'B' @77  0
 - 'p066' 'B' @78  0
 - 'p067' 'B' @79  0
 - 'p068' 'B' @88  0
 - 'p069' 'B' @89  0
 - 'p070' 'B' @90  0
 - 'p071' 'B' @91  0
 - 'p072' 'B' @92  0
 - 'p073' 'B' @93  0
 - 'p074' 'B' @94  0
 - 'p075' 'B' @95  0
 - 'p076' 'B' @96  0
 - 'p077' 'B' @97  0
 - 'p078' 'B' @98  0
 - 'p079' 'B' @99  0
 - 'p080' 'B' @100  0
 - 'p081' 'B' @101  0
 - 'p082' 'B' @102  0
 - 'p083' 'B' @103  0
 - 'p084' 'B' @104  0
 - 'p085' 'B' @105  0
 - 'p086' 'B' @106  0
 - 'p087' 'B' @107  0
 - 'p088' 'B' @108  0
 - 'p089' 'B' @109  0
 - 'p090' 'B' @110  0
 - 'p091' 'B' @111  0
 - 'p092' 'B' @112  0
 - 'p093' 'B' @113  0
 - 'p094' 'B' @114  0
 - 'p095' 'B' @115  0
 - 'p096' 'B' @116  0
 - 'p097' 'B' @117  0
 - 'p098' 'B' @118  0
 - 'p099' 'B' @119  0
 - 'p100' 'B' @120  0
 - 'p101' 'B' @121  0
 - 'p102' 'B' @122  0
 - 'p103' 'B' @123  0
 - 'p104' 'B' @124  0
 - 'p105' 'B' @125  0
 - 'p106' 'B' @126  0
 - 'p107' 'B' @127  0
 - 'p108' 'B' @128  0
 - 'p109' 'B' @129  0
 - 'p110' 'B' @130  0
 - 'p111' 'B' @131  0
 - 'p112' 'B' @132  0
 - 'p113' 'B' @133  0
 - 'p114' 'B' @134  0
 - 'p115' 'B' @135  0
 - 'p116' 'B' @136  0
 - 'p117' 'B' @137  0
 - 'p118' 'B' @138  0
 - 'p119' 'B' @139  0
 - 'p120' 'B' @140  0
 - 'p121' 'B' @141  0
 - 'p122' 'B' @142  0
 - 'p123' 'B' @143  0
 - 'p124' 'B' @144  0
 - 'p125' 'B' @145  0
 - 'p126' 'B' @146  0
 - 'p127' 'B' @147  0
 - private final 'maxCycleTime' 'Lorg/agrona/concurrent/status/AtomicCounter;' @148  a 'org/agrona/concurrent/status/AtomicCounter'{0x0000000625435548} (c4a86aa9)
 - private final 'cycleTimeThresholdNs' 'J' @152  100000000 (5f5e100 0)
 - private final 'cycleTimeThresholdExceededCount' 'Lorg/agrona/concurrent/status/AtomicCounter;' @160  a 'org/agrona/concurrent/status/AtomicCounter'{0x00000006254355a8} (c4a86ab5)
RDX=0x0000039a20610b5f is an unknown value
RSP=0x000000d6787fefe0 is pointing into the stack for thread: 0x000002cca3982820
RBP=0x000002cca5d41100 is an unknown value
RSI=3298855954 is a compressed pointer to object: java.util.ArrayDeque 
{0x0000000625046090} - klass: 'java/util/ArrayDeque'
 - ---- fields (total size 3 words):
 - transient 'head' 'I' @12  0
 - transient 'tail' 'I' @16  0
 - transient 'elements' '[Ljava/lang/Object;' @20  a 'java/lang/Object'[17] {0x00000006250460a8} (c4a08c15)
RDI=0x0000000000000011 is an unknown value
R8 =0x0000000000000083 is an unknown value
R9 =0x0000000000a35548 is an unknown value
R10=0x000002cca5d41100 is an unknown value
R11=0x0 is NULL
R12=0x0 is NULL
R13=0x000000062503b500 is an oop: io.aeron.driver.DriverConductor 
{0x000000062503b500} - klass: 'io/aeron/driver/DriverConductor'
 - ---- fields (total size 25 words):
 - private 'nextSessionId' 'I' @12  -378414549 (e971da2b)
 - private final 'timerIntervalNs' 'J' @16  1000000000 (3b9aca00 0)
 - private final 'clientLivenessTimeoutNs' 'J' @24  10000000000 (540be400 2)
 - private 'timeOfLastToDriverPositionChangeNs' 'J' @32  618079247483000 (c9fd4078 23223)
 - private 'lastCommandConsumerPosition' 'J' @40  104 (68 0)
 - private 'timerCheckDeadlineNs' 'J' @48  618080247483000 (5980a78 23224)
 - private 'clockUpdateDeadlineNs' 'J' @56  618079844842500 (ed983c04 23223)
 - private final 'asyncExecutionDisabled' 'Z' @64  false
 - private 'asyncClientCommandInFlight' 'Z' @65  false
 - private final 'ctx' 'Lio/aeron/driver/MediaDriver$Context;' @68  a 'io/aeron/driver/MediaDriver$Context'{0x0000000625de0038} (c4bbc007)
 - private final 'logFactory' 'Lio/aeron/driver/buffer/LogFactory;' @72  a 'io/aeron/driver/buffer/FileStoreLogFactory'{0x00000006257b88e8} (c4af711d)
 - private final 'receiverProxy' 'Lio/aeron/driver/ReceiverProxy;' @76  a 'io/aeron/driver/ReceiverProxy'{0x0000000625528a70} (c4aa514e)
 - private final 'senderProxy' 'Lio/aeron/driver/SenderProxy;' @80  a 'io/aeron/driver/SenderProxy'{0x000000062552db68} (c4aa5b6d)
 - private final 'clientProxy' 'Lio/aeron/driver/ClientProxy;' @84  a 'io/aeron/driver/ClientProxy'{0x000000062545ced0} (c4a8b9da)
 - private final 'toDriverCommands' 'Lorg/agrona/concurrent/ringbuffer/RingBuffer;' @88  a 'org/agrona/concurrent/ringbuffer/ManyToOneRingBuffer'{0x000000062550bae0} (c4aa175c)
 - private final 'clientCommandAdapter' 'Lio/aeron/driver/ClientCommandAdapter;' @92  a 'io/aeron/driver/ClientCommandAdapter'{0x000000062505cca0} (c4a0b994)
 - private final 'driverCmdQueue' 'Lorg/agrona/concurrent/ManyToOneConcurrentLinkedQueue;' @96  a 'org/agrona/concurrent/ManyToOneConcurrentLinkedQueue'{0x0000000625a6fe80} (c4b4dfd0)
 - private final 'sendChannelEndpointByChannelMap' 'Lorg/agrona/collections/Object2ObjectHashMap;' @100  a 'org/agrona/collections/Object2ObjectHashMap'{0x0000000625045e00} (c4a08bc0)
 - private final 'receiveChannelEndpointByChannelMap' 'Lorg/agrona/collections/Object2ObjectHashMap;' @104  a 'org/agrona/collections/Object2ObjectHashMap'{0x0000000625045e80} (c4a08bd0)
 - private final 'networkPublications' 'Ljava/util/ArrayList;' @108  a 'java/util/ArrayList'{0x0000000625045f00} (c4a08be0)
 - private final 'ipcPublications' 'Ljava/util/ArrayList;' @112  a 'java/util/ArrayList'{0x0000000625045f18} (c4a08be3)
 - private final 'publicationImages' 'Ljava/util/ArrayList;' @116  a 'java/util/ArrayList'{0x0000000625045f30} (c4a08be6)
 - private final 'publicationLinks' 'Ljava/util/ArrayList;' @120  a 'java/util/ArrayList'{0x0000000625045f48} (c4a08be9)
 - private final 'subscriptionLinks' 'Ljava/util/ArrayList;' @124  a 'java/util/ArrayList'{0x0000000625045f60} (c4a08bec)
 - private final 'counterLinks' 'Ljava/util/ArrayList;' @128  a 'java/util/ArrayList'{0x0000000625045f78} (c4a08bef)
 - private final 'clients' 'Ljava/util/ArrayList;' @132  a 'java/util/ArrayList'{0x0000000625045f90} (c4a08bf2)
 - private final 'endOfLifeResources' 'Ljava/util/ArrayDeque;' @136  a 'java/util/ArrayDeque'{0x0000000625046090} (c4a08c12)
 - private final 'activeSessionSet' 'Lorg/agrona/collections/ObjectHashSet;' @140  a 'org/agrona/collections/ObjectHashSet'{0x000000062504f160} (c4a09e2c)
 - private final 'epochClock' 'Lorg/agrona/concurrent/EpochClock;' @144  a 'org/agrona/concurrent/SystemEpochClock'{0x0000000625f34d30} (c4be69a6)
 - private final 'nanoClock' 'Lorg/agrona/concurrent/NanoClock;' @148  a 'org/agrona/concurrent/SystemNanoClock'{0x0000000625f365a8} (c4be6cb5)
 - private final 'cachedEpochClock' 'Lorg/agrona/concurrent/CachedEpochClock;' @152  a 'org/agrona/concurrent/CachedEpochClock'{0x0000000625f3cd00} (c4be79a0)
 - private final 'cachedNanoClock' 'Lorg/agrona/concurrent/CachedNanoClock;' @156  a 'org/agrona/concurrent/CachedNanoClock'{0x0000000625f43820} (c4be8704)
 - private final 'countersManager' 'Lorg/agrona/concurrent/status/CountersManager;' @160  a 'org/agrona/concurrent/status/CountersManager'{0x0000000625ac5fa8} (c4b58bf5)
 - private final 'networkPublicationThreadLocals' 'Lio/aeron/driver/NetworkPublicationThreadLocals;' @164  a 'io/aeron/driver/NetworkPublicationThreadLocals'{0x0000000625051b08} (c4a0a361)
 - private final 'tempBuffer' 'Lorg/agrona/MutableDirectBuffer;' @168  a 'org/agrona/concurrent/UnsafeBuffer'{0x0000000625f33260} (c4be664c)
 - private final 'defaultDataHeader' 'Lio/aeron/protocol/DataHeaderFlyweight;' @172  a 'io/aeron/protocol/DataHeaderFlyweight'{0x0000000625051d30} (c4a0a3a6)
 - private final 'errorCounter' 'Lorg/agrona/concurrent/status/AtomicCounter;' @176  a 'org/agrona/concurrent/status/AtomicCounter'{0x0000000625435128} (c4a86a25)
 - private final 'imagesRejected' 'Lorg/agrona/concurrent/status/AtomicCounter;' @180  a 'org/agrona/concurrent/status/AtomicCounter'{0x0000000625435b48} (c4a86b69)
 - private final 'dutyCycleTracker' 'Lio/aeron/driver/DutyCycleTracker;' @184  a 'io/aeron/driver/status/DutyCycleStallTracker'{0x00000006257bec28} (c4af7d85)
 - private final 'asyncTaskExecutor' 'Ljava/util/concurrent/Executor;' @188  a 'java/util/concurrent/ThreadPoolExecutor'{0x0000000625a92838} (c4b52507)
 - private 'nameResolver' 'Lio/aeron/driver/TimeTrackingNameResolver;' @192  a 'io/aeron/driver/TimeTrackingNameResolver'{0x000000062519b6d8} (c4a336db)
R14=3298867604 is a compressed pointer to object: io.aeron.driver.ClientCommandAdapter 
{0x000000062505cca0} - klass: 'io/aeron/driver/ClientCommandAdapter'
 - ---- fields (total size 11 words):
 - private final 'publicationMsgFlyweight' 'Lio/aeron/command/PublicationMessageFlyweight;' @12  a 'io/aeron/command/PublicationMessageFlyweight'{0x00000006250625a8} (c4a0c4b5)
 - private final 'subscriptionMsgFlyweight' 'Lio/aeron/command/SubscriptionMessageFlyweight;' @16  a 'io/aeron/command/SubscriptionMessageFlyweight'{0x00000006250664a0} (c4a0cc94)
 - private final 'correlatedMsgFlyweight' 'Lio/aeron/command/CorrelatedMessageFlyweight;' @20  a 'io/aeron/command/CorrelatedMessageFlyweight'{0x00000006250664b8} (c4a0cc97)
 - private final 'removeCounterFlyweight' 'Lio/aeron/command/RemoveCounterFlyweight;' @24  a 'io/aeron/command/RemoveCounterFlyweight'{0x000000062506a3d8} (c4a0d47b)
 - private final 'removePublicationFlyweight' 'Lio/aeron/command/RemovePublicationFlyweight;' @28  a 'io/aeron/command/RemovePublicationFlyweight'{0x000000062506ca78} (c4a0d94f)
 - private final 'removeSubscriptionFlyweight' 'Lio/aeron/command/RemoveSubscriptionFlyweight;' @32  a 'io/aeron/command/RemoveSubscriptionFlyweight'{0x000000062506e198} (c4a0dc33)
 - private final 'destinationMsgFlyweight' 'Lio/aeron/command/DestinationMessageFlyweight;' @36  a 'io/aeron/command/DestinationMessageFlyweight'{0x0000000625071e40} (c4a0e3c8)
 - private final 'counterMsgFlyweight' 'Lio/aeron/command/CounterMessageFlyweight;' @40  a 'io/aeron/command/CounterMessageFlyweight'{0x00000006250764b8} (c4a0ec97)
 - private final 'staticCounterMessageFlyweight' 'Lio/aeron/command/StaticCounterMessageFlyweight;' @44  a 'io/aeron/command/StaticCounterMessageFlyweight'{0x000000062507aef0} (c4a0f5de)
 - private final 'terminateDriverFlyweight' 'Lio/aeron/command/TerminateDriverFlyweight;' @48  a 'io/aeron/command/TerminateDriverFlyweight'{0x000000062507dd88} (c4a0fbb1)
 - private final 'rejectImageFlyweight' 'Lio/aeron/command/RejectImageFlyweight;' @52  a 'io/aeron/command/RejectImageFlyweight'{0x0000000625081c48} (c4a10389)
 - private final 'destinationByIdMessageFlyweight' 'Lio/aeron/command/DestinationByIdMessageFlyweight;' @56  a 'io/aeron/command/DestinationByIdMessageFlyweight'{0x0000000625084760} (c4a108ec)
 - private final 'getNextAvailableSessionIdMessageFlyweight' 'Lio/aeron/command/GetNextAvailableSessionIdMessageFlyweight;' @60  a 'io/aeron/command/GetNextAvailableSessionIdMessageFlyweight'{0x0000000625087170} (c4a10e2e)
 - private final 'conductor' 'Lio/aeron/driver/DriverConductor;' @64  a 'io/aeron/driver/DriverConductor'{0x000000062503b500} (c4a076a0)
 - private final 'toDriverCommands' 'Lorg/agrona/concurrent/ringbuffer/RingBuffer;' @68  a 'org/agrona/concurrent/ringbuffer/ManyToOneRingBuffer'{0x000000062550bae0} (c4aa175c)
 - private final 'clientProxy' 'Lio/aeron/driver/ClientProxy;' @72  a 'io/aeron/driver/ClientProxy'{0x000000062545ced0} (c4a8b9da)
 - private final 'errors' 'Lorg/agrona/concurrent/status/AtomicCounter;' @76  a 'org/agrona/concurrent/status/AtomicCounter'{0x0000000625435128} (c4a86a25)
 - private final 'errorHandler' 'Lorg/agrona/ErrorHandler;' @80  a 'org/agrona/concurrent/errors/LoggingErrorHandler'{0x00000006255165d8} (c4aa2cbb)
R15=0x000002cca3982820 is a thread


Registers:
RAX=0x00023223ee3070dc, RBX=0x0000000000000001, RCX=0x00000006257bec28, RDX=0x0000039a20610b5f
RSP=0x000000d6787fefe0, RBP=0x000002cca5d41100, RSI=0x00000000c4a08c12, RDI=0x0000000000000011
R8 =0x0000000000000083, R9 =0x0000000000a35548, R10=0x000002cca5d41100, R11=0x0000000000000000
R12=0x0000000000000000, R13=0x000000062503b500, R14=0x00000000c4a0b994, R15=0x000002cca3982820
RIP=0x000002cc87c0eb75, EFLAGS=0x0000000000010246

Top of Stack: (sp=0x000000d6787fefe0)
0x000000d6787fefe0:   0000059f144d48cf 0000000000000000
0x000000d6787feff0:   00000000c4a08c12 0000000000000011
0x000000d6787ff000:   0000000000000001 000002cc87bfc783
0x000000d6787ff010:   0000000625045f18 000000d6787ff070
0x000000d6787ff020:   00023223ee3070dc 00000000c4a08c12
0x000000d6787ff030:   000000062600c8c0 00000000c4a08c12
0x000000d6787ff040:   000000062503b500 000000062600c8c0
0x000000d6787ff050:   00000000000003e8 000002cc87bfc6c0
0x000000d6787ff060:   0000000626002e18 0000000000000246
0x000000d6787ff070:   0000000625111b20 000002cc87c19c14
0x000000d6787ff080:   000002cc87c19810 0000000000000000
0x000000d6787ff090:   000000062503b500 00000006257e5500
0x000000d6787ff0a0:   00000006257e5500 000000d600000000
0x000000d6787ff0b0:   000000062503b500 0000000625111ae8
0x000000d6787ff0c0:   00000006257e5500 000002cca2efd7d8
0x000000d6787ff0d0:   0000000625111068 000002cca2eb6788 

Instructions: (pc=0x000002cc87c0eb75)
0x000002cc87c0ea75:   50 00 c0 0a 64 01 f8 0d f8 05 50 00 c0 0a 64 01
0x000002cc87c0ea85:   f8 69 f1 05 50 00 c0 0a 64 01 f8 25 f1 05 50 00
0x000002cc87c0ea95:   c0 0a 64 05 64 0f 64 00 00 00 00 44 8b 52 08 49
0x000002cc87c0eaa5:   bb 00 00 00 00 08 00 00 00 4d 03 d3 49 3b c2 0f
0x000002cc87c0eab5:   85 c6 df 43 f8 66 90 0f 1f 40 00 89 84 24 00 90
0x000002cc87c0eac5:   ff ff 55 48 81 ec 90 00 00 00 48 89 54 24 60 8b
0x000002cc87c0ead5:   aa 94 00 00 00 45 8b 54 ec 08 41 81 fa d0 6c c1
0x000002cc87c0eae5:   00 0f 85 fc 07 00 00 c5 f8 77 49 ba 10 b1 5d c5
0x000002cc87c0eaf5:   fa 7f 00 00 41 ff d2 48 89 44 24 40 4c 8b 54 24
0x000002cc87c0eb05:   60 45 8b 92 9c 00 00 00 45 85 d2 0f 84 9e 07 00
0x000002cc87c0eb15:   00 4b 89 44 d4 50 4c 8b 54 24 60 45 8b 9a b8 00
0x000002cc87c0eb25:   00 00 47 8b 54 dc 08 4c 8b c8 4f 2b 4c dc 50 4b
0x000002cc87c0eb35:   89 44 dc 50 41 81 fa 08 86 c0 00 0f 85 b2 07 00
0x000002cc87c0eb45:   00 4b 8d 0c dc 44 8b 91 94 00 00 00 43 0f b6 6c
0x000002cc87c0eb55:   d4 18 85 ed 0f 85 11 09 00 00 47 8b 5c d4 1c 4b
0x000002cc87c0eb65:   8b 6c d4 10 45 85 db 0f 85 aa 07 00 00 4c 8b d5
0x000002cc87c0eb75:   4d 8b 02 4d 3b c1 0f 8c bf 03 00 00 4c 8b 91 98
0x000002cc87c0eb85:   00 00 00 4d 3b ca 0f 8f f7 09 00 00 4c 8b 54 24
0x000002cc87c0eb95:   60 4d 8b 52 38 4c 2b d0 4d 85 d2 7d 55 4c 8b 54
0x000002cc87c0eba5:   24 60 45 8b 82 90 00 00 00 4c 8b d0 49 81 c2 40
0x000002cc87c0ebb5:   42 0f 00 4c 8b 5c 24 60 4d 89 53 38 47 8b 54 c4
0x000002cc87c0ebc5:   08 41 8b ab 98 00 00 00 41 81 fa b0 6a c1 00 0f
0x000002cc87c0ebd5:   85 e6 0a 00 00 c5 f8 77 49 ba c0 b0 5d c5 fa 7f
0x000002cc87c0ebe5:   00 00 41 ff d2 85 ed 0f 84 be 0a 00 00 49 89 44
0x000002cc87c0ebf5:   ec 50 4c 8b 54 24 60 4d 8b 52 30 4c 2b 54 24 40
0x000002cc87c0ec05:   4d 85 d2 0f 8c 42 03 00 00 45 33 d2 4c 8b 5c 24
0x000002cc87c0ec15:   60 41 0f b6 6b 41 85 ed 0f 85 75 08 00 00 45 8b
0x000002cc87c0ec25:   73 5c 43 8b 6c f4 44 45 8b 44 ec 08 41 81 f8 f8
0x000002cc87c0ec35:   ef cc 00 0f 85 0a 07 00 00 4d 8d 04 ec 41 8b 68
0x000002cc87c0ec45:   28 45 8b 68 1c 45 8b 5c ec 08 41 81 fb c8 47 c1
0x000002cc87c0ec55:   00 0f 85 04 07 00 00 49 8d 1c ec 44 8b 5b 0c 41
0x000002cc87c0ec65:   8b eb 41 0b ed 83 cd 08 85 ed 0f 8c 37 08 00 00 


Stack slot to memory mapping:
stack at sp + 0 slots: 0x0000059f144d48cf is an unknown value
stack at sp + 1 slots: 0x0 is NULL
stack at sp + 2 slots: 3298855954 is a compressed pointer to object: java.util.ArrayDeque 
{0x0000000625046090} - klass: 'java/util/ArrayDeque'
 - ---- fields (total size 3 words):
 - transient 'head' 'I' @12  0
 - transient 'tail' 'I' @16  0
 - transient 'elements' '[Ljava/lang/Object;' @20  a 'java/lang/Object'[17] {0x00000006250460a8} (c4a08c15)
stack at sp + 3 slots: 0x0000000000000011 is an unknown value
stack at sp + 4 slots: 0x0000000000000001 is an unknown value
stack at sp + 5 slots: 0x000002cc87bfc783 is at entry_point+227 in (nmethod*)0x000002cc87bfc510
stack at sp + 6 slots: 0x0000000625045f18 is an oop: java.util.ArrayList 
{0x0000000625045f18} - klass: 'java/util/ArrayList'
 - ---- fields (total size 3 words):
 - protected transient 'modCount' 'I' @12  1
 - private 'size' 'I' @16  1
 - transient 'elementData' '[Ljava/lang/Object;' @20  a 'java/lang/Object'[10] {0x00000006252107a8} (c4a420f5)
stack at sp + 7 slots: 0x000000d6787ff070 is pointing into the stack for thread: 0x000002cca3982820

--------------------------------------------------------------------------------
[Constant Pool (empty)]

--------------------------------------------------------------------------------

[MachCode]
  0x000002cc87c0eaa0: 448b 5208 | 49bb 0000 | 0000 0800 | 0000 4d03 | d349 3bc2 | 0f85 c6df | 43f8 6690 | 0f1f 4000 
  0x000002cc87c0eac0: 8984 2400 | 90ff ff55 | 4881 ec90 | 0000 0048 | 8954 2460 | 8baa 9400 | 0000 458b | 54ec 0841 
  0x000002cc87c0eae0: 81fa d06c | c100 0f85 | fc07 0000 | c5f8 7749 | ba10 b15d | c5fa 7f00 | 0041 ffd2 | 4889 4424 
  0x000002cc87c0eb00: 404c 8b54 | 2460 458b | 929c 0000 | 0045 85d2 | 0f84 9e07 | 0000 4b89 | 44d4 504c | 8b54 2460 
  0x000002cc87c0eb20: 458b 9ab8 | 0000 0047 | 8b54 dc08 | 4c8b c84f | 2b4c dc50 | 4b89 44dc | 5041 81fa | 0886 c000 
  0x000002cc87c0eb40: 0f85 b207 | 0000 4b8d | 0cdc 448b | 9194 0000 | 0043 0fb6 | 6cd4 1885 | ed0f 8511 | 0900 0047 
  0x000002cc87c0eb60: 8b5c d41c | 4b8b 6cd4 | 1045 85db | 0f85 aa07 | 0000 4c8b | d54d 8b02 | 4d3b c10f | 8cbf 0300 
  0x000002cc87c0eb80: 004c 8b91 | 9800 0000 | 4d3b ca0f | 8ff7 0900 | 004c 8b54 | 2460 4d8b | 5238 4c2b | d04d 85d2 
  0x000002cc87c0eba0: 7d55 4c8b | 5424 6045 | 8b82 9000 | 0000 4c8b | d049 81c2 | 4042 0f00 | 4c8b 5c24 | 604d 8953 
  0x000002cc87c0ebc0: 3847 8b54 | c408 418b | ab98 0000 | 0041 81fa | b06a c100 | 0f85 e60a | 0000 c5f8 | 7749 bac0 
  0x000002cc87c0ebe0: b05d c5fa | 7f00 0041 | ffd2 85ed | 0f84 be0a | 0000 4989 | 44ec 504c | 8b54 2460 | 4d8b 5230 
  0x000002cc87c0ec00: 4c2b 5424 | 404d 85d2 | 0f8c 4203 | 0000 4533 | d24c 8b5c | 2460 410f | b66b 4185 | ed0f 8575 
  0x000002cc87c0ec20: 0800 0045 | 8b73 5c43 | 8b6c f444 | 458b 44ec | 0841 81f8 | f8ef cc00 | 0f85 0a07 | 0000 4d8d 
  0x000002cc87c0ec40: 04ec 418b | 6828 458b | 681c 458b | 5cec 0841 | 81fb c847 | c100 0f85 | 0407 0000 | 498d 1cec 
  0x000002cc87c0ec60: 448b 5b0c | 418b eb41 | 0bed 83cd | 0885 ed0f | 8c37 0800 | 0041 8beb | 412b ed83 | fd08 0f8c 
  0x000002cc87c0ec80: 3809 0000 | 488b 4b10 | 448b 5b18 | 4d63 cd45 | 85db 0f85 | f406 0000 | 418b 700c | 4c8b d94b 
  0x000002cc87c0eca0: 8b04 0b44 | 8bc6 41ff | c88b c841 | 23c8 2bf1 | 33ff 4533 | c03b fe0f | 8d93 0800 | 0041 83f8 
  0x000002cc87c0ecc0: 017d 4a44 | 8b4b 0c44 | 8bd9 4403 | df41 8be9 | 410b eb83 | cd04 85ed | 0f8c 2208 | 0000 418b 
  0x000002cc87c0ece0: e941 2beb | 83fd 040f | 8c73 0900 | 008b 5318 | 4c8b 4b10 | 4963 eb49 | 03e9 4c8b | ca49 c1e1 
  0x000002cc87c0ed00: 0341 8b14 | 2985 d20f | 8f04 0300 | 0085 ff0f | 8f8a 0200 | 004c 8b5c | 2460 458b | 4b60 478b 
  0x000002cc87c0ed20: 9ccc 9000 | 0000 438b | 5cdc 1045 | 03d0 85db | 0f85 c208 | 0000 4c8b | 5c24 6045 | 8b5b 7443 
  0x000002cc87c0ed40: 8b6c dc10 | 85ed 0f8f | d808 0000 | 4c8b 5c24 | 6045 8b43 | 6c43 8b6c | c410 85ed | 0f8f e608 
  0x000002cc87c0ed60: 0000 458b | 4b70 478b | 44cc 1045 | 85c0 0f8e | af00 0000 | 4b8d 3ccc | 4489 5424 | 3845 8bd8 
  0x000002cc87c0ed80: 33db 4585 | db0f 8cb1 | 0600 0041 | 3bdb 0f83 | 5406 0000 | 438b 6ccc | 1441 8b4c | ec0c 3bd9 
  0x000002cc87c0eda0: 0f83 7606 | 0000 4d8d | 1cec 418b | 6c9b 1045 | 8b5c ec08 | 4181 fb00 | 64d1 000f | 8583 0900 
  0x000002cc87c0edc0: 0089 5c24 | 2c48 897c | 2430 4489 | 4424 2844 | 894c 2424 | 4489 5424 | 2049 8d14 | ec66 6690 
  0x000002cc87c0ede0: c5f8 77e8 | f82c 0000 | 8b4c 2438 | 03c8 8b5c | 242c ffc3 | 3b5c 2428 | 7d22 448b | 4c24 2447 
  0x000002cc87c0ee00: 8b5c cc10 | 448b 5424 | 2044 8b44 | 2428 488b | 7c24 3089 | 4c24 38e9 | 66ff ffff | 448b 5424 
  0x000002cc87c0ee20: 20eb 0341 | 8bca 4c8b | 5c24 6045 | 8b9b 9800 | 0000 4f8b | 4cdc 504c | 8b5c 2460 | 458b 83c0 
  0x000002cc87c0ee40: 0000 0043 | 8b6c c40c | 458b 44ec | 0844 8bd9 | 4503 da41 | 81f8 f87c | cc00 0f85 | 7005 0000 
  0x000002cc87c0ee60: 4c8b 5424 | 6045 8b42 | 4447 8b84 | c444 0100 | 0045 85c0 | 0f8e 6e06 | 0000 418b | b288 0000 
  0x000002cc87c0ee80: 0045 8b54 | f414 418b | 44f4 0c43 | 8b7c d40c | 3bc7 0f83 | 2c04 0000 | 4b8d 2cd4 | 448b 5485 
  0x000002cc87c0eea0: 1045 85d2 | 751c 418b | c3c5 f877 | 4881 c490 | 0000 005d | 493b a740 | 0300 000f | 870f 0b00 
  0x000002cc87c0eec0: 00c3 4180 | 7f38 000f | 8598 0200 | 0044 8964 | 8510 438b | 5cd4 08ff | c045 33c9 | 3bc7 410f 
  0x000002cc87c0eee0: 4dc1 4189 | 44f4 0c48 | b878 61d0 | 0008 0000 | 0048 be00 | 0000 0008 | 0000 0048 | 03f3 4c8b 
  0x000002cc87c0ef00: 4e20 4c3b | c80f 84c9 | 0700 0050 | 488b c048 | 8b7e 288b | 0f48 83c7 | 0848 85c0 | f248 af58 
  0x000002cc87c0ef20: 0f85 0400 | 0000 4889 | 4620 0f84 | a407 0000 | bade ffff | ff41 8bea | c5f8 77e8 | c033 44f8 
  0x000002cc87c0ef40: 4d8b d349 | c1e2 034d | 890c 2ae9 | 31fc ffff | 4c8b 5424 | 404c 8b5c | 2460 4d03 | 5310 4d89 
  0x000002cc87c0ef60: 5330 498b | d34c 8b44 | 2440 4889 | 5424 284c | 8944 2430 | c5f8 77e8 | 930a 0000 | 488b 5424 
  0x000002cc87c0ef80: 284c 8b44 | 2430 488b | ea66 6690 | c5f8 77e8 | 8a0a 0000 | 41ba 0100 | 0000 e972 | fcff ff44 
  0x000002cc87c0efa0: 8944 244c | 897c 2448 | 4889 4424 | 3848 895c | 2430 4489 | 6c24 2c44 | 8954 2428 | 48ff 7424 
  0x000002cc87c0efc0: 4048 8f44 | 2420 488b | d344 8bc1 | 448b cf33 | ff66 6690 | c5f8 77e8 | a4dd 43f8 | 4c63 4c24 
  0x000002cc87c0efe0: 484c 034c | 2438 488b | 5424 3044 | 8b44 242c | c5f8 77e8 | 88dd 43f8 | 48ff 7424 | 2048 8f44 
  0x000002cc87c0f000: 2440 448b | 5424 2844 | 8b44 244c | e904 fdff | ff89 5424 | 3844 895c | 2434 418b | e889 7c24 
  0x000002cc87c0f020: 3089 4c24 | 2848 8944 | 2420 8974 | 242c 4889 | 5c24 5844 | 896c 2454 | 4489 5424 | 3c48 ff74 
  0x000002cc87c0f040: 2440 488f | 4424 4848 | ff74 2460 | 488f 4424 | 404f 8d14 | f44c 8954 | 2460 4489 | 7424 5041 
  0x000002cc87c0f060: b808 0000 | 0066 6690 | c5f8 77e8 | 10e3 43f8 | 8944 2468 | 448b 5c24 | 3044 03d8 | 4489 5c24 
  0x000002cc87c0f080: 6c44 8b44 | 2434 4183 | c004 488b | 5424 5890 | c5f8 77e8 | e8dc 43f8 | 83f8 ff0f | 84ee 0000 
  0x000002cc87c0f0a0: 0044 8b5c | 2438 4183 | c3f8 418b | cb44 8b54 | 2434 4183 | c208 488b | 5424 6044 | 8bc0 4c8b 
  0x000002cc87c0f0c0: 4c24 5841 | 8bfa 8bf1 | c5f8 77e8 | b0dc 43f8 | 49ba a8d9 | 1d25 0600 | 0000 493b | c20f 8401 
  0x000002cc87c0f0e0: 0100 0044 | 8bc5 41ff | c049 baf0 | d91d 2506 | 0000 0049 | 3bc2 0f84 | 2001 0000 | 49ba 38da 
  0x000002cc87c0f100: 1d25 0600 | 0000 493b | c20f 8446 | 0100 0044 | 8b54 246c | 8b4c 2428 | 418b fa4d | 8b97 4803 
  0x000002cc87c0f120: 0000 4185 | 023b 7c24 | 2c0f 8dfd | 0500 0048 | ff74 2440 | 488f 4424 | 6048 ff74 | 2448 488f 
  0x000002cc87c0f140: 4424 4044 | 8b54 243c | 448b 7424 | 5044 8b6c | 2454 488b | 5c24 588b | 7424 2c48 | 8b44 2420 
  0x000002cc87c0f160: e958 fbff | ff4d 8b4f | 2049 8bca | 48c1 e103 | 4d85 c90f | 8477 0500 | 0049 8b5f | 304a 894c 
  0x000002cc87c0f180: 0bf8 4983 | c1f8 4d89 | 4f20 e93e | fdff ff49 | 8b8f 4803 | 0000 4c8b | 5c24 2044 | 8b4c 2428 
  0x000002cc87c0f1a0: 448b 4424 | 6c85 0148 | ff74 2440 | 488f 4424 | 6048 ff74 | 2448 488f | 4424 4044 | 8b54 243c 
  0x000002cc87c0f1c0: 448b 7424 | 5044 8b6c | 2454 488b | 5c24 588b | 7424 2c49 | 8bc3 418b | c941 8bf8 | 448b c5e9 
  0x000002cc87c0f1e0: d1fa ffff | 48ff 7424 | 4048 8f44 | 2460 48ff | 7424 4848 | 8f44 2440 | 448b 5424 | 3c44 8b6c 
  0x000002cc87c0f200: 2454 488b | 5c24 5848 | 8b44 2420 | 8b4c 2428 | 8b7c 2430 | 448b c5e9 | f1fa ffff | 448b 5c24 
  0x000002cc87c0f220: 6c48 ff74 | 2440 488f | 4424 6048 | ff74 2448 | 488f 4424 | 4044 8b54 | 243c 448b | 6c24 5448 
  0x000002cc87c0f240: 8b5c 2458 | 488b 4424 | 208b 4c24 | 2841 8bfb | e9b8 faff | ff41 8be8 | 488b 5424 | 5844 8b44 
  0x000002cc87c0f260: 2428 448b | 4c24 6c33 | ff66 6690 | c5f8 77e8 | 0cdb 43f8 | 4c63 5424 | 6c4c 0354 | 2420 4c89 
  0x000002cc87c0f280: 5424 3048 | 8b54 2458 | 448b 4424 | 544d 8bca | c5f8 77e8 | e8da 43f8 | 8b4c 2428 | 034c 246c 
  0x000002cc87c0f2a0: 4c8b 5424 | 304c 8954 | 2420 33ff | 448b c5e9 | 67fe ffff | baf6 ffff | ff48 8be8 | c5f8 77e8 
  0x000002cc87c0f2c0: 3c30 44f8 | bae4 ffff | ff41 8beb | 4489 4424 | 2889 7424 | 2c44 8954 | 2438 8944 | 243c 6690 
  0x000002cc87c0f2e0: c5f8 77e8 | 1830 44f8 | bade ffff | ff66 6690 | c5f8 77e8 | 0830 44f8 | bade ffff | ff48 8b6c 
  0x000002cc87c0f300: 2460 4889 | 4424 3044 | 895c 2438 | 4c89 4c24 | 4066 6690 | c5f8 77e8 | e42f 44f8 | ba54 ffff 
  0x000002cc87c0f320: ff48 ff74 | 2460 488f | 4424 2048 | 8944 2438 | 4889 4c24 | 404c 894c | 2450 4489 | 5c24 5c90 
  0x000002cc87c0f340: c5f8 77e8 | b82f 44f8 | bade ffff | ff44 8954 | 2430 4489 | 7424 3490 | c5f8 77e8 | a02f 44f8 
  0x000002cc87c0f360: bade ffff | ff48 ff74 | 2440 488f | 4424 2844 | 8954 2430 | 4c89 4424 | 3844 8974 | 2434 4489 
  0x000002cc87c0f380: 6c24 4490 | c5f8 77e8 | 742f 44f8 | 4c03 c9ba | 54ff ffff | 488b 6c24 | 6048 ff74 | 2440 488f 
  0x000002cc87c0f3a0: 4424 2044 | 8954 2428 | 4c89 4424 | 3044 8974 | 242c 4889 | 5c24 3844 | 896c 2440 | 4489 5c24 
  0x000002cc87c0f3c0: 444c 894c | 2448 6690 | c5f8 77e8 | 302f 44f8 | bade ffff | ff44 895c | 2428 4c89 | 4c24 3090 
  0x000002cc87c0f3e0: c5f8 77e8 | 182f 44f8 | bae4 ffff | ff44 8954 | 2420 4489 | 4424 2c44 | 8b44 2438 | 4489 4424 
  0x000002cc87c0f400: 3044 894c | 2434 895c | 2438 895c | 243c 4489 | 5c24 4090 | c5f8 77e8 | e42e 44f8 | bae4 ffff 
  0x000002cc87c0f420: ff44 8954 | 2428 4489 | 4c24 2c44 | 8944 2434 | 895c 243c | c5f8 77e8 | c42e 44f8 | bacc ffff 
  0x000002cc87c0f440: ff44 8954 | 2420 4489 | 4424 2c44 | 8b54 2438 | 4489 5424 | 3044 894c | 2434 895c | 2438 895c 
  0x000002cc87c0f460: 243c 4489 | 5c24 4090 | c5f8 77e8 | 902e 44f8 | ba45 ffff | ff48 ff74 | 2460 488f | 4424 2048 
  0x000002cc87c0f480: 8944 2438 | 4889 4c24 | 404c 894c | 2448 6690 | c5f8 77e8 | 682e 44f8 | ba45 ffff | ff44 8954 
  0x000002cc87c0f4a0: 2430 6690 | c5f8 77e8 | 542e 44f8 | ba45 ffff | ff48 ff74 | 2440 488f | 4424 2844 | 8954 2430 
  0x000002cc87c0f4c0: 4c89 4424 | 3844 8974 | 2434 4889 | 5c24 5044 | 896c 244c | 4489 6c24 | 5844 895c | 245c 6690 
  0x000002cc87c0f4e0: c5f8 77e8 | 182e 44f8 | ba45 ffff | ff41 8beb | 4489 4424 | 2c66 6690 | c5f8 77e8 | 002e 44f8 
  0x000002cc87c0f500: ba45 ffff | ff44 8944 | 2420 4889 | 4424 2889 | 4c24 2489 | 7424 3089 | 7c24 3448 | ff74 2460 
  0x000002cc87c0f520: 488f 4424 | 3844 8954 | 2448 4489 | 7424 4c44 | 896c 2458 | 4889 5c24 | 6044 895c | 2468 4489 
  0x000002cc87c0f540: 5c24 6c44 | 894c 2470 | c5f8 77e8 | b02d 44f8 | ba45 ffff | ff41 8be8 | 4889 4424 | 2089 4c24 
  0x000002cc87c0f560: 2889 7c24 | 3489 7424 | 3844 8954 | 243c 4489 | 7424 5048 | 895c 2458 | 4489 6c24 | 5466 6690 
  0x000002cc87c0f580: c5f8 77e8 | 782d 44f8 | 4d3b cabd | ffff ffff | 7c08 400f | 95c5 400f | b6ed ba45 | ffff ff48 
  0x000002cc87c0f5a0: ff74 2460 | 488f 4424 | 2048 8944 | 2438 4889 | 4c24 4090 | c5f8 77e8 | 442d 44f8 | ba45 ffff 
  0x000002cc87c0f5c0: ff48 ff74 | 2440 488f | 4424 2844 | 8954 2430 | 4c89 4424 | 3844 8974 | 2434 4889 | 5c24 5044 
  0x000002cc87c0f5e0: 896c 244c | 4489 6c24 | 5844 895c | 245c 6690 | c5f8 77e8 | 082d 44f8 | ba45 ffff | ff48 ff74 
  0x000002cc87c0f600: 2440 488f | 4424 2044 | 8954 2428 | 4489 4c24 | 2c44 895c | 2438 895c | 2440 6690 | c5f8 77e8 
  0x000002cc87c0f620: dc2c 44f8 | ba45 ffff | ff48 ff74 | 2440 488f | 4424 3844 | 8954 242c | 4489 5c24 | 4066 6690 
  0x000002cc87c0f640: c5f8 77e8 | b82c 44f8 | ba45 ffff | ff44 8954 | 242c 4489 | 4424 3890 | c5f8 77e8 | a02c 44f8 
  0x000002cc87c0f660: ba45 ffff | ff44 8944 | 2420 4889 | 4424 2889 | 4c24 2489 | 7424 3089 | 7c24 3448 | ff74 2460 
  0x000002cc87c0f680: 488f 4424 | 3844 8954 | 2448 4489 | 7424 4c44 | 896c 2458 | 4889 5c24 | 6044 895c | 2468 4489 
  0x000002cc87c0f6a0: 5c24 6c44 | 894c 2470 | c5f8 77e8 | 502c 44f8 | baf6 ffff | ff48 8be8 | c5f8 77e8 | 402c 44f8 
  0x000002cc87c0f6c0: bade ffff | ff44 8944 | 2430 6690 | c5f8 77e8 | 2c2c 44f8 | 4b8d 2cd4 | ba45 ffff | ff44 895c 
  0x000002cc87c0f6e0: 2420 4489 | 4424 2490 | c5f8 77e8 | 102c 44f8 | 4489 5424 | 2489 4424 | 2044 8bee | 458b f041 
  0x000002cc87c0f700: 8bf3 498b | d7c5 f877 | 49ba 40e5 | 23c5 fa7f | 0000 41ff | d244 8bde | 458b c641 | 8bf5 8b44 
  0x000002cc87c0f720: 2420 448b | 5424 24e9 | a1f7 ffff | ba45 ffff | ff41 8be8 | 894c 2428 | 897c 2434 | c5f8 77e8 
  0x000002cc87c0f740: bc2b 44f8 | bade ffff | ff44 8954 | 2428 4489 | 4c24 2c89 | 5c24 3044 | 8944 2434 | c5f8 77e8 
  0x000002cc87c0f760: 9c2b 44f8 | baf6 ffff | ff66 6690 | c5f8 77e8 | 8c2b 44f8 | baf6 ffff | ff48 8be8 | c5f8 77e8 
  0x000002cc87c0f780: 7c2b 44f8 | baf6 ffff | ff66 6690 | c5f8 77e8 | 6c2b 44f8 | baf6 ffff | ff66 6690 | c5f8 77e8 
  0x000002cc87c0f7a0: 5c2b 44f8 | baf6 ffff | ff41 8bee | c5f8 77e8 | 4c2b 44f8 | baf6 ffff | ff48 8b6c | 2460 4489 
  0x000002cc87c0f7c0: 5424 284c | 8944 2430 | 4489 7424 | 2c44 896c | 243c 6690 | c5f8 77e8 | 242b 44f8 | baf6 ffff 
  0x000002cc87c0f7e0: ff66 6690 | c5f8 77e8 | 142b 44f8 | baf6 ffff | ff66 6690 | c5f8 77e8 | 042b 44f8 | baf6 ffff 
  0x000002cc87c0f800: ff66 6690 | c5f8 77e8 | f42a 44f8 | baf6 ffff | ff66 6690 | c5f8 77e8 | e42a 44f8 | baf6 ffff 
  0x000002cc87c0f820: ff66 6690 | c5f8 77e8 | d42a 44f8 | baf6 ffff | ff66 6690 | c5f8 77e8 | c42a 44f8 | baf6 ffff 
  0x000002cc87c0f840: ff49 8be9 | c5f8 77e8 | b42a 44f8 | baf6 ffff | ff49 8be9 | c5f8 77e8 | a42a 44f8 | baf6 ffff 
  0x000002cc87c0f860: ff66 6690 | c5f8 77e8 | 942a 44f8 | baf6 ffff | ff66 6690 | c5f8 77e8 | 842a 44f8 | baf6 ffff 
  0x000002cc87c0f880: ff8b e890 | c5f8 77e8 | 742a 44f8 | baf6 ffff | ff8b eb90 | c5f8 77e8 | 642a 44f8 | baf4 ffff 
  0x000002cc87c0f8a0: ff44 8954 | 2420 4489 | 4c24 2489 | 5c24 2844 | 8944 242c | c5f8 77e8 | 442a 44f8 | baf6 ffff 
  0x000002cc87c0f8c0: ff66 6690 | c5f8 77e8 | 342a 44f8 | e9b2 0000 | 00e9 ad00 | 0000 488b | e844 8b5c | 246c eb30 
  0x000002cc87c0f8e0: 488b e844 | 8b5c 246c | eb26 e994 | 0000 00e9 | 8f00 0000 | 488b e844 | 8b5c 2430 | eb12 488b 
  0x000002cc87c0f900: e844 8b5c | 246c eb08 | 488b e844 | 8b5c 246c | 4585 db7e | 6b44 895c | 242c 4c8b | 5424 584c 
  0x000002cc87c0f920: 8954 2430 | 498b d244 | 8b44 2428 | 458b cb33 | ff66 6690 | c5f8 77e8 | 44d4 43f8 | 4c8b 5424 
  0x000002cc87c0f940: 3045 8b5a | 084c 634c | 242c 4c03 | 4c24 2049 | b8c8 47c1 | 0008 0000 | 0048 b900 | 0000 0008 
  0x000002cc87c0f960: 0000 0049 | 03cb 4c8b | 5940 4d3b | d875 3649 | 8bd2 448b | 4424 5490 | c5f8 77e8 | 00d4 43f8 
  0x000002cc87c0f980: 488b c548 | 8bd0 eb0d | 488b d0eb | 0848 8bd0 | eb03 488b | d0c5 f877 | 4881 c490 | 0000 005d 
  0x000002cc87c0f9a0: e95b 334f | f8ba dfff | ffff 4c8b | 5c24 404c | 895c 2420 | 448b 4424 | 3c44 8944 | 2430 4c89 
  0x000002cc87c0f9c0: 5424 384c | 894c 2440 | c5f8 77e8 | 3029 44f8 | 49ba b4ee | c087 cc02 | 0000 4d89 | 9758 0300 
  0x000002cc87c0f9e0: 00e9 1a3a | 44f8 f4f4 | f4f4 f4f4 | f4f4 f4f4 | f4f4 f4f4 | f4f4 f4f4 | f4f4 f4f4 | f4f4 f4f4 
  0x000002cc87c0fa00: 48bb 0000 | 0000 0000 | 0000 e9fb | ffff ff48 | bb10 96e5 | a2cc 0200 | 00e9 bf45 | 44f8 48bb 
  0x000002cc87c0fa20: 2897 e5a2 | cc02 0000 | e9b0 4544 | f848 bb00 | 0000 0000 | 0000 00e9 | fbff ffff | 48bb 0000 
  0x000002cc87c0fa40: 0000 0000 | 0000 e9fb | ffff ff48 | bb00 0000 | 0000 0000 | 00e9 fbff | ffff 48bb | 0000 0000 
  0x000002cc87c0fa60: 0000 0000 | e9fb ffff | ff48 bb00 | 0000 0000 | 0000 00e9 | fbff ffff | 48bb 0000 | 0000 0000 
  0x000002cc87c0fa80: 0000 e9fb | ffff ff48 | bb00 0000 | 0000 0000 | 00e9 fbff | ffff 48bb | 0000 0000 | 0000 0000 
  0x000002cc87c0faa0: e9fb ffff | ff48 bb00 | 0000 0000 | 0000 00e9 | fbff ffff | e947 7d45 | f8e8 0000 | 0000 4883 
  0x000002cc87c0fac0: 2c24 05e9 | d82b 44f8 
[/MachCode]
--------------------------------------------------------------------------------


---------------  P R O C E S S  ---------------

Threads class SMR info:
_java_thread_list=0x000002cca2570800, length=23, elements={
0x000002ccf535ee30, 0x000002cca1e43b40, 0x000002cca1e46600, 0x000002cca1e5f790,
0x000002cca1e60140, 0x000002cca1e60af0, 0x000002cca1e614a0, 0x000002cca1e6fa50,
0x000002cca1e77240, 0x000002cca1e8bf60, 0x000002cca24244d0, 0x000002cca2567be0,
0x000002cca25680b0, 0x000002cca340dde0, 0x000002cca340ead0, 0x000002cca36639f0,
0x000002cca3682ac0, 0x000002cca3684fa0, 0x000002cca3982820, 0x000002cca3983100,
0x000002cca39835d0, 0x000002cca3a4b6b0, 0x000002cca3a4a840
}

Java Threads: ( => current thread )
  0x000002ccf535ee30 JavaThread "main" [_thread_blocked, id=6332, stack(0x000000d676b00000,0x000000d676c00000)]
  0x000002cca1e43b40 JavaThread "Reference Handler" daemon [_thread_blocked, id=27716, stack(0x000000d677200000,0x000000d677300000)]
  0x000002cca1e46600 JavaThread "Finalizer" daemon [_thread_blocked, id=27220, stack(0x000000d677300000,0x000000d677400000)]
  0x000002cca1e5f790 JavaThread "Signal Dispatcher" daemon [_thread_blocked, id=62924, stack(0x000000d677400000,0x000000d677500000)]
  0x000002cca1e60140 JavaThread "Attach Listener" daemon [_thread_blocked, id=24272, stack(0x000000d677500000,0x000000d677600000)]
  0x000002cca1e60af0 JavaThread "Service Thread" daemon [_thread_blocked, id=42364, stack(0x000000d677600000,0x000000d677700000)]
  0x000002cca1e614a0 JavaThread "Monitor Deflation Thread" daemon [_thread_blocked, id=11764, stack(0x000000d677700000,0x000000d677800000)]
  0x000002cca1e6fa50 JavaThread "C2 CompilerThread0" daemon [_thread_blocked, id=36384, stack(0x000000d677800000,0x000000d677900000)]
  0x000002cca1e77240 JavaThread "C1 CompilerThread0" daemon [_thread_blocked, id=67116, stack(0x000000d677900000,0x000000d677a00000)]
  0x000002cca1e8bf60 JavaThread "Sweeper thread" daemon [_thread_blocked, id=19064, stack(0x000000d677a00000,0x000000d677b00000)]
  0x000002cca24244d0 JavaThread "Common-Cleaner" daemon [_thread_blocked, id=26104, stack(0x000000d677b00000,0x000000d677c00000)]
  0x000002cca2567be0 JavaThread "Monitor Ctrl-Break" daemon [_thread_in_native, id=37388, stack(0x000000d677e00000,0x000000d677f00000)]
  0x000002cca25680b0 JavaThread "Notification Thread" daemon [_thread_blocked, id=66192, stack(0x000000d677f00000,0x000000d678000000)]
  0x000002cca340dde0 JavaThread "RMI TCP Accept-0" daemon [_thread_in_native, id=45440, stack(0x000000d678200000,0x000000d678300000)]
  0x000002cca340ead0 JavaThread "async-executor C:\Users\dhkim\AppData\Local\Temp\PARCAeron" daemon [_thread_blocked, id=47680, stack(0x000000d678300000,0x000000d678400000)]
  0x000002cca36639f0 JavaThread "RMI TCP Connection(1)-192.168.0.75" daemon [_thread_in_native, id=17456, stack(0x000000d678400000,0x000000d678500000)]
  0x000002cca3682ac0 JavaThread "RMI Scheduler(0)" daemon [_thread_blocked, id=24424, stack(0x000000d678500000,0x000000d678600000)]
  0x000002cca3684fa0 JavaThread "JMX server connection timeout 29" daemon [_thread_blocked, id=63892, stack(0x000000d678600000,0x000000d678700000)]
=>0x000002cca3982820 JavaThread "driver-conductor" [_thread_in_Java, id=26292, stack(0x000000d678700000,0x000000d678800000)]
  0x000002cca3983100 JavaThread "sender" [_thread_in_Java, id=55884, stack(0x000000d678800000,0x000000d678900000)]
  0x000002cca39835d0 JavaThread "receiver" [_thread_in_Java, id=64108, stack(0x000000d678900000,0x000000d678a00000)]
  0x000002cca3a4b6b0 JavaThread "RMI TCP Connection(idle)" daemon [_thread_blocked, id=23252, stack(0x000000d677c00000,0x000000d677d00000)]
  0x000002cca3a4a840 JavaThread "SIGINT handler" daemon [_thread_blocked, id=30540, stack(0x000000d676800000,0x000000d676900000)]

Other Threads:
  0x000002cca1e400b0 VMThread "VM Thread" [stack: 0x000000d677100000,0x000000d677200000] [id=38092]
  0x000002ccf5414420 WatcherThread [stack: 0x000000d678000000,0x000000d678100000] [id=8076]
  0x000002ccf53d8710 GCTaskThread "GC Thread#0" [stack: 0x000000d676c00000,0x000000d676d00000] [id=35876]
  0x000002ccf53e9310 ConcurrentGCThread "G1 Main Marker" [stack: 0x000000d676d00000,0x000000d676e00000] [id=46756]
  0x000002ccf53eaa60 ConcurrentGCThread "G1 Conc#0" [stack: 0x000000d676e00000,0x000000d676f00000] [id=19568]
  0x000002ccf542d270 ConcurrentGCThread "G1 Refine#0" [stack: 0x000000d676f00000,0x000000d677000000] [id=70424]
  0x000002ccf542eb40 ConcurrentGCThread "G1 Service" [stack: 0x000000d677000000,0x000000d677100000] [id=53368]

Threads with active compile tasks:

VM state: not at safepoint (normal execution)

VM Mutex/Monitor currently owned by a thread: None

Heap address: 0x0000000606800000, size: 8088 MB, Compressed Oops mode: Zero based, Oop shift amount: 3

CDS archive(s) mapped at: [0x0000000800000000-0x0000000800bc0000-0x0000000800bc0000), size 12320768, SharedBaseAddress: 0x0000000800000000, ArchiveRelocationMode: 0.
Compressed class space mapped at: 0x0000000800c00000-0x0000000840c00000, reserved size: 1073741824
Narrow klass base: 0x0000000800000000, Narrow klass shift: 0, Narrow klass range: 0x100000000

GC Precious Log:
 CPUs: 18 total, 18 available
 Memory: 32348M
 Large Page Support: Disabled
 NUMA Support: Disabled
 Compressed Oops: Enabled (Zero based)
 Heap Region Size: 4M
 Heap Min Capacity: 8M
 Heap Initial Capacity: 508M
 Heap Max Capacity: 8088M
 Pre-touch: Disabled
 Parallel Workers: 14
 Concurrent Workers: 4
 Concurrent Refinement Workers: 14
 Periodic GC: Disabled

Heap:
 garbage-first heap   total 520192K, used 20480K [0x0000000606800000, 0x0000000800000000)
  region size 4096K, 6 young (24576K), 0 survivors (0K)
 Metaspace       used 9040K, committed 9280K, reserved 1064960K
  class space    used 968K, committed 1088K, reserved 1048576K

Heap Regions: E=young(eden), S=young(survivor), O=old, HS=humongous(starts), HC=humongous(continues), CS=collection set, F=free, OA=open archive, CA=closed archive, TAMS=top-at-mark-start (previous, next)
|   0|0x0000000606800000, 0x0000000606800000, 0x0000000606c00000|  0%| F|  |TAMS 0x0000000606800000, 0x0000000606800000| Untracked 
|   1|0x0000000606c00000, 0x0000000606c00000, 0x0000000607000000|  0%| F|  |TAMS 0x0000000606c00000, 0x0000000606c00000| Untracked 
|   2|0x0000000607000000, 0x0000000607000000, 0x0000000607400000|  0%| F|  |TAMS 0x0000000607000000, 0x0000000607000000| Untracked 
|   3|0x0000000607400000, 0x0000000607400000, 0x0000000607800000|  0%| F|  |TAMS 0x0000000607400000, 0x0000000607400000| Untracked 
|   4|0x0000000607800000, 0x0000000607800000, 0x0000000607c00000|  0%| F|  |TAMS 0x0000000607800000, 0x0000000607800000| Untracked 
|   5|0x0000000607c00000, 0x0000000607c00000, 0x0000000608000000|  0%| F|  |TAMS 0x0000000607c00000, 0x0000000607c00000| Untracked 
|   6|0x0000000608000000, 0x0000000608000000, 0x0000000608400000|  0%| F|  |TAMS 0x0000000608000000, 0x0000000608000000| Untracked 
|   7|0x0000000608400000, 0x0000000608400000, 0x0000000608800000|  0%| F|  |TAMS 0x0000000608400000, 0x0000000608400000| Untracked 
|   8|0x0000000608800000, 0x0000000608800000, 0x0000000608c00000|  0%| F|  |TAMS 0x0000000608800000, 0x0000000608800000| Untracked 
|   9|0x0000000608c00000, 0x0000000608c00000, 0x0000000609000000|  0%| F|  |TAMS 0x0000000608c00000, 0x0000000608c00000| Untracked 
|  10|0x0000000609000000, 0x0000000609000000, 0x0000000609400000|  0%| F|  |TAMS 0x0000000609000000, 0x0000000609000000| Untracked 
|  11|0x0000000609400000, 0x0000000609400000, 0x0000000609800000|  0%| F|  |TAMS 0x0000000609400000, 0x0000000609400000| Untracked 
|  12|0x0000000609800000, 0x0000000609800000, 0x0000000609c00000|  0%| F|  |TAMS 0x0000000609800000, 0x0000000609800000| Untracked 
|  13|0x0000000609c00000, 0x0000000609c00000, 0x000000060a000000|  0%| F|  |TAMS 0x0000000609c00000, 0x0000000609c00000| Untracked 
|  14|0x000000060a000000, 0x000000060a000000, 0x000000060a400000|  0%| F|  |TAMS 0x000000060a000000, 0x000000060a000000| Untracked 
|  15|0x000000060a400000, 0x000000060a400000, 0x000000060a800000|  0%| F|  |TAMS 0x000000060a400000, 0x000000060a400000| Untracked 
|  16|0x000000060a800000, 0x000000060a800000, 0x000000060ac00000|  0%| F|  |TAMS 0x000000060a800000, 0x000000060a800000| Untracked 
|  17|0x000000060ac00000, 0x000000060ac00000, 0x000000060b000000|  0%| F|  |TAMS 0x000000060ac00000, 0x000000060ac00000| Untracked 
|  18|0x000000060b000000, 0x000000060b000000, 0x000000060b400000|  0%| F|  |TAMS 0x000000060b000000, 0x000000060b000000| Untracked 
|  19|0x000000060b400000, 0x000000060b400000, 0x000000060b800000|  0%| F|  |TAMS 0x000000060b400000, 0x000000060b400000| Untracked 
|  20|0x000000060b800000, 0x000000060b800000, 0x000000060bc00000|  0%| F|  |TAMS 0x000000060b800000, 0x000000060b800000| Untracked 
|  21|0x000000060bc00000, 0x000000060bc00000, 0x000000060c000000|  0%| F|  |TAMS 0x000000060bc00000, 0x000000060bc00000| Untracked 
|  22|0x000000060c000000, 0x000000060c000000, 0x000000060c400000|  0%| F|  |TAMS 0x000000060c000000, 0x000000060c000000| Untracked 
|  23|0x000000060c400000, 0x000000060c400000, 0x000000060c800000|  0%| F|  |TAMS 0x000000060c400000, 0x000000060c400000| Untracked 
|  24|0x000000060c800000, 0x000000060c800000, 0x000000060cc00000|  0%| F|  |TAMS 0x000000060c800000, 0x000000060c800000| Untracked 
|  25|0x000000060cc00000, 0x000000060cc00000, 0x000000060d000000|  0%| F|  |TAMS 0x000000060cc00000, 0x000000060cc00000| Untracked 
|  26|0x000000060d000000, 0x000000060d000000, 0x000000060d400000|  0%| F|  |TAMS 0x000000060d000000, 0x000000060d000000| Untracked 
|  27|0x000000060d400000, 0x000000060d400000, 0x000000060d800000|  0%| F|  |TAMS 0x000000060d400000, 0x000000060d400000| Untracked 
|  28|0x000000060d800000, 0x000000060d800000, 0x000000060dc00000|  0%| F|  |TAMS 0x000000060d800000, 0x000000060d800000| Untracked 
|  29|0x000000060dc00000, 0x000000060dc00000, 0x000000060e000000|  0%| F|  |TAMS 0x000000060dc00000, 0x000000060dc00000| Untracked 
|  30|0x000000060e000000, 0x000000060e000000, 0x000000060e400000|  0%| F|  |TAMS 0x000000060e000000, 0x000000060e000000| Untracked 
|  31|0x000000060e400000, 0x000000060e400000, 0x000000060e800000|  0%| F|  |TAMS 0x000000060e400000, 0x000000060e400000| Untracked 
|  32|0x000000060e800000, 0x000000060e800000, 0x000000060ec00000|  0%| F|  |TAMS 0x000000060e800000, 0x000000060e800000| Untracked 
|  33|0x000000060ec00000, 0x000000060ec00000, 0x000000060f000000|  0%| F|  |TAMS 0x000000060ec00000, 0x000000060ec00000| Untracked 
|  34|0x000000060f000000, 0x000000060f000000, 0x000000060f400000|  0%| F|  |TAMS 0x000000060f000000, 0x000000060f000000| Untracked 
|  35|0x000000060f400000, 0x000000060f400000, 0x000000060f800000|  0%| F|  |TAMS 0x000000060f400000, 0x000000060f400000| Untracked 
|  36|0x000000060f800000, 0x000000060f800000, 0x000000060fc00000|  0%| F|  |TAMS 0x000000060f800000, 0x000000060f800000| Untracked 
|  37|0x000000060fc00000, 0x000000060fc00000, 0x0000000610000000|  0%| F|  |TAMS 0x000000060fc00000, 0x000000060fc00000| Untracked 
|  38|0x0000000610000000, 0x0000000610000000, 0x0000000610400000|  0%| F|  |TAMS 0x0000000610000000, 0x0000000610000000| Untracked 
|  39|0x0000000610400000, 0x0000000610400000, 0x0000000610800000|  0%| F|  |TAMS 0x0000000610400000, 0x0000000610400000| Untracked 
|  40|0x0000000610800000, 0x0000000610800000, 0x0000000610c00000|  0%| F|  |TAMS 0x0000000610800000, 0x0000000610800000| Untracked 
|  41|0x0000000610c00000, 0x0000000610c00000, 0x0000000611000000|  0%| F|  |TAMS 0x0000000610c00000, 0x0000000610c00000| Untracked 
|  42|0x0000000611000000, 0x0000000611000000, 0x0000000611400000|  0%| F|  |TAMS 0x0000000611000000, 0x0000000611000000| Untracked 
|  43|0x0000000611400000, 0x0000000611400000, 0x0000000611800000|  0%| F|  |TAMS 0x0000000611400000, 0x0000000611400000| Untracked 
|  44|0x0000000611800000, 0x0000000611800000, 0x0000000611c00000|  0%| F|  |TAMS 0x0000000611800000, 0x0000000611800000| Untracked 
|  45|0x0000000611c00000, 0x0000000611c00000, 0x0000000612000000|  0%| F|  |TAMS 0x0000000611c00000, 0x0000000611c00000| Untracked 
|  46|0x0000000612000000, 0x0000000612000000, 0x0000000612400000|  0%| F|  |TAMS 0x0000000612000000, 0x0000000612000000| Untracked 
|  47|0x0000000612400000, 0x0000000612400000, 0x0000000612800000|  0%| F|  |TAMS 0x0000000612400000, 0x0000000612400000| Untracked 
|  48|0x0000000612800000, 0x0000000612800000, 0x0000000612c00000|  0%| F|  |TAMS 0x0000000612800000, 0x0000000612800000| Untracked 
|  49|0x0000000612c00000, 0x0000000612c00000, 0x0000000613000000|  0%| F|  |TAMS 0x0000000612c00000, 0x0000000612c00000| Untracked 
|  50|0x0000000613000000, 0x0000000613000000, 0x0000000613400000|  0%| F|  |TAMS 0x0000000613000000, 0x0000000613000000| Untracked 
|  51|0x0000000613400000, 0x0000000613400000, 0x0000000613800000|  0%| F|  |TAMS 0x0000000613400000, 0x0000000613400000| Untracked 
|  52|0x0000000613800000, 0x0000000613800000, 0x0000000613c00000|  0%| F|  |TAMS 0x0000000613800000, 0x0000000613800000| Untracked 
|  53|0x0000000613c00000, 0x0000000613c00000, 0x0000000614000000|  0%| F|  |TAMS 0x0000000613c00000, 0x0000000613c00000| Untracked 
|  54|0x0000000614000000, 0x0000000614000000, 0x0000000614400000|  0%| F|  |TAMS 0x0000000614000000, 0x0000000614000000| Untracked 
|  55|0x0000000614400000, 0x0000000614400000, 0x0000000614800000|  0%| F|  |TAMS 0x0000000614400000, 0x0000000614400000| Untracked 
|  56|0x0000000614800000, 0x0000000614800000, 0x0000000614c00000|  0%| F|  |TAMS 0x0000000614800000, 0x0000000614800000| Untracked 
|  57|0x0000000614c00000, 0x0000000614c00000, 0x0000000615000000|  0%| F|  |TAMS 0x0000000614c00000, 0x0000000614c00000| Untracked 
|  58|0x0000000615000000, 0x0000000615000000, 0x0000000615400000|  0%| F|  |TAMS 0x0000000615000000, 0x0000000615000000| Untracked 
|  59|0x0000000615400000, 0x0000000615400000, 0x0000000615800000|  0%| F|  |TAMS 0x0000000615400000, 0x0000000615400000| Untracked 
|  60|0x0000000615800000, 0x0000000615800000, 0x0000000615c00000|  0%| F|  |TAMS 0x0000000615800000, 0x0000000615800000| Untracked 
|  61|0x0000000615c00000, 0x0000000615c00000, 0x0000000616000000|  0%| F|  |TAMS 0x0000000615c00000, 0x0000000615c00000| Untracked 
|  62|0x0000000616000000, 0x0000000616000000, 0x0000000616400000|  0%| F|  |TAMS 0x0000000616000000, 0x0000000616000000| Untracked 
|  63|0x0000000616400000, 0x0000000616400000, 0x0000000616800000|  0%| F|  |TAMS 0x0000000616400000, 0x0000000616400000| Untracked 
|  64|0x0000000616800000, 0x0000000616800000, 0x0000000616c00000|  0%| F|  |TAMS 0x0000000616800000, 0x0000000616800000| Untracked 
|  65|0x0000000616c00000, 0x0000000616c00000, 0x0000000617000000|  0%| F|  |TAMS 0x0000000616c00000, 0x0000000616c00000| Untracked 
|  66|0x0000000617000000, 0x0000000617000000, 0x0000000617400000|  0%| F|  |TAMS 0x0000000617000000, 0x0000000617000000| Untracked 
|  67|0x0000000617400000, 0x0000000617400000, 0x0000000617800000|  0%| F|  |TAMS 0x0000000617400000, 0x0000000617400000| Untracked 
|  68|0x0000000617800000, 0x0000000617800000, 0x0000000617c00000|  0%| F|  |TAMS 0x0000000617800000, 0x0000000617800000| Untracked 
|  69|0x0000000617c00000, 0x0000000617c00000, 0x0000000618000000|  0%| F|  |TAMS 0x0000000617c00000, 0x0000000617c00000| Untracked 
|  70|0x0000000618000000, 0x0000000618000000, 0x0000000618400000|  0%| F|  |TAMS 0x0000000618000000, 0x0000000618000000| Untracked 
|  71|0x0000000618400000, 0x0000000618400000, 0x0000000618800000|  0%| F|  |TAMS 0x0000000618400000, 0x0000000618400000| Untracked 
|  72|0x0000000618800000, 0x0000000618800000, 0x0000000618c00000|  0%| F|  |TAMS 0x0000000618800000, 0x0000000618800000| Untracked 
|  73|0x0000000618c00000, 0x0000000618c00000, 0x0000000619000000|  0%| F|  |TAMS 0x0000000618c00000, 0x0000000618c00000| Untracked 
|  74|0x0000000619000000, 0x0000000619000000, 0x0000000619400000|  0%| F|  |TAMS 0x0000000619000000, 0x0000000619000000| Untracked 
|  75|0x0000000619400000, 0x0000000619400000, 0x0000000619800000|  0%| F|  |TAMS 0x0000000619400000, 0x0000000619400000| Untracked 
|  76|0x0000000619800000, 0x0000000619800000, 0x0000000619c00000|  0%| F|  |TAMS 0x0000000619800000, 0x0000000619800000| Untracked 
|  77|0x0000000619c00000, 0x0000000619c00000, 0x000000061a000000|  0%| F|  |TAMS 0x0000000619c00000, 0x0000000619c00000| Untracked 
|  78|0x000000061a000000, 0x000000061a000000, 0x000000061a400000|  0%| F|  |TAMS 0x000000061a000000, 0x000000061a000000| Untracked 
|  79|0x000000061a400000, 0x000000061a400000, 0x000000061a800000|  0%| F|  |TAMS 0x000000061a400000, 0x000000061a400000| Untracked 
|  80|0x000000061a800000, 0x000000061a800000, 0x000000061ac00000|  0%| F|  |TAMS 0x000000061a800000, 0x000000061a800000| Untracked 
|  81|0x000000061ac00000, 0x000000061ac00000, 0x000000061b000000|  0%| F|  |TAMS 0x000000061ac00000, 0x000000061ac00000| Untracked 
|  82|0x000000061b000000, 0x000000061b000000, 0x000000061b400000|  0%| F|  |TAMS 0x000000061b000000, 0x000000061b000000| Untracked 
|  83|0x000000061b400000, 0x000000061b400000, 0x000000061b800000|  0%| F|  |TAMS 0x000000061b400000, 0x000000061b400000| Untracked 
|  84|0x000000061b800000, 0x000000061b800000, 0x000000061bc00000|  0%| F|  |TAMS 0x000000061b800000, 0x000000061b800000| Untracked 
|  85|0x000000061bc00000, 0x000000061bc00000, 0x000000061c000000|  0%| F|  |TAMS 0x000000061bc00000, 0x000000061bc00000| Untracked 
|  86|0x000000061c000000, 0x000000061c000000, 0x000000061c400000|  0%| F|  |TAMS 0x000000061c000000, 0x000000061c000000| Untracked 
|  87|0x000000061c400000, 0x000000061c400000, 0x000000061c800000|  0%| F|  |TAMS 0x000000061c400000, 0x000000061c400000| Untracked 
|  88|0x000000061c800000, 0x000000061c800000, 0x000000061cc00000|  0%| F|  |TAMS 0x000000061c800000, 0x000000061c800000| Untracked 
|  89|0x000000061cc00000, 0x000000061cc00000, 0x000000061d000000|  0%| F|  |TAMS 0x000000061cc00000, 0x000000061cc00000| Untracked 
|  90|0x000000061d000000, 0x000000061d000000, 0x000000061d400000|  0%| F|  |TAMS 0x000000061d000000, 0x000000061d000000| Untracked 
|  91|0x000000061d400000, 0x000000061d400000, 0x000000061d800000|  0%| F|  |TAMS 0x000000061d400000, 0x000000061d400000| Untracked 
|  92|0x000000061d800000, 0x000000061d800000, 0x000000061dc00000|  0%| F|  |TAMS 0x000000061d800000, 0x000000061d800000| Untracked 
|  93|0x000000061dc00000, 0x000000061dc00000, 0x000000061e000000|  0%| F|  |TAMS 0x000000061dc00000, 0x000000061dc00000| Untracked 
|  94|0x000000061e000000, 0x000000061e000000, 0x000000061e400000|  0%| F|  |TAMS 0x000000061e000000, 0x000000061e000000| Untracked 
|  95|0x000000061e400000, 0x000000061e400000, 0x000000061e800000|  0%| F|  |TAMS 0x000000061e400000, 0x000000061e400000| Untracked 
|  96|0x000000061e800000, 0x000000061e800000, 0x000000061ec00000|  0%| F|  |TAMS 0x000000061e800000, 0x000000061e800000| Untracked 
|  97|0x000000061ec00000, 0x000000061ec00000, 0x000000061f000000|  0%| F|  |TAMS 0x000000061ec00000, 0x000000061ec00000| Untracked 
|  98|0x000000061f000000, 0x000000061f000000, 0x000000061f400000|  0%| F|  |TAMS 0x000000061f000000, 0x000000061f000000| Untracked 
|  99|0x000000061f400000, 0x000000061f400000, 0x000000061f800000|  0%| F|  |TAMS 0x000000061f400000, 0x000000061f400000| Untracked 
| 100|0x000000061f800000, 0x000000061f800000, 0x000000061fc00000|  0%| F|  |TAMS 0x000000061f800000, 0x000000061f800000| Untracked 
| 101|0x000000061fc00000, 0x000000061fc00000, 0x0000000620000000|  0%| F|  |TAMS 0x000000061fc00000, 0x000000061fc00000| Untracked 
| 102|0x0000000620000000, 0x0000000620000000, 0x0000000620400000|  0%| F|  |TAMS 0x0000000620000000, 0x0000000620000000| Untracked 
| 103|0x0000000620400000, 0x0000000620400000, 0x0000000620800000|  0%| F|  |TAMS 0x0000000620400000, 0x0000000620400000| Untracked 
| 104|0x0000000620800000, 0x0000000620800000, 0x0000000620c00000|  0%| F|  |TAMS 0x0000000620800000, 0x0000000620800000| Untracked 
| 105|0x0000000620c00000, 0x0000000620c00000, 0x0000000621000000|  0%| F|  |TAMS 0x0000000620c00000, 0x0000000620c00000| Untracked 
| 106|0x0000000621000000, 0x0000000621000000, 0x0000000621400000|  0%| F|  |TAMS 0x0000000621000000, 0x0000000621000000| Untracked 
| 107|0x0000000621400000, 0x0000000621400000, 0x0000000621800000|  0%| F|  |TAMS 0x0000000621400000, 0x0000000621400000| Untracked 
| 108|0x0000000621800000, 0x0000000621800000, 0x0000000621c00000|  0%| F|  |TAMS 0x0000000621800000, 0x0000000621800000| Untracked 
| 109|0x0000000621c00000, 0x0000000621c00000, 0x0000000622000000|  0%| F|  |TAMS 0x0000000621c00000, 0x0000000621c00000| Untracked 
| 110|0x0000000622000000, 0x0000000622000000, 0x0000000622400000|  0%| F|  |TAMS 0x0000000622000000, 0x0000000622000000| Untracked 
| 111|0x0000000622400000, 0x0000000622400000, 0x0000000622800000|  0%| F|  |TAMS 0x0000000622400000, 0x0000000622400000| Untracked 
| 112|0x0000000622800000, 0x0000000622800000, 0x0000000622c00000|  0%| F|  |TAMS 0x0000000622800000, 0x0000000622800000| Untracked 
| 113|0x0000000622c00000, 0x0000000622c00000, 0x0000000623000000|  0%| F|  |TAMS 0x0000000622c00000, 0x0000000622c00000| Untracked 
| 114|0x0000000623000000, 0x0000000623000000, 0x0000000623400000|  0%| F|  |TAMS 0x0000000623000000, 0x0000000623000000| Untracked 
| 115|0x0000000623400000, 0x0000000623400000, 0x0000000623800000|  0%| F|  |TAMS 0x0000000623400000, 0x0000000623400000| Untracked 
| 116|0x0000000623800000, 0x0000000623800000, 0x0000000623c00000|  0%| F|  |TAMS 0x0000000623800000, 0x0000000623800000| Untracked 
| 117|0x0000000623c00000, 0x0000000623c00000, 0x0000000624000000|  0%| F|  |TAMS 0x0000000623c00000, 0x0000000623c00000| Untracked 
| 118|0x0000000624000000, 0x0000000624000000, 0x0000000624400000|  0%| F|  |TAMS 0x0000000624000000, 0x0000000624000000| Untracked 
| 119|0x0000000624400000, 0x0000000624400000, 0x0000000624800000|  0%| F|  |TAMS 0x0000000624400000, 0x0000000624400000| Untracked 
| 120|0x0000000624800000, 0x0000000624800000, 0x0000000624c00000|  0%| F|  |TAMS 0x0000000624800000, 0x0000000624800000| Untracked 
| 121|0x0000000624c00000, 0x0000000624f5cdb0, 0x0000000625000000| 84%| E|  |TAMS 0x0000000624c00000, 0x0000000624c00000| Complete 
| 122|0x0000000625000000, 0x0000000625400000, 0x0000000625400000|100%| E|CS|TAMS 0x0000000625000000, 0x0000000625000000| Complete 
| 123|0x0000000625400000, 0x0000000625800000, 0x0000000625800000|100%| E|CS|TAMS 0x0000000625400000, 0x0000000625400000| Complete 
| 124|0x0000000625800000, 0x0000000625c00000, 0x0000000625c00000|100%| E|CS|TAMS 0x0000000625800000, 0x0000000625800000| Complete 
| 125|0x0000000625c00000, 0x0000000626000000, 0x0000000626000000|100%| E|CS|TAMS 0x0000000625c00000, 0x0000000625c00000| Complete 
| 126|0x0000000626000000, 0x0000000626400000, 0x0000000626400000|100%| E|CS|TAMS 0x0000000626000000, 0x0000000626000000| Complete 

Card table byte_map: [0x000002ccfe4c0000,0x000002ccff490000] _byte_map_base: 0x000002ccfb48c000

Marking Bits (Prev, Next): (CMBitMap*) 0x000002ccf53d8d20, (CMBitMap*) 0x000002ccf53d8d60
 Prev Bits: [0x000002cc8ffd0000, 0x000002cc97e30000)
 Next Bits: [0x000002cc97e30000, 0x000002cc9fc90000)

Polling page: 0x000002ccf31f0000

Metaspace:

Usage:
  Non-class:      7.88 MB used.
      Class:    968.87 KB used.
       Both:      8.83 MB used.

Virtual space:
  Non-class space:       16.00 MB reserved,       8.00 MB ( 50%) committed,  2 nodes.
      Class space:        1.00 GB reserved,       1.06 MB ( <1%) committed,  1 nodes.
             Both:        1.02 GB reserved,       9.06 MB ( <1%) committed. 

Chunk freelists:
   Non-Class:  3.99 MB
       Class:  2.91 MB
        Both:  6.91 MB

MaxMetaspaceSize: unlimited
CompressedClassSpaceSize: 1.00 GB
Initial GC threshold: 21.00 MB
Current GC threshold: 21.00 MB
CDS: on
MetaspaceReclaimPolicy: balanced
 - commit_granule_bytes: 65536.
 - commit_granule_words: 8192.
 - virtual_space_node_default_size: 1048576.
 - enlarge_chunks_in_place: 1.
 - new_chunks_are_fully_committed: 0.
 - uncommit_free_chunks: 1.
 - use_allocation_guard: 0.
 - handle_deallocations: 1.


Internal statistics:

num_allocs_failed_limit: 0.
num_arena_births: 208.
num_arena_deaths: 0.
num_vsnodes_births: 3.
num_vsnodes_deaths: 0.
num_space_committed: 145.
num_space_uncommitted: 0.
num_chunks_returned_to_freelist: 0.
num_chunks_taken_from_freelist: 384.
num_chunk_merges: 0.
num_chunk_splits: 213.
num_chunks_enlarged: 105.
num_purges: 0.
num_inconsistent_stats: 0.

CodeHeap 'non-profiled nmethods': size=119168Kb used=490Kb max_used=490Kb free=118677Kb
 bounds [0x000002cc87ba0000, 0x000002cc87e10000, 0x000002cc8f000000]
CodeHeap 'profiled nmethods': size=119104Kb used=3152Kb max_used=3152Kb free=115951Kb
 bounds [0x000002cc80750000, 0x000002cc80a70000, 0x000002cc87ba0000]
CodeHeap 'non-nmethods': size=7488Kb used=1209Kb max_used=2342Kb free=6278Kb
 bounds [0x000002cc80000000, 0x000002cc80270000, 0x000002cc80750000]
 total_blobs=2221 nmethods=1705 adapters=429
 compilation: enabled
              stopped_count=0, restarted_count=0
 full_count=0

Compilation events (20 events):
Event: 52.691 Thread 0x000002cca1e77240 1696       3       java.io.Bits::getInt (43 bytes)
Event: 52.691 Thread 0x000002cca1e77240 nmethod 1696 0x000002cc80a60810 code [0x000002cc80a609a0, 0x000002cc80a60b58]
Event: 52.691 Thread 0x000002cca1e77240 1697   !   3       jdk.internal.reflect.GeneratedMethodAccessor2::invoke (66 bytes)
Event: 52.692 Thread 0x000002cca1e77240 nmethod 1697 0x000002cc80a60c90 code [0x000002cc80a60ec0, 0x000002cc80a61638]
Event: 54.803 Thread 0x000002cca1e77240 1698       3       javax.management.ObjectName::isPropertyListPattern (17 bytes)
Event: 54.803 Thread 0x000002cca1e77240 nmethod 1698 0x000002cc80a61990 code [0x000002cc80a61b20, 0x000002cc80a61c98]
Event: 55.794 Thread 0x000002cca1e6fa50 1699 %     4       org.agrona.concurrent.AgentRunner::workLoop @ 0 (17 bytes)
Event: 55.797 Thread 0x000002cca1e6fa50 nmethod 1699% 0x000002cc87c19810 code [0x000002cc87c19a00, 0x000002cc87c19f80]
Event: 55.913 Thread 0x000002cca1e77240 1701       3       java.io.ObjectInputStream$BlockDataInputStream::readInt (73 bytes)
Event: 55.913 Thread 0x000002cca1e77240 nmethod 1701 0x000002cc80a61d10 code [0x000002cc80a61ee0, 0x000002cc80a621a8]
Event: 55.913 Thread 0x000002cca1e77240 1702       3       java.io.ObjectInputStream::readShort (8 bytes)
Event: 55.913 Thread 0x000002cca1e77240 nmethod 1702 0x000002cc80a62310 code [0x000002cc80a624c0, 0x000002cc80a62608]
Event: 55.913 Thread 0x000002cca1e77240 1700       3       java.io.ObjectInputStream::readInt (8 bytes)
Event: 55.913 Thread 0x000002cca1e77240 nmethod 1700 0x000002cc80a62710 code [0x000002cc80a628c0, 0x000002cc80a62a08]
Event: 57.138 Thread 0x000002cca1e6fa50 1703       4       java.lang.StringLatin1::compareTo (52 bytes)
Event: 57.140 Thread 0x000002cca1e6fa50 nmethod 1703 0x000002cc87c1a390 code [0x000002cc87c1a500, 0x000002cc87c1a638]
Event: 57.140 Thread 0x000002cca1e6fa50 1704       4       java.lang.String::compareTo (63 bytes)
Event: 57.141 Thread 0x000002cca1e6fa50 nmethod 1704 0x000002cc87c1a710 code [0x000002cc87c1a880, 0x000002cc87c1aa98]
Event: 62.777 Thread 0x000002cca1e77240 1705   !   3       java.io.ObjectStreamClass::invokeWriteObject (79 bytes)
Event: 62.778 Thread 0x000002cca1e77240 nmethod 1705 0x000002cc80a62b10 code [0x000002cc80a62da0, 0x000002cc80a63be8]

GC Heap History (0 events):
No events

Deoptimization events (20 events):
Event: 12.650 Thread 0x000002cca3982820 DEOPT PACKING pc=0x000002cc87bf0f38 sp=0x000000d6787fdec0
Event: 12.650 Thread 0x000002cca3982820 DEOPT UNPACKING pc=0x000002cc800523a3 sp=0x000000d6787fdd80 mode 2
Event: 12.650 Thread 0x000002cca3982820 Uncommon trap: trap_request=0xffffff45 fr.pc=0x000002cc87bf0bb4 relative=0x0000000000000094
Event: 12.650 Thread 0x000002cca3982820 Uncommon trap: reason=unstable_if action=reinterpret pc=0x000002cc87bf0bb4 method=java.lang.CharacterDataLatin1.digit(II)I @ 7 c2
Event: 12.650 Thread 0x000002cca3982820 DEOPT PACKING pc=0x000002cc87bf0bb4 sp=0x000000d6787fdd70
Event: 12.650 Thread 0x000002cca3982820 DEOPT UNPACKING pc=0x000002cc800523a3 sp=0x000000d6787fdcf0 mode 2
Event: 18.087 Thread 0x000002cca3982820 Uncommon trap: trap_request=0xffffff54 fr.pc=0x000002cc87c06640 relative=0x0000000000000040
Event: 18.087 Thread 0x000002cca3982820 Uncommon trap: reason=speculate_null_assert action=make_not_entrant pc=0x000002cc87c06640 method=org.agrona.UnsafeApi.putByte(Ljava/lang/Object;JB)V @ 6 c2
Event: 18.088 Thread 0x000002cca3982820 DEOPT PACKING pc=0x000002cc87c06640 sp=0x000000d6787fe870
Event: 18.088 Thread 0x000002cca3982820 DEOPT UNPACKING pc=0x000002cc800523a3 sp=0x000000d6787fe7f0 mode 2
Event: 19.209 Thread 0x000002cca3983100 Uncommon trap: trap_request=0xffffff5c fr.pc=0x000002cc87c07e80 relative=0x0000000000000080
Event: 19.209 Thread 0x000002cca3982820 Uncommon trap: trap_request=0xffffff5c fr.pc=0x000002cc87c07e80 relative=0x0000000000000080
Event: 19.209 Thread 0x000002cca3983100 Uncommon trap: reason=speculate_null_check action=make_not_entrant pc=0x000002cc87c07e80 method=org.agrona.UnsafeApi.getLong(Ljava/lang/Object;J)J @ 5 c2
Event: 19.209 Thread 0x000002cca3982820 Uncommon trap: reason=speculate_null_check action=make_not_entrant pc=0x000002cc87c07e80 method=org.agrona.UnsafeApi.getLong(Ljava/lang/Object;J)J @ 5 c2
Event: 19.209 Thread 0x000002cca3983100 DEOPT PACKING pc=0x000002cc87c07e80 sp=0x000000d6788ff110
Event: 19.209 Thread 0x000002cca3982820 DEOPT PACKING pc=0x000002cc87c07e80 sp=0x000000d6787fee00
Event: 19.209 Thread 0x000002cca3983100 DEOPT UNPACKING pc=0x000002cc800523a3 sp=0x000000d6788ff000 mode 2
Event: 19.209 Thread 0x000002cca3982820 DEOPT UNPACKING pc=0x000002cc800523a3 sp=0x000000d6787fecf0 mode 2
Event: 59.319 Thread 0x000002cca3982820 DEOPT PACKING pc=0x000002cc80a3de13 sp=0x000000d6787ff070
Event: 59.319 Thread 0x000002cca3982820 DEOPT UNPACKING pc=0x000002cc80052b43 sp=0x000000d6787fe568 mode 0

Classes unloaded (0 events):
No events

Classes redefined (0 events):
No events

Internal exceptions (20 events):
Event: 0.093 Thread 0x000002cca2567be0 Exception <a 'java/lang/NoSuchMethodError'{0x00000006263880a0}: 'java.lang.Object java.lang.invoke.DirectMethodHandle$Holder.invokeStaticInit(java.lang.Object)'> (0x00000006263880a0) 
thrown [t:\workspace\open\src\hotspot\share\interpreter\linkResolver.cpp, line 766]
Event: 0.098 Thread 0x000002cca2567be0 Exception <a 'java/lang/NoSuchMethodError'{0x0000000626395930}: 'void java.lang.invoke.DirectMethodHandle$Holder.invokeStatic(java.lang.Object, java.lang.Object)'> (0x0000000626395930) 
thrown [t:\workspace\open\src\hotspot\share\interpreter\linkResolver.cpp, line 766]
Event: 0.125 Thread 0x000002ccf535ee30 Exception <a 'java/lang/NoSuchMethodError'{0x0000000625d91ea0}: 'java.lang.Object java.lang.invoke.DirectMethodHandle$Holder.invokeStaticInit(java.lang.Object, java.lang.Object, long, java.lang.Object)'> (0x0000000625d91ea0) 
thrown [t:\workspace\open\src\hotspot\share\interpreter\linkResolver.cpp, line 766]
Event: 0.126 Thread 0x000002ccf535ee30 Exception <a 'java/lang/NoSuchMethodError'{0x0000000625d984c0}: 'java.lang.Object java.lang.invoke.DirectMethodHandle$Holder.newInvokeSpecial(java.lang.Object, java.lang.Object, long)'> (0x0000000625d984c0) 
thrown [t:\workspace\open\src\hotspot\share\interpreter\linkResolver.cpp, line 766]
Event: 0.126 Thread 0x000002ccf535ee30 Exception <a 'java/lang/NoSuchMethodError'{0x0000000625d9c508}: 'java.lang.Object java.lang.invoke.Invokers$Holder.linkToTargetMethod(java.lang.Object, long, java.lang.Object)'> (0x0000000625d9c508) 
thrown [t:\workspace\open\src\hotspot\share\interpreter\linkResolver.cpp, line 766]
Event: 0.141 Thread 0x000002ccf535ee30 Exception <a 'java/lang/NoSuchMethodError'{0x0000000625e83e38}: 'void java.lang.invoke.DirectMethodHandle$Holder.invokeInterface(java.lang.Object, java.lang.Object)'> (0x0000000625e83e38) 
thrown [t:\workspace\open\src\hotspot\share\interpreter\linkResolver.cpp, line 766]
Event: 0.146 Thread 0x000002cca1e60140 Exception <a 'java/lang/NoSuchMethodError'{0x0000000625d42af8}: 'int java.lang.invoke.DirectMethodHandle$Holder.invokeInterface(java.lang.Object, java.lang.Object)'> (0x0000000625d42af8) 
thrown [t:\workspace\open\src\hotspot\share\interpreter\linkResolver.cpp, line 766]
Event: 0.147 Thread 0x000002cca1e60140 Exception <a 'java/lang/IncompatibleClassChangeError'{0x0000000625d460f8}: Found class java.lang.Object, but interface was expected> (0x0000000625d460f8) 
thrown [t:\workspace\open\src\hotspot\share\interpreter\linkResolver.cpp, line 833]
Event: 0.148 Thread 0x000002ccf535ee30 Exception <a 'java/lang/NoSuchMethodError'{0x0000000625ee6dc0}: 'java.lang.Object java.lang.invoke.Invokers$Holder.invoke_MT(java.lang.Object, java.lang.Object, java.lang.Object, java.lang.Object, java.lang.Object)'> (0x0000000625ee6dc0) 
thrown [t:\workspace\open\src\hotspot\share\interpreter\linkResolver.cpp, line 766]
Event: 0.149 Thread 0x000002ccf535ee30 Exception <a 'java/lang/NoSuchMethodError'{0x0000000625efbc70}: 'int java.lang.invoke.DirectMethodHandle$Holder.invokeSpecial(java.lang.Object, java.lang.Object, java.lang.Object)'> (0x0000000625efbc70) 
thrown [t:\workspace\open\src\hotspot\share\interpreter\linkResolver.cpp, line 766]
Event: 0.150 Thread 0x000002ccf535ee30 Exception <a 'java/lang/NoSuchMethodError'{0x0000000625f02f58}: 'int java.lang.invoke.Invokers$Holder.linkToTargetMethod(java.lang.Object, java.lang.Object, java.lang.Object)'> (0x0000000625f02f58) 
thrown [t:\workspace\open\src\hotspot\share\interpreter\linkResolver.cpp, line 766]
Event: 0.165 Thread 0x000002ccf535ee30 Exception <a 'java/lang/NoSuchMethodError'{0x0000000625f2aef8}: 'void java.lang.invoke.DirectMethodHandle$Holder.invokeStatic(java.lang.Object, java.lang.Object, java.lang.Object)'> (0x0000000625f2aef8) 
thrown [t:\workspace\open\src\hotspot\share\interpreter\linkResolver.cpp, line 766]
Event: 0.193 Thread 0x000002ccf535ee30 Exception <a 'java/lang/NoSuchMethodError'{0x00000006258322e0}: 'java.lang.Object java.lang.invoke.DirectMethodHandle$Holder.invokeStaticInit(java.lang.Object, int, int, int, int)'> (0x00000006258322e0) 
thrown [t:\workspace\open\src\hotspot\share\interpreter\linkResolver.cpp, line 766]
Event: 0.251 Thread 0x000002ccf535ee30 Exception <a 'java/lang/NoSuchMethodError'{0x0000000625a3a5d8}: 'java.lang.Object java.lang.invoke.DirectMethodHandle$Holder.invokeStaticInit(java.lang.Object, java.lang.Object, int, int, int, int)'> (0x0000000625a3a5d8) 
thrown [t:\workspace\open\src\hotspot\share\interpreter\linkResolver.cpp, line 766]
Event: 0.263 Thread 0x000002cca1e60140 Exception <a 'java/lang/ClassNotFoundException'{0x00000006259be400}: javax/management/remote/rmi/RMIServerImpl_Skel> (0x00000006259be400) 
thrown [t:\workspace\open\src\hotspot\share\classfile\systemDictionary.cpp, line 256]
Event: 0.270 Thread 0x000002ccf535ee30 Exception <a 'java/lang/NoSuchMethodError'{0x0000000625a9e9e8}: 'java.lang.Object java.lang.invoke.DirectMethodHandle$Holder.invokeSpecial(java.lang.Object, java.lang.Object, int, java.lang.Object, java.lang.Object)'> (0x0000000625a9e9e8) 
thrown [t:\workspace\open\src\hotspot\share\interpreter\linkResolver.cpp, line 766]
Event: 0.276 Thread 0x000002ccf535ee30 Exception <a 'java/lang/NoSuchMethodError'{0x0000000625aba470}: 'java.lang.Object java.lang.invoke.Invokers$Holder.invoke_MT(java.lang.Object, java.lang.Object, java.lang.Object)'> (0x0000000625aba470) 
thrown [t:\workspace\open\src\hotspot\share\interpreter\linkResolver.cpp, line 766]
Event: 0.307 Thread 0x000002ccf535ee30 Exception <a 'java/lang/NoSuchMethodError'{0x000000062542ee40}: 'void java.lang.invoke.DirectMethodHandle$Holder.invokeSpecial(java.lang.Object, java.lang.Object, java.lang.Object)'> (0x000000062542ee40) 
thrown [t:\workspace\open\src\hotspot\share\interpreter\linkResolver.cpp, line 766]
Event: 0.320 Thread 0x000002cca36639f0 Exception <a 'java/lang/NoSuchMethodError'{0x00000006254e0100}: static [B.<clinit>()V> (0x00000006254e0100) 
thrown [t:\workspace\open\src\hotspot\share\prims\jni.cpp, line 1107]
Event: 0.326 Thread 0x000002cca36639f0 Exception <a 'java/lang/ClassNotFoundException'{0x00000006254e89e0}: javax/management/remote/rmi/RMIConnectionImpl_Skel> (0x00000006254e89e0) 
thrown [t:\workspace\open\src\hotspot\share\classfile\systemDictionary.cpp, line 256]

VM Operations (20 events):
Event: 29.659 Executing VM operation: Cleanup
Event: 29.659 Executing VM operation: Cleanup done
Event: 32.695 Executing VM operation: Cleanup
Event: 32.695 Executing VM operation: Cleanup done
Event: 38.744 Executing VM operation: Cleanup
Event: 38.744 Executing VM operation: Cleanup done
Event: 44.793 Executing VM operation: Cleanup
Event: 44.793 Executing VM operation: Cleanup done
Event: 45.795 Executing VM operation: Cleanup
Event: 45.795 Executing VM operation: Cleanup done
Event: 46.799 Executing VM operation: Cleanup
Event: 46.799 Executing VM operation: Cleanup done
Event: 47.806 Executing VM operation: Cleanup
Event: 47.806 Executing VM operation: Cleanup done
Event: 49.833 Executing VM operation: Cleanup
Event: 49.833 Executing VM operation: Cleanup done
Event: 50.838 Executing VM operation: Cleanup
Event: 50.838 Executing VM operation: Cleanup done
Event: 60.917 Executing VM operation: Cleanup
Event: 60.918 Executing VM operation: Cleanup done

Events (20 events):
Event: 1.682 loading class javax/management/openmbean/OpenDataException
Event: 1.682 loading class javax/management/openmbean/OpenDataException done
Event: 1.686 loading class java/io/ObjectStreamException
Event: 1.687 loading class java/io/ObjectStreamException done
Event: 2.755 Thread 0x000002cca1e77c60 Thread exited: 0x000002cca1e77c60
Event: 12.653 loading class java/lang/StrictMath
Event: 12.653 loading class java/lang/StrictMath done
Event: 17.915 Thread 0x000002cca3a4b6b0 Thread added: 0x000002cca3a4b6b0
Event: 18.062 loading class java/util/RegularEnumSet$EnumSetIterator
Event: 18.062 loading class java/util/RegularEnumSet$EnumSetIterator done
Event: 20.309 Thread 0x000002cca6b8f700 Thread added: 0x000002cca6b8f700
Event: 20.309 Thread 0x000002cca6b91560 Thread added: 0x000002cca6b91560
Event: 20.979 Thread 0x000002cca6b91560 Thread exited: 0x000002cca6b91560
Event: 21.264 Thread 0x000002cca6b8f700 Thread exited: 0x000002cca6b8f700
Event: 63.495 loading class jdk/internal/misc/Signal$1
Event: 63.496 loading class jdk/internal/misc/Signal$1 done
Event: 63.496 Thread 0x000002cca3a4a840 Thread added: 0x000002cca3a4a840
Event: 63.496 Thread 0x000002cca3a4c050 Thread added: 0x000002cca3a4c050
Event: 63.496 Thread 0x000002cca3a4c520 Thread added: 0x000002cca3a4c520
Event: 63.497 Thread 0x000002cca3a4c050 Thread exited: 0x000002cca3a4c050


Dynamic libraries:
0x00007ff77d920000 - 0x00007ff77d92e000 	C:\.jdk\jdk-17\bin\java.exe
0x00007ffc41d20000 - 0x00007ffc41f87000 	C:\WINDOWS\SYSTEM32\ntdll.dll
0x00007ffc3fc30000 - 0x00007ffc3fcf9000 	C:\WINDOWS\System32\KERNEL32.DLL
0x00007ffc3f3d0000 - 0x00007ffc3f7c7000 	C:\WINDOWS\System32\KERNELBASE.dll
0x00007ffc3f950000 - 0x00007ffc3fa9b000 	C:\WINDOWS\System32\ucrtbase.dll
0x00007ffc20620000 - 0x00007ffc20638000 	C:\.jdk\jdk-17\bin\jli.dll
0x00007ffc20b00000 - 0x00007ffc20b1a000 	C:\.jdk\jdk-17\bin\VCRUNTIME140.dll
0x00007ffc41610000 - 0x00007ffc417d6000 	C:\WINDOWS\System32\USER32.dll
0x00007ffc3f2e0000 - 0x00007ffc3f307000 	C:\WINDOWS\System32\win32u.dll
0x00007ffc1d3e0000 - 0x00007ffc1d672000 	C:\WINDOWS\WinSxS\amd64_microsoft.windows.common-controls_6595b64144ccf1df_6.0.26100.8457_none_3e0b2faee331e92d\COMCTL32.dll
0x00007ffc417e0000 - 0x00007ffc4180b000 	C:\WINDOWS\System32\GDI32.dll
0x00007ffc3f1b0000 - 0x00007ffc3f2dc000 	C:\WINDOWS\System32\gdi32full.dll
0x00007ffc41c20000 - 0x00007ffc41cc9000 	C:\WINDOWS\System32\msvcrt.dll
0x00007ffc3f100000 - 0x00007ffc3f1a3000 	C:\WINDOWS\System32\msvcp_win.dll
0x00007ffc40fa0000 - 0x00007ffc40fd2000 	C:\WINDOWS\System32\IMM32.DLL
0x00007ffc28340000 - 0x00007ffc2834c000 	C:\.jdk\jdk-17\bin\vcruntime140_1.dll
0x00007ffbcb910000 - 0x00007ffbcb99d000 	C:\.jdk\jdk-17\bin\msvcp140.dll
0x00007ffac4f70000 - 0x00007ffac5b2e000 	C:\.jdk\jdk-17\bin\server\jvm.dll
0x00007ffc40ee0000 - 0x00007ffc40f96000 	C:\WINDOWS\System32\ADVAPI32.dll
0x00007ffc40320000 - 0x00007ffc403c7000 	C:\WINDOWS\System32\sechost.dll
0x00007ffc3fb10000 - 0x00007ffc3fc28000 	C:\WINDOWS\System32\RPCRT4.dll
0x00007ffc411e0000 - 0x00007ffc411e8000 	C:\WINDOWS\System32\PSAPI.DLL
0x00007ffc1e430000 - 0x00007ffc1e43a000 	C:\WINDOWS\SYSTEM32\WSOCK32.dll
0x00007ffc40e00000 - 0x00007ffc40e80000 	C:\WINDOWS\System32\WS2_32.dll
0x00007ffc25ca0000 - 0x00007ffc25cd6000 	C:\WINDOWS\SYSTEM32\WINMM.dll
0x00007ffc28d90000 - 0x00007ffc28d9b000 	C:\WINDOWS\SYSTEM32\VERSION.dll
0x00007ffc3d4a0000 - 0x00007ffc3d4bb000 	C:\WINDOWS\SYSTEM32\kernel.appcore.dll
0x00007ffc28110000 - 0x00007ffc2811a000 	C:\.jdk\jdk-17\bin\jimage.dll
0x00007ffc3c830000 - 0x00007ffc3ca72000 	C:\WINDOWS\SYSTEM32\DBGHELP.DLL
0x00007ffc41280000 - 0x00007ffc41603000 	C:\WINDOWS\System32\combase.dll
0x00007ffc40ca0000 - 0x00007ffc40d79000 	C:\WINDOWS\System32\OLEAUT32.dll
0x00007ffc1ee20000 - 0x00007ffc1ee5b000 	C:\WINDOWS\SYSTEM32\dbgcore.DLL
0x00007ffc3efc0000 - 0x00007ffc3f068000 	C:\WINDOWS\System32\bcryptPrimitives.dll
0x00007ffc283b0000 - 0x00007ffc283be000 	C:\.jdk\jdk-17\bin\instrument.dll
0x00007ffc25e50000 - 0x00007ffc25e75000 	C:\.jdk\jdk-17\bin\java.dll
0x00007ffbba480000 - 0x00007ffbba556000 	C:\.jdk\jdk-17\bin\svml.dll
0x00007ffc403d0000 - 0x00007ffc40b3e000 	C:\WINDOWS\System32\SHELL32.dll
0x00007ffc3e750000 - 0x00007ffc3efbc000 	C:\WINDOWS\System32\windows.storage.dll
0x00007ffc40ba0000 - 0x00007ffc40c96000 	C:\WINDOWS\System32\SHCORE.dll
0x00007ffc3faa0000 - 0x00007ffc3fb06000 	C:\WINDOWS\System32\shlwapi.dll
0x00007ffc3e670000 - 0x00007ffc3e699000 	C:\WINDOWS\SYSTEM32\profapi.dll
0x00007ffc0a430000 - 0x00007ffc0a448000 	C:\.jdk\jdk-17\bin\zip.dll
0x00007ffc20bb0000 - 0x00007ffc20bc9000 	C:\.jdk\jdk-17\bin\net.dll
0x00007ffc34ad0000 - 0x00007ffc34bf9000 	C:\WINDOWS\SYSTEM32\WINHTTP.dll
0x00007ffc3d9f0000 - 0x00007ffc3da5c000 	C:\WINDOWS\system32\mswsock.dll
0x00007ffc13230000 - 0x00007ffc13245000 	C:\.jdk\jdk-17\bin\nio.dll
0x00007ffc3d020000 - 0x00007ffc3d152000 	C:\WINDOWS\SYSTEM32\DNSAPI.dll
0x00007ffc3cfe0000 - 0x00007ffc3d012000 	C:\WINDOWS\SYSTEM32\IPHLPAPI.DLL
0x00007ffc418d0000 - 0x00007ffc418da000 	C:\WINDOWS\System32\NSI.dll
0x00007ffc34fe0000 - 0x00007ffc34feb000 	C:\Windows\System32\rasadhlp.dll
0x00007ffc35460000 - 0x00007ffc354e6000 	C:\WINDOWS\System32\fwpuclnt.dll
0x00007ffc394c0000 - 0x00007ffc394c9000 	C:\.jdk\jdk-17\bin\management.dll
0x00007ffc37460000 - 0x00007ffc3746b000 	C:\.jdk\jdk-17\bin\management_ext.dll
0x00007ffc3ddf0000 - 0x00007ffc3de0b000 	C:\WINDOWS\SYSTEM32\CRYPTSP.dll
0x00007ffc3d400000 - 0x00007ffc3d439000 	C:\WINDOWS\system32\rsaenh.dll
0x00007ffc3daa0000 - 0x00007ffc3dad3000 	C:\WINDOWS\SYSTEM32\USERENV.dll
0x00007ffc3e640000 - 0x00007ffc3e66a000 	C:\WINDOWS\SYSTEM32\bcrypt.dll
0x00007ffc3dc50000 - 0x00007ffc3dc5c000 	C:\WINDOWS\SYSTEM32\CRYPTBASE.dll
0x00007ffc35090000 - 0x00007ffc350ad000 	C:\WINDOWS\SYSTEM32\dhcpcsvc6.DLL
0x00007ffc34da0000 - 0x00007ffc34dc5000 	C:\WINDOWS\SYSTEM32\dhcpcsvc.DLL
0x00007ffc19760000 - 0x00007ffc19778000 	C:\WINDOWS\system32\napinsp.dll
0x00007ffc18cf0000 - 0x00007ffc18d03000 	C:\WINDOWS\System32\winrnr.dll
0x00007ffc18c30000 - 0x00007ffc18c52000 	C:\WINDOWS\system32\nlansp_c.dll
0x00007ffc2b9c0000 - 0x00007ffc2b9d6000 	C:\WINDOWS\system32\wshbth.dll
0x00007ffc280e0000 - 0x00007ffc280ee000 	C:\.jdk\jdk-17\bin\sunmscapi.dll
0x00007ffc3f7d0000 - 0x00007ffc3f948000 	C:\WINDOWS\System32\CRYPT32.dll
0x00007ffc3dfc0000 - 0x00007ffc3dff0000 	C:\WINDOWS\SYSTEM32\ncrypt.dll
0x00007ffc3df70000 - 0x00007ffc3dfaf000 	C:\WINDOWS\SYSTEM32\NTASN1.dll
0x00007ffbfffa0000 - 0x00007ffbffff6000 	C:\WINDOWS\SYSTEM32\pdh.dll
0x00007ffc082d0000 - 0x00007ffc082d8000 	C:\WINDOWS\system32\wshunix.dll
0x00007ffc28390000 - 0x00007ffc283a2000 	C:\WINDOWS\System32\perfproc.dll
0x00007ffc279c0000 - 0x00007ffc279d1000 	C:\WINDOWS\System32\perfos.dll
0x00007ffc3cb80000 - 0x00007ffc3cb92000 	C:\WINDOWS\SYSTEM32\pfclient.dll

dbghelp: loaded successfully - version: 4.0.5 - missing functions: none
symbol engine: initialized successfully - sym options: 0x614 - pdb path: .;C:\.jdk\jdk-17\bin;C:\WINDOWS\SYSTEM32;C:\WINDOWS\WinSxS\amd64_microsoft.windows.common-controls_6595b64144ccf1df_6.0.26100.8457_none_3e0b2faee331e92d;C:\.jdk\jdk-17\bin\server

VM Arguments:
jvm_args: --add-exports=java.base/jdk.internal.misc=ALL-UNNAMED --add-opens=java.base/jdk.internal.misc=ALL-UNNAMED --add-opens=java.base/java.nio=ALL-UNNAMED --add-opens=java.base/sun.nio.ch=ALL-UNNAMED -javaagent:C:\Program Files\JetBrains\IntelliJ IDEA 2024.3.5\lib\idea_rt.jar=54186 -Dfile.encoding=UTF-8 
java_command: com.resourcebox.demo.DemoServer
java_class_path (initial): C:\hooniegit\Git\ResourceBox\MediaDriver\java\MediaDriver\target\classes;C:\Users\dhkim\.m2\repository\io\aeron\aeron-all\1.50.4\aeron-all-1.50.4.jar;C:\Users\dhkim\.m2\repository\org\slf4j\slf4j-api\2.0.17\slf4j-api-2.0.17.jar
Launcher Type: SUN_STANDARD

[Global flags]
     intx CICompilerCount                          = 12                                        {product} {ergonomic}
     uint ConcGCThreads                            = 4                                         {product} {ergonomic}
     uint G1ConcRefinementThreads                  = 14                                        {product} {ergonomic}
   size_t G1HeapRegionSize                         = 4194304                                   {product} {ergonomic}
    uintx GCDrainStackTargetSize                   = 64                                        {product} {ergonomic}
   size_t InitialHeapSize                          = 532676608                                 {product} {ergonomic}
   size_t MarkStackSize                            = 4194304                                   {product} {ergonomic}
   size_t MaxHeapSize                              = 8480882688                                {product} {ergonomic}
   size_t MaxNewSize                               = 5087690752                                {product} {ergonomic}
   size_t MinHeapDeltaBytes                        = 4194304                                   {product} {ergonomic}
   size_t MinHeapSize                              = 8388608                                   {product} {ergonomic}
    uintx NonNMethodCodeHeapSize                   = 7602480                                {pd product} {ergonomic}
    uintx NonProfiledCodeHeapSize                  = 122027880                              {pd product} {ergonomic}
    uintx ProfiledCodeHeapSize                     = 122027880                              {pd product} {ergonomic}
    uintx ReservedCodeCacheSize                    = 251658240                              {pd product} {ergonomic}
     bool SegmentedCodeCache                       = true                                      {product} {ergonomic}
   size_t SoftMaxHeapSize                          = 8480882688                             {manageable} {ergonomic}
     bool UseCompressedClassPointers               = true                           {product lp64_product} {ergonomic}
     bool UseCompressedOops                        = true                           {product lp64_product} {ergonomic}
     bool UseG1GC                                  = true                                      {product} {ergonomic}
     bool UseLargePagesIndividualAllocation        = false                                  {pd product} {ergonomic}

Logging:
Log output configuration:
 #0: stdout all=warning uptime,level,tags
 #1: stderr all=off uptime,level,tags

Environment Variables:
JAVA_HOME=C:\.jdk\jdk-17
PATH=c:\Users\dhkim\AppData\Local\Programs\cursor\resources\app\bin;C:\Program Files (x86)\Microsoft\Edge\Application;C:\WINDOWS\system32;C:\WINDOWS;C:\WINDOWS\System32\Wbem;C:\WINDOWS\System32\WindowsPowerShell\v1.0\;C:\WINDOWS\System32\OpenSSH\;C:\Program Files (x86)\Microsoft SQL Server\160\Tools\Binn\;C:\Program Files\Microsoft SQL Server\160\Tools\Binn\;C:\Program Files\Microsoft SQL Server\Client SDK\ODBC\170\Tools\Binn\;C:\Program Files\Microsoft SQL Server\160\DTS\Binn\;C:\Program Files (x86)\Microsoft SQL Server\160\DTS\Binn\;C:\Program Files\Bandizip\;C:\Program Files\dotnet\;C:\Program Files\Git\cmd;C:\.jdk\jdk-17\bin;C:\Program Files\Microsoft SQL Server\150\Tools\Binn\;C:\Program Files (x86)\Windows Kits\10\Windows Performance Toolkit\;C:\Users\dhkim\AppData\Local\Programs\Python\Launcher\;C:\Users\dhkim\AppData\Local\Microsoft\WindowsApps;C:\Users\dhkim\.dotnet\tools;c:\Users\dhkim\AppData\Local\Programs\cursor\resources\app\bin;c:\Users\dhkim\AppData\Local\Programs\cursor\resources\app\bin;C:\Users\dhkim\protoc\bin;C:\Users\dhkim\AppData\Local\Programs\Python\Launcher\;C:\Users\dhkim\AppData\Local\Microsoft\WindowsApps;C:\Users\dhkim\AppData\Local\Programs\Microsoft VS Code\bin;C:\Users\dhkim\.dotnet\tools;C:\Users\dhkim\AppData\Local\Programs\cursor\resources\app\bin;C:\Program Files\JetBrains\IntelliJ IDEA 2024.3.5\bin;;C:\Users\dhkim\AppData\Local\JetBrains\PyCharm 2025.1.1\bin;
USERNAME=dhkim
OS=Windows_NT
PROCESSOR_IDENTIFIER=Intel64 Family 6 Model 170 Stepping 4, GenuineIntel



---------------  S Y S T E M  ---------------

OS:
 Windows 10 , 64 bit Build 26100 (10.0.26100.8328)
OS uptime: 7 days 3:39 hours
Hyper-V role detected

CPU: total 18 (initial active 18) (9 cores per cpu, 2 threads per core) family 6 model 170 stepping 4 microcode 0x1c, cx8, cmov, fxsr, ht, mmx, 3dnowpref, sse, sse2, sse3, ssse3, sse4.1, sse4.2, popcnt, lzcnt, tsc, tscinvbit, avx, avx2, aes, erms, clmul, bmi1, bmi2, adx, sha, fma, vzeroupper, clflush, clflushopt, clwb, hv

Memory: 4k page, system-wide physical 32348M (7288M free)
TotalPageFile size 48732M (AvailPageFile size 8646M)
current process WorkingSet (physical memory assigned to process): 275M, peak: 276M
current process commit charge ("private bytes"): 648M, peak: 652M

vm_info: OpenJDK 64-Bit Server VM (17+35-2724) for windows-amd64 JRE (17+35-2724), built on Aug  5 2021 23:26:02 by "mach5one" with MS VC++ 16.8 (VS2019)

END.
