#
# A fatal error has been detected by the Java Runtime Environment:
#
#  EXCEPTION_ACCESS_VIOLATION (0xc0000005) at pc=0x0000020e71b55739, pid=41060, tid=67200
#
# JRE version: OpenJDK Runtime Environment (17.0+35) (build 17+35-2724)
# Java VM: OpenJDK 64-Bit Server VM (17+35-2724, mixed mode, sharing, tiered, compressed oops, compressed class ptrs, g1 gc, windows-amd64)
# Problematic frame:
# J 1657 c2 io.aeron.driver.DriverConductor.trackTime(J)V (53 bytes) @ 0x0000020e71b55739 [0x0000020e71b556a0+0x0000000000000099]
#
# No core dump will be written. Minidumps are not enabled by default on client versions of Windows
#
# If you would like to submit a bug report, please visit:
#   https://bugreport.java.com/bugreport/crash.jsp
#

---------------  S U M M A R Y ------------

Command Line: --add-exports=java.base/jdk.internal.misc=ALL-UNNAMED --add-opens=java.base/jdk.internal.misc=ALL-UNNAMED --add-opens=java.base/java.nio=ALL-UNNAMED --add-opens=java.base/sun.nio.ch=ALL-UNNAMED -javaagent:C:\Program Files\JetBrains\IntelliJ IDEA 2024.3.5\lib\idea_rt.jar=54637 -Dfile.encoding=UTF-8 com.resourcebox.demo.NewValidationApp

Host: Intel(R) Core(TM) Ultra 5 125H, 18 cores, 31G,  Windows 10 , 64 bit Build 26100 (10.0.26100.8328)
Time: Tue Jun 16 08:18:37 2026  Windows 10 , 64 bit Build 26100 (10.0.26100.8328) elapsed time: 40.579465 seconds (0d 0h 0m 40s)

---------------  T H R E A D  ---------------

Current thread (0x0000020e114e4e70):  JavaThread "driver-conductor" daemon [_thread_in_Java, id=67200, stack(0x00000057bf700000,0x00000057bf800000)]

Stack: [0x00000057bf700000,0x00000057bf800000],  sp=0x00000057bf7ff450,  free space=1021k
Native frames: (J=compiled Java code, j=interpreted, Vv=VM code, C=native code)
C  0x0000020e71b55739


siginfo: EXCEPTION_ACCESS_VIOLATION (0xc0000005), reading address 0x0000020e14511100


Register to memory mapping:

RIP=0x0000020e71b55739 is at entry_point+153 in (nmethod*)0x0000020e71b55510
RAX={method} {0x0000020e106c4918} 'trackTime' '(J)V' in 'io/aeron/driver/DriverConductor'
RBX=0x0000000000261024 is an unknown value
RCX=0x000000060680c8a8 is an oop: io.aeron.driver.DriverConductor 
{0x000000060680c8a8} - klass: 'io/aeron/driver/DriverConductor'
 - ---- fields (total size 25 words):
 - private 'nextSessionId' 'I' @12  730409041 (2b892851)
 - private final 'timerIntervalNs' 'J' @16  1000000000 (3b9aca00 0)
 - private final 'clientLivenessTimeoutNs' 'J' @24  10000000000 (540be400 2)
 - private 'timeOfLastToDriverPositionChangeNs' 'J' @32  602582211530200 (9aaa8dd8 2240b)
 - private 'lastCommandConsumerPosition' 'J' @40  104 (68 0)
 - private 'timerCheckDeadlineNs' 'J' @48  602583211530200 (d64557d8 2240b)
 - private 'clockUpdateDeadlineNs' 'J' @56  602582379436600 (a4ac9a38 2240b)
 - private final 'asyncExecutionDisabled' 'Z' @64  false
 - private 'asyncClientCommandInFlight' 'Z' @65  false
 - private final 'ctx' 'Lio/aeron/driver/MediaDriver$Context;' @68  a 'io/aeron/driver/MediaDriver$Context'{0x0000000606801eb8} (c0d003d7)
 - private final 'logFactory' 'Lio/aeron/driver/buffer/LogFactory;' @72  a 'io/aeron/driver/buffer/FileStoreLogFactory'{0x00000006068dc1a8} (c0d1b835)
 - private final 'receiverProxy' 'Lio/aeron/driver/ReceiverProxy;' @76  a 'io/aeron/driver/ReceiverProxy'{0x00000006068d9ab8} (c0d1b357)
 - private final 'senderProxy' 'Lio/aeron/driver/SenderProxy;' @80  a 'io/aeron/driver/SenderProxy'{0x00000006068d9a70} (c0d1b34e)
 - private final 'clientProxy' 'Lio/aeron/driver/ClientProxy;' @84  a 'io/aeron/driver/ClientProxy'{0x00000006068b5310} (c0d16a62)
 - private final 'toDriverCommands' 'Lorg/agrona/concurrent/ringbuffer/RingBuffer;' @88  a 'org/agrona/concurrent/ringbuffer/ManyToOneRingBuffer'{0x00000006068b52b8} (c0d16a57)
 - private final 'clientCommandAdapter' 'Lio/aeron/driver/ClientCommandAdapter;' @92  a 'io/aeron/driver/ClientCommandAdapter'{0x000000060691f200} (c0d23e40)
 - private final 'driverCmdQueue' 'Lorg/agrona/concurrent/ManyToOneConcurrentLinkedQueue;' @96  a 'org/agrona/concurrent/ManyToOneConcurrentLinkedQueue'{0x0000000606850ba8} (c0d0a175)
 - private final 'sendChannelEndpointByChannelMap' 'Lorg/agrona/collections/Object2ObjectHashMap;' @100  a 'org/agrona/collections/Object2ObjectHashMap'{0x000000060691f180} (c0d23e30)
 - private final 'receiveChannelEndpointByChannelMap' 'Lorg/agrona/collections/Object2ObjectHashMap;' @104  a 'org/agrona/collections/Object2ObjectHashMap'{0x000000060691f100} (c0d23e20)
 - private final 'networkPublications' 'Ljava/util/ArrayList;' @108  a 'java/util/ArrayList'{0x000000060691f0e8} (c0d23e1d)
 - private final 'ipcPublications' 'Ljava/util/ArrayList;' @112  a 'java/util/ArrayList'{0x000000060691b7f0} (c0d236fe)
 - private final 'publicationImages' 'Ljava/util/ArrayList;' @116  a 'java/util/ArrayList'{0x0000000606906378} (c0d20c6f)
 - private final 'publicationLinks' 'Ljava/util/ArrayList;' @120  a 'java/util/ArrayList'{0x0000000606906308} (c0d20c61)
 - private final 'subscriptionLinks' 'Ljava/util/ArrayList;' @124  a 'java/util/ArrayList'{0x0000000606905d98} (c0d20bb3)
 - private final 'counterLinks' 'Ljava/util/ArrayList;' @128  a 'java/util/ArrayList'{0x0000000606905d80} (c0d20bb0)
 - private final 'clients' 'Ljava/util/ArrayList;' @132  a 'java/util/ArrayList'{0x0000000606905c90} (c0d20b92)
 - private final 'endOfLifeResources' 'Ljava/util/ArrayDeque;' @136  a 'java/util/ArrayDeque'{0x0000000606900fc0} (c0d201f8)
 - private final 'activeSessionSet' 'Lorg/agrona/collections/ObjectHashSet;' @140  a 'org/agrona/collections/ObjectHashSet'{0x0000000606900f20} (c0d201e4)
 - private final 'epochClock' 'Lorg/agrona/concurrent/EpochClock;' @144  a 'org/agrona/concurrent/SystemEpochClock'{0x00000006068110a0} (c0d02214)
 - private final 'nanoClock' 'Lorg/agrona/concurrent/NanoClock;' @148  a 'org/agrona/concurrent/SystemNanoClock'{0x00000006068110b0} (c0d02216)
 - private final 'cachedEpochClock' 'Lorg/agrona/concurrent/CachedEpochClock;' @152  a 'org/agrona/concurrent/CachedEpochClock'{0x000000060681ed30} (c0d03da6)
 - private final 'cachedNanoClock' 'Lorg/agrona/concurrent/CachedNanoClock;' @156  a 'org/agrona/concurrent/CachedNanoClock'{0x00000006068e2c88} (c0d1c591)
 - private final 'countersManager' 'Lorg/agrona/concurrent/status/CountersManager;' @160  a 'org/agrona/concurrent/status/CountersManager'{0x000000060681ec58} (c0d03d8b)
 - private final 'networkPublicationThreadLocals' 'Lio/aeron/driver/NetworkPublicationThreadLocals;' @164  a 'io/aeron/driver/NetworkPublicationThreadLocals'{0x0000000606900dc0} (c0d201b8)
 - private final 'tempBuffer' 'Lorg/agrona/MutableDirectBuffer;' @168  a 'org/agrona/concurrent/UnsafeBuffer'{0x00000006068e2720} (c0d1c4e4)
 - private final 'defaultDataHeader' 'Lio/aeron/protocol/DataHeaderFlyweight;' @172  a 'io/aeron/protocol/DataHeaderFlyweight'{0x0000000606900d58} (c0d201ab)
 - private final 'errorCounter' 'Lorg/agrona/concurrent/status/AtomicCounter;' @176  a 'org/agrona/concurrent/status/AtomicCounter'{0x000000060681ec30} (c0d03d86)
 - private final 'imagesRejected' 'Lorg/agrona/concurrent/status/AtomicCounter;' @180  a 'org/agrona/concurrent/status/AtomicCounter'{0x00000006068df968} (c0d1bf2d)
 - private final 'dutyCycleTracker' 'Lio/aeron/driver/DutyCycleTracker;' @184  a 'io/aeron/driver/status/DutyCycleStallTracker'{0x00000006068b5178} (c0d16a2f)
 - private final 'asyncTaskExecutor' 'Ljava/util/concurrent/Executor;' @188  a 'java/util/concurrent/ThreadPoolExecutor'{0x0000000606806e10} (c0d00dc2)
 - private 'nameResolver' 'Lio/aeron/driver/TimeTrackingNameResolver;' @192  a 'io/aeron/driver/TimeTrackingNameResolver'{0x00000006068e7010} (c0d1ce02)
RDX=0x000000060680c8a8 is an oop: io.aeron.driver.DriverConductor 
{0x000000060680c8a8} - klass: 'io/aeron/driver/DriverConductor'
 - ---- fields (total size 25 words):
 - private 'nextSessionId' 'I' @12  730409041 (2b892851)
 - private final 'timerIntervalNs' 'J' @16  1000000000 (3b9aca00 0)
 - private final 'clientLivenessTimeoutNs' 'J' @24  10000000000 (540be400 2)
 - private 'timeOfLastToDriverPositionChangeNs' 'J' @32  602582211530200 (9aaa8dd8 2240b)
 - private 'lastCommandConsumerPosition' 'J' @40  104 (68 0)
 - private 'timerCheckDeadlineNs' 'J' @48  602583211530200 (d64557d8 2240b)
 - private 'clockUpdateDeadlineNs' 'J' @56  602582379436600 (a4ac9a38 2240b)
 - private final 'asyncExecutionDisabled' 'Z' @64  false
 - private 'asyncClientCommandInFlight' 'Z' @65  false
 - private final 'ctx' 'Lio/aeron/driver/MediaDriver$Context;' @68  a 'io/aeron/driver/MediaDriver$Context'{0x0000000606801eb8} (c0d003d7)
 - private final 'logFactory' 'Lio/aeron/driver/buffer/LogFactory;' @72  a 'io/aeron/driver/buffer/FileStoreLogFactory'{0x00000006068dc1a8} (c0d1b835)
 - private final 'receiverProxy' 'Lio/aeron/driver/ReceiverProxy;' @76  a 'io/aeron/driver/ReceiverProxy'{0x00000006068d9ab8} (c0d1b357)
 - private final 'senderProxy' 'Lio/aeron/driver/SenderProxy;' @80  a 'io/aeron/driver/SenderProxy'{0x00000006068d9a70} (c0d1b34e)
 - private final 'clientProxy' 'Lio/aeron/driver/ClientProxy;' @84  a 'io/aeron/driver/ClientProxy'{0x00000006068b5310} (c0d16a62)
 - private final 'toDriverCommands' 'Lorg/agrona/concurrent/ringbuffer/RingBuffer;' @88  a 'org/agrona/concurrent/ringbuffer/ManyToOneRingBuffer'{0x00000006068b52b8} (c0d16a57)
 - private final 'clientCommandAdapter' 'Lio/aeron/driver/ClientCommandAdapter;' @92  a 'io/aeron/driver/ClientCommandAdapter'{0x000000060691f200} (c0d23e40)
 - private final 'driverCmdQueue' 'Lorg/agrona/concurrent/ManyToOneConcurrentLinkedQueue;' @96  a 'org/agrona/concurrent/ManyToOneConcurrentLinkedQueue'{0x0000000606850ba8} (c0d0a175)
 - private final 'sendChannelEndpointByChannelMap' 'Lorg/agrona/collections/Object2ObjectHashMap;' @100  a 'org/agrona/collections/Object2ObjectHashMap'{0x000000060691f180} (c0d23e30)
 - private final 'receiveChannelEndpointByChannelMap' 'Lorg/agrona/collections/Object2ObjectHashMap;' @104  a 'org/agrona/collections/Object2ObjectHashMap'{0x000000060691f100} (c0d23e20)
 - private final 'networkPublications' 'Ljava/util/ArrayList;' @108  a 'java/util/ArrayList'{0x000000060691f0e8} (c0d23e1d)
 - private final 'ipcPublications' 'Ljava/util/ArrayList;' @112  a 'java/util/ArrayList'{0x000000060691b7f0} (c0d236fe)
 - private final 'publicationImages' 'Ljava/util/ArrayList;' @116  a 'java/util/ArrayList'{0x0000000606906378} (c0d20c6f)
 - private final 'publicationLinks' 'Ljava/util/ArrayList;' @120  a 'java/util/ArrayList'{0x0000000606906308} (c0d20c61)
 - private final 'subscriptionLinks' 'Ljava/util/ArrayList;' @124  a 'java/util/ArrayList'{0x0000000606905d98} (c0d20bb3)
 - private final 'counterLinks' 'Ljava/util/ArrayList;' @128  a 'java/util/ArrayList'{0x0000000606905d80} (c0d20bb0)
 - private final 'clients' 'Ljava/util/ArrayList;' @132  a 'java/util/ArrayList'{0x0000000606905c90} (c0d20b92)
 - private final 'endOfLifeResources' 'Ljava/util/ArrayDeque;' @136  a 'java/util/ArrayDeque'{0x0000000606900fc0} (c0d201f8)
 - private final 'activeSessionSet' 'Lorg/agrona/collections/ObjectHashSet;' @140  a 'org/agrona/collections/ObjectHashSet'{0x0000000606900f20} (c0d201e4)
 - private final 'epochClock' 'Lorg/agrona/concurrent/EpochClock;' @144  a 'org/agrona/concurrent/SystemEpochClock'{0x00000006068110a0} (c0d02214)
 - private final 'nanoClock' 'Lorg/agrona/concurrent/NanoClock;' @148  a 'org/agrona/concurrent/SystemNanoClock'{0x00000006068110b0} (c0d02216)
 - private final 'cachedEpochClock' 'Lorg/agrona/concurrent/CachedEpochClock;' @152  a 'org/agrona/concurrent/CachedEpochClock'{0x000000060681ed30} (c0d03da6)
 - private final 'cachedNanoClock' 'Lorg/agrona/concurrent/CachedNanoClock;' @156  a 'org/agrona/concurrent/CachedNanoClock'{0x00000006068e2c88} (c0d1c591)
 - private final 'countersManager' 'Lorg/agrona/concurrent/status/CountersManager;' @160  a 'org/agrona/concurrent/status/CountersManager'{0x000000060681ec58} (c0d03d8b)
 - private final 'networkPublicationThreadLocals' 'Lio/aeron/driver/NetworkPublicationThreadLocals;' @164  a 'io/aeron/driver/NetworkPublicationThreadLocals'{0x0000000606900dc0} (c0d201b8)
 - private final 'tempBuffer' 'Lorg/agrona/MutableDirectBuffer;' @168  a 'org/agrona/concurrent/UnsafeBuffer'{0x00000006068e2720} (c0d1c4e4)
 - private final 'defaultDataHeader' 'Lio/aeron/protocol/DataHeaderFlyweight;' @172  a 'io/aeron/protocol/DataHeaderFlyweight'{0x0000000606900d58} (c0d201ab)
 - private final 'errorCounter' 'Lorg/agrona/concurrent/status/AtomicCounter;' @176  a 'org/agrona/concurrent/status/AtomicCounter'{0x000000060681ec30} (c0d03d86)
 - private final 'imagesRejected' 'Lorg/agrona/concurrent/status/AtomicCounter;' @180  a 'org/agrona/concurrent/status/AtomicCounter'{0x00000006068df968} (c0d1bf2d)
 - private final 'dutyCycleTracker' 'Lio/aeron/driver/DutyCycleTracker;' @184  a 'io/aeron/driver/status/DutyCycleStallTracker'{0x00000006068b5178} (c0d16a2f)
 - private final 'asyncTaskExecutor' 'Ljava/util/concurrent/Executor;' @188  a 'java/util/concurrent/ThreadPoolExecutor'{0x0000000606806e10} (c0d00dc2)
 - private 'nameResolver' 'Lio/aeron/driver/TimeTrackingNameResolver;' @192  a 'io/aeron/driver/TimeTrackingNameResolver'{0x00000006068e7010} (c0d1ce02)
RSP=0x00000057bf7ff450 is pointing into the stack for thread: 0x0000020e114e4e70
RBP=0x0000020e14511100 is an unknown value
RSI=0x0000000000000011 is an unknown value
RDI=0x00000006068b5178 is an oop: io.aeron.driver.status.DutyCycleStallTracker 
{0x00000006068b5178} - klass: 'io/aeron/driver/status/DutyCycleStallTracker'
 - ---- fields (total size 21 words):
 - 'p000' 'B' @12  0
 - 'p001' 'B' @13  0
 - 'p002' 'B' @14  0
 - 'p003' 'B' @15  0
 - 'p004' 'B' @16  0
 - 'p005' 'B' @17  0
 - 'p006' 'B' @18  0
 - 'p007' 'B' @19  0
 - 'p008' 'B' @20  0
 - 'p009' 'B' @21  0
 - 'p010' 'B' @22  0
 - 'p011' 'B' @23  0
 - 'p012' 'B' @24  0
 - 'p013' 'B' @25  0
 - 'p014' 'B' @26  0
 - 'p015' 'B' @27  0
 - 'p016' 'B' @28  0
 - 'p017' 'B' @29  0
 - 'p018' 'B' @30  0
 - 'p019' 'B' @31  0
 - 'p020' 'B' @32  0
 - 'p021' 'B' @33  0
 - 'p022' 'B' @34  0
 - 'p023' 'B' @35  0
 - 'p024' 'B' @36  0
 - 'p025' 'B' @37  0
 - 'p026' 'B' @38  0
 - 'p027' 'B' @39  0
 - 'p028' 'B' @40  0
 - 'p029' 'B' @41  0
 - 'p030' 'B' @42  0
 - 'p031' 'B' @43  0
 - 'p032' 'B' @44  0
 - 'p033' 'B' @45  0
 - 'p034' 'B' @46  0
 - 'p035' 'B' @47  0
 - 'p036' 'B' @48  0
 - 'p037' 'B' @49  0
 - 'p038' 'B' @50  0
 - 'p039' 'B' @51  0
 - 'p040' 'B' @52  0
 - 'p041' 'B' @53  0
 - 'p042' 'B' @54  0
 - 'p043' 'B' @55  0
 - 'p044' 'B' @56  0
 - 'p045' 'B' @57  0
 - 'p046' 'B' @58  0
 - 'p047' 'B' @59  0
 - 'p048' 'B' @60  0
 - 'p049' 'B' @61  0
 - 'p050' 'B' @62  0
 - 'p051' 'B' @63  0
 - 'p052' 'B' @64  0
 - 'p053' 'B' @65  0
 - 'p054' 'B' @66  0
 - 'p055' 'B' @67  0
 - 'p056' 'B' @68  0
 - 'p057' 'B' @69  0
 - 'p058' 'B' @70  0
 - 'p059' 'B' @71  0
 - 'p060' 'B' @72  0
 - 'p061' 'B' @73  0
 - 'p062' 'B' @74  0
 - 'p063' 'B' @75  0
 - 'timeOfLastUpdateNs' 'J' @80  602582381901500 (a4d236bc 2240b)
 - 'p064' 'B' @76  0
 - 'p065' 'B' @77  0
 - 'p066' 'B' @78  0
 - 'p067' 'B' @79  0
 - 'p068' 'B' @88  0
 - 'p069' 'B' @89  0
 - 'p070' 'B' @90  0
 - 'p071' 'B' @91  0
 - 'p072' 'B' @92  0
 - 'p073' 'B' @93  0
 - 'p074' 'B' @94  0
 - 'p075' 'B' @95  0
 - 'p076' 'B' @96  0
 - 'p077' 'B' @97  0
 - 'p078' 'B' @98  0
 - 'p079' 'B' @99  0
 - 'p080' 'B' @100  0
 - 'p081' 'B' @101  0
 - 'p082' 'B' @102  0
 - 'p083' 'B' @103  0
 - 'p084' 'B' @104  0
 - 'p085' 'B' @105  0
 - 'p086' 'B' @106  0
 - 'p087' 'B' @107  0
 - 'p088' 'B' @108  0
 - 'p089' 'B' @109  0
 - 'p090' 'B' @110  0
 - 'p091' 'B' @111  0
 - 'p092' 'B' @112  0
 - 'p093' 'B' @113  0
 - 'p094' 'B' @114  0
 - 'p095' 'B' @115  0
 - 'p096' 'B' @116  0
 - 'p097' 'B' @117  0
 - 'p098' 'B' @118  0
 - 'p099' 'B' @119  0
 - 'p100' 'B' @120  0
 - 'p101' 'B' @121  0
 - 'p102' 'B' @122  0
 - 'p103' 'B' @123  0
 - 'p104' 'B' @124  0
 - 'p105' 'B' @125  0
 - 'p106' 'B' @126  0
 - 'p107' 'B' @127  0
 - 'p108' 'B' @128  0
 - 'p109' 'B' @129  0
 - 'p110' 'B' @130  0
 - 'p111' 'B' @131  0
 - 'p112' 'B' @132  0
 - 'p113' 'B' @133  0
 - 'p114' 'B' @134  0
 - 'p115' 'B' @135  0
 - 'p116' 'B' @136  0
 - 'p117' 'B' @137  0
 - 'p118' 'B' @138  0
 - 'p119' 'B' @139  0
 - 'p120' 'B' @140  0
 - 'p121' 'B' @141  0
 - 'p122' 'B' @142  0
 - 'p123' 'B' @143  0
 - 'p124' 'B' @144  0
 - 'p125' 'B' @145  0
 - 'p126' 'B' @146  0
 - 'p127' 'B' @147  0
 - private final 'maxCycleTime' 'Lorg/agrona/concurrent/status/AtomicCounter;' @148  a 'org/agrona/concurrent/status/AtomicCounter'{0x00000006068b5220} (c0d16a44)
 - private final 'cycleTimeThresholdNs' 'J' @152  100000000 (5f5e100 0)
 - private final 'cycleTimeThresholdExceededCount' 'Lorg/agrona/concurrent/status/AtomicCounter;' @160  a 'org/agrona/concurrent/status/AtomicCounter'{0x00000006068b5248} (c0d16a49)
R8 =0x0002240ba4d236bc is an unknown value
R9 =0x000000060680c8a8 is an oop: io.aeron.driver.DriverConductor 
{0x000000060680c8a8} - klass: 'io/aeron/driver/DriverConductor'
 - ---- fields (total size 25 words):
 - private 'nextSessionId' 'I' @12  730409041 (2b892851)
 - private final 'timerIntervalNs' 'J' @16  1000000000 (3b9aca00 0)
 - private final 'clientLivenessTimeoutNs' 'J' @24  10000000000 (540be400 2)
 - private 'timeOfLastToDriverPositionChangeNs' 'J' @32  602582211530200 (9aaa8dd8 2240b)
 - private 'lastCommandConsumerPosition' 'J' @40  104 (68 0)
 - private 'timerCheckDeadlineNs' 'J' @48  602583211530200 (d64557d8 2240b)
 - private 'clockUpdateDeadlineNs' 'J' @56  602582379436600 (a4ac9a38 2240b)
 - private final 'asyncExecutionDisabled' 'Z' @64  false
 - private 'asyncClientCommandInFlight' 'Z' @65  false
 - private final 'ctx' 'Lio/aeron/driver/MediaDriver$Context;' @68  a 'io/aeron/driver/MediaDriver$Context'{0x0000000606801eb8} (c0d003d7)
 - private final 'logFactory' 'Lio/aeron/driver/buffer/LogFactory;' @72  a 'io/aeron/driver/buffer/FileStoreLogFactory'{0x00000006068dc1a8} (c0d1b835)
 - private final 'receiverProxy' 'Lio/aeron/driver/ReceiverProxy;' @76  a 'io/aeron/driver/ReceiverProxy'{0x00000006068d9ab8} (c0d1b357)
 - private final 'senderProxy' 'Lio/aeron/driver/SenderProxy;' @80  a 'io/aeron/driver/SenderProxy'{0x00000006068d9a70} (c0d1b34e)
 - private final 'clientProxy' 'Lio/aeron/driver/ClientProxy;' @84  a 'io/aeron/driver/ClientProxy'{0x00000006068b5310} (c0d16a62)
 - private final 'toDriverCommands' 'Lorg/agrona/concurrent/ringbuffer/RingBuffer;' @88  a 'org/agrona/concurrent/ringbuffer/ManyToOneRingBuffer'{0x00000006068b52b8} (c0d16a57)
 - private final 'clientCommandAdapter' 'Lio/aeron/driver/ClientCommandAdapter;' @92  a 'io/aeron/driver/ClientCommandAdapter'{0x000000060691f200} (c0d23e40)
 - private final 'driverCmdQueue' 'Lorg/agrona/concurrent/ManyToOneConcurrentLinkedQueue;' @96  a 'org/agrona/concurrent/ManyToOneConcurrentLinkedQueue'{0x0000000606850ba8} (c0d0a175)
 - private final 'sendChannelEndpointByChannelMap' 'Lorg/agrona/collections/Object2ObjectHashMap;' @100  a 'org/agrona/collections/Object2ObjectHashMap'{0x000000060691f180} (c0d23e30)
 - private final 'receiveChannelEndpointByChannelMap' 'Lorg/agrona/collections/Object2ObjectHashMap;' @104  a 'org/agrona/collections/Object2ObjectHashMap'{0x000000060691f100} (c0d23e20)
 - private final 'networkPublications' 'Ljava/util/ArrayList;' @108  a 'java/util/ArrayList'{0x000000060691f0e8} (c0d23e1d)
 - private final 'ipcPublications' 'Ljava/util/ArrayList;' @112  a 'java/util/ArrayList'{0x000000060691b7f0} (c0d236fe)
 - private final 'publicationImages' 'Ljava/util/ArrayList;' @116  a 'java/util/ArrayList'{0x0000000606906378} (c0d20c6f)
 - private final 'publicationLinks' 'Ljava/util/ArrayList;' @120  a 'java/util/ArrayList'{0x0000000606906308} (c0d20c61)
 - private final 'subscriptionLinks' 'Ljava/util/ArrayList;' @124  a 'java/util/ArrayList'{0x0000000606905d98} (c0d20bb3)
 - private final 'counterLinks' 'Ljava/util/ArrayList;' @128  a 'java/util/ArrayList'{0x0000000606905d80} (c0d20bb0)
 - private final 'clients' 'Ljava/util/ArrayList;' @132  a 'java/util/ArrayList'{0x0000000606905c90} (c0d20b92)
 - private final 'endOfLifeResources' 'Ljava/util/ArrayDeque;' @136  a 'java/util/ArrayDeque'{0x0000000606900fc0} (c0d201f8)
 - private final 'activeSessionSet' 'Lorg/agrona/collections/ObjectHashSet;' @140  a 'org/agrona/collections/ObjectHashSet'{0x0000000606900f20} (c0d201e4)
 - private final 'epochClock' 'Lorg/agrona/concurrent/EpochClock;' @144  a 'org/agrona/concurrent/SystemEpochClock'{0x00000006068110a0} (c0d02214)
 - private final 'nanoClock' 'Lorg/agrona/concurrent/NanoClock;' @148  a 'org/agrona/concurrent/SystemNanoClock'{0x00000006068110b0} (c0d02216)
 - private final 'cachedEpochClock' 'Lorg/agrona/concurrent/CachedEpochClock;' @152  a 'org/agrona/concurrent/CachedEpochClock'{0x000000060681ed30} (c0d03da6)
 - private final 'cachedNanoClock' 'Lorg/agrona/concurrent/CachedNanoClock;' @156  a 'org/agrona/concurrent/CachedNanoClock'{0x00000006068e2c88} (c0d1c591)
 - private final 'countersManager' 'Lorg/agrona/concurrent/status/CountersManager;' @160  a 'org/agrona/concurrent/status/CountersManager'{0x000000060681ec58} (c0d03d8b)
 - private final 'networkPublicationThreadLocals' 'Lio/aeron/driver/NetworkPublicationThreadLocals;' @164  a 'io/aeron/driver/NetworkPublicationThreadLocals'{0x0000000606900dc0} (c0d201b8)
 - private final 'tempBuffer' 'Lorg/agrona/MutableDirectBuffer;' @168  a 'org/agrona/concurrent/UnsafeBuffer'{0x00000006068e2720} (c0d1c4e4)
 - private final 'defaultDataHeader' 'Lio/aeron/protocol/DataHeaderFlyweight;' @172  a 'io/aeron/protocol/DataHeaderFlyweight'{0x0000000606900d58} (c0d201ab)
 - private final 'errorCounter' 'Lorg/agrona/concurrent/status/AtomicCounter;' @176  a 'org/agrona/concurrent/status/AtomicCounter'{0x000000060681ec30} (c0d03d86)
 - private final 'imagesRejected' 'Lorg/agrona/concurrent/status/AtomicCounter;' @180  a 'org/agrona/concurrent/status/AtomicCounter'{0x00000006068df968} (c0d1bf2d)
 - private final 'dutyCycleTracker' 'Lio/aeron/driver/DutyCycleTracker;' @184  a 'io/aeron/driver/status/DutyCycleStallTracker'{0x00000006068b5178} (c0d16a2f)
 - private final 'asyncTaskExecutor' 'Ljava/util/concurrent/Executor;' @188  a 'java/util/concurrent/ThreadPoolExecutor'{0x0000000606806e10} (c0d00dc2)
 - private 'nameResolver' 'Lio/aeron/driver/TimeTrackingNameResolver;' @192  a 'io/aeron/driver/TimeTrackingNameResolver'{0x00000006068e7010} (c0d1ce02)
R10=0x0 is NULL
R11=0x0000020e14511100 is an unknown value
R12=0x0 is NULL
R13=0x00000057bf7ff4d0 is pointing into the stack for thread: 0x0000020e114e4e70
R14=0x00000057bf7ff558 is pointing into the stack for thread: 0x0000020e114e4e70
R15=0x0000020e114e4e70 is a thread


Registers:
RAX=0x0000020e106c4910, RBX=0x0000000000261024, RCX=0x000000060680c8a8, RDX=0x000000060680c8a8
RSP=0x00000057bf7ff450, RBP=0x0000020e14511100, RSI=0x0000000000000011, RDI=0x00000006068b5178
R8 =0x0002240ba4d236bc, R9 =0x000000060680c8a8, R10=0x0000000000000000, R11=0x0000020e14511100
R12=0x0000000000000000, R13=0x00000057bf7ff4d0, R14=0x00000057bf7ff558, R15=0x0000020e114e4e70
RIP=0x0000020e71b55739, EFLAGS=0x0000000000010246

Top of Stack: (sp=0x00000057bf7ff450)
0x00000057bf7ff450:   0000000800d14c00 00007ffac55db11f
0x00000057bf7ff460:   0000020e1049a448 0000020e106c4d58
0x00000057bf7ff470:   0000000000000000 00000057bf7ff4c0
0x00000057bf7ff480:   0000020e114e4e70 0000020e71b4d9b9
0x00000057bf7ff490:   0000057aff169507 0000000000000000
0x00000057bf7ff4a0:   0000000000000011 0000000800d14c00
0x00000057bf7ff4b0:   00000057bf7ff530 0000020e69ee94fe
0x00000057bf7ff4c0:   00000057bf7ff530 0000020e69ee94fe
0x00000057bf7ff4d0:   0002240ba4d236bc 0000000000000000
0x00000057bf7ff4e0:   000000060680c8a8 00000057bf7ff4e8
0x00000057bf7ff4f0:   0000020e106be7e4 00000057bf7ff558
0x00000057bf7ff500:   0000020e106d0990 0000020e180657c0
0x00000057bf7ff510:   000000060699a718 0000020e106be868
0x00000057bf7ff520:   00000057bf7ff4d0 00000057bf7ff560
0x00000057bf7ff530:   000000060680c8a8 0000020e71b325e0
0x00000057bf7ff540:   0000000000000000 0002240ba4d236bc 

Instructions: (pc=0x0000020e71b55739)
0x0000020e71b55639:   06 00 00 50 00 00 00 79 06 00 00 04 00 00 00 00
0x0000020e71b55649:   00 00 00 02 00 00 00 00 00 00 00 00 00 00 00 e0
0x0000020e71b55659:   01 00 00 02 00 00 00 ff ff ff ff ff ff ff ff 14
0x0000020e71b55669:   60 01 f0 49 cc 65 b0 02 f0 2a cc 3f 64 1c 64 24
0x0000020e71b55679:   64 20 64 2c 64 10 64 10 64 10 64 0c 64 0c 64 42
0x0000020e71b55689:   f1 05 80 11 64 0b 00 00 64 0f 64 00 00 00 00 00
0x0000020e71b55699:   00 00 00 00 00 00 00 44 8b 52 08 49 bb 00 00 00
0x0000020e71b556a9:   00 08 00 00 00 4d 03 d3 49 3b c2 0f 85 c6 73 3d
0x0000020e71b556b9:   f8 66 90 0f 1f 40 00 89 84 24 00 90 ff ff 55 48
0x0000020e71b556c9:   83 ec 60 4c 8b ca 44 8b 92 9c 00 00 00 45 85 d2
0x0000020e71b556d9:   0f 84 e3 00 00 00 4f 89 44 d4 50 44 8b 9a b8 00
0x0000020e71b556e9:   00 00 47 8b 54 dc 08 49 8b d8 4b 2b 5c dc 50 4f
0x0000020e71b556f9:   89 44 dc 50 41 81 fa 28 b4 c0 00 0f 85 c6 00 00
0x0000020e71b55709:   00 4b 8d 3c dc 44 8b 9f 94 00 00 00 43 0f b6 6c
0x0000020e71b55719:   dc 18 85 ed 0f 85 ed 00 00 00 47 8b 54 dc 1c 4b
0x0000020e71b55729:   8b 6c dc 10 45 85 d2 0f 85 b6 00 00 00 4c 8b dd
0x0000020e71b55739:   49 8b 0b 48 3b cb 7c 74 4c 8b 97 98 00 00 00 49
0x0000020e71b55749:   3b da 0f 8f df 00 00 00 4c 8b 52 38 4d 2b d0 4d
0x0000020e71b55759:   85 d2 7c 13 48 83 c4 60 5d 49 3b a7 40 03 00 00
0x0000020e71b55769:   0f 87 35 01 00 00 c3 8b 8a 90 00 00 00 49 81 c0
0x0000020e71b55779:   40 42 0f 00 4c 89 42 38 45 8b 54 cc 08 8b aa 98
0x0000020e71b55789:   00 00 00 41 81 fa e8 6e c1 00 0f 85 d3 00 00 00
0x0000020e71b55799:   49 ba c0 b0 5d c5 fa 7f 00 00 41 ff d2 85 ed 0f
0x0000020e71b557a9:   84 ae 00 00 00 49 89 44 ec 50 eb a8 49 c1 e2 03
0x0000020e71b557b9:   49 89 1c 2a e9 7f ff ff ff ba f6 ff ff ff 49 8b
0x0000020e71b557c9:   e8 90 e8 30 cb 3d f8 ba de ff ff ff 49 8b e9 4c
0x0000020e71b557d9:   89 44 24 20 44 89 5c 24 28 48 89 5c 24 30 e8 14
0x0000020e71b557e9:   cb 3d f8 ba 54 ff ff ff 4c 89 4c 24 20 4c 89 44
0x0000020e71b557f9:   24 28 48 89 7c 24 30 48 89 5c 24 40 44 89 54 24
0x0000020e71b55809:   4c 90 e8 f0 ca 3d f8 ba 45 ff ff ff 4c 89 4c 24
0x0000020e71b55819:   20 4c 89 44 24 28 48 89 7c 24 30 48 89 5c 24 38
0x0000020e71b55829:   66 90 e8 d0 ca 3d f8 49 3b da bd ff ff ff ff 7c 


Stack slot to memory mapping:
stack at sp + 0 slots: 0x0000000800d14c00 is a pointer to class: 
io.aeron.driver.IpcPublication {0x0000000800d14c08}
 - instance size:     28
 - klass size:        76
 - access:            public final synchronized 
 - state:             fully_initialized
 - name:              'io/aeron/driver/IpcPublication'
 - super:             'java/lang/Object'
 - sub:               
 - arrays:            NULL
 - methods:           Array<T>(0x0000020e18049f88)
 - method ordering:   Array<T>(0x00000008008de420)
 - default_methods:   Array<T>(0x0000000000000000)
 - local interfaces:  Array<T>(0x0000020e18047fe0)
 - trans. interfaces: Array<T>(0x0000020e18047fe0)
 - constants:         constant pool [601] {0x0000020e18048958} for 'io/aeron/driver/IpcPublication' cache=0x0000020e1804c8a8
 - class loader data:  loader data: 0x0000020e7fa1e8d0 for instance a 'jdk/internal/loader/ClassLoaders$AppClassLoader'{0x0000000606800298}
 - source file:       'IpcPublication.java'
 - class annotations:       Array<T>(0x0000000000000000)
 - class type annotations:  Array<T>(0x0000000000000000)
 - field annotations:       Array<T>(0x0000000000000000)
 - field type annotations:  Array<T>(0x0000000000000000)
 - inner classes:     Array<T>(0x0000020e1804c848)
 - nest members:     Array<T>(0x0000020e1804c878)
 - permitted subclasses:     Array<T>(0x00000008005aeea0)
 - java mirror:       a 'java/lang/Class'{0x0000000606954220} = 'io/aeron/driver/IpcPublication'
 - vtable length      5  (start addr: 0x0000000800d14dc8)
 - itable length      13 (start addr: 0x0000000800d14df0)
 - ---- static fields (1 words):
 - private static final 'EMPTY_POSITIONS' '[Lorg/agrona/concurrent/status/ReadablePosition;' @112 
 - private static final 'IPC_SRC_ADDRESS' 'Ljava/net/InetSocketAddress;' @116 
 - ---- non-static fields (52 words):
 - private final 'sessionId' 'I' @12 
 - private final 'registrationId' 'J' @16 
 - private final 'tag' 'J' @24 
 - private final 'unblockTimeoutNs' 'J' @32 
 - private final 'untetheredWindowLimitTimeoutNs' 'J' @40 
 - private final 'untetheredLingerTimeoutNs' 'J' @48 
 - private final 'untetheredRestingTimeoutNs' 'J' @56 
 - private final 'imageLivenessTimeoutNs' 'J' @64 
 - private final 'responseCorrelationId' 'J' @72 
 - private 'tripLimit' 'J' @80 
 - private 'consumerPosition' 'J' @88 
 - private 'lastConsumerPosition' 'J' @96 
 - private 'timeOfLastConsumerPositionUpdateNs' 'J' @104 
 - private 'cleanPosition' 'J' @112 
 - private 'coolDownExpireTimeNs' 'J' @120 
 - private final 'streamId' 'I' @128 
 - private final 'startingTermId' 'I' @132 
 - private final 'startingTermOffset' 'I' @136 
 - private final 'positionBitsToShift' 'I' @140 
 - private final 'termBufferLength' 'I' @144 
 - private final 'mtuLength' 'I' @148 
 - private final 'termWindowLength' 'I' @152 
 - private final 'initialTermId' 'I' @156 
 - private final 'tripGain' 'I' @160 
 - private 'refCount' 'I' @164 
 - private 'reachedEndOfLife' 'Z' @168 
 - private 'inCoolDown' 'Z' @169 
 - private final 'isExclusive' 'Z' @170 
 - private final 'channel' 'Ljava/lang/String;' @172 
 - private 'state' 'Lio/aeron/driver/IpcPublication$State;' @176 
 - private final 'termBuffers' '[Lorg/agrona/concurrent/UnsafeBuffer;' @180 
 - private final 'publisherPos' 'Lorg/agrona/concurrent/status/Position;' @184 
 - private final 'publisherLimit' 'Lorg/agrona/concurrent/status/Position;' @188 
 - private final 'metaDataBuffer' 'Lorg/agrona/concurrent/UnsafeBuffer;' @192 
 - private 'subscriberPositions' '[Lorg/agrona/concurrent/status/ReadablePosition;' @196 
 - private final 'untetheredSubscriptions' 'Ljava/util/ArrayList;' @200 
 - private final 'rawLog' 'Lio/aeron/driver/buffer/RawLog;' @204 
 - private final 'unblockedPublications' 'Lorg/agrona/concurrent/status/AtomicCounter;' @208 
 - private final 'publicationsRevoked' 'Lorg/agrona/concurrent/status/AtomicCounter;' @212 
 - private final 'errorHandler' 'Lorg/agrona/ErrorHandler;' @216 
 - non-static oop maps: 172-216 
stack at sp + 1 slots: 0x00007ffac55db11f jvm.dll
stack at sp + 2 slots: {method} {0x0000020e1049a450} 'nanoTime' '()J' in 'org/agrona/concurrent/SystemNanoClock'
stack at sp + 3 slots: {method} {0x0000020e106c4d60} 'trackStreamPositions' '(IJ)I' in 'io/aeron/driver/DriverConductor'
stack at sp + 4 slots: 0x0 is NULL
stack at sp + 5 slots: 0x00000057bf7ff4c0 is pointing into the stack for thread: 0x0000020e114e4e70
stack at sp + 6 slots: 0x0000020e114e4e70 is a thread
stack at sp + 7 slots: 0x0000020e71b4d9b9 is at entry_point+57 in (nmethod*)0x0000020e71b4d810

--------------------------------------------------------------------------------
[Constant Pool (empty)]

--------------------------------------------------------------------------------

[MachCode]
  0x0000020e71b556a0: 448b 5208 | 49bb 0000 | 0000 0800 | 0000 4d03 | d349 3bc2 | 0f85 c673 | 3df8 6690 | 0f1f 4000 
  0x0000020e71b556c0: 8984 2400 | 90ff ff55 | 4883 ec60 | 4c8b ca44 | 8b92 9c00 | 0000 4585 | d20f 84e3 | 0000 004f 
  0x0000020e71b556e0: 8944 d450 | 448b 9ab8 | 0000 0047 | 8b54 dc08 | 498b d84b | 2b5c dc50 | 4f89 44dc | 5041 81fa 
  0x0000020e71b55700: 28b4 c000 | 0f85 c600 | 0000 4b8d | 3cdc 448b | 9f94 0000 | 0043 0fb6 | 6cdc 1885 | ed0f 85ed 
  0x0000020e71b55720: 0000 0047 | 8b54 dc1c | 4b8b 6cdc | 1045 85d2 | 0f85 b600 | 0000 4c8b | dd49 8b0b | 483b cb7c 
  0x0000020e71b55740: 744c 8b97 | 9800 0000 | 493b da0f | 8fdf 0000 | 004c 8b52 | 384d 2bd0 | 4d85 d27c | 1348 83c4 
  0x0000020e71b55760: 605d 493b | a740 0300 | 000f 8735 | 0100 00c3 | 8b8a 9000 | 0000 4981 | c040 420f | 004c 8942 
  0x0000020e71b55780: 3845 8b54 | cc08 8baa | 9800 0000 | 4181 fae8 | 6ec1 000f | 85d3 0000 | 0049 bac0 | b05d c5fa 
  0x0000020e71b557a0: 7f00 0041 | ffd2 85ed | 0f84 ae00 | 0000 4989 | 44ec 50eb | a849 c1e2 | 0349 891c | 2ae9 7fff 
  0x0000020e71b557c0: ffff baf6 | ffff ff49 | 8be8 90e8 | 30cb 3df8 | bade ffff | ff49 8be9 | 4c89 4424 | 2044 895c 
  0x0000020e71b557e0: 2428 4889 | 5c24 30e8 | 14cb 3df8 | ba54 ffff | ff4c 894c | 2420 4c89 | 4424 2848 | 897c 2430 
  0x0000020e71b55800: 4889 5c24 | 4044 8954 | 244c 90e8 | f0ca 3df8 | ba45 ffff | ff4c 894c | 2420 4c89 | 4424 2848 
  0x0000020e71b55820: 897c 2430 | 4889 5c24 | 3866 90e8 | d0ca 3df8 | 493b dabd | ffff ffff | 7c08 400f | 95c5 400f 
  0x0000020e71b55840: b6ed ba45 | ffff ff4c | 894c 2420 | 4c89 4424 | 2848 897c | 2430 90e8 | a4ca 3df8 | baf6 ffff 
  0x0000020e71b55860: ff48 8be8 | 6666 90e8 | 94ca 3df8 | bade ffff | ff89 4c24 | 2066 90e8 | 84ca 3df8 | baf6 ffff 
  0x0000020e71b55880: ff49 8be8 | 6666 90e8 | 74ca 3df8 | baf6 ffff | ff66 90e8 | 68ca 3df8 | baf6 ffff | ff66 90e8 
  0x0000020e71b558a0: 5cca 3df8 | 49ba 6257 | b571 0e02 | 0000 4d89 | 9758 0300 | 00e9 46db | 3df8 f4f4 | f4f4 f4f4 
  0x0000020e71b558c0: e9bb f847 | f8e8 0000 | 0000 4883 | 2c24 05e9 | cccd 3df8 | f4f4 f4f4 
[/MachCode]
--------------------------------------------------------------------------------


---------------  P R O C E S S  ---------------

Threads class SMR info:
_java_thread_list=0x0000020e10d0a9c0, length=23, elements={
0x0000020e7f8e9ab0, 0x0000020e7f8ed4f0, 0x0000020e7f9066b0, 0x0000020e7f909070,
0x0000020e7f90ed50, 0x0000020e7f910de0, 0x0000020e7f914750, 0x0000020e7f91ced0,
0x0000020e7f92ac90, 0x0000020e7f7c5b60, 0x0000020e7fb5f870, 0x0000020e7fb8ade0,
0x0000020e7fbabe90, 0x0000020e10eec180, 0x0000020e10e735d0, 0x0000020e109f26c0,
0x0000020e10afa370, 0x0000020e10aff5b0, 0x0000020e114e4e70, 0x0000020e114e4000,
0x0000020e114e3660, 0x0000020e12295300, 0x0000020e122957d0
}

Java Threads: ( => current thread )
  0x0000020e7f8e9ab0 JavaThread "Reference Handler" daemon [_thread_blocked, id=37348, stack(0x00000057bdf00000,0x00000057be000000)]
  0x0000020e7f8ed4f0 JavaThread "Finalizer" daemon [_thread_blocked, id=41700, stack(0x00000057be000000,0x00000057be100000)]
  0x0000020e7f9066b0 JavaThread "Signal Dispatcher" daemon [_thread_blocked, id=54088, stack(0x00000057be100000,0x00000057be200000)]
  0x0000020e7f909070 JavaThread "Attach Listener" daemon [_thread_blocked, id=49356, stack(0x00000057be200000,0x00000057be300000)]
  0x0000020e7f90ed50 JavaThread "Service Thread" daemon [_thread_blocked, id=52268, stack(0x00000057be300000,0x00000057be400000)]
  0x0000020e7f910de0 JavaThread "Monitor Deflation Thread" daemon [_thread_blocked, id=64920, stack(0x00000057be400000,0x00000057be500000)]
  0x0000020e7f914750 JavaThread "C2 CompilerThread0" daemon [_thread_blocked, id=51872, stack(0x00000057be500000,0x00000057be600000)]
  0x0000020e7f91ced0 JavaThread "C1 CompilerThread0" daemon [_thread_blocked, id=64544, stack(0x00000057be600000,0x00000057be700000)]
  0x0000020e7f92ac90 JavaThread "Sweeper thread" daemon [_thread_blocked, id=39908, stack(0x00000057be700000,0x00000057be800000)]
  0x0000020e7f7c5b60 JavaThread "Common-Cleaner" daemon [_thread_blocked, id=29836, stack(0x00000057be800000,0x00000057be900000)]
  0x0000020e7fb5f870 JavaThread "Monitor Ctrl-Break" daemon [_thread_in_native, id=8700, stack(0x00000057bed00000,0x00000057bee00000)]
  0x0000020e7fb8ade0 JavaThread "Notification Thread" daemon [_thread_blocked, id=48600, stack(0x00000057bee00000,0x00000057bef00000)]
  0x0000020e7fbabe90 JavaThread "Thread-0" daemon [_thread_blocked, id=64484, stack(0x00000057bf000000,0x00000057bf100000)]
  0x0000020e10eec180 JavaThread "async-executor C:\Users\dhkim\AppData\Local\Temp\PARCAeron" daemon [_thread_blocked, id=66996, stack(0x00000057bf100000,0x00000057bf200000)]
  0x0000020e10e735d0 JavaThread "RMI TCP Accept-0" daemon [_thread_in_native, id=66948, stack(0x00000057bf200000,0x00000057bf300000)]
  0x0000020e109f26c0 JavaThread "RMI TCP Connection(1)-192.168.0.75" daemon [_thread_in_native, id=26000, stack(0x00000057bf300000,0x00000057bf400000)]
  0x0000020e10afa370 JavaThread "RMI Scheduler(0)" daemon [_thread_blocked, id=39768, stack(0x00000057bf400000,0x00000057bf500000)]
  0x0000020e10aff5b0 JavaThread "JMX server connection timeout 30" daemon [_thread_blocked, id=66572, stack(0x00000057bf500000,0x00000057bf600000)]
=>0x0000020e114e4e70 JavaThread "driver-conductor" daemon [_thread_in_Java, id=67200, stack(0x00000057bf700000,0x00000057bf800000)]
  0x0000020e114e4000 JavaThread "sender" daemon [_thread_in_Java, id=32976, stack(0x00000057bf800000,0x00000057bf900000)]
  0x0000020e114e3660 JavaThread "receiver" daemon [_thread_in_Java, id=56964, stack(0x00000057bf900000,0x00000057bfa00000)]
  0x0000020e12295300 JavaThread "SIGINT handler" daemon [_thread_blocked, id=68520, stack(0x00000057beb00000,0x00000057bec00000)]
  0x0000020e122957d0 JavaThread "DestroyJavaVM" [_thread_blocked, id=48572, stack(0x00000057bd800000,0x00000057bd900000)]

Other Threads:
  0x0000020e7f7ce590 VMThread "VM Thread" [stack: 0x00000057bde00000,0x00000057bdf00000] [id=56448]
  0x0000020e7f5d40e0 WatcherThread [stack: 0x00000057bef00000,0x00000057bf000000] [id=6968]
  0x0000020e62771950 GCTaskThread "GC Thread#0" [stack: 0x00000057bd900000,0x00000057bda00000] [id=58828]
  0x0000020e114d9fb0 GCTaskThread "GC Thread#1" [stack: 0x00000057c0200000,0x00000057c0300000] [id=25868]
  0x0000020e1148acb0 GCTaskThread "GC Thread#2" [stack: 0x00000057c0300000,0x00000057c0400000] [id=66912]
  0x0000020e115054a0 GCTaskThread "GC Thread#3" [stack: 0x00000057c0400000,0x00000057c0500000] [id=62408]
  0x0000020e10feeb10 GCTaskThread "GC Thread#4" [stack: 0x00000057c0500000,0x00000057c0600000] [id=44756]
  0x0000020e1154aef0 GCTaskThread "GC Thread#5" [stack: 0x00000057c0600000,0x00000057c0700000] [id=24132]
  0x0000020e1154b1a0 GCTaskThread "GC Thread#6" [stack: 0x00000057c0700000,0x00000057c0800000] [id=61904]
  0x0000020e1154d460 GCTaskThread "GC Thread#7" [stack: 0x00000057c0800000,0x00000057c0900000] [id=14388]
  0x0000020e1154db20 GCTaskThread "GC Thread#8" [stack: 0x00000057c0900000,0x00000057c0a00000] [id=49084]
  0x0000020e1154e5e0 GCTaskThread "GC Thread#9" [stack: 0x00000057c0a00000,0x00000057c0b00000] [id=65624]
  0x0000020e1154e890 GCTaskThread "GC Thread#10" [stack: 0x00000057c0b00000,0x00000057c0c00000] [id=14424]
  0x0000020e1154f760 GCTaskThread "GC Thread#11" [stack: 0x00000057c0c00000,0x00000057c0d00000] [id=59604]
  0x0000020e62783290 ConcurrentGCThread "G1 Main Marker" [stack: 0x00000057bda00000,0x00000057bdb00000] [id=32636]
  0x0000020e62784440 ConcurrentGCThread "G1 Conc#0" [stack: 0x00000057bdb00000,0x00000057bdc00000] [id=68900]
  0x0000020e7f68e850 ConcurrentGCThread "G1 Refine#0" [stack: 0x00000057bdc00000,0x00000057bdd00000] [id=21584]
  0x0000020e7f68f270 ConcurrentGCThread "G1 Service" [stack: 0x00000057bdd00000,0x00000057bde00000] [id=21856]

Threads with active compile tasks:

VM state: not at safepoint (normal execution)

VM Mutex/Monitor currently owned by a thread: None

Heap address: 0x0000000606800000, size: 8088 MB, Compressed Oops mode: Zero based, Oop shift amount: 3

CDS archive(s) mapped at: [0x0000000800000000-0x0000000800bc0000-0x0000000800bc0000), size 12320768, SharedBaseAddress: 0x0000000800000000, ArchiveRelocationMode: 0.
Compressed class space mapped at: 0x0000000800c00000-0x0000000840c00000, reserved size: 1073741824
Narrow klass base: 0x0000000800000000, Narrow klass shift: 0, Narrow klass range: 0x100000000

GC Precious Log:
 CPUs: 18 total, 18 available
 Memory: 32348M
 Large Page Support: Disabled
 NUMA Support: Disabled
 Compressed Oops: Enabled (Zero based)
 Heap Region Size: 4M
 Heap Min Capacity: 8M
 Heap Initial Capacity: 508M
 Heap Max Capacity: 8088M
 Pre-touch: Disabled
 Parallel Workers: 14
 Concurrent Workers: 4
 Concurrent Refinement Workers: 14
 Periodic GC: Disabled

Heap:
 garbage-first heap   total 520192K, used 249908K [0x0000000606800000, 0x0000000800000000)
  region size 4096K, 62 young (253952K), 1 survivors (4096K)
 Metaspace       used 9712K, committed 9984K, reserved 1064960K
  class space    used 1015K, committed 1152K, reserved 1048576K

Heap Regions: E=young(eden), S=young(survivor), O=old, HS=humongous(starts), HC=humongous(continues), CS=collection set, F=free, OA=open archive, CA=closed archive, TAMS=top-at-mark-start (previous, next)
|   0|0x0000000606800000, 0x0000000606c00000, 0x0000000606c00000|100%| O|  |TAMS 0x0000000606800000, 0x0000000606800000| Untracked 
|   1|0x0000000606c00000, 0x0000000606c0b200, 0x0000000607000000|  1%| O|  |TAMS 0x0000000606c00000, 0x0000000606c00000| Untracked 
|   2|0x0000000607000000, 0x0000000607000000, 0x0000000607400000|  0%| F|  |TAMS 0x0000000607000000, 0x0000000607000000| Untracked 
|   3|0x0000000607400000, 0x0000000607400000, 0x0000000607800000|  0%| F|  |TAMS 0x0000000607400000, 0x0000000607400000| Untracked 
|   4|0x0000000607800000, 0x0000000607800000, 0x0000000607c00000|  0%| F|  |TAMS 0x0000000607800000, 0x0000000607800000| Untracked 
|   5|0x0000000607c00000, 0x0000000607c00000, 0x0000000608000000|  0%| F|  |TAMS 0x0000000607c00000, 0x0000000607c00000| Untracked 
|   6|0x0000000608000000, 0x0000000608000000, 0x0000000608400000|  0%| F|  |TAMS 0x0000000608000000, 0x0000000608000000| Untracked 
|   7|0x0000000608400000, 0x0000000608400000, 0x0000000608800000|  0%| F|  |TAMS 0x0000000608400000, 0x0000000608400000| Untracked 
|   8|0x0000000608800000, 0x0000000608800000, 0x0000000608c00000|  0%| F|  |TAMS 0x0000000608800000, 0x0000000608800000| Untracked 
|   9|0x0000000608c00000, 0x0000000608c00000, 0x0000000609000000|  0%| F|  |TAMS 0x0000000608c00000, 0x0000000608c00000| Untracked 
|  10|0x0000000609000000, 0x0000000609000000, 0x0000000609400000|  0%| F|  |TAMS 0x0000000609000000, 0x0000000609000000| Untracked 
|  11|0x0000000609400000, 0x0000000609400000, 0x0000000609800000|  0%| F|  |TAMS 0x0000000609400000, 0x0000000609400000| Untracked 
|  12|0x0000000609800000, 0x0000000609800000, 0x0000000609c00000|  0%| F|  |TAMS 0x0000000609800000, 0x0000000609800000| Untracked 
|  13|0x0000000609c00000, 0x0000000609c00000, 0x000000060a000000|  0%| F|  |TAMS 0x0000000609c00000, 0x0000000609c00000| Untracked 
|  14|0x000000060a000000, 0x000000060a000000, 0x000000060a400000|  0%| F|  |TAMS 0x000000060a000000, 0x000000060a000000| Untracked 
|  15|0x000000060a400000, 0x000000060a400000, 0x000000060a800000|  0%| F|  |TAMS 0x000000060a400000, 0x000000060a400000| Untracked 
|  16|0x000000060a800000, 0x000000060a800000, 0x000000060ac00000|  0%| F|  |TAMS 0x000000060a800000, 0x000000060a800000| Untracked 
|  17|0x000000060ac00000, 0x000000060ac00000, 0x000000060b000000|  0%| F|  |TAMS 0x000000060ac00000, 0x000000060ac00000| Untracked 
|  18|0x000000060b000000, 0x000000060b000000, 0x000000060b400000|  0%| F|  |TAMS 0x000000060b000000, 0x000000060b000000| Untracked 
|  19|0x000000060b400000, 0x000000060b400000, 0x000000060b800000|  0%| F|  |TAMS 0x000000060b400000, 0x000000060b400000| Untracked 
|  20|0x000000060b800000, 0x000000060b800000, 0x000000060bc00000|  0%| F|  |TAMS 0x000000060b800000, 0x000000060b800000| Untracked 
|  21|0x000000060bc00000, 0x000000060bc00000, 0x000000060c000000|  0%| F|  |TAMS 0x000000060bc00000, 0x000000060bc00000| Untracked 
|  22|0x000000060c000000, 0x000000060c000000, 0x000000060c400000|  0%| F|  |TAMS 0x000000060c000000, 0x000000060c000000| Untracked 
|  23|0x000000060c400000, 0x000000060c400000, 0x000000060c800000|  0%| F|  |TAMS 0x000000060c400000, 0x000000060c400000| Untracked 
|  24|0x000000060c800000, 0x000000060c800000, 0x000000060cc00000|  0%| F|  |TAMS 0x000000060c800000, 0x000000060c800000| Untracked 
|  25|0x000000060cc00000, 0x000000060cc00000, 0x000000060d000000|  0%| F|  |TAMS 0x000000060cc00000, 0x000000060cc00000| Untracked 
|  26|0x000000060d000000, 0x000000060d000000, 0x000000060d400000|  0%| F|  |TAMS 0x000000060d000000, 0x000000060d000000| Untracked 
|  27|0x000000060d400000, 0x000000060d400000, 0x000000060d800000|  0%| F|  |TAMS 0x000000060d400000, 0x000000060d400000| Untracked 
|  28|0x000000060d800000, 0x000000060d800000, 0x000000060dc00000|  0%| F|  |TAMS 0x000000060d800000, 0x000000060d800000| Untracked 
|  29|0x000000060dc00000, 0x000000060dc00000, 0x000000060e000000|  0%| F|  |TAMS 0x000000060dc00000, 0x000000060dc00000| Untracked 
|  30|0x000000060e000000, 0x000000060e000000, 0x000000060e400000|  0%| F|  |TAMS 0x000000060e000000, 0x000000060e000000| Untracked 
|  31|0x000000060e400000, 0x000000060e400000, 0x000000060e800000|  0%| F|  |TAMS 0x000000060e400000, 0x000000060e400000| Untracked 
|  32|0x000000060e800000, 0x000000060e800000, 0x000000060ec00000|  0%| F|  |TAMS 0x000000060e800000, 0x000000060e800000| Untracked 
|  33|0x000000060ec00000, 0x000000060ec00000, 0x000000060f000000|  0%| F|  |TAMS 0x000000060ec00000, 0x000000060ec00000| Untracked 
|  34|0x000000060f000000, 0x000000060f000000, 0x000000060f400000|  0%| F|  |TAMS 0x000000060f000000, 0x000000060f000000| Untracked 
|  35|0x000000060f400000, 0x000000060f400000, 0x000000060f800000|  0%| F|  |TAMS 0x000000060f400000, 0x000000060f400000| Untracked 
|  36|0x000000060f800000, 0x000000060f800000, 0x000000060fc00000|  0%| F|  |TAMS 0x000000060f800000, 0x000000060f800000| Untracked 
|  37|0x000000060fc00000, 0x000000060fc00000, 0x0000000610000000|  0%| F|  |TAMS 0x000000060fc00000, 0x000000060fc00000| Untracked 
|  38|0x0000000610000000, 0x0000000610000000, 0x0000000610400000|  0%| F|  |TAMS 0x0000000610000000, 0x0000000610000000| Untracked 
|  39|0x0000000610400000, 0x0000000610400000, 0x0000000610800000|  0%| F|  |TAMS 0x0000000610400000, 0x0000000610400000| Untracked 
|  40|0x0000000610800000, 0x0000000610800000, 0x0000000610c00000|  0%| F|  |TAMS 0x0000000610800000, 0x0000000610800000| Untracked 
|  41|0x0000000610c00000, 0x0000000610c00000, 0x0000000611000000|  0%| F|  |TAMS 0x0000000610c00000, 0x0000000610c00000| Untracked 
|  42|0x0000000611000000, 0x0000000611000000, 0x0000000611400000|  0%| F|  |TAMS 0x0000000611000000, 0x0000000611000000| Untracked 
|  43|0x0000000611400000, 0x0000000611400000, 0x0000000611800000|  0%| F|  |TAMS 0x0000000611400000, 0x0000000611400000| Untracked 
|  44|0x0000000611800000, 0x0000000611800000, 0x0000000611c00000|  0%| F|  |TAMS 0x0000000611800000, 0x0000000611800000| Untracked 
|  45|0x0000000611c00000, 0x0000000611c00000, 0x0000000612000000|  0%| F|  |TAMS 0x0000000611c00000, 0x0000000611c00000| Untracked 
|  46|0x0000000612000000, 0x0000000612000000, 0x0000000612400000|  0%| F|  |TAMS 0x0000000612000000, 0x0000000612000000| Untracked 
|  47|0x0000000612400000, 0x0000000612400000, 0x0000000612800000|  0%| F|  |TAMS 0x0000000612400000, 0x0000000612400000| Untracked 
|  48|0x0000000612800000, 0x0000000612800000, 0x0000000612c00000|  0%| F|  |TAMS 0x0000000612800000, 0x0000000612800000| Untracked 
|  49|0x0000000612c00000, 0x0000000612c00000, 0x0000000613000000|  0%| F|  |TAMS 0x0000000612c00000, 0x0000000612c00000| Untracked 
|  50|0x0000000613000000, 0x0000000613000000, 0x0000000613400000|  0%| F|  |TAMS 0x0000000613000000, 0x0000000613000000| Untracked 
|  51|0x0000000613400000, 0x0000000613402040, 0x0000000613800000|  0%| S|CS|TAMS 0x0000000613400000, 0x0000000613400000| Complete 
|  52|0x0000000613800000, 0x0000000613800000, 0x0000000613c00000|  0%| F|  |TAMS 0x0000000613800000, 0x0000000613800000| Untracked 
|  53|0x0000000613c00000, 0x0000000613c00000, 0x0000000614000000|  0%| F|  |TAMS 0x0000000613c00000, 0x0000000613c00000| Untracked 
|  54|0x0000000614000000, 0x0000000614000000, 0x0000000614400000|  0%| F|  |TAMS 0x0000000614000000, 0x0000000614000000| Untracked 
|  55|0x0000000614400000, 0x0000000614400000, 0x0000000614800000|  0%| F|  |TAMS 0x0000000614400000, 0x0000000614400000| Untracked 
|  56|0x0000000614800000, 0x0000000614800000, 0x0000000614c00000|  0%| F|  |TAMS 0x0000000614800000, 0x0000000614800000| Untracked 
|  57|0x0000000614c00000, 0x0000000614c00000, 0x0000000615000000|  0%| F|  |TAMS 0x0000000614c00000, 0x0000000614c00000| Untracked 
|  58|0x0000000615000000, 0x0000000615000000, 0x0000000615400000|  0%| F|  |TAMS 0x0000000615000000, 0x0000000615000000| Untracked 
|  59|0x0000000615400000, 0x0000000615400000, 0x0000000615800000|  0%| F|  |TAMS 0x0000000615400000, 0x0000000615400000| Untracked 
|  60|0x0000000615800000, 0x0000000615800000, 0x0000000615c00000|  0%| F|  |TAMS 0x0000000615800000, 0x0000000615800000| Untracked 
|  61|0x0000000615c00000, 0x0000000615c00000, 0x0000000616000000|  0%| F|  |TAMS 0x0000000615c00000, 0x0000000615c00000| Untracked 
|  62|0x0000000616000000, 0x0000000616000000, 0x0000000616400000|  0%| F|  |TAMS 0x0000000616000000, 0x0000000616000000| Untracked 
|  63|0x0000000616400000, 0x0000000616400000, 0x0000000616800000|  0%| F|  |TAMS 0x0000000616400000, 0x0000000616400000| Untracked 
|  64|0x0000000616800000, 0x0000000616800000, 0x0000000616c00000|  0%| F|  |TAMS 0x0000000616800000, 0x0000000616800000| Untracked 
|  65|0x0000000616c00000, 0x0000000616c00000, 0x0000000617000000|  0%| F|  |TAMS 0x0000000616c00000, 0x0000000616c00000| Untracked 
|  66|0x0000000617000000, 0x0000000617400000, 0x0000000617400000|100%| E|  |TAMS 0x0000000617000000, 0x0000000617000000| Complete 
|  67|0x0000000617400000, 0x0000000617800000, 0x0000000617800000|100%| E|CS|TAMS 0x0000000617400000, 0x0000000617400000| Complete 
|  68|0x0000000617800000, 0x0000000617c00000, 0x0000000617c00000|100%| E|CS|TAMS 0x0000000617800000, 0x0000000617800000| Complete 
|  69|0x0000000617c00000, 0x0000000618000000, 0x0000000618000000|100%| E|CS|TAMS 0x0000000617c00000, 0x0000000617c00000| Complete 
|  70|0x0000000618000000, 0x0000000618400000, 0x0000000618400000|100%| E|CS|TAMS 0x0000000618000000, 0x0000000618000000| Complete 
|  71|0x0000000618400000, 0x0000000618800000, 0x0000000618800000|100%| E|CS|TAMS 0x0000000618400000, 0x0000000618400000| Complete 
|  72|0x0000000618800000, 0x0000000618c00000, 0x0000000618c00000|100%| E|CS|TAMS 0x0000000618800000, 0x0000000618800000| Complete 
|  73|0x0000000618c00000, 0x0000000619000000, 0x0000000619000000|100%| E|CS|TAMS 0x0000000618c00000, 0x0000000618c00000| Complete 
|  74|0x0000000619000000, 0x0000000619400000, 0x0000000619400000|100%| E|CS|TAMS 0x0000000619000000, 0x0000000619000000| Complete 
|  75|0x0000000619400000, 0x0000000619800000, 0x0000000619800000|100%| E|CS|TAMS 0x0000000619400000, 0x0000000619400000| Complete 
|  76|0x0000000619800000, 0x0000000619c00000, 0x0000000619c00000|100%| E|CS|TAMS 0x0000000619800000, 0x0000000619800000| Complete 
|  77|0x0000000619c00000, 0x000000061a000000, 0x000000061a000000|100%| E|CS|TAMS 0x0000000619c00000, 0x0000000619c00000| Complete 
|  78|0x000000061a000000, 0x000000061a400000, 0x000000061a400000|100%| E|CS|TAMS 0x000000061a000000, 0x000000061a000000| Complete 
|  79|0x000000061a400000, 0x000000061a800000, 0x000000061a800000|100%| E|CS|TAMS 0x000000061a400000, 0x000000061a400000| Complete 
|  80|0x000000061a800000, 0x000000061ac00000, 0x000000061ac00000|100%| E|CS|TAMS 0x000000061a800000, 0x000000061a800000| Complete 
|  81|0x000000061ac00000, 0x000000061b000000, 0x000000061b000000|100%| E|CS|TAMS 0x000000061ac00000, 0x000000061ac00000| Complete 
|  82|0x000000061b000000, 0x000000061b400000, 0x000000061b400000|100%| E|CS|TAMS 0x000000061b000000, 0x000000061b000000| Complete 
|  83|0x000000061b400000, 0x000000061b800000, 0x000000061b800000|100%| E|CS|TAMS 0x000000061b400000, 0x000000061b400000| Complete 
|  84|0x000000061b800000, 0x000000061bc00000, 0x000000061bc00000|100%| E|CS|TAMS 0x000000061b800000, 0x000000061b800000| Complete 
|  85|0x000000061bc00000, 0x000000061c000000, 0x000000061c000000|100%| E|CS|TAMS 0x000000061bc00000, 0x000000061bc00000| Complete 
|  86|0x000000061c000000, 0x000000061c400000, 0x000000061c400000|100%| E|CS|TAMS 0x000000061c000000, 0x000000061c000000| Complete 
|  87|0x000000061c400000, 0x000000061c800000, 0x000000061c800000|100%| E|CS|TAMS 0x000000061c400000, 0x000000061c400000| Complete 
|  88|0x000000061c800000, 0x000000061cc00000, 0x000000061cc00000|100%| E|CS|TAMS 0x000000061c800000, 0x000000061c800000| Complete 
|  89|0x000000061cc00000, 0x000000061d000000, 0x000000061d000000|100%| E|CS|TAMS 0x000000061cc00000, 0x000000061cc00000| Complete 
|  90|0x000000061d000000, 0x000000061d400000, 0x000000061d400000|100%| E|CS|TAMS 0x000000061d000000, 0x000000061d000000| Complete 
|  91|0x000000061d400000, 0x000000061d800000, 0x000000061d800000|100%| E|CS|TAMS 0x000000061d400000, 0x000000061d400000| Complete 
|  92|0x000000061d800000, 0x000000061dc00000, 0x000000061dc00000|100%| E|CS|TAMS 0x000000061d800000, 0x000000061d800000| Complete 
|  93|0x000000061dc00000, 0x000000061e000000, 0x000000061e000000|100%| E|CS|TAMS 0x000000061dc00000, 0x000000061dc00000| Complete 
|  94|0x000000061e000000, 0x000000061e400000, 0x000000061e400000|100%| E|CS|TAMS 0x000000061e000000, 0x000000061e000000| Complete 
|  95|0x000000061e400000, 0x000000061e800000, 0x000000061e800000|100%| E|CS|TAMS 0x000000061e400000, 0x000000061e400000| Complete 
|  96|0x000000061e800000, 0x000000061ec00000, 0x000000061ec00000|100%| E|CS|TAMS 0x000000061e800000, 0x000000061e800000| Complete 
|  97|0x000000061ec00000, 0x000000061f000000, 0x000000061f000000|100%| E|CS|TAMS 0x000000061ec00000, 0x000000061ec00000| Complete 
|  98|0x000000061f000000, 0x000000061f400000, 0x000000061f400000|100%| E|CS|TAMS 0x000000061f000000, 0x000000061f000000| Complete 
|  99|0x000000061f400000, 0x000000061f800000, 0x000000061f800000|100%| E|CS|TAMS 0x000000061f400000, 0x000000061f400000| Complete 
| 100|0x000000061f800000, 0x000000061fc00000, 0x000000061fc00000|100%| E|CS|TAMS 0x000000061f800000, 0x000000061f800000| Complete 
| 101|0x000000061fc00000, 0x0000000620000000, 0x0000000620000000|100%| E|CS|TAMS 0x000000061fc00000, 0x000000061fc00000| Complete 
| 102|0x0000000620000000, 0x0000000620400000, 0x0000000620400000|100%| E|CS|TAMS 0x0000000620000000, 0x0000000620000000| Complete 
| 103|0x0000000620400000, 0x0000000620800000, 0x0000000620800000|100%| E|CS|TAMS 0x0000000620400000, 0x0000000620400000| Complete 
| 104|0x0000000620800000, 0x0000000620c00000, 0x0000000620c00000|100%| E|CS|TAMS 0x0000000620800000, 0x0000000620800000| Complete 
| 105|0x0000000620c00000, 0x0000000621000000, 0x0000000621000000|100%| E|CS|TAMS 0x0000000620c00000, 0x0000000620c00000| Complete 
| 106|0x0000000621000000, 0x0000000621400000, 0x0000000621400000|100%| E|CS|TAMS 0x0000000621000000, 0x0000000621000000| Complete 
| 107|0x0000000621400000, 0x0000000621800000, 0x0000000621800000|100%| E|CS|TAMS 0x0000000621400000, 0x0000000621400000| Complete 
| 108|0x0000000621800000, 0x0000000621c00000, 0x0000000621c00000|100%| E|CS|TAMS 0x0000000621800000, 0x0000000621800000| Complete 
| 109|0x0000000621c00000, 0x0000000622000000, 0x0000000622000000|100%| E|CS|TAMS 0x0000000621c00000, 0x0000000621c00000| Complete 
| 110|0x0000000622000000, 0x0000000622400000, 0x0000000622400000|100%| E|CS|TAMS 0x0000000622000000, 0x0000000622000000| Complete 
| 111|0x0000000622400000, 0x0000000622800000, 0x0000000622800000|100%| E|CS|TAMS 0x0000000622400000, 0x0000000622400000| Complete 
| 112|0x0000000622800000, 0x0000000622c00000, 0x0000000622c00000|100%| E|CS|TAMS 0x0000000622800000, 0x0000000622800000| Complete 
| 113|0x0000000622c00000, 0x0000000623000000, 0x0000000623000000|100%| E|CS|TAMS 0x0000000622c00000, 0x0000000622c00000| Complete 
| 114|0x0000000623000000, 0x0000000623400000, 0x0000000623400000|100%| E|CS|TAMS 0x0000000623000000, 0x0000000623000000| Complete 
| 115|0x0000000623400000, 0x0000000623800000, 0x0000000623800000|100%| E|CS|TAMS 0x0000000623400000, 0x0000000623400000| Complete 
| 116|0x0000000623800000, 0x0000000623c00000, 0x0000000623c00000|100%| E|CS|TAMS 0x0000000623800000, 0x0000000623800000| Complete 
| 117|0x0000000623c00000, 0x0000000624000000, 0x0000000624000000|100%| E|CS|TAMS 0x0000000623c00000, 0x0000000623c00000| Complete 
| 118|0x0000000624000000, 0x0000000624400000, 0x0000000624400000|100%| E|CS|TAMS 0x0000000624000000, 0x0000000624000000| Complete 
| 119|0x0000000624400000, 0x0000000624800000, 0x0000000624800000|100%| E|CS|TAMS 0x0000000624400000, 0x0000000624400000| Complete 
| 120|0x0000000624800000, 0x0000000624c00000, 0x0000000624c00000|100%| E|CS|TAMS 0x0000000624800000, 0x0000000624800000| Complete 
| 121|0x0000000624c00000, 0x0000000625000000, 0x0000000625000000|100%| E|CS|TAMS 0x0000000624c00000, 0x0000000624c00000| Complete 
| 122|0x0000000625000000, 0x0000000625400000, 0x0000000625400000|100%| E|CS|TAMS 0x0000000625000000, 0x0000000625000000| Complete 
| 123|0x0000000625400000, 0x0000000625800000, 0x0000000625800000|100%| E|CS|TAMS 0x0000000625400000, 0x0000000625400000| Complete 
| 124|0x0000000625800000, 0x0000000625c00000, 0x0000000625c00000|100%| E|CS|TAMS 0x0000000625800000, 0x0000000625800000| Complete 
| 125|0x0000000625c00000, 0x0000000626000000, 0x0000000626000000|100%| E|CS|TAMS 0x0000000625c00000, 0x0000000625c00000| Complete 
| 126|0x0000000626000000, 0x0000000626400000, 0x0000000626400000|100%| E|CS|TAMS 0x0000000626000000, 0x0000000626000000| Complete 

Card table byte_map: [0x0000020e7a860000,0x0000020e7b830000] _byte_map_base: 0x0000020e7782c000

Marking Bits (Prev, Next): (CMBitMap*) 0x0000020e62771f60, (CMBitMap*) 0x0000020e62771fa0
 Prev Bits: [0x0000020e00000000, 0x0000020e07e60000)
 Next Bits: [0x0000020e07e60000, 0x0000020e0fcc0000)

Polling page: 0x0000020e605c0000

Metaspace:

Usage:
  Non-class:      8.49 MB used.
      Class:   1015.50 KB used.
       Both:      9.48 MB used.

Virtual space:
  Non-class space:       16.00 MB reserved,       8.62 MB ( 54%) committed,  2 nodes.
      Class space:        1.00 GB reserved,       1.12 MB ( <1%) committed,  1 nodes.
             Both:        1.02 GB reserved,       9.75 MB ( <1%) committed. 

Chunk freelists:
   Non-Class:  2.45 MB
       Class:  2.87 MB
        Both:  5.32 MB

MaxMetaspaceSize: unlimited
CompressedClassSpaceSize: 1.00 GB
Initial GC threshold: 21.00 MB
Current GC threshold: 21.00 MB
CDS: on
MetaspaceReclaimPolicy: balanced
 - commit_granule_bytes: 65536.
 - commit_granule_words: 8192.
 - virtual_space_node_default_size: 1048576.
 - enlarge_chunks_in_place: 1.
 - new_chunks_are_fully_committed: 0.
 - uncommit_free_chunks: 1.
 - use_allocation_guard: 0.
 - handle_deallocations: 1.


Internal statistics:

num_allocs_failed_limit: 0.
num_arena_births: 212.
num_arena_deaths: 0.
num_vsnodes_births: 3.
num_vsnodes_deaths: 0.
num_space_committed: 156.
num_space_uncommitted: 0.
num_chunks_returned_to_freelist: 0.
num_chunks_taken_from_freelist: 414.
num_chunk_merges: 0.
num_chunk_splits: 234.
num_chunks_enlarged: 130.
num_purges: 0.
num_inconsistent_stats: 0.

CodeHeap 'non-profiled nmethods': size=119168Kb used=943Kb max_used=943Kb free=118224Kb
 bounds [0x0000020e71a80000, 0x0000020e71cf0000, 0x0000020e78ee0000]
CodeHeap 'profiled nmethods': size=119104Kb used=3625Kb max_used=3625Kb free=115478Kb
 bounds [0x0000020e6a630000, 0x0000020e6a9c0000, 0x0000020e71a80000]
CodeHeap 'non-nmethods': size=7488Kb used=1230Kb max_used=2968Kb free=6257Kb
 bounds [0x0000020e69ee0000, 0x0000020e6a1d0000, 0x0000020e6a630000]
 total_blobs=2588 nmethods=2054 adapters=446
 compilation: enabled
              stopped_count=0, restarted_count=0
 full_count=0

Compilation events (20 events):
Event: 39.016 Thread 0x0000020e7f914750 2050       4       java.util.concurrent.locks.AbstractQueuedSynchronizer::signalNext (34 bytes)
Event: 39.017 Thread 0x0000020e7f914750 nmethod 2050 0x0000020e71b6a510 code [0x0000020e71b6a680, 0x0000020e71b6a6f8]
Event: 39.777 Thread 0x0000020e7f91ced0 2051       3       java.util.concurrent.TimeUnit::toNanos (45 bytes)
Event: 39.777 Thread 0x0000020e7f91ced0 nmethod 2051 0x0000020e6a9b3f90 code [0x0000020e6a9b4140, 0x0000020e6a9b43b8]
Event: 39.777 Thread 0x0000020e7f91ced0 2052       1       java.io.ObjectStreamClass::getResolveException (5 bytes)
Event: 39.777 Thread 0x0000020e7f91ced0 nmethod 2052 0x0000020e71b6a810 code [0x0000020e71b6a9a0, 0x0000020e71b6aa78]
Event: 39.777 Thread 0x0000020e7f914750 2053       4       java.io.ObjectOutputStream$BlockDataOutputStream::setBlockDataMode (35 bytes)
Event: 39.778 Thread 0x0000020e7f91ced0 2054       3       java.io.ObjectInputStream::readString (117 bytes)
Event: 39.780 Thread 0x0000020e7f91ced0 nmethod 2054 0x0000020e6a9b4490 code [0x0000020e6a9b47c0, 0x0000020e6a9b58f8]
Event: 39.780 Thread 0x0000020e7f914750 nmethod 2053 0x0000020e71b6ab10 code [0x0000020e71b6acc0, 0x0000020e71b6b1c8]
Event: 40.065 Thread 0x0000020e7f914750 2055       4       java.util.concurrent.locks.ReentrantLock$Sync::tryRelease (51 bytes)
Event: 40.067 Thread 0x0000020e7f914750 nmethod 2055 0x0000020e71b6b590 code [0x0000020e71b6b700, 0x0000020e71b6b838]
Event: 40.115 Thread 0x0000020e7f914750 2056       4       java.util.concurrent.locks.ReentrantLock::unlock (10 bytes)
Event: 40.116 Thread 0x0000020e7f914750 nmethod 2056 0x0000020e71b6b910 code [0x0000020e71b6ba80, 0x0000020e71b6bbd8]
Event: 40.424 Thread 0x0000020e7f91ced0 2057       3       java.util.regex.Matcher::reset (128 bytes)
Event: 40.425 Thread 0x0000020e7f91ced0 nmethod 2057 0x0000020e6a9b6010 code [0x0000020e6a9b6200, 0x0000020e6a9b67d8]
Event: 40.425 Thread 0x0000020e7f91ced0 2058       3       java.nio.ByteBuffer::position (6 bytes)
Event: 40.425 Thread 0x0000020e7f91ced0 nmethod 2058 0x0000020e6a9b6a10 code [0x0000020e6a9b6bc0, 0x0000020e6a9b6d88]
Event: 40.574 Thread 0x0000020e7f91ced0 2059       3       java.util.zip.ZipFile::getZipEntry (322 bytes)
Event: 40.576 Thread 0x0000020e7f91ced0 nmethod 2059 0x0000020e6a9b6e10 code [0x0000020e6a9b7280, 0x0000020e6a9b9938]

GC Heap History (20 events):
Event: 38.227 GC heap before
{Heap before GC invocations=159 (full 0):
 garbage-first heap   total 520192K, used 311340K [0x0000000606800000, 0x0000000800000000)
  region size 4096K, 76 young (311296K), 1 survivors (4096K)
 Metaspace       used 9686K, committed 9920K, reserved 1064960K
  class space    used 1013K, committed 1152K, reserved 1048576K
}
Event: 38.228 GC heap after
{Heap after GC invocations=160 (full 0):
 garbage-first heap   total 520192K, used 4140K [0x0000000606800000, 0x0000000800000000)
  region size 4096K, 1 young (4096K), 1 survivors (4096K)
 Metaspace       used 9686K, committed 9920K, reserved 1064960K
  class space    used 1013K, committed 1152K, reserved 1048576K
}
Event: 38.468 GC heap before
{Heap before GC invocations=160 (full 0):
 garbage-first heap   total 520192K, used 311340K [0x0000000606800000, 0x0000000800000000)
  region size 4096K, 76 young (311296K), 1 survivors (4096K)
 Metaspace       used 9686K, committed 9920K, reserved 1064960K
  class space    used 1013K, committed 1152K, reserved 1048576K
}
Event: 38.469 GC heap after
{Heap after GC invocations=161 (full 0):
 garbage-first heap   total 520192K, used 4142K [0x0000000606800000, 0x0000000800000000)
  region size 4096K, 1 young (4096K), 1 survivors (4096K)
 Metaspace       used 9686K, committed 9920K, reserved 1064960K
  class space    used 1013K, committed 1152K, reserved 1048576K
}
Event: 38.708 GC heap before
{Heap before GC invocations=161 (full 0):
 garbage-first heap   total 520192K, used 311342K [0x0000000606800000, 0x0000000800000000)
  region size 4096K, 76 young (311296K), 1 survivors (4096K)
 Metaspace       used 9692K, committed 9920K, reserved 1064960K
  class space    used 1013K, committed 1152K, reserved 1048576K
}
Event: 38.708 GC heap after
{Heap after GC invocations=162 (full 0):
 garbage-first heap   total 520192K, used 4140K [0x0000000606800000, 0x0000000800000000)
  region size 4096K, 1 young (4096K), 1 survivors (4096K)
 Metaspace       used 9692K, committed 9920K, reserved 1064960K
  class space    used 1013K, committed 1152K, reserved 1048576K
}
Event: 38.957 GC heap before
{Heap before GC invocations=162 (full 0):
 garbage-first heap   total 520192K, used 311340K [0x0000000606800000, 0x0000000800000000)
  region size 4096K, 76 young (311296K), 1 survivors (4096K)
 Metaspace       used 9692K, committed 9920K, reserved 1064960K
  class space    used 1013K, committed 1152K, reserved 1048576K
}
Event: 38.957 GC heap after
{Heap after GC invocations=163 (full 0):
 garbage-first heap   total 520192K, used 4142K [0x0000000606800000, 0x0000000800000000)
  region size 4096K, 1 young (4096K), 1 survivors (4096K)
 Metaspace       used 9692K, committed 9920K, reserved 1064960K
  class space    used 1013K, committed 1152K, reserved 1048576K
}
Event: 39.192 GC heap before
{Heap before GC invocations=163 (full 0):
 garbage-first heap   total 520192K, used 311342K [0x0000000606800000, 0x0000000800000000)
  region size 4096K, 76 young (311296K), 1 survivors (4096K)
 Metaspace       used 9692K, committed 9920K, reserved 1064960K
  class space    used 1013K, committed 1152K, reserved 1048576K
}
Event: 39.193 GC heap after
{Heap after GC invocations=164 (full 0):
 garbage-first heap   total 520192K, used 4142K [0x0000000606800000, 0x0000000800000000)
  region size 4096K, 1 young (4096K), 1 survivors (4096K)
 Metaspace       used 9692K, committed 9920K, reserved 1064960K
  class space    used 1013K, committed 1152K, reserved 1048576K
}
Event: 39.422 GC heap before
{Heap before GC invocations=164 (full 0):
 garbage-first heap   total 520192K, used 311342K [0x0000000606800000, 0x0000000800000000)
  region size 4096K, 76 young (311296K), 1 survivors (4096K)
 Metaspace       used 9692K, committed 9920K, reserved 1064960K
  class space    used 1013K, committed 1152K, reserved 1048576K
}
Event: 39.422 GC heap after
{Heap after GC invocations=165 (full 0):
 garbage-first heap   total 520192K, used 4142K [0x0000000606800000, 0x0000000800000000)
  region size 4096K, 1 young (4096K), 1 survivors (4096K)
 Metaspace       used 9692K, committed 9920K, reserved 1064960K
  class space    used 1013K, committed 1152K, reserved 1048576K
}
Event: 39.652 GC heap before
{Heap before GC invocations=165 (full 0):
 garbage-first heap   total 520192K, used 311342K [0x0000000606800000, 0x0000000800000000)
  region size 4096K, 76 young (311296K), 1 survivors (4096K)
 Metaspace       used 9692K, committed 9920K, reserved 1064960K
  class space    used 1013K, committed 1152K, reserved 1048576K
}
Event: 39.652 GC heap after
{Heap after GC invocations=166 (full 0):
 garbage-first heap   total 520192K, used 4142K [0x0000000606800000, 0x0000000800000000)
  region size 4096K, 1 young (4096K), 1 survivors (4096K)
 Metaspace       used 9692K, committed 9920K, reserved 1064960K
  class space    used 1013K, committed 1152K, reserved 1048576K
}
Event: 39.906 GC heap before
{Heap before GC invocations=166 (full 0):
 garbage-first heap   total 520192K, used 311342K [0x0000000606800000, 0x0000000800000000)
  region size 4096K, 76 young (311296K), 1 survivors (4096K)
 Metaspace       used 9692K, committed 9920K, reserved 1064960K
  class space    used 1013K, committed 1152K, reserved 1048576K
}
Event: 39.907 GC heap after
{Heap after GC invocations=167 (full 0):
 garbage-first heap   total 520192K, used 4142K [0x0000000606800000, 0x0000000800000000)
  region size 4096K, 1 young (4096K), 1 survivors (4096K)
 Metaspace       used 9692K, committed 9920K, reserved 1064960K
  class space    used 1013K, committed 1152K, reserved 1048576K
}
Event: 40.134 GC heap before
{Heap before GC invocations=167 (full 0):
 garbage-first heap   total 520192K, used 311342K [0x0000000606800000, 0x0000000800000000)
  region size 4096K, 76 young (311296K), 1 survivors (4096K)
 Metaspace       used 9692K, committed 9920K, reserved 1064960K
  class space    used 1013K, committed 1152K, reserved 1048576K
}
Event: 40.135 GC heap after
{Heap after GC invocations=168 (full 0):
 garbage-first heap   total 520192K, used 4148K [0x0000000606800000, 0x0000000800000000)
  region size 4096K, 1 young (4096K), 1 survivors (4096K)
 Metaspace       used 9692K, committed 9920K, reserved 1064960K
  class space    used 1013K, committed 1152K, reserved 1048576K
}
Event: 40.377 GC heap before
{Heap before GC invocations=168 (full 0):
 garbage-first heap   total 520192K, used 311348K [0x0000000606800000, 0x0000000800000000)
  region size 4096K, 76 young (311296K), 1 survivors (4096K)
 Metaspace       used 9692K, committed 9920K, reserved 1064960K
  class space    used 1013K, committed 1152K, reserved 1048576K
}
Event: 40.377 GC heap after
{Heap after GC invocations=169 (full 0):
 garbage-first heap   total 520192K, used 4148K [0x0000000606800000, 0x0000000800000000)
  region size 4096K, 1 young (4096K), 1 survivors (4096K)
 Metaspace       used 9692K, committed 9920K, reserved 1064960K
  class space    used 1013K, committed 1152K, reserved 1048576K
}

Deoptimization events (20 events):
Event: 40.575 Thread 0x0000020e114e4e70 Uncommon trap: trap_request=0xffffff54 fr.pc=0x0000020e71ae54c0 relative=0x0000000000000040
Event: 40.575 Thread 0x0000020e114e4e70 Uncommon trap: reason=speculate_null_assert action=make_not_entrant pc=0x0000020e71ae54c0 method=org.agrona.UnsafeApi.putLong(Ljava/lang/Object;JJ)V @ 6 c2
Event: 40.575 Thread 0x0000020e114e4e70 DEOPT PACKING pc=0x0000020e71ae54c0 sp=0x00000057bf7ff070
Event: 40.575 Thread 0x0000020e114e4e70 DEOPT UNPACKING pc=0x0000020e69f323a3 sp=0x00000057bf7fefe8 mode 2
Event: 40.575 Thread 0x0000020e114e4e70 Uncommon trap: trap_request=0xffffffde fr.pc=0x0000020e71af1d30 relative=0x0000000000000210
Event: 40.575 Thread 0x0000020e114e4e70 Uncommon trap: reason=class_check action=maybe_recompile pc=0x0000020e71af1d30 method=org.agrona.AbstractMutableDirectBuffer.putBytes(ILorg/agrona/DirectBuffer;II)V @ 17 c2
Event: 40.575 Thread 0x0000020e114e4e70 DEOPT PACKING pc=0x0000020e71af1d30 sp=0x00000057bf7fefd0
Event: 40.575 Thread 0x0000020e114e4e70 DEOPT UNPACKING pc=0x0000020e69f323a3 sp=0x00000057bf7fefb0 mode 2
Event: 40.575 Thread 0x0000020e114e4e70 Uncommon trap: trap_request=0xffffff45 fr.pc=0x0000020e71b66d2c relative=0x000000000000018c
Event: 40.575 Thread 0x0000020e114e4e70 Uncommon trap: reason=unstable_if action=reinterpret pc=0x0000020e71b66d2c method=org.agrona.AbstractMutableDirectBuffer.setMemory(IIB)V @ 24 c2
Event: 40.575 Thread 0x0000020e114e4e70 DEOPT PACKING pc=0x0000020e71b66d2c sp=0x00000057bf7ff320
Event: 40.575 Thread 0x0000020e114e4e70 DEOPT UNPACKING pc=0x0000020e69f323a3 sp=0x00000057bf7ff2a0 mode 2
Event: 40.575 Thread 0x0000020e114e4e70 Uncommon trap: trap_request=0xffffff45 fr.pc=0x0000020e71b548b8 relative=0x00000000000003f8
Event: 40.575 Thread 0x0000020e114e4e70 Uncommon trap: reason=unstable_if action=reinterpret pc=0x0000020e71b548b8 method=io.aeron.driver.IpcPublication.updatePublisherPositionAndLimit()I @ 9 c2
Event: 40.575 Thread 0x0000020e114e4e70 DEOPT PACKING pc=0x0000020e71b548b8 sp=0x00000057bf7ff460
Event: 40.575 Thread 0x0000020e114e4e70 DEOPT UNPACKING pc=0x0000020e69f323a3 sp=0x00000057bf7ff318 mode 2
Event: 40.575 Thread 0x0000020e114e4e70 Uncommon trap: trap_request=0xffffff45 fr.pc=0x0000020e71b53454 relative=0x0000000000000294
Event: 40.575 Thread 0x0000020e114e4e70 Uncommon trap: reason=unstable_if action=reinterpret pc=0x0000020e71b53454 method=io.aeron.driver.IpcPublication.updatePublisherPositionAndLimit()I @ 9 c2
Event: 40.575 Thread 0x0000020e114e4e70 DEOPT PACKING pc=0x0000020e71b53454 sp=0x00000057bf7ff3e0
Event: 40.575 Thread 0x0000020e114e4e70 DEOPT UNPACKING pc=0x0000020e69f323a3 sp=0x00000057bf7ff320 mode 2

Classes unloaded (0 events):
No events

Classes redefined (0 events):
No events

Internal exceptions (20 events):
Event: 0.106 Thread 0x0000020e626f8120 Exception <a 'java/lang/NoSuchMethodError'{0x0000000625d91e60}: 'java.lang.Object java.lang.invoke.DirectMethodHandle$Holder.invokeStaticInit(java.lang.Object, java.lang.Object, long, java.lang.Object)'> (0x0000000625d91e60) 
thrown [t:\workspace\open\src\hotspot\share\interpreter\linkResolver.cpp, line 766]
Event: 0.107 Thread 0x0000020e626f8120 Exception <a 'java/lang/NoSuchMethodError'{0x0000000625d98480}: 'java.lang.Object java.lang.invoke.DirectMethodHandle$Holder.newInvokeSpecial(java.lang.Object, java.lang.Object, long)'> (0x0000000625d98480) 
thrown [t:\workspace\open\src\hotspot\share\interpreter\linkResolver.cpp, line 766]
Event: 0.108 Thread 0x0000020e626f8120 Exception <a 'java/lang/NoSuchMethodError'{0x0000000625d9c4c8}: 'java.lang.Object java.lang.invoke.Invokers$Holder.linkToTargetMethod(java.lang.Object, long, java.lang.Object)'> (0x0000000625d9c4c8) 
thrown [t:\workspace\open\src\hotspot\share\interpreter\linkResolver.cpp, line 766]
Event: 0.122 Thread 0x0000020e626f8120 Exception <a 'java/lang/NoSuchMethodError'{0x0000000625de71c8}: 'void java.lang.invoke.DirectMethodHandle$Holder.invokeStaticInit(java.lang.Object, java.lang.Object)'> (0x0000000625de71c8) 
thrown [t:\workspace\open\src\hotspot\share\interpreter\linkResolver.cpp, line 766]
Event: 0.126 Thread 0x0000020e7fbabe90 Exception <a 'java/lang/NoSuchMethodError'{0x0000000625e50838}: 'void java.lang.invoke.DirectMethodHandle$Holder.invokeInterface(java.lang.Object, java.lang.Object)'> (0x0000000625e50838) 
thrown [t:\workspace\open\src\hotspot\share\interpreter\linkResolver.cpp, line 766]
Event: 0.136 Thread 0x0000020e7fbabe90 Exception <a 'java/lang/NoSuchMethodError'{0x0000000625824b60}: 'java.lang.Object java.lang.invoke.Invokers$Holder.invoke_MT(java.lang.Object, java.lang.Object, java.lang.Object, java.lang.Object, java.lang.Object)'> (0x0000000625824b60) 
thrown [t:\workspace\open\src\hotspot\share\interpreter\linkResolver.cpp, line 766]
Event: 0.137 Thread 0x0000020e7fbabe90 Exception <a 'java/lang/NoSuchMethodError'{0x0000000625839788}: 'int java.lang.invoke.DirectMethodHandle$Holder.invokeSpecial(java.lang.Object, java.lang.Object, java.lang.Object)'> (0x0000000625839788) 
thrown [t:\workspace\open\src\hotspot\share\interpreter\linkResolver.cpp, line 766]
Event: 0.137 Thread 0x0000020e7fbabe90 Exception <a 'java/lang/NoSuchMethodError'{0x0000000625840a70}: 'int java.lang.invoke.Invokers$Holder.linkToTargetMethod(java.lang.Object, java.lang.Object, java.lang.Object)'> (0x0000000625840a70) 
thrown [t:\workspace\open\src\hotspot\share\interpreter\linkResolver.cpp, line 766]
Event: 0.146 Thread 0x0000020e7fbabe90 Exception <a 'java/lang/NoSuchMethodError'{0x0000000625868158}: 'void java.lang.invoke.DirectMethodHandle$Holder.invokeStatic(java.lang.Object, java.lang.Object, java.lang.Object)'> (0x0000000625868158) 
thrown [t:\workspace\open\src\hotspot\share\interpreter\linkResolver.cpp, line 766]
Event: 0.153 Thread 0x0000020e7f909070 Exception <a 'java/lang/NoSuchMethodError'{0x0000000625fb8230}: 'int java.lang.invoke.DirectMethodHandle$Holder.invokeInterface(java.lang.Object, java.lang.Object)'> (0x0000000625fb8230) 
thrown [t:\workspace\open\src\hotspot\share\interpreter\linkResolver.cpp, line 766]
Event: 0.154 Thread 0x0000020e7f909070 Exception <a 'java/lang/IncompatibleClassChangeError'{0x0000000625fbb718}: Found class java.lang.Object, but interface was expected> (0x0000000625fbb718) 
thrown [t:\workspace\open\src\hotspot\share\interpreter\linkResolver.cpp, line 833]
Event: 0.166 Thread 0x0000020e7fbabe90 Exception <a 'java/lang/NoSuchMethodError'{0x00000006258d4dd8}: 'java.lang.Object java.lang.invoke.DirectMethodHandle$Holder.invokeStaticInit(java.lang.Object, int, int, int, int)'> (0x00000006258d4dd8) 
thrown [t:\workspace\open\src\hotspot\share\interpreter\linkResolver.cpp, line 766]
Event: 0.224 Thread 0x0000020e7fbabe90 Exception <a 'java/lang/NoSuchMethodError'{0x0000000625b50630}: 'java.lang.Object java.lang.invoke.DirectMethodHandle$Holder.invokeStaticInit(java.lang.Object, java.lang.Object, int, int, int, int)'> (0x0000000625b50630) 
thrown [t:\workspace\open\src\hotspot\share\interpreter\linkResolver.cpp, line 766]
Event: 0.244 Thread 0x0000020e7fbabe90 Exception <a 'java/lang/NoSuchMethodError'{0x0000000625bb4458}: 'java.lang.Object java.lang.invoke.DirectMethodHandle$Holder.invokeSpecial(java.lang.Object, java.lang.Object, int, java.lang.Object, java.lang.Object)'> (0x0000000625bb4458) 
thrown [t:\workspace\open\src\hotspot\share\interpreter\linkResolver.cpp, line 766]
Event: 0.249 Thread 0x0000020e7f909070 Exception <a 'java/lang/ClassNotFoundException'{0x0000000625aec6f0}: javax/management/remote/rmi/RMIServerImpl_Skel> (0x0000000625aec6f0) 
thrown [t:\workspace\open\src\hotspot\share\classfile\systemDictionary.cpp, line 256]
Event: 0.253 Thread 0x0000020e7fbabe90 Exception <a 'java/lang/NoSuchMethodError'{0x0000000625bcff18}: 'java.lang.Object java.lang.invoke.Invokers$Holder.invoke_MT(java.lang.Object, java.lang.Object, java.lang.Object)'> (0x0000000625bcff18) 
thrown [t:\workspace\open\src\hotspot\share\interpreter\linkResolver.cpp, line 766]
Event: 0.276 Thread 0x0000020e7fbabe90 Exception <a 'java/lang/NoSuchMethodError'{0x00000006254a7050}: 'void java.lang.invoke.DirectMethodHandle$Holder.invokeSpecial(java.lang.Object, java.lang.Object, java.lang.Object)'> (0x00000006254a7050) 
thrown [t:\workspace\open\src\hotspot\share\interpreter\linkResolver.cpp, line 766]
Event: 0.300 Thread 0x0000020e109f26c0 Exception <a 'java/lang/NoSuchMethodError'{0x00000006255d8ff0}: static [B.<clinit>()V> (0x00000006255d8ff0) 
thrown [t:\workspace\open\src\hotspot\share\prims\jni.cpp, line 1107]
Event: 0.304 Thread 0x0000020e109f26c0 Exception <a 'java/lang/ClassNotFoundException'{0x00000006255e18d0}: javax/management/remote/rmi/RMIConnectionImpl_Skel> (0x00000006255e18d0) 
thrown [t:\workspace\open\src\hotspot\share\classfile\systemDictionary.cpp, line 256]
Event: 0.392 Thread 0x0000020e626f8120 Exception <a 'java/lang/NoSuchMethodError'{0x00000006251e1ad0}: 'void java.lang.invoke.DirectMethodHandle$Holder.invokeVirtual(java.lang.Object, java.lang.Object)'> (0x00000006251e1ad0) 
thrown [t:\workspace\open\src\hotspot\share\interpreter\linkResolver.cpp, line 766]

VM Operations (20 events):
Event: 38.227 Executing VM operation: G1CollectForAllocation
Event: 38.228 Executing VM operation: G1CollectForAllocation done
Event: 38.468 Executing VM operation: G1CollectForAllocation
Event: 38.469 Executing VM operation: G1CollectForAllocation done
Event: 38.707 Executing VM operation: G1CollectForAllocation
Event: 38.708 Executing VM operation: G1CollectForAllocation done
Event: 38.957 Executing VM operation: G1CollectForAllocation
Event: 38.957 Executing VM operation: G1CollectForAllocation done
Event: 39.192 Executing VM operation: G1CollectForAllocation
Event: 39.193 Executing VM operation: G1CollectForAllocation done
Event: 39.422 Executing VM operation: G1CollectForAllocation
Event: 39.422 Executing VM operation: G1CollectForAllocation done
Event: 39.652 Executing VM operation: G1CollectForAllocation
Event: 39.652 Executing VM operation: G1CollectForAllocation done
Event: 39.906 Executing VM operation: G1CollectForAllocation
Event: 39.907 Executing VM operation: G1CollectForAllocation done
Event: 40.134 Executing VM operation: G1CollectForAllocation
Event: 40.135 Executing VM operation: G1CollectForAllocation done
Event: 40.376 Executing VM operation: G1CollectForAllocation
Event: 40.377 Executing VM operation: G1CollectForAllocation done

Events (20 events):
Event: 1.627 loading class javax/management/openmbean/OpenDataException done
Event: 1.630 loading class java/io/ObjectStreamException
Event: 1.630 loading class java/io/ObjectStreamException done
Event: 3.354 Thread 0x0000020e7fa37600 Thread exited: 0x0000020e7fa37600
Event: 4.416 Thread 0x0000020e7fa36ae0 Thread exited: 0x0000020e7fa36ae0
Event: 4.418 Thread 0x0000020e7fa243a0 Thread exited: 0x0000020e7fa243a0
Event: 32.425 Thread 0x0000020e114ddfd0 Thread added: 0x0000020e114ddfd0
Event: 32.426 Thread 0x0000020e114dd5b0 Thread added: 0x0000020e114dd5b0
Event: 32.426 Thread 0x0000020e114db750 Thread added: 0x0000020e114db750
Event: 34.182 Thread 0x0000020e114db750 Thread exited: 0x0000020e114db750
Event: 34.425 Thread 0x0000020e114dd5b0 Thread exited: 0x0000020e114dd5b0
Event: 35.302 Thread 0x0000020e114ddfd0 Thread exited: 0x0000020e114ddfd0
Event: 40.573 loading class jdk/internal/misc/Signal$1
Event: 40.573 loading class jdk/internal/misc/Signal$1 done
Event: 40.573 Thread 0x0000020e12295300 Thread added: 0x0000020e12295300
Event: 40.573 Thread 0x0000020e12293fc0 Thread added: 0x0000020e12293fc0
Event: 40.573 Thread 0x0000020e12294960 Thread added: 0x0000020e12294960
Event: 40.573 Thread 0x0000020e122957d0 Thread added: 0x0000020e122957d0
Event: 40.574 Thread 0x0000020e12293fc0 Thread exited: 0x0000020e12293fc0
Event: 40.574 Thread 0x0000020e12294960 Thread exited: 0x0000020e12294960


Dynamic libraries:
0x00007ff77d920000 - 0x00007ff77d92e000 	C:\.jdk\jdk-17\bin\java.exe
0x00007ffc41d20000 - 0x00007ffc41f87000 	C:\WINDOWS\SYSTEM32\ntdll.dll
0x00007ffc3fc30000 - 0x00007ffc3fcf9000 	C:\WINDOWS\System32\KERNEL32.DLL
0x00007ffc3f3d0000 - 0x00007ffc3f7c7000 	C:\WINDOWS\System32\KERNELBASE.dll
0x00007ffc3f950000 - 0x00007ffc3fa9b000 	C:\WINDOWS\System32\ucrtbase.dll
0x00007ffc20620000 - 0x00007ffc20638000 	C:\.jdk\jdk-17\bin\jli.dll
0x00007ffc20b00000 - 0x00007ffc20b1a000 	C:\.jdk\jdk-17\bin\VCRUNTIME140.dll
0x00007ffc41610000 - 0x00007ffc417d6000 	C:\WINDOWS\System32\USER32.dll
0x00007ffc3f2e0000 - 0x00007ffc3f307000 	C:\WINDOWS\System32\win32u.dll
0x00007ffc417e0000 - 0x00007ffc4180b000 	C:\WINDOWS\System32\GDI32.dll
0x00007ffc3f1b0000 - 0x00007ffc3f2dc000 	C:\WINDOWS\System32\gdi32full.dll
0x00007ffc1d3e0000 - 0x00007ffc1d672000 	C:\WINDOWS\WinSxS\amd64_microsoft.windows.common-controls_6595b64144ccf1df_6.0.26100.8457_none_3e0b2faee331e92d\COMCTL32.dll
0x00007ffc3f100000 - 0x00007ffc3f1a3000 	C:\WINDOWS\System32\msvcp_win.dll
0x00007ffc41c20000 - 0x00007ffc41cc9000 	C:\WINDOWS\System32\msvcrt.dll
0x00007ffc40fa0000 - 0x00007ffc40fd2000 	C:\WINDOWS\System32\IMM32.DLL
0x00007ffc28340000 - 0x00007ffc2834c000 	C:\.jdk\jdk-17\bin\vcruntime140_1.dll
0x00007ffbcb910000 - 0x00007ffbcb99d000 	C:\.jdk\jdk-17\bin\msvcp140.dll
0x00007ffac4f70000 - 0x00007ffac5b2e000 	C:\.jdk\jdk-17\bin\server\jvm.dll
0x00007ffc40ee0000 - 0x00007ffc40f96000 	C:\WINDOWS\System32\ADVAPI32.dll
0x00007ffc40320000 - 0x00007ffc403c7000 	C:\WINDOWS\System32\sechost.dll
0x00007ffc3fb10000 - 0x00007ffc3fc28000 	C:\WINDOWS\System32\RPCRT4.dll
0x00007ffc411e0000 - 0x00007ffc411e8000 	C:\WINDOWS\System32\PSAPI.DLL
0x00007ffc1e430000 - 0x00007ffc1e43a000 	C:\WINDOWS\SYSTEM32\WSOCK32.dll
0x00007ffc28d90000 - 0x00007ffc28d9b000 	C:\WINDOWS\SYSTEM32\VERSION.dll
0x00007ffc40e00000 - 0x00007ffc40e80000 	C:\WINDOWS\System32\WS2_32.dll
0x00007ffc25ca0000 - 0x00007ffc25cd6000 	C:\WINDOWS\SYSTEM32\WINMM.dll
0x00007ffc3d4a0000 - 0x00007ffc3d4bb000 	C:\WINDOWS\SYSTEM32\kernel.appcore.dll
0x00007ffc28110000 - 0x00007ffc2811a000 	C:\.jdk\jdk-17\bin\jimage.dll
0x00007ffc3c830000 - 0x00007ffc3ca72000 	C:\WINDOWS\SYSTEM32\DBGHELP.DLL
0x00007ffc41280000 - 0x00007ffc41603000 	C:\WINDOWS\System32\combase.dll
0x00007ffc40ca0000 - 0x00007ffc40d79000 	C:\WINDOWS\System32\OLEAUT32.dll
0x00007ffc1ee20000 - 0x00007ffc1ee5b000 	C:\WINDOWS\SYSTEM32\dbgcore.DLL
0x00007ffc3efc0000 - 0x00007ffc3f068000 	C:\WINDOWS\System32\bcryptPrimitives.dll
0x00007ffc394f0000 - 0x00007ffc394fe000 	C:\.jdk\jdk-17\bin\instrument.dll
0x00007ffc25e50000 - 0x00007ffc25e75000 	C:\.jdk\jdk-17\bin\java.dll
0x00007ffbba480000 - 0x00007ffbba556000 	C:\.jdk\jdk-17\bin\svml.dll
0x00007ffc403d0000 - 0x00007ffc40b3e000 	C:\WINDOWS\System32\SHELL32.dll
0x00007ffc3e750000 - 0x00007ffc3efbc000 	C:\WINDOWS\System32\windows.storage.dll
0x00007ffc40ba0000 - 0x00007ffc40c96000 	C:\WINDOWS\System32\SHCORE.dll
0x00007ffc3faa0000 - 0x00007ffc3fb06000 	C:\WINDOWS\System32\shlwapi.dll
0x00007ffc3e670000 - 0x00007ffc3e699000 	C:\WINDOWS\SYSTEM32\profapi.dll
0x00007ffc0a430000 - 0x00007ffc0a448000 	C:\.jdk\jdk-17\bin\zip.dll
0x00007ffc20bb0000 - 0x00007ffc20bc9000 	C:\.jdk\jdk-17\bin\net.dll
0x00007ffc34ad0000 - 0x00007ffc34bf9000 	C:\WINDOWS\SYSTEM32\WINHTTP.dll
0x00007ffc3d9f0000 - 0x00007ffc3da5c000 	C:\WINDOWS\system32\mswsock.dll
0x00007ffc13230000 - 0x00007ffc13245000 	C:\.jdk\jdk-17\bin\nio.dll
0x00007ffc3d020000 - 0x00007ffc3d152000 	C:\WINDOWS\SYSTEM32\DNSAPI.dll
0x00007ffc3cfe0000 - 0x00007ffc3d012000 	C:\WINDOWS\SYSTEM32\IPHLPAPI.DLL
0x00007ffc418d0000 - 0x00007ffc418da000 	C:\WINDOWS\System32\NSI.dll
0x00007ffc34fe0000 - 0x00007ffc34feb000 	C:\Windows\System32\rasadhlp.dll
0x00007ffc35460000 - 0x00007ffc354e6000 	C:\WINDOWS\System32\fwpuclnt.dll
0x00007ffc394c0000 - 0x00007ffc394c9000 	C:\.jdk\jdk-17\bin\management.dll
0x00007ffc37460000 - 0x00007ffc3746b000 	C:\.jdk\jdk-17\bin\management_ext.dll
0x00007ffc3ddf0000 - 0x00007ffc3de0b000 	C:\WINDOWS\SYSTEM32\CRYPTSP.dll
0x00007ffc3d400000 - 0x00007ffc3d439000 	C:\WINDOWS\system32\rsaenh.dll
0x00007ffc3daa0000 - 0x00007ffc3dad3000 	C:\WINDOWS\SYSTEM32\USERENV.dll
0x00007ffc3e640000 - 0x00007ffc3e66a000 	C:\WINDOWS\SYSTEM32\bcrypt.dll
0x00007ffc3dc50000 - 0x00007ffc3dc5c000 	C:\WINDOWS\SYSTEM32\CRYPTBASE.dll
0x00007ffc35090000 - 0x00007ffc350ad000 	C:\WINDOWS\SYSTEM32\dhcpcsvc6.DLL
0x00007ffc34da0000 - 0x00007ffc34dc5000 	C:\WINDOWS\SYSTEM32\dhcpcsvc.DLL
0x00007ffc19760000 - 0x00007ffc19778000 	C:\WINDOWS\system32\napinsp.dll
0x00007ffc18cf0000 - 0x00007ffc18d03000 	C:\WINDOWS\System32\winrnr.dll
0x00007ffc18c30000 - 0x00007ffc18c52000 	C:\WINDOWS\system32\nlansp_c.dll
0x00007ffc2b9c0000 - 0x00007ffc2b9d6000 	C:\WINDOWS\system32\wshbth.dll
0x00007ffc280e0000 - 0x00007ffc280ee000 	C:\.jdk\jdk-17\bin\sunmscapi.dll
0x00007ffc3f7d0000 - 0x00007ffc3f948000 	C:\WINDOWS\System32\CRYPT32.dll
0x00007ffc3dfc0000 - 0x00007ffc3dff0000 	C:\WINDOWS\SYSTEM32\ncrypt.dll
0x00007ffc3df70000 - 0x00007ffc3dfaf000 	C:\WINDOWS\SYSTEM32\NTASN1.dll
0x00007ffbfffa0000 - 0x00007ffbffff6000 	C:\WINDOWS\SYSTEM32\pdh.dll
0x00007ffc082d0000 - 0x00007ffc082d8000 	C:\WINDOWS\system32\wshunix.dll
0x00007ffc32780000 - 0x00007ffc32792000 	C:\WINDOWS\System32\perfproc.dll
0x00007ffc279c0000 - 0x00007ffc279d1000 	C:\WINDOWS\System32\perfos.dll
0x00007ffc3cb80000 - 0x00007ffc3cb92000 	C:\WINDOWS\SYSTEM32\pfclient.dll

dbghelp: loaded successfully - version: 4.0.5 - missing functions: none
symbol engine: initialized successfully - sym options: 0x614 - pdb path: .;C:\.jdk\jdk-17\bin;C:\WINDOWS\SYSTEM32;C:\WINDOWS\WinSxS\amd64_microsoft.windows.common-controls_6595b64144ccf1df_6.0.26100.8457_none_3e0b2faee331e92d;C:\.jdk\jdk-17\bin\server

VM Arguments:
jvm_args: --add-exports=java.base/jdk.internal.misc=ALL-UNNAMED --add-opens=java.base/jdk.internal.misc=ALL-UNNAMED --add-opens=java.base/java.nio=ALL-UNNAMED --add-opens=java.base/sun.nio.ch=ALL-UNNAMED -javaagent:C:\Program Files\JetBrains\IntelliJ IDEA 2024.3.5\lib\idea_rt.jar=54637 -Dfile.encoding=UTF-8 
java_command: com.resourcebox.demo.NewValidationApp
java_class_path (initial): C:\hooniegit\Git\ResourceBox\MediaDriver\java\MediaDriver\target\classes;C:\Users\dhkim\.m2\repository\io\aeron\aeron-all\1.50.4\aeron-all-1.50.4.jar;C:\Users\dhkim\.m2\repository\org\slf4j\slf4j-api\2.0.17\slf4j-api-2.0.17.jar
Launcher Type: SUN_STANDARD

[Global flags]
     intx CICompilerCount                          = 12                                        {product} {ergonomic}
     uint ConcGCThreads                            = 4                                         {product} {ergonomic}
     uint G1ConcRefinementThreads                  = 14                                        {product} {ergonomic}
   size_t G1HeapRegionSize                         = 4194304                                   {product} {ergonomic}
    uintx GCDrainStackTargetSize                   = 64                                        {product} {ergonomic}
   size_t InitialHeapSize                          = 532676608                                 {product} {ergonomic}
   size_t MarkStackSize                            = 4194304                                   {product} {ergonomic}
   size_t MaxHeapSize                              = 8480882688                                {product} {ergonomic}
   size_t MaxNewSize                               = 5087690752                                {product} {ergonomic}
   size_t MinHeapDeltaBytes                        = 4194304                                   {product} {ergonomic}
   size_t MinHeapSize                              = 8388608                                   {product} {ergonomic}
    uintx NonNMethodCodeHeapSize                   = 7602480                                {pd product} {ergonomic}
    uintx NonProfiledCodeHeapSize                  = 122027880                              {pd product} {ergonomic}
    uintx ProfiledCodeHeapSize                     = 122027880                              {pd product} {ergonomic}
    uintx ReservedCodeCacheSize                    = 251658240                              {pd product} {ergonomic}
     bool SegmentedCodeCache                       = true                                      {product} {ergonomic}
   size_t SoftMaxHeapSize                          = 8480882688                             {manageable} {ergonomic}
     bool UseCompressedClassPointers               = true                           {product lp64_product} {ergonomic}
     bool UseCompressedOops                        = true                           {product lp64_product} {ergonomic}
     bool UseG1GC                                  = true                                      {product} {ergonomic}
     bool UseLargePagesIndividualAllocation        = false                                  {pd product} {ergonomic}

Logging:
Log output configuration:
 #0: stdout all=warning uptime,level,tags
 #1: stderr all=off uptime,level,tags

Environment Variables:
JAVA_HOME=C:\.jdk\jdk-17
PATH=c:\Users\dhkim\AppData\Local\Programs\cursor\resources\app\bin;C:\Program Files (x86)\Microsoft\Edge\Application;C:\WINDOWS\system32;C:\WINDOWS;C:\WINDOWS\System32\Wbem;C:\WINDOWS\System32\WindowsPowerShell\v1.0\;C:\WINDOWS\System32\OpenSSH\;C:\Program Files (x86)\Microsoft SQL Server\160\Tools\Binn\;C:\Program Files\Microsoft SQL Server\160\Tools\Binn\;C:\Program Files\Microsoft SQL Server\Client SDK\ODBC\170\Tools\Binn\;C:\Program Files\Microsoft SQL Server\160\DTS\Binn\;C:\Program Files (x86)\Microsoft SQL Server\160\DTS\Binn\;C:\Program Files\Bandizip\;C:\Program Files\dotnet\;C:\Program Files\Git\cmd;C:\.jdk\jdk-17\bin;C:\Program Files\Microsoft SQL Server\150\Tools\Binn\;C:\Program Files (x86)\Windows Kits\10\Windows Performance Toolkit\;C:\Users\dhkim\AppData\Local\Programs\Python\Launcher\;C:\Users\dhkim\AppData\Local\Microsoft\WindowsApps;C:\Users\dhkim\.dotnet\tools;c:\Users\dhkim\AppData\Local\Programs\cursor\resources\app\bin;c:\Users\dhkim\AppData\Local\Programs\cursor\resources\app\bin;C:\Users\dhkim\protoc\bin;C:\Users\dhkim\AppData\Local\Programs\Python\Launcher\;C:\Users\dhkim\AppData\Local\Microsoft\WindowsApps;C:\Users\dhkim\AppData\Local\Programs\Microsoft VS Code\bin;C:\Users\dhkim\.dotnet\tools;C:\Users\dhkim\AppData\Local\Programs\cursor\resources\app\bin;C:\Program Files\JetBrains\IntelliJ IDEA 2024.3.5\bin;;C:\Users\dhkim\AppData\Local\JetBrains\PyCharm 2025.1.1\bin;
USERNAME=dhkim
OS=Windows_NT
PROCESSOR_IDENTIFIER=Intel64 Family 6 Model 170 Stepping 4, GenuineIntel



---------------  S Y S T E M  ---------------

OS:
 Windows 10 , 64 bit Build 26100 (10.0.26100.8328)
OS uptime: 6 days 23:21 hours
Hyper-V role detected

CPU: total 18 (initial active 18) (9 cores per cpu, 2 threads per core) family 6 model 170 stepping 4 microcode 0x1c, cx8, cmov, fxsr, ht, mmx, 3dnowpref, sse, sse2, sse3, ssse3, sse4.1, sse4.2, popcnt, lzcnt, tsc, tscinvbit, avx, avx2, aes, erms, clmul, bmi1, bmi2, adx, sha, fma, vzeroupper, clflush, clflushopt, clwb, hv

Memory: 4k page, system-wide physical 32348M (7628M free)
TotalPageFile size 48732M (AvailPageFile size 11926M)
current process WorkingSet (physical memory assigned to process): 571M, peak: 979M
current process commit charge ("private bytes"): 649M, peak: 675M

vm_info: OpenJDK 64-Bit Server VM (17+35-2724) for windows-amd64 JRE (17+35-2724), built on Aug  5 2021 23:26:02 by "mach5one" with MS VC++ 16.8 (VS2019)

END.
