#
# A fatal error has been detected by the Java Runtime Environment:
#
#  EXCEPTION_ACCESS_VIOLATION (0xc0000005) at pc=0x000001e4252140bb, pid=39908, tid=24372
#
# JRE version: OpenJDK Runtime Environment (17.0+35) (build 17+35-2724)
# Java VM: OpenJDK 64-Bit Server VM (17+35-2724, mixed mode, sharing, tiered, compressed oops, compressed class ptrs, g1 gc, windows-amd64)
# Problematic frame:
# J 1531 c2 org.agrona.concurrent.status.UnsafeBufferPosition.setRelease(J)V (13 bytes) @ 0x000001e4252140bb [0x000001e425214080+0x000000000000003b]
#
# No core dump will be written. Minidumps are not enabled by default on client versions of Windows
#
# If you would like to submit a bug report, please visit:
#   https://bugreport.java.com/bugreport/crash.jsp
#

---------------  S U M M A R Y ------------

Command Line: --add-exports=java.base/jdk.internal.misc=ALL-UNNAMED --add-opens=java.base/jdk.internal.misc=ALL-UNNAMED --add-opens=java.base/java.nio=ALL-UNNAMED --add-opens=java.base/sun.nio.ch=ALL-UNNAMED -javaagent:C:\Program Files\JetBrains\IntelliJ IDEA 2024.3.5\lib\idea_rt.jar=61687 -Dfile.encoding=UTF-8 com.resourcebox.demo.NewValidationApp

Host: Intel(R) Core(TM) Ultra 5 125H, 18 cores, 31G,  Windows 10 , 64 bit Build 26100 (10.0.26100.8328)
Time: Tue Jun 16 08:20:12 2026  Windows 10 , 64 bit Build 26100 (10.0.26100.8328) elapsed time: 6.758214 seconds (0d 0h 0m 6s)

---------------  T H R E A D  ---------------

Current thread (0x000001e4443e0cd0):  JavaThread "driver-conductor" daemon [_thread_in_Java, id=24372, stack(0x0000008fc3000000,0x0000008fc3100000)]

Stack: [0x0000008fc3000000,0x0000008fc3100000],  sp=0x0000008fc30fefd0,  free space=1019k
Native frames: (J=compiled Java code, j=interpreted, Vv=VM code, C=native code)
C  0x000001e4252140bb


siginfo: EXCEPTION_ACCESS_VIOLATION (0xc0000005), writing address 0x000001e446941b00


Register to memory mapping:

RIP=0x000001e4252140bb is at entry_point+59 in (nmethod*)0x000001e425213f10
RAX={method} {0x000001e443a60670} 'setRelease' '(J)V' in 'org/agrona/concurrent/status/UnsafeBufferPosition'
RBX={method} {0x000001e443a60670} 'setRelease' '(J)V' in 'org/agrona/concurrent/status/UnsafeBufferPosition'
RCX=0x00000006068034c8 is an oop: org.agrona.concurrent.status.UnsafeBufferPosition 
{0x00000006068034c8} - klass: 'org/agrona/concurrent/status/UnsafeBufferPosition'
 - ---- fields (total size 5 words):
 - private final 'counterId' 'I' @12  46 (2e)
 - private final 'addressOffset' 'J' @16  2079948282624 (46941b00 1e4)
 - private 'isClosed' 'Z' @24  false
 - private final 'byteArray' '[B' @28  NULL (0)
 - private final 'countersManager' 'Lorg/agrona/concurrent/status/CountersManager;' @32  a 'org/agrona/concurrent/status/CountersManager'{0x000000060683ef30} (c0d07de6)
 - private final 'byteBuffer' 'Ljava/nio/ByteBuffer;' @36  a 'java/nio/DirectByteBuffer'{0x0000000606805e28} (c0d00bc5)
RDX=0x00000006068034c8 is an oop: org.agrona.concurrent.status.UnsafeBufferPosition 
{0x00000006068034c8} - klass: 'org/agrona/concurrent/status/UnsafeBufferPosition'
 - ---- fields (total size 5 words):
 - private final 'counterId' 'I' @12  46 (2e)
 - private final 'addressOffset' 'J' @16  2079948282624 (46941b00 1e4)
 - private 'isClosed' 'Z' @24  false
 - private final 'byteArray' '[B' @28  NULL (0)
 - private final 'countersManager' 'Lorg/agrona/concurrent/status/CountersManager;' @32  a 'org/agrona/concurrent/status/CountersManager'{0x000000060683ef30} (c0d07de6)
 - private final 'byteBuffer' 'Ljava/nio/ByteBuffer;' @36  a 'java/nio/DirectByteBuffer'{0x0000000606805e28} (c0d00bc5)
RSP=0x0000008fc30fefd0 is pointing into the stack for thread: 0x000001e4443e0cd0
RBP=0x0000008fc30ff060 is pointing into the stack for thread: 0x000001e4443e0cd0
RSI=0x0000000000000001 is an unknown value
RDI=0x000000000000379b is an unknown value
R8 =0x0000000264ba2e80 is an unknown value
R9 =0x0 is NULL
R10=0x000001e446941b00 is an unknown value
R11=0x0 is NULL
R12=0x0 is NULL
R13=0x0000008fc30ff000 is pointing into the stack for thread: 0x000001e4443e0cd0
R14=0x0 is NULL
R15=0x000001e4443e0cd0 is a thread


Registers:
RAX=0x000001e443a60668, RBX=0x000001e443a60668, RCX=0x00000006068034c8, RDX=0x00000006068034c8
RSP=0x0000008fc30fefd0, RBP=0x0000008fc30ff060, RSI=0x0000000000000001, RDI=0x000000000000379b
R8 =0x0000000264ba2e80, R9 =0x0000000000000000, R10=0x000001e446941b00, R11=0x0000000000000000
R12=0x0000000000000000, R13=0x0000008fc30ff000, R14=0x0000000000000000, R15=0x000001e4443e0cd0
RIP=0x000001e4252140bb, EFLAGS=0x0000000000010246

Top of Stack: (sp=0x0000008fc30fefd0)
0x0000008fc30fefd0:   000001e44e40ef00 000001e4443e0cd0
0x0000008fc30fefe0:   0000008fc30ff060 000001e41d6094fe
0x0000008fc30feff0:   0000008fc30ff060 000001e41d6094fe
0x0000008fc30ff000:   0000000264ba2e80 0000000000000000
0x0000008fc30ff010:   00000006068034c8 0000008fc30ff018
0x0000008fc30ff020:   000001e44e40eeb9 0000008fc30ff080
0x0000008fc30ff030:   000001e44e4100d8 0000000000000000
0x0000008fc30ff040:   0000000606803190 000001e44e40ef00
0x0000008fc30ff050:   0000008fc30ff000 0000008fc30ff080
0x0000008fc30ff060:   0000008fc30ff0d0 000001e41d6094fe
0x0000008fc30ff070:   0000000264ba2e80 0000000000000000
0x0000008fc30ff080:   0000000606803208 0000008fc30ff088
0x0000008fc30ff090:   000001e44e41251e 0000008fc30ff0e0
0x0000008fc30ff0a0:   000001e44e4128b0 0000000000000000
0x0000008fc30ff0b0:   0000000606963208 000001e44e412538
0x0000008fc30ff0c0:   0000008fc30ff080 0000008fc30ff0e0 

Instructions: (pc=0x000001e4252140bb)
0x000001e425213fbb:   25 e4 01 00 00 00 00 00 00 00 00 00 00 00 00 00
0x000001e425213fcb:   00 00 00 00 00 ff ff ff ff 00 00 00 00 00 00 00
0x000001e425213fdb:   00 00 00 00 00 00 00 00 00 00 00 00 00 80 40 21
0x000001e425213feb:   25 e4 01 00 00 a0 40 21 25 e4 01 00 00 80 40 21
0x000001e425213ffb:   25 e4 01 00 00 f0 01 00 00 ff ff ff ff 70 01 00
0x000001e42521400b:   00 f0 01 00 00 08 02 00 00 10 02 00 00 00 00 00
0x000001e42521401b:   00 18 02 00 00 38 02 00 00 40 02 00 00 40 02 00
0x000001e42521402b:   00 40 02 00 00 40 02 00 00 40 02 00 00 40 02 00
0x000001e42521403b:   00 00 00 00 00 fb 05 00 00 04 00 00 00 00 00 00
0x000001e42521404b:   00 02 00 00 00 00 00 00 00 00 00 00 00 e0 01 00
0x000001e42521405b:   00 02 00 00 00 ff ff ff ff ff ff ff ff 14 60 30
0x000001e42521406b:   b0 0e f0 0e 80 11 64 1d 00 00 64 0f 64 00 00 00
0x000001e42521407b:   00 00 00 00 00 44 8b 52 08 49 bb 00 00 00 00 08
0x000001e42521408b:   00 00 00 4d 03 d3 49 3b c2 0f 85 e6 89 43 f8 66
0x000001e42521409b:   90 0f 1f 40 00 48 81 ec 18 00 00 00 48 89 6c 24
0x000001e4252140ab:   10 4c 8b 52 10 44 8b 4a 1c 4d 8b d9 49 c1 e3 03
0x000001e4252140bb:   4f 89 04 13 48 83 c4 10 5d 49 3b a7 40 03 00 00
0x000001e4252140cb:   0f 87 01 00 00 00 c3 49 ba c4 40 21 25 e4 01 00
0x000001e4252140db:   00 4d 89 97 58 03 00 00 e9 18 f3 43 f8 f4 f4 f4
0x000001e4252140eb:   f4 f4 f4 f4 f4 f4 f4 f4 f4 f4 f4 f4 f4 f4 f4 f4
0x000001e4252140fb:   f4 f4 f4 f4 f4 e9 7b 13 4e f8 e8 00 00 00 00 48
0x000001e42521410b:   83 2c 24 05 e9 8c e5 43 f8 f4 f4 f4 f4 28 0b 80
0x000001e42521411b:   06 06 00 00 00 ff 00 00 00 00 00 00 00 ff ff ff
0x000001e42521412b:   ff 00 00 00 00 00 00 00 00 00 00 00 00 99 00 00
0x000001e42521413b:   00 00 00 00 00 00 00 00 00 00 00 00 00 00 00 00
0x000001e42521414b:   00 00 00 00 00 00 00 00 00 00 00 00 00 00 00 00
0x000001e42521415b:   00 00 00 00 00 00 00 00 00 00 00 00 00 00 00 00
0x000001e42521416b:   00 00 00 00 00 00 00 00 00 00 00 00 00 00 00 00
0x000001e42521417b:   00 00 00 00 00 00 00 00 00 00 00 00 00 00 00 00
0x000001e42521418b:   00 00 00 00 00 00 00 00 00 00 00 00 00 00 00 00
0x000001e42521419b:   00 00 00 00 00 00 00 00 00 00 00 00 00 00 00 00
0x000001e4252141ab:   00 00 00 00 00 00 00 00 00 00 00 00 00 00 00 00 


Stack slot to memory mapping:
stack at sp + 0 slots: {method} {0x000001e44e40ef08} 'decRef' '()V' in 'io/aeron/driver/IpcPublication'
stack at sp + 1 slots: 0x000001e4443e0cd0 is a thread
stack at sp + 2 slots: 0x0000008fc30ff060 is pointing into the stack for thread: 0x000001e4443e0cd0
stack at sp + 3 slots: 0x000001e41d6094fe is at code_begin+1118 in an Interpreter codelet
return entry points  [0x000001e41d6090a0, 0x000001e41d609ba0]  2816 bytes
stack at sp + 4 slots: 0x0000008fc30ff060 is pointing into the stack for thread: 0x000001e4443e0cd0
stack at sp + 5 slots: 0x000001e41d6094fe is at code_begin+1118 in an Interpreter codelet
return entry points  [0x000001e41d6090a0, 0x000001e41d609ba0]  2816 bytes
stack at sp + 6 slots: 0x0000000264ba2e80 is an unknown value
stack at sp + 7 slots: 0x0 is NULL

--------------------------------------------------------------------------------
[Constant Pool (empty)]

--------------------------------------------------------------------------------

[MachCode]
  0x000001e425214080: 448b 5208 | 49bb 0000 | 0000 0800 | 0000 4d03 | d349 3bc2 | 0f85 e689 | 43f8 6690 | 0f1f 4000 
  0x000001e4252140a0: 4881 ec18 | 0000 0048 | 896c 2410 | 4c8b 5210 | 448b 4a1c | 4d8b d949 | c1e3 034f | 8904 1348 
  0x000001e4252140c0: 83c4 105d | 493b a740 | 0300 000f | 8701 0000 | 00c3 49ba | c440 2125 | e401 0000 | 4d89 9758 
  0x000001e4252140e0: 0300 00e9 | 18f3 43f8 | f4f4 f4f4 | f4f4 f4f4 | f4f4 f4f4 | f4f4 f4f4 | f4f4 f4f4 | f4f4 f4f4 
  0x000001e425214100: e97b 134e | f8e8 0000 | 0000 4883 | 2c24 05e9 | 8ce5 43f8 | f4f4 f4f4 
[/MachCode]
--------------------------------------------------------------------------------


---------------  P R O C E S S  ---------------

Threads class SMR info:
_java_thread_list=0x000001e472e78b20, length=24, elements={
0x000001e415e0ecf0, 0x000001e442b9e760, 0x000001e442cb84c0, 0x000001e442cd0d30,
0x000001e442cd16e0, 0x000001e442cd2090, 0x000001e442cd4a50, 0x000001e442cd6740,
0x000001e442cd98f0, 0x000001e442cf8e70, 0x000001e442df3010, 0x000001e442edcc70,
0x000001e442edd140, 0x000001e442f4fda0, 0x000001e443d66e70, 0x000001e443d81820,
0x000001e444049d80, 0x000001e443edf0b0, 0x000001e4443529e0, 0x000001e4443c6670,
0x000001e4443e0cd0, 0x000001e4443e2010, 0x000001e4443e1670, 0x000001e44a54e5b0
}

Java Threads: ( => current thread )
  0x000001e415e0ecf0 JavaThread "main" [_thread_blocked, id=65624, stack(0x0000008fc1000000,0x0000008fc1100000)]
  0x000001e442b9e760 JavaThread "Reference Handler" daemon [_thread_blocked, id=69972, stack(0x0000008fc1700000,0x0000008fc1800000)]
  0x000001e442cb84c0 JavaThread "Finalizer" daemon [_thread_blocked, id=35792, stack(0x0000008fc1800000,0x0000008fc1900000)]
  0x000001e442cd0d30 JavaThread "Signal Dispatcher" daemon [_thread_blocked, id=59924, stack(0x0000008fc1900000,0x0000008fc1a00000)]
  0x000001e442cd16e0 JavaThread "Attach Listener" daemon [_thread_blocked, id=53988, stack(0x0000008fc1a00000,0x0000008fc1b00000)]
  0x000001e442cd2090 JavaThread "Service Thread" daemon [_thread_blocked, id=67524, stack(0x0000008fc1b00000,0x0000008fc1c00000)]
  0x000001e442cd4a50 JavaThread "Monitor Deflation Thread" daemon [_thread_blocked, id=69856, stack(0x0000008fc1c00000,0x0000008fc1d00000)]
  0x000001e442cd6740 JavaThread "C2 CompilerThread0" daemon [_thread_blocked, id=48624, stack(0x0000008fc1d00000,0x0000008fc1e00000)]
  0x000001e442cd98f0 JavaThread "C1 CompilerThread0" daemon [_thread_blocked, id=66688, stack(0x0000008fc1e00000,0x0000008fc1f00000)]
  0x000001e442cf8e70 JavaThread "Sweeper thread" daemon [_thread_blocked, id=24360, stack(0x0000008fc1f00000,0x0000008fc2000000)]
  0x000001e442df3010 JavaThread "Common-Cleaner" daemon [_thread_blocked, id=64980, stack(0x0000008fc2000000,0x0000008fc2100000)]
  0x000001e442edcc70 JavaThread "Monitor Ctrl-Break" daemon [_thread_in_native, id=35720, stack(0x0000008fc2500000,0x0000008fc2600000)]
  0x000001e442edd140 JavaThread "Notification Thread" daemon [_thread_blocked, id=21984, stack(0x0000008fc2600000,0x0000008fc2700000)]
  0x000001e442f4fda0 JavaThread "Thread-0" daemon [_thread_blocked, id=69724, stack(0x0000008fc2800000,0x0000008fc2900000)]
  0x000001e443d66e70 JavaThread "async-executor C:\Users\dhkim\AppData\Local\Temp\PARCAeron" daemon [_thread_blocked, id=63288, stack(0x0000008fc2a00000,0x0000008fc2b00000)]
  0x000001e443d81820 JavaThread "RMI TCP Accept-0" daemon [_thread_in_native, id=40812, stack(0x0000008fc2b00000,0x0000008fc2c00000)]
  0x000001e444049d80 JavaThread "RMI TCP Connection(1)-192.168.0.75" daemon [_thread_in_native, id=63912, stack(0x0000008fc2c00000,0x0000008fc2d00000)]
  0x000001e443edf0b0 JavaThread "RMI Scheduler(0)" daemon [_thread_blocked, id=65696, stack(0x0000008fc2d00000,0x0000008fc2e00000)]
  0x000001e4443529e0 JavaThread "JMX server connection timeout 30" daemon [_thread_blocked, id=55688, stack(0x0000008fc2e00000,0x0000008fc2f00000)]
  0x000001e4443c6670 JavaThread "aeron-client-conductor" [_thread_blocked, id=65700, stack(0x0000008fc2f00000,0x0000008fc3000000)]
=>0x000001e4443e0cd0 JavaThread "driver-conductor" daemon [_thread_in_Java, id=24372, stack(0x0000008fc3000000,0x0000008fc3100000)]
  0x000001e4443e2010 JavaThread "sender" daemon [_thread_in_Java, id=64576, stack(0x0000008fc3100000,0x0000008fc3200000)]
  0x000001e4443e1670 JavaThread "receiver" daemon [_thread_in_Java, id=50692, stack(0x0000008fc3200000,0x0000008fc3300000)]
  0x000001e44a54e5b0 JavaThread "SIGINT handler" daemon [_thread_blocked, id=20808, stack(0x0000008fc2100000,0x0000008fc2200000)]

Other Threads:
  0x000001e442b9dcf0 VMThread "VM Thread" [stack: 0x0000008fc1600000,0x0000008fc1700000] [id=46856]
  0x000001e442f4bd30 WatcherThread [stack: 0x0000008fc2700000,0x0000008fc2800000] [id=7460]
  0x000001e415e886d0 GCTaskThread "GC Thread#0" [stack: 0x0000008fc1100000,0x0000008fc1200000] [id=21744]
  0x000001e44a485ef0 GCTaskThread "GC Thread#1" [stack: 0x0000008fc3a00000,0x0000008fc3b00000] [id=45520]
  0x000001e44a46c800 GCTaskThread "GC Thread#2" [stack: 0x0000008fc3b00000,0x0000008fc3c00000] [id=37436]
  0x000001e44a46e750 GCTaskThread "GC Thread#3" [stack: 0x0000008fc3c00000,0x0000008fc3d00000] [id=48020]
  0x000001e44a48ae90 GCTaskThread "GC Thread#4" [stack: 0x0000008fc3d00000,0x0000008fc3e00000] [id=23920]
  0x000001e44a4b94e0 GCTaskThread "GC Thread#5" [stack: 0x0000008fc3e00000,0x0000008fc3f00000] [id=31948]
  0x000001e44a4d9a70 GCTaskThread "GC Thread#6" [stack: 0x0000008fc3f00000,0x0000008fc4000000] [id=59640]
  0x000001e44a4d9d20 GCTaskThread "GC Thread#7" [stack: 0x0000008fc4000000,0x0000008fc4100000] [id=68008]
  0x000001e44a4d9fd0 GCTaskThread "GC Thread#8" [stack: 0x0000008fc4100000,0x0000008fc4200000] [id=16764]
  0x000001e44a4da280 GCTaskThread "GC Thread#9" [stack: 0x0000008fc4200000,0x0000008fc4300000] [id=60648]
  0x000001e44a530680 GCTaskThread "GC Thread#10" [stack: 0x0000008fc4300000,0x0000008fc4400000] [id=68468]
  0x000001e44a538950 GCTaskThread "GC Thread#11" [stack: 0x0000008fc4400000,0x0000008fc4500000] [id=57156]
  0x000001e415e9a010 ConcurrentGCThread "G1 Main Marker" [stack: 0x0000008fc1200000,0x0000008fc1300000] [id=66880]
  0x000001e415e9aa20 ConcurrentGCThread "G1 Conc#0" [stack: 0x0000008fc1300000,0x0000008fc1400000] [id=40516]
  0x000001e442a5a760 ConcurrentGCThread "G1 Refine#0" [stack: 0x0000008fc1400000,0x0000008fc1500000] [id=24428]
  0x000001e442a5c030 ConcurrentGCThread "G1 Service" [stack: 0x0000008fc1500000,0x0000008fc1600000] [id=59900]

Threads with active compile tasks:

VM state: not at safepoint (normal execution)

VM Mutex/Monitor currently owned by a thread: None

Heap address: 0x0000000606800000, size: 8088 MB, Compressed Oops mode: Zero based, Oop shift amount: 3

CDS archive(s) mapped at: [0x0000000800000000-0x0000000800bc0000-0x0000000800bc0000), size 12320768, SharedBaseAddress: 0x0000000800000000, ArchiveRelocationMode: 0.
Compressed class space mapped at: 0x0000000800c00000-0x0000000840c00000, reserved size: 1073741824
Narrow klass base: 0x0000000800000000, Narrow klass shift: 0, Narrow klass range: 0x100000000

GC Precious Log:
 CPUs: 18 total, 18 available
 Memory: 32348M
 Large Page Support: Disabled
 NUMA Support: Disabled
 Compressed Oops: Enabled (Zero based)
 Heap Region Size: 4M
 Heap Min Capacity: 8M
 Heap Initial Capacity: 508M
 Heap Max Capacity: 8088M
 Pre-touch: Disabled
 Parallel Workers: 14
 Concurrent Workers: 4
 Concurrent Refinement Workers: 14
 Periodic GC: Disabled

Heap:
 garbage-first heap   total 520192K, used 85954K [0x0000000606800000, 0x0000000800000000)
  region size 4096K, 22 young (90112K), 1 survivors (4096K)
 Metaspace       used 9457K, committed 9664K, reserved 1064960K
  class space    used 1009K, committed 1088K, reserved 1048576K

Heap Regions: E=young(eden), S=young(survivor), O=old, HS=humongous(starts), HC=humongous(continues), CS=collection set, F=free, OA=open archive, CA=closed archive, TAMS=top-at-mark-start (previous, next)
|   0|0x0000000606800000, 0x0000000606beea00, 0x0000000606c00000| 98%| O|  |TAMS 0x0000000606800000, 0x0000000606800000| Untracked 
|   1|0x0000000606c00000, 0x0000000606c00000, 0x0000000607000000|  0%| F|  |TAMS 0x0000000606c00000, 0x0000000606c00000| Untracked 
|   2|0x0000000607000000, 0x0000000607000000, 0x0000000607400000|  0%| F|  |TAMS 0x0000000607000000, 0x0000000607000000| Untracked 
|   3|0x0000000607400000, 0x0000000607400000, 0x0000000607800000|  0%| F|  |TAMS 0x0000000607400000, 0x0000000607400000| Untracked 
|   4|0x0000000607800000, 0x0000000607800000, 0x0000000607c00000|  0%| F|  |TAMS 0x0000000607800000, 0x0000000607800000| Untracked 
|   5|0x0000000607c00000, 0x0000000607c00000, 0x0000000608000000|  0%| F|  |TAMS 0x0000000607c00000, 0x0000000607c00000| Untracked 
|   6|0x0000000608000000, 0x0000000608000000, 0x0000000608400000|  0%| F|  |TAMS 0x0000000608000000, 0x0000000608000000| Untracked 
|   7|0x0000000608400000, 0x0000000608400000, 0x0000000608800000|  0%| F|  |TAMS 0x0000000608400000, 0x0000000608400000| Untracked 
|   8|0x0000000608800000, 0x0000000608800000, 0x0000000608c00000|  0%| F|  |TAMS 0x0000000608800000, 0x0000000608800000| Untracked 
|   9|0x0000000608c00000, 0x0000000608c00000, 0x0000000609000000|  0%| F|  |TAMS 0x0000000608c00000, 0x0000000608c00000| Untracked 
|  10|0x0000000609000000, 0x0000000609000000, 0x0000000609400000|  0%| F|  |TAMS 0x0000000609000000, 0x0000000609000000| Untracked 
|  11|0x0000000609400000, 0x0000000609400000, 0x0000000609800000|  0%| F|  |TAMS 0x0000000609400000, 0x0000000609400000| Untracked 
|  12|0x0000000609800000, 0x0000000609800000, 0x0000000609c00000|  0%| F|  |TAMS 0x0000000609800000, 0x0000000609800000| Untracked 
|  13|0x0000000609c00000, 0x0000000609c00000, 0x000000060a000000|  0%| F|  |TAMS 0x0000000609c00000, 0x0000000609c00000| Untracked 
|  14|0x000000060a000000, 0x000000060a000000, 0x000000060a400000|  0%| F|  |TAMS 0x000000060a000000, 0x000000060a000000| Untracked 
|  15|0x000000060a400000, 0x000000060a400000, 0x000000060a800000|  0%| F|  |TAMS 0x000000060a400000, 0x000000060a400000| Untracked 
|  16|0x000000060a800000, 0x000000060a800000, 0x000000060ac00000|  0%| F|  |TAMS 0x000000060a800000, 0x000000060a800000| Untracked 
|  17|0x000000060ac00000, 0x000000060ac00000, 0x000000060b000000|  0%| F|  |TAMS 0x000000060ac00000, 0x000000060ac00000| Untracked 
|  18|0x000000060b000000, 0x000000060b000000, 0x000000060b400000|  0%| F|  |TAMS 0x000000060b000000, 0x000000060b000000| Untracked 
|  19|0x000000060b400000, 0x000000060b400000, 0x000000060b800000|  0%| F|  |TAMS 0x000000060b400000, 0x000000060b400000| Untracked 
|  20|0x000000060b800000, 0x000000060b800000, 0x000000060bc00000|  0%| F|  |TAMS 0x000000060b800000, 0x000000060b800000| Untracked 
|  21|0x000000060bc00000, 0x000000060bc00000, 0x000000060c000000|  0%| F|  |TAMS 0x000000060bc00000, 0x000000060bc00000| Untracked 
|  22|0x000000060c000000, 0x000000060c000000, 0x000000060c400000|  0%| F|  |TAMS 0x000000060c000000, 0x000000060c000000| Untracked 
|  23|0x000000060c400000, 0x000000060c400000, 0x000000060c800000|  0%| F|  |TAMS 0x000000060c400000, 0x000000060c400000| Untracked 
|  24|0x000000060c800000, 0x000000060c800000, 0x000000060cc00000|  0%| F|  |TAMS 0x000000060c800000, 0x000000060c800000| Untracked 
|  25|0x000000060cc00000, 0x000000060cc00000, 0x000000060d000000|  0%| F|  |TAMS 0x000000060cc00000, 0x000000060cc00000| Untracked 
|  26|0x000000060d000000, 0x000000060d000000, 0x000000060d400000|  0%| F|  |TAMS 0x000000060d000000, 0x000000060d000000| Untracked 
|  27|0x000000060d400000, 0x000000060d400000, 0x000000060d800000|  0%| F|  |TAMS 0x000000060d400000, 0x000000060d400000| Untracked 
|  28|0x000000060d800000, 0x000000060d800000, 0x000000060dc00000|  0%| F|  |TAMS 0x000000060d800000, 0x000000060d800000| Untracked 
|  29|0x000000060dc00000, 0x000000060dc00000, 0x000000060e000000|  0%| F|  |TAMS 0x000000060dc00000, 0x000000060dc00000| Untracked 
|  30|0x000000060e000000, 0x000000060e000000, 0x000000060e400000|  0%| F|  |TAMS 0x000000060e000000, 0x000000060e000000| Untracked 
|  31|0x000000060e400000, 0x000000060e400000, 0x000000060e800000|  0%| F|  |TAMS 0x000000060e400000, 0x000000060e400000| Untracked 
|  32|0x000000060e800000, 0x000000060e800000, 0x000000060ec00000|  0%| F|  |TAMS 0x000000060e800000, 0x000000060e800000| Untracked 
|  33|0x000000060ec00000, 0x000000060ec00000, 0x000000060f000000|  0%| F|  |TAMS 0x000000060ec00000, 0x000000060ec00000| Untracked 
|  34|0x000000060f000000, 0x000000060f000000, 0x000000060f400000|  0%| F|  |TAMS 0x000000060f000000, 0x000000060f000000| Untracked 
|  35|0x000000060f400000, 0x000000060f400000, 0x000000060f800000|  0%| F|  |TAMS 0x000000060f400000, 0x000000060f400000| Untracked 
|  36|0x000000060f800000, 0x000000060f800000, 0x000000060fc00000|  0%| F|  |TAMS 0x000000060f800000, 0x000000060f800000| Untracked 
|  37|0x000000060fc00000, 0x000000060fc00000, 0x0000000610000000|  0%| F|  |TAMS 0x000000060fc00000, 0x000000060fc00000| Untracked 
|  38|0x0000000610000000, 0x0000000610000000, 0x0000000610400000|  0%| F|  |TAMS 0x0000000610000000, 0x0000000610000000| Untracked 
|  39|0x0000000610400000, 0x0000000610400000, 0x0000000610800000|  0%| F|  |TAMS 0x0000000610400000, 0x0000000610400000| Untracked 
|  40|0x0000000610800000, 0x0000000610800000, 0x0000000610c00000|  0%| F|  |TAMS 0x0000000610800000, 0x0000000610800000| Untracked 
|  41|0x0000000610c00000, 0x0000000610c00000, 0x0000000611000000|  0%| F|  |TAMS 0x0000000610c00000, 0x0000000610c00000| Untracked 
|  42|0x0000000611000000, 0x0000000611000000, 0x0000000611400000|  0%| F|  |TAMS 0x0000000611000000, 0x0000000611000000| Untracked 
|  43|0x0000000611400000, 0x0000000611400000, 0x0000000611800000|  0%| F|  |TAMS 0x0000000611400000, 0x0000000611400000| Untracked 
|  44|0x0000000611800000, 0x0000000611800000, 0x0000000611c00000|  0%| F|  |TAMS 0x0000000611800000, 0x0000000611800000| Untracked 
|  45|0x0000000611c00000, 0x0000000611c00000, 0x0000000612000000|  0%| F|  |TAMS 0x0000000611c00000, 0x0000000611c00000| Untracked 
|  46|0x0000000612000000, 0x0000000612000000, 0x0000000612400000|  0%| F|  |TAMS 0x0000000612000000, 0x0000000612000000| Untracked 
|  47|0x0000000612400000, 0x0000000612400000, 0x0000000612800000|  0%| F|  |TAMS 0x0000000612400000, 0x0000000612400000| Untracked 
|  48|0x0000000612800000, 0x0000000612800000, 0x0000000612c00000|  0%| F|  |TAMS 0x0000000612800000, 0x0000000612800000| Untracked 
|  49|0x0000000612c00000, 0x0000000612c00000, 0x0000000613000000|  0%| F|  |TAMS 0x0000000612c00000, 0x0000000612c00000| Untracked 
|  50|0x0000000613000000, 0x0000000613002040, 0x0000000613400000|  0%| S|CS|TAMS 0x0000000613000000, 0x0000000613000000| Complete 
|  51|0x0000000613400000, 0x0000000613400000, 0x0000000613800000|  0%| F|  |TAMS 0x0000000613400000, 0x0000000613400000| Untracked 
|  52|0x0000000613800000, 0x0000000613800000, 0x0000000613c00000|  0%| F|  |TAMS 0x0000000613800000, 0x0000000613800000| Untracked 
|  53|0x0000000613c00000, 0x0000000613c00000, 0x0000000614000000|  0%| F|  |TAMS 0x0000000613c00000, 0x0000000613c00000| Untracked 
|  54|0x0000000614000000, 0x0000000614000000, 0x0000000614400000|  0%| F|  |TAMS 0x0000000614000000, 0x0000000614000000| Untracked 
|  55|0x0000000614400000, 0x0000000614400000, 0x0000000614800000|  0%| F|  |TAMS 0x0000000614400000, 0x0000000614400000| Untracked 
|  56|0x0000000614800000, 0x0000000614800000, 0x0000000614c00000|  0%| F|  |TAMS 0x0000000614800000, 0x0000000614800000| Untracked 
|  57|0x0000000614c00000, 0x0000000614c00000, 0x0000000615000000|  0%| F|  |TAMS 0x0000000614c00000, 0x0000000614c00000| Untracked 
|  58|0x0000000615000000, 0x0000000615000000, 0x0000000615400000|  0%| F|  |TAMS 0x0000000615000000, 0x0000000615000000| Untracked 
|  59|0x0000000615400000, 0x0000000615400000, 0x0000000615800000|  0%| F|  |TAMS 0x0000000615400000, 0x0000000615400000| Untracked 
|  60|0x0000000615800000, 0x0000000615800000, 0x0000000615c00000|  0%| F|  |TAMS 0x0000000615800000, 0x0000000615800000| Untracked 
|  61|0x0000000615c00000, 0x0000000615c00000, 0x0000000616000000|  0%| F|  |TAMS 0x0000000615c00000, 0x0000000615c00000| Untracked 
|  62|0x0000000616000000, 0x0000000616000000, 0x0000000616400000|  0%| F|  |TAMS 0x0000000616000000, 0x0000000616000000| Untracked 
|  63|0x0000000616400000, 0x0000000616400000, 0x0000000616800000|  0%| F|  |TAMS 0x0000000616400000, 0x0000000616400000| Untracked 
|  64|0x0000000616800000, 0x0000000616800000, 0x0000000616c00000|  0%| F|  |TAMS 0x0000000616800000, 0x0000000616800000| Untracked 
|  65|0x0000000616c00000, 0x0000000616c00000, 0x0000000617000000|  0%| F|  |TAMS 0x0000000616c00000, 0x0000000616c00000| Untracked 
|  66|0x0000000617000000, 0x0000000617000000, 0x0000000617400000|  0%| F|  |TAMS 0x0000000617000000, 0x0000000617000000| Untracked 
|  67|0x0000000617400000, 0x0000000617400000, 0x0000000617800000|  0%| F|  |TAMS 0x0000000617400000, 0x0000000617400000| Untracked 
|  68|0x0000000617800000, 0x0000000617800000, 0x0000000617c00000|  0%| F|  |TAMS 0x0000000617800000, 0x0000000617800000| Untracked 
|  69|0x0000000617c00000, 0x0000000617c00000, 0x0000000618000000|  0%| F|  |TAMS 0x0000000617c00000, 0x0000000617c00000| Untracked 
|  70|0x0000000618000000, 0x0000000618000000, 0x0000000618400000|  0%| F|  |TAMS 0x0000000618000000, 0x0000000618000000| Untracked 
|  71|0x0000000618400000, 0x0000000618400000, 0x0000000618800000|  0%| F|  |TAMS 0x0000000618400000, 0x0000000618400000| Untracked 
|  72|0x0000000618800000, 0x0000000618800000, 0x0000000618c00000|  0%| F|  |TAMS 0x0000000618800000, 0x0000000618800000| Untracked 
|  73|0x0000000618c00000, 0x0000000618c00000, 0x0000000619000000|  0%| F|  |TAMS 0x0000000618c00000, 0x0000000618c00000| Untracked 
|  74|0x0000000619000000, 0x0000000619000000, 0x0000000619400000|  0%| F|  |TAMS 0x0000000619000000, 0x0000000619000000| Untracked 
|  75|0x0000000619400000, 0x0000000619400000, 0x0000000619800000|  0%| F|  |TAMS 0x0000000619400000, 0x0000000619400000| Untracked 
|  76|0x0000000619800000, 0x0000000619800000, 0x0000000619c00000|  0%| F|  |TAMS 0x0000000619800000, 0x0000000619800000| Untracked 
|  77|0x0000000619c00000, 0x0000000619c00000, 0x000000061a000000|  0%| F|  |TAMS 0x0000000619c00000, 0x0000000619c00000| Untracked 
|  78|0x000000061a000000, 0x000000061a000000, 0x000000061a400000|  0%| F|  |TAMS 0x000000061a000000, 0x000000061a000000| Untracked 
|  79|0x000000061a400000, 0x000000061a400000, 0x000000061a800000|  0%| F|  |TAMS 0x000000061a400000, 0x000000061a400000| Untracked 
|  80|0x000000061a800000, 0x000000061a800000, 0x000000061ac00000|  0%| F|  |TAMS 0x000000061a800000, 0x000000061a800000| Untracked 
|  81|0x000000061ac00000, 0x000000061ac00000, 0x000000061b000000|  0%| F|  |TAMS 0x000000061ac00000, 0x000000061ac00000| Untracked 
|  82|0x000000061b000000, 0x000000061b000000, 0x000000061b400000|  0%| F|  |TAMS 0x000000061b000000, 0x000000061b000000| Untracked 
|  83|0x000000061b400000, 0x000000061b400000, 0x000000061b800000|  0%| F|  |TAMS 0x000000061b400000, 0x000000061b400000| Untracked 
|  84|0x000000061b800000, 0x000000061b800000, 0x000000061bc00000|  0%| F|  |TAMS 0x000000061b800000, 0x000000061b800000| Untracked 
|  85|0x000000061bc00000, 0x000000061bc00000, 0x000000061c000000|  0%| F|  |TAMS 0x000000061bc00000, 0x000000061bc00000| Untracked 
|  86|0x000000061c000000, 0x000000061c000000, 0x000000061c400000|  0%| F|  |TAMS 0x000000061c000000, 0x000000061c000000| Untracked 
|  87|0x000000061c400000, 0x000000061c400000, 0x000000061c800000|  0%| F|  |TAMS 0x000000061c400000, 0x000000061c400000| Untracked 
|  88|0x000000061c800000, 0x000000061c800000, 0x000000061cc00000|  0%| F|  |TAMS 0x000000061c800000, 0x000000061c800000| Untracked 
|  89|0x000000061cc00000, 0x000000061cc00000, 0x000000061d000000|  0%| F|  |TAMS 0x000000061cc00000, 0x000000061cc00000| Untracked 
|  90|0x000000061d000000, 0x000000061d000000, 0x000000061d400000|  0%| F|  |TAMS 0x000000061d000000, 0x000000061d000000| Untracked 
|  91|0x000000061d400000, 0x000000061d400000, 0x000000061d800000|  0%| F|  |TAMS 0x000000061d400000, 0x000000061d400000| Untracked 
|  92|0x000000061d800000, 0x000000061d800000, 0x000000061dc00000|  0%| F|  |TAMS 0x000000061d800000, 0x000000061d800000| Untracked 
|  93|0x000000061dc00000, 0x000000061dc00000, 0x000000061e000000|  0%| F|  |TAMS 0x000000061dc00000, 0x000000061dc00000| Untracked 
|  94|0x000000061e000000, 0x000000061e000000, 0x000000061e400000|  0%| F|  |TAMS 0x000000061e000000, 0x000000061e000000| Untracked 
|  95|0x000000061e400000, 0x000000061e400000, 0x000000061e800000|  0%| F|  |TAMS 0x000000061e400000, 0x000000061e400000| Untracked 
|  96|0x000000061e800000, 0x000000061e800000, 0x000000061ec00000|  0%| F|  |TAMS 0x000000061e800000, 0x000000061e800000| Untracked 
|  97|0x000000061ec00000, 0x000000061ec00000, 0x000000061f000000|  0%| F|  |TAMS 0x000000061ec00000, 0x000000061ec00000| Untracked 
|  98|0x000000061f000000, 0x000000061f000000, 0x000000061f400000|  0%| F|  |TAMS 0x000000061f000000, 0x000000061f000000| Untracked 
|  99|0x000000061f400000, 0x000000061f400000, 0x000000061f800000|  0%| F|  |TAMS 0x000000061f400000, 0x000000061f400000| Untracked 
| 100|0x000000061f800000, 0x000000061f800000, 0x000000061fc00000|  0%| F|  |TAMS 0x000000061f800000, 0x000000061f800000| Untracked 
| 101|0x000000061fc00000, 0x000000061fc00000, 0x0000000620000000|  0%| F|  |TAMS 0x000000061fc00000, 0x000000061fc00000| Untracked 
| 102|0x0000000620000000, 0x0000000620000000, 0x0000000620400000|  0%| F|  |TAMS 0x0000000620000000, 0x0000000620000000| Untracked 
| 103|0x0000000620400000, 0x0000000620400000, 0x0000000620800000|  0%| F|  |TAMS 0x0000000620400000, 0x0000000620400000| Untracked 
| 104|0x0000000620800000, 0x0000000620800000, 0x0000000620c00000|  0%| F|  |TAMS 0x0000000620800000, 0x0000000620800000| Untracked 
| 105|0x0000000620c00000, 0x0000000620c00000, 0x0000000621000000|  0%| F|  |TAMS 0x0000000620c00000, 0x0000000620c00000| Untracked 
| 106|0x0000000621000000, 0x0000000621400000, 0x0000000621400000|100%| E|  |TAMS 0x0000000621000000, 0x0000000621000000| Complete 
| 107|0x0000000621400000, 0x0000000621800000, 0x0000000621800000|100%| E|CS|TAMS 0x0000000621400000, 0x0000000621400000| Complete 
| 108|0x0000000621800000, 0x0000000621c00000, 0x0000000621c00000|100%| E|CS|TAMS 0x0000000621800000, 0x0000000621800000| Complete 
| 109|0x0000000621c00000, 0x0000000622000000, 0x0000000622000000|100%| E|CS|TAMS 0x0000000621c00000, 0x0000000621c00000| Complete 
| 110|0x0000000622000000, 0x0000000622400000, 0x0000000622400000|100%| E|CS|TAMS 0x0000000622000000, 0x0000000622000000| Complete 
| 111|0x0000000622400000, 0x0000000622800000, 0x0000000622800000|100%| E|CS|TAMS 0x0000000622400000, 0x0000000622400000| Complete 
| 112|0x0000000622800000, 0x0000000622c00000, 0x0000000622c00000|100%| E|CS|TAMS 0x0000000622800000, 0x0000000622800000| Complete 
| 113|0x0000000622c00000, 0x0000000623000000, 0x0000000623000000|100%| E|CS|TAMS 0x0000000622c00000, 0x0000000622c00000| Complete 
| 114|0x0000000623000000, 0x0000000623400000, 0x0000000623400000|100%| E|CS|TAMS 0x0000000623000000, 0x0000000623000000| Complete 
| 115|0x0000000623400000, 0x0000000623800000, 0x0000000623800000|100%| E|CS|TAMS 0x0000000623400000, 0x0000000623400000| Complete 
| 116|0x0000000623800000, 0x0000000623c00000, 0x0000000623c00000|100%| E|CS|TAMS 0x0000000623800000, 0x0000000623800000| Complete 
| 117|0x0000000623c00000, 0x0000000624000000, 0x0000000624000000|100%| E|CS|TAMS 0x0000000623c00000, 0x0000000623c00000| Complete 
| 118|0x0000000624000000, 0x0000000624400000, 0x0000000624400000|100%| E|CS|TAMS 0x0000000624000000, 0x0000000624000000| Complete 
| 119|0x0000000624400000, 0x0000000624800000, 0x0000000624800000|100%| E|CS|TAMS 0x0000000624400000, 0x0000000624400000| Complete 
| 120|0x0000000624800000, 0x0000000624c00000, 0x0000000624c00000|100%| E|CS|TAMS 0x0000000624800000, 0x0000000624800000| Complete 
| 121|0x0000000624c00000, 0x0000000625000000, 0x0000000625000000|100%| E|CS|TAMS 0x0000000624c00000, 0x0000000624c00000| Complete 
| 122|0x0000000625000000, 0x0000000625400000, 0x0000000625400000|100%| E|CS|TAMS 0x0000000625000000, 0x0000000625000000| Complete 
| 123|0x0000000625400000, 0x0000000625800000, 0x0000000625800000|100%| E|CS|TAMS 0x0000000625400000, 0x0000000625400000| Complete 
| 124|0x0000000625800000, 0x0000000625c00000, 0x0000000625c00000|100%| E|CS|TAMS 0x0000000625800000, 0x0000000625800000| Complete 
| 125|0x0000000625c00000, 0x0000000626000000, 0x0000000626000000|100%| E|CS|TAMS 0x0000000625c00000, 0x0000000625c00000| Complete 
| 126|0x0000000626000000, 0x0000000626400000, 0x0000000626400000|100%| E|CS|TAMS 0x0000000626000000, 0x0000000626000000| Complete 

Card table byte_map: [0x000001e42df60000,0x000001e42ef30000] _byte_map_base: 0x000001e42af2c000

Marking Bits (Prev, Next): (CMBitMap*) 0x000001e415e88ce0, (CMBitMap*) 0x000001e415e88d20
 Prev Bits: [0x000001e42ff00000, 0x000001e437d60000)
 Next Bits: [0x000001e437d60000, 0x000001e43fbc0000)

Polling page: 0x000001e413ca0000

Metaspace:

Usage:
  Non-class:      8.25 MB used.
      Class:   1009.91 KB used.
       Both:      9.24 MB used.

Virtual space:
  Non-class space:       16.00 MB reserved,       8.38 MB ( 52%) committed,  2 nodes.
      Class space:        1.00 GB reserved,       1.06 MB ( <1%) committed,  1 nodes.
             Both:        1.02 GB reserved,       9.44 MB ( <1%) committed. 

Chunk freelists:
   Non-Class:  2.72 MB
       Class:  2.88 MB
        Both:  5.61 MB

MaxMetaspaceSize: unlimited
CompressedClassSpaceSize: 1.00 GB
Initial GC threshold: 21.00 MB
Current GC threshold: 21.00 MB
CDS: on
MetaspaceReclaimPolicy: balanced
 - commit_granule_bytes: 65536.
 - commit_granule_words: 8192.
 - virtual_space_node_default_size: 1048576.
 - enlarge_chunks_in_place: 1.
 - new_chunks_are_fully_committed: 0.
 - uncommit_free_chunks: 1.
 - use_allocation_guard: 0.
 - handle_deallocations: 1.


Internal statistics:

num_allocs_failed_limit: 0.
num_arena_births: 198.
num_arena_deaths: 0.
num_vsnodes_births: 3.
num_vsnodes_deaths: 0.
num_space_committed: 151.
num_space_uncommitted: 0.
num_chunks_returned_to_freelist: 0.
num_chunks_taken_from_freelist: 385.
num_chunk_merges: 0.
num_chunk_splits: 230.
num_chunks_enlarged: 133.
num_purges: 0.
num_inconsistent_stats: 0.

CodeHeap 'non-profiled nmethods': size=119168Kb used=901Kb max_used=901Kb free=118266Kb
 bounds [0x000001e4251a0000, 0x000001e425410000, 0x000001e42c600000]
CodeHeap 'profiled nmethods': size=119104Kb used=2976Kb max_used=2976Kb free=116127Kb
 bounds [0x000001e41dd50000, 0x000001e41e040000, 0x000001e4251a0000]
CodeHeap 'non-nmethods': size=7488Kb used=1225Kb max_used=2966Kb free=6263Kb
 bounds [0x000001e41d600000, 0x000001e41d8f0000, 0x000001e41dd50000]
 total_blobs=2288 nmethods=1755 adapters=446
 compilation: enabled
              stopped_count=0, restarted_count=0
 full_count=0

Compilation events (20 events):
Event: 6.048 Thread 0x000001e442cd98f0 1758       3       java.io.OutputStream::<init> (5 bytes)
Event: 6.048 Thread 0x000001e442cd98f0 nmethod 1758 0x000001e41e030c90 code [0x000001e41e030e20, 0x000001e41e030f78]
Event: 6.048 Thread 0x000001e442cd98f0 1759       3       java.io.ObjectStreamClass::processQueue (21 bytes)
Event: 6.048 Thread 0x000001e442cd98f0 nmethod 1759 0x000001e41e031010 code [0x000001e41e0311e0, 0x000001e41e0316b8]
Event: 6.049 Thread 0x000001e442cd98f0 1760       3       java.lang.Float::isNaN (12 bytes)
Event: 6.049 Thread 0x000001e442cd98f0 nmethod 1760 0x000001e41e031890 code [0x000001e41e031a20, 0x000001e41e031b98]
Event: 6.049 Thread 0x000001e442cd98f0 1761       3       sun.rmi.runtime.Log$LoggerLog::isLoggable (9 bytes)
Event: 6.049 Thread 0x000001e442cd98f0 nmethod 1761 0x000001e41e031c10 code [0x000001e41e031dc0, 0x000001e41e032078]
Event: 6.049 Thread 0x000001e442cd98f0 1762       3       java.io.ObjectOutputStream$HandleTable::assign (52 bytes)
Event: 6.050 Thread 0x000001e442cd98f0 nmethod 1762 0x000001e41e032190 code [0x000001e41e032360, 0x000001e41e0325c8]
Event: 6.050 Thread 0x000001e442cd98f0 1763       3       java.io.ObjectOutputStream$BlockDataOutputStream::writeInt (46 bytes)
Event: 6.050 Thread 0x000001e442cd98f0 nmethod 1763 0x000001e41e032710 code [0x000001e41e0328c0, 0x000001e41e032af8]
Event: 6.050 Thread 0x000001e442cd98f0 1765       3       java.io.ObjectOutputStream::writeHandle (22 bytes)
Event: 6.050 Thread 0x000001e442cd98f0 nmethod 1765 0x000001e41e032c10 code [0x000001e41e032dc0, 0x000001e41e032f78]
Event: 6.050 Thread 0x000001e442cd98f0 1764       3       java.io.ObjectStreamField::isPrimitive (23 bytes)
Event: 6.050 Thread 0x000001e442cd98f0 nmethod 1764 0x000001e41e033090 code [0x000001e41e033280, 0x000001e41e033808]
Event: 6.419 Thread 0x000001e442cd98f0 1766       3       java.lang.CharacterData::of (136 bytes)
Event: 6.419 Thread 0x000001e442cd98f0 nmethod 1766 0x000001e41e033a10 code [0x000001e41e033c40, 0x000001e41e034538]
Event: 6.755 Thread 0x000001e442cd98f0 1767       3       java.util.zip.ZipFile::getZipEntry (322 bytes)
Event: 6.756 Thread 0x000001e442cd98f0 nmethod 1767 0x000001e41e034790 code [0x000001e41e034c00, 0x000001e41e0372b8]

GC Heap History (20 events):
Event: 4.855 GC heap before
{Heap before GC invocations=22 (full 0):
 garbage-first heap   total 520192K, used 311216K [0x0000000606800000, 0x0000000800000000)
  region size 4096K, 76 young (311296K), 1 survivors (4096K)
 Metaspace       used 9421K, committed 9664K, reserved 1064960K
  class space    used 1006K, committed 1088K, reserved 1048576K
}
Event: 4.856 GC heap after
{Heap after GC invocations=23 (full 0):
 garbage-first heap   total 520192K, used 4029K [0x0000000606800000, 0x0000000800000000)
  region size 4096K, 1 young (4096K), 1 survivors (4096K)
 Metaspace       used 9421K, committed 9664K, reserved 1064960K
  class space    used 1006K, committed 1088K, reserved 1048576K
}
Event: 5.052 GC heap before
{Heap before GC invocations=23 (full 0):
 garbage-first heap   total 520192K, used 311229K [0x0000000606800000, 0x0000000800000000)
  region size 4096K, 76 young (311296K), 1 survivors (4096K)
 Metaspace       used 9435K, committed 9664K, reserved 1064960K
  class space    used 1007K, committed 1088K, reserved 1048576K
}
Event: 5.052 GC heap after
{Heap after GC invocations=24 (full 0):
 garbage-first heap   total 520192K, used 4025K [0x0000000606800000, 0x0000000800000000)
  region size 4096K, 1 young (4096K), 1 survivors (4096K)
 Metaspace       used 9435K, committed 9664K, reserved 1064960K
  class space    used 1007K, committed 1088K, reserved 1048576K
}
Event: 5.261 GC heap before
{Heap before GC invocations=24 (full 0):
 garbage-first heap   total 520192K, used 311225K [0x0000000606800000, 0x0000000800000000)
  region size 4096K, 76 young (311296K), 1 survivors (4096K)
 Metaspace       used 9435K, committed 9664K, reserved 1064960K
  class space    used 1007K, committed 1088K, reserved 1048576K
}
Event: 5.261 GC heap after
{Heap after GC invocations=25 (full 0):
 garbage-first heap   total 520192K, used 4023K [0x0000000606800000, 0x0000000800000000)
  region size 4096K, 1 young (4096K), 1 survivors (4096K)
 Metaspace       used 9435K, committed 9664K, reserved 1064960K
  class space    used 1007K, committed 1088K, reserved 1048576K
}
Event: 5.460 GC heap before
{Heap before GC invocations=25 (full 0):
 garbage-first heap   total 520192K, used 311223K [0x0000000606800000, 0x0000000800000000)
  region size 4096K, 76 young (311296K), 1 survivors (4096K)
 Metaspace       used 9435K, committed 9664K, reserved 1064960K
  class space    used 1007K, committed 1088K, reserved 1048576K
}
Event: 5.461 GC heap after
{Heap after GC invocations=26 (full 0):
 garbage-first heap   total 520192K, used 4025K [0x0000000606800000, 0x0000000800000000)
  region size 4096K, 1 young (4096K), 1 survivors (4096K)
 Metaspace       used 9435K, committed 9664K, reserved 1064960K
  class space    used 1007K, committed 1088K, reserved 1048576K
}
Event: 5.661 GC heap before
{Heap before GC invocations=26 (full 0):
 garbage-first heap   total 520192K, used 311225K [0x0000000606800000, 0x0000000800000000)
  region size 4096K, 76 young (311296K), 1 survivors (4096K)
 Metaspace       used 9435K, committed 9664K, reserved 1064960K
  class space    used 1007K, committed 1088K, reserved 1048576K
}
Event: 5.662 GC heap after
{Heap after GC invocations=27 (full 0):
 garbage-first heap   total 520192K, used 4028K [0x0000000606800000, 0x0000000800000000)
  region size 4096K, 1 young (4096K), 1 survivors (4096K)
 Metaspace       used 9435K, committed 9664K, reserved 1064960K
  class space    used 1007K, committed 1088K, reserved 1048576K
}
Event: 5.886 GC heap before
{Heap before GC invocations=27 (full 0):
 garbage-first heap   total 520192K, used 311228K [0x0000000606800000, 0x0000000800000000)
  region size 4096K, 76 young (311296K), 1 survivors (4096K)
 Metaspace       used 9435K, committed 9664K, reserved 1064960K
  class space    used 1007K, committed 1088K, reserved 1048576K
}
Event: 5.887 GC heap after
{Heap after GC invocations=28 (full 0):
 garbage-first heap   total 520192K, used 4034K [0x0000000606800000, 0x0000000800000000)
  region size 4096K, 1 young (4096K), 1 survivors (4096K)
 Metaspace       used 9435K, committed 9664K, reserved 1064960K
  class space    used 1007K, committed 1088K, reserved 1048576K
}
Event: 6.098 GC heap before
{Heap before GC invocations=28 (full 0):
 garbage-first heap   total 520192K, used 311234K [0x0000000606800000, 0x0000000800000000)
  region size 4096K, 76 young (311296K), 1 survivors (4096K)
 Metaspace       used 9439K, committed 9664K, reserved 1064960K
  class space    used 1007K, committed 1088K, reserved 1048576K
}
Event: 6.099 GC heap after
{Heap after GC invocations=29 (full 0):
 garbage-first heap   total 520192K, used 4036K [0x0000000606800000, 0x0000000800000000)
  region size 4096K, 1 young (4096K), 1 survivors (4096K)
 Metaspace       used 9439K, committed 9664K, reserved 1064960K
  class space    used 1007K, committed 1088K, reserved 1048576K
}
Event: 6.296 GC heap before
{Heap before GC invocations=29 (full 0):
 garbage-first heap   total 520192K, used 311236K [0x0000000606800000, 0x0000000800000000)
  region size 4096K, 76 young (311296K), 1 survivors (4096K)
 Metaspace       used 9439K, committed 9664K, reserved 1064960K
  class space    used 1007K, committed 1088K, reserved 1048576K
}
Event: 6.296 GC heap after
{Heap after GC invocations=30 (full 0):
 garbage-first heap   total 520192K, used 4036K [0x0000000606800000, 0x0000000800000000)
  region size 4096K, 1 young (4096K), 1 survivors (4096K)
 Metaspace       used 9439K, committed 9664K, reserved 1064960K
  class space    used 1007K, committed 1088K, reserved 1048576K
}
Event: 6.498 GC heap before
{Heap before GC invocations=30 (full 0):
 garbage-first heap   total 520192K, used 311236K [0x0000000606800000, 0x0000000800000000)
  region size 4096K, 76 young (311296K), 1 survivors (4096K)
 Metaspace       used 9439K, committed 9664K, reserved 1064960K
  class space    used 1007K, committed 1088K, reserved 1048576K
}
Event: 6.499 GC heap after
{Heap after GC invocations=31 (full 0):
 garbage-first heap   total 520192K, used 4034K [0x0000000606800000, 0x0000000800000000)
  region size 4096K, 1 young (4096K), 1 survivors (4096K)
 Metaspace       used 9439K, committed 9664K, reserved 1064960K
  class space    used 1007K, committed 1088K, reserved 1048576K
}
Event: 6.702 GC heap before
{Heap before GC invocations=31 (full 0):
 garbage-first heap   total 520192K, used 311234K [0x0000000606800000, 0x0000000800000000)
  region size 4096K, 76 young (311296K), 1 survivors (4096K)
 Metaspace       used 9439K, committed 9664K, reserved 1064960K
  class space    used 1007K, committed 1088K, reserved 1048576K
}
Event: 6.702 GC heap after
{Heap after GC invocations=32 (full 0):
 garbage-first heap   total 520192K, used 4034K [0x0000000606800000, 0x0000000800000000)
  region size 4096K, 1 young (4096K), 1 survivors (4096K)
 Metaspace       used 9439K, committed 9664K, reserved 1064960K
  class space    used 1007K, committed 1088K, reserved 1048576K
}

Deoptimization events (20 events):
Event: 1.418 Thread 0x000001e415e0ecf0 Uncommon trap: trap_request=0xffffff45 fr.pc=0x000001e42524623c relative=0x000000000000021c
Event: 1.418 Thread 0x000001e415e0ecf0 Uncommon trap: reason=unstable_if action=reinterpret pc=0x000001e42524623c method=com.resourcebox.demo.NewValidationApp.main([Ljava/lang/String;)V @ 191 c2
Event: 1.418 Thread 0x000001e415e0ecf0 DEOPT PACKING pc=0x000001e42524623c sp=0x0000008fc10ff070
Event: 1.418 Thread 0x000001e415e0ecf0 DEOPT UNPACKING pc=0x000001e41d6523a3 sp=0x0000008fc10fefd0 mode 2
Event: 1.422 Thread 0x000001e415e0ecf0 Uncommon trap: trap_request=0xffffff45 fr.pc=0x000001e4251dfb48 relative=0x0000000000000048
Event: 1.422 Thread 0x000001e415e0ecf0 Uncommon trap: reason=unstable_if action=reinterpret pc=0x000001e4251dfb48 method=java.lang.CharacterData.of(I)Ljava/lang/CharacterData; @ 4 c2
Event: 1.422 Thread 0x000001e415e0ecf0 DEOPT PACKING pc=0x000001e4251dfb48 sp=0x0000008fc10fe360
Event: 1.422 Thread 0x000001e415e0ecf0 DEOPT UNPACKING pc=0x000001e41d6523a3 sp=0x0000008fc10fe300 mode 2
Event: 1.434 Thread 0x000001e415e0ecf0 DEOPT PACKING pc=0x000001e41dffbd85 sp=0x0000008fc10fef60
Event: 1.434 Thread 0x000001e415e0ecf0 DEOPT UNPACKING pc=0x000001e41d652b43 sp=0x0000008fc10fe4c8 mode 0
Event: 2.116 Thread 0x000001e4443e0cd0 DEOPT PACKING pc=0x000001e41dfe9d13 sp=0x0000008fc30ff450
Event: 2.116 Thread 0x000001e4443e0cd0 DEOPT UNPACKING pc=0x000001e41d652b43 sp=0x0000008fc30fe948 mode 0
Event: 6.754 Thread 0x000001e415e0ecf0 Uncommon trap: trap_request=0xffffff45 fr.pc=0x000001e4252751f0 relative=0x0000000000000490
Event: 6.754 Thread 0x000001e415e0ecf0 Uncommon trap: reason=unstable_if action=reinterpret pc=0x000001e4252751f0 method=java.util.concurrent.atomic.AtomicBoolean.get()Z @ 4 c2
Event: 6.754 Thread 0x000001e415e0ecf0 DEOPT PACKING pc=0x000001e4252751f0 sp=0x0000008fc10ff060
Event: 6.755 Thread 0x000001e415e0ecf0 DEOPT UNPACKING pc=0x000001e41d6523a3 sp=0x0000008fc10fef70 mode 2
Event: 6.756 Thread 0x000001e4443e0cd0 Uncommon trap: trap_request=0xffffff45 fr.pc=0x000001e425279d8c relative=0x0000000000000dac
Event: 6.756 Thread 0x000001e4443e0cd0 Uncommon trap: reason=unstable_if action=reinterpret pc=0x000001e425279d8c method=org.agrona.concurrent.ringbuffer.ManyToOneRingBuffer.controlledRead(Lorg/agrona/concurrent/ControlledMessageHandler;I)I @ 86 c2
Event: 6.756 Thread 0x000001e4443e0cd0 DEOPT PACKING pc=0x000001e425279d8c sp=0x0000008fc30ff370
Event: 6.756 Thread 0x000001e4443e0cd0 DEOPT UNPACKING pc=0x000001e41d6523a3 sp=0x0000008fc30ff210 mode 2

Classes unloaded (0 events):
No events

Classes redefined (0 events):
No events

Internal exceptions (20 events):
Event: 0.104 Thread 0x000001e415e0ecf0 Exception <a 'java/lang/NoSuchMethodError'{0x0000000625d93180}: 'java.lang.Object java.lang.invoke.DirectMethodHandle$Holder.invokeStaticInit(java.lang.Object, java.lang.Object, long, java.lang.Object)'> (0x0000000625d93180) 
thrown [t:\workspace\open\src\hotspot\share\interpreter\linkResolver.cpp, line 766]
Event: 0.105 Thread 0x000001e415e0ecf0 Exception <a 'java/lang/NoSuchMethodError'{0x0000000625d997a0}: 'java.lang.Object java.lang.invoke.DirectMethodHandle$Holder.newInvokeSpecial(java.lang.Object, java.lang.Object, long)'> (0x0000000625d997a0) 
thrown [t:\workspace\open\src\hotspot\share\interpreter\linkResolver.cpp, line 766]
Event: 0.105 Thread 0x000001e415e0ecf0 Exception <a 'java/lang/NoSuchMethodError'{0x0000000625d9d7e8}: 'java.lang.Object java.lang.invoke.Invokers$Holder.linkToTargetMethod(java.lang.Object, long, java.lang.Object)'> (0x0000000625d9d7e8) 
thrown [t:\workspace\open\src\hotspot\share\interpreter\linkResolver.cpp, line 766]
Event: 0.117 Thread 0x000001e415e0ecf0 Exception <a 'java/lang/NoSuchMethodError'{0x0000000625de8550}: 'void java.lang.invoke.DirectMethodHandle$Holder.invokeStaticInit(java.lang.Object, java.lang.Object)'> (0x0000000625de8550) 
thrown [t:\workspace\open\src\hotspot\share\interpreter\linkResolver.cpp, line 766]
Event: 0.121 Thread 0x000001e442f4fda0 Exception <a 'java/lang/NoSuchMethodError'{0x0000000625e4fcb8}: 'void java.lang.invoke.DirectMethodHandle$Holder.invokeInterface(java.lang.Object, java.lang.Object)'> (0x0000000625e4fcb8) 
thrown [t:\workspace\open\src\hotspot\share\interpreter\linkResolver.cpp, line 766]
Event: 0.128 Thread 0x000001e442f4fda0 Exception <a 'java/lang/NoSuchMethodError'{0x0000000625f2dbf0}: 'java.lang.Object java.lang.invoke.Invokers$Holder.invoke_MT(java.lang.Object, java.lang.Object, java.lang.Object, java.lang.Object, java.lang.Object)'> (0x0000000625f2dbf0) 
thrown [t:\workspace\open\src\hotspot\share\interpreter\linkResolver.cpp, line 766]
Event: 0.129 Thread 0x000001e442f4fda0 Exception <a 'java/lang/NoSuchMethodError'{0x0000000625f42818}: 'int java.lang.invoke.DirectMethodHandle$Holder.invokeSpecial(java.lang.Object, java.lang.Object, java.lang.Object)'> (0x0000000625f42818) 
thrown [t:\workspace\open\src\hotspot\share\interpreter\linkResolver.cpp, line 766]
Event: 0.130 Thread 0x000001e442f4fda0 Exception <a 'java/lang/NoSuchMethodError'{0x0000000625f49b00}: 'int java.lang.invoke.Invokers$Holder.linkToTargetMethod(java.lang.Object, java.lang.Object, java.lang.Object)'> (0x0000000625f49b00) 
thrown [t:\workspace\open\src\hotspot\share\interpreter\linkResolver.cpp, line 766]
Event: 0.137 Thread 0x000001e442f4fda0 Exception <a 'java/lang/NoSuchMethodError'{0x0000000625fec8c0}: 'void java.lang.invoke.DirectMethodHandle$Holder.invokeStatic(java.lang.Object, java.lang.Object, java.lang.Object)'> (0x0000000625fec8c0) 
thrown [t:\workspace\open\src\hotspot\share\interpreter\linkResolver.cpp, line 766]
Event: 0.154 Thread 0x000001e442f4fda0 Exception <a 'java/lang/NoSuchMethodError'{0x0000000625860b80}: 'java.lang.Object java.lang.invoke.DirectMethodHandle$Holder.invokeStaticInit(java.lang.Object, int, int, int, int)'> (0x0000000625860b80) 
thrown [t:\workspace\open\src\hotspot\share\interpreter\linkResolver.cpp, line 766]
Event: 0.169 Thread 0x000001e442cd16e0 Exception <a 'java/lang/NoSuchMethodError'{0x00000006258b9638}: 'int java.lang.invoke.DirectMethodHandle$Holder.invokeInterface(java.lang.Object, java.lang.Object)'> (0x00000006258b9638) 
thrown [t:\workspace\open\src\hotspot\share\interpreter\linkResolver.cpp, line 766]
Event: 0.169 Thread 0x000001e442cd16e0 Exception <a 'java/lang/IncompatibleClassChangeError'{0x00000006258bcb20}: Found class java.lang.Object, but interface was expected> (0x00000006258bcb20) 
thrown [t:\workspace\open\src\hotspot\share\interpreter\linkResolver.cpp, line 833]
Event: 0.200 Thread 0x000001e442f4fda0 Exception <a 'java/lang/NoSuchMethodError'{0x00000006259e3950}: 'java.lang.Object java.lang.invoke.DirectMethodHandle$Holder.invokeStaticInit(java.lang.Object, java.lang.Object, int, int, int, int)'> (0x00000006259e3950) 
thrown [t:\workspace\open\src\hotspot\share\interpreter\linkResolver.cpp, line 766]
Event: 0.226 Thread 0x000001e442f4fda0 Exception <a 'java/lang/NoSuchMethodError'{0x0000000625ac3148}: 'java.lang.Object java.lang.invoke.DirectMethodHandle$Holder.invokeSpecial(java.lang.Object, java.lang.Object, int, java.lang.Object, java.lang.Object)'> (0x0000000625ac3148) 
thrown [t:\workspace\open\src\hotspot\share\interpreter\linkResolver.cpp, line 766]
Event: 0.239 Thread 0x000001e442f4fda0 Exception <a 'java/lang/NoSuchMethodError'{0x0000000625adef68}: 'java.lang.Object java.lang.invoke.Invokers$Holder.invoke_MT(java.lang.Object, java.lang.Object, java.lang.Object)'> (0x0000000625adef68) 
thrown [t:\workspace\open\src\hotspot\share\interpreter\linkResolver.cpp, line 766]
Event: 0.264 Thread 0x000001e442f4fda0 Exception <a 'java/lang/NoSuchMethodError'{0x00000006254c6060}: 'void java.lang.invoke.DirectMethodHandle$Holder.invokeSpecial(java.lang.Object, java.lang.Object, java.lang.Object)'> (0x00000006254c6060) 
thrown [t:\workspace\open\src\hotspot\share\interpreter\linkResolver.cpp, line 766]
Event: 0.267 Thread 0x000001e442cd16e0 Exception <a 'java/lang/ClassNotFoundException'{0x0000000625433fe0}: javax/management/remote/rmi/RMIServerImpl_Skel> (0x0000000625433fe0) 
thrown [t:\workspace\open\src\hotspot\share\classfile\systemDictionary.cpp, line 256]
Event: 0.319 Thread 0x000001e444049d80 Exception <a 'java/lang/NoSuchMethodError'{0x0000000625745008}: static [B.<clinit>()V> (0x0000000625745008) 
thrown [t:\workspace\open\src\hotspot\share\prims\jni.cpp, line 1107]
Event: 0.323 Thread 0x000001e444049d80 Exception <a 'java/lang/ClassNotFoundException'{0x000000062574d848}: javax/management/remote/rmi/RMIConnectionImpl_Skel> (0x000000062574d848) 
thrown [t:\workspace\open\src\hotspot\share\classfile\systemDictionary.cpp, line 256]
Event: 0.385 Thread 0x000001e415e0ecf0 Exception <a 'java/lang/NoSuchMethodError'{0x00000006251e8428}: 'void java.lang.invoke.DirectMethodHandle$Holder.invokeVirtual(java.lang.Object, java.lang.Object)'> (0x00000006251e8428) 
thrown [t:\workspace\open\src\hotspot\share\interpreter\linkResolver.cpp, line 766]

VM Operations (20 events):
Event: 4.855 Executing VM operation: G1CollectForAllocation
Event: 4.856 Executing VM operation: G1CollectForAllocation done
Event: 5.052 Executing VM operation: G1CollectForAllocation
Event: 5.052 Executing VM operation: G1CollectForAllocation done
Event: 5.261 Executing VM operation: G1CollectForAllocation
Event: 5.261 Executing VM operation: G1CollectForAllocation done
Event: 5.460 Executing VM operation: G1CollectForAllocation
Event: 5.461 Executing VM operation: G1CollectForAllocation done
Event: 5.661 Executing VM operation: G1CollectForAllocation
Event: 5.662 Executing VM operation: G1CollectForAllocation done
Event: 5.886 Executing VM operation: G1CollectForAllocation
Event: 5.887 Executing VM operation: G1CollectForAllocation done
Event: 6.098 Executing VM operation: G1CollectForAllocation
Event: 6.099 Executing VM operation: G1CollectForAllocation done
Event: 6.296 Executing VM operation: G1CollectForAllocation
Event: 6.296 Executing VM operation: G1CollectForAllocation done
Event: 6.498 Executing VM operation: G1CollectForAllocation
Event: 6.499 Executing VM operation: G1CollectForAllocation done
Event: 6.701 Executing VM operation: G1CollectForAllocation
Event: 6.702 Executing VM operation: G1CollectForAllocation done

Events (20 events):
Event: 1.420 loading class java/util/spi/ResourceBundleProvider done
Event: 1.420 loading class sun/util/resources/LocaleData$LocaleDataResourceBundleProvider done
Event: 1.420 loading class sun/util/resources/LocaleData$CommonResourceBundleProvider done
Event: 1.420 loading class sun/util/resources/Bundles$2
Event: 1.420 loading class sun/util/resources/Bundles$2 done
Event: 1.575 loading class javax/management/openmbean/CompositeDataSupport
Event: 1.575 loading class javax/management/openmbean/CompositeDataSupport done
Event: 1.576 loading class javax/management/openmbean/OpenDataException
Event: 1.576 loading class javax/management/openmbean/OpenDataException done
Event: 1.579 loading class java/io/ObjectStreamException
Event: 1.579 loading class java/io/ObjectStreamException done
Event: 3.339 Thread 0x000001e442df9070 Thread exited: 0x000001e442df9070
Event: 6.753 loading class jdk/internal/misc/Signal$1
Event: 6.754 loading class jdk/internal/misc/Signal$1 done
Event: 6.754 Thread 0x000001e44a54e5b0 Thread added: 0x000001e44a54e5b0
Event: 6.754 Thread 0x000001e44a54ef50 Thread added: 0x000001e44a54ef50
Event: 6.754 Thread 0x000001e44a550290 Thread added: 0x000001e44a550290
Event: 6.754 Thread 0x000001e44a54f420 Thread added: 0x000001e44a54f420
Event: 6.754 Thread 0x000001e44a54f420 Thread exited: 0x000001e44a54f420
Event: 6.755 Thread 0x000001e44a54ef50 Thread exited: 0x000001e44a54ef50


Dynamic libraries:
0x00007ff77d920000 - 0x00007ff77d92e000 	C:\.jdk\jdk-17\bin\java.exe
0x00007ffc41d20000 - 0x00007ffc41f87000 	C:\WINDOWS\SYSTEM32\ntdll.dll
0x00007ffc3fc30000 - 0x00007ffc3fcf9000 	C:\WINDOWS\System32\KERNEL32.DLL
0x00007ffc3f3d0000 - 0x00007ffc3f7c7000 	C:\WINDOWS\System32\KERNELBASE.dll
0x00007ffc3f950000 - 0x00007ffc3fa9b000 	C:\WINDOWS\System32\ucrtbase.dll
0x00007ffc20620000 - 0x00007ffc20638000 	C:\.jdk\jdk-17\bin\jli.dll
0x00007ffc20b00000 - 0x00007ffc20b1a000 	C:\.jdk\jdk-17\bin\VCRUNTIME140.dll
0x00007ffc41610000 - 0x00007ffc417d6000 	C:\WINDOWS\System32\USER32.dll
0x00007ffc3f2e0000 - 0x00007ffc3f307000 	C:\WINDOWS\System32\win32u.dll
0x00007ffc417e0000 - 0x00007ffc4180b000 	C:\WINDOWS\System32\GDI32.dll
0x00007ffc3f1b0000 - 0x00007ffc3f2dc000 	C:\WINDOWS\System32\gdi32full.dll
0x00007ffc3f100000 - 0x00007ffc3f1a3000 	C:\WINDOWS\System32\msvcp_win.dll
0x00007ffc1d3e0000 - 0x00007ffc1d672000 	C:\WINDOWS\WinSxS\amd64_microsoft.windows.common-controls_6595b64144ccf1df_6.0.26100.8457_none_3e0b2faee331e92d\COMCTL32.dll
0x00007ffc41c20000 - 0x00007ffc41cc9000 	C:\WINDOWS\System32\msvcrt.dll
0x00007ffc40fa0000 - 0x00007ffc40fd2000 	C:\WINDOWS\System32\IMM32.DLL
0x00007ffc28340000 - 0x00007ffc2834c000 	C:\.jdk\jdk-17\bin\vcruntime140_1.dll
0x00007ffbcb910000 - 0x00007ffbcb99d000 	C:\.jdk\jdk-17\bin\msvcp140.dll
0x00007ffac4f70000 - 0x00007ffac5b2e000 	C:\.jdk\jdk-17\bin\server\jvm.dll
0x00007ffc40ee0000 - 0x00007ffc40f96000 	C:\WINDOWS\System32\ADVAPI32.dll
0x00007ffc40320000 - 0x00007ffc403c7000 	C:\WINDOWS\System32\sechost.dll
0x00007ffc3fb10000 - 0x00007ffc3fc28000 	C:\WINDOWS\System32\RPCRT4.dll
0x00007ffc411e0000 - 0x00007ffc411e8000 	C:\WINDOWS\System32\PSAPI.DLL
0x00007ffc25ca0000 - 0x00007ffc25cd6000 	C:\WINDOWS\SYSTEM32\WINMM.dll
0x00007ffc1e430000 - 0x00007ffc1e43a000 	C:\WINDOWS\SYSTEM32\WSOCK32.dll
0x00007ffc40e00000 - 0x00007ffc40e80000 	C:\WINDOWS\System32\WS2_32.dll
0x00007ffc28d90000 - 0x00007ffc28d9b000 	C:\WINDOWS\SYSTEM32\VERSION.dll
0x00007ffc3d4a0000 - 0x00007ffc3d4bb000 	C:\WINDOWS\SYSTEM32\kernel.appcore.dll
0x00007ffc28110000 - 0x00007ffc2811a000 	C:\.jdk\jdk-17\bin\jimage.dll
0x00007ffc3c830000 - 0x00007ffc3ca72000 	C:\WINDOWS\SYSTEM32\DBGHELP.DLL
0x00007ffc41280000 - 0x00007ffc41603000 	C:\WINDOWS\System32\combase.dll
0x00007ffc40ca0000 - 0x00007ffc40d79000 	C:\WINDOWS\System32\OLEAUT32.dll
0x00007ffc1ee20000 - 0x00007ffc1ee5b000 	C:\WINDOWS\SYSTEM32\dbgcore.DLL
0x00007ffc3efc0000 - 0x00007ffc3f068000 	C:\WINDOWS\System32\bcryptPrimitives.dll
0x00007ffc394f0000 - 0x00007ffc394fe000 	C:\.jdk\jdk-17\bin\instrument.dll
0x00007ffc25e50000 - 0x00007ffc25e75000 	C:\.jdk\jdk-17\bin\java.dll
0x00007ffbba480000 - 0x00007ffbba556000 	C:\.jdk\jdk-17\bin\svml.dll
0x00007ffc403d0000 - 0x00007ffc40b3e000 	C:\WINDOWS\System32\SHELL32.dll
0x00007ffc3e750000 - 0x00007ffc3efbc000 	C:\WINDOWS\System32\windows.storage.dll
0x00007ffc40ba0000 - 0x00007ffc40c96000 	C:\WINDOWS\System32\SHCORE.dll
0x00007ffc3faa0000 - 0x00007ffc3fb06000 	C:\WINDOWS\System32\shlwapi.dll
0x00007ffc3e670000 - 0x00007ffc3e699000 	C:\WINDOWS\SYSTEM32\profapi.dll
0x00007ffc0a430000 - 0x00007ffc0a448000 	C:\.jdk\jdk-17\bin\zip.dll
0x00007ffc20bb0000 - 0x00007ffc20bc9000 	C:\.jdk\jdk-17\bin\net.dll
0x00007ffc34ad0000 - 0x00007ffc34bf9000 	C:\WINDOWS\SYSTEM32\WINHTTP.dll
0x00007ffc3d9f0000 - 0x00007ffc3da5c000 	C:\WINDOWS\system32\mswsock.dll
0x00007ffc13230000 - 0x00007ffc13245000 	C:\.jdk\jdk-17\bin\nio.dll
0x00007ffc3d020000 - 0x00007ffc3d152000 	C:\WINDOWS\SYSTEM32\DNSAPI.dll
0x00007ffc3cfe0000 - 0x00007ffc3d012000 	C:\WINDOWS\SYSTEM32\IPHLPAPI.DLL
0x00007ffc418d0000 - 0x00007ffc418da000 	C:\WINDOWS\System32\NSI.dll
0x00007ffc34fe0000 - 0x00007ffc34feb000 	C:\Windows\System32\rasadhlp.dll
0x00007ffc3ddf0000 - 0x00007ffc3de0b000 	C:\WINDOWS\SYSTEM32\CRYPTSP.dll
0x00007ffc35460000 - 0x00007ffc354e6000 	C:\WINDOWS\System32\fwpuclnt.dll
0x00007ffc3d400000 - 0x00007ffc3d439000 	C:\WINDOWS\system32\rsaenh.dll
0x00007ffc3daa0000 - 0x00007ffc3dad3000 	C:\WINDOWS\SYSTEM32\USERENV.dll
0x00007ffc3e640000 - 0x00007ffc3e66a000 	C:\WINDOWS\SYSTEM32\bcrypt.dll
0x00007ffc3dc50000 - 0x00007ffc3dc5c000 	C:\WINDOWS\SYSTEM32\CRYPTBASE.dll
0x00007ffc394c0000 - 0x00007ffc394c9000 	C:\.jdk\jdk-17\bin\management.dll
0x00007ffc37460000 - 0x00007ffc3746b000 	C:\.jdk\jdk-17\bin\management_ext.dll
0x00007ffc35090000 - 0x00007ffc350ad000 	C:\WINDOWS\SYSTEM32\dhcpcsvc6.DLL
0x00007ffc34da0000 - 0x00007ffc34dc5000 	C:\WINDOWS\SYSTEM32\dhcpcsvc.DLL
0x00007ffc19760000 - 0x00007ffc19778000 	C:\WINDOWS\system32\napinsp.dll
0x00007ffc18cf0000 - 0x00007ffc18d03000 	C:\WINDOWS\System32\winrnr.dll
0x00007ffc18c30000 - 0x00007ffc18c52000 	C:\WINDOWS\system32\nlansp_c.dll
0x00007ffc2b9c0000 - 0x00007ffc2b9d6000 	C:\WINDOWS\system32\wshbth.dll
0x00007ffc280e0000 - 0x00007ffc280ee000 	C:\.jdk\jdk-17\bin\sunmscapi.dll
0x00007ffc3f7d0000 - 0x00007ffc3f948000 	C:\WINDOWS\System32\CRYPT32.dll
0x00007ffc3dfc0000 - 0x00007ffc3dff0000 	C:\WINDOWS\SYSTEM32\ncrypt.dll
0x00007ffc3df70000 - 0x00007ffc3dfaf000 	C:\WINDOWS\SYSTEM32\NTASN1.dll
0x00007ffc082d0000 - 0x00007ffc082d8000 	C:\WINDOWS\system32\wshunix.dll
0x00007ffbfffa0000 - 0x00007ffbffff6000 	C:\WINDOWS\SYSTEM32\pdh.dll
0x00007ffc32780000 - 0x00007ffc32792000 	C:\WINDOWS\System32\perfproc.dll
0x00007ffc279c0000 - 0x00007ffc279d1000 	C:\WINDOWS\System32\perfos.dll
0x00007ffc3cb80000 - 0x00007ffc3cb92000 	C:\WINDOWS\SYSTEM32\pfclient.dll

dbghelp: loaded successfully - version: 4.0.5 - missing functions: none
symbol engine: initialized successfully - sym options: 0x614 - pdb path: .;C:\.jdk\jdk-17\bin;C:\WINDOWS\SYSTEM32;C:\WINDOWS\WinSxS\amd64_microsoft.windows.common-controls_6595b64144ccf1df_6.0.26100.8457_none_3e0b2faee331e92d;C:\.jdk\jdk-17\bin\server

VM Arguments:
jvm_args: --add-exports=java.base/jdk.internal.misc=ALL-UNNAMED --add-opens=java.base/jdk.internal.misc=ALL-UNNAMED --add-opens=java.base/java.nio=ALL-UNNAMED --add-opens=java.base/sun.nio.ch=ALL-UNNAMED -javaagent:C:\Program Files\JetBrains\IntelliJ IDEA 2024.3.5\lib\idea_rt.jar=61687 -Dfile.encoding=UTF-8 
java_command: com.resourcebox.demo.NewValidationApp
java_class_path (initial): C:\hooniegit\Git\ResourceBox\MediaDriver\java\MediaDriver\target\classes;C:\Users\dhkim\.m2\repository\io\aeron\aeron-all\1.50.4\aeron-all-1.50.4.jar;C:\Users\dhkim\.m2\repository\org\slf4j\slf4j-api\2.0.17\slf4j-api-2.0.17.jar
Launcher Type: SUN_STANDARD

[Global flags]
     intx CICompilerCount                          = 12                                        {product} {ergonomic}
     uint ConcGCThreads                            = 4                                         {product} {ergonomic}
     uint G1ConcRefinementThreads                  = 14                                        {product} {ergonomic}
   size_t G1HeapRegionSize                         = 4194304                                   {product} {ergonomic}
    uintx GCDrainStackTargetSize                   = 64                                        {product} {ergonomic}
   size_t InitialHeapSize                          = 532676608                                 {product} {ergonomic}
   size_t MarkStackSize                            = 4194304                                   {product} {ergonomic}
   size_t MaxHeapSize                              = 8480882688                                {product} {ergonomic}
   size_t MaxNewSize                               = 5087690752                                {product} {ergonomic}
   size_t MinHeapDeltaBytes                        = 4194304                                   {product} {ergonomic}
   size_t MinHeapSize                              = 8388608                                   {product} {ergonomic}
    uintx NonNMethodCodeHeapSize                   = 7602480                                {pd product} {ergonomic}
    uintx NonProfiledCodeHeapSize                  = 122027880                              {pd product} {ergonomic}
    uintx ProfiledCodeHeapSize                     = 122027880                              {pd product} {ergonomic}
    uintx ReservedCodeCacheSize                    = 251658240                              {pd product} {ergonomic}
     bool SegmentedCodeCache                       = true                                      {product} {ergonomic}
   size_t SoftMaxHeapSize                          = 8480882688                             {manageable} {ergonomic}
     bool UseCompressedClassPointers               = true                           {product lp64_product} {ergonomic}
     bool UseCompressedOops                        = true                           {product lp64_product} {ergonomic}
     bool UseG1GC                                  = true                                      {product} {ergonomic}
     bool UseLargePagesIndividualAllocation        = false                                  {pd product} {ergonomic}

Logging:
Log output configuration:
 #0: stdout all=warning uptime,level,tags
 #1: stderr all=off uptime,level,tags

Environment Variables:
JAVA_HOME=C:\.jdk\jdk-17
PATH=c:\Users\dhkim\AppData\Local\Programs\cursor\resources\app\bin;C:\Program Files (x86)\Microsoft\Edge\Application;C:\WINDOWS\system32;C:\WINDOWS;C:\WINDOWS\System32\Wbem;C:\WINDOWS\System32\WindowsPowerShell\v1.0\;C:\WINDOWS\System32\OpenSSH\;C:\Program Files (x86)\Microsoft SQL Server\160\Tools\Binn\;C:\Program Files\Microsoft SQL Server\160\Tools\Binn\;C:\Program Files\Microsoft SQL Server\Client SDK\ODBC\170\Tools\Binn\;C:\Program Files\Microsoft SQL Server\160\DTS\Binn\;C:\Program Files (x86)\Microsoft SQL Server\160\DTS\Binn\;C:\Program Files\Bandizip\;C:\Program Files\dotnet\;C:\Program Files\Git\cmd;C:\.jdk\jdk-17\bin;C:\Program Files\Microsoft SQL Server\150\Tools\Binn\;C:\Program Files (x86)\Windows Kits\10\Windows Performance Toolkit\;C:\Users\dhkim\AppData\Local\Programs\Python\Launcher\;C:\Users\dhkim\AppData\Local\Microsoft\WindowsApps;C:\Users\dhkim\.dotnet\tools;c:\Users\dhkim\AppData\Local\Programs\cursor\resources\app\bin;c:\Users\dhkim\AppData\Local\Programs\cursor\resources\app\bin;C:\Users\dhkim\protoc\bin;C:\Users\dhkim\AppData\Local\Programs\Python\Launcher\;C:\Users\dhkim\AppData\Local\Microsoft\WindowsApps;C:\Users\dhkim\AppData\Local\Programs\Microsoft VS Code\bin;C:\Users\dhkim\.dotnet\tools;C:\Users\dhkim\AppData\Local\Programs\cursor\resources\app\bin;C:\Program Files\JetBrains\IntelliJ IDEA 2024.3.5\bin;;C:\Users\dhkim\AppData\Local\JetBrains\PyCharm 2025.1.1\bin;
USERNAME=dhkim
OS=Windows_NT
PROCESSOR_IDENTIFIER=Intel64 Family 6 Model 170 Stepping 4, GenuineIntel



---------------  S Y S T E M  ---------------

OS:
 Windows 10 , 64 bit Build 26100 (10.0.26100.8328)
OS uptime: 6 days 23:23 hours
Hyper-V role detected

CPU: total 18 (initial active 18) (9 cores per cpu, 2 threads per core) family 6 model 170 stepping 4 microcode 0x1c, cx8, cmov, fxsr, ht, mmx, 3dnowpref, sse, sse2, sse3, ssse3, sse4.1, sse4.2, popcnt, lzcnt, tsc, tscinvbit, avx, avx2, aes, erms, clmul, bmi1, bmi2, adx, sha, fma, vzeroupper, clflush, clflushopt, clwb, hv

Memory: 4k page, system-wide physical 32348M (7819M free)
TotalPageFile size 48732M (AvailPageFile size 12015M)
current process WorkingSet (physical memory assigned to process): 571M, peak: 977M
current process commit charge ("private bytes"): 654M, peak: 674M

vm_info: OpenJDK 64-Bit Server VM (17+35-2724) for windows-amd64 JRE (17+35-2724), built on Aug  5 2021 23:26:02 by "mach5one" with MS VC++ 16.8 (VS2019)

END.
