#
# A fatal error has been detected by the Java Runtime Environment:
#
#  EXCEPTION_ACCESS_VIOLATION (0xc0000005) at pc=0x0000026313794c7c, pid=57380, tid=33644
#
# JRE version: OpenJDK Runtime Environment (17.0+35) (build 17+35-2724)
# Java VM: OpenJDK 64-Bit Server VM (17+35-2724, mixed mode, sharing, tiered, compressed oops, compressed class ptrs, g1 gc, windows-amd64)
# Problematic frame:
# J 1602 c2 io.aeron.driver.ClientCommandAdapter.receive()I (12 bytes) @ 0x0000026313794c7c [0x0000026313794b80+0x00000000000000fc]
#
# No core dump will be written. Minidumps are not enabled by default on client versions of Windows
#
# If you would like to submit a bug report, please visit:
#   https://bugreport.java.com/bugreport/crash.jsp
#

---------------  S U M M A R Y ------------

Command Line: --add-exports=java.base/jdk.internal.misc=ALL-UNNAMED --add-opens=java.base/jdk.internal.misc=ALL-UNNAMED --add-opens=java.base/java.nio=ALL-UNNAMED --add-opens=java.base/sun.nio.ch=ALL-UNNAMED -javaagent:C:\Program Files\JetBrains\IntelliJ IDEA 2024.3.5\lib\idea_rt.jar=54616 -Dfile.encoding=UTF-8 com.resourcebox.demo.NewValidationApp

Host: Intel(R) Core(TM) Ultra 5 125H, 18 cores, 31G,  Windows 10 , 64 bit Build 26100 (10.0.26100.8328)
Time: Tue Jun 16 08:17:43 2026  Windows 10 , 64 bit Build 26100 (10.0.26100.8328) elapsed time: 13.725704 seconds (0d 0h 0m 13s)

---------------  T H R E A D  ---------------

Current thread (0x0000026333295bd0):  JavaThread "driver-conductor" daemon [_thread_in_Java, id=33644, stack(0x000000a17fa00000,0x000000a17fb00000)]

Stack: [0x000000a17fa00000,0x000000a17fb00000],  sp=0x000000a17faff470,  free space=1021k
Native frames: (J=compiled Java code, j=interpreted, Vv=VM code, C=native code)
C  0x0000026313794c7c


siginfo: EXCEPTION_ACCESS_VIOLATION (0xc0000005), reading address 0x0000026333340110


Register to memory mapping:

RIP=0x0000026313794c7c is at entry_point+252 in (nmethod*)0x0000026313794990
RAX=0x0 is NULL
RBX=0x0000000000000090 is an unknown value
RCX=0x0 is NULL
RDX=0x0 is NULL
RSP=0x000000a17faff470 is pointing into the stack for thread: 0x0000026333295bd0
RBP=0x0000026333340110 is an unknown value
RSI=0x0000026333340080 is an unknown value
RDI=0x0000000000100180 is an unknown value
R8 =0x0000000606866ce0 is an oop: org.agrona.concurrent.UnsafeBuffer 
{0x0000000606866ce0} - klass: 'org/agrona/concurrent/UnsafeBuffer'
 - ---- fields (total size 5 words):
 - protected 'capacity' 'I' @12  1049344 (100300)
 - protected 'addressOffset' 'J' @16  2625084063872 (33340080 263)
 - protected 'byteArray' '[B' @24  NULL (0)
 - private 'wrapAdjustment' 'I' @28  128 (80)
 - private 'byteBuffer' 'Ljava/nio/ByteBuffer;' @32  a 'java/nio/DirectByteBuffer'{0x000000060680d508} (c0d01aa1)
R9 =0x00000000000fff70 is an unknown value
R10=0x0000000000000090 is an unknown value
R11=0x0000000000000090 is an unknown value
R12=0x0 is NULL
R13=0x0000000000100180 is an unknown value
R14=0x0000000606870a40 is an oop: io.aeron.driver.ClientCommandAdapter 
{0x0000000606870a40} - klass: 'io/aeron/driver/ClientCommandAdapter'
 - ---- fields (total size 11 words):
 - private final 'publicationMsgFlyweight' 'Lio/aeron/command/PublicationMessageFlyweight;' @12  a 'io/aeron/command/PublicationMessageFlyweight'{0x0000000606870a98} (c0d0e153)
 - private final 'subscriptionMsgFlyweight' 'Lio/aeron/command/SubscriptionMessageFlyweight;' @16  a 'io/aeron/command/SubscriptionMessageFlyweight'{0x0000000606870ab0} (c0d0e156)
 - private final 'correlatedMsgFlyweight' 'Lio/aeron/command/CorrelatedMessageFlyweight;' @20  a 'io/aeron/command/CorrelatedMessageFlyweight'{0x0000000606870ac8} (c0d0e159)
 - private final 'removeCounterFlyweight' 'Lio/aeron/command/RemoveCounterFlyweight;' @24  a 'io/aeron/command/RemoveCounterFlyweight'{0x0000000606870ae0} (c0d0e15c)
 - private final 'removePublicationFlyweight' 'Lio/aeron/command/RemovePublicationFlyweight;' @28  a 'io/aeron/command/RemovePublicationFlyweight'{0x0000000606870af8} (c0d0e15f)
 - private final 'removeSubscriptionFlyweight' 'Lio/aeron/command/RemoveSubscriptionFlyweight;' @32  a 'io/aeron/command/RemoveSubscriptionFlyweight'{0x0000000606870b10} (c0d0e162)
 - private final 'destinationMsgFlyweight' 'Lio/aeron/command/DestinationMessageFlyweight;' @36  a 'io/aeron/command/DestinationMessageFlyweight'{0x0000000606870b28} (c0d0e165)
 - private final 'counterMsgFlyweight' 'Lio/aeron/command/CounterMessageFlyweight;' @40  a 'io/aeron/command/CounterMessageFlyweight'{0x0000000606870b40} (c0d0e168)
 - private final 'staticCounterMessageFlyweight' 'Lio/aeron/command/StaticCounterMessageFlyweight;' @44  a 'io/aeron/command/StaticCounterMessageFlyweight'{0x0000000606870b58} (c0d0e16b)
 - private final 'terminateDriverFlyweight' 'Lio/aeron/command/TerminateDriverFlyweight;' @48  a 'io/aeron/command/TerminateDriverFlyweight'{0x0000000606870b70} (c0d0e16e)
 - private final 'rejectImageFlyweight' 'Lio/aeron/command/RejectImageFlyweight;' @52  a 'io/aeron/command/RejectImageFlyweight'{0x0000000606870b88} (c0d0e171)
 - private final 'destinationByIdMessageFlyweight' 'Lio/aeron/command/DestinationByIdMessageFlyweight;' @56  a 'io/aeron/command/DestinationByIdMessageFlyweight'{0x0000000606870ba0} (c0d0e174)
 - private final 'getNextAvailableSessionIdMessageFlyweight' 'Lio/aeron/command/GetNextAvailableSessionIdMessageFlyweight;' @60  a 'io/aeron/command/GetNextAvailableSessionIdMessageFlyweight'{0x0000000606870bb8} (c0d0e177)
 - private final 'conductor' 'Lio/aeron/driver/DriverConductor;' @64  a 'io/aeron/driver/DriverConductor'{0x0000000606803938} (c0d00727)
 - private final 'toDriverCommands' 'Lorg/agrona/concurrent/ringbuffer/RingBuffer;' @68  a 'org/agrona/concurrent/ringbuffer/ManyToOneRingBuffer'{0x0000000606866cb0} (c0d0cd96)
 - private final 'clientProxy' 'Lio/aeron/driver/ClientProxy;' @72  a 'io/aeron/driver/ClientProxy'{0x0000000606866af8} (c0d0cd5f)
 - private final 'errors' 'Lorg/agrona/concurrent/status/AtomicCounter;' @76  a 'org/agrona/concurrent/status/AtomicCounter'{0x0000000606803c30} (c0d00786)
 - private final 'errorHandler' 'Lorg/agrona/ErrorHandler;' @80  a 'org/agrona/concurrent/errors/LoggingErrorHandler'{0x00000006068149b8} (c0d02937)
R15=0x0000026333295bd0 is a thread


Registers:
RAX=0x0000000000000000, RBX=0x0000000000000090, RCX=0x0000000000000000, RDX=0x0000000000000000
RSP=0x000000a17faff470, RBP=0x0000026333340110, RSI=0x0000026333340080, RDI=0x0000000000100180
R8 =0x0000000606866ce0, R9 =0x00000000000fff70, R10=0x0000000000000090, R11=0x0000000000000090
R12=0x0000000000000000, R13=0x0000000000100180, R14=0x0000000606870a40, R15=0x0000026333295bd0
RIP=0x0000026313794c7c, EFLAGS=0x0000000000010246

Top of Stack: (sp=0x000000a17faff470)
0x000000a17faff470:   000002633208f790 00000263322c2f50
0x000000a17faff480:   0000000000000000 000000a17faff4d0
0x000000a17faff490:   000000a17faff540 000002631376bdb9
0x000000a17faff4a0:   0000057adf4c87c7 0000000000000001
0x000000a17faff4b0:   0000000606870ce8 0000000606870cd0
0x000000a17faff4c0:   000000a17faff540 000002630bb79612
0x000000a17faff4d0:   000000a17faff540 000002630bb79612
0x000000a17faff4e0:   000002630bb79612 0000000606870a40
0x000000a17faff4f0:   0000000000000000 000000a17faff4f8
0x000000a17faff500:   00000263322bdf7d 000000a17faff568
0x000000a17faff510:   00000263322d2350 000002633a425e00
0x000000a17faff520:   0000000606934348 00000263322bdfe8
0x000000a17faff530:   000000a17faff4e8 000000a17faff570
0x000000a17faff540:   0000000606803938 000002631377db4c
0x000000a17faff550:   0000000000000000 000223ff39e509bc
0x000000a17faff560:   0000000000000000 0000000606803938 

Instructions: (pc=0x0000026313794c7c)
0x0000026313794b7c:   00 00 00 00 44 8b 52 08 49 bb 00 00 00 00 08 00
0x0000026313794b8c:   00 00 4d 03 d3 49 3b c2 0f 85 e6 7e 42 f8 66 90
0x0000026313794b9c:   0f 1f 40 00 89 84 24 00 90 ff ff 55 48 83 ec 60
0x0000026313794bac:   4c 8b f2 44 8b 5a 44 47 8b 54 dc 08 41 81 fa 00
0x0000026313794bbc:   40 cd 00 0f 85 57 03 00 00 4f 8d 14 dc 45 8b 42
0x0000026313794bcc:   28 41 8b 7a 1c 47 8b 5c c4 08 41 81 fb 50 69 c1
0x0000026313794bdc:   00 0f 85 4d 03 00 00 49 c1 e0 03 45 8b 58 0c 41
0x0000026313794bec:   8b eb 0b ef 83 cd 08 85 ed 0f 8c 51 03 00 00 41
0x0000026313794bfc:   8b eb 2b ef 83 fd 08 0f 8c d3 03 00 00 4d 8b 48
0x0000026313794c0c:   10 45 8b 58 18 4c 63 ef 4d 03 cd 49 c1 e3 03 4f
0x0000026313794c1c:   8b 1c 0b 45 8b 4a 0c 41 8b db 41 8b c9 ff c9 23
0x0000026313794c2c:   d9 44 2b cb 33 c9 33 c0 41 3b c9 0f 8d 73 03 00
0x0000026313794c3c:   00 83 f8 01 7d 45 44 8b d3 44 03 d1 41 8b 70 0c
0x0000026313794c4c:   8b ee 41 0b ea 83 cd 04 85 ed 0f 8c 18 03 00 00
0x0000026313794c5c:   8b ee 41 2b ea 83 fd 04 0f 8c 9a 03 00 00 41 8b
0x0000026313794c6c:   50 18 49 8b 70 10 49 63 ea 48 03 ee 48 c1 e2 03
0x0000026313794c7c:   8b 14 2a 85 d2 0f 8f 94 00 00 00 85 c9 7f 13 48
0x0000026313794c8c:   83 c4 60 5d 49 3b a7 40 03 00 00 0f 87 03 05 00
0x0000026313794c9c:   00 c3 89 44 24 18 89 0c 24 4c 89 5c 24 10 4c 89
0x0000026313794cac:   6c 24 08 49 8b e8 89 7c 24 04 49 8b d0 44 8b c3
0x0000026313794cbc:   44 8b c9 33 ff 66 90 e8 b8 80 42 f8 4c 8b c5 45
0x0000026313794ccc:   8b 58 0c 45 8b d3 44 0b 54 24 04 4c 63 0c 24 4c
0x0000026313794cdc:   03 4c 24 10 41 83 ca 08 45 85 d2 0f 8c 53 03 00
0x0000026313794cec:   00 41 8b eb 2b 6c 24 04 83 fd 08 0f 8c 67 03 00
0x0000026313794cfc:   00 4d 8b 50 10 45 8b 58 18 4c 03 54 24 08 49 c1
0x0000026313794d0c:   e3 03 4f 89 0c 13 8b 44 24 18 e9 70 ff ff ff 89
0x0000026313794d1c:   44 24 30 89 5c 24 14 44 89 4c 24 28 4c 89 6c 24
0x0000026313794d2c:   08 4c 89 44 24 20 89 7c 24 10 4c 89 34 24 8b ea
0x0000026313794d3c:   89 54 24 38 83 c5 07 45 8b c2 44 89 54 24 34 41
0x0000026313794d4c:   83 c0 04 83 e5 f8 89 4c 24 2c 44 8b d1 44 03 d5
0x0000026313794d5c:   44 89 54 24 3c 4d 63 ca 4c 89 5c 24 18 4d 03 cb
0x0000026313794d6c:   4c 89 4c 24 40 48 8b 54 24 20 90 e8 04 80 42 f8 


Stack slot to memory mapping:
stack at sp + 0 slots: {method} {0x000002633208f798} 'nanoTime' '()J' in 'org/agrona/concurrent/SystemNanoClock'
stack at sp + 1 slots: {method} {0x00000263322c2f58} 'trackStreamPositions' '(IJ)I' in 'io/aeron/driver/DriverConductor'
stack at sp + 2 slots: 0x0 is NULL
stack at sp + 3 slots: 0x000000a17faff4d0 is pointing into the stack for thread: 0x0000026333295bd0
stack at sp + 4 slots: 0x000000a17faff540 is pointing into the stack for thread: 0x0000026333295bd0
stack at sp + 5 slots: 0x000002631376bdb9 is at entry_point+57 in (nmethod*)0x000002631376bc10
stack at sp + 6 slots: 0x0000057adf4c87c7 is an unknown value
stack at sp + 7 slots: 0x0000000000000001 is an unknown value

--------------------------------------------------------------------------------
[Constant Pool (empty)]

--------------------------------------------------------------------------------

[MachCode]
  0x0000026313794b80: 448b 5208 | 49bb 0000 | 0000 0800 | 0000 4d03 | d349 3bc2 | 0f85 e67e | 42f8 6690 | 0f1f 4000 
  0x0000026313794ba0: 8984 2400 | 90ff ff55 | 4883 ec60 | 4c8b f244 | 8b5a 4447 | 8b54 dc08 | 4181 fa00 | 40cd 000f 
  0x0000026313794bc0: 8557 0300 | 004f 8d14 | dc45 8b42 | 2841 8b7a | 1c47 8b5c | c408 4181 | fb50 69c1 | 000f 854d 
  0x0000026313794be0: 0300 0049 | c1e0 0345 | 8b58 0c41 | 8beb 0bef | 83cd 0885 | ed0f 8c51 | 0300 0041 | 8beb 2bef 
  0x0000026313794c00: 83fd 080f | 8cd3 0300 | 004d 8b48 | 1045 8b58 | 184c 63ef | 4d03 cd49 | c1e3 034f | 8b1c 0b45 
  0x0000026313794c20: 8b4a 0c41 | 8bdb 418b | c9ff c923 | d944 2bcb | 33c9 33c0 | 413b c90f | 8d73 0300 | 0083 f801 
  0x0000026313794c40: 7d45 448b | d344 03d1 | 418b 700c | 8bee 410b | ea83 cd04 | 85ed 0f8c | 1803 0000 | 8bee 412b 
  0x0000026313794c60: ea83 fd04 | 0f8c 9a03 | 0000 418b | 5018 498b | 7010 4963 | ea48 03ee | 48c1 e203 | 8b14 2a85 
  0x0000026313794c80: d20f 8f94 | 0000 0085 | c97f 1348 | 83c4 605d | 493b a740 | 0300 000f | 8703 0500 | 00c3 8944 
  0x0000026313794ca0: 2418 890c | 244c 895c | 2410 4c89 | 6c24 0849 | 8be8 897c | 2404 498b | d044 8bc3 | 448b c933 
  0x0000026313794cc0: ff66 90e8 | b880 42f8 | 4c8b c545 | 8b58 0c45 | 8bd3 440b | 5424 044c | 630c 244c | 034c 2410 
  0x0000026313794ce0: 4183 ca08 | 4585 d20f | 8c53 0300 | 0041 8beb | 2b6c 2404 | 83fd 080f | 8c67 0300 | 004d 8b50 
  0x0000026313794d00: 1045 8b58 | 184c 0354 | 2408 49c1 | e303 4f89 | 0c13 8b44 | 2418 e970 | ffff ff89 | 4424 3089 
  0x0000026313794d20: 5c24 1444 | 894c 2428 | 4c89 6c24 | 084c 8944 | 2420 897c | 2410 4c89 | 3424 8bea | 8954 2438 
  0x0000026313794d40: 83c5 0745 | 8bc2 4489 | 5424 3441 | 83c0 0483 | e5f8 894c | 242c 448b | d144 03d5 | 4489 5424 
  0x0000026313794d60: 3c4d 63ca | 4c89 5c24 | 184d 03cb | 4c89 4c24 | 4048 8b54 | 2420 90e8 | 0480 42f8 | 83f8 ff0f 
  0x0000026313794d80: 84ba 0000 | 0044 8b54 | 2438 4183 | c2f8 448b | 4424 3441 | 83c0 0845 | 8bd8 488b | 1424 448b 
  0x0000026313794da0: c04c 8b4c | 2420 418b | fb41 8bf2 | 6666 90e8 | cc7f 42f8 | 49ba d852 | 9406 0600 | 0000 493b 
  0x0000026313794dc0: c20f 84bc | 0000 0044 | 8b54 2430 | 458b da41 | ffc3 49ba | 9052 9406 | 0600 0000 | 493b c20f 
  0x0000026313794de0: 84c2 0000 | 0049 ba48 | 5294 0606 | 0000 0049 | 3bc2 0f84 | d900 0000 | 448b 4424 | 3c8b 5c24 
  0x0000026313794e00: 1441 8bc8 | 4d8b 8f48 | 0300 0041 | 8501 3b4c | 2428 0f8d | 7802 0000 | 458b d34c | 8b34 248b 
  0x0000026313794e20: 7c24 104c | 8b44 2420 | 4c8b 6c24 | 084c 8b5c | 2418 448b | 4c24 2841 | 8bc2 e9fe | fdff ff4d 
  0x0000026313794e40: 8b8f 4803 | 0000 448b | 5c24 304c | 8b54 2418 | 448b 4424 | 1441 8501 | 8b4c 243c | 4c8b 3424 
  0x0000026313794e60: 8b7c 2410 | 4c8b 4424 | 204c 8b6c | 2408 4d8b | da44 8b4c | 2428 8b5c | 2414 8b44 | 2430 e9b1 
  0x0000026313794e80: fdff ff8b | 7c24 104c | 8b44 2420 | 4c8b 6c24 | 084c 8b5c | 2418 8b5c | 2414 8b4c | 242c 8b44 
  0x0000026313794ea0: 2430 e9e0 | fdff ff45 | 8bcb 448b | 5424 3c8b | 7c24 104c | 8b44 2420 | 4c8b 6c24 | 084c 8b5c 
  0x0000026313794ec0: 2418 8b5c | 2414 418b | ca41 8bc1 | e9b6 fdff | ff41 8beb | 488b 5424 | 2044 8b44 | 2414 448b 
  0x0000026313794ee0: 4c24 3c33 | ff66 90e8 | 947e 42f8 | 488b 5424 | 2044 8b44 | 2410 4c8b | 4c24 40e8 | 807e 42f8 
  0x0000026313794f00: 8b5c 2414 | 035c 243c | 48ff 7424 | 4048 8f44 | 2418 33c9 | 448b dde9 | e8fe ffff | bade ffff 
  0x0000026313794f20: ff41 8beb | 4c89 3424 | 6666 90e8 | d0d3 42f8 | bade ffff | ff49 8bea | 4c89 3424 | 4489 4424 
  0x0000026313794f40: 1089 7c24 | 1466 90e8 | b4d3 42f8 | ba45 ffff | ff4c 8914 | 244c 8974 | 2408 897c | 2414 897c 
  0x0000026313794f60: 2418 4c89 | 4424 2844 | 895c 241c | 6666 90e8 | 8cd3 42f8 | ba45 ffff | ff4c 8934 | 2489 4424 
  0x0000026313794f80: 0889 7c24 | 0c4c 895c | 2410 895c | 2418 894c | 241c 4489 | 4c24 284c | 8944 2430 | 4489 5424 
  0x0000026313794fa0: 3844 8954 | 243c 8974 | 2440 90e8 | 50d3 42f8 | ba45 ffff | ff49 8bee | 8904 2489 | 7c24 044c 
  0x0000026313794fc0: 895c 2408 | 895c 2410 | 894c 2418 | 4c89 4424 | 2044 894c | 2428 90e8 | 24d3 42f8 | ba45 ffff 
  0x0000026313794fe0: ff4c 8914 | 244c 8974 | 2408 897c | 2414 897c | 2418 4c89 | 4424 2844 | 895c 241c | 6666 90e8 
  0x0000026313795000: fcd2 42f8 | ba45 ffff | ff4c 8934 | 2489 4424 | 0889 7c24 | 0c4c 895c | 2410 895c | 2418 894c 
  0x0000026313795020: 241c 4489 | 4c24 284c | 8944 2430 | 4489 5424 | 3844 8954 | 243c 8974 | 2440 90e8 | c0d2 42f8 
  0x0000026313795040: ba45 ffff | ff8b 6c24 | 184c 8944 | 2408 4c89 | 4c24 1044 | 895c 2418 | 4489 5424 | 1c66 90e8 
  0x0000026313795060: 9cd2 42f8 | ba45 ffff | ff48 8944 | 24f8 8b44 | 2418 8904 | 2448 8b44 | 24f8 4c89 | 4424 104c 
  0x0000026313795080: 894c 2418 | 4489 5c24 | 0c66 90e8 | 70d2 42f8 | ba45 ffff | ff48 8b2c | 2444 891c | 2448 8944 
  0x00000263137950a0: 24f8 8b44 | 2410 8944 | 2404 488b | 4424 f848 | ff74 2418 | 488f 4424 | 0889 5c24 | 1089 4c24 
  0x00000263137950c0: 1866 90e8 | 38d2 42f8 | baf6 ffff | ff49 8bee | 6666 90e8 | 28d2 42f8 | baf6 ffff | ff49 8bea 
  0x00000263137950e0: 4c89 3424 | 897c 240c | 6666 90e8 | 10d2 42f8 | 488b d0e9 | 8100 0000 | 488b d0eb | 7c48 8904 
  0x0000026313795100: 24eb 1048 | 8904 24eb | 0a48 8904 | 24eb 0448 | 8904 2444 | 8b5c 243c | 4585 db7e | 534c 8b54 
  0x0000026313795120: 2420 498b | ea48 8bd5 | 448b 4424 | 1445 8bcb | 33ff 90e8 | 487c 42f8 | 448b 5d08 | 49ba 5069 
  0x0000026313795140: c100 0800 | 0000 49b8 | 0000 0000 | 0800 0000 | 4d03 c34d | 8b58 404d | 3bda 7527 | 488b d544 
  0x0000026313795160: 8b44 2410 | 4c8b 4c24 | 4066 90e8 | 107c 42f8 | 488b 1424 | eb03 488b | d048 83c4 | 605d e97d 
  0x0000026313795180: 8e4d f8ba | dfff ffff | 4889 4424 | f88b 4424 | 1089 4424 | 0848 8b44 | 24f8 90e8 | 60d1 42f8 
  0x00000263137951a0: 49ba 904c | 7913 6302 | 0000 4d89 | 9758 0300 | 00e9 4ae2 | 42f8 f4f4 | f4f4 f4f4 | f4f4 f4f4 
  0x00000263137951c0: 48bb 0000 | 0000 0000 | 0000 e9fb | ffff ff48 | bb00 0000 | 0000 0000 | 00e9 fbff | ffff 48bb 
  0x00000263137951e0: 0000 0000 | 0000 0000 | e9fb ffff | ff48 bb00 | 0000 0000 | 0000 00e9 | fbff ffff | 48bb 0000 
  0x0000026313795200: 0000 0000 | 0000 e9fb | ffff ff48 | bb00 0000 | 0000 0000 | 00e9 fbff | ffff 48bb | 0000 0000 
  0x0000026313795220: 0000 0000 | e9fb ffff | ffe9 52f3 | 4cf8 e800 | 0000 0048 | 832c 2405 | e963 d442 | f8f4 f4f4 
[/MachCode]
--------------------------------------------------------------------------------


---------------  P R O C E S S  ---------------

Threads class SMR info:
_java_thread_list=0x0000026333313f10, length=23, elements={
0x00000263324030a0, 0x00000263324064e0, 0x0000026332420680, 0x0000026332422f50,
0x0000026332424380, 0x0000026332428bc0, 0x000002633242c060, 0x000002633243e3a0,
0x00000263324519a0, 0x000002633253b0f0, 0x00000263326299e0, 0x0000026332629eb0,
0x0000026332662e00, 0x0000026332ce7bd0, 0x000002633307f980, 0x0000026332db6050,
0x00000263331a8fe0, 0x00000263331ad7f0, 0x0000026333295bd0, 0x0000026333293ef0,
0x0000026333294890, 0x00000263333187b0, 0x000002633331a490
}

Java Threads: ( => current thread )
  0x00000263324030a0 JavaThread "Reference Handler" daemon [_thread_blocked, id=41604, stack(0x000000a17e200000,0x000000a17e300000)]
  0x00000263324064e0 JavaThread "Finalizer" daemon [_thread_blocked, id=67916, stack(0x000000a17e300000,0x000000a17e400000)]
  0x0000026332420680 JavaThread "Signal Dispatcher" daemon [_thread_blocked, id=30076, stack(0x000000a17e400000,0x000000a17e500000)]
  0x0000026332422f50 JavaThread "Attach Listener" daemon [_thread_blocked, id=60856, stack(0x000000a17e500000,0x000000a17e600000)]
  0x0000026332424380 JavaThread "Service Thread" daemon [_thread_blocked, id=65888, stack(0x000000a17e600000,0x000000a17e700000)]
  0x0000026332428bc0 JavaThread "Monitor Deflation Thread" daemon [_thread_blocked, id=49408, stack(0x000000a17e700000,0x000000a17e800000)]
  0x000002633242c060 JavaThread "C2 CompilerThread0" daemon [_thread_blocked, id=65288, stack(0x000000a17e800000,0x000000a17e900000)]
  0x000002633243e3a0 JavaThread "C1 CompilerThread0" daemon [_thread_blocked, id=67472, stack(0x000000a17e900000,0x000000a17ea00000)]
  0x00000263324519a0 JavaThread "Sweeper thread" daemon [_thread_blocked, id=51172, stack(0x000000a17ea00000,0x000000a17eb00000)]
  0x000002633253b0f0 JavaThread "Common-Cleaner" daemon [_thread_blocked, id=44704, stack(0x000000a17eb00000,0x000000a17ec00000)]
  0x00000263326299e0 JavaThread "Monitor Ctrl-Break" daemon [_thread_in_native, id=36356, stack(0x000000a17ef00000,0x000000a17f000000)]
  0x0000026332629eb0 JavaThread "Notification Thread" daemon [_thread_blocked, id=69524, stack(0x000000a17f000000,0x000000a17f100000)]
  0x0000026332662e00 JavaThread "Thread-0" daemon [_thread_blocked, id=46068, stack(0x000000a17f200000,0x000000a17f300000)]
  0x0000026332ce7bd0 JavaThread "RMI TCP Accept-0" daemon [_thread_in_native, id=19248, stack(0x000000a17f400000,0x000000a17f500000)]
  0x000002633307f980 JavaThread "async-executor C:\Users\dhkim\AppData\Local\Temp\PARCAeron" daemon [_thread_blocked, id=47576, stack(0x000000a17f500000,0x000000a17f600000)]
  0x0000026332db6050 JavaThread "RMI TCP Connection(1)-192.168.0.75" daemon [_thread_in_native, id=62480, stack(0x000000a17f600000,0x000000a17f700000)]
  0x00000263331a8fe0 JavaThread "RMI Scheduler(0)" daemon [_thread_blocked, id=46260, stack(0x000000a17f700000,0x000000a17f800000)]
  0x00000263331ad7f0 JavaThread "JMX server connection timeout 30" daemon [_thread_blocked, id=29792, stack(0x000000a17f800000,0x000000a17f900000)]
=>0x0000026333295bd0 JavaThread "driver-conductor" daemon [_thread_in_Java, id=33644, stack(0x000000a17fa00000,0x000000a17fb00000)]
  0x0000026333293ef0 JavaThread "sender" daemon [_thread_in_Java, id=46384, stack(0x000000a17fb00000,0x000000a17fc00000)]
  0x0000026333294890 JavaThread "receiver" daemon [_thread_in_Java, id=61612, stack(0x000000a17fc00000,0x000000a17fd00000)]
  0x00000263333187b0 JavaThread "SIGINT handler" daemon [_thread_blocked, id=24084, stack(0x000000a100000000,0x000000a100100000)]
  0x000002633331a490 JavaThread "DestroyJavaVM" [_thread_blocked, id=69500, stack(0x000000a17db00000,0x000000a17dc00000)]

Other Threads:
  0x000002633193bf80 VMThread "VM Thread" [stack: 0x000000a17e100000,0x000000a17e200000] [id=57584]
  0x0000026302b2bcd0 WatcherThread [stack: 0x000000a17f100000,0x000000a17f200000] [id=67936]
  0x0000026302ad8530 GCTaskThread "GC Thread#0" [stack: 0x000000a17dc00000,0x000000a17dd00000] [id=52924]
  0x0000026338fab180 GCTaskThread "GC Thread#1" [stack: 0x000000a100400000,0x000000a100500000] [id=39396]
  0x00000263332aaae0 GCTaskThread "GC Thread#2" [stack: 0x000000a100500000,0x000000a100600000] [id=67416]
  0x00000263332d9230 GCTaskThread "GC Thread#3" [stack: 0x000000a100600000,0x000000a100700000] [id=15592]
  0x00000263332e5d00 GCTaskThread "GC Thread#4" [stack: 0x000000a100700000,0x000000a100800000] [id=70520]
  0x0000026338f6aac0 GCTaskThread "GC Thread#5" [stack: 0x000000a100800000,0x000000a100900000] [id=69392]
  0x0000026338f6b670 GCTaskThread "GC Thread#6" [stack: 0x000000a100900000,0x000000a100a00000] [id=36652]
  0x0000026338fbaf00 GCTaskThread "GC Thread#7" [stack: 0x000000a100a00000,0x000000a100b00000] [id=68736]
  0x0000026338fbf1c0 GCTaskThread "GC Thread#8" [stack: 0x000000a100b00000,0x000000a100c00000] [id=68240]
  0x0000026338fbf470 GCTaskThread "GC Thread#9" [stack: 0x000000a100c00000,0x000000a100d00000] [id=45320]
  0x0000026338fbf720 GCTaskThread "GC Thread#10" [stack: 0x000000a100d00000,0x000000a100e00000] [id=24872]
  0x0000026338fbf9d0 GCTaskThread "GC Thread#11" [stack: 0x000000a100e00000,0x000000a100f00000] [id=25448]
  0x0000026302ae9e70 ConcurrentGCThread "G1 Main Marker" [stack: 0x000000a17dd00000,0x000000a17de00000] [id=26032]
  0x0000026302aeb020 ConcurrentGCThread "G1 Conc#0" [stack: 0x000000a17de00000,0x000000a17df00000] [id=17708]
  0x00000263317f38f0 ConcurrentGCThread "G1 Refine#0" [stack: 0x000000a17df00000,0x000000a17e000000] [id=46200]
  0x00000263317f4310 ConcurrentGCThread "G1 Service" [stack: 0x000000a17e000000,0x000000a17e100000] [id=45908]

Threads with active compile tasks:

VM state: not at safepoint (normal execution)

VM Mutex/Monitor currently owned by a thread: None

Heap address: 0x0000000606800000, size: 8088 MB, Compressed Oops mode: Zero based, Oop shift amount: 3

CDS archive(s) mapped at: [0x0000000800000000-0x0000000800bc0000-0x0000000800bc0000), size 12320768, SharedBaseAddress: 0x0000000800000000, ArchiveRelocationMode: 0.
Compressed class space mapped at: 0x0000000800c00000-0x0000000840c00000, reserved size: 1073741824
Narrow klass base: 0x0000000800000000, Narrow klass shift: 0, Narrow klass range: 0x100000000

GC Precious Log:
 CPUs: 18 total, 18 available
 Memory: 32348M
 Large Page Support: Disabled
 NUMA Support: Disabled
 Compressed Oops: Enabled (Zero based)
 Heap Region Size: 4M
 Heap Min Capacity: 8M
 Heap Initial Capacity: 508M
 Heap Max Capacity: 8088M
 Pre-touch: Disabled
 Parallel Workers: 14
 Concurrent Workers: 4
 Concurrent Refinement Workers: 14
 Periodic GC: Disabled

Heap:
 garbage-first heap   total 520192K, used 208859K [0x0000000606800000, 0x0000000800000000)
  region size 4096K, 52 young (212992K), 1 survivors (4096K)
 Metaspace       used 9520K, committed 9792K, reserved 1064960K
  class space    used 1012K, committed 1152K, reserved 1048576K

Heap Regions: E=young(eden), S=young(survivor), O=old, HS=humongous(starts), HC=humongous(continues), CS=collection set, F=free, OA=open archive, CA=closed archive, TAMS=top-at-mark-start (previous, next)
|   0|0x0000000606800000, 0x0000000606bf1c00, 0x0000000606c00000| 98%| O|  |TAMS 0x0000000606800000, 0x0000000606800000| Untracked 
|   1|0x0000000606c00000, 0x0000000606c00000, 0x0000000607000000|  0%| F|  |TAMS 0x0000000606c00000, 0x0000000606c00000| Untracked 
|   2|0x0000000607000000, 0x0000000607000000, 0x0000000607400000|  0%| F|  |TAMS 0x0000000607000000, 0x0000000607000000| Untracked 
|   3|0x0000000607400000, 0x0000000607400000, 0x0000000607800000|  0%| F|  |TAMS 0x0000000607400000, 0x0000000607400000| Untracked 
|   4|0x0000000607800000, 0x0000000607800000, 0x0000000607c00000|  0%| F|  |TAMS 0x0000000607800000, 0x0000000607800000| Untracked 
|   5|0x0000000607c00000, 0x0000000607c00000, 0x0000000608000000|  0%| F|  |TAMS 0x0000000607c00000, 0x0000000607c00000| Untracked 
|   6|0x0000000608000000, 0x0000000608000000, 0x0000000608400000|  0%| F|  |TAMS 0x0000000608000000, 0x0000000608000000| Untracked 
|   7|0x0000000608400000, 0x0000000608400000, 0x0000000608800000|  0%| F|  |TAMS 0x0000000608400000, 0x0000000608400000| Untracked 
|   8|0x0000000608800000, 0x0000000608800000, 0x0000000608c00000|  0%| F|  |TAMS 0x0000000608800000, 0x0000000608800000| Untracked 
|   9|0x0000000608c00000, 0x0000000608c00000, 0x0000000609000000|  0%| F|  |TAMS 0x0000000608c00000, 0x0000000608c00000| Untracked 
|  10|0x0000000609000000, 0x0000000609000000, 0x0000000609400000|  0%| F|  |TAMS 0x0000000609000000, 0x0000000609000000| Untracked 
|  11|0x0000000609400000, 0x0000000609400000, 0x0000000609800000|  0%| F|  |TAMS 0x0000000609400000, 0x0000000609400000| Untracked 
|  12|0x0000000609800000, 0x0000000609800000, 0x0000000609c00000|  0%| F|  |TAMS 0x0000000609800000, 0x0000000609800000| Untracked 
|  13|0x0000000609c00000, 0x0000000609c00000, 0x000000060a000000|  0%| F|  |TAMS 0x0000000609c00000, 0x0000000609c00000| Untracked 
|  14|0x000000060a000000, 0x000000060a000000, 0x000000060a400000|  0%| F|  |TAMS 0x000000060a000000, 0x000000060a000000| Untracked 
|  15|0x000000060a400000, 0x000000060a400000, 0x000000060a800000|  0%| F|  |TAMS 0x000000060a400000, 0x000000060a400000| Untracked 
|  16|0x000000060a800000, 0x000000060a800000, 0x000000060ac00000|  0%| F|  |TAMS 0x000000060a800000, 0x000000060a800000| Untracked 
|  17|0x000000060ac00000, 0x000000060ac00000, 0x000000060b000000|  0%| F|  |TAMS 0x000000060ac00000, 0x000000060ac00000| Untracked 
|  18|0x000000060b000000, 0x000000060b000000, 0x000000060b400000|  0%| F|  |TAMS 0x000000060b000000, 0x000000060b000000| Untracked 
|  19|0x000000060b400000, 0x000000060b400000, 0x000000060b800000|  0%| F|  |TAMS 0x000000060b400000, 0x000000060b400000| Untracked 
|  20|0x000000060b800000, 0x000000060b800000, 0x000000060bc00000|  0%| F|  |TAMS 0x000000060b800000, 0x000000060b800000| Untracked 
|  21|0x000000060bc00000, 0x000000060bc00000, 0x000000060c000000|  0%| F|  |TAMS 0x000000060bc00000, 0x000000060bc00000| Untracked 
|  22|0x000000060c000000, 0x000000060c000000, 0x000000060c400000|  0%| F|  |TAMS 0x000000060c000000, 0x000000060c000000| Untracked 
|  23|0x000000060c400000, 0x000000060c400000, 0x000000060c800000|  0%| F|  |TAMS 0x000000060c400000, 0x000000060c400000| Untracked 
|  24|0x000000060c800000, 0x000000060c800000, 0x000000060cc00000|  0%| F|  |TAMS 0x000000060c800000, 0x000000060c800000| Untracked 
|  25|0x000000060cc00000, 0x000000060cc00000, 0x000000060d000000|  0%| F|  |TAMS 0x000000060cc00000, 0x000000060cc00000| Untracked 
|  26|0x000000060d000000, 0x000000060d000000, 0x000000060d400000|  0%| F|  |TAMS 0x000000060d000000, 0x000000060d000000| Untracked 
|  27|0x000000060d400000, 0x000000060d400000, 0x000000060d800000|  0%| F|  |TAMS 0x000000060d400000, 0x000000060d400000| Untracked 
|  28|0x000000060d800000, 0x000000060d800000, 0x000000060dc00000|  0%| F|  |TAMS 0x000000060d800000, 0x000000060d800000| Untracked 
|  29|0x000000060dc00000, 0x000000060dc00000, 0x000000060e000000|  0%| F|  |TAMS 0x000000060dc00000, 0x000000060dc00000| Untracked 
|  30|0x000000060e000000, 0x000000060e000000, 0x000000060e400000|  0%| F|  |TAMS 0x000000060e000000, 0x000000060e000000| Untracked 
|  31|0x000000060e400000, 0x000000060e400000, 0x000000060e800000|  0%| F|  |TAMS 0x000000060e400000, 0x000000060e400000| Untracked 
|  32|0x000000060e800000, 0x000000060e800000, 0x000000060ec00000|  0%| F|  |TAMS 0x000000060e800000, 0x000000060e800000| Untracked 
|  33|0x000000060ec00000, 0x000000060ec00000, 0x000000060f000000|  0%| F|  |TAMS 0x000000060ec00000, 0x000000060ec00000| Untracked 
|  34|0x000000060f000000, 0x000000060f000000, 0x000000060f400000|  0%| F|  |TAMS 0x000000060f000000, 0x000000060f000000| Untracked 
|  35|0x000000060f400000, 0x000000060f400000, 0x000000060f800000|  0%| F|  |TAMS 0x000000060f400000, 0x000000060f400000| Untracked 
|  36|0x000000060f800000, 0x000000060f800000, 0x000000060fc00000|  0%| F|  |TAMS 0x000000060f800000, 0x000000060f800000| Untracked 
|  37|0x000000060fc00000, 0x000000060fc00000, 0x0000000610000000|  0%| F|  |TAMS 0x000000060fc00000, 0x000000060fc00000| Untracked 
|  38|0x0000000610000000, 0x0000000610000000, 0x0000000610400000|  0%| F|  |TAMS 0x0000000610000000, 0x0000000610000000| Untracked 
|  39|0x0000000610400000, 0x0000000610400000, 0x0000000610800000|  0%| F|  |TAMS 0x0000000610400000, 0x0000000610400000| Untracked 
|  40|0x0000000610800000, 0x0000000610800000, 0x0000000610c00000|  0%| F|  |TAMS 0x0000000610800000, 0x0000000610800000| Untracked 
|  41|0x0000000610c00000, 0x0000000610c00000, 0x0000000611000000|  0%| F|  |TAMS 0x0000000610c00000, 0x0000000610c00000| Untracked 
|  42|0x0000000611000000, 0x0000000611000000, 0x0000000611400000|  0%| F|  |TAMS 0x0000000611000000, 0x0000000611000000| Untracked 
|  43|0x0000000611400000, 0x0000000611400000, 0x0000000611800000|  0%| F|  |TAMS 0x0000000611400000, 0x0000000611400000| Untracked 
|  44|0x0000000611800000, 0x0000000611800000, 0x0000000611c00000|  0%| F|  |TAMS 0x0000000611800000, 0x0000000611800000| Untracked 
|  45|0x0000000611c00000, 0x0000000611c00000, 0x0000000612000000|  0%| F|  |TAMS 0x0000000611c00000, 0x0000000611c00000| Untracked 
|  46|0x0000000612000000, 0x0000000612000000, 0x0000000612400000|  0%| F|  |TAMS 0x0000000612000000, 0x0000000612000000| Untracked 
|  47|0x0000000612400000, 0x0000000612400000, 0x0000000612800000|  0%| F|  |TAMS 0x0000000612400000, 0x0000000612400000| Untracked 
|  48|0x0000000612800000, 0x0000000612800000, 0x0000000612c00000|  0%| F|  |TAMS 0x0000000612800000, 0x0000000612800000| Untracked 
|  49|0x0000000612c00000, 0x0000000612c00000, 0x0000000613000000|  0%| F|  |TAMS 0x0000000612c00000, 0x0000000612c00000| Untracked 
|  50|0x0000000613000000, 0x0000000613000000, 0x0000000613400000|  0%| F|  |TAMS 0x0000000613000000, 0x0000000613000000| Untracked 
|  51|0x0000000613400000, 0x00000006134050a0, 0x0000000613800000|  0%| S|CS|TAMS 0x0000000613400000, 0x0000000613400000| Complete 
|  52|0x0000000613800000, 0x0000000613800000, 0x0000000613c00000|  0%| F|  |TAMS 0x0000000613800000, 0x0000000613800000| Untracked 
|  53|0x0000000613c00000, 0x0000000613c00000, 0x0000000614000000|  0%| F|  |TAMS 0x0000000613c00000, 0x0000000613c00000| Untracked 
|  54|0x0000000614000000, 0x0000000614000000, 0x0000000614400000|  0%| F|  |TAMS 0x0000000614000000, 0x0000000614000000| Untracked 
|  55|0x0000000614400000, 0x0000000614400000, 0x0000000614800000|  0%| F|  |TAMS 0x0000000614400000, 0x0000000614400000| Untracked 
|  56|0x0000000614800000, 0x0000000614800000, 0x0000000614c00000|  0%| F|  |TAMS 0x0000000614800000, 0x0000000614800000| Untracked 
|  57|0x0000000614c00000, 0x0000000614c00000, 0x0000000615000000|  0%| F|  |TAMS 0x0000000614c00000, 0x0000000614c00000| Untracked 
|  58|0x0000000615000000, 0x0000000615000000, 0x0000000615400000|  0%| F|  |TAMS 0x0000000615000000, 0x0000000615000000| Untracked 
|  59|0x0000000615400000, 0x0000000615400000, 0x0000000615800000|  0%| F|  |TAMS 0x0000000615400000, 0x0000000615400000| Untracked 
|  60|0x0000000615800000, 0x0000000615800000, 0x0000000615c00000|  0%| F|  |TAMS 0x0000000615800000, 0x0000000615800000| Untracked 
|  61|0x0000000615c00000, 0x0000000615c00000, 0x0000000616000000|  0%| F|  |TAMS 0x0000000615c00000, 0x0000000615c00000| Untracked 
|  62|0x0000000616000000, 0x0000000616000000, 0x0000000616400000|  0%| F|  |TAMS 0x0000000616000000, 0x0000000616000000| Untracked 
|  63|0x0000000616400000, 0x0000000616400000, 0x0000000616800000|  0%| F|  |TAMS 0x0000000616400000, 0x0000000616400000| Untracked 
|  64|0x0000000616800000, 0x0000000616800000, 0x0000000616c00000|  0%| F|  |TAMS 0x0000000616800000, 0x0000000616800000| Untracked 
|  65|0x0000000616c00000, 0x0000000616c00000, 0x0000000617000000|  0%| F|  |TAMS 0x0000000616c00000, 0x0000000616c00000| Untracked 
|  66|0x0000000617000000, 0x0000000617000000, 0x0000000617400000|  0%| F|  |TAMS 0x0000000617000000, 0x0000000617000000| Untracked 
|  67|0x0000000617400000, 0x0000000617400000, 0x0000000617800000|  0%| F|  |TAMS 0x0000000617400000, 0x0000000617400000| Untracked 
|  68|0x0000000617800000, 0x0000000617800000, 0x0000000617c00000|  0%| F|  |TAMS 0x0000000617800000, 0x0000000617800000| Untracked 
|  69|0x0000000617c00000, 0x0000000617c00000, 0x0000000618000000|  0%| F|  |TAMS 0x0000000617c00000, 0x0000000617c00000| Untracked 
|  70|0x0000000618000000, 0x0000000618000000, 0x0000000618400000|  0%| F|  |TAMS 0x0000000618000000, 0x0000000618000000| Untracked 
|  71|0x0000000618400000, 0x0000000618400000, 0x0000000618800000|  0%| F|  |TAMS 0x0000000618400000, 0x0000000618400000| Untracked 
|  72|0x0000000618800000, 0x0000000618800000, 0x0000000618c00000|  0%| F|  |TAMS 0x0000000618800000, 0x0000000618800000| Untracked 
|  73|0x0000000618c00000, 0x0000000618c00000, 0x0000000619000000|  0%| F|  |TAMS 0x0000000618c00000, 0x0000000618c00000| Untracked 
|  74|0x0000000619000000, 0x0000000619000000, 0x0000000619400000|  0%| F|  |TAMS 0x0000000619000000, 0x0000000619000000| Untracked 
|  75|0x0000000619400000, 0x0000000619400000, 0x0000000619800000|  0%| F|  |TAMS 0x0000000619400000, 0x0000000619400000| Untracked 
|  76|0x0000000619800000, 0x0000000619800800, 0x0000000619c00000|  0%| E|  |TAMS 0x0000000619800000, 0x0000000619800000| Complete 
|  77|0x0000000619c00000, 0x000000061a000000, 0x000000061a000000|100%| E|CS|TAMS 0x0000000619c00000, 0x0000000619c00000| Complete 
|  78|0x000000061a000000, 0x000000061a400000, 0x000000061a400000|100%| E|CS|TAMS 0x000000061a000000, 0x000000061a000000| Complete 
|  79|0x000000061a400000, 0x000000061a800000, 0x000000061a800000|100%| E|CS|TAMS 0x000000061a400000, 0x000000061a400000| Complete 
|  80|0x000000061a800000, 0x000000061ac00000, 0x000000061ac00000|100%| E|CS|TAMS 0x000000061a800000, 0x000000061a800000| Complete 
|  81|0x000000061ac00000, 0x000000061b000000, 0x000000061b000000|100%| E|CS|TAMS 0x000000061ac00000, 0x000000061ac00000| Complete 
|  82|0x000000061b000000, 0x000000061b400000, 0x000000061b400000|100%| E|CS|TAMS 0x000000061b000000, 0x000000061b000000| Complete 
|  83|0x000000061b400000, 0x000000061b800000, 0x000000061b800000|100%| E|CS|TAMS 0x000000061b400000, 0x000000061b400000| Complete 
|  84|0x000000061b800000, 0x000000061bc00000, 0x000000061bc00000|100%| E|CS|TAMS 0x000000061b800000, 0x000000061b800000| Complete 
|  85|0x000000061bc00000, 0x000000061c000000, 0x000000061c000000|100%| E|CS|TAMS 0x000000061bc00000, 0x000000061bc00000| Complete 
|  86|0x000000061c000000, 0x000000061c400000, 0x000000061c400000|100%| E|CS|TAMS 0x000000061c000000, 0x000000061c000000| Complete 
|  87|0x000000061c400000, 0x000000061c800000, 0x000000061c800000|100%| E|CS|TAMS 0x000000061c400000, 0x000000061c400000| Complete 
|  88|0x000000061c800000, 0x000000061cc00000, 0x000000061cc00000|100%| E|CS|TAMS 0x000000061c800000, 0x000000061c800000| Complete 
|  89|0x000000061cc00000, 0x000000061d000000, 0x000000061d000000|100%| E|CS|TAMS 0x000000061cc00000, 0x000000061cc00000| Complete 
|  90|0x000000061d000000, 0x000000061d400000, 0x000000061d400000|100%| E|CS|TAMS 0x000000061d000000, 0x000000061d000000| Complete 
|  91|0x000000061d400000, 0x000000061d800000, 0x000000061d800000|100%| E|CS|TAMS 0x000000061d400000, 0x000000061d400000| Complete 
|  92|0x000000061d800000, 0x000000061dc00000, 0x000000061dc00000|100%| E|CS|TAMS 0x000000061d800000, 0x000000061d800000| Complete 
|  93|0x000000061dc00000, 0x000000061e000000, 0x000000061e000000|100%| E|CS|TAMS 0x000000061dc00000, 0x000000061dc00000| Complete 
|  94|0x000000061e000000, 0x000000061e400000, 0x000000061e400000|100%| E|CS|TAMS 0x000000061e000000, 0x000000061e000000| Complete 
|  95|0x000000061e400000, 0x000000061e800000, 0x000000061e800000|100%| E|CS|TAMS 0x000000061e400000, 0x000000061e400000| Complete 
|  96|0x000000061e800000, 0x000000061ec00000, 0x000000061ec00000|100%| E|CS|TAMS 0x000000061e800000, 0x000000061e800000| Complete 
|  97|0x000000061ec00000, 0x000000061f000000, 0x000000061f000000|100%| E|CS|TAMS 0x000000061ec00000, 0x000000061ec00000| Complete 
|  98|0x000000061f000000, 0x000000061f400000, 0x000000061f400000|100%| E|CS|TAMS 0x000000061f000000, 0x000000061f000000| Complete 
|  99|0x000000061f400000, 0x000000061f800000, 0x000000061f800000|100%| E|CS|TAMS 0x000000061f400000, 0x000000061f400000| Complete 
| 100|0x000000061f800000, 0x000000061fc00000, 0x000000061fc00000|100%| E|CS|TAMS 0x000000061f800000, 0x000000061f800000| Complete 
| 101|0x000000061fc00000, 0x0000000620000000, 0x0000000620000000|100%| E|CS|TAMS 0x000000061fc00000, 0x000000061fc00000| Complete 
| 102|0x0000000620000000, 0x0000000620400000, 0x0000000620400000|100%| E|CS|TAMS 0x0000000620000000, 0x0000000620000000| Complete 
| 103|0x0000000620400000, 0x0000000620800000, 0x0000000620800000|100%| E|CS|TAMS 0x0000000620400000, 0x0000000620400000| Complete 
| 104|0x0000000620800000, 0x0000000620c00000, 0x0000000620c00000|100%| E|CS|TAMS 0x0000000620800000, 0x0000000620800000| Complete 
| 105|0x0000000620c00000, 0x0000000621000000, 0x0000000621000000|100%| E|CS|TAMS 0x0000000620c00000, 0x0000000620c00000| Complete 
| 106|0x0000000621000000, 0x0000000621400000, 0x0000000621400000|100%| E|CS|TAMS 0x0000000621000000, 0x0000000621000000| Complete 
| 107|0x0000000621400000, 0x0000000621800000, 0x0000000621800000|100%| E|CS|TAMS 0x0000000621400000, 0x0000000621400000| Complete 
| 108|0x0000000621800000, 0x0000000621c00000, 0x0000000621c00000|100%| E|CS|TAMS 0x0000000621800000, 0x0000000621800000| Complete 
| 109|0x0000000621c00000, 0x0000000622000000, 0x0000000622000000|100%| E|CS|TAMS 0x0000000621c00000, 0x0000000621c00000| Complete 
| 110|0x0000000622000000, 0x0000000622400000, 0x0000000622400000|100%| E|CS|TAMS 0x0000000622000000, 0x0000000622000000| Complete 
| 111|0x0000000622400000, 0x0000000622800000, 0x0000000622800000|100%| E|CS|TAMS 0x0000000622400000, 0x0000000622400000| Complete 
| 112|0x0000000622800000, 0x0000000622c00000, 0x0000000622c00000|100%| E|CS|TAMS 0x0000000622800000, 0x0000000622800000| Complete 
| 113|0x0000000622c00000, 0x0000000623000000, 0x0000000623000000|100%| E|CS|TAMS 0x0000000622c00000, 0x0000000622c00000| Complete 
| 114|0x0000000623000000, 0x0000000623400000, 0x0000000623400000|100%| E|CS|TAMS 0x0000000623000000, 0x0000000623000000| Complete 
| 115|0x0000000623400000, 0x0000000623800000, 0x0000000623800000|100%| E|CS|TAMS 0x0000000623400000, 0x0000000623400000| Complete 
| 116|0x0000000623800000, 0x0000000623c00000, 0x0000000623c00000|100%| E|CS|TAMS 0x0000000623800000, 0x0000000623800000| Complete 
| 117|0x0000000623c00000, 0x0000000624000000, 0x0000000624000000|100%| E|CS|TAMS 0x0000000623c00000, 0x0000000623c00000| Complete 
| 118|0x0000000624000000, 0x0000000624400000, 0x0000000624400000|100%| E|CS|TAMS 0x0000000624000000, 0x0000000624000000| Complete 
| 119|0x0000000624400000, 0x0000000624800000, 0x0000000624800000|100%| E|CS|TAMS 0x0000000624400000, 0x0000000624400000| Complete 
| 120|0x0000000624800000, 0x0000000624c00000, 0x0000000624c00000|100%| E|CS|TAMS 0x0000000624800000, 0x0000000624800000| Complete 
| 121|0x0000000624c00000, 0x0000000625000000, 0x0000000625000000|100%| E|CS|TAMS 0x0000000624c00000, 0x0000000624c00000| Complete 
| 122|0x0000000625000000, 0x0000000625400000, 0x0000000625400000|100%| E|CS|TAMS 0x0000000625000000, 0x0000000625000000| Complete 
| 123|0x0000000625400000, 0x0000000625800000, 0x0000000625800000|100%| E|CS|TAMS 0x0000000625400000, 0x0000000625400000| Complete 
| 124|0x0000000625800000, 0x0000000625c00000, 0x0000000625c00000|100%| E|CS|TAMS 0x0000000625800000, 0x0000000625800000| Complete 
| 125|0x0000000625c00000, 0x0000000626000000, 0x0000000626000000|100%| E|CS|TAMS 0x0000000625c00000, 0x0000000625c00000| Complete 
| 126|0x0000000626000000, 0x0000000626400000, 0x0000000626400000|100%| E|CS|TAMS 0x0000000626000000, 0x0000000626000000| Complete 

Card table byte_map: [0x000002631cb20000,0x000002631daf0000] _byte_map_base: 0x0000026319aec000

Marking Bits (Prev, Next): (CMBitMap*) 0x0000026302ad8b40, (CMBitMap*) 0x0000026302ad8b80
 Prev Bits: [0x000002631eac0000, 0x0000026326920000)
 Next Bits: [0x0000026326920000, 0x000002632e780000)

Polling page: 0x0000026302740000

Metaspace:

Usage:
  Non-class:      8.31 MB used.
      Class:   1012.62 KB used.
       Both:      9.30 MB used.

Virtual space:
  Non-class space:       16.00 MB reserved,       8.44 MB ( 53%) committed,  2 nodes.
      Class space:        1.00 GB reserved,       1.12 MB ( <1%) committed,  1 nodes.
             Both:        1.02 GB reserved,       9.56 MB ( <1%) committed. 

Chunk freelists:
   Non-Class:  3.47 MB
       Class:  2.87 MB
        Both:  6.35 MB

MaxMetaspaceSize: unlimited
CompressedClassSpaceSize: 1.00 GB
Initial GC threshold: 21.00 MB
Current GC threshold: 21.00 MB
CDS: on
MetaspaceReclaimPolicy: balanced
 - commit_granule_bytes: 65536.
 - commit_granule_words: 8192.
 - virtual_space_node_default_size: 1048576.
 - enlarge_chunks_in_place: 1.
 - new_chunks_are_fully_committed: 0.
 - uncommit_free_chunks: 1.
 - use_allocation_guard: 0.
 - handle_deallocations: 1.


Internal statistics:

num_allocs_failed_limit: 0.
num_arena_births: 210.
num_arena_deaths: 0.
num_vsnodes_births: 3.
num_vsnodes_deaths: 0.
num_space_committed: 153.
num_space_uncommitted: 0.
num_chunks_returned_to_freelist: 0.
num_chunks_taken_from_freelist: 404.
num_chunk_merges: 0.
num_chunk_splits: 236.
num_chunks_enlarged: 129.
num_purges: 0.
num_inconsistent_stats: 0.

CodeHeap 'non-profiled nmethods': size=119168Kb used=812Kb max_used=812Kb free=118355Kb
 bounds [0x0000026313710000, 0x0000026313980000, 0x000002631ab70000]
CodeHeap 'profiled nmethods': size=119104Kb used=3158Kb max_used=3158Kb free=115945Kb
 bounds [0x000002630c2c0000, 0x000002630c5e0000, 0x0000026313710000]
CodeHeap 'non-nmethods': size=7488Kb used=1229Kb max_used=2959Kb free=6258Kb
 bounds [0x000002630bb70000, 0x000002630be60000, 0x000002630c2c0000]
 total_blobs=2378 nmethods=1844 adapters=446
 compilation: enabled
              stopped_count=0, restarted_count=0
 full_count=0

Compilation events (20 events):
Event: 12.509 Thread 0x000002633243e3a0 nmethod 1831 0x000002630c5cc510 code [0x000002630c5cc6e0, 0x000002630c5ccae8]
Event: 12.509 Thread 0x000002633243e3a0 1833       3       java.util.stream.AbstractPipeline::copyInto (54 bytes)
Event: 12.509 Thread 0x000002633243e3a0 nmethod 1833 0x000002630c5ccc90 code [0x000002630c5ccec0, 0x000002630c5cd5f8]
Event: 12.509 Thread 0x000002633243e3a0 1834       3       java.util.Spliterator::getExactSizeIfKnown (25 bytes)
Event: 12.509 Thread 0x000002633243e3a0 nmethod 1834 0x000002630c5cd810 code [0x000002630c5cd9c0, 0x000002630c5cdcb8]
Event: 12.509 Thread 0x000002633243e3a0 1835       3       java.util.stream.AbstractPipeline::<init> (91 bytes)
Event: 12.509 Thread 0x000002633243e3a0 nmethod 1835 0x000002630c5cdd90 code [0x000002630c5cdf80, 0x000002630c5ce618]
Event: 12.509 Thread 0x000002633243e3a0 1836       3       java.util.stream.Sink::end (1 bytes)
Event: 12.509 Thread 0x000002633243e3a0 nmethod 1836 0x000002630c5ce810 code [0x000002630c5ce9a0, 0x000002630c5ceab8]
Event: 12.978 Thread 0x000002633243e3a0 1838       3       java.lang.reflect.AccessibleObject::checkAccess (40 bytes)
Event: 12.978 Thread 0x000002633243e3a0 nmethod 1838 0x000002630c5ceb90 code [0x000002630c5ced60, 0x000002630c5cf098]
Event: 13.507 Thread 0x000002633243e3a0 1840       3       java.util.Formatter$Flags::contains (22 bytes)
Event: 13.507 Thread 0x000002633243e3a0 nmethod 1840 0x000002630c5cf210 code [0x000002630c5cf3a0, 0x000002630c5cf558]
Event: 13.507 Thread 0x000002633243e3a0 1841       3       java.util.regex.Matcher::groupCount (10 bytes)
Event: 13.507 Thread 0x000002633243e3a0 nmethod 1841 0x000002630c5cf610 code [0x000002630c5cf7a0, 0x000002630c5cf8b8]
Event: 13.719 Thread 0x000002633243e3a0 1842       3       java.nio.CharBuffer::arrayOffset (35 bytes)
Event: 13.720 Thread 0x000002633243e3a0 nmethod 1842 0x000002630c5cf990 code [0x000002630c5cfb60, 0x000002630c5cfe38]
Event: 13.721 Thread 0x000002633243e3a0 1843 %     3       io.aeron.driver.DriverConductor::trackStreamPositions @ 114 (148 bytes)
Event: 13.721 Thread 0x000002633243e3a0 nmethod 1843% 0x000002630c5cff90 code [0x000002630c5d0260, 0x000002630c5d1818]
Event: 13.721 Thread 0x000002633243e3a0 1844       3       io.aeron.driver.IpcPublication::updatePublisherPositionAndLimit (217 bytes)

GC Heap History (20 events):
Event: 8.031 GC heap before
{Heap before GC invocations=14 (full 0):
 garbage-first heap   total 520192K, used 311207K [0x0000000606800000, 0x0000000800000000)
  region size 4096K, 76 young (311296K), 1 survivors (4096K)
 Metaspace       used 9440K, committed 9664K, reserved 1064960K
  class space    used 1007K, committed 1088K, reserved 1048576K
}
Event: 8.032 GC heap after
{Heap after GC invocations=15 (full 0):
 garbage-first heap   total 520192K, used 4014K [0x0000000606800000, 0x0000000800000000)
  region size 4096K, 1 young (4096K), 1 survivors (4096K)
 Metaspace       used 9440K, committed 9664K, reserved 1064960K
  class space    used 1007K, committed 1088K, reserved 1048576K
}
Event: 8.645 GC heap before
{Heap before GC invocations=15 (full 0):
 garbage-first heap   total 520192K, used 311214K [0x0000000606800000, 0x0000000800000000)
  region size 4096K, 76 young (311296K), 1 survivors (4096K)
 Metaspace       used 9447K, committed 9664K, reserved 1064960K
  class space    used 1007K, committed 1088K, reserved 1048576K
}
Event: 8.645 GC heap after
{Heap after GC invocations=16 (full 0):
 garbage-first heap   total 520192K, used 4003K [0x0000000606800000, 0x0000000800000000)
  region size 4096K, 1 young (4096K), 1 survivors (4096K)
 Metaspace       used 9447K, committed 9664K, reserved 1064960K
  class space    used 1007K, committed 1088K, reserved 1048576K
}
Event: 9.227 GC heap before
{Heap before GC invocations=16 (full 0):
 garbage-first heap   total 520192K, used 311203K [0x0000000606800000, 0x0000000800000000)
  region size 4096K, 76 young (311296K), 1 survivors (4096K)
 Metaspace       used 9447K, committed 9664K, reserved 1064960K
  class space    used 1007K, committed 1088K, reserved 1048576K
}
Event: 9.228 GC heap after
{Heap after GC invocations=17 (full 0):
 garbage-first heap   total 520192K, used 4007K [0x0000000606800000, 0x0000000800000000)
  region size 4096K, 1 young (4096K), 1 survivors (4096K)
 Metaspace       used 9447K, committed 9664K, reserved 1064960K
  class space    used 1007K, committed 1088K, reserved 1048576K
}
Event: 9.828 GC heap before
{Heap before GC invocations=17 (full 0):
 garbage-first heap   total 520192K, used 311207K [0x0000000606800000, 0x0000000800000000)
  region size 4096K, 76 young (311296K), 1 survivors (4096K)
 Metaspace       used 9476K, committed 9728K, reserved 1064960K
  class space    used 1010K, committed 1152K, reserved 1048576K
}
Event: 9.829 GC heap after
{Heap after GC invocations=18 (full 0):
 garbage-first heap   total 520192K, used 4040K [0x0000000606800000, 0x0000000800000000)
  region size 4096K, 1 young (4096K), 1 survivors (4096K)
 Metaspace       used 9476K, committed 9728K, reserved 1064960K
  class space    used 1010K, committed 1152K, reserved 1048576K
}
Event: 10.418 GC heap before
{Heap before GC invocations=18 (full 0):
 garbage-first heap   total 520192K, used 311240K [0x0000000606800000, 0x0000000800000000)
  region size 4096K, 76 young (311296K), 1 survivors (4096K)
 Metaspace       used 9476K, committed 9728K, reserved 1064960K
  class space    used 1010K, committed 1152K, reserved 1048576K
}
Event: 10.419 GC heap after
{Heap after GC invocations=19 (full 0):
 garbage-first heap   total 520192K, used 4033K [0x0000000606800000, 0x0000000800000000)
  region size 4096K, 1 young (4096K), 1 survivors (4096K)
 Metaspace       used 9476K, committed 9728K, reserved 1064960K
  class space    used 1010K, committed 1152K, reserved 1048576K
}
Event: 11.032 GC heap before
{Heap before GC invocations=19 (full 0):
 garbage-first heap   total 520192K, used 311233K [0x0000000606800000, 0x0000000800000000)
  region size 4096K, 76 young (311296K), 1 survivors (4096K)
 Metaspace       used 9478K, committed 9792K, reserved 1064960K
  class space    used 1010K, committed 1152K, reserved 1048576K
}
Event: 11.033 GC heap after
{Heap after GC invocations=20 (full 0):
 garbage-first heap   total 520192K, used 4041K [0x0000000606800000, 0x0000000800000000)
  region size 4096K, 1 young (4096K), 1 survivors (4096K)
 Metaspace       used 9478K, committed 9792K, reserved 1064960K
  class space    used 1010K, committed 1152K, reserved 1048576K
}
Event: 11.623 GC heap before
{Heap before GC invocations=20 (full 0):
 garbage-first heap   total 520192K, used 311241K [0x0000000606800000, 0x0000000800000000)
  region size 4096K, 76 young (311296K), 1 survivors (4096K)
 Metaspace       used 9480K, committed 9792K, reserved 1064960K
  class space    used 1010K, committed 1152K, reserved 1048576K
}
Event: 11.624 GC heap after
{Heap after GC invocations=21 (full 0):
 garbage-first heap   total 520192K, used 4039K [0x0000000606800000, 0x0000000800000000)
  region size 4096K, 1 young (4096K), 1 survivors (4096K)
 Metaspace       used 9480K, committed 9792K, reserved 1064960K
  class space    used 1010K, committed 1152K, reserved 1048576K
}
Event: 12.205 GC heap before
{Heap before GC invocations=21 (full 0):
 garbage-first heap   total 520192K, used 311239K [0x0000000606800000, 0x0000000800000000)
  region size 4096K, 76 young (311296K), 1 survivors (4096K)
 Metaspace       used 9492K, committed 9792K, reserved 1064960K
  class space    used 1010K, committed 1152K, reserved 1048576K
}
Event: 12.206 GC heap after
{Heap after GC invocations=22 (full 0):
 garbage-first heap   total 520192K, used 4044K [0x0000000606800000, 0x0000000800000000)
  region size 4096K, 1 young (4096K), 1 survivors (4096K)
 Metaspace       used 9492K, committed 9792K, reserved 1064960K
  class space    used 1010K, committed 1152K, reserved 1048576K
}
Event: 12.769 GC heap before
{Heap before GC invocations=22 (full 0):
 garbage-first heap   total 520192K, used 311244K [0x0000000606800000, 0x0000000800000000)
  region size 4096K, 76 young (311296K), 1 survivors (4096K)
 Metaspace       used 9498K, committed 9792K, reserved 1064960K
  class space    used 1010K, committed 1152K, reserved 1048576K
}
Event: 12.769 GC heap after
{Heap after GC invocations=23 (full 0):
 garbage-first heap   total 520192K, used 4044K [0x0000000606800000, 0x0000000800000000)
  region size 4096K, 1 young (4096K), 1 survivors (4096K)
 Metaspace       used 9498K, committed 9792K, reserved 1064960K
  class space    used 1010K, committed 1152K, reserved 1048576K
}
Event: 13.346 GC heap before
{Heap before GC invocations=23 (full 0):
 garbage-first heap   total 520192K, used 311244K [0x0000000606800000, 0x0000000800000000)
  region size 4096K, 76 young (311296K), 1 survivors (4096K)
 Metaspace       used 9502K, committed 9792K, reserved 1064960K
  class space    used 1010K, committed 1152K, reserved 1048576K
}
Event: 13.347 GC heap after
{Heap after GC invocations=24 (full 0):
 garbage-first heap   total 520192K, used 4059K [0x0000000606800000, 0x0000000800000000)
  region size 4096K, 1 young (4096K), 1 survivors (4096K)
 Metaspace       used 9502K, committed 9792K, reserved 1064960K
  class space    used 1010K, committed 1152K, reserved 1048576K
}

Deoptimization events (20 events):
Event: 13.721 Thread 0x0000026333295bd0 Uncommon trap: trap_request=0xffffff54 fr.pc=0x0000026313786b40 relative=0x0000000000000040
Event: 13.721 Thread 0x0000026333295bd0 Uncommon trap: reason=speculate_null_assert action=make_not_entrant pc=0x0000026313786b40 method=org.agrona.UnsafeApi.putLong(Ljava/lang/Object;JJ)V @ 6 c2
Event: 13.721 Thread 0x0000026333295bd0 DEOPT PACKING pc=0x0000026313786b40 sp=0x000000a17faff1a0
Event: 13.721 Thread 0x0000026333295bd0 DEOPT UNPACKING pc=0x000002630bbc23a3 sp=0x000000a17faff118 mode 2
Event: 13.721 Thread 0x0000026333295bd0 Uncommon trap: trap_request=0xffffffde fr.pc=0x0000026313797670 relative=0x00000000000001d0
Event: 13.721 Thread 0x0000026333295bd0 Uncommon trap: reason=class_check action=maybe_recompile pc=0x0000026313797670 method=org.agrona.AbstractMutableDirectBuffer.putBytes(ILorg/agrona/DirectBuffer;II)V @ 17 c2
Event: 13.721 Thread 0x0000026333295bd0 DEOPT PACKING pc=0x0000026313797670 sp=0x000000a17faff100
Event: 13.721 Thread 0x0000026333295bd0 DEOPT UNPACKING pc=0x000002630bbc23a3 sp=0x000000a17faff0e0 mode 2
Event: 13.721 Thread 0x0000026333295bd0 Uncommon trap: trap_request=0xffffff45 fr.pc=0x00000263137ce01c relative=0x0000000000000e5c
Event: 13.721 Thread 0x0000026333295bd0 Uncommon trap: reason=unstable_if action=reinterpret pc=0x00000263137ce01c method=io.aeron.driver.IpcPublication.updatePublisherPositionAndLimit()I @ 9 c2
Event: 13.721 Thread 0x0000026333295bd0 DEOPT PACKING pc=0x00000263137ce01c sp=0x000000a17faff4d0
Event: 13.721 Thread 0x0000026333295bd0 DEOPT UNPACKING pc=0x000002630bbc23a3 sp=0x000000a17faff338 mode 2
Event: 13.721 Thread 0x0000026333295bd0 Uncommon trap: trap_request=0xffffff45 fr.pc=0x000002631378efec relative=0x000000000000042c
Event: 13.721 Thread 0x0000026333295bd0 Uncommon trap: reason=unstable_if action=reinterpret pc=0x000002631378efec method=io.aeron.driver.IpcPublication.updatePublisherPositionAndLimit()I @ 9 c2
Event: 13.721 Thread 0x0000026333295bd0 DEOPT PACKING pc=0x000002631378efec sp=0x000000a17faff470
Event: 13.721 Thread 0x0000026333295bd0 DEOPT UNPACKING pc=0x000002630bbc23a3 sp=0x000000a17faff328 mode 2
Event: 13.721 Thread 0x0000026333295bd0 Uncommon trap: trap_request=0xffffff45 fr.pc=0x0000026313790e44 relative=0x0000000000000284
Event: 13.721 Thread 0x0000026333295bd0 Uncommon trap: reason=unstable_if action=reinterpret pc=0x0000026313790e44 method=io.aeron.driver.IpcPublication.updatePublisherPositionAndLimit()I @ 9 c2
Event: 13.721 Thread 0x0000026333295bd0 DEOPT PACKING pc=0x0000026313790e44 sp=0x000000a17faff3f0
Event: 13.721 Thread 0x0000026333295bd0 DEOPT UNPACKING pc=0x000002630bbc23a3 sp=0x000000a17faff330 mode 2

Classes unloaded (0 events):
No events

Classes redefined (0 events):
No events

Internal exceptions (20 events):
Event: 0.127 Thread 0x0000026302a5ecd0 Exception <a 'java/lang/NoSuchMethodError'{0x0000000625d903b0}: 'java.lang.Object java.lang.invoke.DirectMethodHandle$Holder.invokeStaticInit(java.lang.Object, java.lang.Object, long, java.lang.Object)'> (0x0000000625d903b0) 
thrown [t:\workspace\open\src\hotspot\share\interpreter\linkResolver.cpp, line 766]
Event: 0.127 Thread 0x0000026302a5ecd0 Exception <a 'java/lang/NoSuchMethodError'{0x0000000625d969d0}: 'java.lang.Object java.lang.invoke.DirectMethodHandle$Holder.newInvokeSpecial(java.lang.Object, java.lang.Object, long)'> (0x0000000625d969d0) 
thrown [t:\workspace\open\src\hotspot\share\interpreter\linkResolver.cpp, line 766]
Event: 0.128 Thread 0x0000026302a5ecd0 Exception <a 'java/lang/NoSuchMethodError'{0x0000000625d9aa18}: 'java.lang.Object java.lang.invoke.Invokers$Holder.linkToTargetMethod(java.lang.Object, long, java.lang.Object)'> (0x0000000625d9aa18) 
thrown [t:\workspace\open\src\hotspot\share\interpreter\linkResolver.cpp, line 766]
Event: 0.142 Thread 0x0000026302a5ecd0 Exception <a 'java/lang/NoSuchMethodError'{0x0000000625de55b8}: 'void java.lang.invoke.DirectMethodHandle$Holder.invokeStaticInit(java.lang.Object, java.lang.Object)'> (0x0000000625de55b8) 
thrown [t:\workspace\open\src\hotspot\share\interpreter\linkResolver.cpp, line 766]
Event: 0.148 Thread 0x0000026332662e00 Exception <a 'java/lang/NoSuchMethodError'{0x0000000625f476c0}: 'void java.lang.invoke.DirectMethodHandle$Holder.invokeInterface(java.lang.Object, java.lang.Object)'> (0x0000000625f476c0) 
thrown [t:\workspace\open\src\hotspot\share\interpreter\linkResolver.cpp, line 766]
Event: 0.156 Thread 0x0000026332422f50 Exception <a 'java/lang/NoSuchMethodError'{0x0000000625eaeb38}: 'int java.lang.invoke.DirectMethodHandle$Holder.invokeInterface(java.lang.Object, java.lang.Object)'> (0x0000000625eaeb38) 
thrown [t:\workspace\open\src\hotspot\share\interpreter\linkResolver.cpp, line 766]
Event: 0.156 Thread 0x0000026332422f50 Exception <a 'java/lang/IncompatibleClassChangeError'{0x0000000625eb2138}: Found class java.lang.Object, but interface was expected> (0x0000000625eb2138) 
thrown [t:\workspace\open\src\hotspot\share\interpreter\linkResolver.cpp, line 833]
Event: 0.158 Thread 0x0000026332662e00 Exception <a 'java/lang/NoSuchMethodError'{0x0000000625ffd978}: 'java.lang.Object java.lang.invoke.Invokers$Holder.invoke_MT(java.lang.Object, java.lang.Object, java.lang.Object, java.lang.Object, java.lang.Object)'> (0x0000000625ffd978) 
thrown [t:\workspace\open\src\hotspot\share\interpreter\linkResolver.cpp, line 766]
Event: 0.159 Thread 0x0000026332662e00 Exception <a 'java/lang/NoSuchMethodError'{0x000000062583d268}: 'int java.lang.invoke.DirectMethodHandle$Holder.invokeSpecial(java.lang.Object, java.lang.Object, java.lang.Object)'> (0x000000062583d268) 
thrown [t:\workspace\open\src\hotspot\share\interpreter\linkResolver.cpp, line 766]
Event: 0.160 Thread 0x0000026332662e00 Exception <a 'java/lang/NoSuchMethodError'{0x0000000625844550}: 'int java.lang.invoke.Invokers$Holder.linkToTargetMethod(java.lang.Object, java.lang.Object, java.lang.Object)'> (0x0000000625844550) 
thrown [t:\workspace\open\src\hotspot\share\interpreter\linkResolver.cpp, line 766]
Event: 0.170 Thread 0x0000026332662e00 Exception <a 'java/lang/NoSuchMethodError'{0x000000062586dc10}: 'void java.lang.invoke.DirectMethodHandle$Holder.invokeStatic(java.lang.Object, java.lang.Object, java.lang.Object)'> (0x000000062586dc10) 
thrown [t:\workspace\open\src\hotspot\share\interpreter\linkResolver.cpp, line 766]
Event: 0.193 Thread 0x0000026332662e00 Exception <a 'java/lang/NoSuchMethodError'{0x00000006259554b0}: 'java.lang.Object java.lang.invoke.DirectMethodHandle$Holder.invokeStaticInit(java.lang.Object, int, int, int, int)'> (0x00000006259554b0) 
thrown [t:\workspace\open\src\hotspot\share\interpreter\linkResolver.cpp, line 766]
Event: 0.246 Thread 0x0000026332662e00 Exception <a 'java/lang/NoSuchMethodError'{0x0000000625b54238}: 'java.lang.Object java.lang.invoke.DirectMethodHandle$Holder.invokeStaticInit(java.lang.Object, java.lang.Object, int, int, int, int)'> (0x0000000625b54238) 
thrown [t:\workspace\open\src\hotspot\share\interpreter\linkResolver.cpp, line 766]
Event: 0.258 Thread 0x0000026332422f50 Exception <a 'java/lang/ClassNotFoundException'{0x0000000625af5370}: javax/management/remote/rmi/RMIServerImpl_Skel> (0x0000000625af5370) 
thrown [t:\workspace\open\src\hotspot\share\classfile\systemDictionary.cpp, line 256]
Event: 0.269 Thread 0x0000026332662e00 Exception <a 'java/lang/NoSuchMethodError'{0x0000000625bb7f30}: 'java.lang.Object java.lang.invoke.DirectMethodHandle$Holder.invokeSpecial(java.lang.Object, java.lang.Object, int, java.lang.Object, java.lang.Object)'> (0x0000000625bb7f30) 
thrown [t:\workspace\open\src\hotspot\share\interpreter\linkResolver.cpp, line 766]
Event: 0.274 Thread 0x0000026332662e00 Exception <a 'java/lang/NoSuchMethodError'{0x0000000625bd3e20}: 'java.lang.Object java.lang.invoke.Invokers$Holder.invoke_MT(java.lang.Object, java.lang.Object, java.lang.Object)'> (0x0000000625bd3e20) 
thrown [t:\workspace\open\src\hotspot\share\interpreter\linkResolver.cpp, line 766]
Event: 0.301 Thread 0x0000026332662e00 Exception <a 'java/lang/NoSuchMethodError'{0x00000006256172a8}: 'void java.lang.invoke.DirectMethodHandle$Holder.invokeSpecial(java.lang.Object, java.lang.Object, java.lang.Object)'> (0x00000006256172a8) 
thrown [t:\workspace\open\src\hotspot\share\interpreter\linkResolver.cpp, line 766]
Event: 0.310 Thread 0x0000026332db6050 Exception <a 'java/lang/NoSuchMethodError'{0x00000006255d4258}: static [B.<clinit>()V> (0x00000006255d4258) 
thrown [t:\workspace\open\src\hotspot\share\prims\jni.cpp, line 1107]
Event: 0.316 Thread 0x0000026332db6050 Exception <a 'java/lang/ClassNotFoundException'{0x00000006255dcb38}: javax/management/remote/rmi/RMIConnectionImpl_Skel> (0x00000006255dcb38) 
thrown [t:\workspace\open\src\hotspot\share\classfile\systemDictionary.cpp, line 256]
Event: 0.461 Thread 0x0000026302a5ecd0 Exception <a 'java/lang/NoSuchMethodError'{0x00000006251dbc18}: 'void java.lang.invoke.DirectMethodHandle$Holder.invokeVirtual(java.lang.Object, java.lang.Object)'> (0x00000006251dbc18) 
thrown [t:\workspace\open\src\hotspot\share\interpreter\linkResolver.cpp, line 766]

VM Operations (20 events):
Event: 8.031 Executing VM operation: G1CollectForAllocation
Event: 8.032 Executing VM operation: G1CollectForAllocation done
Event: 8.645 Executing VM operation: G1CollectForAllocation
Event: 8.646 Executing VM operation: G1CollectForAllocation done
Event: 9.227 Executing VM operation: G1CollectForAllocation
Event: 9.228 Executing VM operation: G1CollectForAllocation done
Event: 9.828 Executing VM operation: G1CollectForAllocation
Event: 9.829 Executing VM operation: G1CollectForAllocation done
Event: 10.418 Executing VM operation: G1CollectForAllocation
Event: 10.419 Executing VM operation: G1CollectForAllocation done
Event: 11.032 Executing VM operation: G1CollectForAllocation
Event: 11.033 Executing VM operation: G1CollectForAllocation done
Event: 11.623 Executing VM operation: G1CollectForAllocation
Event: 11.624 Executing VM operation: G1CollectForAllocation done
Event: 12.205 Executing VM operation: G1CollectForAllocation
Event: 12.206 Executing VM operation: G1CollectForAllocation done
Event: 12.769 Executing VM operation: G1CollectForAllocation
Event: 12.769 Executing VM operation: G1CollectForAllocation done
Event: 13.346 Executing VM operation: G1CollectForAllocation
Event: 13.347 Executing VM operation: G1CollectForAllocation done

Events (20 events):
Event: 1.508 loading class sun/util/resources/LocaleData$CommonResourceBundleProvider done
Event: 1.508 loading class sun/util/resources/Bundles$2
Event: 1.509 loading class sun/util/resources/Bundles$2 done
Event: 1.692 loading class javax/management/openmbean/CompositeDataSupport
Event: 1.692 loading class javax/management/openmbean/CompositeDataSupport done
Event: 1.693 loading class javax/management/openmbean/OpenDataException
Event: 1.693 loading class javax/management/openmbean/OpenDataException done
Event: 1.695 loading class java/io/ObjectStreamException
Event: 1.695 loading class java/io/ObjectStreamException done
Event: 2.821 Thread 0x0000026332580b70 Thread exited: 0x0000026332580b70
Event: 4.955 Thread 0x00000263325403d0 Thread exited: 0x00000263325403d0
Event: 4.955 Thread 0x000002633253de00 Thread exited: 0x000002633253de00
Event: 13.718 loading class jdk/internal/misc/Signal$1
Event: 13.718 loading class jdk/internal/misc/Signal$1 done
Event: 13.718 Thread 0x00000263333187b0 Thread added: 0x00000263333187b0
Event: 13.719 Thread 0x0000026333319fc0 Thread added: 0x0000026333319fc0
Event: 13.719 Thread 0x0000026333319150 Thread added: 0x0000026333319150
Event: 13.719 Thread 0x000002633331a490 Thread added: 0x000002633331a490
Event: 13.719 Thread 0x0000026333319150 Thread exited: 0x0000026333319150
Event: 13.719 Thread 0x0000026333319fc0 Thread exited: 0x0000026333319fc0


Dynamic libraries:
0x00007ff77d920000 - 0x00007ff77d92e000 	C:\.jdk\jdk-17\bin\java.exe
0x00007ffc41d20000 - 0x00007ffc41f87000 	C:\WINDOWS\SYSTEM32\ntdll.dll
0x00007ffc3fc30000 - 0x00007ffc3fcf9000 	C:\WINDOWS\System32\KERNEL32.DLL
0x00007ffc3f3d0000 - 0x00007ffc3f7c7000 	C:\WINDOWS\System32\KERNELBASE.dll
0x00007ffc3f950000 - 0x00007ffc3fa9b000 	C:\WINDOWS\System32\ucrtbase.dll
0x00007ffc20b00000 - 0x00007ffc20b1a000 	C:\.jdk\jdk-17\bin\VCRUNTIME140.dll
0x00007ffc20620000 - 0x00007ffc20638000 	C:\.jdk\jdk-17\bin\jli.dll
0x00007ffc41610000 - 0x00007ffc417d6000 	C:\WINDOWS\System32\USER32.dll
0x00007ffc3f2e0000 - 0x00007ffc3f307000 	C:\WINDOWS\System32\win32u.dll
0x00007ffc417e0000 - 0x00007ffc4180b000 	C:\WINDOWS\System32\GDI32.dll
0x00007ffc1d3e0000 - 0x00007ffc1d672000 	C:\WINDOWS\WinSxS\amd64_microsoft.windows.common-controls_6595b64144ccf1df_6.0.26100.8457_none_3e0b2faee331e92d\COMCTL32.dll
0x00007ffc41c20000 - 0x00007ffc41cc9000 	C:\WINDOWS\System32\msvcrt.dll
0x00007ffc3f1b0000 - 0x00007ffc3f2dc000 	C:\WINDOWS\System32\gdi32full.dll
0x00007ffc3f100000 - 0x00007ffc3f1a3000 	C:\WINDOWS\System32\msvcp_win.dll
0x00007ffc40fa0000 - 0x00007ffc40fd2000 	C:\WINDOWS\System32\IMM32.DLL
0x00007ffc28340000 - 0x00007ffc2834c000 	C:\.jdk\jdk-17\bin\vcruntime140_1.dll
0x00007ffbcb910000 - 0x00007ffbcb99d000 	C:\.jdk\jdk-17\bin\msvcp140.dll
0x00007ffac4f70000 - 0x00007ffac5b2e000 	C:\.jdk\jdk-17\bin\server\jvm.dll
0x00007ffc40ee0000 - 0x00007ffc40f96000 	C:\WINDOWS\System32\ADVAPI32.dll
0x00007ffc40320000 - 0x00007ffc403c7000 	C:\WINDOWS\System32\sechost.dll
0x00007ffc3fb10000 - 0x00007ffc3fc28000 	C:\WINDOWS\System32\RPCRT4.dll
0x00007ffc411e0000 - 0x00007ffc411e8000 	C:\WINDOWS\System32\PSAPI.DLL
0x00007ffc28d90000 - 0x00007ffc28d9b000 	C:\WINDOWS\SYSTEM32\VERSION.dll
0x00007ffc25ca0000 - 0x00007ffc25cd6000 	C:\WINDOWS\SYSTEM32\WINMM.dll
0x00007ffc1e430000 - 0x00007ffc1e43a000 	C:\WINDOWS\SYSTEM32\WSOCK32.dll
0x00007ffc40e00000 - 0x00007ffc40e80000 	C:\WINDOWS\System32\WS2_32.dll
0x00007ffc3d4a0000 - 0x00007ffc3d4bb000 	C:\WINDOWS\SYSTEM32\kernel.appcore.dll
0x00007ffc28110000 - 0x00007ffc2811a000 	C:\.jdk\jdk-17\bin\jimage.dll
0x00007ffc3c830000 - 0x00007ffc3ca72000 	C:\WINDOWS\SYSTEM32\DBGHELP.DLL
0x00007ffc41280000 - 0x00007ffc41603000 	C:\WINDOWS\System32\combase.dll
0x00007ffc40ca0000 - 0x00007ffc40d79000 	C:\WINDOWS\System32\OLEAUT32.dll
0x00007ffc1ee20000 - 0x00007ffc1ee5b000 	C:\WINDOWS\SYSTEM32\dbgcore.DLL
0x00007ffc3efc0000 - 0x00007ffc3f068000 	C:\WINDOWS\System32\bcryptPrimitives.dll
0x00007ffc394f0000 - 0x00007ffc394fe000 	C:\.jdk\jdk-17\bin\instrument.dll
0x00007ffc25e50000 - 0x00007ffc25e75000 	C:\.jdk\jdk-17\bin\java.dll
0x00007ffbba480000 - 0x00007ffbba556000 	C:\.jdk\jdk-17\bin\svml.dll
0x00007ffc403d0000 - 0x00007ffc40b3e000 	C:\WINDOWS\System32\SHELL32.dll
0x00007ffc3e750000 - 0x00007ffc3efbc000 	C:\WINDOWS\System32\windows.storage.dll
0x00007ffc40ba0000 - 0x00007ffc40c96000 	C:\WINDOWS\System32\SHCORE.dll
0x00007ffc3faa0000 - 0x00007ffc3fb06000 	C:\WINDOWS\System32\shlwapi.dll
0x00007ffc3e670000 - 0x00007ffc3e699000 	C:\WINDOWS\SYSTEM32\profapi.dll
0x00007ffc0a430000 - 0x00007ffc0a448000 	C:\.jdk\jdk-17\bin\zip.dll
0x00007ffc20bb0000 - 0x00007ffc20bc9000 	C:\.jdk\jdk-17\bin\net.dll
0x00007ffc34ad0000 - 0x00007ffc34bf9000 	C:\WINDOWS\SYSTEM32\WINHTTP.dll
0x00007ffc3d9f0000 - 0x00007ffc3da5c000 	C:\WINDOWS\system32\mswsock.dll
0x00007ffc13230000 - 0x00007ffc13245000 	C:\.jdk\jdk-17\bin\nio.dll
0x00007ffc3d020000 - 0x00007ffc3d152000 	C:\WINDOWS\SYSTEM32\DNSAPI.dll
0x00007ffc3cfe0000 - 0x00007ffc3d012000 	C:\WINDOWS\SYSTEM32\IPHLPAPI.DLL
0x00007ffc418d0000 - 0x00007ffc418da000 	C:\WINDOWS\System32\NSI.dll
0x00007ffc34fe0000 - 0x00007ffc34feb000 	C:\Windows\System32\rasadhlp.dll
0x00007ffc35460000 - 0x00007ffc354e6000 	C:\WINDOWS\System32\fwpuclnt.dll
0x00007ffc394c0000 - 0x00007ffc394c9000 	C:\.jdk\jdk-17\bin\management.dll
0x00007ffc37460000 - 0x00007ffc3746b000 	C:\.jdk\jdk-17\bin\management_ext.dll
0x00007ffc3ddf0000 - 0x00007ffc3de0b000 	C:\WINDOWS\SYSTEM32\CRYPTSP.dll
0x00007ffc3d400000 - 0x00007ffc3d439000 	C:\WINDOWS\system32\rsaenh.dll
0x00007ffc3daa0000 - 0x00007ffc3dad3000 	C:\WINDOWS\SYSTEM32\USERENV.dll
0x00007ffc3e640000 - 0x00007ffc3e66a000 	C:\WINDOWS\SYSTEM32\bcrypt.dll
0x00007ffc3dc50000 - 0x00007ffc3dc5c000 	C:\WINDOWS\SYSTEM32\CRYPTBASE.dll
0x00007ffc35090000 - 0x00007ffc350ad000 	C:\WINDOWS\SYSTEM32\dhcpcsvc6.DLL
0x00007ffc34da0000 - 0x00007ffc34dc5000 	C:\WINDOWS\SYSTEM32\dhcpcsvc.DLL
0x00007ffc19760000 - 0x00007ffc19778000 	C:\WINDOWS\system32\napinsp.dll
0x00007ffc18cf0000 - 0x00007ffc18d03000 	C:\WINDOWS\System32\winrnr.dll
0x00007ffc18c30000 - 0x00007ffc18c52000 	C:\WINDOWS\system32\nlansp_c.dll
0x00007ffc2b9c0000 - 0x00007ffc2b9d6000 	C:\WINDOWS\system32\wshbth.dll
0x00007ffbfffa0000 - 0x00007ffbffff6000 	C:\WINDOWS\SYSTEM32\pdh.dll
0x00007ffc280e0000 - 0x00007ffc280ee000 	C:\.jdk\jdk-17\bin\sunmscapi.dll
0x00007ffc3f7d0000 - 0x00007ffc3f948000 	C:\WINDOWS\System32\CRYPT32.dll
0x00007ffc3dfc0000 - 0x00007ffc3dff0000 	C:\WINDOWS\SYSTEM32\ncrypt.dll
0x00007ffc3df70000 - 0x00007ffc3dfaf000 	C:\WINDOWS\SYSTEM32\NTASN1.dll
0x00007ffc082d0000 - 0x00007ffc082d8000 	C:\WINDOWS\system32\wshunix.dll
0x00007ffc32780000 - 0x00007ffc32792000 	C:\WINDOWS\System32\perfproc.dll
0x00007ffc279c0000 - 0x00007ffc279d1000 	C:\WINDOWS\System32\perfos.dll
0x00007ffc3cb80000 - 0x00007ffc3cb92000 	C:\WINDOWS\SYSTEM32\pfclient.dll

dbghelp: loaded successfully - version: 4.0.5 - missing functions: none
symbol engine: initialized successfully - sym options: 0x614 - pdb path: .;C:\.jdk\jdk-17\bin;C:\WINDOWS\SYSTEM32;C:\WINDOWS\WinSxS\amd64_microsoft.windows.common-controls_6595b64144ccf1df_6.0.26100.8457_none_3e0b2faee331e92d;C:\.jdk\jdk-17\bin\server

VM Arguments:
jvm_args: --add-exports=java.base/jdk.internal.misc=ALL-UNNAMED --add-opens=java.base/jdk.internal.misc=ALL-UNNAMED --add-opens=java.base/java.nio=ALL-UNNAMED --add-opens=java.base/sun.nio.ch=ALL-UNNAMED -javaagent:C:\Program Files\JetBrains\IntelliJ IDEA 2024.3.5\lib\idea_rt.jar=54616 -Dfile.encoding=UTF-8 
java_command: com.resourcebox.demo.NewValidationApp
java_class_path (initial): C:\hooniegit\Git\ResourceBox\MediaDriver\java\MediaDriver\target\classes;C:\Users\dhkim\.m2\repository\io\aeron\aeron-all\1.50.4\aeron-all-1.50.4.jar;C:\Users\dhkim\.m2\repository\org\slf4j\slf4j-api\2.0.17\slf4j-api-2.0.17.jar
Launcher Type: SUN_STANDARD

[Global flags]
     intx CICompilerCount                          = 12                                        {product} {ergonomic}
     uint ConcGCThreads                            = 4                                         {product} {ergonomic}
     uint G1ConcRefinementThreads                  = 14                                        {product} {ergonomic}
   size_t G1HeapRegionSize                         = 4194304                                   {product} {ergonomic}
    uintx GCDrainStackTargetSize                   = 64                                        {product} {ergonomic}
   size_t InitialHeapSize                          = 532676608                                 {product} {ergonomic}
   size_t MarkStackSize                            = 4194304                                   {product} {ergonomic}
   size_t MaxHeapSize                              = 8480882688                                {product} {ergonomic}
   size_t MaxNewSize                               = 5087690752                                {product} {ergonomic}
   size_t MinHeapDeltaBytes                        = 4194304                                   {product} {ergonomic}
   size_t MinHeapSize                              = 8388608                                   {product} {ergonomic}
    uintx NonNMethodCodeHeapSize                   = 7602480                                {pd product} {ergonomic}
    uintx NonProfiledCodeHeapSize                  = 122027880                              {pd product} {ergonomic}
    uintx ProfiledCodeHeapSize                     = 122027880                              {pd product} {ergonomic}
    uintx ReservedCodeCacheSize                    = 251658240                              {pd product} {ergonomic}
     bool SegmentedCodeCache                       = true                                      {product} {ergonomic}
   size_t SoftMaxHeapSize                          = 8480882688                             {manageable} {ergonomic}
     bool UseCompressedClassPointers               = true                           {product lp64_product} {ergonomic}
     bool UseCompressedOops                        = true                           {product lp64_product} {ergonomic}
     bool UseG1GC                                  = true                                      {product} {ergonomic}
     bool UseLargePagesIndividualAllocation        = false                                  {pd product} {ergonomic}

Logging:
Log output configuration:
 #0: stdout all=warning uptime,level,tags
 #1: stderr all=off uptime,level,tags

Environment Variables:
JAVA_HOME=C:\.jdk\jdk-17
PATH=c:\Users\dhkim\AppData\Local\Programs\cursor\resources\app\bin;C:\Program Files (x86)\Microsoft\Edge\Application;C:\WINDOWS\system32;C:\WINDOWS;C:\WINDOWS\System32\Wbem;C:\WINDOWS\System32\WindowsPowerShell\v1.0\;C:\WINDOWS\System32\OpenSSH\;C:\Program Files (x86)\Microsoft SQL Server\160\Tools\Binn\;C:\Program Files\Microsoft SQL Server\160\Tools\Binn\;C:\Program Files\Microsoft SQL Server\Client SDK\ODBC\170\Tools\Binn\;C:\Program Files\Microsoft SQL Server\160\DTS\Binn\;C:\Program Files (x86)\Microsoft SQL Server\160\DTS\Binn\;C:\Program Files\Bandizip\;C:\Program Files\dotnet\;C:\Program Files\Git\cmd;C:\.jdk\jdk-17\bin;C:\Program Files\Microsoft SQL Server\150\Tools\Binn\;C:\Program Files (x86)\Windows Kits\10\Windows Performance Toolkit\;C:\Users\dhkim\AppData\Local\Programs\Python\Launcher\;C:\Users\dhkim\AppData\Local\Microsoft\WindowsApps;C:\Users\dhkim\.dotnet\tools;c:\Users\dhkim\AppData\Local\Programs\cursor\resources\app\bin;c:\Users\dhkim\AppData\Local\Programs\cursor\resources\app\bin;C:\Users\dhkim\protoc\bin;C:\Users\dhkim\AppData\Local\Programs\Python\Launcher\;C:\Users\dhkim\AppData\Local\Microsoft\WindowsApps;C:\Users\dhkim\AppData\Local\Programs\Microsoft VS Code\bin;C:\Users\dhkim\.dotnet\tools;C:\Users\dhkim\AppData\Local\Programs\cursor\resources\app\bin;C:\Program Files\JetBrains\IntelliJ IDEA 2024.3.5\bin;;C:\Users\dhkim\AppData\Local\JetBrains\PyCharm 2025.1.1\bin;
USERNAME=dhkim
OS=Windows_NT
PROCESSOR_IDENTIFIER=Intel64 Family 6 Model 170 Stepping 4, GenuineIntel



---------------  S Y S T E M  ---------------

OS:
 Windows 10 , 64 bit Build 26100 (10.0.26100.8328)
OS uptime: 6 days 23:20 hours
Hyper-V role detected

CPU: total 18 (initial active 18) (9 cores per cpu, 2 threads per core) family 6 model 170 stepping 4 microcode 0x1c, cx8, cmov, fxsr, ht, mmx, 3dnowpref, sse, sse2, sse3, ssse3, sse4.1, sse4.2, popcnt, lzcnt, tsc, tscinvbit, avx, avx2, aes, erms, clmul, bmi1, bmi2, adx, sha, fma, vzeroupper, clflush, clflushopt, clwb, hv

Memory: 4k page, system-wide physical 32348M (7647M free)
TotalPageFile size 48732M (AvailPageFile size 11933M)
current process WorkingSet (physical memory assigned to process): 569M, peak: 970M
current process commit charge ("private bytes"): 650M, peak: 668M

vm_info: OpenJDK 64-Bit Server VM (17+35-2724) for windows-amd64 JRE (17+35-2724), built on Aug  5 2021 23:26:02 by "mach5one" with MS VC++ 16.8 (VS2019)

END.
