#
# A fatal error has been detected by the Java Runtime Environment:
#
#  EXCEPTION_ACCESS_VIOLATION (0xc0000005) at pc=0x000001fd0f31c2fd, pid=70024, tid=39572
#
# JRE version: OpenJDK Runtime Environment (17.0+35) (build 17+35-2724)
# Java VM: OpenJDK 64-Bit Server VM (17+35-2724, mixed mode, sharing, tiered, compressed oops, compressed class ptrs, g1 gc, windows-amd64)
# Problematic frame:
# J 1289 c2 org.agrona.concurrent.ringbuffer.ManyToOneRingBuffer.controlledRead(Lorg/agrona/concurrent/ControlledMessageHandler;I)I (315 bytes) @ 0x000001fd0f31c2fd [0x000001fd0f31c220+0x00000000000000dd]
#
# No core dump will be written. Minidumps are not enabled by default on client versions of Windows
#
# If you would like to submit a bug report, please visit:
#   https://bugreport.java.com/bugreport/crash.jsp
#

---------------  S U M M A R Y ------------

Command Line: --add-exports=java.base/jdk.internal.misc=ALL-UNNAMED --add-opens=java.base/jdk.internal.misc=ALL-UNNAMED --add-opens=java.base/java.nio=ALL-UNNAMED --add-opens=java.base/sun.nio.ch=ALL-UNNAMED -javaagent:C:\Program Files\JetBrains\IntelliJ IDEA 2024.3.5\lib\idea_rt.jar=57071 -Dfile.encoding=UTF-8 com.resourcebox.demo.DemoServer

Host: Intel(R) Core(TM) Ultra 5 125H, 18 cores, 31G,  Windows 10 , 64 bit Build 26100 (10.0.26100.8328)
Time: Tue Jun 16 18:38:49 2026  Windows 10 , 64 bit Build 26100 (10.0.26100.8328) elapsed time: 38.471094 seconds (0d 0h 0m 38s)

---------------  T H R E A D  ---------------

Current thread (0x000001fd2f1fcd70):  JavaThread "driver-conductor" [_thread_in_Java, id=39572, stack(0x0000009012500000,0x0000009012600000)]

Stack: [0x0000009012500000,0x0000009012600000],  sp=0x00000090125fefc0,  free space=1019k
Native frames: (J=compiled Java code, j=interpreted, Vv=VM code, C=native code)
C  0x000001fd0f31c2fd


siginfo: EXCEPTION_ACCESS_VIOLATION (0xc0000005), reading address 0x000001fd2c340108


Register to memory mapping:

RIP=0x000001fd0f31c2fd is at entry_point+221 in (nmethod*)0x000001fd0f31c090
RAX=0x0 is NULL
RBX=0x0000000000000088 is an unknown value
RCX=0x00000000000fff78 is an unknown value
RDX=0x000001fd2c340080 is an unknown value
RSP=0x00000090125fefc0 is pointing into the stack for thread: 0x000001fd2f1fcd70
RBP=0x0000000000100278 is an unknown value
RSI=0x000000062499b910 is an oop: io.aeron.driver.ClientCommandAdapter 
{0x000000062499b910} - klass: 'io/aeron/driver/ClientCommandAdapter'
 - ---- fields (total size 11 words):
 - private final 'publicationMsgFlyweight' 'Lio/aeron/command/PublicationMessageFlyweight;' @12  a 'io/aeron/command/PublicationMessageFlyweight'{0x000000062499b968} (c493372d)
 - private final 'subscriptionMsgFlyweight' 'Lio/aeron/command/SubscriptionMessageFlyweight;' @16  a 'io/aeron/command/SubscriptionMessageFlyweight'{0x000000062499b980} (c4933730)
 - private final 'correlatedMsgFlyweight' 'Lio/aeron/command/CorrelatedMessageFlyweight;' @20  a 'io/aeron/command/CorrelatedMessageFlyweight'{0x000000062499b998} (c4933733)
 - private final 'removeCounterFlyweight' 'Lio/aeron/command/RemoveCounterFlyweight;' @24  a 'io/aeron/command/RemoveCounterFlyweight'{0x000000062499b9b0} (c4933736)
 - private final 'removePublicationFlyweight' 'Lio/aeron/command/RemovePublicationFlyweight;' @28  a 'io/aeron/command/RemovePublicationFlyweight'{0x000000062499b9c8} (c4933739)
 - private final 'removeSubscriptionFlyweight' 'Lio/aeron/command/RemoveSubscriptionFlyweight;' @32  a 'io/aeron/command/RemoveSubscriptionFlyweight'{0x000000062499b9e0} (c493373c)
 - private final 'destinationMsgFlyweight' 'Lio/aeron/command/DestinationMessageFlyweight;' @36  a 'io/aeron/command/DestinationMessageFlyweight'{0x000000062499b9f8} (c493373f)
 - private final 'counterMsgFlyweight' 'Lio/aeron/command/CounterMessageFlyweight;' @40  a 'io/aeron/command/CounterMessageFlyweight'{0x000000062499ba10} (c4933742)
 - private final 'staticCounterMessageFlyweight' 'Lio/aeron/command/StaticCounterMessageFlyweight;' @44  a 'io/aeron/command/StaticCounterMessageFlyweight'{0x000000062499ba28} (c4933745)
 - private final 'terminateDriverFlyweight' 'Lio/aeron/command/TerminateDriverFlyweight;' @48  a 'io/aeron/command/TerminateDriverFlyweight'{0x000000062499ba40} (c4933748)
 - private final 'rejectImageFlyweight' 'Lio/aeron/command/RejectImageFlyweight;' @52  a 'io/aeron/command/RejectImageFlyweight'{0x000000062499ba58} (c493374b)
 - private final 'destinationByIdMessageFlyweight' 'Lio/aeron/command/DestinationByIdMessageFlyweight;' @56  a 'io/aeron/command/DestinationByIdMessageFlyweight'{0x000000062499ba70} (c493374e)
 - private final 'getNextAvailableSessionIdMessageFlyweight' 'Lio/aeron/command/GetNextAvailableSessionIdMessageFlyweight;' @60  a 'io/aeron/command/GetNextAvailableSessionIdMessageFlyweight'{0x000000062499ba88} (c4933751)
 - private final 'conductor' 'Lio/aeron/driver/DriverConductor;' @64  a 'io/aeron/driver/DriverConductor'{0x0000000624854178} (c490a82f)
 - private final 'toDriverCommands' 'Lorg/agrona/concurrent/ringbuffer/RingBuffer;' @68  a 'org/agrona/concurrent/ringbuffer/ManyToOneRingBuffer'{0x00000006249358b8} (c4926b17)
 - private final 'clientProxy' 'Lio/aeron/driver/ClientProxy;' @72  a 'io/aeron/driver/ClientProxy'{0x0000000624935910} (c4926b22)
 - private final 'errors' 'Lorg/agrona/concurrent/status/AtomicCounter;' @76  a 'org/agrona/concurrent/status/AtomicCounter'{0x0000000624800ab0} (c4900156)
 - private final 'errorHandler' 'Lorg/agrona/ErrorHandler;' @80  a 'org/agrona/concurrent/errors/LoggingErrorHandler'{0x00000006248d0528} (c491a0a5)
RDI=0x0000000000000088 is an unknown value
R8 =0x00000006249358e8 is an oop: org.agrona.concurrent.UnsafeBuffer 
{0x00000006249358e8} - klass: 'org/agrona/concurrent/UnsafeBuffer'
 - ---- fields (total size 5 words):
 - protected 'capacity' 'I' @12  1049344 (100300)
 - protected 'addressOffset' 'J' @16  2186879959168 (2c340080 1fd)
 - protected 'byteArray' '[B' @24  NULL (0)
 - private 'wrapAdjustment' 'I' @28  128 (80)
 - private 'byteBuffer' 'Ljava/nio/ByteBuffer;' @32  a 'java/nio/DirectByteBuffer'{0x0000000624800b30} (c4900166)
R9 =0x000001fd2c340108 is an unknown value
R10=0x0 is NULL
R11=0x0000000000100180 is an unknown value
R12=0x0 is NULL
R13=0x0000000000000001 is an unknown value
R14=0x00000090125ff0a8 is pointing into the stack for thread: 0x000001fd2f1fcd70
R15=0x000001fd2f1fcd70 is a thread


Registers:
RAX=0x0000000000000000, RBX=0x0000000000000088, RCX=0x00000000000fff78, RDX=0x000001fd2c340080
RSP=0x00000090125fefc0, RBP=0x0000000000100278, RSI=0x000000062499b910, RDI=0x0000000000000088
R8 =0x00000006249358e8, R9 =0x000001fd2c340108, R10=0x0000000000000000, R11=0x0000000000100180
R12=0x0000000000000000, R13=0x0000000000000001, R14=0x00000090125ff0a8, R15=0x000001fd2f1fcd70
RIP=0x000001fd0f31c2fd, EFLAGS=0x0000000000010202

Top of Stack: (sp=0x00000090125fefc0)
0x00000090125fefc0:   0000000000000000 000245e417a18c34
0x00000090125fefd0:   0000000624854178 000001fd0f3184b9
0x00000090125fefe0:   000005d1a4138916 0000000000000000
0x00000090125feff0:   000000062499bbb8 0000000600000001
0x00000090125ff000:   00000000c4933863 0000000800ce5df0
0x00000090125ff010:   0000000624854168 000001fd081697ac
0x00000090125ff020:   ffffffffffffffff 000001fd2b665888
0x00000090125ff030:   0000000624854140 0000000800000000
0x00000090125ff040:   0000000000000000 0000000624854178
0x00000090125ff050:   0000000000000001 0000000000000011
0x00000090125ff060:   00000090125ff0a0 000001fd2b665888
0x00000090125ff070:   0000000624854178 000245e417a18c98
0x00000090125ff080:   0000000000000000 0000000000000000
0x00000090125ff090:   0000000000000000 0000000000000202
0x00000090125ff0a0:   0000000624854168 000001fd0f324338
0x00000090125ff0b0:   000000062503e8b8 0000000600000000 

Instructions: (pc=0x000001fd0f31c2fd)
0x000001fd0f31c1fd:   64 34 64 2c 64 1c 64 b8 f1 05 80 11 64 07 00 00
0x000001fd0f31c20d:   64 0f 64 00 00 00 00 00 00 00 00 00 00 00 00 00
0x000001fd0f31c21d:   00 00 00 44 8b 52 08 49 bb 00 00 00 00 08 00 00
0x000001fd0f31c22d:   00 4d 03 d3 49 3b c2 0f 85 46 08 45 f8 66 90 0f
0x000001fd0f31c23d:   1f 40 00 89 84 24 00 90 ff ff 55 48 83 ec 50 45
0x000001fd0f31c24d:   8b e9 49 8b f0 48 8b ca 44 8b 5a 1c 44 8b 42 28
0x000001fd0f31c25d:   47 8b 4c c4 08 41 81 f9 c8 47 c1 00 0f 85 af 00
0x000001fd0f31c26d:   00 00 49 c1 e0 03 45 8b 48 0c 41 8b e9 41 0b eb
0x000001fd0f31c27d:   83 cd 08 85 ed 0f 8c e4 00 00 00 41 8b e9 41 2b
0x000001fd0f31c28d:   eb 83 fd 08 0f 8c 89 01 00 00 49 8b 50 10 41 8b
0x000001fd0f31c29d:   40 18 4d 63 d3 85 c0 0f 85 96 00 00 00 8b 49 0c
0x000001fd0f31c2ad:   48 8b da 4a 8b 3c 13 44 8b d1 41 ff ca 8b df 41
0x000001fd0f31c2bd:   23 da 2b cb 85 c9 0f 8e cf 00 00 00 45 85 ed 0f
0x000001fd0f31c2cd:   8e ee 00 00 00 41 8b e9 0b eb 83 cd 04 85 ed 0f
0x000001fd0f31c2dd:   8c 0a 01 00 00 41 8b e9 2b eb 83 fd 04 0f 8c 5c
0x000001fd0f31c2ed:   01 00 00 4c 8b d0 49 c1 e2 03 4c 63 cb 4c 03 ca
0x000001fd0f31c2fd:   43 8b 2c 0a 85 ed 0f 8f 77 01 00 00 33 c0 48 83
0x000001fd0f31c30d:   c4 50 5d 49 3b a7 40 03 00 00 0f 87 ab 01 00 00
0x000001fd0f31c31d:   c3 ba de ff ff ff 48 8b e9 48 89 34 24 44 89 6c
0x000001fd0f31c32d:   24 08 44 89 44 24 14 44 89 5c 24 18 66 90 e8 c0
0x000001fd0f31c33d:   5f 45 f8 4c 03 d2 ba 54 ff ff ff 48 8b e9 48 89
0x000001fd0f31c34d:   34 24 44 89 6c 24 08 44 89 5c 24 0c 4c 89 44 24
0x000001fd0f31c35d:   10 89 44 24 18 4c 89 54 24 20 e8 94 5f 45 f8 ba
0x000001fd0f31c36d:   45 ff ff ff 48 89 0c 24 48 89 74 24 08 44 89 6c
0x000001fd0f31c37d:   24 10 44 89 5c 24 18 44 89 5c 24 1c 4c 89 44 24
0x000001fd0f31c38d:   28 44 89 4c 24 30 e8 68 5f 45 f8 ba 45 ff ff ff
0x000001fd0f31c39d:   48 8b ee 44 89 2c 24 44 89 5c 24 04 4c 89 44 24
0x000001fd0f31c3ad:   08 48 89 7c 24 10 89 5c 24 18 89 4c 24 20 e8 40
0x000001fd0f31c3bd:   5f 45 f8 ba 45 ff ff ff 48 8b ee 44 89 5c 24 04
0x000001fd0f31c3cd:   44 89 6c 24 08 4c 89 44 24 10 48 89 7c 24 18 89
0x000001fd0f31c3dd:   5c 24 0c 89 4c 24 20 66 66 90 e8 14 5f 45 f8 ba
0x000001fd0f31c3ed:   45 ff ff ff 48 89 34 24 44 89 6c 24 08 44 89 5c 


Stack slot to memory mapping:
stack at sp + 0 slots: 0x0 is NULL
stack at sp + 1 slots: 0x000245e417a18c34 is an unknown value
stack at sp + 2 slots: 0x0000000624854178 is an oop: io.aeron.driver.DriverConductor 
{0x0000000624854178} - klass: 'io/aeron/driver/DriverConductor'
 - ---- fields (total size 25 words):
 - private 'nextSessionId' 'I' @12  -1772953616 (9652dff0)
 - private final 'timerIntervalNs' 'J' @16  1000000000 (3b9aca00 0)
 - private final 'clientLivenessTimeoutNs' 'J' @24  10000000000 (540be400 2)
 - private 'timeOfLastToDriverPositionChangeNs' 'J' @32  639795872764300 (15b9918c 245e4)
 - private 'lastCommandConsumerPosition' 'J' @40  104 (68 0)
 - private 'timerCheckDeadlineNs' 'J' @48  639796872764300 (51545b8c 245e4)
 - private 'clockUpdateDeadlineNs' 'J' @56  639795905515700 (17ad50b4 245e4)
 - private final 'asyncExecutionDisabled' 'Z' @64  false
 - private 'asyncClientCommandInFlight' 'Z' @65  false
 - private final 'ctx' 'Lio/aeron/driver/MediaDriver$Context;' @68  a 'io/aeron/driver/MediaDriver$Context'{0x0000000624800300} (c4900060)
 - private final 'logFactory' 'Lio/aeron/driver/buffer/LogFactory;' @72  a 'io/aeron/driver/buffer/FileStoreLogFactory'{0x0000000624935f68} (c4926bed)
 - private final 'receiverProxy' 'Lio/aeron/driver/ReceiverProxy;' @76  a 'io/aeron/driver/ReceiverProxy'{0x0000000624935f20} (c4926be4)
 - private final 'senderProxy' 'Lio/aeron/driver/SenderProxy;' @80  a 'io/aeron/driver/SenderProxy'{0x0000000624935ed8} (c4926bdb)
 - private final 'clientProxy' 'Lio/aeron/driver/ClientProxy;' @84  a 'io/aeron/driver/ClientProxy'{0x0000000624935910} (c4926b22)
 - private final 'toDriverCommands' 'Lorg/agrona/concurrent/ringbuffer/RingBuffer;' @88  a 'org/agrona/concurrent/ringbuffer/ManyToOneRingBuffer'{0x00000006249358b8} (c4926b17)
 - private final 'clientCommandAdapter' 'Lio/aeron/driver/ClientCommandAdapter;' @92  a 'io/aeron/driver/ClientCommandAdapter'{0x000000062499b910} (c4933722)
 - private final 'driverCmdQueue' 'Lorg/agrona/concurrent/ManyToOneConcurrentLinkedQueue;' @96  a 'org/agrona/concurrent/ManyToOneConcurrentLinkedQueue'{0x00000006248d7340} (c491ae68)
 - private final 'sendChannelEndpointByChannelMap' 'Lorg/agrona/collections/Object2ObjectHashMap;' @100  a 'org/agrona/collections/Object2ObjectHashMap'{0x000000062499baa0} (c4933754)
 - private final 'receiveChannelEndpointByChannelMap' 'Lorg/agrona/collections/Object2ObjectHashMap;' @104  a 'org/agrona/collections/Object2ObjectHashMap'{0x000000062499bb20} (c4933764)
 - private final 'networkPublications' 'Ljava/util/ArrayList;' @108  a 'java/util/ArrayList'{0x000000062499bba0} (c4933774)
 - private final 'ipcPublications' 'Ljava/util/ArrayList;' @112  a 'java/util/ArrayList'{0x000000062499bbb8} (c4933777)
 - private final 'publicationImages' 'Ljava/util/ArrayList;' @116  a 'java/util/ArrayList'{0x000000062499bff8} (c49337ff)
 - private final 'publicationLinks' 'Ljava/util/ArrayList;' @120  a 'java/util/ArrayList'{0x000000062499c010} (c4933802)
 - private final 'subscriptionLinks' 'Ljava/util/ArrayList;' @124  a 'java/util/ArrayList'{0x000000062499c0d0} (c493381a)
 - private final 'counterLinks' 'Ljava/util/ArrayList;' @128  a 'java/util/ArrayList'{0x000000062499c298} (c4933853)
 - private final 'clients' 'Ljava/util/ArrayList;' @132  a 'java/util/ArrayList'{0x000000062499c2b0} (c4933856)
 - private final 'endOfLifeResources' 'Ljava/util/ArrayDeque;' @136  a 'java/util/ArrayDeque'{0x000000062499c300} (c4933860)
 - private final 'activeSessionSet' 'Lorg/agrona/collections/ObjectHashSet;' @140  a 'org/agrona/collections/ObjectHashSet'{0x000000062499c370} (c493386e)
 - private final 'epochClock' 'Lorg/agrona/concurrent/EpochClock;' @144  a 'org/agrona/concurrent/SystemEpochClock'{0x00000006248d0560} (c491a0ac)
 - private final 'nanoClock' 'Lorg/agrona/concurrent/NanoClock;' @148  a 'org/agrona/concurrent/SystemNanoClock'{0x00000006248d8600} (c491b0c0)
 - private final 'cachedEpochClock' 'Lorg/agrona/concurrent/CachedEpochClock;' @152  a 'org/agrona/concurrent/CachedEpochClock'{0x00000006248d0490} (c491a092)
 - private final 'cachedNanoClock' 'Lorg/agrona/concurrent/CachedNanoClock;' @156  a 'org/agrona/concurrent/CachedNanoClock'{0x000000062496da28} (c492db45)
 - private final 'countersManager' 'Lorg/agrona/concurrent/status/CountersManager;' @160  a 'org/agrona/concurrent/status/CountersManager'{0x0000000624800ad8} (c490015b)
 - private final 'networkPublicationThreadLocals' 'Lio/aeron/driver/NetworkPublicationThreadLocals;' @164  a 'io/aeron/driver/NetworkPublicationThreadLocals'{0x000000062496d888} (c492db11)
 - private final 'tempBuffer' 'Lorg/agrona/MutableDirectBuffer;' @168  a 'org/agrona/concurrent/UnsafeBuffer'{0x00000006249438d0} (c492871a)
 - private final 'defaultDataHeader' 'Lio/aeron/protocol/DataHeaderFlyweight;' @172  a 'io/aeron/protocol/DataHeaderFlyweight'{0x000000062496d7e0} (c492dafc)
 - private final 'errorCounter' 'Lorg/agrona/concurrent/status/AtomicCounter;' @176  a 'org/agrona/concurrent/status/AtomicCounter'{0x0000000624800ab0} (c4900156)
 - private final 'imagesRejected' 'Lorg/agrona/concurrent/status/AtomicCounter;' @180  a 'org/agrona/concurrent/status/AtomicCounter'{0x0000000624943fe8} (c49287fd)
 - private final 'dutyCycleTracker' 'Lio/aeron/driver/DutyCycleTracker;' @184  a 'io/aeron/driver/status/DutyCycleStallTracker'{0x0000000624935738} (c4926ae7)
 - private final 'asyncTaskExecutor' 'Ljava/util/concurrent/Executor;' @188  a 'java/util/concurrent/ThreadPoolExecutor'{0x0000000624943e30} (c49287c6)
 - private 'nameResolver' 'Lio/aeron/driver/TimeTrackingNameResolver;' @192  a 'io/aeron/driver/TimeTrackingNameResolver'{0x0000000624943e18} (c49287c3)
stack at sp + 3 slots: 0x000001fd0f3184b9 is at entry_point+57 in (nmethod*)0x000001fd0f318310
stack at sp + 4 slots: 0x000005d1a4138916 is an unknown value
stack at sp + 5 slots: 0x0 is NULL
stack at sp + 6 slots: 0x000000062499bbb8 is an oop: java.util.ArrayList 
{0x000000062499bbb8} - klass: 'java/util/ArrayList'
 - ---- fields (total size 3 words):
 - protected transient 'modCount' 'I' @12  1
 - private 'size' 'I' @16  1
 - transient 'elementData' '[Ljava/lang/Object;' @20  a 'java/lang/Object'[10] {0x000000062499bbd0} (c493377a)
stack at sp + 7 slots: 0x0000000600000001 is an unknown value

--------------------------------------------------------------------------------
[Constant Pool (empty)]

--------------------------------------------------------------------------------

[MachCode]
  0x000001fd0f31c220: 448b 5208 | 49bb 0000 | 0000 0800 | 0000 4d03 | d349 3bc2 | 0f85 4608 | 45f8 6690 | 0f1f 4000 
  0x000001fd0f31c240: 8984 2400 | 90ff ff55 | 4883 ec50 | 458b e949 | 8bf0 488b | ca44 8b5a | 1c44 8b42 | 2847 8b4c 
  0x000001fd0f31c260: c408 4181 | f9c8 47c1 | 000f 85af | 0000 0049 | c1e0 0345 | 8b48 0c41 | 8be9 410b | eb83 cd08 
  0x000001fd0f31c280: 85ed 0f8c | e400 0000 | 418b e941 | 2beb 83fd | 080f 8c89 | 0100 0049 | 8b50 1041 | 8b40 184d 
  0x000001fd0f31c2a0: 63d3 85c0 | 0f85 9600 | 0000 8b49 | 0c48 8bda | 4a8b 3c13 | 448b d141 | ffca 8bdf | 4123 da2b 
  0x000001fd0f31c2c0: cb85 c90f | 8ecf 0000 | 0045 85ed | 0f8e ee00 | 0000 418b | e90b eb83 | cd04 85ed | 0f8c 0a01 
  0x000001fd0f31c2e0: 0000 418b | e92b eb83 | fd04 0f8c | 5c01 0000 | 4c8b d049 | c1e2 034c | 63cb 4c03 | ca43 8b2c 
  0x000001fd0f31c300: 0a85 ed0f | 8f77 0100 | 0033 c048 | 83c4 505d | 493b a740 | 0300 000f | 87ab 0100 | 00c3 bade 
  0x000001fd0f31c320: ffff ff48 | 8be9 4889 | 3424 4489 | 6c24 0844 | 8944 2414 | 4489 5c24 | 1866 90e8 | c05f 45f8 
  0x000001fd0f31c340: 4c03 d2ba | 54ff ffff | 488b e948 | 8934 2444 | 896c 2408 | 4489 5c24 | 0c4c 8944 | 2410 8944 
  0x000001fd0f31c360: 2418 4c89 | 5424 20e8 | 945f 45f8 | ba45 ffff | ff48 890c | 2448 8974 | 2408 4489 | 6c24 1044 
  0x000001fd0f31c380: 895c 2418 | 4489 5c24 | 1c4c 8944 | 2428 4489 | 4c24 30e8 | 685f 45f8 | ba45 ffff | ff48 8bee 
  0x000001fd0f31c3a0: 4489 2c24 | 4489 5c24 | 044c 8944 | 2408 4889 | 7c24 1089 | 5c24 1889 | 4c24 20e8 | 405f 45f8 
  0x000001fd0f31c3c0: ba45 ffff | ff48 8bee | 4489 5c24 | 0444 896c | 2408 4c89 | 4424 1048 | 897c 2418 | 895c 240c 
  0x000001fd0f31c3e0: 894c 2420 | 6666 90e8 | 145f 45f8 | ba45 ffff | ff48 8934 | 2444 896c | 2408 4489 | 5c24 0c48 
  0x000001fd0f31c400: 897c 2418 | 894c 2424 | 895c 2428 | 4c89 4424 | 3089 5c24 | 2c44 894c | 243c 90e8 | e05e 45f8 
  0x000001fd0f31c420: ba45 ffff | ff48 890c | 2448 8974 | 2408 4489 | 6c24 1044 | 895c 2418 | 4489 5c24 | 1c4c 8944 
  0x000001fd0f31c440: 2428 4489 | 4c24 30e8 | b45e 45f8 | ba45 ffff | ff48 8934 | 2444 896c | 2408 4489 | 5c24 0c48 
  0x000001fd0f31c460: 897c 2418 | 894c 2424 | 895c 2428 | 4c89 4424 | 3089 5c24 | 2c44 894c | 243c 90e8 | 805e 45f8 
  0x000001fd0f31c480: ba45 ffff | ff48 8934 | 2444 896c | 2408 4489 | 5c24 0c4c | 8944 2410 | 4889 7c24 | 1889 4c24 
  0x000001fd0f31c4a0: 2489 5c24 | 2866 90e8 | 545e 45f8 | baf6 ffff | ff48 8be9 | 4889 3424 | 4489 6c24 | 0844 895c 
  0x000001fd0f31c4c0: 2410 90e8 | 385e 45f8 | 49ba 10c3 | 310f fd01 | 0000 4d89 | 9758 0300 | 00e9 226f | 45f8 f4f4 
  0x000001fd0f31c4e0: e91b bf46 | f8e8 0000 | 0000 4883 | 2c24 05e9 | ac61 45f8 | f4f4 f4f4 
[/MachCode]
--------------------------------------------------------------------------------


---------------  P R O C E S S  ---------------

Threads class SMR info:
_java_thread_list=0x000001fd2b8d65a0, length=22, elements={
0x000001fd7daaf540, 0x000001fd2a9f6c30, 0x000001fd2a9f96f0, 0x000001fd2aa0f5a0,
0x000001fd2aa0fe60, 0x000001fd2aa10d30, 0x000001fd2aa14610, 0x000001fd2aa15b40,
0x000001fd2aa16d80, 0x000001fd2aa1ac70, 0x000001fd2a9e3a30, 0x000001fd2ac82e30,
0x000001fd2ac6d7b0, 0x000001fd2b8f1c70, 0x000001fd2bdbcd00, 0x000001fd2bc4a3e0,
0x000001fd2bfeae90, 0x000001fd2bff2440, 0x000001fd2f1fcd70, 0x000001fd2f1fc130,
0x000001fd2b8d01b0, 0x000001fd2f41e530
}

Java Threads: ( => current thread )
  0x000001fd7daaf540 JavaThread "main" [_thread_blocked, id=62588, stack(0x0000009010800000,0x0000009010900000)]
  0x000001fd2a9f6c30 JavaThread "Reference Handler" daemon [_thread_blocked, id=69944, stack(0x0000009010f00000,0x0000009011000000)]
  0x000001fd2a9f96f0 JavaThread "Finalizer" daemon [_thread_blocked, id=3024, stack(0x0000009011000000,0x0000009011100000)]
  0x000001fd2aa0f5a0 JavaThread "Signal Dispatcher" daemon [_thread_blocked, id=66684, stack(0x0000009011100000,0x0000009011200000)]
  0x000001fd2aa0fe60 JavaThread "Attach Listener" daemon [_thread_blocked, id=46568, stack(0x0000009011200000,0x0000009011300000)]
  0x000001fd2aa10d30 JavaThread "Service Thread" daemon [_thread_blocked, id=66832, stack(0x0000009011300000,0x0000009011400000)]
  0x000001fd2aa14610 JavaThread "Monitor Deflation Thread" daemon [_thread_blocked, id=29604, stack(0x0000009011400000,0x0000009011500000)]
  0x000001fd2aa15b40 JavaThread "C2 CompilerThread0" daemon [_thread_blocked, id=67388, stack(0x0000009011500000,0x0000009011600000)]
  0x000001fd2aa16d80 JavaThread "C1 CompilerThread0" daemon [_thread_blocked, id=48636, stack(0x0000009011600000,0x0000009011700000)]
  0x000001fd2aa1ac70 JavaThread "Sweeper thread" daemon [_thread_blocked, id=32116, stack(0x0000009011700000,0x0000009011800000)]
  0x000001fd2a9e3a30 JavaThread "Common-Cleaner" daemon [_thread_blocked, id=69112, stack(0x0000009011800000,0x0000009011900000)]
  0x000001fd2ac82e30 JavaThread "Monitor Ctrl-Break" daemon [_thread_in_native, id=62152, stack(0x0000009011d00000,0x0000009011e00000)]
  0x000001fd2ac6d7b0 JavaThread "Notification Thread" daemon [_thread_blocked, id=52768, stack(0x0000009011e00000,0x0000009011f00000)]
  0x000001fd2b8f1c70 JavaThread "async-executor C:\Users\dhkim\AppData\Local\Temp\PARCAeron" daemon [_thread_blocked, id=28064, stack(0x0000009012000000,0x0000009012100000)]
  0x000001fd2bdbcd00 JavaThread "RMI TCP Accept-0" daemon [_thread_in_native, id=68344, stack(0x0000009012100000,0x0000009012200000)]
  0x000001fd2bc4a3e0 JavaThread "RMI TCP Connection(1)-192.168.0.75" daemon [_thread_in_native, id=59112, stack(0x0000009012200000,0x0000009012300000)]
  0x000001fd2bfeae90 JavaThread "RMI Scheduler(0)" daemon [_thread_blocked, id=51244, stack(0x0000009012300000,0x0000009012400000)]
  0x000001fd2bff2440 JavaThread "JMX server connection timeout 29" daemon [_thread_blocked, id=41604, stack(0x0000009012400000,0x0000009012500000)]
=>0x000001fd2f1fcd70 JavaThread "driver-conductor" [_thread_in_Java, id=39572, stack(0x0000009012500000,0x0000009012600000)]
  0x000001fd2f1fc130 JavaThread "sender" [_thread_in_Java, id=10108, stack(0x0000009012600000,0x0000009012700000)]
  0x000001fd2b8d01b0 JavaThread "receiver" [_thread_in_Java, id=32120, stack(0x0000009012700000,0x0000009012800000)]
  0x000001fd2f41e530 JavaThread "SIGINT handler" daemon [_thread_blocked, id=50388, stack(0x0000009013100000,0x0000009013200000)]

Other Threads:
  0x000001fd2a9f2a00 VMThread "VM Thread" [stack: 0x0000009010e00000,0x0000009010f00000] [id=29636]
  0x000001fd2ac6e490 WatcherThread [stack: 0x0000009011f00000,0x0000009012000000] [id=57188]
  0x000001fd7db28fb0 GCTaskThread "GC Thread#0" [stack: 0x0000009010900000,0x0000009010a00000] [id=48816]
  0x000001fd2b8ba7d0 GCTaskThread "GC Thread#1" [stack: 0x0000009011900000,0x0000009011a00000] [id=64928]
  0x000001fd2f257300 GCTaskThread "GC Thread#2" [stack: 0x0000009011a00000,0x0000009011b00000] [id=70460]
  0x000001fd2b9ef7e0 GCTaskThread "GC Thread#3" [stack: 0x0000009011b00000,0x0000009011c00000] [id=24560]
  0x000001fd2b9edb00 GCTaskThread "GC Thread#4" [stack: 0x0000009011c00000,0x0000009011d00000] [id=34004]
  0x000001fd2ba29360 GCTaskThread "GC Thread#5" [stack: 0x0000009012800000,0x0000009012900000] [id=69600]
  0x000001fd2ba29a20 GCTaskThread "GC Thread#6" [stack: 0x0000009012900000,0x0000009012a00000] [id=6252]
  0x000001fd2ba29cd0 GCTaskThread "GC Thread#7" [stack: 0x0000009012a00000,0x0000009012b00000] [id=59596]
  0x000001fd2aacecb0 GCTaskThread "GC Thread#8" [stack: 0x0000009012b00000,0x0000009012c00000] [id=48296]
  0x000001fd2aace750 GCTaskThread "GC Thread#9" [stack: 0x0000009012c00000,0x0000009012d00000] [id=12924]
  0x000001fd2aacea00 GCTaskThread "GC Thread#10" [stack: 0x0000009012d00000,0x0000009012e00000] [id=36948]
  0x000001fd2aacf770 GCTaskThread "GC Thread#11" [stack: 0x0000009012e00000,0x0000009012f00000] [id=12748]
  0x000001fd7db3a880 ConcurrentGCThread "G1 Main Marker" [stack: 0x0000009010a00000,0x0000009010b00000] [id=67532]
  0x000001fd7db3b290 ConcurrentGCThread "G1 Conc#0" [stack: 0x0000009010b00000,0x0000009010c00000] [id=50692]
  0x000001fd7f8e63f0 ConcurrentGCThread "G1 Refine#0" [stack: 0x0000009010c00000,0x0000009010d00000] [id=30800]
  0x000001fd7f8e7cc0 ConcurrentGCThread "G1 Service" [stack: 0x0000009010d00000,0x0000009010e00000] [id=47080]

Threads with active compile tasks:

VM state: not at safepoint (normal execution)

VM Mutex/Monitor currently owned by a thread: None

Heap address: 0x0000000606800000, size: 8088 MB, Compressed Oops mode: Zero based, Oop shift amount: 3

CDS archive(s) mapped at: [0x0000000800000000-0x0000000800bc0000-0x0000000800bc0000), size 12320768, SharedBaseAddress: 0x0000000800000000, ArchiveRelocationMode: 0.
Compressed class space mapped at: 0x0000000800c00000-0x0000000840c00000, reserved size: 1073741824
Narrow klass base: 0x0000000800000000, Narrow klass shift: 0, Narrow klass range: 0x100000000

GC Precious Log:
 CPUs: 18 total, 18 available
 Memory: 32348M
 Large Page Support: Disabled
 NUMA Support: Disabled
 Compressed Oops: Enabled (Zero based)
 Heap Region Size: 4M
 Heap Min Capacity: 8M
 Heap Initial Capacity: 508M
 Heap Max Capacity: 8088M
 Pre-touch: Disabled
 Parallel Workers: 14
 Concurrent Workers: 4
 Concurrent Refinement Workers: 14
 Periodic GC: Disabled

Heap:
 garbage-first heap   total 520192K, used 3929K [0x0000000606800000, 0x0000000800000000)
  region size 4096K, 2 young (8192K), 1 survivors (4096K)
 Metaspace       used 9007K, committed 9216K, reserved 1056768K
  class space    used 970K, committed 1088K, reserved 1048576K

Heap Regions: E=young(eden), S=young(survivor), O=old, HS=humongous(starts), HC=humongous(continues), CS=collection set, F=free, OA=open archive, CA=closed archive, TAMS=top-at-mark-start (previous, next)
|   0|0x0000000606800000, 0x0000000606800000, 0x0000000606c00000|  0%| F|  |TAMS 0x0000000606800000, 0x0000000606800000| Untracked 
|   1|0x0000000606c00000, 0x0000000606c00000, 0x0000000607000000|  0%| F|  |TAMS 0x0000000606c00000, 0x0000000606c00000| Untracked 
|   2|0x0000000607000000, 0x0000000607000000, 0x0000000607400000|  0%| F|  |TAMS 0x0000000607000000, 0x0000000607000000| Untracked 
|   3|0x0000000607400000, 0x0000000607400000, 0x0000000607800000|  0%| F|  |TAMS 0x0000000607400000, 0x0000000607400000| Untracked 
|   4|0x0000000607800000, 0x0000000607800000, 0x0000000607c00000|  0%| F|  |TAMS 0x0000000607800000, 0x0000000607800000| Untracked 
|   5|0x0000000607c00000, 0x0000000607c00000, 0x0000000608000000|  0%| F|  |TAMS 0x0000000607c00000, 0x0000000607c00000| Untracked 
|   6|0x0000000608000000, 0x0000000608000000, 0x0000000608400000|  0%| F|  |TAMS 0x0000000608000000, 0x0000000608000000| Untracked 
|   7|0x0000000608400000, 0x0000000608400000, 0x0000000608800000|  0%| F|  |TAMS 0x0000000608400000, 0x0000000608400000| Untracked 
|   8|0x0000000608800000, 0x0000000608800000, 0x0000000608c00000|  0%| F|  |TAMS 0x0000000608800000, 0x0000000608800000| Untracked 
|   9|0x0000000608c00000, 0x0000000608c00000, 0x0000000609000000|  0%| F|  |TAMS 0x0000000608c00000, 0x0000000608c00000| Untracked 
|  10|0x0000000609000000, 0x0000000609000000, 0x0000000609400000|  0%| F|  |TAMS 0x0000000609000000, 0x0000000609000000| Untracked 
|  11|0x0000000609400000, 0x0000000609400000, 0x0000000609800000|  0%| F|  |TAMS 0x0000000609400000, 0x0000000609400000| Untracked 
|  12|0x0000000609800000, 0x0000000609800000, 0x0000000609c00000|  0%| F|  |TAMS 0x0000000609800000, 0x0000000609800000| Untracked 
|  13|0x0000000609c00000, 0x0000000609c00000, 0x000000060a000000|  0%| F|  |TAMS 0x0000000609c00000, 0x0000000609c00000| Untracked 
|  14|0x000000060a000000, 0x000000060a000000, 0x000000060a400000|  0%| F|  |TAMS 0x000000060a000000, 0x000000060a000000| Untracked 
|  15|0x000000060a400000, 0x000000060a400000, 0x000000060a800000|  0%| F|  |TAMS 0x000000060a400000, 0x000000060a400000| Untracked 
|  16|0x000000060a800000, 0x000000060a800000, 0x000000060ac00000|  0%| F|  |TAMS 0x000000060a800000, 0x000000060a800000| Untracked 
|  17|0x000000060ac00000, 0x000000060ac00000, 0x000000060b000000|  0%| F|  |TAMS 0x000000060ac00000, 0x000000060ac00000| Untracked 
|  18|0x000000060b000000, 0x000000060b000000, 0x000000060b400000|  0%| F|  |TAMS 0x000000060b000000, 0x000000060b000000| Untracked 
|  19|0x000000060b400000, 0x000000060b400000, 0x000000060b800000|  0%| F|  |TAMS 0x000000060b400000, 0x000000060b400000| Untracked 
|  20|0x000000060b800000, 0x000000060b800000, 0x000000060bc00000|  0%| F|  |TAMS 0x000000060b800000, 0x000000060b800000| Untracked 
|  21|0x000000060bc00000, 0x000000060bc00000, 0x000000060c000000|  0%| F|  |TAMS 0x000000060bc00000, 0x000000060bc00000| Untracked 
|  22|0x000000060c000000, 0x000000060c000000, 0x000000060c400000|  0%| F|  |TAMS 0x000000060c000000, 0x000000060c000000| Untracked 
|  23|0x000000060c400000, 0x000000060c400000, 0x000000060c800000|  0%| F|  |TAMS 0x000000060c400000, 0x000000060c400000| Untracked 
|  24|0x000000060c800000, 0x000000060c800000, 0x000000060cc00000|  0%| F|  |TAMS 0x000000060c800000, 0x000000060c800000| Untracked 
|  25|0x000000060cc00000, 0x000000060cc00000, 0x000000060d000000|  0%| F|  |TAMS 0x000000060cc00000, 0x000000060cc00000| Untracked 
|  26|0x000000060d000000, 0x000000060d000000, 0x000000060d400000|  0%| F|  |TAMS 0x000000060d000000, 0x000000060d000000| Untracked 
|  27|0x000000060d400000, 0x000000060d400000, 0x000000060d800000|  0%| F|  |TAMS 0x000000060d400000, 0x000000060d400000| Untracked 
|  28|0x000000060d800000, 0x000000060d800000, 0x000000060dc00000|  0%| F|  |TAMS 0x000000060d800000, 0x000000060d800000| Untracked 
|  29|0x000000060dc00000, 0x000000060dc00000, 0x000000060e000000|  0%| F|  |TAMS 0x000000060dc00000, 0x000000060dc00000| Untracked 
|  30|0x000000060e000000, 0x000000060e000000, 0x000000060e400000|  0%| F|  |TAMS 0x000000060e000000, 0x000000060e000000| Untracked 
|  31|0x000000060e400000, 0x000000060e400000, 0x000000060e800000|  0%| F|  |TAMS 0x000000060e400000, 0x000000060e400000| Untracked 
|  32|0x000000060e800000, 0x000000060e800000, 0x000000060ec00000|  0%| F|  |TAMS 0x000000060e800000, 0x000000060e800000| Untracked 
|  33|0x000000060ec00000, 0x000000060ec00000, 0x000000060f000000|  0%| F|  |TAMS 0x000000060ec00000, 0x000000060ec00000| Untracked 
|  34|0x000000060f000000, 0x000000060f000000, 0x000000060f400000|  0%| F|  |TAMS 0x000000060f000000, 0x000000060f000000| Untracked 
|  35|0x000000060f400000, 0x000000060f400000, 0x000000060f800000|  0%| F|  |TAMS 0x000000060f400000, 0x000000060f400000| Untracked 
|  36|0x000000060f800000, 0x000000060f800000, 0x000000060fc00000|  0%| F|  |TAMS 0x000000060f800000, 0x000000060f800000| Untracked 
|  37|0x000000060fc00000, 0x000000060fc00000, 0x0000000610000000|  0%| F|  |TAMS 0x000000060fc00000, 0x000000060fc00000| Untracked 
|  38|0x0000000610000000, 0x0000000610000000, 0x0000000610400000|  0%| F|  |TAMS 0x0000000610000000, 0x0000000610000000| Untracked 
|  39|0x0000000610400000, 0x0000000610400000, 0x0000000610800000|  0%| F|  |TAMS 0x0000000610400000, 0x0000000610400000| Untracked 
|  40|0x0000000610800000, 0x0000000610800000, 0x0000000610c00000|  0%| F|  |TAMS 0x0000000610800000, 0x0000000610800000| Untracked 
|  41|0x0000000610c00000, 0x0000000610c00000, 0x0000000611000000|  0%| F|  |TAMS 0x0000000610c00000, 0x0000000610c00000| Untracked 
|  42|0x0000000611000000, 0x0000000611000000, 0x0000000611400000|  0%| F|  |TAMS 0x0000000611000000, 0x0000000611000000| Untracked 
|  43|0x0000000611400000, 0x0000000611400000, 0x0000000611800000|  0%| F|  |TAMS 0x0000000611400000, 0x0000000611400000| Untracked 
|  44|0x0000000611800000, 0x0000000611800000, 0x0000000611c00000|  0%| F|  |TAMS 0x0000000611800000, 0x0000000611800000| Untracked 
|  45|0x0000000611c00000, 0x0000000611c00000, 0x0000000612000000|  0%| F|  |TAMS 0x0000000611c00000, 0x0000000611c00000| Untracked 
|  46|0x0000000612000000, 0x0000000612000000, 0x0000000612400000|  0%| F|  |TAMS 0x0000000612000000, 0x0000000612000000| Untracked 
|  47|0x0000000612400000, 0x0000000612400000, 0x0000000612800000|  0%| F|  |TAMS 0x0000000612400000, 0x0000000612400000| Untracked 
|  48|0x0000000612800000, 0x0000000612800000, 0x0000000612c00000|  0%| F|  |TAMS 0x0000000612800000, 0x0000000612800000| Untracked 
|  49|0x0000000612c00000, 0x0000000612c00000, 0x0000000613000000|  0%| F|  |TAMS 0x0000000612c00000, 0x0000000612c00000| Untracked 
|  50|0x0000000613000000, 0x0000000613000000, 0x0000000613400000|  0%| F|  |TAMS 0x0000000613000000, 0x0000000613000000| Untracked 
|  51|0x0000000613400000, 0x0000000613400000, 0x0000000613800000|  0%| F|  |TAMS 0x0000000613400000, 0x0000000613400000| Untracked 
|  52|0x0000000613800000, 0x0000000613800000, 0x0000000613c00000|  0%| F|  |TAMS 0x0000000613800000, 0x0000000613800000| Untracked 
|  53|0x0000000613c00000, 0x0000000613c00000, 0x0000000614000000|  0%| F|  |TAMS 0x0000000613c00000, 0x0000000613c00000| Untracked 
|  54|0x0000000614000000, 0x0000000614000000, 0x0000000614400000|  0%| F|  |TAMS 0x0000000614000000, 0x0000000614000000| Untracked 
|  55|0x0000000614400000, 0x0000000614400000, 0x0000000614800000|  0%| F|  |TAMS 0x0000000614400000, 0x0000000614400000| Untracked 
|  56|0x0000000614800000, 0x0000000614800000, 0x0000000614c00000|  0%| F|  |TAMS 0x0000000614800000, 0x0000000614800000| Untracked 
|  57|0x0000000614c00000, 0x0000000614c00000, 0x0000000615000000|  0%| F|  |TAMS 0x0000000614c00000, 0x0000000614c00000| Untracked 
|  58|0x0000000615000000, 0x0000000615000000, 0x0000000615400000|  0%| F|  |TAMS 0x0000000615000000, 0x0000000615000000| Untracked 
|  59|0x0000000615400000, 0x0000000615400000, 0x0000000615800000|  0%| F|  |TAMS 0x0000000615400000, 0x0000000615400000| Untracked 
|  60|0x0000000615800000, 0x0000000615800000, 0x0000000615c00000|  0%| F|  |TAMS 0x0000000615800000, 0x0000000615800000| Untracked 
|  61|0x0000000615c00000, 0x0000000615c00000, 0x0000000616000000|  0%| F|  |TAMS 0x0000000615c00000, 0x0000000615c00000| Untracked 
|  62|0x0000000616000000, 0x0000000616000000, 0x0000000616400000|  0%| F|  |TAMS 0x0000000616000000, 0x0000000616000000| Untracked 
|  63|0x0000000616400000, 0x0000000616400000, 0x0000000616800000|  0%| F|  |TAMS 0x0000000616400000, 0x0000000616400000| Untracked 
|  64|0x0000000616800000, 0x0000000616800000, 0x0000000616c00000|  0%| F|  |TAMS 0x0000000616800000, 0x0000000616800000| Untracked 
|  65|0x0000000616c00000, 0x0000000616c00000, 0x0000000617000000|  0%| F|  |TAMS 0x0000000616c00000, 0x0000000616c00000| Untracked 
|  66|0x0000000617000000, 0x0000000617000000, 0x0000000617400000|  0%| F|  |TAMS 0x0000000617000000, 0x0000000617000000| Untracked 
|  67|0x0000000617400000, 0x0000000617400000, 0x0000000617800000|  0%| F|  |TAMS 0x0000000617400000, 0x0000000617400000| Untracked 
|  68|0x0000000617800000, 0x0000000617800000, 0x0000000617c00000|  0%| F|  |TAMS 0x0000000617800000, 0x0000000617800000| Untracked 
|  69|0x0000000617c00000, 0x0000000617c00000, 0x0000000618000000|  0%| F|  |TAMS 0x0000000617c00000, 0x0000000617c00000| Untracked 
|  70|0x0000000618000000, 0x0000000618000000, 0x0000000618400000|  0%| F|  |TAMS 0x0000000618000000, 0x0000000618000000| Untracked 
|  71|0x0000000618400000, 0x0000000618400000, 0x0000000618800000|  0%| F|  |TAMS 0x0000000618400000, 0x0000000618400000| Untracked 
|  72|0x0000000618800000, 0x0000000618800000, 0x0000000618c00000|  0%| F|  |TAMS 0x0000000618800000, 0x0000000618800000| Untracked 
|  73|0x0000000618c00000, 0x0000000618c00000, 0x0000000619000000|  0%| F|  |TAMS 0x0000000618c00000, 0x0000000618c00000| Untracked 
|  74|0x0000000619000000, 0x0000000619000000, 0x0000000619400000|  0%| F|  |TAMS 0x0000000619000000, 0x0000000619000000| Untracked 
|  75|0x0000000619400000, 0x0000000619400000, 0x0000000619800000|  0%| F|  |TAMS 0x0000000619400000, 0x0000000619400000| Untracked 
|  76|0x0000000619800000, 0x0000000619800000, 0x0000000619c00000|  0%| F|  |TAMS 0x0000000619800000, 0x0000000619800000| Untracked 
|  77|0x0000000619c00000, 0x0000000619c00000, 0x000000061a000000|  0%| F|  |TAMS 0x0000000619c00000, 0x0000000619c00000| Untracked 
|  78|0x000000061a000000, 0x000000061a000000, 0x000000061a400000|  0%| F|  |TAMS 0x000000061a000000, 0x000000061a000000| Untracked 
|  79|0x000000061a400000, 0x000000061a400000, 0x000000061a800000|  0%| F|  |TAMS 0x000000061a400000, 0x000000061a400000| Untracked 
|  80|0x000000061a800000, 0x000000061a800000, 0x000000061ac00000|  0%| F|  |TAMS 0x000000061a800000, 0x000000061a800000| Untracked 
|  81|0x000000061ac00000, 0x000000061ac00000, 0x000000061b000000|  0%| F|  |TAMS 0x000000061ac00000, 0x000000061ac00000| Untracked 
|  82|0x000000061b000000, 0x000000061b000000, 0x000000061b400000|  0%| F|  |TAMS 0x000000061b000000, 0x000000061b000000| Untracked 
|  83|0x000000061b400000, 0x000000061b400000, 0x000000061b800000|  0%| F|  |TAMS 0x000000061b400000, 0x000000061b400000| Untracked 
|  84|0x000000061b800000, 0x000000061b800000, 0x000000061bc00000|  0%| F|  |TAMS 0x000000061b800000, 0x000000061b800000| Untracked 
|  85|0x000000061bc00000, 0x000000061bc00000, 0x000000061c000000|  0%| F|  |TAMS 0x000000061bc00000, 0x000000061bc00000| Untracked 
|  86|0x000000061c000000, 0x000000061c000000, 0x000000061c400000|  0%| F|  |TAMS 0x000000061c000000, 0x000000061c000000| Untracked 
|  87|0x000000061c400000, 0x000000061c400000, 0x000000061c800000|  0%| F|  |TAMS 0x000000061c400000, 0x000000061c400000| Untracked 
|  88|0x000000061c800000, 0x000000061c800000, 0x000000061cc00000|  0%| F|  |TAMS 0x000000061c800000, 0x000000061c800000| Untracked 
|  89|0x000000061cc00000, 0x000000061cc00000, 0x000000061d000000|  0%| F|  |TAMS 0x000000061cc00000, 0x000000061cc00000| Untracked 
|  90|0x000000061d000000, 0x000000061d000000, 0x000000061d400000|  0%| F|  |TAMS 0x000000061d000000, 0x000000061d000000| Untracked 
|  91|0x000000061d400000, 0x000000061d400000, 0x000000061d800000|  0%| F|  |TAMS 0x000000061d400000, 0x000000061d400000| Untracked 
|  92|0x000000061d800000, 0x000000061d800000, 0x000000061dc00000|  0%| F|  |TAMS 0x000000061d800000, 0x000000061d800000| Untracked 
|  93|0x000000061dc00000, 0x000000061dc00000, 0x000000061e000000|  0%| F|  |TAMS 0x000000061dc00000, 0x000000061dc00000| Untracked 
|  94|0x000000061e000000, 0x000000061e000000, 0x000000061e400000|  0%| F|  |TAMS 0x000000061e000000, 0x000000061e000000| Untracked 
|  95|0x000000061e400000, 0x000000061e400000, 0x000000061e800000|  0%| F|  |TAMS 0x000000061e400000, 0x000000061e400000| Untracked 
|  96|0x000000061e800000, 0x000000061e800000, 0x000000061ec00000|  0%| F|  |TAMS 0x000000061e800000, 0x000000061e800000| Untracked 
|  97|0x000000061ec00000, 0x000000061ec00000, 0x000000061f000000|  0%| F|  |TAMS 0x000000061ec00000, 0x000000061ec00000| Untracked 
|  98|0x000000061f000000, 0x000000061f000000, 0x000000061f400000|  0%| F|  |TAMS 0x000000061f000000, 0x000000061f000000| Untracked 
|  99|0x000000061f400000, 0x000000061f400000, 0x000000061f800000|  0%| F|  |TAMS 0x000000061f400000, 0x000000061f400000| Untracked 
| 100|0x000000061f800000, 0x000000061f800000, 0x000000061fc00000|  0%| F|  |TAMS 0x000000061f800000, 0x000000061f800000| Untracked 
| 101|0x000000061fc00000, 0x000000061fc00000, 0x0000000620000000|  0%| F|  |TAMS 0x000000061fc00000, 0x000000061fc00000| Untracked 
| 102|0x0000000620000000, 0x0000000620000000, 0x0000000620400000|  0%| F|  |TAMS 0x0000000620000000, 0x0000000620000000| Untracked 
| 103|0x0000000620400000, 0x0000000620400000, 0x0000000620800000|  0%| F|  |TAMS 0x0000000620400000, 0x0000000620400000| Untracked 
| 104|0x0000000620800000, 0x0000000620800000, 0x0000000620c00000|  0%| F|  |TAMS 0x0000000620800000, 0x0000000620800000| Untracked 
| 105|0x0000000620c00000, 0x0000000620c00000, 0x0000000621000000|  0%| F|  |TAMS 0x0000000620c00000, 0x0000000620c00000| Untracked 
| 106|0x0000000621000000, 0x0000000621000000, 0x0000000621400000|  0%| F|  |TAMS 0x0000000621000000, 0x0000000621000000| Untracked 
| 107|0x0000000621400000, 0x0000000621400000, 0x0000000621800000|  0%| F|  |TAMS 0x0000000621400000, 0x0000000621400000| Untracked 
| 108|0x0000000621800000, 0x0000000621800000, 0x0000000621c00000|  0%| F|  |TAMS 0x0000000621800000, 0x0000000621800000| Untracked 
| 109|0x0000000621c00000, 0x0000000621c00000, 0x0000000622000000|  0%| F|  |TAMS 0x0000000621c00000, 0x0000000621c00000| Untracked 
| 110|0x0000000622000000, 0x0000000622000000, 0x0000000622400000|  0%| F|  |TAMS 0x0000000622000000, 0x0000000622000000| Untracked 
| 111|0x0000000622400000, 0x0000000622400000, 0x0000000622800000|  0%| F|  |TAMS 0x0000000622400000, 0x0000000622400000| Untracked 
| 112|0x0000000622800000, 0x0000000622800000, 0x0000000622c00000|  0%| F|  |TAMS 0x0000000622800000, 0x0000000622800000| Untracked 
| 113|0x0000000622c00000, 0x0000000622c00000, 0x0000000623000000|  0%| F|  |TAMS 0x0000000622c00000, 0x0000000622c00000| Untracked 
| 114|0x0000000623000000, 0x0000000623000000, 0x0000000623400000|  0%| F|  |TAMS 0x0000000623000000, 0x0000000623000000| Untracked 
| 115|0x0000000623400000, 0x0000000623400000, 0x0000000623800000|  0%| F|  |TAMS 0x0000000623400000, 0x0000000623400000| Untracked 
| 116|0x0000000623800000, 0x0000000623800000, 0x0000000623c00000|  0%| F|  |TAMS 0x0000000623800000, 0x0000000623800000| Untracked 
| 117|0x0000000623c00000, 0x0000000623c00000, 0x0000000624000000|  0%| F|  |TAMS 0x0000000623c00000, 0x0000000623c00000| Untracked 
| 118|0x0000000624000000, 0x0000000624000000, 0x0000000624400000|  0%| F|  |TAMS 0x0000000624000000, 0x0000000624000000| Untracked 
| 119|0x0000000624400000, 0x0000000624400000, 0x0000000624800000|  0%| F|  |TAMS 0x0000000624400000, 0x0000000624400000| Untracked 
| 120|0x0000000624800000, 0x0000000624bd6670, 0x0000000624c00000| 95%| S|CS|TAMS 0x0000000624800000, 0x0000000624800000| Complete 
| 121|0x0000000624c00000, 0x0000000624c00000, 0x0000000625000000|  0%| F|  |TAMS 0x0000000624c00000, 0x0000000624c00000| Untracked 
| 122|0x0000000625000000, 0x0000000625000000, 0x0000000625400000|  0%| F|  |TAMS 0x0000000625000000, 0x0000000625000000| Untracked 
| 123|0x0000000625400000, 0x0000000625400000, 0x0000000625800000|  0%| F|  |TAMS 0x0000000625400000, 0x0000000625400000| Untracked 
| 124|0x0000000625800000, 0x0000000625800000, 0x0000000625c00000|  0%| F|  |TAMS 0x0000000625800000, 0x0000000625800000| Untracked 
| 125|0x0000000625c00000, 0x0000000625c00000, 0x0000000626000000|  0%| F|  |TAMS 0x0000000625c00000, 0x0000000625c00000| Untracked 
| 126|0x0000000626000000, 0x0000000626271768, 0x0000000626400000| 61%| E|  |TAMS 0x0000000626000000, 0x0000000626000000| Complete 

Card table byte_map: [0x000001fd16720000,0x000001fd176f0000] _byte_map_base: 0x000001fd136ec000

Marking Bits (Prev, Next): (CMBitMap*) 0x000001fd7db295c0, (CMBitMap*) 0x000001fd7db29600
 Prev Bits: [0x000001fd186c0000, 0x000001fd20520000)
 Next Bits: [0x000001fd20520000, 0x000001fd28380000)

Polling page: 0x000001fd7b690000

Metaspace:

Usage:
  Non-class:      7.85 MB used.
      Class:    970.92 KB used.
       Both:      8.80 MB used.

Virtual space:
  Non-class space:        8.00 MB reserved,       7.94 MB (>99%) committed,  1 nodes.
      Class space:        1.00 GB reserved,       1.06 MB ( <1%) committed,  1 nodes.
             Both:        1.01 GB reserved,       9.00 MB ( <1%) committed. 

Chunk freelists:
   Non-Class:  3.00 KB
       Class:  2.97 MB
        Both:  2.97 MB

MaxMetaspaceSize: unlimited
CompressedClassSpaceSize: 1.00 GB
Initial GC threshold: 21.00 MB
Current GC threshold: 21.00 MB
CDS: on
MetaspaceReclaimPolicy: balanced
 - commit_granule_bytes: 65536.
 - commit_granule_words: 8192.
 - virtual_space_node_default_size: 1048576.
 - enlarge_chunks_in_place: 1.
 - new_chunks_are_fully_committed: 0.
 - uncommit_free_chunks: 1.
 - use_allocation_guard: 0.
 - handle_deallocations: 1.


Internal statistics:

num_allocs_failed_limit: 0.
num_arena_births: 206.
num_arena_deaths: 0.
num_vsnodes_births: 2.
num_vsnodes_deaths: 0.
num_space_committed: 144.
num_space_uncommitted: 0.
num_chunks_returned_to_freelist: 0.
num_chunks_taken_from_freelist: 367.
num_chunk_merges: 0.
num_chunk_splits: 213.
num_chunks_enlarged: 112.
num_purges: 0.
num_inconsistent_stats: 0.

CodeHeap 'non-profiled nmethods': size=119168Kb used=563Kb max_used=563Kb free=118604Kb
 bounds [0x000001fd0f2c0000, 0x000001fd0f530000, 0x000001fd16720000]
CodeHeap 'profiled nmethods': size=119104Kb used=3050Kb max_used=3050Kb free=116053Kb
 bounds [0x000001fd07e70000, 0x000001fd08170000, 0x000001fd0f2c0000]
CodeHeap 'non-nmethods': size=7488Kb used=1210Kb max_used=2919Kb free=6277Kb
 bounds [0x000001fd07720000, 0x000001fd07a00000, 0x000001fd07e70000]
 total_blobs=2207 nmethods=1691 adapters=429
 compilation: enabled
              stopped_count=0, restarted_count=0
 full_count=0

Compilation events (20 events):
Event: 37.437 Thread 0x000001fd2aa16d80 nmethod 1678 0x000001fd08162090 code [0x000001fd08162300, 0x000001fd08162fd8]
Event: 37.484 Thread 0x000001fd2aa16d80 1679       3       javax.management.ObjectName::getDomain (13 bytes)
Event: 37.484 Thread 0x000001fd2aa16d80 nmethod 1679 0x000001fd08163510 code [0x000001fd081636c0, 0x000001fd08163888]
Event: 37.484 Thread 0x000001fd2aa16d80 1680       3       jdk.internal.misc.Unsafe::copyMemory (33 bytes)
Event: 37.485 Thread 0x000001fd2aa16d80 nmethod 1680 0x000001fd08163990 code [0x000001fd08163c40, 0x000001fd08164998]
Event: 37.485 Thread 0x000001fd2aa16d80 1681       3       jdk.internal.misc.Unsafe::copyMemoryChecks (21 bytes)
Event: 37.485 Thread 0x000001fd2aa16d80 nmethod 1681 0x000001fd08164f90 code [0x000001fd08165240, 0x000001fd08165fa8]
Event: 38.461 Thread 0x000001fd2aa15b40 1684       4       org.agrona.UnsafeApi::getLong (9 bytes)
Event: 38.461 Thread 0x000001fd2aa16d80 1685       3       io.aeron.driver.DriverConductor::trackStreamPositions (148 bytes)
Event: 38.461 Thread 0x000001fd2aa15b40 nmethod 1684 0x000001fd0f348110 code [0x000001fd0f348280, 0x000001fd0f3482d8]
Event: 38.462 Thread 0x000001fd2aa16d80 nmethod 1685 0x000001fd08166510 code [0x000001fd081667e0, 0x000001fd08167d18]
Event: 38.462 Thread 0x000001fd2aa16d80 1683       3       io.aeron.driver.IpcPublication::updatePublisherPositionAndLimit (217 bytes)
Event: 38.462 Thread 0x000001fd2aa16d80 nmethod 1683 0x000001fd08168410 code [0x000001fd08168660, 0x000001fd08168eb8]
Event: 38.462 Thread 0x000001fd2aa16d80 1686       3       io.aeron.driver.DriverConductor::doWork (91 bytes)
Event: 38.463 Thread 0x000001fd2aa16d80 nmethod 1686 0x000001fd08169310 code [0x000001fd08169540, 0x000001fd08169b58]
Event: 38.463 Thread 0x000001fd2aa16d80 1687       3       org.agrona.concurrent.status.UnsafeBufferPosition::get (12 bytes)
Event: 38.463 Thread 0x000001fd2aa16d80 nmethod 1687 0x000001fd08169e90 code [0x000001fd0816a020, 0x000001fd0816a198]
Event: 38.463 Thread 0x000001fd2aa15b40 1688       4       io.aeron.driver.DriverConductor::trackStreamPositions (148 bytes)
Event: 38.466 Thread 0x000001fd2aa16d80 1691       3       java.lang.ref.ReferenceQueue::reallyPoll (65 bytes)
Event: 38.466 Thread 0x000001fd2aa16d80 nmethod 1691 0x000001fd0816a290 code [0x000001fd0816a460, 0x000001fd0816a9b8]

GC Heap History (2 events):
Event: 26.244 GC heap before
{Heap before GC invocations=0 (full 0):
 garbage-first heap   total 520192K, used 24576K [0x0000000606800000, 0x0000000800000000)
  region size 4096K, 6 young (24576K), 0 survivors (0K)
 Metaspace       used 8929K, committed 9152K, reserved 1056768K
  class space    used 966K, committed 1088K, reserved 1048576K
}
Event: 26.248 GC heap after
{Heap after GC invocations=1 (full 0):
 garbage-first heap   total 520192K, used 3929K [0x0000000606800000, 0x0000000800000000)
  region size 4096K, 1 young (4096K), 1 survivors (4096K)
 Metaspace       used 8929K, committed 9152K, reserved 1056768K
  class space    used 966K, committed 1088K, reserved 1048576K
}

Deoptimization events (20 events):
Event: 11.110 Thread 0x000001fd2f1fcd70 Uncommon trap: trap_request=0xffffff45 fr.pc=0x000001fd0f33907c relative=0x0000000000000fbc
Event: 11.110 Thread 0x000001fd2f1fcd70 Uncommon trap: reason=unstable_if action=reinterpret pc=0x000001fd0f33907c method=io.aeron.driver.IpcPublication.updatePublisherPositionAndLimit()I @ 136 c2
Event: 11.111 Thread 0x000001fd2f1fcd70 DEOPT PACKING pc=0x000001fd0f33907c sp=0x00000090125ff010
Event: 11.111 Thread 0x000001fd2f1fcd70 DEOPT UNPACKING pc=0x000001fd077723a3 sp=0x00000090125fee80 mode 2
Event: 11.129 Thread 0x000001fd2f1fcd70 Uncommon trap: trap_request=0xffffff45 fr.pc=0x000001fd0f33764c relative=0x000000000000050c
Event: 11.129 Thread 0x000001fd2f1fcd70 Uncommon trap: reason=unstable_if action=reinterpret pc=0x000001fd0f33764c method=io.aeron.driver.IpcPublication.updatePublisherPositionAndLimit()I @ 136 c2
Event: 11.129 Thread 0x000001fd2f1fcd70 DEOPT PACKING pc=0x000001fd0f33764c sp=0x00000090125fefd0
Event: 11.129 Thread 0x000001fd2f1fcd70 DEOPT UNPACKING pc=0x000001fd077723a3 sp=0x00000090125fee70 mode 2
Event: 38.461 Thread 0x000001fd2f1fcd70 Uncommon trap: trap_request=0xffffff45 fr.pc=0x000001fd0f33cf48 relative=0x0000000000000f08
Event: 38.461 Thread 0x000001fd2f1fcd70 Uncommon trap: reason=unstable_if action=reinterpret pc=0x000001fd0f33cf48 method=io.aeron.driver.IpcPublication.updatePublisherPositionAndLimit()I @ 30 c2
Event: 38.461 Thread 0x000001fd2f1fcd70 DEOPT PACKING pc=0x000001fd0f33cf48 sp=0x00000090125ff010
Event: 38.461 Thread 0x000001fd2f1fcd70 DEOPT UNPACKING pc=0x000001fd077723a3 sp=0x00000090125fee80 mode 2
Event: 38.461 Thread 0x000001fd2f1fcd70 Uncommon trap: trap_request=0xffffff45 fr.pc=0x000001fd0f33b4f8 relative=0x00000000000004b8
Event: 38.461 Thread 0x000001fd2f1fcd70 Uncommon trap: reason=unstable_if action=reinterpret pc=0x000001fd0f33b4f8 method=io.aeron.driver.IpcPublication.updatePublisherPositionAndLimit()I @ 30 c2
Event: 38.461 Thread 0x000001fd2f1fcd70 DEOPT PACKING pc=0x000001fd0f33b4f8 sp=0x00000090125fefb0
Event: 38.461 Thread 0x000001fd2f1fcd70 DEOPT UNPACKING pc=0x000001fd077723a3 sp=0x00000090125fee70 mode 2
Event: 38.461 Thread 0x000001fd2f1fcd70 Uncommon trap: trap_request=0xffffff45 fr.pc=0x000001fd0f336320 relative=0x0000000000000280
Event: 38.461 Thread 0x000001fd2f1fcd70 Uncommon trap: reason=unstable_if action=reinterpret pc=0x000001fd0f336320 method=io.aeron.driver.IpcPublication.updatePublisherPositionAndLimit()I @ 30 c2
Event: 38.461 Thread 0x000001fd2f1fcd70 DEOPT PACKING pc=0x000001fd0f336320 sp=0x00000090125fef30
Event: 38.461 Thread 0x000001fd2f1fcd70 DEOPT UNPACKING pc=0x000001fd077723a3 sp=0x00000090125fee78 mode 2

Classes unloaded (0 events):
No events

Classes redefined (0 events):
No events

Internal exceptions (20 events):
Event: 0.088 Thread 0x000001fd2ac82e30 Exception <a 'java/lang/NoSuchMethodError'{0x00000006263881c0}: 'java.lang.Object java.lang.invoke.DirectMethodHandle$Holder.invokeStaticInit(java.lang.Object)'> (0x00000006263881c0) 
thrown [t:\workspace\open\src\hotspot\share\interpreter\linkResolver.cpp, line 766]
Event: 0.092 Thread 0x000001fd2ac82e30 Exception <a 'java/lang/NoSuchMethodError'{0x0000000626395a50}: 'void java.lang.invoke.DirectMethodHandle$Holder.invokeStatic(java.lang.Object, java.lang.Object)'> (0x0000000626395a50) 
thrown [t:\workspace\open\src\hotspot\share\interpreter\linkResolver.cpp, line 766]
Event: 0.121 Thread 0x000001fd7daaf540 Exception <a 'java/lang/NoSuchMethodError'{0x0000000625ca0e40}: 'java.lang.Object java.lang.invoke.DirectMethodHandle$Holder.invokeStaticInit(java.lang.Object, java.lang.Object, long, java.lang.Object)'> (0x0000000625ca0e40) 
thrown [t:\workspace\open\src\hotspot\share\interpreter\linkResolver.cpp, line 766]
Event: 0.122 Thread 0x000001fd7daaf540 Exception <a 'java/lang/NoSuchMethodError'{0x0000000625ca7550}: 'java.lang.Object java.lang.invoke.DirectMethodHandle$Holder.newInvokeSpecial(java.lang.Object, java.lang.Object, long)'> (0x0000000625ca7550) 
thrown [t:\workspace\open\src\hotspot\share\interpreter\linkResolver.cpp, line 766]
Event: 0.122 Thread 0x000001fd7daaf540 Exception <a 'java/lang/NoSuchMethodError'{0x0000000625cab598}: 'java.lang.Object java.lang.invoke.Invokers$Holder.linkToTargetMethod(java.lang.Object, long, java.lang.Object)'> (0x0000000625cab598) 
thrown [t:\workspace\open\src\hotspot\share\interpreter\linkResolver.cpp, line 766]
Event: 0.140 Thread 0x000001fd7daaf540 Exception <a 'java/lang/NoSuchMethodError'{0x0000000625e8a300}: 'void java.lang.invoke.DirectMethodHandle$Holder.invokeInterface(java.lang.Object, java.lang.Object)'> (0x0000000625e8a300) 
thrown [t:\workspace\open\src\hotspot\share\interpreter\linkResolver.cpp, line 766]
Event: 0.147 Thread 0x000001fd7daaf540 Exception <a 'java/lang/NoSuchMethodError'{0x0000000625eed150}: 'java.lang.Object java.lang.invoke.Invokers$Holder.invoke_MT(java.lang.Object, java.lang.Object, java.lang.Object, java.lang.Object, java.lang.Object)'> (0x0000000625eed150) 
thrown [t:\workspace\open\src\hotspot\share\interpreter\linkResolver.cpp, line 766]
Event: 0.147 Thread 0x000001fd7daaf540 Exception <a 'java/lang/NoSuchMethodError'{0x0000000625f01fb8}: 'int java.lang.invoke.DirectMethodHandle$Holder.invokeSpecial(java.lang.Object, java.lang.Object, java.lang.Object)'> (0x0000000625f01fb8) 
thrown [t:\workspace\open\src\hotspot\share\interpreter\linkResolver.cpp, line 766]
Event: 0.148 Thread 0x000001fd7daaf540 Exception <a 'java/lang/NoSuchMethodError'{0x0000000625f092a0}: 'int java.lang.invoke.Invokers$Holder.linkToTargetMethod(java.lang.Object, java.lang.Object, java.lang.Object)'> (0x0000000625f092a0) 
thrown [t:\workspace\open\src\hotspot\share\interpreter\linkResolver.cpp, line 766]
Event: 0.159 Thread 0x000001fd7daaf540 Exception <a 'java/lang/NoSuchMethodError'{0x0000000625f33490}: 'void java.lang.invoke.DirectMethodHandle$Holder.invokeStatic(java.lang.Object, java.lang.Object, java.lang.Object)'> (0x0000000625f33490) 
thrown [t:\workspace\open\src\hotspot\share\interpreter\linkResolver.cpp, line 766]
Event: 0.165 Thread 0x000001fd2aa0fe60 Exception <a 'java/lang/NoSuchMethodError'{0x0000000625e345a8}: 'int java.lang.invoke.DirectMethodHandle$Holder.invokeInterface(java.lang.Object, java.lang.Object)'> (0x0000000625e345a8) 
thrown [t:\workspace\open\src\hotspot\share\interpreter\linkResolver.cpp, line 766]
Event: 0.165 Thread 0x000001fd2aa0fe60 Exception <a 'java/lang/IncompatibleClassChangeError'{0x0000000625e37a90}: Found class java.lang.Object, but interface was expected> (0x0000000625e37a90) 
thrown [t:\workspace\open\src\hotspot\share\interpreter\linkResolver.cpp, line 833]
Event: 0.184 Thread 0x000001fd7daaf540 Exception <a 'java/lang/NoSuchMethodError'{0x0000000625fa4c10}: 'java.lang.Object java.lang.invoke.DirectMethodHandle$Holder.invokeStaticInit(java.lang.Object, int, int, int, int)'> (0x0000000625fa4c10) 
thrown [t:\workspace\open\src\hotspot\share\interpreter\linkResolver.cpp, line 766]
Event: 0.240 Thread 0x000001fd7daaf540 Exception <a 'java/lang/NoSuchMethodError'{0x00000006259caff0}: 'java.lang.Object java.lang.invoke.DirectMethodHandle$Holder.invokeStaticInit(java.lang.Object, java.lang.Object, int, int, int, int)'> (0x00000006259caff0) 
thrown [t:\workspace\open\src\hotspot\share\interpreter\linkResolver.cpp, line 766]
Event: 0.269 Thread 0x000001fd7daaf540 Exception <a 'java/lang/NoSuchMethodError'{0x0000000625aa9fd8}: 'java.lang.Object java.lang.invoke.DirectMethodHandle$Holder.invokeSpecial(java.lang.Object, java.lang.Object, int, java.lang.Object, java.lang.Object)'> (0x0000000625aa9fd8) 
thrown [t:\workspace\open\src\hotspot\share\interpreter\linkResolver.cpp, line 766]
Event: 0.280 Thread 0x000001fd2aa0fe60 Exception <a 'java/lang/ClassNotFoundException'{0x0000000625a378b8}: javax/management/remote/rmi/RMIServerImpl_Skel> (0x0000000625a378b8) 
thrown [t:\workspace\open\src\hotspot\share\classfile\systemDictionary.cpp, line 256]
Event: 0.281 Thread 0x000001fd7daaf540 Exception <a 'java/lang/NoSuchMethodError'{0x0000000625ac5a60}: 'java.lang.Object java.lang.invoke.Invokers$Holder.invoke_MT(java.lang.Object, java.lang.Object, java.lang.Object)'> (0x0000000625ac5a60) 
thrown [t:\workspace\open\src\hotspot\share\interpreter\linkResolver.cpp, line 766]
Event: 0.307 Thread 0x000001fd7daaf540 Exception <a 'java/lang/NoSuchMethodError'{0x000000062543a968}: 'void java.lang.invoke.DirectMethodHandle$Holder.invokeSpecial(java.lang.Object, java.lang.Object, java.lang.Object)'> (0x000000062543a968) 
thrown [t:\workspace\open\src\hotspot\share\interpreter\linkResolver.cpp, line 766]
Event: 0.343 Thread 0x000001fd2bc4a3e0 Exception <a 'java/lang/NoSuchMethodError'{0x0000000625559ea0}: static [B.<clinit>()V> (0x0000000625559ea0) 
thrown [t:\workspace\open\src\hotspot\share\prims\jni.cpp, line 1107]
Event: 0.349 Thread 0x000001fd2bc4a3e0 Exception <a 'java/lang/ClassNotFoundException'{0x00000006255626e0}: javax/management/remote/rmi/RMIConnectionImpl_Skel> (0x00000006255626e0) 
thrown [t:\workspace\open\src\hotspot\share\classfile\systemDictionary.cpp, line 256]

VM Operations (20 events):
Event: 16.559 Executing VM operation: Cleanup
Event: 16.559 Executing VM operation: Cleanup done
Event: 17.561 Executing VM operation: Cleanup
Event: 17.561 Executing VM operation: Cleanup done
Event: 19.570 Executing VM operation: Cleanup
Event: 19.570 Executing VM operation: Cleanup done
Event: 24.615 Executing VM operation: Cleanup
Event: 24.615 Executing VM operation: Cleanup done
Event: 26.244 Executing VM operation: G1CollectForAllocation
Event: 26.248 Executing VM operation: G1CollectForAllocation done
Event: 27.261 Executing VM operation: Cleanup
Event: 27.261 Executing VM operation: Cleanup done
Event: 29.273 Executing VM operation: Cleanup
Event: 29.274 Executing VM operation: Cleanup done
Event: 31.281 Executing VM operation: Cleanup
Event: 31.282 Executing VM operation: Cleanup done
Event: 32.294 Executing VM operation: Cleanup
Event: 32.294 Executing VM operation: Cleanup done
Event: 34.306 Executing VM operation: Cleanup
Event: 34.306 Executing VM operation: Cleanup done

Events (20 events):
Event: 11.036 Thread 0x000001fd2f2ad7c0 Thread added: 0x000001fd2f2ad7c0
Event: 11.037 Thread 0x000001fd2b9e5cc0 Thread added: 0x000001fd2b9e5cc0
Event: 11.069 Thread 0x000001fd2b9e7b20 Thread added: 0x000001fd2b9e7b20
Event: 11.069 Thread 0x000001fd2b9e4880 Thread added: 0x000001fd2b9e4880
Event: 11.261 Thread 0x000001fd2b9e4880 Thread exited: 0x000001fd2b9e4880
Event: 11.695 Thread 0x000001fd2b9e7b20 Thread exited: 0x000001fd2b9e7b20
Event: 11.695 Thread 0x000001fd2b9e5cc0 Thread exited: 0x000001fd2b9e5cc0
Event: 18.450 Thread 0x000001fd2f2ad7c0 Thread exited: 0x000001fd2f2ad7c0
Event: 38.460 loading class java/util/IdentityHashMap$EntrySet
Event: 38.460 loading class java/util/IdentityHashMap$EntrySet done
Event: 38.460 loading class java/util/IdentityHashMap$EntryIterator
Event: 38.460 loading class java/util/IdentityHashMap$EntryIterator done
Event: 38.460 loading class java/util/IdentityHashMap$EntryIterator$Entry
Event: 38.460 loading class java/util/IdentityHashMap$EntryIterator$Entry done
Event: 38.464 loading class jdk/internal/misc/Signal$1
Event: 38.464 loading class jdk/internal/misc/Signal$1 done
Event: 38.465 Thread 0x000001fd2f41e530 Thread added: 0x000001fd2f41e530
Event: 38.465 Thread 0x000001fd2f41ea00 Thread added: 0x000001fd2f41ea00
Event: 38.465 Thread 0x000001fd2f41e060 Thread added: 0x000001fd2f41e060
Event: 38.465 Thread 0x000001fd2f41ea00 Thread exited: 0x000001fd2f41ea00


Dynamic libraries:
0x00007ff77d920000 - 0x00007ff77d92e000 	C:\.jdk\jdk-17\bin\java.exe
0x00007ffc41d20000 - 0x00007ffc41f87000 	C:\WINDOWS\SYSTEM32\ntdll.dll
0x00007ffc3fc30000 - 0x00007ffc3fcf9000 	C:\WINDOWS\System32\KERNEL32.DLL
0x00007ffc3f3d0000 - 0x00007ffc3f7c7000 	C:\WINDOWS\System32\KERNELBASE.dll
0x00007ffc3f950000 - 0x00007ffc3fa9b000 	C:\WINDOWS\System32\ucrtbase.dll
0x00007ffc20620000 - 0x00007ffc20638000 	C:\.jdk\jdk-17\bin\jli.dll
0x00007ffc20b00000 - 0x00007ffc20b1a000 	C:\.jdk\jdk-17\bin\VCRUNTIME140.dll
0x00007ffc41610000 - 0x00007ffc417d6000 	C:\WINDOWS\System32\USER32.dll
0x00007ffc3f2e0000 - 0x00007ffc3f307000 	C:\WINDOWS\System32\win32u.dll
0x00007ffc417e0000 - 0x00007ffc4180b000 	C:\WINDOWS\System32\GDI32.dll
0x00007ffc1d3e0000 - 0x00007ffc1d672000 	C:\WINDOWS\WinSxS\amd64_microsoft.windows.common-controls_6595b64144ccf1df_6.0.26100.8457_none_3e0b2faee331e92d\COMCTL32.dll
0x00007ffc41c20000 - 0x00007ffc41cc9000 	C:\WINDOWS\System32\msvcrt.dll
0x00007ffc3f1b0000 - 0x00007ffc3f2dc000 	C:\WINDOWS\System32\gdi32full.dll
0x00007ffc3f100000 - 0x00007ffc3f1a3000 	C:\WINDOWS\System32\msvcp_win.dll
0x00007ffc40fa0000 - 0x00007ffc40fd2000 	C:\WINDOWS\System32\IMM32.DLL
0x00007ffc28340000 - 0x00007ffc2834c000 	C:\.jdk\jdk-17\bin\vcruntime140_1.dll
0x00007ffbcb910000 - 0x00007ffbcb99d000 	C:\.jdk\jdk-17\bin\msvcp140.dll
0x00007ffac4f70000 - 0x00007ffac5b2e000 	C:\.jdk\jdk-17\bin\server\jvm.dll
0x00007ffc40ee0000 - 0x00007ffc40f96000 	C:\WINDOWS\System32\ADVAPI32.dll
0x00007ffc40320000 - 0x00007ffc403c7000 	C:\WINDOWS\System32\sechost.dll
0x00007ffc3fb10000 - 0x00007ffc3fc28000 	C:\WINDOWS\System32\RPCRT4.dll
0x00007ffc411e0000 - 0x00007ffc411e8000 	C:\WINDOWS\System32\PSAPI.DLL
0x00007ffc25ca0000 - 0x00007ffc25cd6000 	C:\WINDOWS\SYSTEM32\WINMM.dll
0x00007ffc1e430000 - 0x00007ffc1e43a000 	C:\WINDOWS\SYSTEM32\WSOCK32.dll
0x00007ffc28d90000 - 0x00007ffc28d9b000 	C:\WINDOWS\SYSTEM32\VERSION.dll
0x00007ffc40e00000 - 0x00007ffc40e80000 	C:\WINDOWS\System32\WS2_32.dll
0x00007ffc3d4a0000 - 0x00007ffc3d4bb000 	C:\WINDOWS\SYSTEM32\kernel.appcore.dll
0x00007ffc28110000 - 0x00007ffc2811a000 	C:\.jdk\jdk-17\bin\jimage.dll
0x00007ffc3c830000 - 0x00007ffc3ca72000 	C:\WINDOWS\SYSTEM32\DBGHELP.DLL
0x00007ffc41280000 - 0x00007ffc41603000 	C:\WINDOWS\System32\combase.dll
0x00007ffc40ca0000 - 0x00007ffc40d79000 	C:\WINDOWS\System32\OLEAUT32.dll
0x00007ffc1ee20000 - 0x00007ffc1ee5b000 	C:\WINDOWS\SYSTEM32\dbgcore.DLL
0x00007ffc3efc0000 - 0x00007ffc3f068000 	C:\WINDOWS\System32\bcryptPrimitives.dll
0x00007ffc39500000 - 0x00007ffc3950e000 	C:\.jdk\jdk-17\bin\instrument.dll
0x00007ffc25e50000 - 0x00007ffc25e75000 	C:\.jdk\jdk-17\bin\java.dll
0x00007ffbba480000 - 0x00007ffbba556000 	C:\.jdk\jdk-17\bin\svml.dll
0x00007ffc403d0000 - 0x00007ffc40b3e000 	C:\WINDOWS\System32\SHELL32.dll
0x00007ffc3e750000 - 0x00007ffc3efbc000 	C:\WINDOWS\System32\windows.storage.dll
0x00007ffc40ba0000 - 0x00007ffc40c96000 	C:\WINDOWS\System32\SHCORE.dll
0x00007ffc3faa0000 - 0x00007ffc3fb06000 	C:\WINDOWS\System32\shlwapi.dll
0x00007ffc3e670000 - 0x00007ffc3e699000 	C:\WINDOWS\SYSTEM32\profapi.dll
0x00007ffc0a430000 - 0x00007ffc0a448000 	C:\.jdk\jdk-17\bin\zip.dll
0x00007ffc20bb0000 - 0x00007ffc20bc9000 	C:\.jdk\jdk-17\bin\net.dll
0x00007ffc34ad0000 - 0x00007ffc34bf9000 	C:\WINDOWS\SYSTEM32\WINHTTP.dll
0x00007ffc3d9f0000 - 0x00007ffc3da5c000 	C:\WINDOWS\system32\mswsock.dll
0x00007ffc13230000 - 0x00007ffc13245000 	C:\.jdk\jdk-17\bin\nio.dll
0x00007ffc3d020000 - 0x00007ffc3d152000 	C:\WINDOWS\SYSTEM32\DNSAPI.dll
0x00007ffc3cfe0000 - 0x00007ffc3d012000 	C:\WINDOWS\SYSTEM32\IPHLPAPI.DLL
0x00007ffc418d0000 - 0x00007ffc418da000 	C:\WINDOWS\System32\NSI.dll
0x00007ffc34fe0000 - 0x00007ffc34feb000 	C:\Windows\System32\rasadhlp.dll
0x00007ffc35460000 - 0x00007ffc354e6000 	C:\WINDOWS\System32\fwpuclnt.dll
0x00007ffbaf270000 - 0x00007ffbaf279000 	C:\.jdk\jdk-17\bin\management.dll
0x00007ffbac3a0000 - 0x00007ffbac3ab000 	C:\.jdk\jdk-17\bin\management_ext.dll
0x00007ffc3ddf0000 - 0x00007ffc3de0b000 	C:\WINDOWS\SYSTEM32\CRYPTSP.dll
0x00007ffc3d400000 - 0x00007ffc3d439000 	C:\WINDOWS\system32\rsaenh.dll
0x00007ffc3daa0000 - 0x00007ffc3dad3000 	C:\WINDOWS\SYSTEM32\USERENV.dll
0x00007ffc3e640000 - 0x00007ffc3e66a000 	C:\WINDOWS\SYSTEM32\bcrypt.dll
0x00007ffc3dc50000 - 0x00007ffc3dc5c000 	C:\WINDOWS\SYSTEM32\CRYPTBASE.dll
0x00007ffc35090000 - 0x00007ffc350ad000 	C:\WINDOWS\SYSTEM32\dhcpcsvc6.DLL
0x00007ffc34da0000 - 0x00007ffc34dc5000 	C:\WINDOWS\SYSTEM32\dhcpcsvc.DLL
0x00007ffc19760000 - 0x00007ffc19778000 	C:\WINDOWS\system32\napinsp.dll
0x00007ffc18cf0000 - 0x00007ffc18d03000 	C:\WINDOWS\System32\winrnr.dll
0x00007ffc18c30000 - 0x00007ffc18c52000 	C:\WINDOWS\system32\nlansp_c.dll
0x00007ffc2b9c0000 - 0x00007ffc2b9d6000 	C:\WINDOWS\system32\wshbth.dll
0x00007ffc280e0000 - 0x00007ffc280ee000 	C:\.jdk\jdk-17\bin\sunmscapi.dll
0x00007ffc3f7d0000 - 0x00007ffc3f948000 	C:\WINDOWS\System32\CRYPT32.dll
0x00007ffc3dfc0000 - 0x00007ffc3dff0000 	C:\WINDOWS\SYSTEM32\ncrypt.dll
0x00007ffc3df70000 - 0x00007ffc3dfaf000 	C:\WINDOWS\SYSTEM32\NTASN1.dll
0x00007ffbfffa0000 - 0x00007ffbffff6000 	C:\WINDOWS\SYSTEM32\pdh.dll
0x00007ffc082d0000 - 0x00007ffc082d8000 	C:\WINDOWS\system32\wshunix.dll
0x00007ffc37140000 - 0x00007ffc37152000 	C:\WINDOWS\System32\perfproc.dll
0x00007ffc279c0000 - 0x00007ffc279d1000 	C:\WINDOWS\System32\perfos.dll
0x00007ffc3cb80000 - 0x00007ffc3cb92000 	C:\WINDOWS\SYSTEM32\pfclient.dll

dbghelp: loaded successfully - version: 4.0.5 - missing functions: none
symbol engine: initialized successfully - sym options: 0x614 - pdb path: .;C:\.jdk\jdk-17\bin;C:\WINDOWS\SYSTEM32;C:\WINDOWS\WinSxS\amd64_microsoft.windows.common-controls_6595b64144ccf1df_6.0.26100.8457_none_3e0b2faee331e92d;C:\.jdk\jdk-17\bin\server

VM Arguments:
jvm_args: --add-exports=java.base/jdk.internal.misc=ALL-UNNAMED --add-opens=java.base/jdk.internal.misc=ALL-UNNAMED --add-opens=java.base/java.nio=ALL-UNNAMED --add-opens=java.base/sun.nio.ch=ALL-UNNAMED -javaagent:C:\Program Files\JetBrains\IntelliJ IDEA 2024.3.5\lib\idea_rt.jar=57071 -Dfile.encoding=UTF-8 
java_command: com.resourcebox.demo.DemoServer
java_class_path (initial): C:\hooniegit\Git\ResourceBox\MediaDriver\java\MediaDriver\target\classes;C:\Users\dhkim\.m2\repository\io\aeron\aeron-all\1.50.4\aeron-all-1.50.4.jar;C:\Users\dhkim\.m2\repository\org\slf4j\slf4j-api\2.0.17\slf4j-api-2.0.17.jar
Launcher Type: SUN_STANDARD

[Global flags]
     intx CICompilerCount                          = 12                                        {product} {ergonomic}
     uint ConcGCThreads                            = 4                                         {product} {ergonomic}
     uint G1ConcRefinementThreads                  = 14                                        {product} {ergonomic}
   size_t G1HeapRegionSize                         = 4194304                                   {product} {ergonomic}
    uintx GCDrainStackTargetSize                   = 64                                        {product} {ergonomic}
   size_t InitialHeapSize                          = 532676608                                 {product} {ergonomic}
   size_t MarkStackSize                            = 4194304                                   {product} {ergonomic}
   size_t MaxHeapSize                              = 8480882688                                {product} {ergonomic}
   size_t MaxNewSize                               = 5087690752                                {product} {ergonomic}
   size_t MinHeapDeltaBytes                        = 4194304                                   {product} {ergonomic}
   size_t MinHeapSize                              = 8388608                                   {product} {ergonomic}
    uintx NonNMethodCodeHeapSize                   = 7602480                                {pd product} {ergonomic}
    uintx NonProfiledCodeHeapSize                  = 122027880                              {pd product} {ergonomic}
    uintx ProfiledCodeHeapSize                     = 122027880                              {pd product} {ergonomic}
    uintx ReservedCodeCacheSize                    = 251658240                              {pd product} {ergonomic}
     bool SegmentedCodeCache                       = true                                      {product} {ergonomic}
   size_t SoftMaxHeapSize                          = 8480882688                             {manageable} {ergonomic}
     bool UseCompressedClassPointers               = true                           {product lp64_product} {ergonomic}
     bool UseCompressedOops                        = true                           {product lp64_product} {ergonomic}
     bool UseG1GC                                  = true                                      {product} {ergonomic}
     bool UseLargePagesIndividualAllocation        = false                                  {pd product} {ergonomic}

Logging:
Log output configuration:
 #0: stdout all=warning uptime,level,tags
 #1: stderr all=off uptime,level,tags

Environment Variables:
JAVA_HOME=C:\.jdk\jdk-17
PATH=c:\Users\dhkim\AppData\Local\Programs\cursor\resources\app\bin;C:\Program Files (x86)\Microsoft\Edge\Application;C:\WINDOWS\system32;C:\WINDOWS;C:\WINDOWS\System32\Wbem;C:\WINDOWS\System32\WindowsPowerShell\v1.0\;C:\WINDOWS\System32\OpenSSH\;C:\Program Files (x86)\Microsoft SQL Server\160\Tools\Binn\;C:\Program Files\Microsoft SQL Server\160\Tools\Binn\;C:\Program Files\Microsoft SQL Server\Client SDK\ODBC\170\Tools\Binn\;C:\Program Files\Microsoft SQL Server\160\DTS\Binn\;C:\Program Files (x86)\Microsoft SQL Server\160\DTS\Binn\;C:\Program Files\Bandizip\;C:\Program Files\dotnet\;C:\Program Files\Git\cmd;C:\.jdk\jdk-17\bin;C:\Program Files\Microsoft SQL Server\150\Tools\Binn\;C:\Program Files (x86)\Windows Kits\10\Windows Performance Toolkit\;C:\Users\dhkim\AppData\Local\Programs\Python\Launcher\;C:\Users\dhkim\AppData\Local\Microsoft\WindowsApps;C:\Users\dhkim\.dotnet\tools;c:\Users\dhkim\AppData\Local\Programs\cursor\resources\app\bin;c:\Users\dhkim\AppData\Local\Programs\cursor\resources\app\bin;C:\Users\dhkim\protoc\bin;C:\Users\dhkim\AppData\Local\Programs\Python\Launcher\;C:\Users\dhkim\AppData\Local\Microsoft\WindowsApps;C:\Users\dhkim\AppData\Local\Programs\Microsoft VS Code\bin;C:\Users\dhkim\.dotnet\tools;C:\Users\dhkim\AppData\Local\Programs\cursor\resources\app\bin;C:\Program Files\JetBrains\IntelliJ IDEA 2024.3.5\bin;;C:\Users\dhkim\AppData\Local\JetBrains\PyCharm 2025.1.1\bin;
USERNAME=dhkim
OS=Windows_NT
PROCESSOR_IDENTIFIER=Intel64 Family 6 Model 170 Stepping 4, GenuineIntel



---------------  S Y S T E M  ---------------

OS:
 Windows 10 , 64 bit Build 26100 (10.0.26100.8328)
OS uptime: 7 days 9:41 hours
Hyper-V role detected

CPU: total 18 (initial active 18) (9 cores per cpu, 2 threads per core) family 6 model 170 stepping 4 microcode 0x1c, cx8, cmov, fxsr, ht, mmx, 3dnowpref, sse, sse2, sse3, ssse3, sse4.1, sse4.2, popcnt, lzcnt, tsc, tscinvbit, avx, avx2, aes, erms, clmul, bmi1, bmi2, adx, sha, fma, vzeroupper, clflush, clflushopt, clwb, hv

Memory: 4k page, system-wide physical 32348M (7467M free)
TotalPageFile size 48732M (AvailPageFile size 6190M)
current process WorkingSet (physical memory assigned to process): 285M, peak: 285M
current process commit charge ("private bytes"): 653M, peak: 655M

vm_info: OpenJDK 64-Bit Server VM (17+35-2724) for windows-amd64 JRE (17+35-2724), built on Aug  5 2021 23:26:02 by "mach5one" with MS VC++ 16.8 (VS2019)

END.
