#
# A fatal error has been detected by the Java Runtime Environment:
#
#  EXCEPTION_ACCESS_VIOLATION (0xc0000005) at pc=0x00000285208f07d9, pid=57268, tid=43940
#
# JRE version: OpenJDK Runtime Environment (17.0+35) (build 17+35-2724)
# Java VM: OpenJDK 64-Bit Server VM (17+35-2724, mixed mode, sharing, tiered, compressed oops, compressed class ptrs, g1 gc, windows-amd64)
# Problematic frame:
# J 1612 c2 org.agrona.AbstractMutableDirectBuffer.getLong(I)J (28 bytes) @ 0x00000285208f07d9 [0x00000285208f0780+0x0000000000000059]
#
# No core dump will be written. Minidumps are not enabled by default on client versions of Windows
#
# If you would like to submit a bug report, please visit:
#   https://bugreport.java.com/bugreport/crash.jsp
#

---------------  S U M M A R Y ------------

Command Line: --add-exports=java.base/jdk.internal.misc=ALL-UNNAMED --add-opens=java.base/jdk.internal.misc=ALL-UNNAMED --add-opens=java.base/java.nio=ALL-UNNAMED --add-opens=java.base/sun.nio.ch=ALL-UNNAMED -javaagent:C:\Program Files\JetBrains\IntelliJ IDEA 2024.3.5\lib\idea_rt.jar=54090 -Dfile.encoding=UTF-8 com.resourcebox.demo.ValidationApp

Host: Intel(R) Core(TM) Ultra 5 125H, 18 cores, 31G,  Windows 10 , 64 bit Build 26100 (10.0.26100.8328)
Time: Mon Jun 15 19:37:26 2026  Windows 10 , 64 bit Build 26100 (10.0.26100.8328) elapsed time: 396.843514 seconds (0d 0h 6m 36s)

---------------  T H R E A D  ---------------

Current thread (0x000002853f285a10):  JavaThread "driver-conductor" daemon [_thread_in_Java, id=43940, stack(0x000000ebf0800000,0x000000ebf0900000)]

Stack: [0x000000ebf0800000,0x000000ebf0900000],  sp=0x000000ebf08ff1a0,  free space=1020k
Native frames: (J=compiled Java code, j=interpreted, Vv=VM code, C=native code)
C  0x00000285208f07d9


siginfo: EXCEPTION_ACCESS_VIOLATION (0xc0000005), reading address 0x000002853fd40388


Register to memory mapping:

RIP=0x00000285208f07d9 is at entry_point+89 in (nmethod*)0x00000285208f0610
RAX={method} {0x000002853ec52958} 'getLong' '(I)J' in 'org/agrona/AbstractMutableDirectBuffer'
RBX={method} {0x000002853ec52958} 'getLong' '(I)J' in 'org/agrona/AbstractMutableDirectBuffer'
RCX={method} {0x000002853ec1cc48} 'getLong' '(I)J' in 'org/agrona/DirectBuffer'
RDX=0x0000000606864f50 is an oop: org.agrona.concurrent.UnsafeBuffer 
{0x0000000606864f50} - klass: 'org/agrona/concurrent/UnsafeBuffer'
 - ---- fields (total size 5 words):
 - protected 'capacity' 'I' @12  1048704 (100080)
 - protected 'addressOffset' 'J' @16  2771323716480 (3fc40380 285)
 - protected 'byteArray' '[B' @24  NULL (0)
 - private 'wrapAdjustment' 'I' @28  1049472 (100380)
 - private 'byteBuffer' 'Ljava/nio/ByteBuffer;' @32  a 'java/nio/DirectByteBuffer'{0x00000006068169d0} (c0d02d3a)
RSP=0x000000ebf08ff1a0 is pointing into the stack for thread: 0x000002853f285a10
RBP=0x0000000000000078 is an unknown value
RSI=0x0000028542d3cc58 points into unknown readable memory: 0x800005009aeb6110 | 10 61 eb 9a 00 05 00 80
RDI=0x0000000000000005 is an unknown value
R8 =0x0000000000100008 is an unknown value
R9 =0x00000000000000cb is an unknown value
R10=0x0 is NULL
R11=0x000002853fd40388 is an unknown value
R12=0x0 is NULL
R13=0x000000ebf08ff1e8 is pointing into the stack for thread: 0x000002853f285a10
R14=0x0000000800c0e808 is pointing into metadata
R15=0x000002853f285a10 is a thread


Registers:
RAX=0x000002853ec52950, RBX=0x000002853ec52950, RCX=0x000002853ec1cc40, RDX=0x0000000606864f50
RSP=0x000000ebf08ff1a0, RBP=0x0000000000000078, RSI=0x0000028542d3cc58, RDI=0x0000000000000005
R8 =0x0000000000100008, R9 =0x00000000000000cb, R10=0x0000000000000000, R11=0x000002853fd40388
R12=0x0000000000000000, R13=0x000000ebf08ff1e8, R14=0x0000000800c0e808, R15=0x000002853f285a10
RIP=0x00000285208f07d9, EFLAGS=0x0000000000010246

Top of Stack: (sp=0x000000ebf08ff1a0)
0x000000ebf08ff1a0:   000000ebf08ff1f0 000002853ece6860
0x000000ebf08ff1b0:   0000000000000000 000000060696f1e0
0x000000ebf08ff1c0:   000002853ece67d0 0000000000000000
0x000000ebf08ff1d0:   000000ebf08ff240 0000028518cb9a31
0x000000ebf08ff1e0:   0000028518cb9a31 0000000000100008
0x000000ebf08ff1f0:   0000000606864f50 000000ebf08ff1f8
0x000000ebf08ff200:   000002853ece63e6 000000ebf08ff2b8
0x000000ebf08ff210:   000002853ece6860 0000000000000000
0x000000ebf08ff220:   000000060696f1e0 000002853ece6548
0x000000ebf08ff230:   000000ebf08ff1e8 000000ebf08ff298
0x000000ebf08ff240:   000000ebf08ff308 0000028518cb94fe
0x000000ebf08ff250:   0000000000000000 0000000000000000
0x000000ebf08ff260:   0000000000000000 0000000000000000
0x000000ebf08ff270:   0000000000000000 0000000000000000
0x000000ebf08ff280:   0000000000000000 0000000000000000
0x000000ebf08ff290:   0000000606864f50 0000000000000008 

Instructions: (pc=0x00000285208f07d9)
0x00000285208f06d9:   00 00 00 00 00 00 00 00 00 00 00 00 00 00 00 80
0x00000285208f06e9:   07 8f 20 85 02 00 00 a0 07 8f 20 85 02 00 00 80
0x00000285208f06f9:   07 8f 20 85 02 00 00 30 02 00 00 ff ff ff ff 70
0x00000285208f0709:   01 00 00 30 02 00 00 48 02 00 00 50 02 00 00 00
0x00000285208f0719:   00 00 00 d0 02 00 00 10 03 00 00 18 03 00 00 18
0x00000285208f0729:   03 00 00 18 03 00 00 18 03 00 00 18 03 00 00 18
0x00000285208f0739:   03 00 00 20 00 00 00 4c 06 00 00 04 00 00 00 00
0x00000285208f0749:   00 00 00 02 00 00 00 00 00 00 00 00 00 00 00 e0
0x00000285208f0759:   01 00 00 02 00 00 00 ff ff ff ff ff ff ff ff 14
0x00000285208f0769:   60 4e b0 25 64 18 64 42 f0 05 80 11 64 0b 00 00
0x00000285208f0779:   64 0f 64 00 00 00 00 44 8b 52 08 49 bb 00 00 00
0x00000285208f0789:   00 08 00 00 00 4d 03 d3 49 3b c2 0f 85 e6 c2 40
0x00000285208f0799:   f8 66 90 0f 1f 40 00 89 84 24 00 90 ff ff 55 48
0x00000285208f07a9:   83 ec 30 44 8b 5a 0c 45 8b d3 45 0b d0 41 83 ca
0x00000285208f07b9:   08 45 85 d2 7c 31 41 8b eb 41 2b e8 83 fd 08 7c
0x00000285208f07c9:   42 44 8b 52 18 4d 63 d8 4c 03 5a 10 49 c1 e2 03
0x00000285208f07d9:   4b 8b 04 1a 48 83 c4 30 5d 49 3b a7 40 03 00 00
0x00000285208f07e9:   0f 87 35 00 00 00 c3 48 8b ea 44 89 44 24 04 44
0x00000285208f07f9:   89 5c 24 08 44 89 54 24 0c ba 45 ff ff ff e8 f4
0x00000285208f0809:   1a 41 f8 48 89 14 24 44 89 44 24 0c 44 89 5c 24
0x00000285208f0819:   10 ba 45 ff ff ff e8 dc 1a 41 f8 49 ba e2 07 8f
0x00000285208f0829:   20 85 02 00 00 4d 89 97 58 03 00 00 e9 c6 2b 41
0x00000285208f0839:   f8 f4 f4 f4 f4 f4 f4 e9 bb 6f 42 f8 e8 00 00 00
0x00000285208f0849:   00 48 83 2c 24 05 e9 4c 1e 41 f8 f4 f4 f4 f4 28
0x00000285208f0859:   01 80 06 06 00 00 00 50 29 c5 3e 85 02 00 00 80
0x00000285208f0869:   a7 c5 3e 85 02 00 00 c0 26 08 00 08 00 00 00 38
0x00000285208f0879:   c5 39 00 08 00 00 00 ff 02 00 d2 02 00 21 00 01
0x00000285208f0889:   0b 01 00 00 03 00 00 00 00 00 00 07 02 07 0d 00
0x00000285208f0899:   00 14 03 05 0d 00 00 04 00 21 01 10 00 41 02 00
0x00000285208f08a9:   01 00 61 1a 04 06 20 29 00 02 00 02 00 61 00 01
0x00000285208f08b9:   0b 32 00 00 37 02 07 0d 00 00 3d 03 05 0d 00 00
0x00000285208f08c9:   04 00 61 01 10 00 81 02 00 02 01 10 00 d3 02 43 


Stack slot to memory mapping:
stack at sp + 0 slots: 0x000000ebf08ff1f0 is pointing into the stack for thread: 0x000002853f285a10
stack at sp + 1 slots: 0x000002853ece6860 is pointing into metadata
stack at sp + 2 slots: 0x0 is NULL
stack at sp + 3 slots: 0x000000060696f1e0 is an oop: java.lang.Class 
{0x000000060696f1e0} - klass: 'java/lang/Class'
 - ---- fields (total size 14 words):
 - private volatile transient 'classRedefinedCount' 'I' @12  0
 - private volatile transient 'cachedConstructor' 'Ljava/lang/reflect/Constructor;' @40  NULL (0)
 - private transient 'name' 'Ljava/lang/String;' @44  "org.agrona.concurrent.broadcast.BroadcastTransmitter"{0x000000060696f250} (c0d2de4a)
 - private transient 'module' 'Ljava/lang/Module;' @48  a 'java/lang/Module'{0x000000060684d398} (c0d09a73)
 - private final 'classLoader' 'Ljava/lang/ClassLoader;' @52  a 'jdk/internal/loader/ClassLoaders$AppClassLoader'{0x0000000606800128} (c0d00025)
 - private transient 'classData' 'Ljava/lang/Object;' @56  NULL (0)
 - private transient 'packageName' 'Ljava/lang/String;' @60  "org.agrona.concurrent.broadcast"{0x00000006069322a8} (c0d26455)
 - private final 'componentType' 'Ljava/lang/Class;' @64  NULL (0)
 - private volatile transient 'reflectionData' 'Ljava/lang/ref/SoftReference;' @68  NULL (0)
 - private volatile transient 'genericInfo' 'Lsun/reflect/generics/repository/ClassRepository;' @72  NULL (0)
 - private volatile transient 'enumConstants' '[Ljava/lang/Object;' @76  NULL (0)
 - private volatile transient 'enumConstantDirectory' 'Ljava/util/Map;' @80  NULL (0)
 - private volatile transient 'annotationData' 'Ljava/lang/Class$AnnotationData;' @84  NULL (0)
 - private volatile transient 'annotationType' 'Lsun/reflect/annotation/AnnotationType;' @88  NULL (0)
 - transient 'classValueMap' 'Ljava/lang/ClassValue$ClassValueMap;' @92  NULL (0)
 - signature: Lorg/agrona/concurrent/broadcast/BroadcastTransmitter;
 - fake entry for mirror: 'org/agrona/concurrent/broadcast/BroadcastTransmitter'
 - fake entry for array: NULL
 - fake entry for oop_size: 14
 - fake entry for static_oop_field_count: 0
stack at sp + 4 slots: {method} {0x000002853ece67d8} 'checkMessageLength' '(I)V' in 'org/agrona/concurrent/broadcast/BroadcastTransmitter'
stack at sp + 5 slots: 0x0 is NULL
stack at sp + 6 slots: 0x000000ebf08ff240 is pointing into the stack for thread: 0x000002853f285a10
stack at sp + 7 slots: 0x0000028518cb9a31 is at code_begin+2449 in an Interpreter codelet
return entry points  [0x0000028518cb90a0, 0x0000028518cb9ba0]  2816 bytes

--------------------------------------------------------------------------------
[Constant Pool (empty)]

--------------------------------------------------------------------------------

[MachCode]
  0x00000285208f0780: 448b 5208 | 49bb 0000 | 0000 0800 | 0000 4d03 | d349 3bc2 | 0f85 e6c2 | 40f8 6690 | 0f1f 4000 
  0x00000285208f07a0: 8984 2400 | 90ff ff55 | 4883 ec30 | 448b 5a0c | 458b d345 | 0bd0 4183 | ca08 4585 | d27c 3141 
  0x00000285208f07c0: 8beb 412b | e883 fd08 | 7c42 448b | 5218 4d63 | d84c 035a | 1049 c1e2 | 034b 8b04 | 1a48 83c4 
  0x00000285208f07e0: 305d 493b | a740 0300 | 000f 8735 | 0000 00c3 | 488b ea44 | 8944 2404 | 4489 5c24 | 0844 8954 
  0x00000285208f0800: 240c ba45 | ffff ffe8 | f41a 41f8 | 4889 1424 | 4489 4424 | 0c44 895c | 2410 ba45 | ffff ffe8 
  0x00000285208f0820: dc1a 41f8 | 49ba e207 | 8f20 8502 | 0000 4d89 | 9758 0300 | 00e9 c62b | 41f8 f4f4 | f4f4 f4f4 
  0x00000285208f0840: e9bb 6f42 | f8e8 0000 | 0000 4883 | 2c24 05e9 | 4c1e 41f8 | f4f4 f4f4 
[/MachCode]
--------------------------------------------------------------------------------


---------------  P R O C E S S  ---------------

Threads class SMR info:
_java_thread_list=0x0000028542e7e3f0, length=23, elements={
0x000002853e1fe080, 0x000002853e1fec30, 0x000002853e22c300, 0x000002853e219e60,
0x000002853e21a420, 0x000002853e21add0, 0x000002853e21ead0, 0x000002853e22f770,
0x000002853e409fc0, 0x000002853e1eada0, 0x000002853e5df790, 0x000002853e5dfc60,
0x000002853e652ad0, 0x000002853f285070, 0x000002853f284ba0, 0x000002853f2846d0,
0x000002853f285540, 0x000002853f284200, 0x000002853f285a10, 0x000002853f286880,
0x000002853f285ee0, 0x000002853f78ff20, 0x000002853f7920d0
}

Java Threads: ( => current thread )
  0x000002853e1fe080 JavaThread "Reference Handler" daemon [_thread_blocked, id=62660, stack(0x000000ebef100000,0x000000ebef200000)]
  0x000002853e1fec30 JavaThread "Finalizer" daemon [_thread_blocked, id=29456, stack(0x000000ebef200000,0x000000ebef300000)]
  0x000002853e22c300 JavaThread "Signal Dispatcher" daemon [_thread_blocked, id=35392, stack(0x000000ebef300000,0x000000ebef400000)]
  0x000002853e219e60 JavaThread "Attach Listener" daemon [_thread_blocked, id=24428, stack(0x000000ebef400000,0x000000ebef500000)]
  0x000002853e21a420 JavaThread "Service Thread" daemon [_thread_blocked, id=58236, stack(0x000000ebef500000,0x000000ebef600000)]
  0x000002853e21add0 JavaThread "Monitor Deflation Thread" daemon [_thread_blocked, id=64192, stack(0x000000ebef600000,0x000000ebef700000)]
  0x000002853e21ead0 JavaThread "C2 CompilerThread0" daemon [_thread_blocked, id=19640, stack(0x000000ebef700000,0x000000ebef800000)]
  0x000002853e22f770 JavaThread "C1 CompilerThread0" daemon [_thread_blocked, id=10208, stack(0x000000ebef800000,0x000000ebef900000)]
  0x000002853e409fc0 JavaThread "Sweeper thread" daemon [_thread_blocked, id=54728, stack(0x000000ebef900000,0x000000ebefa00000)]
  0x000002853e1eada0 JavaThread "Common-Cleaner" daemon [_thread_blocked, id=60652, stack(0x000000ebefa00000,0x000000ebefb00000)]
  0x000002853e5df790 JavaThread "Monitor Ctrl-Break" daemon [_thread_in_native, id=64264, stack(0x000000ebeff00000,0x000000ebf0000000)]
  0x000002853e5dfc60 JavaThread "Notification Thread" daemon [_thread_blocked, id=36456, stack(0x000000ebf0000000,0x000000ebf0100000)]
  0x000002853e652ad0 JavaThread "Thread-0" daemon [_thread_blocked, id=50872, stack(0x000000ebf0200000,0x000000ebf0300000)]
  0x000002853f285070 JavaThread "async-executor C:\Users\dhkim\AppData\Local\Temp\aeron-dhkim" daemon [_thread_blocked, id=56664, stack(0x000000ebf0300000,0x000000ebf0400000)]
  0x000002853f284ba0 JavaThread "RMI TCP Accept-0" daemon [_thread_in_native, id=34904, stack(0x000000ebf0400000,0x000000ebf0500000)]
  0x000002853f2846d0 JavaThread "RMI TCP Connection(1)-192.168.0.75" daemon [_thread_in_native, id=50504, stack(0x000000ebf0500000,0x000000ebf0600000)]
  0x000002853f285540 JavaThread "RMI Scheduler(0)" daemon [_thread_blocked, id=37528, stack(0x000000ebf0600000,0x000000ebf0700000)]
  0x000002853f284200 JavaThread "JMX server connection timeout 30" daemon [_thread_blocked, id=19704, stack(0x000000ebf0700000,0x000000ebf0800000)]
=>0x000002853f285a10 JavaThread "driver-conductor" daemon [_thread_in_Java, id=43940, stack(0x000000ebf0800000,0x000000ebf0900000)]
  0x000002853f286880 JavaThread "sender" daemon [_thread_in_Java, id=16516, stack(0x000000ebf0900000,0x000000ebf0a00000)]
  0x000002853f285ee0 JavaThread "receiver" daemon [_thread_in_Java, id=59524, stack(0x000000ebf0a00000,0x000000ebf0b00000)]
  0x000002853f78ff20 JavaThread "SIGINT handler" daemon [_thread_blocked, id=62332, stack(0x000000ebee900000,0x000000ebeea00000)]
  0x000002853f7920d0 JavaThread "DestroyJavaVM" [_thread_blocked, id=44000, stack(0x000000ebeea00000,0x000000ebeeb00000)]

Other Threads:
  0x000002853e1fa5f0 VMThread "VM Thread" [stack: 0x000000ebef000000,0x000000ebef100000] [id=42268]
  0x000002851155da90 WatcherThread [stack: 0x000000ebf0100000,0x000000ebf0200000] [id=7344]
  0x0000028511539510 GCTaskThread "GC Thread#0" [stack: 0x000000ebeeb00000,0x000000ebeec00000] [id=56192]
  0x000002853e5df3e0 GCTaskThread "GC Thread#1" [stack: 0x000000ebf1400000,0x000000ebf1500000] [id=57728]
  0x0000028542d9ff60 GCTaskThread "GC Thread#2" [stack: 0x000000ebf1500000,0x000000ebf1600000] [id=65420]
  0x0000028542ceb060 GCTaskThread "GC Thread#3" [stack: 0x000000ebf1600000,0x000000ebf1700000] [id=42232]
  0x0000028542f719b0 GCTaskThread "GC Thread#4" [stack: 0x000000ebf1700000,0x000000ebf1800000] [id=13980]
  0x0000028542f71c60 GCTaskThread "GC Thread#5" [stack: 0x000000ebf1800000,0x000000ebf1900000] [id=24032]
  0x0000028542f71f10 GCTaskThread "GC Thread#6" [stack: 0x000000ebf1900000,0x000000ebf1a00000] [id=31616]
  0x0000028542f721c0 GCTaskThread "GC Thread#7" [stack: 0x000000ebf1a00000,0x000000ebf1b00000] [id=12684]
  0x0000028542f72470 GCTaskThread "GC Thread#8" [stack: 0x000000ebf1b00000,0x000000ebf1c00000] [id=61224]
  0x0000028542e4c9b0 GCTaskThread "GC Thread#9" [stack: 0x000000ebf1c00000,0x000000ebf1d00000] [id=34352]
  0x0000028542e4cf10 GCTaskThread "GC Thread#10" [stack: 0x000000ebf1d00000,0x000000ebf1e00000] [id=24440]
  0x0000028542e4cc60 GCTaskThread "GC Thread#11" [stack: 0x000000ebf1e00000,0x000000ebf1f00000] [id=10064]
  0x000002851154a110 ConcurrentGCThread "G1 Main Marker" [stack: 0x000000ebeec00000,0x000000ebeed00000] [id=59604]
  0x000002851154ab20 ConcurrentGCThread "G1 Conc#0" [stack: 0x000000ebeed00000,0x000000ebeee00000] [id=13556]
  0x000002853e137110 ConcurrentGCThread "G1 Refine#0" [stack: 0x000000ebeee00000,0x000000ebeef00000] [id=59436]
  0x000002853e1378e0 ConcurrentGCThread "G1 Service" [stack: 0x000000ebeef00000,0x000000ebef000000] [id=32384]

Threads with active compile tasks:

VM state: not at safepoint (normal execution)

VM Mutex/Monitor currently owned by a thread: None

Heap address: 0x0000000606800000, size: 8088 MB, Compressed Oops mode: Zero based, Oop shift amount: 3

CDS archive(s) mapped at: [0x0000000800000000-0x0000000800bc0000-0x0000000800bc0000), size 12320768, SharedBaseAddress: 0x0000000800000000, ArchiveRelocationMode: 0.
Compressed class space mapped at: 0x0000000800c00000-0x0000000840c00000, reserved size: 1073741824
Narrow klass base: 0x0000000800000000, Narrow klass shift: 0, Narrow klass range: 0x100000000

GC Precious Log:
 CPUs: 18 total, 18 available
 Memory: 32348M
 Large Page Support: Disabled
 NUMA Support: Disabled
 Compressed Oops: Enabled (Zero based)
 Heap Region Size: 4M
 Heap Min Capacity: 8M
 Heap Initial Capacity: 508M
 Heap Max Capacity: 8088M
 Pre-touch: Disabled
 Parallel Workers: 14
 Concurrent Workers: 4
 Concurrent Refinement Workers: 14
 Periodic GC: Disabled

Heap:
 garbage-first heap   total 520192K, used 90371K [0x0000000606800000, 0x0000000800000000)
  region size 4096K, 22 young (90112K), 0 survivors (0K)
 Metaspace       used 10007K, committed 10304K, reserved 1064960K
  class space    used 999K, committed 1152K, reserved 1048576K

Heap Regions: E=young(eden), S=young(survivor), O=old, HS=humongous(starts), HC=humongous(continues), CS=collection set, F=free, OA=open archive, CA=closed archive, TAMS=top-at-mark-start (previous, next)
|   0|0x0000000606800000, 0x0000000606c00000, 0x0000000606c00000|100%| O|  |TAMS 0x0000000606800000, 0x0000000606800000| Untracked 
|   1|0x0000000606c00000, 0x0000000606c40e00, 0x0000000607000000|  6%| O|  |TAMS 0x0000000606c00000, 0x0000000606c00000| Untracked 
|   2|0x0000000607000000, 0x0000000607000000, 0x0000000607400000|  0%| F|  |TAMS 0x0000000607000000, 0x0000000607000000| Untracked 
|   3|0x0000000607400000, 0x0000000607400000, 0x0000000607800000|  0%| F|  |TAMS 0x0000000607400000, 0x0000000607400000| Untracked 
|   4|0x0000000607800000, 0x0000000607800000, 0x0000000607c00000|  0%| F|  |TAMS 0x0000000607800000, 0x0000000607800000| Untracked 
|   5|0x0000000607c00000, 0x0000000607c00000, 0x0000000608000000|  0%| F|  |TAMS 0x0000000607c00000, 0x0000000607c00000| Untracked 
|   6|0x0000000608000000, 0x0000000608000000, 0x0000000608400000|  0%| F|  |TAMS 0x0000000608000000, 0x0000000608000000| Untracked 
|   7|0x0000000608400000, 0x0000000608400000, 0x0000000608800000|  0%| F|  |TAMS 0x0000000608400000, 0x0000000608400000| Untracked 
|   8|0x0000000608800000, 0x0000000608800000, 0x0000000608c00000|  0%| F|  |TAMS 0x0000000608800000, 0x0000000608800000| Untracked 
|   9|0x0000000608c00000, 0x0000000608c00000, 0x0000000609000000|  0%| F|  |TAMS 0x0000000608c00000, 0x0000000608c00000| Untracked 
|  10|0x0000000609000000, 0x0000000609000000, 0x0000000609400000|  0%| F|  |TAMS 0x0000000609000000, 0x0000000609000000| Untracked 
|  11|0x0000000609400000, 0x0000000609400000, 0x0000000609800000|  0%| F|  |TAMS 0x0000000609400000, 0x0000000609400000| Untracked 
|  12|0x0000000609800000, 0x0000000609800000, 0x0000000609c00000|  0%| F|  |TAMS 0x0000000609800000, 0x0000000609800000| Untracked 
|  13|0x0000000609c00000, 0x0000000609c00000, 0x000000060a000000|  0%| F|  |TAMS 0x0000000609c00000, 0x0000000609c00000| Untracked 
|  14|0x000000060a000000, 0x000000060a000000, 0x000000060a400000|  0%| F|  |TAMS 0x000000060a000000, 0x000000060a000000| Untracked 
|  15|0x000000060a400000, 0x000000060a400000, 0x000000060a800000|  0%| F|  |TAMS 0x000000060a400000, 0x000000060a400000| Untracked 
|  16|0x000000060a800000, 0x000000060a800000, 0x000000060ac00000|  0%| F|  |TAMS 0x000000060a800000, 0x000000060a800000| Untracked 
|  17|0x000000060ac00000, 0x000000060ac00000, 0x000000060b000000|  0%| F|  |TAMS 0x000000060ac00000, 0x000000060ac00000| Untracked 
|  18|0x000000060b000000, 0x000000060b000000, 0x000000060b400000|  0%| F|  |TAMS 0x000000060b000000, 0x000000060b000000| Untracked 
|  19|0x000000060b400000, 0x000000060b400000, 0x000000060b800000|  0%| F|  |TAMS 0x000000060b400000, 0x000000060b400000| Untracked 
|  20|0x000000060b800000, 0x000000060b800000, 0x000000060bc00000|  0%| F|  |TAMS 0x000000060b800000, 0x000000060b800000| Untracked 
|  21|0x000000060bc00000, 0x000000060bc00000, 0x000000060c000000|  0%| F|  |TAMS 0x000000060bc00000, 0x000000060bc00000| Untracked 
|  22|0x000000060c000000, 0x000000060c000000, 0x000000060c400000|  0%| F|  |TAMS 0x000000060c000000, 0x000000060c000000| Untracked 
|  23|0x000000060c400000, 0x000000060c400000, 0x000000060c800000|  0%| F|  |TAMS 0x000000060c400000, 0x000000060c400000| Untracked 
|  24|0x000000060c800000, 0x000000060c800000, 0x000000060cc00000|  0%| F|  |TAMS 0x000000060c800000, 0x000000060c800000| Untracked 
|  25|0x000000060cc00000, 0x000000060cc00000, 0x000000060d000000|  0%| F|  |TAMS 0x000000060cc00000, 0x000000060cc00000| Untracked 
|  26|0x000000060d000000, 0x000000060d000000, 0x000000060d400000|  0%| F|  |TAMS 0x000000060d000000, 0x000000060d000000| Untracked 
|  27|0x000000060d400000, 0x000000060d400000, 0x000000060d800000|  0%| F|  |TAMS 0x000000060d400000, 0x000000060d400000| Untracked 
|  28|0x000000060d800000, 0x000000060d800000, 0x000000060dc00000|  0%| F|  |TAMS 0x000000060d800000, 0x000000060d800000| Untracked 
|  29|0x000000060dc00000, 0x000000060dc00000, 0x000000060e000000|  0%| F|  |TAMS 0x000000060dc00000, 0x000000060dc00000| Untracked 
|  30|0x000000060e000000, 0x000000060e000000, 0x000000060e400000|  0%| F|  |TAMS 0x000000060e000000, 0x000000060e000000| Untracked 
|  31|0x000000060e400000, 0x000000060e400000, 0x000000060e800000|  0%| F|  |TAMS 0x000000060e400000, 0x000000060e400000| Untracked 
|  32|0x000000060e800000, 0x000000060e800000, 0x000000060ec00000|  0%| F|  |TAMS 0x000000060e800000, 0x000000060e800000| Untracked 
|  33|0x000000060ec00000, 0x000000060ec00000, 0x000000060f000000|  0%| F|  |TAMS 0x000000060ec00000, 0x000000060ec00000| Untracked 
|  34|0x000000060f000000, 0x000000060f000000, 0x000000060f400000|  0%| F|  |TAMS 0x000000060f000000, 0x000000060f000000| Untracked 
|  35|0x000000060f400000, 0x000000060f400000, 0x000000060f800000|  0%| F|  |TAMS 0x000000060f400000, 0x000000060f400000| Untracked 
|  36|0x000000060f800000, 0x000000060f800000, 0x000000060fc00000|  0%| F|  |TAMS 0x000000060f800000, 0x000000060f800000| Untracked 
|  37|0x000000060fc00000, 0x000000060fc00000, 0x0000000610000000|  0%| F|  |TAMS 0x000000060fc00000, 0x000000060fc00000| Untracked 
|  38|0x0000000610000000, 0x0000000610000000, 0x0000000610400000|  0%| F|  |TAMS 0x0000000610000000, 0x0000000610000000| Untracked 
|  39|0x0000000610400000, 0x0000000610400000, 0x0000000610800000|  0%| F|  |TAMS 0x0000000610400000, 0x0000000610400000| Untracked 
|  40|0x0000000610800000, 0x0000000610800000, 0x0000000610c00000|  0%| F|  |TAMS 0x0000000610800000, 0x0000000610800000| Untracked 
|  41|0x0000000610c00000, 0x0000000610c00000, 0x0000000611000000|  0%| F|  |TAMS 0x0000000610c00000, 0x0000000610c00000| Untracked 
|  42|0x0000000611000000, 0x0000000611000000, 0x0000000611400000|  0%| F|  |TAMS 0x0000000611000000, 0x0000000611000000| Untracked 
|  43|0x0000000611400000, 0x0000000611400000, 0x0000000611800000|  0%| F|  |TAMS 0x0000000611400000, 0x0000000611400000| Untracked 
|  44|0x0000000611800000, 0x0000000611800000, 0x0000000611c00000|  0%| F|  |TAMS 0x0000000611800000, 0x0000000611800000| Untracked 
|  45|0x0000000611c00000, 0x0000000611c00000, 0x0000000612000000|  0%| F|  |TAMS 0x0000000611c00000, 0x0000000611c00000| Untracked 
|  46|0x0000000612000000, 0x0000000612000000, 0x0000000612400000|  0%| F|  |TAMS 0x0000000612000000, 0x0000000612000000| Untracked 
|  47|0x0000000612400000, 0x0000000612400000, 0x0000000612800000|  0%| F|  |TAMS 0x0000000612400000, 0x0000000612400000| Untracked 
|  48|0x0000000612800000, 0x0000000612800000, 0x0000000612c00000|  0%| F|  |TAMS 0x0000000612800000, 0x0000000612800000| Untracked 
|  49|0x0000000612c00000, 0x0000000612c00000, 0x0000000613000000|  0%| F|  |TAMS 0x0000000612c00000, 0x0000000612c00000| Untracked 
|  50|0x0000000613000000, 0x0000000613000000, 0x0000000613400000|  0%| F|  |TAMS 0x0000000613000000, 0x0000000613000000| Untracked 
|  51|0x0000000613400000, 0x0000000613400000, 0x0000000613800000|  0%| F|  |TAMS 0x0000000613400000, 0x0000000613400000| Untracked 
|  52|0x0000000613800000, 0x0000000613800000, 0x0000000613c00000|  0%| F|  |TAMS 0x0000000613800000, 0x0000000613800000| Untracked 
|  53|0x0000000613c00000, 0x0000000613c00000, 0x0000000614000000|  0%| F|  |TAMS 0x0000000613c00000, 0x0000000613c00000| Untracked 
|  54|0x0000000614000000, 0x0000000614000000, 0x0000000614400000|  0%| F|  |TAMS 0x0000000614000000, 0x0000000614000000| Untracked 
|  55|0x0000000614400000, 0x0000000614400000, 0x0000000614800000|  0%| F|  |TAMS 0x0000000614400000, 0x0000000614400000| Untracked 
|  56|0x0000000614800000, 0x0000000614800000, 0x0000000614c00000|  0%| F|  |TAMS 0x0000000614800000, 0x0000000614800000| Untracked 
|  57|0x0000000614c00000, 0x0000000614c00000, 0x0000000615000000|  0%| F|  |TAMS 0x0000000614c00000, 0x0000000614c00000| Untracked 
|  58|0x0000000615000000, 0x0000000615000000, 0x0000000615400000|  0%| F|  |TAMS 0x0000000615000000, 0x0000000615000000| Untracked 
|  59|0x0000000615400000, 0x0000000615400000, 0x0000000615800000|  0%| F|  |TAMS 0x0000000615400000, 0x0000000615400000| Untracked 
|  60|0x0000000615800000, 0x0000000615800000, 0x0000000615c00000|  0%| F|  |TAMS 0x0000000615800000, 0x0000000615800000| Untracked 
|  61|0x0000000615c00000, 0x0000000615c00000, 0x0000000616000000|  0%| F|  |TAMS 0x0000000615c00000, 0x0000000615c00000| Untracked 
|  62|0x0000000616000000, 0x0000000616000000, 0x0000000616400000|  0%| F|  |TAMS 0x0000000616000000, 0x0000000616000000| Untracked 
|  63|0x0000000616400000, 0x0000000616400000, 0x0000000616800000|  0%| F|  |TAMS 0x0000000616400000, 0x0000000616400000| Untracked 
|  64|0x0000000616800000, 0x0000000616800000, 0x0000000616c00000|  0%| F|  |TAMS 0x0000000616800000, 0x0000000616800000| Untracked 
|  65|0x0000000616c00000, 0x0000000616c00000, 0x0000000617000000|  0%| F|  |TAMS 0x0000000616c00000, 0x0000000616c00000| Untracked 
|  66|0x0000000617000000, 0x0000000617000000, 0x0000000617400000|  0%| F|  |TAMS 0x0000000617000000, 0x0000000617000000| Untracked 
|  67|0x0000000617400000, 0x0000000617400000, 0x0000000617800000|  0%| F|  |TAMS 0x0000000617400000, 0x0000000617400000| Untracked 
|  68|0x0000000617800000, 0x0000000617800000, 0x0000000617c00000|  0%| F|  |TAMS 0x0000000617800000, 0x0000000617800000| Untracked 
|  69|0x0000000617c00000, 0x0000000617c00000, 0x0000000618000000|  0%| F|  |TAMS 0x0000000617c00000, 0x0000000617c00000| Untracked 
|  70|0x0000000618000000, 0x0000000618000000, 0x0000000618400000|  0%| F|  |TAMS 0x0000000618000000, 0x0000000618000000| Untracked 
|  71|0x0000000618400000, 0x0000000618400000, 0x0000000618800000|  0%| F|  |TAMS 0x0000000618400000, 0x0000000618400000| Untracked 
|  72|0x0000000618800000, 0x0000000618800000, 0x0000000618c00000|  0%| F|  |TAMS 0x0000000618800000, 0x0000000618800000| Untracked 
|  73|0x0000000618c00000, 0x0000000618c00000, 0x0000000619000000|  0%| F|  |TAMS 0x0000000618c00000, 0x0000000618c00000| Untracked 
|  74|0x0000000619000000, 0x0000000619000000, 0x0000000619400000|  0%| F|  |TAMS 0x0000000619000000, 0x0000000619000000| Untracked 
|  75|0x0000000619400000, 0x0000000619400000, 0x0000000619800000|  0%| F|  |TAMS 0x0000000619400000, 0x0000000619400000| Untracked 
|  76|0x0000000619800000, 0x0000000619800000, 0x0000000619c00000|  0%| F|  |TAMS 0x0000000619800000, 0x0000000619800000| Untracked 
|  77|0x0000000619c00000, 0x0000000619c00000, 0x000000061a000000|  0%| F|  |TAMS 0x0000000619c00000, 0x0000000619c00000| Untracked 
|  78|0x000000061a000000, 0x000000061a000000, 0x000000061a400000|  0%| F|  |TAMS 0x000000061a000000, 0x000000061a000000| Untracked 
|  79|0x000000061a400000, 0x000000061a400000, 0x000000061a800000|  0%| F|  |TAMS 0x000000061a400000, 0x000000061a400000| Untracked 
|  80|0x000000061a800000, 0x000000061a800000, 0x000000061ac00000|  0%| F|  |TAMS 0x000000061a800000, 0x000000061a800000| Untracked 
|  81|0x000000061ac00000, 0x000000061ac00000, 0x000000061b000000|  0%| F|  |TAMS 0x000000061ac00000, 0x000000061ac00000| Untracked 
|  82|0x000000061b000000, 0x000000061b000000, 0x000000061b400000|  0%| F|  |TAMS 0x000000061b000000, 0x000000061b000000| Untracked 
|  83|0x000000061b400000, 0x000000061b400000, 0x000000061b800000|  0%| F|  |TAMS 0x000000061b400000, 0x000000061b400000| Untracked 
|  84|0x000000061b800000, 0x000000061b800000, 0x000000061bc00000|  0%| F|  |TAMS 0x000000061b800000, 0x000000061b800000| Untracked 
|  85|0x000000061bc00000, 0x000000061bc00000, 0x000000061c000000|  0%| F|  |TAMS 0x000000061bc00000, 0x000000061bc00000| Untracked 
|  86|0x000000061c000000, 0x000000061c000000, 0x000000061c400000|  0%| F|  |TAMS 0x000000061c000000, 0x000000061c000000| Untracked 
|  87|0x000000061c400000, 0x000000061c400000, 0x000000061c800000|  0%| F|  |TAMS 0x000000061c400000, 0x000000061c400000| Untracked 
|  88|0x000000061c800000, 0x000000061c800000, 0x000000061cc00000|  0%| F|  |TAMS 0x000000061c800000, 0x000000061c800000| Untracked 
|  89|0x000000061cc00000, 0x000000061cc00000, 0x000000061d000000|  0%| F|  |TAMS 0x000000061cc00000, 0x000000061cc00000| Untracked 
|  90|0x000000061d000000, 0x000000061d000000, 0x000000061d400000|  0%| F|  |TAMS 0x000000061d000000, 0x000000061d000000| Untracked 
|  91|0x000000061d400000, 0x000000061d400000, 0x000000061d800000|  0%| F|  |TAMS 0x000000061d400000, 0x000000061d400000| Untracked 
|  92|0x000000061d800000, 0x000000061d800000, 0x000000061dc00000|  0%| F|  |TAMS 0x000000061d800000, 0x000000061d800000| Untracked 
|  93|0x000000061dc00000, 0x000000061dc00000, 0x000000061e000000|  0%| F|  |TAMS 0x000000061dc00000, 0x000000061dc00000| Untracked 
|  94|0x000000061e000000, 0x000000061e000000, 0x000000061e400000|  0%| F|  |TAMS 0x000000061e000000, 0x000000061e000000| Untracked 
|  95|0x000000061e400000, 0x000000061e400000, 0x000000061e800000|  0%| F|  |TAMS 0x000000061e400000, 0x000000061e400000| Untracked 
|  96|0x000000061e800000, 0x000000061e800000, 0x000000061ec00000|  0%| F|  |TAMS 0x000000061e800000, 0x000000061e800000| Untracked 
|  97|0x000000061ec00000, 0x000000061ec00000, 0x000000061f000000|  0%| F|  |TAMS 0x000000061ec00000, 0x000000061ec00000| Untracked 
|  98|0x000000061f000000, 0x000000061f000000, 0x000000061f400000|  0%| F|  |TAMS 0x000000061f000000, 0x000000061f000000| Untracked 
|  99|0x000000061f400000, 0x000000061f400000, 0x000000061f800000|  0%| F|  |TAMS 0x000000061f400000, 0x000000061f400000| Untracked 
| 100|0x000000061f800000, 0x000000061f800000, 0x000000061fc00000|  0%| F|  |TAMS 0x000000061f800000, 0x000000061f800000| Untracked 
| 101|0x000000061fc00000, 0x000000061fc00000, 0x0000000620000000|  0%| F|  |TAMS 0x000000061fc00000, 0x000000061fc00000| Untracked 
| 102|0x0000000620000000, 0x0000000620000000, 0x0000000620400000|  0%| F|  |TAMS 0x0000000620000000, 0x0000000620000000| Untracked 
| 103|0x0000000620400000, 0x0000000620400000, 0x0000000620800000|  0%| F|  |TAMS 0x0000000620400000, 0x0000000620400000| Untracked 
| 104|0x0000000620800000, 0x0000000620800000, 0x0000000620c00000|  0%| F|  |TAMS 0x0000000620800000, 0x0000000620800000| Untracked 
| 105|0x0000000620c00000, 0x0000000620c00800, 0x0000000621000000|  0%| E|  |TAMS 0x0000000620c00000, 0x0000000620c00000| Complete 
| 106|0x0000000621000000, 0x0000000621400000, 0x0000000621400000|100%| E|CS|TAMS 0x0000000621000000, 0x0000000621000000| Complete 
| 107|0x0000000621400000, 0x0000000621800000, 0x0000000621800000|100%| E|CS|TAMS 0x0000000621400000, 0x0000000621400000| Complete 
| 108|0x0000000621800000, 0x0000000621c00000, 0x0000000621c00000|100%| E|CS|TAMS 0x0000000621800000, 0x0000000621800000| Complete 
| 109|0x0000000621c00000, 0x0000000622000000, 0x0000000622000000|100%| E|CS|TAMS 0x0000000621c00000, 0x0000000621c00000| Complete 
| 110|0x0000000622000000, 0x0000000622400000, 0x0000000622400000|100%| E|CS|TAMS 0x0000000622000000, 0x0000000622000000| Complete 
| 111|0x0000000622400000, 0x0000000622800000, 0x0000000622800000|100%| E|CS|TAMS 0x0000000622400000, 0x0000000622400000| Complete 
| 112|0x0000000622800000, 0x0000000622c00000, 0x0000000622c00000|100%| E|CS|TAMS 0x0000000622800000, 0x0000000622800000| Complete 
| 113|0x0000000622c00000, 0x0000000623000000, 0x0000000623000000|100%| E|CS|TAMS 0x0000000622c00000, 0x0000000622c00000| Complete 
| 114|0x0000000623000000, 0x0000000623400000, 0x0000000623400000|100%| E|CS|TAMS 0x0000000623000000, 0x0000000623000000| Complete 
| 115|0x0000000623400000, 0x0000000623800000, 0x0000000623800000|100%| E|CS|TAMS 0x0000000623400000, 0x0000000623400000| Complete 
| 116|0x0000000623800000, 0x0000000623c00000, 0x0000000623c00000|100%| E|CS|TAMS 0x0000000623800000, 0x0000000623800000| Complete 
| 117|0x0000000623c00000, 0x0000000624000000, 0x0000000624000000|100%| E|CS|TAMS 0x0000000623c00000, 0x0000000623c00000| Complete 
| 118|0x0000000624000000, 0x0000000624400000, 0x0000000624400000|100%| E|CS|TAMS 0x0000000624000000, 0x0000000624000000| Complete 
| 119|0x0000000624400000, 0x0000000624800000, 0x0000000624800000|100%| E|CS|TAMS 0x0000000624400000, 0x0000000624400000| Complete 
| 120|0x0000000624800000, 0x0000000624c00000, 0x0000000624c00000|100%| E|CS|TAMS 0x0000000624800000, 0x0000000624800000| Complete 
| 121|0x0000000624c00000, 0x0000000625000000, 0x0000000625000000|100%| E|CS|TAMS 0x0000000624c00000, 0x0000000624c00000| Complete 
| 122|0x0000000625000000, 0x0000000625400000, 0x0000000625400000|100%| E|CS|TAMS 0x0000000625000000, 0x0000000625000000| Complete 
| 123|0x0000000625400000, 0x0000000625800000, 0x0000000625800000|100%| E|CS|TAMS 0x0000000625400000, 0x0000000625400000| Complete 
| 124|0x0000000625800000, 0x0000000625c00000, 0x0000000625c00000|100%| E|CS|TAMS 0x0000000625800000, 0x0000000625800000| Complete 
| 125|0x0000000625c00000, 0x0000000626000000, 0x0000000626000000|100%| E|CS|TAMS 0x0000000625c00000, 0x0000000625c00000| Complete 
| 126|0x0000000626000000, 0x0000000626400000, 0x0000000626400000|100%| E|CS|TAMS 0x0000000626000000, 0x0000000626000000| Complete 

Card table byte_map: [0x0000028529610000,0x000002852a5e0000] _byte_map_base: 0x00000285265dc000

Marking Bits (Prev, Next): (CMBitMap*) 0x0000028511539b20, (CMBitMap*) 0x0000028511539b60
 Prev Bits: [0x000002852b5b0000, 0x0000028533410000)
 Next Bits: [0x0000028533410000, 0x000002853b270000)

Polling page: 0x000002850f150000

Metaspace:

Usage:
  Non-class:      8.80 MB used.
      Class:    999.93 KB used.
       Both:      9.77 MB used.

Virtual space:
  Non-class space:       16.00 MB reserved,       8.94 MB ( 56%) committed,  2 nodes.
      Class space:        1.00 GB reserved,       1.12 MB ( <1%) committed,  1 nodes.
             Both:        1.02 GB reserved,      10.06 MB ( <1%) committed. 

Chunk freelists:
   Non-Class:  2.50 MB
       Class:  2.93 MB
        Both:  5.43 MB

MaxMetaspaceSize: unlimited
CompressedClassSpaceSize: 1.00 GB
Initial GC threshold: 21.00 MB
Current GC threshold: 21.00 MB
CDS: on
MetaspaceReclaimPolicy: balanced
 - commit_granule_bytes: 65536.
 - commit_granule_words: 8192.
 - virtual_space_node_default_size: 1048576.
 - enlarge_chunks_in_place: 1.
 - new_chunks_are_fully_committed: 0.
 - uncommit_free_chunks: 1.
 - use_allocation_guard: 0.
 - handle_deallocations: 1.


Internal statistics:

num_allocs_failed_limit: 0.
num_arena_births: 212.
num_arena_deaths: 0.
num_vsnodes_births: 3.
num_vsnodes_deaths: 0.
num_space_committed: 161.
num_space_uncommitted: 0.
num_chunks_returned_to_freelist: 0.
num_chunks_taken_from_freelist: 418.
num_chunk_merges: 0.
num_chunk_splits: 237.
num_chunks_enlarged: 130.
num_purges: 0.
num_inconsistent_stats: 0.

CodeHeap 'non-profiled nmethods': size=119168Kb used=1155Kb max_used=1155Kb free=118012Kb
 bounds [0x0000028520850000, 0x0000028520ac0000, 0x0000028527cb0000]
CodeHeap 'profiled nmethods': size=119104Kb used=4932Kb max_used=4932Kb free=114172Kb
 bounds [0x0000028519400000, 0x00000285198e0000, 0x0000028520850000]
CodeHeap 'non-nmethods': size=7488Kb used=1226Kb max_used=2966Kb free=6262Kb
 bounds [0x0000028518cb0000, 0x0000028518fa0000, 0x0000028519400000]
 total_blobs=3063 nmethods=2529 adapters=446
 compilation: enabled
              stopped_count=0, restarted_count=0
 full_count=0

Compilation events (20 events):
Event: 354.206 Thread 0x000002853e21ead0 2522       4       java.lang.CharacterData00::getProperties (32 bytes)
Event: 354.207 Thread 0x000002853e21ead0 nmethod 2522 0x0000028520953e90 code [0x0000028520954020, 0x0000028520954118]
Event: 360.192 Thread 0x000002853e21ead0 2523   !   4       java.io.ObjectOutputStream::writeObject0 (620 bytes)
Event: 360.405 Thread 0x000002853e21ead0 nmethod 2523 0x0000028520954210 code [0x0000028520954800, 0x000002852095e2e0]
Event: 363.506 Thread 0x000002853e22f770 2524       3       java.io.ObjectStreamClass::isProxy (9 bytes)
Event: 363.506 Thread 0x000002853e22f770 nmethod 2524 0x00000285198d0410 code [0x00000285198d05c0, 0x00000285198d0848]
Event: 372.262 Thread 0x000002853e21ead0 2525       4       java.lang.StringConcatHelper::mix (27 bytes)
Event: 372.263 Thread 0x000002853e21ead0 nmethod 2525 0x0000028520964d90 code [0x0000028520964f00, 0x0000028520964fb8]
Event: 381.006 Thread 0x000002853e21ead0 2526       4       java.util.TreeMap::put (221 bytes)
Event: 381.034 Thread 0x000002853e21ead0 nmethod 2526 0x0000028520965110 code [0x0000028520965320, 0x0000028520967118]
Event: 381.206 Thread 0x000002853e21ead0 2527  s    4       java.io.BufferedOutputStream::flush (12 bytes)
Event: 381.227 Thread 0x000002853e21ead0 nmethod 2527 0x0000028520967a10 code [0x0000028520967c80, 0x0000028520969980]
Event: 385.713 Thread 0x000002853e22f770 2528       3       io.aeron.driver.IpcPublication::checkForBlockedPublisher (85 bytes)
Event: 385.713 Thread 0x000002853e22f770 nmethod 2528 0x00000285198d0990 code [0x00000285198d0b60, 0x00000285198d0ea8]
Event: 388.653 Thread 0x000002853e21ead0 2529   !   4       java.io.ObjectInputStream::readObject0 (681 bytes)
Event: 388.684 Thread 0x000002853e21ead0 nmethod 2529 0x000002852096b410 code [0x000002852096b760, 0x000002852096e468]
Event: 388.684 Thread 0x000002853e21ead0 2530       4       java.io.ObjectInputStream$HandleTable::markDependency (175 bytes)
Event: 388.685 Thread 0x000002853e21ead0 nmethod 2530 0x0000028520970190 code [0x0000028520970320, 0x0000028520970478]
Event: 389.743 Thread 0x000002853e21ead0 2531   !   4       java.io.ObjectInputStream::readObject (160 bytes)
Event: 389.745 Thread 0x000002853e21ead0 nmethod 2531 0x0000028520970590 code [0x0000028520970740, 0x0000028520970af8]

GC Heap History (20 events):
Event: 394.113 GC heap before
{Heap before GC invocations=1381 (full 0):
 garbage-first heap   total 520192K, used 315651K [0x0000000606800000, 0x0000000800000000)
  region size 4096K, 76 young (311296K), 0 survivors (0K)
 Metaspace       used 9991K, committed 10240K, reserved 1064960K
  class space    used 997K, committed 1152K, reserved 1048576K
}
Event: 394.114 GC heap after
{Heap after GC invocations=1382 (full 0):
 garbage-first heap   total 520192K, used 4357K [0x0000000606800000, 0x0000000800000000)
  region size 4096K, 1 young (4096K), 1 survivors (4096K)
 Metaspace       used 9991K, committed 10240K, reserved 1064960K
  class space    used 997K, committed 1152K, reserved 1048576K
}
Event: 394.395 GC heap before
{Heap before GC invocations=1382 (full 0):
 garbage-first heap   total 520192K, used 311557K [0x0000000606800000, 0x0000000800000000)
  region size 4096K, 76 young (311296K), 1 survivors (4096K)
 Metaspace       used 9991K, committed 10240K, reserved 1064960K
  class space    used 997K, committed 1152K, reserved 1048576K
}
Event: 394.396 GC heap after
{Heap after GC invocations=1383 (full 0):
 garbage-first heap   total 520192K, used 4357K [0x0000000606800000, 0x0000000800000000)
  region size 4096K, 1 young (4096K), 1 survivors (4096K)
 Metaspace       used 9991K, committed 10240K, reserved 1064960K
  class space    used 997K, committed 1152K, reserved 1048576K
}
Event: 394.694 GC heap before
{Heap before GC invocations=1383 (full 0):
 garbage-first heap   total 520192K, used 311557K [0x0000000606800000, 0x0000000800000000)
  region size 4096K, 76 young (311296K), 1 survivors (4096K)
 Metaspace       used 9991K, committed 10240K, reserved 1064960K
  class space    used 997K, committed 1152K, reserved 1048576K
}
Event: 394.695 GC heap after
{Heap after GC invocations=1384 (full 0):
 garbage-first heap   total 520192K, used 4355K [0x0000000606800000, 0x0000000800000000)
  region size 4096K, 0 young (0K), 0 survivors (0K)
 Metaspace       used 9991K, committed 10240K, reserved 1064960K
  class space    used 997K, committed 1152K, reserved 1048576K
}
Event: 394.984 GC heap before
{Heap before GC invocations=1384 (full 0):
 garbage-first heap   total 520192K, used 315651K [0x0000000606800000, 0x0000000800000000)
  region size 4096K, 76 young (311296K), 0 survivors (0K)
 Metaspace       used 9991K, committed 10240K, reserved 1064960K
  class space    used 997K, committed 1152K, reserved 1048576K
}
Event: 394.987 GC heap after
{Heap after GC invocations=1385 (full 0):
 garbage-first heap   total 520192K, used 4355K [0x0000000606800000, 0x0000000800000000)
  region size 4096K, 0 young (0K), 0 survivors (0K)
 Metaspace       used 9991K, committed 10240K, reserved 1064960K
  class space    used 997K, committed 1152K, reserved 1048576K
}
Event: 395.290 GC heap before
{Heap before GC invocations=1385 (full 0):
 garbage-first heap   total 520192K, used 315651K [0x0000000606800000, 0x0000000800000000)
  region size 4096K, 76 young (311296K), 0 survivors (0K)
 Metaspace       used 9991K, committed 10240K, reserved 1064960K
  class space    used 997K, committed 1152K, reserved 1048576K
}
Event: 395.290 GC heap after
{Heap after GC invocations=1386 (full 0):
 garbage-first heap   total 520192K, used 4357K [0x0000000606800000, 0x0000000800000000)
  region size 4096K, 1 young (4096K), 1 survivors (4096K)
 Metaspace       used 9991K, committed 10240K, reserved 1064960K
  class space    used 997K, committed 1152K, reserved 1048576K
}
Event: 395.586 GC heap before
{Heap before GC invocations=1386 (full 0):
 garbage-first heap   total 520192K, used 311557K [0x0000000606800000, 0x0000000800000000)
  region size 4096K, 76 young (311296K), 1 survivors (4096K)
 Metaspace       used 9991K, committed 10240K, reserved 1064960K
  class space    used 997K, committed 1152K, reserved 1048576K
}
Event: 395.586 GC heap after
{Heap after GC invocations=1387 (full 0):
 garbage-first heap   total 520192K, used 4355K [0x0000000606800000, 0x0000000800000000)
  region size 4096K, 0 young (0K), 0 survivors (0K)
 Metaspace       used 9991K, committed 10240K, reserved 1064960K
  class space    used 997K, committed 1152K, reserved 1048576K
}
Event: 395.893 GC heap before
{Heap before GC invocations=1387 (full 0):
 garbage-first heap   total 520192K, used 315651K [0x0000000606800000, 0x0000000800000000)
  region size 4096K, 76 young (311296K), 0 survivors (0K)
 Metaspace       used 9991K, committed 10240K, reserved 1064960K
  class space    used 997K, committed 1152K, reserved 1048576K
}
Event: 395.894 GC heap after
{Heap after GC invocations=1388 (full 0):
 garbage-first heap   total 520192K, used 4355K [0x0000000606800000, 0x0000000800000000)
  region size 4096K, 0 young (0K), 0 survivors (0K)
 Metaspace       used 9991K, committed 10240K, reserved 1064960K
  class space    used 997K, committed 1152K, reserved 1048576K
}
Event: 396.182 GC heap before
{Heap before GC invocations=1388 (full 0):
 garbage-first heap   total 520192K, used 315651K [0x0000000606800000, 0x0000000800000000)
  region size 4096K, 76 young (311296K), 0 survivors (0K)
 Metaspace       used 9991K, committed 10240K, reserved 1064960K
  class space    used 997K, committed 1152K, reserved 1048576K
}
Event: 396.182 GC heap after
{Heap after GC invocations=1389 (full 0):
 garbage-first heap   total 520192K, used 4355K [0x0000000606800000, 0x0000000800000000)
  region size 4096K, 0 young (0K), 0 survivors (0K)
 Metaspace       used 9991K, committed 10240K, reserved 1064960K
  class space    used 997K, committed 1152K, reserved 1048576K
}
Event: 396.478 GC heap before
{Heap before GC invocations=1389 (full 0):
 garbage-first heap   total 520192K, used 315651K [0x0000000606800000, 0x0000000800000000)
  region size 4096K, 76 young (311296K), 0 survivors (0K)
 Metaspace       used 9991K, committed 10240K, reserved 1064960K
  class space    used 997K, committed 1152K, reserved 1048576K
}
Event: 396.478 GC heap after
{Heap after GC invocations=1390 (full 0):
 garbage-first heap   total 520192K, used 4357K [0x0000000606800000, 0x0000000800000000)
  region size 4096K, 1 young (4096K), 1 survivors (4096K)
 Metaspace       used 9991K, committed 10240K, reserved 1064960K
  class space    used 997K, committed 1152K, reserved 1048576K
}
Event: 396.758 GC heap before
{Heap before GC invocations=1390 (full 0):
 garbage-first heap   total 520192K, used 311557K [0x0000000606800000, 0x0000000800000000)
  region size 4096K, 76 young (311296K), 1 survivors (4096K)
 Metaspace       used 9991K, committed 10240K, reserved 1064960K
  class space    used 997K, committed 1152K, reserved 1048576K
}
Event: 396.761 GC heap after
{Heap after GC invocations=1391 (full 0):
 garbage-first heap   total 520192K, used 4355K [0x0000000606800000, 0x0000000800000000)
  region size 4096K, 0 young (0K), 0 survivors (0K)
 Metaspace       used 9991K, committed 10240K, reserved 1064960K
  class space    used 997K, committed 1152K, reserved 1048576K
}

Deoptimization events (20 events):
Event: 300.340 Thread 0x000002853f2846d0 Uncommon trap: trap_request=0xffffff45 fr.pc=0x000002852093d2f8 relative=0x0000000000006318
Event: 300.340 Thread 0x000002853f2846d0 Uncommon trap: reason=unstable_if action=reinterpret pc=0x000002852093d2f8 method=sun.rmi.server.LoaderHandler.getClassAnnotation(Ljava/lang/Class;)Ljava/lang/String; @ 21 c2
Event: 300.340 Thread 0x000002853f2846d0 DEOPT PACKING pc=0x000002852093d2f8 sp=0x000000ebf05fe660
Event: 300.340 Thread 0x000002853f2846d0 DEOPT UNPACKING pc=0x0000028518d023a3 sp=0x000000ebf05fe418 mode 2
Event: 396.838 Thread 0x00000285114bfdd0 Uncommon trap: trap_request=0xffffff45 fr.pc=0x00000285208f6044 relative=0x00000000000004e4
Event: 396.838 Thread 0x00000285114bfdd0 Uncommon trap: reason=unstable_if action=reinterpret pc=0x00000285208f6044 method=java.util.concurrent.atomic.AtomicBoolean.get()Z @ 4 c2
Event: 396.838 Thread 0x00000285114bfdd0 DEOPT PACKING pc=0x00000285208f6044 sp=0x000000ebeeaff090
Event: 396.838 Thread 0x00000285114bfdd0 DEOPT UNPACKING pc=0x0000028518d023a3 sp=0x000000ebeeafefa0 mode 2
Event: 396.840 Thread 0x000002853f285a10 Uncommon trap: trap_request=0xffffffde fr.pc=0x00000285208bc6b4 relative=0x0000000000000094
Event: 396.840 Thread 0x000002853f285a10 Uncommon trap: reason=class_check action=maybe_recompile pc=0x00000285208bc6b4 method=org.agrona.AbstractMutableDirectBuffer.putLong(IJ)V @ 4 c2
Event: 396.840 Thread 0x000002853f285a10 DEOPT PACKING pc=0x00000285208bc6b4 sp=0x000000ebf08ff260
Event: 396.840 Thread 0x000002853f285a10 DEOPT UNPACKING pc=0x0000028518d023a3 sp=0x000000ebf08ff200 mode 2
Event: 396.840 Thread 0x000002853f285a10 Uncommon trap: trap_request=0xffffff54 fr.pc=0x00000285208bbd40 relative=0x0000000000000040
Event: 396.840 Thread 0x000002853f285a10 Uncommon trap: reason=speculate_null_assert action=make_not_entrant pc=0x00000285208bbd40 method=org.agrona.UnsafeApi.putLong(Ljava/lang/Object;JJ)V @ 6 c2
Event: 396.840 Thread 0x000002853f285a10 DEOPT PACKING pc=0x00000285208bbd40 sp=0x000000ebf08ff1e0
Event: 396.840 Thread 0x000002853f285a10 DEOPT UNPACKING pc=0x0000028518d023a3 sp=0x000000ebf08ff158 mode 2
Event: 396.840 Thread 0x000002853f7903f0 Uncommon trap: trap_request=0xffffff45 fr.pc=0x00000285208ac8d0 relative=0x00000000000001f0
Event: 396.840 Thread 0x000002853f7903f0 Uncommon trap: reason=unstable_if action=reinterpret pc=0x00000285208ac8d0 method=org.agrona.concurrent.AgentRunner.workLoop(Lorg/agrona/concurrent/IdleStrategy;Lorg/agrona/concurrent/Agent;)V @ 4 c2
Event: 396.840 Thread 0x000002853f7903f0 DEOPT PACKING pc=0x00000285208ac8d0 sp=0x000000ebf0cff5a0
Event: 396.840 Thread 0x000002853f7903f0 DEOPT UNPACKING pc=0x0000028518d023a3 sp=0x000000ebf0cff580 mode 2

Classes unloaded (0 events):
No events

Classes redefined (0 events):
No events

Internal exceptions (20 events):
Event: 0.118 Thread 0x000002853e652ad0 Exception <a 'java/lang/NoSuchMethodError'{0x0000000625d1b610}: 'java.lang.Object java.lang.invoke.DirectMethodHandle$Holder.invokeStaticInit(java.lang.Object, java.lang.Object, long, java.lang.Object)'> (0x0000000625d1b610) 
thrown [t:\workspace\open\src\hotspot\share\interpreter\linkResolver.cpp, line 766]
Event: 0.118 Thread 0x000002853e652ad0 Exception <a 'java/lang/NoSuchMethodError'{0x0000000625d21d20}: 'java.lang.Object java.lang.invoke.DirectMethodHandle$Holder.newInvokeSpecial(java.lang.Object, java.lang.Object, long)'> (0x0000000625d21d20) 
thrown [t:\workspace\open\src\hotspot\share\interpreter\linkResolver.cpp, line 766]
Event: 0.119 Thread 0x000002853e652ad0 Exception <a 'java/lang/NoSuchMethodError'{0x0000000625d25d68}: 'java.lang.Object java.lang.invoke.Invokers$Holder.linkToTargetMethod(java.lang.Object, long, java.lang.Object)'> (0x0000000625d25d68) 
thrown [t:\workspace\open\src\hotspot\share\interpreter\linkResolver.cpp, line 766]
Event: 0.133 Thread 0x000002853e652ad0 Exception <a 'java/lang/NoSuchMethodError'{0x0000000625e8b2c8}: 'void java.lang.invoke.DirectMethodHandle$Holder.invokeInterface(java.lang.Object, java.lang.Object)'> (0x0000000625e8b2c8) 
thrown [t:\workspace\open\src\hotspot\share\interpreter\linkResolver.cpp, line 766]
Event: 0.138 Thread 0x000002853e652ad0 Exception <a 'java/lang/NoSuchMethodError'{0x0000000625eee2f0}: 'java.lang.Object java.lang.invoke.Invokers$Holder.invoke_MT(java.lang.Object, java.lang.Object, java.lang.Object, java.lang.Object, java.lang.Object)'> (0x0000000625eee2f0) 
thrown [t:\workspace\open\src\hotspot\share\interpreter\linkResolver.cpp, line 766]
Event: 0.139 Thread 0x000002853e652ad0 Exception <a 'java/lang/NoSuchMethodError'{0x0000000625f7e018}: 'int java.lang.invoke.DirectMethodHandle$Holder.invokeSpecial(java.lang.Object, java.lang.Object, java.lang.Object)'> (0x0000000625f7e018) 
thrown [t:\workspace\open\src\hotspot\share\interpreter\linkResolver.cpp, line 766]
Event: 0.140 Thread 0x000002853e652ad0 Exception <a 'java/lang/NoSuchMethodError'{0x0000000625f85300}: 'int java.lang.invoke.Invokers$Holder.linkToTargetMethod(java.lang.Object, java.lang.Object, java.lang.Object)'> (0x0000000625f85300) 
thrown [t:\workspace\open\src\hotspot\share\interpreter\linkResolver.cpp, line 766]
Event: 0.150 Thread 0x000002853e652ad0 Exception <a 'java/lang/NoSuchMethodError'{0x0000000625fad528}: 'void java.lang.invoke.DirectMethodHandle$Holder.invokeStatic(java.lang.Object, java.lang.Object, java.lang.Object)'> (0x0000000625fad528) 
thrown [t:\workspace\open\src\hotspot\share\interpreter\linkResolver.cpp, line 766]
Event: 0.154 Thread 0x000002853e219e60 Exception <a 'java/lang/NoSuchMethodError'{0x0000000625e3a258}: 'int java.lang.invoke.DirectMethodHandle$Holder.invokeInterface(java.lang.Object, java.lang.Object)'> (0x0000000625e3a258) 
thrown [t:\workspace\open\src\hotspot\share\interpreter\linkResolver.cpp, line 766]
Event: 0.154 Thread 0x000002853e219e60 Exception <a 'java/lang/IncompatibleClassChangeError'{0x0000000625e3d740}: Found class java.lang.Object, but interface was expected> (0x0000000625e3d740) 
thrown [t:\workspace\open\src\hotspot\share\interpreter\linkResolver.cpp, line 833]
Event: 0.171 Thread 0x000002853e652ad0 Exception <a 'java/lang/NoSuchMethodError'{0x0000000625899338}: 'java.lang.Object java.lang.invoke.DirectMethodHandle$Holder.invokeStaticInit(java.lang.Object, int, int, int, int)'> (0x0000000625899338) 
thrown [t:\workspace\open\src\hotspot\share\interpreter\linkResolver.cpp, line 766]
Event: 0.234 Thread 0x000002853e652ad0 Exception <a 'java/lang/NoSuchMethodError'{0x0000000625a93120}: 'java.lang.Object java.lang.invoke.DirectMethodHandle$Holder.invokeStaticInit(java.lang.Object, java.lang.Object, int, int, int, int)'> (0x0000000625a93120) 
thrown [t:\workspace\open\src\hotspot\share\interpreter\linkResolver.cpp, line 766]
Event: 0.253 Thread 0x000002853e652ad0 Exception <a 'java/lang/NoSuchMethodError'{0x0000000625af7a10}: 'java.lang.Object java.lang.invoke.DirectMethodHandle$Holder.invokeSpecial(java.lang.Object, java.lang.Object, int, java.lang.Object, java.lang.Object)'> (0x0000000625af7a10) 
thrown [t:\workspace\open\src\hotspot\share\interpreter\linkResolver.cpp, line 766]
Event: 0.259 Thread 0x000002853e219e60 Exception <a 'java/lang/ClassNotFoundException'{0x0000000625a554a0}: javax/management/remote/rmi/RMIServerImpl_Skel> (0x0000000625a554a0) 
thrown [t:\workspace\open\src\hotspot\share\classfile\systemDictionary.cpp, line 256]
Event: 0.261 Thread 0x000002853e652ad0 Exception <a 'java/lang/NoSuchMethodError'{0x0000000625b134d8}: 'java.lang.Object java.lang.invoke.Invokers$Holder.invoke_MT(java.lang.Object, java.lang.Object, java.lang.Object)'> (0x0000000625b134d8) 
thrown [t:\workspace\open\src\hotspot\share\interpreter\linkResolver.cpp, line 766]
Event: 0.287 Thread 0x000002853e652ad0 Exception <a 'java/lang/NoSuchMethodError'{0x000000062540f028}: 'void java.lang.invoke.DirectMethodHandle$Holder.invokeSpecial(java.lang.Object, java.lang.Object, java.lang.Object)'> (0x000000062540f028) 
thrown [t:\workspace\open\src\hotspot\share\interpreter\linkResolver.cpp, line 766]
Event: 0.324 Thread 0x000002853f2846d0 Exception <a 'java/lang/NoSuchMethodError'{0x00000006255630d8}: static [B.<clinit>()V> (0x00000006255630d8) 
thrown [t:\workspace\open\src\hotspot\share\prims\jni.cpp, line 1107]
Event: 0.332 Thread 0x000002853f2846d0 Exception <a 'java/lang/ClassNotFoundException'{0x000000062556b9b8}: javax/management/remote/rmi/RMIConnectionImpl_Skel> (0x000000062556b9b8) 
thrown [t:\workspace\open\src\hotspot\share\classfile\systemDictionary.cpp, line 256]
Event: 2.119 Thread 0x00000285114bfdd0 Exception <a 'java/lang/NoSuchMethodError'{0x00000006263db0e8}: 'void java.lang.invoke.DirectMethodHandle$Holder.invokeStaticInit(java.lang.Object, java.lang.Object)'> (0x00000006263db0e8) 
thrown [t:\workspace\open\src\hotspot\share\interpreter\linkResolver.cpp, line 766]
Event: 2.162 Thread 0x00000285114bfdd0 Exception <a 'java/lang/NoSuchMethodError'{0x00000006253ebb40}: 'void java.lang.invoke.DirectMethodHandle$Holder.invokeVirtual(java.lang.Object, java.lang.Object)'> (0x00000006253ebb40) 
thrown [t:\workspace\open\src\hotspot\share\interpreter\linkResolver.cpp, line 766]

VM Operations (20 events):
Event: 394.113 Executing VM operation: G1CollectForAllocation
Event: 394.114 Executing VM operation: G1CollectForAllocation done
Event: 394.395 Executing VM operation: G1CollectForAllocation
Event: 394.396 Executing VM operation: G1CollectForAllocation done
Event: 394.694 Executing VM operation: G1CollectForAllocation
Event: 394.695 Executing VM operation: G1CollectForAllocation done
Event: 394.984 Executing VM operation: G1CollectForAllocation
Event: 394.987 Executing VM operation: G1CollectForAllocation done
Event: 395.290 Executing VM operation: G1CollectForAllocation
Event: 395.290 Executing VM operation: G1CollectForAllocation done
Event: 395.586 Executing VM operation: G1CollectForAllocation
Event: 395.586 Executing VM operation: G1CollectForAllocation done
Event: 395.893 Executing VM operation: G1CollectForAllocation
Event: 395.894 Executing VM operation: G1CollectForAllocation done
Event: 396.182 Executing VM operation: G1CollectForAllocation
Event: 396.182 Executing VM operation: G1CollectForAllocation done
Event: 396.477 Executing VM operation: G1CollectForAllocation
Event: 396.478 Executing VM operation: G1CollectForAllocation done
Event: 396.758 Executing VM operation: G1CollectForAllocation
Event: 396.761 Executing VM operation: G1CollectForAllocation done

Events (20 events):
Event: 66.206 Thread 0x000002853f626a40 Thread added: 0x000002853f626a40
Event: 67.154 Thread 0x000002853f626a40 Thread exited: 0x000002853f626a40
Event: 137.446 Thread 0x000002853f627970 Thread added: 0x000002853f627970
Event: 137.446 Thread 0x000002853f626f50 Thread added: 0x000002853f626f50
Event: 143.205 Thread 0x000002853f626f50 Thread exited: 0x000002853f626f50
Event: 143.205 Thread 0x000002853f627970 Thread exited: 0x000002853f627970
Event: 194.206 Thread 0x000002853f627e80 Thread added: 0x000002853f627e80
Event: 194.207 Thread 0x000002853f627970 Thread added: 0x000002853f627970
Event: 194.207 Thread 0x000002853f626a40 Thread added: 0x000002853f626a40
Event: 199.209 Thread 0x000002853f626a40 Thread exited: 0x000002853f626a40
Event: 199.211 Thread 0x000002853f627970 Thread exited: 0x000002853f627970
Event: 204.210 Thread 0x000002853f627e80 Thread exited: 0x000002853f627e80
Event: 396.836 loading class jdk/internal/misc/Signal$1
Event: 396.836 loading class jdk/internal/misc/Signal$1 done
Event: 396.837 Thread 0x000002853f78ff20 Thread added: 0x000002853f78ff20
Event: 396.838 Thread 0x000002853f7920d0 Thread added: 0x000002853f7920d0
Event: 396.838 Thread 0x000002853f792a70 Thread added: 0x000002853f792a70
Event: 396.838 Thread 0x000002853f790d90 Thread added: 0x000002853f790d90
Event: 396.838 Thread 0x000002853f7920d0 Thread exited: 0x000002853f7920d0
Event: 396.838 Thread 0x000002853f790d90 Thread exited: 0x000002853f790d90


Dynamic libraries:
0x00007ff77d920000 - 0x00007ff77d92e000 	C:\.jdk\jdk-17\bin\java.exe
0x00007ffc41d20000 - 0x00007ffc41f87000 	C:\WINDOWS\SYSTEM32\ntdll.dll
0x00007ffc3fc30000 - 0x00007ffc3fcf9000 	C:\WINDOWS\System32\KERNEL32.DLL
0x00007ffc3f3d0000 - 0x00007ffc3f7c7000 	C:\WINDOWS\System32\KERNELBASE.dll
0x00007ffc3f950000 - 0x00007ffc3fa9b000 	C:\WINDOWS\System32\ucrtbase.dll
0x00007ffc20620000 - 0x00007ffc20638000 	C:\.jdk\jdk-17\bin\jli.dll
0x00007ffc41610000 - 0x00007ffc417d6000 	C:\WINDOWS\System32\USER32.dll
0x00007ffc3f2e0000 - 0x00007ffc3f307000 	C:\WINDOWS\System32\win32u.dll
0x00007ffc417e0000 - 0x00007ffc4180b000 	C:\WINDOWS\System32\GDI32.dll
0x00007ffc20b00000 - 0x00007ffc20b1a000 	C:\.jdk\jdk-17\bin\VCRUNTIME140.dll
0x00007ffc3f1b0000 - 0x00007ffc3f2dc000 	C:\WINDOWS\System32\gdi32full.dll
0x00007ffc3f100000 - 0x00007ffc3f1a3000 	C:\WINDOWS\System32\msvcp_win.dll
0x00007ffc1d3e0000 - 0x00007ffc1d672000 	C:\WINDOWS\WinSxS\amd64_microsoft.windows.common-controls_6595b64144ccf1df_6.0.26100.8457_none_3e0b2faee331e92d\COMCTL32.dll
0x00007ffc41c20000 - 0x00007ffc41cc9000 	C:\WINDOWS\System32\msvcrt.dll
0x00007ffc40fa0000 - 0x00007ffc40fd2000 	C:\WINDOWS\System32\IMM32.DLL
0x00007ffc28340000 - 0x00007ffc2834c000 	C:\.jdk\jdk-17\bin\vcruntime140_1.dll
0x00007ffbcb910000 - 0x00007ffbcb99d000 	C:\.jdk\jdk-17\bin\msvcp140.dll
0x00007ffac4f70000 - 0x00007ffac5b2e000 	C:\.jdk\jdk-17\bin\server\jvm.dll
0x00007ffc40ee0000 - 0x00007ffc40f96000 	C:\WINDOWS\System32\ADVAPI32.dll
0x00007ffc40320000 - 0x00007ffc403c7000 	C:\WINDOWS\System32\sechost.dll
0x00007ffc3fb10000 - 0x00007ffc3fc28000 	C:\WINDOWS\System32\RPCRT4.dll
0x00007ffc411e0000 - 0x00007ffc411e8000 	C:\WINDOWS\System32\PSAPI.DLL
0x00007ffc25ca0000 - 0x00007ffc25cd6000 	C:\WINDOWS\SYSTEM32\WINMM.dll
0x00007ffc1e430000 - 0x00007ffc1e43a000 	C:\WINDOWS\SYSTEM32\WSOCK32.dll
0x00007ffc40e00000 - 0x00007ffc40e80000 	C:\WINDOWS\System32\WS2_32.dll
0x00007ffc28d90000 - 0x00007ffc28d9b000 	C:\WINDOWS\SYSTEM32\VERSION.dll
0x00007ffc3d4a0000 - 0x00007ffc3d4bb000 	C:\WINDOWS\SYSTEM32\kernel.appcore.dll
0x00007ffc28110000 - 0x00007ffc2811a000 	C:\.jdk\jdk-17\bin\jimage.dll
0x00007ffc3c830000 - 0x00007ffc3ca72000 	C:\WINDOWS\SYSTEM32\DBGHELP.DLL
0x00007ffc41280000 - 0x00007ffc41603000 	C:\WINDOWS\System32\combase.dll
0x00007ffc40ca0000 - 0x00007ffc40d79000 	C:\WINDOWS\System32\OLEAUT32.dll
0x00007ffc1ee20000 - 0x00007ffc1ee5b000 	C:\WINDOWS\SYSTEM32\dbgcore.DLL
0x00007ffc3efc0000 - 0x00007ffc3f068000 	C:\WINDOWS\System32\bcryptPrimitives.dll
0x00007ffc394f0000 - 0x00007ffc394fe000 	C:\.jdk\jdk-17\bin\instrument.dll
0x00007ffc25e50000 - 0x00007ffc25e75000 	C:\.jdk\jdk-17\bin\java.dll
0x00007ffbba480000 - 0x00007ffbba556000 	C:\.jdk\jdk-17\bin\svml.dll
0x00007ffc403d0000 - 0x00007ffc40b3e000 	C:\WINDOWS\System32\SHELL32.dll
0x00007ffc3e750000 - 0x00007ffc3efbc000 	C:\WINDOWS\System32\windows.storage.dll
0x00007ffc40ba0000 - 0x00007ffc40c96000 	C:\WINDOWS\System32\SHCORE.dll
0x00007ffc3faa0000 - 0x00007ffc3fb06000 	C:\WINDOWS\System32\shlwapi.dll
0x00007ffc3e670000 - 0x00007ffc3e699000 	C:\WINDOWS\SYSTEM32\profapi.dll
0x00007ffc0a430000 - 0x00007ffc0a448000 	C:\.jdk\jdk-17\bin\zip.dll
0x00007ffc20bb0000 - 0x00007ffc20bc9000 	C:\.jdk\jdk-17\bin\net.dll
0x00007ffc34ad0000 - 0x00007ffc34bf9000 	C:\WINDOWS\SYSTEM32\WINHTTP.dll
0x00007ffc3d9f0000 - 0x00007ffc3da5c000 	C:\WINDOWS\system32\mswsock.dll
0x00007ffc13230000 - 0x00007ffc13245000 	C:\.jdk\jdk-17\bin\nio.dll
0x00007ffc3d020000 - 0x00007ffc3d152000 	C:\WINDOWS\SYSTEM32\DNSAPI.dll
0x00007ffc3cfe0000 - 0x00007ffc3d012000 	C:\WINDOWS\SYSTEM32\IPHLPAPI.DLL
0x00007ffc418d0000 - 0x00007ffc418da000 	C:\WINDOWS\System32\NSI.dll
0x00007ffc34fe0000 - 0x00007ffc34feb000 	C:\Windows\System32\rasadhlp.dll
0x00007ffc35460000 - 0x00007ffc354e6000 	C:\WINDOWS\System32\fwpuclnt.dll
0x00007ffc394c0000 - 0x00007ffc394c9000 	C:\.jdk\jdk-17\bin\management.dll
0x00007ffc37460000 - 0x00007ffc3746b000 	C:\.jdk\jdk-17\bin\management_ext.dll
0x00007ffc3ddf0000 - 0x00007ffc3de0b000 	C:\WINDOWS\SYSTEM32\CRYPTSP.dll
0x00007ffc3d400000 - 0x00007ffc3d439000 	C:\WINDOWS\system32\rsaenh.dll
0x00007ffc3daa0000 - 0x00007ffc3dad3000 	C:\WINDOWS\SYSTEM32\USERENV.dll
0x00007ffc3e640000 - 0x00007ffc3e66a000 	C:\WINDOWS\SYSTEM32\bcrypt.dll
0x00007ffc3dc50000 - 0x00007ffc3dc5c000 	C:\WINDOWS\SYSTEM32\CRYPTBASE.dll
0x00007ffc35090000 - 0x00007ffc350ad000 	C:\WINDOWS\SYSTEM32\dhcpcsvc6.DLL
0x00007ffc34da0000 - 0x00007ffc34dc5000 	C:\WINDOWS\SYSTEM32\dhcpcsvc.DLL
0x00007ffc19760000 - 0x00007ffc19778000 	C:\WINDOWS\system32\napinsp.dll
0x00007ffc18cf0000 - 0x00007ffc18d03000 	C:\WINDOWS\System32\winrnr.dll
0x00007ffc18c30000 - 0x00007ffc18c52000 	C:\WINDOWS\system32\nlansp_c.dll
0x00007ffc2b9c0000 - 0x00007ffc2b9d6000 	C:\WINDOWS\system32\wshbth.dll
0x00007ffc280e0000 - 0x00007ffc280ee000 	C:\.jdk\jdk-17\bin\sunmscapi.dll
0x00007ffc3f7d0000 - 0x00007ffc3f948000 	C:\WINDOWS\System32\CRYPT32.dll
0x00007ffc3dfc0000 - 0x00007ffc3dff0000 	C:\WINDOWS\SYSTEM32\ncrypt.dll
0x00007ffc3df70000 - 0x00007ffc3dfaf000 	C:\WINDOWS\SYSTEM32\NTASN1.dll
0x00007ffbfffa0000 - 0x00007ffbffff6000 	C:\WINDOWS\SYSTEM32\pdh.dll
0x00007ffc082d0000 - 0x00007ffc082d8000 	C:\WINDOWS\system32\wshunix.dll
0x00007ffc37140000 - 0x00007ffc37152000 	C:\WINDOWS\System32\perfproc.dll

dbghelp: loaded successfully - version: 4.0.5 - missing functions: none
symbol engine: initialized successfully - sym options: 0x614 - pdb path: .;C:\.jdk\jdk-17\bin;C:\WINDOWS\SYSTEM32;C:\WINDOWS\WinSxS\amd64_microsoft.windows.common-controls_6595b64144ccf1df_6.0.26100.8457_none_3e0b2faee331e92d;C:\.jdk\jdk-17\bin\server

VM Arguments:
jvm_args: --add-exports=java.base/jdk.internal.misc=ALL-UNNAMED --add-opens=java.base/jdk.internal.misc=ALL-UNNAMED --add-opens=java.base/java.nio=ALL-UNNAMED --add-opens=java.base/sun.nio.ch=ALL-UNNAMED -javaagent:C:\Program Files\JetBrains\IntelliJ IDEA 2024.3.5\lib\idea_rt.jar=54090 -Dfile.encoding=UTF-8 
java_command: com.resourcebox.demo.ValidationApp
java_class_path (initial): C:\hooniegit\Git\ResourceBox\MediaDriver\java\MediaDriver\target\classes;C:\Users\dhkim\.m2\repository\io\aeron\aeron-all\1.50.4\aeron-all-1.50.4.jar;C:\Users\dhkim\.m2\repository\org\slf4j\slf4j-api\2.0.17\slf4j-api-2.0.17.jar
Launcher Type: SUN_STANDARD

[Global flags]
     intx CICompilerCount                          = 12                                        {product} {ergonomic}
     uint ConcGCThreads                            = 4                                         {product} {ergonomic}
     uint G1ConcRefinementThreads                  = 14                                        {product} {ergonomic}
   size_t G1HeapRegionSize                         = 4194304                                   {product} {ergonomic}
    uintx GCDrainStackTargetSize                   = 64                                        {product} {ergonomic}
   size_t InitialHeapSize                          = 532676608                                 {product} {ergonomic}
   size_t MarkStackSize                            = 4194304                                   {product} {ergonomic}
   size_t MaxHeapSize                              = 8480882688                                {product} {ergonomic}
   size_t MaxNewSize                               = 5087690752                                {product} {ergonomic}
   size_t MinHeapDeltaBytes                        = 4194304                                   {product} {ergonomic}
   size_t MinHeapSize                              = 8388608                                   {product} {ergonomic}
    uintx NonNMethodCodeHeapSize                   = 7602480                                {pd product} {ergonomic}
    uintx NonProfiledCodeHeapSize                  = 122027880                              {pd product} {ergonomic}
    uintx ProfiledCodeHeapSize                     = 122027880                              {pd product} {ergonomic}
    uintx ReservedCodeCacheSize                    = 251658240                              {pd product} {ergonomic}
     bool SegmentedCodeCache                       = true                                      {product} {ergonomic}
   size_t SoftMaxHeapSize                          = 8480882688                             {manageable} {ergonomic}
     bool UseCompressedClassPointers               = true                           {product lp64_product} {ergonomic}
     bool UseCompressedOops                        = true                           {product lp64_product} {ergonomic}
     bool UseG1GC                                  = true                                      {product} {ergonomic}
     bool UseLargePagesIndividualAllocation        = false                                  {pd product} {ergonomic}

Logging:
Log output configuration:
 #0: stdout all=warning uptime,level,tags
 #1: stderr all=off uptime,level,tags

Environment Variables:
JAVA_HOME=C:\.jdk\jdk-17
PATH=c:\Users\dhkim\AppData\Local\Programs\cursor\resources\app\bin;C:\Program Files (x86)\Microsoft\Edge\Application;C:\WINDOWS\system32;C:\WINDOWS;C:\WINDOWS\System32\Wbem;C:\WINDOWS\System32\WindowsPowerShell\v1.0\;C:\WINDOWS\System32\OpenSSH\;C:\Program Files (x86)\Microsoft SQL Server\160\Tools\Binn\;C:\Program Files\Microsoft SQL Server\160\Tools\Binn\;C:\Program Files\Microsoft SQL Server\Client SDK\ODBC\170\Tools\Binn\;C:\Program Files\Microsoft SQL Server\160\DTS\Binn\;C:\Program Files (x86)\Microsoft SQL Server\160\DTS\Binn\;C:\Program Files\Bandizip\;C:\Program Files\dotnet\;C:\Program Files\Git\cmd;C:\.jdk\jdk-17\bin;C:\Program Files\Microsoft SQL Server\150\Tools\Binn\;C:\Program Files (x86)\Windows Kits\10\Windows Performance Toolkit\;C:\Users\dhkim\AppData\Local\Programs\Python\Launcher\;C:\Users\dhkim\AppData\Local\Microsoft\WindowsApps;C:\Users\dhkim\.dotnet\tools;c:\Users\dhkim\AppData\Local\Programs\cursor\resources\app\bin;c:\Users\dhkim\AppData\Local\Programs\cursor\resources\app\bin;C:\Users\dhkim\protoc\bin;C:\Users\dhkim\AppData\Local\Programs\Python\Launcher\;C:\Users\dhkim\AppData\Local\Microsoft\WindowsApps;C:\Users\dhkim\AppData\Local\Programs\Microsoft VS Code\bin;C:\Users\dhkim\.dotnet\tools;C:\Users\dhkim\AppData\Local\Programs\cursor\resources\app\bin;C:\Program Files\JetBrains\IntelliJ IDEA 2024.3.5\bin;;C:\Users\dhkim\AppData\Local\JetBrains\PyCharm 2025.1.1\bin;
USERNAME=dhkim
OS=Windows_NT
PROCESSOR_IDENTIFIER=Intel64 Family 6 Model 170 Stepping 4, GenuineIntel



---------------  S Y S T E M  ---------------

OS:
 Windows 10 , 64 bit Build 26100 (10.0.26100.8328)
OS uptime: 6 days 10:40 hours
Hyper-V role detected

CPU: total 18 (initial active 18) (9 cores per cpu, 2 threads per core) family 6 model 170 stepping 4 microcode 0x1c, cx8, cmov, fxsr, ht, mmx, 3dnowpref, sse, sse2, sse3, ssse3, sse4.1, sse4.2, popcnt, lzcnt, tsc, tscinvbit, avx, avx2, aes, erms, clmul, bmi1, bmi2, adx, sha, fma, vzeroupper, clflush, clflushopt, clwb, hv

Memory: 4k page, system-wide physical 32348M (9593M free)
TotalPageFile size 48732M (AvailPageFile size 12877M)
current process WorkingSet (physical memory assigned to process): 573M, peak: 983M
current process commit charge ("private bytes"): 651M, peak: 677M

vm_info: OpenJDK 64-Bit Server VM (17+35-2724) for windows-amd64 JRE (17+35-2724), built on Aug  5 2021 23:26:02 by "mach5one" with MS VC++ 16.8 (VS2019)

END.
