#
# A fatal error has been detected by the Java Runtime Environment:
#
#  EXCEPTION_ACCESS_VIOLATION (0xc0000005) at pc=0x000002a959ce46fc, pid=15940, tid=38684
#
# JRE version: OpenJDK Runtime Environment (17.0+35) (build 17+35-2724)
# Java VM: OpenJDK 64-Bit Server VM (17+35-2724, mixed mode, sharing, tiered, compressed oops, compressed class ptrs, g1 gc, windows-amd64)
# Problematic frame:
# J 1608 c2 io.aeron.driver.ClientCommandAdapter.receive()I (12 bytes) @ 0x000002a959ce46fc [0x000002a959ce4600+0x00000000000000fc]
#
# No core dump will be written. Minidumps are not enabled by default on client versions of Windows
#
# If you would like to submit a bug report, please visit:
#   https://bugreport.java.com/bugreport/crash.jsp
#

---------------  S U M M A R Y ------------

Command Line: --add-exports=java.base/jdk.internal.misc=ALL-UNNAMED --add-opens=java.base/jdk.internal.misc=ALL-UNNAMED --add-opens=java.base/java.nio=ALL-UNNAMED --add-opens=java.base/sun.nio.ch=ALL-UNNAMED -javaagent:C:\Program Files\JetBrains\IntelliJ IDEA 2024.3.5\lib\idea_rt.jar=57564 -Dfile.encoding=UTF-8 com.resourcebox.demo.NewValidationApp

Host: Intel(R) Core(TM) Ultra 5 125H, 18 cores, 31G,  Windows 10 , 64 bit Build 26100 (10.0.26100.8328)
Time: Tue Jun 16 08:28:42 2026  Windows 10 , 64 bit Build 26100 (10.0.26100.8328) elapsed time: 30.394098 seconds (0d 0h 0m 30s)

---------------  T H R E A D  ---------------

Current thread (0x000002a978b14050):  JavaThread "driver-conductor" daemon [_thread_in_Java, id=38684, stack(0x000000ad6e300000,0x000000ad6e400000)]

Stack: [0x000000ad6e300000,0x000000ad6e400000],  sp=0x000000ad6e3ff090,  free space=1020k
Native frames: (J=compiled Java code, j=interpreted, Vv=VM code, C=native code)
C  0x000002a959ce46fc


siginfo: EXCEPTION_ACCESS_VIOLATION (0xc0000005), reading address 0x000002a978f40110


Register to memory mapping:

RIP=0x000002a959ce46fc is at entry_point+252 in (nmethod*)0x000002a959ce4410
RAX=0x0 is NULL
RBX=0x0000000000000090 is an unknown value
RCX=0x0 is NULL
RDX=0x0 is NULL
RSP=0x000000ad6e3ff090 is pointing into the stack for thread: 0x000002a978b14050
RBP=0x000002a978f40110 is an unknown value
RSI=0x000002a978f40080 is an unknown value
RDI=0x0000000000100180 is an unknown value
R8 =0x0000000606846db0 is an oop: org.agrona.concurrent.UnsafeBuffer 
{0x0000000606846db0} - klass: 'org/agrona/concurrent/UnsafeBuffer'
 - ---- fields (total size 5 words):
 - protected 'capacity' 'I' @12  1049344 (100300)
 - protected 'addressOffset' 'J' @16  2926901985408 (78f40080 2a9)
 - protected 'byteArray' '[B' @24  NULL (0)
 - private 'wrapAdjustment' 'I' @28  128 (80)
 - private 'byteBuffer' 'Ljava/nio/ByteBuffer;' @32  a 'java/nio/DirectByteBuffer'{0x000000060680c540} (c0d018a8)
R9 =0x00000000000fff70 is an unknown value
R10=0x0000000000000090 is an unknown value
R11=0x0000000000000090 is an unknown value
R12=0x0 is NULL
R13=0x0000000000100180 is an unknown value
R14=0x0000000606846dd8 is an oop: io.aeron.driver.ClientCommandAdapter 
{0x0000000606846dd8} - klass: 'io/aeron/driver/ClientCommandAdapter'
 - ---- fields (total size 11 words):
 - private final 'publicationMsgFlyweight' 'Lio/aeron/command/PublicationMessageFlyweight;' @12  a 'io/aeron/command/PublicationMessageFlyweight'{0x0000000606846e30} (c0d08dc6)
 - private final 'subscriptionMsgFlyweight' 'Lio/aeron/command/SubscriptionMessageFlyweight;' @16  a 'io/aeron/command/SubscriptionMessageFlyweight'{0x000000060686e798} (c0d0dcf3)
 - private final 'correlatedMsgFlyweight' 'Lio/aeron/command/CorrelatedMessageFlyweight;' @20  a 'io/aeron/command/CorrelatedMessageFlyweight'{0x000000060686e7b0} (c0d0dcf6)
 - private final 'removeCounterFlyweight' 'Lio/aeron/command/RemoveCounterFlyweight;' @24  a 'io/aeron/command/RemoveCounterFlyweight'{0x000000060686e7c8} (c0d0dcf9)
 - private final 'removePublicationFlyweight' 'Lio/aeron/command/RemovePublicationFlyweight;' @28  a 'io/aeron/command/RemovePublicationFlyweight'{0x000000060686e7e0} (c0d0dcfc)
 - private final 'removeSubscriptionFlyweight' 'Lio/aeron/command/RemoveSubscriptionFlyweight;' @32  a 'io/aeron/command/RemoveSubscriptionFlyweight'{0x000000060686e7f8} (c0d0dcff)
 - private final 'destinationMsgFlyweight' 'Lio/aeron/command/DestinationMessageFlyweight;' @36  a 'io/aeron/command/DestinationMessageFlyweight'{0x000000060686e810} (c0d0dd02)
 - private final 'counterMsgFlyweight' 'Lio/aeron/command/CounterMessageFlyweight;' @40  a 'io/aeron/command/CounterMessageFlyweight'{0x000000060686e828} (c0d0dd05)
 - private final 'staticCounterMessageFlyweight' 'Lio/aeron/command/StaticCounterMessageFlyweight;' @44  a 'io/aeron/command/StaticCounterMessageFlyweight'{0x000000060686e840} (c0d0dd08)
 - private final 'terminateDriverFlyweight' 'Lio/aeron/command/TerminateDriverFlyweight;' @48  a 'io/aeron/command/TerminateDriverFlyweight'{0x000000060686e858} (c0d0dd0b)
 - private final 'rejectImageFlyweight' 'Lio/aeron/command/RejectImageFlyweight;' @52  a 'io/aeron/command/RejectImageFlyweight'{0x000000060686e870} (c0d0dd0e)
 - private final 'destinationByIdMessageFlyweight' 'Lio/aeron/command/DestinationByIdMessageFlyweight;' @56  a 'io/aeron/command/DestinationByIdMessageFlyweight'{0x000000060686e888} (c0d0dd11)
 - private final 'getNextAvailableSessionIdMessageFlyweight' 'Lio/aeron/command/GetNextAvailableSessionIdMessageFlyweight;' @60  a 'io/aeron/command/GetNextAvailableSessionIdMessageFlyweight'{0x000000060686e8a0} (c0d0dd14)
 - private final 'conductor' 'Lio/aeron/driver/DriverConductor;' @64  a 'io/aeron/driver/DriverConductor'{0x0000000606800a10} (c0d00142)
 - private final 'toDriverCommands' 'Lorg/agrona/concurrent/ringbuffer/RingBuffer;' @68  a 'org/agrona/concurrent/ringbuffer/ManyToOneRingBuffer'{0x0000000606846d80} (c0d08db0)
 - private final 'clientProxy' 'Lio/aeron/driver/ClientProxy;' @72  a 'io/aeron/driver/ClientProxy'{0x0000000606846bc8} (c0d08d79)
 - private final 'errors' 'Lorg/agrona/concurrent/status/AtomicCounter;' @76  a 'org/agrona/concurrent/status/AtomicCounter'{0x000000060680c4c0} (c0d01898)
 - private final 'errorHandler' 'Lorg/agrona/ErrorHandler;' @80  a 'org/agrona/concurrent/errors/LoggingErrorHandler'{0x000000060681cd48} (c0d039a9)
R15=0x000002a978b14050 is a thread


Registers:
RAX=0x0000000000000000, RBX=0x0000000000000090, RCX=0x0000000000000000, RDX=0x0000000000000000
RSP=0x000000ad6e3ff090, RBP=0x000002a978f40110, RSI=0x000002a978f40080, RDI=0x0000000000100180
R8 =0x0000000606846db0, R9 =0x00000000000fff70, R10=0x0000000000000090, R11=0x0000000000000090
R12=0x0000000000000000, R13=0x0000000000100180, R14=0x0000000606846dd8, R15=0x000002a978b14050
RIP=0x000002a959ce46fc, EFLAGS=0x0000000000010246

Top of Stack: (sp=0x000000ad6e3ff090)
0x000000ad6e3ff090:   000002a978093248 000002a9782c95f0
0x000000ad6e3ff0a0:   0000000000000000 000000ad6e3ff0f0
0x000000ad6e3ff0b0:   000000ad6e3ff160 000002a959cb97b9
0x000000ad6e3ff0c0:   0000057c681d9293 0000000000000001
0x000000ad6e3ff0d0:   000000060686e9d0 000000060686e9b8
0x000000ad6e3ff0e0:   000000ad6e3ff160 000002a9520c9612
0x000000ad6e3ff0f0:   000000ad6e3ff160 000002a9520c9612
0x000000ad6e3ff100:   000002a9520c9612 0000000606846dd8
0x000000ad6e3ff110:   0000000000000000 000000ad6e3ff118
0x000000ad6e3ff120:   000002a9782c0b45 000000ad6e3ff188
0x000000ad6e3ff130:   000002a9782d04f8 000002a97f023b80
0x000000ad6e3ff140:   000000060690e808 000002a9782c0bb0
0x000000ad6e3ff150:   000000ad6e3ff108 000000ad6e3ff190
0x000000ad6e3ff160:   0000000606800a10 000002a959ccebcc
0x000000ad6e3ff170:   0000000000000000 00022498ab8d416c
0x000000ad6e3ff180:   0000000000000000 0000000606800a10 

Instructions: (pc=0x000002a959ce46fc)
0x000002a959ce45fc:   00 00 00 00 44 8b 52 08 49 bb 00 00 00 00 08 00
0x000002a959ce460c:   00 00 4d 03 d3 49 3b c2 0f 85 66 84 42 f8 66 90
0x000002a959ce461c:   0f 1f 40 00 89 84 24 00 90 ff ff 55 48 83 ec 60
0x000002a959ce462c:   4c 8b f2 44 8b 5a 44 47 8b 54 dc 08 41 81 fa 00
0x000002a959ce463c:   b0 cc 00 0f 85 4f 03 00 00 4f 8d 14 dc 45 8b 42
0x000002a959ce464c:   28 41 8b 7a 1c 47 8b 5c c4 08 41 81 fb 20 6b c1
0x000002a959ce465c:   00 0f 85 45 03 00 00 49 c1 e0 03 45 8b 48 0c 41
0x000002a959ce466c:   8b e9 0b ef 83 cd 08 85 ed 0f 8c 49 03 00 00 41
0x000002a959ce467c:   8b e9 2b ef 83 fd 08 0f 8c cb 03 00 00 4d 8b 48
0x000002a959ce468c:   10 45 8b 58 18 4c 63 ef 4d 03 cd 49 c1 e3 03 4f
0x000002a959ce469c:   8b 1c 0b 45 8b 4a 0c 41 8b db 41 8b c9 ff c9 23
0x000002a959ce46ac:   d9 44 2b cb 33 c9 33 c0 41 3b c9 0f 8d 6b 03 00
0x000002a959ce46bc:   00 83 f8 01 7d 45 44 8b d3 44 03 d1 41 8b 70 0c
0x000002a959ce46cc:   8b ee 41 0b ea 83 cd 04 85 ed 0f 8c 10 03 00 00
0x000002a959ce46dc:   8b ee 41 2b ea 83 fd 04 0f 8c 92 03 00 00 41 8b
0x000002a959ce46ec:   50 18 49 8b 70 10 49 63 ea 48 03 ee 48 c1 e2 03
0x000002a959ce46fc:   8b 14 2a 85 d2 0f 8f 94 00 00 00 85 c9 7f 13 48
0x000002a959ce470c:   83 c4 60 5d 49 3b a7 40 03 00 00 0f 87 fb 04 00
0x000002a959ce471c:   00 c3 89 44 24 18 89 0c 24 4c 89 5c 24 10 4c 89
0x000002a959ce472c:   6c 24 08 49 8b e8 89 7c 24 04 49 8b d0 44 8b c3
0x000002a959ce473c:   44 8b c9 33 ff 66 90 e8 38 86 42 f8 4c 8b cd 45
0x000002a959ce474c:   8b 59 0c 45 8b c3 44 0b 44 24 04 48 63 0c 24 48
0x000002a959ce475c:   03 4c 24 10 41 83 c8 08 45 85 c0 0f 8c 4b 03 00
0x000002a959ce476c:   00 41 8b eb 2b 6c 24 04 83 fd 08 0f 8c 5f 03 00
0x000002a959ce477c:   00 4d 8b 51 10 45 8b 59 18 4c 03 54 24 08 49 c1
0x000002a959ce478c:   e3 03 4b 89 0c 13 8b 44 24 18 e9 70 ff ff ff 89
0x000002a959ce479c:   44 24 30 89 5c 24 24 44 89 4c 24 20 4c 89 6c 24
0x000002a959ce47ac:   08 4c 89 44 24 28 89 7c 24 14 4c 89 34 24 8b ea
0x000002a959ce47bc:   89 54 24 38 83 c5 07 45 8b c2 44 89 54 24 34 41
0x000002a959ce47cc:   83 c0 04 83 e5 f8 89 4c 24 10 44 8b d1 44 03 d5
0x000002a959ce47dc:   44 89 54 24 3c 4d 63 ca 4c 89 5c 24 18 4d 03 cb
0x000002a959ce47ec:   4c 89 4c 24 40 48 8b 54 24 28 90 e8 84 85 42 f8 


Stack slot to memory mapping:
stack at sp + 0 slots: {method} {0x000002a978093250} 'nanoTime' '()J' in 'org/agrona/concurrent/SystemNanoClock'
stack at sp + 1 slots: {method} {0x000002a9782c95f8} 'trackStreamPositions' '(IJ)I' in 'io/aeron/driver/DriverConductor'
stack at sp + 2 slots: 0x0 is NULL
stack at sp + 3 slots: 0x000000ad6e3ff0f0 is pointing into the stack for thread: 0x000002a978b14050
stack at sp + 4 slots: 0x000000ad6e3ff160 is pointing into the stack for thread: 0x000002a978b14050
stack at sp + 5 slots: 0x000002a959cb97b9 is at entry_point+57 in (nmethod*)0x000002a959cb9610
stack at sp + 6 slots: 0x0000057c681d9293 is an unknown value
stack at sp + 7 slots: 0x0000000000000001 is an unknown value

--------------------------------------------------------------------------------
[Constant Pool (empty)]

--------------------------------------------------------------------------------

[MachCode]
  0x000002a959ce4600: 448b 5208 | 49bb 0000 | 0000 0800 | 0000 4d03 | d349 3bc2 | 0f85 6684 | 42f8 6690 | 0f1f 4000 
  0x000002a959ce4620: 8984 2400 | 90ff ff55 | 4883 ec60 | 4c8b f244 | 8b5a 4447 | 8b54 dc08 | 4181 fa00 | b0cc 000f 
  0x000002a959ce4640: 854f 0300 | 004f 8d14 | dc45 8b42 | 2841 8b7a | 1c47 8b5c | c408 4181 | fb20 6bc1 | 000f 8545 
  0x000002a959ce4660: 0300 0049 | c1e0 0345 | 8b48 0c41 | 8be9 0bef | 83cd 0885 | ed0f 8c49 | 0300 0041 | 8be9 2bef 
  0x000002a959ce4680: 83fd 080f | 8ccb 0300 | 004d 8b48 | 1045 8b58 | 184c 63ef | 4d03 cd49 | c1e3 034f | 8b1c 0b45 
  0x000002a959ce46a0: 8b4a 0c41 | 8bdb 418b | c9ff c923 | d944 2bcb | 33c9 33c0 | 413b c90f | 8d6b 0300 | 0083 f801 
  0x000002a959ce46c0: 7d45 448b | d344 03d1 | 418b 700c | 8bee 410b | ea83 cd04 | 85ed 0f8c | 1003 0000 | 8bee 412b 
  0x000002a959ce46e0: ea83 fd04 | 0f8c 9203 | 0000 418b | 5018 498b | 7010 4963 | ea48 03ee | 48c1 e203 | 8b14 2a85 
  0x000002a959ce4700: d20f 8f94 | 0000 0085 | c97f 1348 | 83c4 605d | 493b a740 | 0300 000f | 87fb 0400 | 00c3 8944 
  0x000002a959ce4720: 2418 890c | 244c 895c | 2410 4c89 | 6c24 0849 | 8be8 897c | 2404 498b | d044 8bc3 | 448b c933 
  0x000002a959ce4740: ff66 90e8 | 3886 42f8 | 4c8b cd45 | 8b59 0c45 | 8bc3 440b | 4424 0448 | 630c 2448 | 034c 2410 
  0x000002a959ce4760: 4183 c808 | 4585 c00f | 8c4b 0300 | 0041 8beb | 2b6c 2404 | 83fd 080f | 8c5f 0300 | 004d 8b51 
  0x000002a959ce4780: 1045 8b59 | 184c 0354 | 2408 49c1 | e303 4b89 | 0c13 8b44 | 2418 e970 | ffff ff89 | 4424 3089 
  0x000002a959ce47a0: 5c24 2444 | 894c 2420 | 4c89 6c24 | 084c 8944 | 2428 897c | 2414 4c89 | 3424 8bea | 8954 2438 
  0x000002a959ce47c0: 83c5 0745 | 8bc2 4489 | 5424 3441 | 83c0 0483 | e5f8 894c | 2410 448b | d144 03d5 | 4489 5424 
  0x000002a959ce47e0: 3c4d 63ca | 4c89 5c24 | 184d 03cb | 4c89 4c24 | 4048 8b54 | 2428 90e8 | 8485 42f8 | 83f8 ff0f 
  0x000002a959ce4800: 84b6 0000 | 0044 8b54 | 2438 4183 | c2f8 448b | 4424 3441 | 83c0 0845 | 8bd8 488b | 1424 448b 
  0x000002a959ce4820: c04c 8b4c | 2428 418b | fb41 8bf2 | 6666 90e8 | 4c85 42f8 | 49ba b0e7 | 8a06 0600 | 0000 493b 
  0x000002a959ce4840: c20f 84ba | 0000 0044 | 8b5c 2430 | 41ff c349 | bac8 e78a | 0606 0000 | 0049 3bc2 | 0f84 c300 
  0x000002a959ce4860: 0000 49ba | e0e7 8a06 | 0600 0000 | 493b c20f | 84d6 0000 | 0044 8b54 | 243c 8b5c | 2424 418b 
  0x000002a959ce4880: ca4d 8b8f | 4803 0000 | 4185 013b | 4c24 200f | 8d73 0200 | 0041 8bd3 | 4c8b 3424 | 8b7c 2414 
  0x000002a959ce48a0: 4c8b 4424 | 284c 8b6c | 2408 4c8b | 5c24 1844 | 8b4c 2420 | 8bc2 e902 | feff ff4d | 8b8f 4803 
  0x000002a959ce48c0: 0000 448b | 5c24 304c | 8b54 2418 | 448b 4424 | 248b 4c24 | 3c41 8501 | 4c8b 3424 | 8b7c 2414 
  0x000002a959ce48e0: 4c8b 4424 | 284c 8b6c | 2408 4c8b | 5c24 1844 | 8b4c 2420 | 8b5c 2424 | 8b44 2430 | e9b3 fdff 
  0x000002a959ce4900: ff8b 7c24 | 144c 8b44 | 2428 4c8b | 6c24 084c | 8b5c 2418 | 8b5c 2424 | 8b4c 2410 | 8b44 2430 
  0x000002a959ce4920: e9e2 fdff | ff45 8bd3 | 8b4c 243c | 8b7c 2414 | 4c8b 4424 | 284c 8b6c | 2408 4c8b | 5c24 188b 
  0x000002a959ce4940: 5c24 2441 | 8bc2 e9bc | fdff ff41 | 8beb 488b | 5424 2844 | 8b44 2424 | 448b 4c24 | 3c33 ffe8 
  0x000002a959ce4960: 1c84 42f8 | 488b 5424 | 2844 8b44 | 2414 4c8b | 4c24 40e8 | 0884 42f8 | 8b5c 2424 | 035c 243c 
  0x000002a959ce4980: 48ff 7424 | 4048 8f44 | 2418 33c9 | 448b dde9 | edfe ffff | bade ffff | ff41 8beb | 4c89 3424 
  0x000002a959ce49a0: 6666 90e8 | 58d9 42f8 | bade ffff | ff49 8bea | 4c89 3424 | 4489 4424 | 1089 7c24 | 1466 90e8 
  0x000002a959ce49c0: 3cd9 42f8 | ba45 ffff | ff4c 8914 | 244c 8974 | 2408 897c | 2414 897c | 2418 4c89 | 4424 2844 
  0x000002a959ce49e0: 894c 241c | 6666 90e8 | 14d9 42f8 | ba45 ffff | ff4c 8934 | 2489 4424 | 0889 7c24 | 0c4c 895c 
  0x000002a959ce4a00: 2410 895c | 2418 4489 | 4c24 1c89 | 4c24 204c | 8944 2430 | 4489 5424 | 3844 8954 | 243c 8974 
  0x000002a959ce4a20: 2440 90e8 | d8d8 42f8 | ba45 ffff | ff49 8bee | 8904 2489 | 7c24 044c | 895c 2408 | 895c 2410 
  0x000002a959ce4a40: 894c 241c | 4489 4c24 | 204c 8944 | 2428 90e8 | acd8 42f8 | ba45 ffff | ff4c 8914 | 244c 8974 
  0x000002a959ce4a60: 2408 897c | 2414 897c | 2418 4c89 | 4424 2844 | 894c 241c | 6666 90e8 | 84d8 42f8 | ba45 ffff 
  0x000002a959ce4a80: ff4c 8934 | 2489 4424 | 0889 7c24 | 0c4c 895c | 2410 895c | 2418 4489 | 4c24 1c89 | 4c24 204c 
  0x000002a959ce4aa0: 8944 2430 | 4489 5424 | 3844 8954 | 243c 8974 | 2440 90e8 | 48d8 42f8 | ba45 ffff | ff8b 6c24 
  0x000002a959ce4ac0: 184c 894c | 2408 4889 | 4c24 1044 | 895c 2418 | 4489 4424 | 1c66 90e8 | 24d8 42f8 | ba45 ffff 
  0x000002a959ce4ae0: ff48 8944 | 24f8 8b44 | 2418 8904 | 2448 8b44 | 24f8 4c89 | 4c24 1048 | 894c 2418 | 4489 5c24 
  0x000002a959ce4b00: 0c66 90e8 | f8d7 42f8 | ba45 ffff | ff48 8b2c | 2444 891c | 2448 8944 | 24f8 8b44 | 2414 8944 
  0x000002a959ce4b20: 2404 488b | 4424 f848 | ff74 2418 | 488f 4424 | 0889 5c24 | 1089 4c24 | 1c66 90e8 | c0d7 42f8 
  0x000002a959ce4b40: baf6 ffff | ff49 8bee | 6666 90e8 | b0d7 42f8 | baf6 ffff | ff49 8bea | 4c89 3424 | 897c 240c 
  0x000002a959ce4b60: 6666 90e8 | 98d7 42f8 | 488b d0e9 | 8100 0000 | 488b d0eb | 7c48 8904 | 24eb 1048 | 8904 24eb 
  0x000002a959ce4b80: 0a48 8904 | 24eb 0448 | 8904 2444 | 8b5c 243c | 4585 db7e | 534c 8b54 | 2428 498b | ea48 8bd5 
  0x000002a959ce4ba0: 448b 4424 | 2445 8bcb | 33ff 90e8 | d081 42f8 | 448b 5d08 | 49ba 206b | c100 0800 | 0000 49b8 
  0x000002a959ce4bc0: 0000 0000 | 0800 0000 | 4d03 c34d | 8b58 404d | 3bda 7527 | 488b d544 | 8b44 2414 | 4c8b 4c24 
  0x000002a959ce4be0: 4066 90e8 | 9881 42f8 | 488b 1424 | eb03 488b | d048 83c4 | 605d e905 | ea4d f8ba | dfff ffff 
  0x000002a959ce4c00: 4889 4424 | f88b 4424 | 1489 4424 | 0848 8b44 | 24f8 90e8 | e8d6 42f8 | 49ba 1047 | ce59 a902 
  0x000002a959ce4c20: 0000 4d89 | 9758 0300 | 00e9 d2e7 | 42f8 f4f4 | f4f4 f4f4 | f4f4 f4f4 | f4f4 f4f4 | f4f4 f4f4 
  0x000002a959ce4c40: 48bb 0000 | 0000 0000 | 0000 e9fb | ffff ff48 | bb00 0000 | 0000 0000 | 00e9 fbff | ffff 48bb 
  0x000002a959ce4c60: 0000 0000 | 0000 0000 | e9fb ffff | ff48 bb00 | 0000 0000 | 0000 00e9 | fbff ffff | 48bb 0000 
  0x000002a959ce4c80: 0000 0000 | 0000 e9fb | ffff ff48 | bb00 0000 | 0000 0000 | 00e9 fbff | ffff 48bb | 0000 0000 
  0x000002a959ce4ca0: 0000 0000 | e9fb ffff | ffe9 522b | 44f8 e800 | 0000 0048 | 832c 2405 | e9e3 d942 | f8f4 f4f4 
[/MachCode]
--------------------------------------------------------------------------------


---------------  P R O C E S S  ---------------

Threads class SMR info:
_java_thread_list=0x000002a9000ed0d0, length=23, elements={
0x000002a97766e8b0, 0x000002a9777865b0, 0x000002a9777a2970, 0x000002a9777a3230,
0x000002a9777a3af0, 0x000002a9777a43b0, 0x000002a9777a8770, 0x000002a9777abc10,
0x000002a977807810, 0x000002a9776613a0, 0x000002a9779cb5e0, 0x000002a9779cbab0,
0x000002a9779cc7a0, 0x000002a9785a02a0, 0x000002a978a1aeb0, 0x000002a9789ffcf0,
0x000002a978a4d840, 0x000002a978a61170, 0x000002a978b14050, 0x000002a978b149f0,
0x000002a978b13b80, 0x000002a900de8210, 0x000002a900dec0a0
}

Java Threads: ( => current thread )
  0x000002a97766e8b0 JavaThread "Reference Handler" daemon [_thread_blocked, id=68024, stack(0x000000ad6cb00000,0x000000ad6cc00000)]
  0x000002a9777865b0 JavaThread "Finalizer" daemon [_thread_blocked, id=32256, stack(0x000000ad6cc00000,0x000000ad6cd00000)]
  0x000002a9777a2970 JavaThread "Signal Dispatcher" daemon [_thread_blocked, id=11584, stack(0x000000ad6cd00000,0x000000ad6ce00000)]
  0x000002a9777a3230 JavaThread "Attach Listener" daemon [_thread_blocked, id=69284, stack(0x000000ad6ce00000,0x000000ad6cf00000)]
  0x000002a9777a3af0 JavaThread "Service Thread" daemon [_thread_blocked, id=12432, stack(0x000000ad6cf00000,0x000000ad6d000000)]
  0x000002a9777a43b0 JavaThread "Monitor Deflation Thread" daemon [_thread_blocked, id=70332, stack(0x000000ad6d000000,0x000000ad6d100000)]
  0x000002a9777a8770 JavaThread "C2 CompilerThread0" daemon [_thread_blocked, id=43792, stack(0x000000ad6d100000,0x000000ad6d200000)]
  0x000002a9777abc10 JavaThread "C1 CompilerThread0" daemon [_thread_blocked, id=4672, stack(0x000000ad6d200000,0x000000ad6d300000)]
  0x000002a977807810 JavaThread "Sweeper thread" daemon [_thread_blocked, id=2724, stack(0x000000ad6d300000,0x000000ad6d400000)]
  0x000002a9776613a0 JavaThread "Common-Cleaner" daemon [_thread_blocked, id=68644, stack(0x000000ad6d400000,0x000000ad6d500000)]
  0x000002a9779cb5e0 JavaThread "Monitor Ctrl-Break" daemon [_thread_in_native, id=45064, stack(0x000000ad6d900000,0x000000ad6da00000)]
  0x000002a9779cbab0 JavaThread "Notification Thread" daemon [_thread_blocked, id=13264, stack(0x000000ad6da00000,0x000000ad6db00000)]
  0x000002a9779cc7a0 JavaThread "Thread-0" daemon [_thread_blocked, id=66260, stack(0x000000ad6dc00000,0x000000ad6dd00000)]
  0x000002a9785a02a0 JavaThread "async-executor C:\Users\dhkim\AppData\Local\Temp\PARCAeron" daemon [_thread_blocked, id=47868, stack(0x000000ad6dd00000,0x000000ad6de00000)]
  0x000002a978a1aeb0 JavaThread "RMI TCP Accept-0" daemon [_thread_in_native, id=53960, stack(0x000000ad6de00000,0x000000ad6df00000)]
  0x000002a9789ffcf0 JavaThread "RMI TCP Connection(1)-192.168.0.75" daemon [_thread_in_native, id=61000, stack(0x000000ad6df00000,0x000000ad6e000000)]
  0x000002a978a4d840 JavaThread "RMI Scheduler(0)" daemon [_thread_blocked, id=35792, stack(0x000000ad6e000000,0x000000ad6e100000)]
  0x000002a978a61170 JavaThread "JMX server connection timeout 30" daemon [_thread_blocked, id=40172, stack(0x000000ad6e100000,0x000000ad6e200000)]
=>0x000002a978b14050 JavaThread "driver-conductor" daemon [_thread_in_Java, id=38684, stack(0x000000ad6e300000,0x000000ad6e400000)]
  0x000002a978b149f0 JavaThread "sender" daemon [_thread_in_Java, id=53972, stack(0x000000ad6e400000,0x000000ad6e500000)]
  0x000002a978b13b80 JavaThread "receiver" daemon [_thread_in_Java, id=68204, stack(0x000000ad6e500000,0x000000ad6e600000)]
  0x000002a900de8210 JavaThread "SIGINT handler" daemon [_thread_blocked, id=39136, stack(0x000000ad6d700000,0x000000ad6d800000)]
  0x000002a900dec0a0 JavaThread "DestroyJavaVM" [_thread_blocked, id=18248, stack(0x000000ad6c400000,0x000000ad6c500000)]

Other Threads:
  0x000002a97766de40 VMThread "VM Thread" [stack: 0x000000ad6ca00000,0x000000ad6cb00000] [id=24704]
  0x000002a94a972d70 WatcherThread [stack: 0x000000ad6db00000,0x000000ad6dc00000] [id=32600]
  0x000002a94a9496a0 GCTaskThread "GC Thread#0" [stack: 0x000000ad6c500000,0x000000ad6c600000] [id=42380]
  0x000002a9000252f0 GCTaskThread "GC Thread#1" [stack: 0x000000ad6ee00000,0x000000ad6ef00000] [id=53596]
  0x000002a978b6d410 GCTaskThread "GC Thread#2" [stack: 0x000000ad6ef00000,0x000000ad6f000000] [id=28748]
  0x000002a978b6d6c0 GCTaskThread "GC Thread#3" [stack: 0x000000ad6f000000,0x000000ad6f100000] [id=65692]
  0x000002a900434a10 GCTaskThread "GC Thread#4" [stack: 0x000000ad6f100000,0x000000ad6f200000] [id=36996]
  0x000002a978b5b5d0 GCTaskThread "GC Thread#5" [stack: 0x000000ad6f200000,0x000000ad6f300000] [id=22984]
  0x000002a90048ebd0 GCTaskThread "GC Thread#6" [stack: 0x000000ad6f300000,0x000000ad6f400000] [id=68076]
  0x000002a978b5bc90 GCTaskThread "GC Thread#7" [stack: 0x000000ad6f400000,0x000000ad6f500000] [id=46124]
  0x000002a978b5bf40 GCTaskThread "GC Thread#8" [stack: 0x000000ad6f500000,0x000000ad6f600000] [id=69972]
  0x000002a90048df90 GCTaskThread "GC Thread#9" [stack: 0x000000ad6f600000,0x000000ad6f700000] [id=19712]
  0x000002a90048e240 GCTaskThread "GC Thread#10" [stack: 0x000000ad6f700000,0x000000ad6f800000] [id=57240]
  0x000002a90048e4f0 GCTaskThread "GC Thread#11" [stack: 0x000000ad6f800000,0x000000ad6f900000] [id=67116]
  0x000002a94a95afe0 ConcurrentGCThread "G1 Main Marker" [stack: 0x000000ad6c600000,0x000000ad6c700000] [id=34928]
  0x000002a94a95c190 ConcurrentGCThread "G1 Conc#0" [stack: 0x000000ad6c700000,0x000000ad6c800000] [id=54300]
  0x000002a9775279e0 ConcurrentGCThread "G1 Refine#0" [stack: 0x000000ad6c800000,0x000000ad6c900000] [id=64528]
  0x000002a9775292b0 ConcurrentGCThread "G1 Service" [stack: 0x000000ad6c900000,0x000000ad6ca00000] [id=68272]

Threads with active compile tasks:

VM state: not at safepoint (normal execution)

VM Mutex/Monitor currently owned by a thread: None

Heap address: 0x0000000606800000, size: 8088 MB, Compressed Oops mode: Zero based, Oop shift amount: 3

CDS archive(s) mapped at: [0x0000000800000000-0x0000000800bc0000-0x0000000800bc0000), size 12320768, SharedBaseAddress: 0x0000000800000000, ArchiveRelocationMode: 0.
Compressed class space mapped at: 0x0000000800c00000-0x0000000840c00000, reserved size: 1073741824
Narrow klass base: 0x0000000800000000, Narrow klass shift: 0, Narrow klass range: 0x100000000

GC Precious Log:
 CPUs: 18 total, 18 available
 Memory: 32348M
 Large Page Support: Disabled
 NUMA Support: Disabled
 Compressed Oops: Enabled (Zero based)
 Heap Region Size: 4M
 Heap Min Capacity: 8M
 Heap Initial Capacity: 508M
 Heap Max Capacity: 8088M
 Pre-touch: Disabled
 Parallel Workers: 14
 Concurrent Workers: 4
 Concurrent Refinement Workers: 14
 Periodic GC: Disabled

Heap:
 garbage-first heap   total 520192K, used 122940K [0x0000000606800000, 0x0000000800000000)
  region size 4096K, 31 young (126976K), 1 survivors (4096K)
 Metaspace       used 9660K, committed 9920K, reserved 1064960K
  class space    used 1014K, committed 1152K, reserved 1048576K

Heap Regions: E=young(eden), S=young(survivor), O=old, HS=humongous(starts), HC=humongous(continues), CS=collection set, F=free, OA=open archive, CA=closed archive, TAMS=top-at-mark-start (previous, next)
|   0|0x0000000606800000, 0x0000000606c00000, 0x0000000606c00000|100%| O|  |TAMS 0x0000000606800000, 0x0000000606800000| Untracked 
|   1|0x0000000606c00000, 0x0000000606c0d200, 0x0000000607000000|  1%| O|  |TAMS 0x0000000606c00000, 0x0000000606c00000| Untracked 
|   2|0x0000000607000000, 0x0000000607000000, 0x0000000607400000|  0%| F|  |TAMS 0x0000000607000000, 0x0000000607000000| Untracked 
|   3|0x0000000607400000, 0x0000000607400000, 0x0000000607800000|  0%| F|  |TAMS 0x0000000607400000, 0x0000000607400000| Untracked 
|   4|0x0000000607800000, 0x0000000607800000, 0x0000000607c00000|  0%| F|  |TAMS 0x0000000607800000, 0x0000000607800000| Untracked 
|   5|0x0000000607c00000, 0x0000000607c00000, 0x0000000608000000|  0%| F|  |TAMS 0x0000000607c00000, 0x0000000607c00000| Untracked 
|   6|0x0000000608000000, 0x0000000608000000, 0x0000000608400000|  0%| F|  |TAMS 0x0000000608000000, 0x0000000608000000| Untracked 
|   7|0x0000000608400000, 0x0000000608400000, 0x0000000608800000|  0%| F|  |TAMS 0x0000000608400000, 0x0000000608400000| Untracked 
|   8|0x0000000608800000, 0x0000000608800000, 0x0000000608c00000|  0%| F|  |TAMS 0x0000000608800000, 0x0000000608800000| Untracked 
|   9|0x0000000608c00000, 0x0000000608c00000, 0x0000000609000000|  0%| F|  |TAMS 0x0000000608c00000, 0x0000000608c00000| Untracked 
|  10|0x0000000609000000, 0x0000000609000000, 0x0000000609400000|  0%| F|  |TAMS 0x0000000609000000, 0x0000000609000000| Untracked 
|  11|0x0000000609400000, 0x0000000609400000, 0x0000000609800000|  0%| F|  |TAMS 0x0000000609400000, 0x0000000609400000| Untracked 
|  12|0x0000000609800000, 0x0000000609800000, 0x0000000609c00000|  0%| F|  |TAMS 0x0000000609800000, 0x0000000609800000| Untracked 
|  13|0x0000000609c00000, 0x0000000609c00000, 0x000000060a000000|  0%| F|  |TAMS 0x0000000609c00000, 0x0000000609c00000| Untracked 
|  14|0x000000060a000000, 0x000000060a000000, 0x000000060a400000|  0%| F|  |TAMS 0x000000060a000000, 0x000000060a000000| Untracked 
|  15|0x000000060a400000, 0x000000060a400000, 0x000000060a800000|  0%| F|  |TAMS 0x000000060a400000, 0x000000060a400000| Untracked 
|  16|0x000000060a800000, 0x000000060a800000, 0x000000060ac00000|  0%| F|  |TAMS 0x000000060a800000, 0x000000060a800000| Untracked 
|  17|0x000000060ac00000, 0x000000060ac00000, 0x000000060b000000|  0%| F|  |TAMS 0x000000060ac00000, 0x000000060ac00000| Untracked 
|  18|0x000000060b000000, 0x000000060b000000, 0x000000060b400000|  0%| F|  |TAMS 0x000000060b000000, 0x000000060b000000| Untracked 
|  19|0x000000060b400000, 0x000000060b400000, 0x000000060b800000|  0%| F|  |TAMS 0x000000060b400000, 0x000000060b400000| Untracked 
|  20|0x000000060b800000, 0x000000060b800000, 0x000000060bc00000|  0%| F|  |TAMS 0x000000060b800000, 0x000000060b800000| Untracked 
|  21|0x000000060bc00000, 0x000000060bc00000, 0x000000060c000000|  0%| F|  |TAMS 0x000000060bc00000, 0x000000060bc00000| Untracked 
|  22|0x000000060c000000, 0x000000060c000000, 0x000000060c400000|  0%| F|  |TAMS 0x000000060c000000, 0x000000060c000000| Untracked 
|  23|0x000000060c400000, 0x000000060c400000, 0x000000060c800000|  0%| F|  |TAMS 0x000000060c400000, 0x000000060c400000| Untracked 
|  24|0x000000060c800000, 0x000000060c800000, 0x000000060cc00000|  0%| F|  |TAMS 0x000000060c800000, 0x000000060c800000| Untracked 
|  25|0x000000060cc00000, 0x000000060cc00000, 0x000000060d000000|  0%| F|  |TAMS 0x000000060cc00000, 0x000000060cc00000| Untracked 
|  26|0x000000060d000000, 0x000000060d000000, 0x000000060d400000|  0%| F|  |TAMS 0x000000060d000000, 0x000000060d000000| Untracked 
|  27|0x000000060d400000, 0x000000060d400000, 0x000000060d800000|  0%| F|  |TAMS 0x000000060d400000, 0x000000060d400000| Untracked 
|  28|0x000000060d800000, 0x000000060d800000, 0x000000060dc00000|  0%| F|  |TAMS 0x000000060d800000, 0x000000060d800000| Untracked 
|  29|0x000000060dc00000, 0x000000060dc00000, 0x000000060e000000|  0%| F|  |TAMS 0x000000060dc00000, 0x000000060dc00000| Untracked 
|  30|0x000000060e000000, 0x000000060e000000, 0x000000060e400000|  0%| F|  |TAMS 0x000000060e000000, 0x000000060e000000| Untracked 
|  31|0x000000060e400000, 0x000000060e400000, 0x000000060e800000|  0%| F|  |TAMS 0x000000060e400000, 0x000000060e400000| Untracked 
|  32|0x000000060e800000, 0x000000060e800000, 0x000000060ec00000|  0%| F|  |TAMS 0x000000060e800000, 0x000000060e800000| Untracked 
|  33|0x000000060ec00000, 0x000000060ec00000, 0x000000060f000000|  0%| F|  |TAMS 0x000000060ec00000, 0x000000060ec00000| Untracked 
|  34|0x000000060f000000, 0x000000060f000000, 0x000000060f400000|  0%| F|  |TAMS 0x000000060f000000, 0x000000060f000000| Untracked 
|  35|0x000000060f400000, 0x000000060f400000, 0x000000060f800000|  0%| F|  |TAMS 0x000000060f400000, 0x000000060f400000| Untracked 
|  36|0x000000060f800000, 0x000000060f800000, 0x000000060fc00000|  0%| F|  |TAMS 0x000000060f800000, 0x000000060f800000| Untracked 
|  37|0x000000060fc00000, 0x000000060fc00000, 0x0000000610000000|  0%| F|  |TAMS 0x000000060fc00000, 0x000000060fc00000| Untracked 
|  38|0x0000000610000000, 0x0000000610000000, 0x0000000610400000|  0%| F|  |TAMS 0x0000000610000000, 0x0000000610000000| Untracked 
|  39|0x0000000610400000, 0x0000000610400000, 0x0000000610800000|  0%| F|  |TAMS 0x0000000610400000, 0x0000000610400000| Untracked 
|  40|0x0000000610800000, 0x0000000610800000, 0x0000000610c00000|  0%| F|  |TAMS 0x0000000610800000, 0x0000000610800000| Untracked 
|  41|0x0000000610c00000, 0x0000000610c00000, 0x0000000611000000|  0%| F|  |TAMS 0x0000000610c00000, 0x0000000610c00000| Untracked 
|  42|0x0000000611000000, 0x0000000611000000, 0x0000000611400000|  0%| F|  |TAMS 0x0000000611000000, 0x0000000611000000| Untracked 
|  43|0x0000000611400000, 0x0000000611400000, 0x0000000611800000|  0%| F|  |TAMS 0x0000000611400000, 0x0000000611400000| Untracked 
|  44|0x0000000611800000, 0x0000000611800000, 0x0000000611c00000|  0%| F|  |TAMS 0x0000000611800000, 0x0000000611800000| Untracked 
|  45|0x0000000611c00000, 0x0000000611c00000, 0x0000000612000000|  0%| F|  |TAMS 0x0000000611c00000, 0x0000000611c00000| Untracked 
|  46|0x0000000612000000, 0x0000000612000000, 0x0000000612400000|  0%| F|  |TAMS 0x0000000612000000, 0x0000000612000000| Untracked 
|  47|0x0000000612400000, 0x0000000612400000, 0x0000000612800000|  0%| F|  |TAMS 0x0000000612400000, 0x0000000612400000| Untracked 
|  48|0x0000000612800000, 0x0000000612800000, 0x0000000612c00000|  0%| F|  |TAMS 0x0000000612800000, 0x0000000612800000| Untracked 
|  49|0x0000000612c00000, 0x0000000612c00000, 0x0000000613000000|  0%| F|  |TAMS 0x0000000612c00000, 0x0000000612c00000| Untracked 
|  50|0x0000000613000000, 0x0000000613002040, 0x0000000613400000|  0%| S|CS|TAMS 0x0000000613000000, 0x0000000613000000| Complete 
|  51|0x0000000613400000, 0x0000000613400000, 0x0000000613800000|  0%| F|  |TAMS 0x0000000613400000, 0x0000000613400000| Untracked 
|  52|0x0000000613800000, 0x0000000613800000, 0x0000000613c00000|  0%| F|  |TAMS 0x0000000613800000, 0x0000000613800000| Untracked 
|  53|0x0000000613c00000, 0x0000000613c00000, 0x0000000614000000|  0%| F|  |TAMS 0x0000000613c00000, 0x0000000613c00000| Untracked 
|  54|0x0000000614000000, 0x0000000614000000, 0x0000000614400000|  0%| F|  |TAMS 0x0000000614000000, 0x0000000614000000| Untracked 
|  55|0x0000000614400000, 0x0000000614400000, 0x0000000614800000|  0%| F|  |TAMS 0x0000000614400000, 0x0000000614400000| Untracked 
|  56|0x0000000614800000, 0x0000000614800000, 0x0000000614c00000|  0%| F|  |TAMS 0x0000000614800000, 0x0000000614800000| Untracked 
|  57|0x0000000614c00000, 0x0000000614c00000, 0x0000000615000000|  0%| F|  |TAMS 0x0000000614c00000, 0x0000000614c00000| Untracked 
|  58|0x0000000615000000, 0x0000000615000000, 0x0000000615400000|  0%| F|  |TAMS 0x0000000615000000, 0x0000000615000000| Untracked 
|  59|0x0000000615400000, 0x0000000615400000, 0x0000000615800000|  0%| F|  |TAMS 0x0000000615400000, 0x0000000615400000| Untracked 
|  60|0x0000000615800000, 0x0000000615800000, 0x0000000615c00000|  0%| F|  |TAMS 0x0000000615800000, 0x0000000615800000| Untracked 
|  61|0x0000000615c00000, 0x0000000615c00000, 0x0000000616000000|  0%| F|  |TAMS 0x0000000615c00000, 0x0000000615c00000| Untracked 
|  62|0x0000000616000000, 0x0000000616000000, 0x0000000616400000|  0%| F|  |TAMS 0x0000000616000000, 0x0000000616000000| Untracked 
|  63|0x0000000616400000, 0x0000000616400000, 0x0000000616800000|  0%| F|  |TAMS 0x0000000616400000, 0x0000000616400000| Untracked 
|  64|0x0000000616800000, 0x0000000616800000, 0x0000000616c00000|  0%| F|  |TAMS 0x0000000616800000, 0x0000000616800000| Untracked 
|  65|0x0000000616c00000, 0x0000000616c00000, 0x0000000617000000|  0%| F|  |TAMS 0x0000000616c00000, 0x0000000616c00000| Untracked 
|  66|0x0000000617000000, 0x0000000617000000, 0x0000000617400000|  0%| F|  |TAMS 0x0000000617000000, 0x0000000617000000| Untracked 
|  67|0x0000000617400000, 0x0000000617400000, 0x0000000617800000|  0%| F|  |TAMS 0x0000000617400000, 0x0000000617400000| Untracked 
|  68|0x0000000617800000, 0x0000000617800000, 0x0000000617c00000|  0%| F|  |TAMS 0x0000000617800000, 0x0000000617800000| Untracked 
|  69|0x0000000617c00000, 0x0000000617c00000, 0x0000000618000000|  0%| F|  |TAMS 0x0000000617c00000, 0x0000000617c00000| Untracked 
|  70|0x0000000618000000, 0x0000000618000000, 0x0000000618400000|  0%| F|  |TAMS 0x0000000618000000, 0x0000000618000000| Untracked 
|  71|0x0000000618400000, 0x0000000618400000, 0x0000000618800000|  0%| F|  |TAMS 0x0000000618400000, 0x0000000618400000| Untracked 
|  72|0x0000000618800000, 0x0000000618800000, 0x0000000618c00000|  0%| F|  |TAMS 0x0000000618800000, 0x0000000618800000| Untracked 
|  73|0x0000000618c00000, 0x0000000618c00000, 0x0000000619000000|  0%| F|  |TAMS 0x0000000618c00000, 0x0000000618c00000| Untracked 
|  74|0x0000000619000000, 0x0000000619000000, 0x0000000619400000|  0%| F|  |TAMS 0x0000000619000000, 0x0000000619000000| Untracked 
|  75|0x0000000619400000, 0x0000000619400000, 0x0000000619800000|  0%| F|  |TAMS 0x0000000619400000, 0x0000000619400000| Untracked 
|  76|0x0000000619800000, 0x0000000619800000, 0x0000000619c00000|  0%| F|  |TAMS 0x0000000619800000, 0x0000000619800000| Untracked 
|  77|0x0000000619c00000, 0x0000000619c00000, 0x000000061a000000|  0%| F|  |TAMS 0x0000000619c00000, 0x0000000619c00000| Untracked 
|  78|0x000000061a000000, 0x000000061a000000, 0x000000061a400000|  0%| F|  |TAMS 0x000000061a000000, 0x000000061a000000| Untracked 
|  79|0x000000061a400000, 0x000000061a400000, 0x000000061a800000|  0%| F|  |TAMS 0x000000061a400000, 0x000000061a400000| Untracked 
|  80|0x000000061a800000, 0x000000061a800000, 0x000000061ac00000|  0%| F|  |TAMS 0x000000061a800000, 0x000000061a800000| Untracked 
|  81|0x000000061ac00000, 0x000000061ac00000, 0x000000061b000000|  0%| F|  |TAMS 0x000000061ac00000, 0x000000061ac00000| Untracked 
|  82|0x000000061b000000, 0x000000061b000000, 0x000000061b400000|  0%| F|  |TAMS 0x000000061b000000, 0x000000061b000000| Untracked 
|  83|0x000000061b400000, 0x000000061b400000, 0x000000061b800000|  0%| F|  |TAMS 0x000000061b400000, 0x000000061b400000| Untracked 
|  84|0x000000061b800000, 0x000000061b800000, 0x000000061bc00000|  0%| F|  |TAMS 0x000000061b800000, 0x000000061b800000| Untracked 
|  85|0x000000061bc00000, 0x000000061bc00000, 0x000000061c000000|  0%| F|  |TAMS 0x000000061bc00000, 0x000000061bc00000| Untracked 
|  86|0x000000061c000000, 0x000000061c000000, 0x000000061c400000|  0%| F|  |TAMS 0x000000061c000000, 0x000000061c000000| Untracked 
|  87|0x000000061c400000, 0x000000061c400000, 0x000000061c800000|  0%| F|  |TAMS 0x000000061c400000, 0x000000061c400000| Untracked 
|  88|0x000000061c800000, 0x000000061c800000, 0x000000061cc00000|  0%| F|  |TAMS 0x000000061c800000, 0x000000061c800000| Untracked 
|  89|0x000000061cc00000, 0x000000061cc00000, 0x000000061d000000|  0%| F|  |TAMS 0x000000061cc00000, 0x000000061cc00000| Untracked 
|  90|0x000000061d000000, 0x000000061d000000, 0x000000061d400000|  0%| F|  |TAMS 0x000000061d000000, 0x000000061d000000| Untracked 
|  91|0x000000061d400000, 0x000000061d400000, 0x000000061d800000|  0%| F|  |TAMS 0x000000061d400000, 0x000000061d400000| Untracked 
|  92|0x000000061d800000, 0x000000061d800000, 0x000000061dc00000|  0%| F|  |TAMS 0x000000061d800000, 0x000000061d800000| Untracked 
|  93|0x000000061dc00000, 0x000000061dc00000, 0x000000061e000000|  0%| F|  |TAMS 0x000000061dc00000, 0x000000061dc00000| Untracked 
|  94|0x000000061e000000, 0x000000061e000000, 0x000000061e400000|  0%| F|  |TAMS 0x000000061e000000, 0x000000061e000000| Untracked 
|  95|0x000000061e400000, 0x000000061e400000, 0x000000061e800000|  0%| F|  |TAMS 0x000000061e400000, 0x000000061e400000| Untracked 
|  96|0x000000061e800000, 0x000000061e800000, 0x000000061ec00000|  0%| F|  |TAMS 0x000000061e800000, 0x000000061e800000| Untracked 
|  97|0x000000061ec00000, 0x000000061ec00800, 0x000000061f000000|  0%| E|  |TAMS 0x000000061ec00000, 0x000000061ec00000| Complete 
|  98|0x000000061f000000, 0x000000061f400000, 0x000000061f400000|100%| E|CS|TAMS 0x000000061f000000, 0x000000061f000000| Complete 
|  99|0x000000061f400000, 0x000000061f800000, 0x000000061f800000|100%| E|CS|TAMS 0x000000061f400000, 0x000000061f400000| Complete 
| 100|0x000000061f800000, 0x000000061fc00000, 0x000000061fc00000|100%| E|CS|TAMS 0x000000061f800000, 0x000000061f800000| Complete 
| 101|0x000000061fc00000, 0x0000000620000000, 0x0000000620000000|100%| E|CS|TAMS 0x000000061fc00000, 0x000000061fc00000| Complete 
| 102|0x0000000620000000, 0x0000000620400000, 0x0000000620400000|100%| E|CS|TAMS 0x0000000620000000, 0x0000000620000000| Complete 
| 103|0x0000000620400000, 0x0000000620800000, 0x0000000620800000|100%| E|CS|TAMS 0x0000000620400000, 0x0000000620400000| Complete 
| 104|0x0000000620800000, 0x0000000620c00000, 0x0000000620c00000|100%| E|CS|TAMS 0x0000000620800000, 0x0000000620800000| Complete 
| 105|0x0000000620c00000, 0x0000000621000000, 0x0000000621000000|100%| E|CS|TAMS 0x0000000620c00000, 0x0000000620c00000| Complete 
| 106|0x0000000621000000, 0x0000000621400000, 0x0000000621400000|100%| E|CS|TAMS 0x0000000621000000, 0x0000000621000000| Complete 
| 107|0x0000000621400000, 0x0000000621800000, 0x0000000621800000|100%| E|CS|TAMS 0x0000000621400000, 0x0000000621400000| Complete 
| 108|0x0000000621800000, 0x0000000621c00000, 0x0000000621c00000|100%| E|CS|TAMS 0x0000000621800000, 0x0000000621800000| Complete 
| 109|0x0000000621c00000, 0x0000000622000000, 0x0000000622000000|100%| E|CS|TAMS 0x0000000621c00000, 0x0000000621c00000| Complete 
| 110|0x0000000622000000, 0x0000000622400000, 0x0000000622400000|100%| E|CS|TAMS 0x0000000622000000, 0x0000000622000000| Complete 
| 111|0x0000000622400000, 0x0000000622800000, 0x0000000622800000|100%| E|CS|TAMS 0x0000000622400000, 0x0000000622400000| Complete 
| 112|0x0000000622800000, 0x0000000622c00000, 0x0000000622c00000|100%| E|CS|TAMS 0x0000000622800000, 0x0000000622800000| Complete 
| 113|0x0000000622c00000, 0x0000000623000000, 0x0000000623000000|100%| E|CS|TAMS 0x0000000622c00000, 0x0000000622c00000| Complete 
| 114|0x0000000623000000, 0x0000000623400000, 0x0000000623400000|100%| E|CS|TAMS 0x0000000623000000, 0x0000000623000000| Complete 
| 115|0x0000000623400000, 0x0000000623800000, 0x0000000623800000|100%| E|CS|TAMS 0x0000000623400000, 0x0000000623400000| Complete 
| 116|0x0000000623800000, 0x0000000623c00000, 0x0000000623c00000|100%| E|CS|TAMS 0x0000000623800000, 0x0000000623800000| Complete 
| 117|0x0000000623c00000, 0x0000000624000000, 0x0000000624000000|100%| E|CS|TAMS 0x0000000623c00000, 0x0000000623c00000| Complete 
| 118|0x0000000624000000, 0x0000000624400000, 0x0000000624400000|100%| E|CS|TAMS 0x0000000624000000, 0x0000000624000000| Complete 
| 119|0x0000000624400000, 0x0000000624800000, 0x0000000624800000|100%| E|CS|TAMS 0x0000000624400000, 0x0000000624400000| Complete 
| 120|0x0000000624800000, 0x0000000624c00000, 0x0000000624c00000|100%| E|CS|TAMS 0x0000000624800000, 0x0000000624800000| Complete 
| 121|0x0000000624c00000, 0x0000000625000000, 0x0000000625000000|100%| E|CS|TAMS 0x0000000624c00000, 0x0000000624c00000| Complete 
| 122|0x0000000625000000, 0x0000000625400000, 0x0000000625400000|100%| E|CS|TAMS 0x0000000625000000, 0x0000000625000000| Complete 
| 123|0x0000000625400000, 0x0000000625800000, 0x0000000625800000|100%| E|CS|TAMS 0x0000000625400000, 0x0000000625400000| Complete 
| 124|0x0000000625800000, 0x0000000625c00000, 0x0000000625c00000|100%| E|CS|TAMS 0x0000000625800000, 0x0000000625800000| Complete 
| 125|0x0000000625c00000, 0x0000000626000000, 0x0000000626000000|100%| E|CS|TAMS 0x0000000625c00000, 0x0000000625c00000| Complete 
| 126|0x0000000626000000, 0x0000000626400000, 0x0000000626400000|100%| E|CS|TAMS 0x0000000626000000, 0x0000000626000000| Complete 

Card table byte_map: [0x000002a962a20000,0x000002a9639f0000] _byte_map_base: 0x000002a95f9ec000

Marking Bits (Prev, Next): (CMBitMap*) 0x000002a94a949cb0, (CMBitMap*) 0x000002a94a949cf0
 Prev Bits: [0x000002a9649c0000, 0x000002a96c820000)
 Next Bits: [0x000002a96c820000, 0x000002a974680000)

Polling page: 0x000002a948510000

Metaspace:

Usage:
  Non-class:      8.44 MB used.
      Class:   1014.55 KB used.
       Both:      9.43 MB used.

Virtual space:
  Non-class space:       16.00 MB reserved,       8.56 MB ( 54%) committed,  2 nodes.
      Class space:        1.00 GB reserved,       1.12 MB ( <1%) committed,  1 nodes.
             Both:        1.02 GB reserved,       9.69 MB ( <1%) committed. 

Chunk freelists:
   Non-Class:  3.45 MB
       Class:  2.87 MB
        Both:  6.33 MB

MaxMetaspaceSize: unlimited
CompressedClassSpaceSize: 1.00 GB
Initial GC threshold: 21.00 MB
Current GC threshold: 21.00 MB
CDS: on
MetaspaceReclaimPolicy: balanced
 - commit_granule_bytes: 65536.
 - commit_granule_words: 8192.
 - virtual_space_node_default_size: 1048576.
 - enlarge_chunks_in_place: 1.
 - new_chunks_are_fully_committed: 0.
 - uncommit_free_chunks: 1.
 - use_allocation_guard: 0.
 - handle_deallocations: 1.


Internal statistics:

num_allocs_failed_limit: 0.
num_arena_births: 212.
num_arena_deaths: 0.
num_vsnodes_births: 3.
num_vsnodes_deaths: 0.
num_space_committed: 155.
num_space_uncommitted: 0.
num_chunks_returned_to_freelist: 0.
num_chunks_taken_from_freelist: 410.
num_chunk_merges: 0.
num_chunk_splits: 235.
num_chunks_enlarged: 132.
num_purges: 0.
num_inconsistent_stats: 0.

CodeHeap 'non-profiled nmethods': size=119168Kb used=827Kb max_used=827Kb free=118340Kb
 bounds [0x000002a959c60000, 0x000002a959ed0000, 0x000002a9610c0000]
CodeHeap 'profiled nmethods': size=119104Kb used=3545Kb max_used=3545Kb free=115558Kb
 bounds [0x000002a952810000, 0x000002a952b90000, 0x000002a959c60000]
CodeHeap 'non-nmethods': size=7488Kb used=1229Kb max_used=2963Kb free=6258Kb
 bounds [0x000002a9520c0000, 0x000002a9523b0000, 0x000002a952810000]
 total_blobs=2530 nmethods=1996 adapters=446
 compilation: enabled
              stopped_count=0, restarted_count=0
 full_count=0

Compilation events (20 events):
Event: 27.370 Thread 0x000002a9777abc10 nmethod 1983 0x000002a952b6ce90 code [0x000002a952b6d060, 0x000002a952b6d558]
Event: 27.370 Thread 0x000002a9777abc10 1985   !   3       sun.rmi.server.LoaderHandler::getClassAnnotation (234 bytes)
Event: 27.372 Thread 0x000002a9777abc10 nmethod 1985 0x000002a952b6d690 code [0x000002a952b6dc00, 0x000002a952b70c38]
Event: 28.371 Thread 0x000002a9777abc10 1986   !   3       java.io.ObjectInputStream$BlockDataInputStream::readBlockHeader (249 bytes)
Event: 28.373 Thread 0x000002a9777abc10 nmethod 1986 0x000002a952b71e90 code [0x000002a952b722c0, 0x000002a952b73e78]
Event: 28.485 Thread 0x000002a9777abc10 1988   !   3       jdk.internal.reflect.GeneratedMethodAccessor1::invoke (65 bytes)
Event: 28.486 Thread 0x000002a9777abc10 nmethod 1988 0x000002a952b74c90 code [0x000002a952b74f00, 0x000002a952b75988]
Event: 28.952 Thread 0x000002a9777abc10 1989       3       org.agrona.UnsafeApi::compareAndSetInt (12 bytes)
Event: 28.953 Thread 0x000002a9777abc10 nmethod 1989 0x000002a952b75f10 code [0x000002a952b760a0, 0x000002a952b761b8]
Event: 29.444 Thread 0x000002a9777abc10 1990       3       java.lang.AbstractStringBuilder::setLength (66 bytes)
Event: 29.444 Thread 0x000002a9777abc10 nmethod 1990 0x000002a952b76290 code [0x000002a952b764c0, 0x000002a952b76c38]
Event: 29.603 Thread 0x000002a9777abc10 1991       3       sun.rmi.runtime.Log$LoggerLog::log (45 bytes)
Event: 29.604 Thread 0x000002a9777abc10 nmethod 1991 0x000002a952b76f90 code [0x000002a952b77200, 0x000002a952b77cf8]
Event: 29.605 Thread 0x000002a9777abc10 1992       3       javax.management.ObjectName::construct (1135 bytes)
Event: 29.605 Thread 0x000002a9777a8770 1993       4       java.io.ObjectOutputStream$BlockDataOutputStream::writeByte (33 bytes)
Event: 29.606 Thread 0x000002a9777a8770 nmethod 1993 0x000002a959d2e610 code [0x000002a959d2e780, 0x000002a959d2e878]
Event: 29.606 Thread 0x000002a9777a8770 1994       4       java.io.ObjectOutputStream$HandleTable::lookup (56 bytes)
Event: 29.608 Thread 0x000002a9777abc10 nmethod 1992 0x000002a952b78110 code [0x000002a952b78740, 0x000002a952b7c5e8]
Event: 29.608 Thread 0x000002a9777a8770 nmethod 1994 0x000002a959d2e990 code [0x000002a959d2eb20, 0x000002a959d2ed48]
Event: 30.389 Thread 0x000002a9777abc10 1995       3       io.aeron.driver.DriverConductor::trackStreamPositions (148 bytes)

GC Heap History (20 events):
Event: 26.751 GC heap before
{Heap before GC invocations=70 (full 0):
 garbage-first heap   total 520192K, used 311349K [0x0000000606800000, 0x0000000800000000)
  region size 4096K, 76 young (311296K), 1 survivors (4096K)
 Metaspace       used 9614K, committed 9856K, reserved 1064960K
  class space    used 1012K, committed 1152K, reserved 1048576K
}
Event: 26.752 GC heap after
{Heap after GC invocations=71 (full 0):
 garbage-first heap   total 520192K, used 4151K [0x0000000606800000, 0x0000000800000000)
  region size 4096K, 1 young (4096K), 1 survivors (4096K)
 Metaspace       used 9614K, committed 9856K, reserved 1064960K
  class space    used 1012K, committed 1152K, reserved 1048576K
}
Event: 27.139 GC heap before
{Heap before GC invocations=71 (full 0):
 garbage-first heap   total 520192K, used 311351K [0x0000000606800000, 0x0000000800000000)
  region size 4096K, 76 young (311296K), 1 survivors (4096K)
 Metaspace       used 9614K, committed 9856K, reserved 1064960K
  class space    used 1012K, committed 1152K, reserved 1048576K
}
Event: 27.140 GC heap after
{Heap after GC invocations=72 (full 0):
 garbage-first heap   total 520192K, used 4155K [0x0000000606800000, 0x0000000800000000)
  region size 4096K, 1 young (4096K), 1 survivors (4096K)
 Metaspace       used 9614K, committed 9856K, reserved 1064960K
  class space    used 1012K, committed 1152K, reserved 1048576K
}
Event: 27.549 GC heap before
{Heap before GC invocations=72 (full 0):
 garbage-first heap   total 520192K, used 311355K [0x0000000606800000, 0x0000000800000000)
  region size 4096K, 76 young (311296K), 1 survivors (4096K)
 Metaspace       used 9624K, committed 9920K, reserved 1064960K
  class space    used 1012K, committed 1152K, reserved 1048576K
}
Event: 27.549 GC heap after
{Heap after GC invocations=73 (full 0):
 garbage-first heap   total 520192K, used 4155K [0x0000000606800000, 0x0000000800000000)
  region size 4096K, 1 young (4096K), 1 survivors (4096K)
 Metaspace       used 9624K, committed 9920K, reserved 1064960K
  class space    used 1012K, committed 1152K, reserved 1048576K
}
Event: 27.936 GC heap before
{Heap before GC invocations=73 (full 0):
 garbage-first heap   total 520192K, used 311355K [0x0000000606800000, 0x0000000800000000)
  region size 4096K, 76 young (311296K), 1 survivors (4096K)
 Metaspace       used 9624K, committed 9920K, reserved 1064960K
  class space    used 1012K, committed 1152K, reserved 1048576K
}
Event: 27.937 GC heap after
{Heap after GC invocations=74 (full 0):
 garbage-first heap   total 520192K, used 4155K [0x0000000606800000, 0x0000000800000000)
  region size 4096K, 1 young (4096K), 1 survivors (4096K)
 Metaspace       used 9624K, committed 9920K, reserved 1064960K
  class space    used 1012K, committed 1152K, reserved 1048576K
}
Event: 28.304 GC heap before
{Heap before GC invocations=74 (full 0):
 garbage-first heap   total 520192K, used 311355K [0x0000000606800000, 0x0000000800000000)
  region size 4096K, 76 young (311296K), 1 survivors (4096K)
 Metaspace       used 9624K, committed 9920K, reserved 1064960K
  class space    used 1012K, committed 1152K, reserved 1048576K
}
Event: 28.305 GC heap after
{Heap after GC invocations=75 (full 0):
 garbage-first heap   total 520192K, used 4153K [0x0000000606800000, 0x0000000800000000)
  region size 4096K, 1 young (4096K), 1 survivors (4096K)
 Metaspace       used 9624K, committed 9920K, reserved 1064960K
  class space    used 1012K, committed 1152K, reserved 1048576K
}
Event: 28.685 GC heap before
{Heap before GC invocations=75 (full 0):
 garbage-first heap   total 520192K, used 311353K [0x0000000606800000, 0x0000000800000000)
  region size 4096K, 76 young (311296K), 1 survivors (4096K)
 Metaspace       used 9628K, committed 9920K, reserved 1064960K
  class space    used 1012K, committed 1152K, reserved 1048576K
}
Event: 28.686 GC heap after
{Heap after GC invocations=76 (full 0):
 garbage-first heap   total 520192K, used 4156K [0x0000000606800000, 0x0000000800000000)
  region size 4096K, 1 young (4096K), 1 survivors (4096K)
 Metaspace       used 9628K, committed 9920K, reserved 1064960K
  class space    used 1012K, committed 1152K, reserved 1048576K
}
Event: 29.062 GC heap before
{Heap before GC invocations=76 (full 0):
 garbage-first heap   total 520192K, used 311356K [0x0000000606800000, 0x0000000800000000)
  region size 4096K, 76 young (311296K), 1 survivors (4096K)
 Metaspace       used 9628K, committed 9920K, reserved 1064960K
  class space    used 1012K, committed 1152K, reserved 1048576K
}
Event: 29.063 GC heap after
{Heap after GC invocations=77 (full 0):
 garbage-first heap   total 520192K, used 4158K [0x0000000606800000, 0x0000000800000000)
  region size 4096K, 1 young (4096K), 1 survivors (4096K)
 Metaspace       used 9628K, committed 9920K, reserved 1064960K
  class space    used 1012K, committed 1152K, reserved 1048576K
}
Event: 29.464 GC heap before
{Heap before GC invocations=77 (full 0):
 garbage-first heap   total 520192K, used 311358K [0x0000000606800000, 0x0000000800000000)
  region size 4096K, 76 young (311296K), 1 survivors (4096K)
 Metaspace       used 9629K, committed 9920K, reserved 1064960K
  class space    used 1012K, committed 1152K, reserved 1048576K
}
Event: 29.464 GC heap after
{Heap after GC invocations=78 (full 0):
 garbage-first heap   total 520192K, used 4150K [0x0000000606800000, 0x0000000800000000)
  region size 4096K, 1 young (4096K), 1 survivors (4096K)
 Metaspace       used 9629K, committed 9920K, reserved 1064960K
  class space    used 1012K, committed 1152K, reserved 1048576K
}
Event: 29.884 GC heap before
{Heap before GC invocations=78 (full 0):
 garbage-first heap   total 520192K, used 311350K [0x0000000606800000, 0x0000000800000000)
  region size 4096K, 76 young (311296K), 1 survivors (4096K)
 Metaspace       used 9639K, committed 9920K, reserved 1064960K
  class space    used 1012K, committed 1152K, reserved 1048576K
}
Event: 29.885 GC heap after
{Heap after GC invocations=79 (full 0):
 garbage-first heap   total 520192K, used 4158K [0x0000000606800000, 0x0000000800000000)
  region size 4096K, 1 young (4096K), 1 survivors (4096K)
 Metaspace       used 9639K, committed 9920K, reserved 1064960K
  class space    used 1012K, committed 1152K, reserved 1048576K
}
Event: 30.249 GC heap before
{Heap before GC invocations=79 (full 0):
 garbage-first heap   total 520192K, used 311358K [0x0000000606800000, 0x0000000800000000)
  region size 4096K, 76 young (311296K), 1 survivors (4096K)
 Metaspace       used 9639K, committed 9920K, reserved 1064960K
  class space    used 1012K, committed 1152K, reserved 1048576K
}
Event: 30.249 GC heap after
{Heap after GC invocations=80 (full 0):
 garbage-first heap   total 520192K, used 4156K [0x0000000606800000, 0x0000000800000000)
  region size 4096K, 1 young (4096K), 1 survivors (4096K)
 Metaspace       used 9639K, committed 9920K, reserved 1064960K
  class space    used 1012K, committed 1152K, reserved 1048576K
}

Deoptimization events (20 events):
Event: 30.388 Thread 0x000002a978b14050 Uncommon trap: trap_request=0xffffff54 fr.pc=0x000002a959cd5140 relative=0x0000000000000040
Event: 30.388 Thread 0x000002a978b14050 Uncommon trap: reason=speculate_null_assert action=make_not_entrant pc=0x000002a959cd5140 method=org.agrona.UnsafeApi.putLong(Ljava/lang/Object;JJ)V @ 6 c2
Event: 30.388 Thread 0x000002a978b14050 DEOPT PACKING pc=0x000002a959cd5140 sp=0x000000ad6e3fedc0
Event: 30.388 Thread 0x000002a978b14050 DEOPT UNPACKING pc=0x000002a9521123a3 sp=0x000000ad6e3fed38 mode 2
Event: 30.388 Thread 0x000002a978b14050 Uncommon trap: trap_request=0xffffffde fr.pc=0x000002a959ce60f0 relative=0x00000000000001d0
Event: 30.388 Thread 0x000002a978b14050 Uncommon trap: reason=class_check action=maybe_recompile pc=0x000002a959ce60f0 method=org.agrona.AbstractMutableDirectBuffer.putBytes(ILorg/agrona/DirectBuffer;II)V @ 17 c2
Event: 30.388 Thread 0x000002a978b14050 DEOPT PACKING pc=0x000002a959ce60f0 sp=0x000000ad6e3fed20
Event: 30.388 Thread 0x000002a978b14050 DEOPT UNPACKING pc=0x000002a9521123a3 sp=0x000000ad6e3fed00 mode 2
Event: 30.388 Thread 0x000002a978b14050 Uncommon trap: trap_request=0xffffff45 fr.pc=0x000002a959d1b8c4 relative=0x0000000000000e84
Event: 30.388 Thread 0x000002a978b14050 Uncommon trap: reason=unstable_if action=reinterpret pc=0x000002a959d1b8c4 method=io.aeron.driver.IpcPublication.updatePublisherPositionAndLimit()I @ 9 c2
Event: 30.388 Thread 0x000002a978b14050 DEOPT PACKING pc=0x000002a959d1b8c4 sp=0x000000ad6e3ff0f0
Event: 30.388 Thread 0x000002a978b14050 DEOPT UNPACKING pc=0x000002a9521123a3 sp=0x000000ad6e3fef58 mode 2
Event: 30.388 Thread 0x000002a978b14050 Uncommon trap: trap_request=0xffffff45 fr.pc=0x000002a959cdeaf0 relative=0x0000000000000430
Event: 30.388 Thread 0x000002a978b14050 Uncommon trap: reason=unstable_if action=reinterpret pc=0x000002a959cdeaf0 method=io.aeron.driver.IpcPublication.updatePublisherPositionAndLimit()I @ 9 c2
Event: 30.388 Thread 0x000002a978b14050 DEOPT PACKING pc=0x000002a959cdeaf0 sp=0x000000ad6e3ff090
Event: 30.389 Thread 0x000002a978b14050 DEOPT UNPACKING pc=0x000002a9521123a3 sp=0x000000ad6e3fef48 mode 2
Event: 30.389 Thread 0x000002a978b14050 Uncommon trap: trap_request=0xffffff45 fr.pc=0x000002a959cdfb44 relative=0x0000000000000284
Event: 30.389 Thread 0x000002a978b14050 Uncommon trap: reason=unstable_if action=reinterpret pc=0x000002a959cdfb44 method=io.aeron.driver.IpcPublication.updatePublisherPositionAndLimit()I @ 9 c2
Event: 30.389 Thread 0x000002a978b14050 DEOPT PACKING pc=0x000002a959cdfb44 sp=0x000000ad6e3ff010
Event: 30.389 Thread 0x000002a978b14050 DEOPT UNPACKING pc=0x000002a9521123a3 sp=0x000000ad6e3fef50 mode 2

Classes unloaded (0 events):
No events

Classes redefined (0 events):
No events

Internal exceptions (20 events):
Event: 0.110 Thread 0x000002a94a8cfef0 Exception <a 'java/lang/NoSuchMethodError'{0x0000000625d181f8}: 'java.lang.Object java.lang.invoke.DirectMethodHandle$Holder.invokeStaticInit(java.lang.Object, java.lang.Object, long, java.lang.Object)'> (0x0000000625d181f8) 
thrown [t:\workspace\open\src\hotspot\share\interpreter\linkResolver.cpp, line 766]
Event: 0.111 Thread 0x000002a94a8cfef0 Exception <a 'java/lang/NoSuchMethodError'{0x0000000625d1e818}: 'java.lang.Object java.lang.invoke.DirectMethodHandle$Holder.newInvokeSpecial(java.lang.Object, java.lang.Object, long)'> (0x0000000625d1e818) 
thrown [t:\workspace\open\src\hotspot\share\interpreter\linkResolver.cpp, line 766]
Event: 0.112 Thread 0x000002a94a8cfef0 Exception <a 'java/lang/NoSuchMethodError'{0x0000000625d22860}: 'java.lang.Object java.lang.invoke.Invokers$Holder.linkToTargetMethod(java.lang.Object, long, java.lang.Object)'> (0x0000000625d22860) 
thrown [t:\workspace\open\src\hotspot\share\interpreter\linkResolver.cpp, line 766]
Event: 0.127 Thread 0x000002a94a8cfef0 Exception <a 'java/lang/NoSuchMethodError'{0x0000000625d6d560}: 'void java.lang.invoke.DirectMethodHandle$Holder.invokeStaticInit(java.lang.Object, java.lang.Object)'> (0x0000000625d6d560) 
thrown [t:\workspace\open\src\hotspot\share\interpreter\linkResolver.cpp, line 766]
Event: 0.132 Thread 0x000002a9779cc7a0 Exception <a 'java/lang/NoSuchMethodError'{0x0000000625e4fa38}: 'void java.lang.invoke.DirectMethodHandle$Holder.invokeInterface(java.lang.Object, java.lang.Object)'> (0x0000000625e4fa38) 
thrown [t:\workspace\open\src\hotspot\share\interpreter\linkResolver.cpp, line 766]
Event: 0.141 Thread 0x000002a9779cc7a0 Exception <a 'java/lang/NoSuchMethodError'{0x0000000625824b60}: 'java.lang.Object java.lang.invoke.Invokers$Holder.invoke_MT(java.lang.Object, java.lang.Object, java.lang.Object, java.lang.Object, java.lang.Object)'> (0x0000000625824b60) 
thrown [t:\workspace\open\src\hotspot\share\interpreter\linkResolver.cpp, line 766]
Event: 0.142 Thread 0x000002a9779cc7a0 Exception <a 'java/lang/NoSuchMethodError'{0x0000000625839788}: 'int java.lang.invoke.DirectMethodHandle$Holder.invokeSpecial(java.lang.Object, java.lang.Object, java.lang.Object)'> (0x0000000625839788) 
thrown [t:\workspace\open\src\hotspot\share\interpreter\linkResolver.cpp, line 766]
Event: 0.143 Thread 0x000002a9779cc7a0 Exception <a 'java/lang/NoSuchMethodError'{0x0000000625840a70}: 'int java.lang.invoke.Invokers$Holder.linkToTargetMethod(java.lang.Object, java.lang.Object, java.lang.Object)'> (0x0000000625840a70) 
thrown [t:\workspace\open\src\hotspot\share\interpreter\linkResolver.cpp, line 766]
Event: 0.151 Thread 0x000002a9779cc7a0 Exception <a 'java/lang/NoSuchMethodError'{0x000000062586a248}: 'void java.lang.invoke.DirectMethodHandle$Holder.invokeStatic(java.lang.Object, java.lang.Object, java.lang.Object)'> (0x000000062586a248) 
thrown [t:\workspace\open\src\hotspot\share\interpreter\linkResolver.cpp, line 766]
Event: 0.155 Thread 0x000002a9777a3230 Exception <a 'java/lang/NoSuchMethodError'{0x0000000625ebc108}: 'int java.lang.invoke.DirectMethodHandle$Holder.invokeInterface(java.lang.Object, java.lang.Object)'> (0x0000000625ebc108) 
thrown [t:\workspace\open\src\hotspot\share\interpreter\linkResolver.cpp, line 766]
Event: 0.155 Thread 0x000002a9777a3230 Exception <a 'java/lang/IncompatibleClassChangeError'{0x0000000625ebf5f0}: Found class java.lang.Object, but interface was expected> (0x0000000625ebf5f0) 
thrown [t:\workspace\open\src\hotspot\share\interpreter\linkResolver.cpp, line 833]
Event: 0.170 Thread 0x000002a9779cc7a0 Exception <a 'java/lang/NoSuchMethodError'{0x00000006258d6ec0}: 'java.lang.Object java.lang.invoke.DirectMethodHandle$Holder.invokeStaticInit(java.lang.Object, int, int, int, int)'> (0x00000006258d6ec0) 
thrown [t:\workspace\open\src\hotspot\share\interpreter\linkResolver.cpp, line 766]
Event: 0.221 Thread 0x000002a9779cc7a0 Exception <a 'java/lang/NoSuchMethodError'{0x0000000625ad9498}: 'java.lang.Object java.lang.invoke.DirectMethodHandle$Holder.invokeStaticInit(java.lang.Object, java.lang.Object, int, int, int, int)'> (0x0000000625ad9498) 
thrown [t:\workspace\open\src\hotspot\share\interpreter\linkResolver.cpp, line 766]
Event: 0.243 Thread 0x000002a9779cc7a0 Exception <a 'java/lang/NoSuchMethodError'{0x0000000625bb85b0}: 'java.lang.Object java.lang.invoke.DirectMethodHandle$Holder.invokeSpecial(java.lang.Object, java.lang.Object, int, java.lang.Object, java.lang.Object)'> (0x0000000625bb85b0) 
thrown [t:\workspace\open\src\hotspot\share\interpreter\linkResolver.cpp, line 766]
Event: 0.248 Thread 0x000002a9779cc7a0 Exception <a 'java/lang/NoSuchMethodError'{0x0000000625bd4060}: 'java.lang.Object java.lang.invoke.Invokers$Holder.invoke_MT(java.lang.Object, java.lang.Object, java.lang.Object)'> (0x0000000625bd4060) 
thrown [t:\workspace\open\src\hotspot\share\interpreter\linkResolver.cpp, line 766]
Event: 0.255 Thread 0x000002a9777a3230 Exception <a 'java/lang/ClassNotFoundException'{0x0000000625b674c0}: javax/management/remote/rmi/RMIServerImpl_Skel> (0x0000000625b674c0) 
thrown [t:\workspace\open\src\hotspot\share\classfile\systemDictionary.cpp, line 256]
Event: 0.272 Thread 0x000002a9779cc7a0 Exception <a 'java/lang/NoSuchMethodError'{0x00000006254a1f60}: 'void java.lang.invoke.DirectMethodHandle$Holder.invokeSpecial(java.lang.Object, java.lang.Object, java.lang.Object)'> (0x00000006254a1f60) 
thrown [t:\workspace\open\src\hotspot\share\interpreter\linkResolver.cpp, line 766]
Event: 0.304 Thread 0x000002a9789ffcf0 Exception <a 'java/lang/NoSuchMethodError'{0x00000006256511b0}: static [B.<clinit>()V> (0x00000006256511b0) 
thrown [t:\workspace\open\src\hotspot\share\prims\jni.cpp, line 1107]
Event: 0.310 Thread 0x000002a9789ffcf0 Exception <a 'java/lang/ClassNotFoundException'{0x00000006256599f0}: javax/management/remote/rmi/RMIConnectionImpl_Skel> (0x00000006256599f0) 
thrown [t:\workspace\open\src\hotspot\share\classfile\systemDictionary.cpp, line 256]
Event: 0.407 Thread 0x000002a94a8cfef0 Exception <a 'java/lang/NoSuchMethodError'{0x00000006250f0cf8}: 'void java.lang.invoke.DirectMethodHandle$Holder.invokeVirtual(java.lang.Object, java.lang.Object)'> (0x00000006250f0cf8) 
thrown [t:\workspace\open\src\hotspot\share\interpreter\linkResolver.cpp, line 766]

VM Operations (20 events):
Event: 26.751 Executing VM operation: G1CollectForAllocation
Event: 26.752 Executing VM operation: G1CollectForAllocation done
Event: 27.139 Executing VM operation: G1CollectForAllocation
Event: 27.140 Executing VM operation: G1CollectForAllocation done
Event: 27.549 Executing VM operation: G1CollectForAllocation
Event: 27.549 Executing VM operation: G1CollectForAllocation done
Event: 27.936 Executing VM operation: G1CollectForAllocation
Event: 27.937 Executing VM operation: G1CollectForAllocation done
Event: 28.304 Executing VM operation: G1CollectForAllocation
Event: 28.305 Executing VM operation: G1CollectForAllocation done
Event: 28.685 Executing VM operation: G1CollectForAllocation
Event: 28.686 Executing VM operation: G1CollectForAllocation done
Event: 29.062 Executing VM operation: G1CollectForAllocation
Event: 29.063 Executing VM operation: G1CollectForAllocation done
Event: 29.464 Executing VM operation: G1CollectForAllocation
Event: 29.464 Executing VM operation: G1CollectForAllocation done
Event: 29.884 Executing VM operation: G1CollectForAllocation
Event: 29.885 Executing VM operation: G1CollectForAllocation done
Event: 30.249 Executing VM operation: G1CollectForAllocation
Event: 30.249 Executing VM operation: G1CollectForAllocation done

Events (20 events):
Event: 1.446 loading class sun/util/resources/Bundles$2
Event: 1.446 loading class sun/util/resources/Bundles$2 done
Event: 1.608 loading class javax/management/openmbean/CompositeDataSupport
Event: 1.608 loading class javax/management/openmbean/CompositeDataSupport done
Event: 1.609 loading class javax/management/openmbean/OpenDataException
Event: 1.609 loading class javax/management/openmbean/OpenDataException done
Event: 1.611 loading class java/io/ObjectStreamException
Event: 1.611 loading class java/io/ObjectStreamException done
Event: 3.843 Thread 0x000002a900d437d0 Thread added: 0x000002a900d437d0
Event: 4.847 Thread 0x000002a900d437d0 Thread exited: 0x000002a900d437d0
Event: 4.848 Thread 0x000002a9777ae490 Thread exited: 0x000002a9777ae490
Event: 4.959 Thread 0x000002a9777adf80 Thread exited: 0x000002a9777adf80
Event: 30.386 loading class jdk/internal/misc/Signal$1
Event: 30.386 loading class jdk/internal/misc/Signal$1 done
Event: 30.387 Thread 0x000002a900de8210 Thread added: 0x000002a900de8210
Event: 30.387 Thread 0x000002a900dec0a0 Thread added: 0x000002a900dec0a0
Event: 30.387 Thread 0x000002a900de8bb0 Thread added: 0x000002a900de8bb0
Event: 30.387 Thread 0x000002a900de86e0 Thread added: 0x000002a900de86e0
Event: 30.387 Thread 0x000002a900de86e0 Thread exited: 0x000002a900de86e0
Event: 30.388 Thread 0x000002a900de8bb0 Thread exited: 0x000002a900de8bb0


Dynamic libraries:
0x00007ff77d920000 - 0x00007ff77d92e000 	C:\.jdk\jdk-17\bin\java.exe
0x00007ffc41d20000 - 0x00007ffc41f87000 	C:\WINDOWS\SYSTEM32\ntdll.dll
0x00007ffc3fc30000 - 0x00007ffc3fcf9000 	C:\WINDOWS\System32\KERNEL32.DLL
0x00007ffc3f3d0000 - 0x00007ffc3f7c7000 	C:\WINDOWS\System32\KERNELBASE.dll
0x00007ffc3f950000 - 0x00007ffc3fa9b000 	C:\WINDOWS\System32\ucrtbase.dll
0x00007ffc20b00000 - 0x00007ffc20b1a000 	C:\.jdk\jdk-17\bin\VCRUNTIME140.dll
0x00007ffc20620000 - 0x00007ffc20638000 	C:\.jdk\jdk-17\bin\jli.dll
0x00007ffc41610000 - 0x00007ffc417d6000 	C:\WINDOWS\System32\USER32.dll
0x00007ffc3f2e0000 - 0x00007ffc3f307000 	C:\WINDOWS\System32\win32u.dll
0x00007ffc417e0000 - 0x00007ffc4180b000 	C:\WINDOWS\System32\GDI32.dll
0x00007ffc3f1b0000 - 0x00007ffc3f2dc000 	C:\WINDOWS\System32\gdi32full.dll
0x00007ffc3f100000 - 0x00007ffc3f1a3000 	C:\WINDOWS\System32\msvcp_win.dll
0x00007ffc1d3e0000 - 0x00007ffc1d672000 	C:\WINDOWS\WinSxS\amd64_microsoft.windows.common-controls_6595b64144ccf1df_6.0.26100.8457_none_3e0b2faee331e92d\COMCTL32.dll
0x00007ffc41c20000 - 0x00007ffc41cc9000 	C:\WINDOWS\System32\msvcrt.dll
0x00007ffc40fa0000 - 0x00007ffc40fd2000 	C:\WINDOWS\System32\IMM32.DLL
0x00007ffc28340000 - 0x00007ffc2834c000 	C:\.jdk\jdk-17\bin\vcruntime140_1.dll
0x00007ffbcb910000 - 0x00007ffbcb99d000 	C:\.jdk\jdk-17\bin\msvcp140.dll
0x00007ffac4f70000 - 0x00007ffac5b2e000 	C:\.jdk\jdk-17\bin\server\jvm.dll
0x00007ffc40ee0000 - 0x00007ffc40f96000 	C:\WINDOWS\System32\ADVAPI32.dll
0x00007ffc40320000 - 0x00007ffc403c7000 	C:\WINDOWS\System32\sechost.dll
0x00007ffc3fb10000 - 0x00007ffc3fc28000 	C:\WINDOWS\System32\RPCRT4.dll
0x00007ffc411e0000 - 0x00007ffc411e8000 	C:\WINDOWS\System32\PSAPI.DLL
0x00007ffc25ca0000 - 0x00007ffc25cd6000 	C:\WINDOWS\SYSTEM32\WINMM.dll
0x00007ffc1e430000 - 0x00007ffc1e43a000 	C:\WINDOWS\SYSTEM32\WSOCK32.dll
0x00007ffc28d90000 - 0x00007ffc28d9b000 	C:\WINDOWS\SYSTEM32\VERSION.dll
0x00007ffc40e00000 - 0x00007ffc40e80000 	C:\WINDOWS\System32\WS2_32.dll
0x00007ffc3d4a0000 - 0x00007ffc3d4bb000 	C:\WINDOWS\SYSTEM32\kernel.appcore.dll
0x00007ffc28110000 - 0x00007ffc2811a000 	C:\.jdk\jdk-17\bin\jimage.dll
0x00007ffc3c830000 - 0x00007ffc3ca72000 	C:\WINDOWS\SYSTEM32\DBGHELP.DLL
0x00007ffc41280000 - 0x00007ffc41603000 	C:\WINDOWS\System32\combase.dll
0x00007ffc40ca0000 - 0x00007ffc40d79000 	C:\WINDOWS\System32\OLEAUT32.dll
0x00007ffc1ee20000 - 0x00007ffc1ee5b000 	C:\WINDOWS\SYSTEM32\dbgcore.DLL
0x00007ffc3efc0000 - 0x00007ffc3f068000 	C:\WINDOWS\System32\bcryptPrimitives.dll
0x00007ffc394f0000 - 0x00007ffc394fe000 	C:\.jdk\jdk-17\bin\instrument.dll
0x00007ffc25e50000 - 0x00007ffc25e75000 	C:\.jdk\jdk-17\bin\java.dll
0x00007ffbba480000 - 0x00007ffbba556000 	C:\.jdk\jdk-17\bin\svml.dll
0x00007ffc403d0000 - 0x00007ffc40b3e000 	C:\WINDOWS\System32\SHELL32.dll
0x00007ffc3e750000 - 0x00007ffc3efbc000 	C:\WINDOWS\System32\windows.storage.dll
0x00007ffc40ba0000 - 0x00007ffc40c96000 	C:\WINDOWS\System32\SHCORE.dll
0x00007ffc3faa0000 - 0x00007ffc3fb06000 	C:\WINDOWS\System32\shlwapi.dll
0x00007ffc3e670000 - 0x00007ffc3e699000 	C:\WINDOWS\SYSTEM32\profapi.dll
0x00007ffc0a430000 - 0x00007ffc0a448000 	C:\.jdk\jdk-17\bin\zip.dll
0x00007ffc20bb0000 - 0x00007ffc20bc9000 	C:\.jdk\jdk-17\bin\net.dll
0x00007ffc34ad0000 - 0x00007ffc34bf9000 	C:\WINDOWS\SYSTEM32\WINHTTP.dll
0x00007ffc3d9f0000 - 0x00007ffc3da5c000 	C:\WINDOWS\system32\mswsock.dll
0x00007ffc13230000 - 0x00007ffc13245000 	C:\.jdk\jdk-17\bin\nio.dll
0x00007ffc3d020000 - 0x00007ffc3d152000 	C:\WINDOWS\SYSTEM32\DNSAPI.dll
0x00007ffc3cfe0000 - 0x00007ffc3d012000 	C:\WINDOWS\SYSTEM32\IPHLPAPI.DLL
0x00007ffc418d0000 - 0x00007ffc418da000 	C:\WINDOWS\System32\NSI.dll
0x00007ffc34fe0000 - 0x00007ffc34feb000 	C:\Windows\System32\rasadhlp.dll
0x00007ffc35460000 - 0x00007ffc354e6000 	C:\WINDOWS\System32\fwpuclnt.dll
0x00007ffc394c0000 - 0x00007ffc394c9000 	C:\.jdk\jdk-17\bin\management.dll
0x00007ffc37460000 - 0x00007ffc3746b000 	C:\.jdk\jdk-17\bin\management_ext.dll
0x00007ffc3ddf0000 - 0x00007ffc3de0b000 	C:\WINDOWS\SYSTEM32\CRYPTSP.dll
0x00007ffc3d400000 - 0x00007ffc3d439000 	C:\WINDOWS\system32\rsaenh.dll
0x00007ffc3daa0000 - 0x00007ffc3dad3000 	C:\WINDOWS\SYSTEM32\USERENV.dll
0x00007ffc3e640000 - 0x00007ffc3e66a000 	C:\WINDOWS\SYSTEM32\bcrypt.dll
0x00007ffc3dc50000 - 0x00007ffc3dc5c000 	C:\WINDOWS\SYSTEM32\CRYPTBASE.dll
0x00007ffc35090000 - 0x00007ffc350ad000 	C:\WINDOWS\SYSTEM32\dhcpcsvc6.DLL
0x00007ffc34da0000 - 0x00007ffc34dc5000 	C:\WINDOWS\SYSTEM32\dhcpcsvc.DLL
0x00007ffc19760000 - 0x00007ffc19778000 	C:\WINDOWS\system32\napinsp.dll
0x00007ffc18cf0000 - 0x00007ffc18d03000 	C:\WINDOWS\System32\winrnr.dll
0x00007ffc18c30000 - 0x00007ffc18c52000 	C:\WINDOWS\system32\nlansp_c.dll
0x00007ffc2b9c0000 - 0x00007ffc2b9d6000 	C:\WINDOWS\system32\wshbth.dll
0x00007ffc280e0000 - 0x00007ffc280ee000 	C:\.jdk\jdk-17\bin\sunmscapi.dll
0x00007ffc3f7d0000 - 0x00007ffc3f948000 	C:\WINDOWS\System32\CRYPT32.dll
0x00007ffc3dfc0000 - 0x00007ffc3dff0000 	C:\WINDOWS\SYSTEM32\ncrypt.dll
0x00007ffc3df70000 - 0x00007ffc3dfaf000 	C:\WINDOWS\SYSTEM32\NTASN1.dll
0x00007ffc082d0000 - 0x00007ffc082d8000 	C:\WINDOWS\system32\wshunix.dll
0x00007ffbfffa0000 - 0x00007ffbffff6000 	C:\WINDOWS\SYSTEM32\pdh.dll
0x00007ffc370b0000 - 0x00007ffc370c2000 	C:\WINDOWS\System32\perfproc.dll
0x00007ffc279c0000 - 0x00007ffc279d1000 	C:\WINDOWS\System32\perfos.dll
0x00007ffc3cb80000 - 0x00007ffc3cb92000 	C:\WINDOWS\SYSTEM32\pfclient.dll

dbghelp: loaded successfully - version: 4.0.5 - missing functions: none
symbol engine: initialized successfully - sym options: 0x614 - pdb path: .;C:\.jdk\jdk-17\bin;C:\WINDOWS\SYSTEM32;C:\WINDOWS\WinSxS\amd64_microsoft.windows.common-controls_6595b64144ccf1df_6.0.26100.8457_none_3e0b2faee331e92d;C:\.jdk\jdk-17\bin\server

VM Arguments:
jvm_args: --add-exports=java.base/jdk.internal.misc=ALL-UNNAMED --add-opens=java.base/jdk.internal.misc=ALL-UNNAMED --add-opens=java.base/java.nio=ALL-UNNAMED --add-opens=java.base/sun.nio.ch=ALL-UNNAMED -javaagent:C:\Program Files\JetBrains\IntelliJ IDEA 2024.3.5\lib\idea_rt.jar=57564 -Dfile.encoding=UTF-8 
java_command: com.resourcebox.demo.NewValidationApp
java_class_path (initial): C:\hooniegit\Git\ResourceBox\MediaDriver\java\MediaDriver\target\classes;C:\Users\dhkim\.m2\repository\io\aeron\aeron-all\1.50.4\aeron-all-1.50.4.jar;C:\Users\dhkim\.m2\repository\org\slf4j\slf4j-api\2.0.17\slf4j-api-2.0.17.jar
Launcher Type: SUN_STANDARD

[Global flags]
     intx CICompilerCount                          = 12                                        {product} {ergonomic}
     uint ConcGCThreads                            = 4                                         {product} {ergonomic}
     uint G1ConcRefinementThreads                  = 14                                        {product} {ergonomic}
   size_t G1HeapRegionSize                         = 4194304                                   {product} {ergonomic}
    uintx GCDrainStackTargetSize                   = 64                                        {product} {ergonomic}
   size_t InitialHeapSize                          = 532676608                                 {product} {ergonomic}
   size_t MarkStackSize                            = 4194304                                   {product} {ergonomic}
   size_t MaxHeapSize                              = 8480882688                                {product} {ergonomic}
   size_t MaxNewSize                               = 5087690752                                {product} {ergonomic}
   size_t MinHeapDeltaBytes                        = 4194304                                   {product} {ergonomic}
   size_t MinHeapSize                              = 8388608                                   {product} {ergonomic}
    uintx NonNMethodCodeHeapSize                   = 7602480                                {pd product} {ergonomic}
    uintx NonProfiledCodeHeapSize                  = 122027880                              {pd product} {ergonomic}
    uintx ProfiledCodeHeapSize                     = 122027880                              {pd product} {ergonomic}
    uintx ReservedCodeCacheSize                    = 251658240                              {pd product} {ergonomic}
     bool SegmentedCodeCache                       = true                                      {product} {ergonomic}
   size_t SoftMaxHeapSize                          = 8480882688                             {manageable} {ergonomic}
     bool UseCompressedClassPointers               = true                           {product lp64_product} {ergonomic}
     bool UseCompressedOops                        = true                           {product lp64_product} {ergonomic}
     bool UseG1GC                                  = true                                      {product} {ergonomic}
     bool UseLargePagesIndividualAllocation        = false                                  {pd product} {ergonomic}

Logging:
Log output configuration:
 #0: stdout all=warning uptime,level,tags
 #1: stderr all=off uptime,level,tags

Environment Variables:
JAVA_HOME=C:\.jdk\jdk-17
PATH=c:\Users\dhkim\AppData\Local\Programs\cursor\resources\app\bin;C:\Program Files (x86)\Microsoft\Edge\Application;C:\WINDOWS\system32;C:\WINDOWS;C:\WINDOWS\System32\Wbem;C:\WINDOWS\System32\WindowsPowerShell\v1.0\;C:\WINDOWS\System32\OpenSSH\;C:\Program Files (x86)\Microsoft SQL Server\160\Tools\Binn\;C:\Program Files\Microsoft SQL Server\160\Tools\Binn\;C:\Program Files\Microsoft SQL Server\Client SDK\ODBC\170\Tools\Binn\;C:\Program Files\Microsoft SQL Server\160\DTS\Binn\;C:\Program Files (x86)\Microsoft SQL Server\160\DTS\Binn\;C:\Program Files\Bandizip\;C:\Program Files\dotnet\;C:\Program Files\Git\cmd;C:\.jdk\jdk-17\bin;C:\Program Files\Microsoft SQL Server\150\Tools\Binn\;C:\Program Files (x86)\Windows Kits\10\Windows Performance Toolkit\;C:\Users\dhkim\AppData\Local\Programs\Python\Launcher\;C:\Users\dhkim\AppData\Local\Microsoft\WindowsApps;C:\Users\dhkim\.dotnet\tools;c:\Users\dhkim\AppData\Local\Programs\cursor\resources\app\bin;c:\Users\dhkim\AppData\Local\Programs\cursor\resources\app\bin;C:\Users\dhkim\protoc\bin;C:\Users\dhkim\AppData\Local\Programs\Python\Launcher\;C:\Users\dhkim\AppData\Local\Microsoft\WindowsApps;C:\Users\dhkim\AppData\Local\Programs\Microsoft VS Code\bin;C:\Users\dhkim\.dotnet\tools;C:\Users\dhkim\AppData\Local\Programs\cursor\resources\app\bin;C:\Program Files\JetBrains\IntelliJ IDEA 2024.3.5\bin;;C:\Users\dhkim\AppData\Local\JetBrains\PyCharm 2025.1.1\bin;
USERNAME=dhkim
OS=Windows_NT
PROCESSOR_IDENTIFIER=Intel64 Family 6 Model 170 Stepping 4, GenuineIntel



---------------  S Y S T E M  ---------------

OS:
 Windows 10 , 64 bit Build 26100 (10.0.26100.8328)
OS uptime: 6 days 23:31 hours
Hyper-V role detected

CPU: total 18 (initial active 18) (9 cores per cpu, 2 threads per core) family 6 model 170 stepping 4 microcode 0x1c, cx8, cmov, fxsr, ht, mmx, 3dnowpref, sse, sse2, sse3, ssse3, sse4.1, sse4.2, popcnt, lzcnt, tsc, tscinvbit, avx, avx2, aes, erms, clmul, bmi1, bmi2, adx, sha, fma, vzeroupper, clflush, clflushopt, clwb, hv

Memory: 4k page, system-wide physical 32348M (7550M free)
TotalPageFile size 48732M (AvailPageFile size 11172M)
current process WorkingSet (physical memory assigned to process): 570M, peak: 970M
current process commit charge ("private bytes"): 650M, peak: 668M

vm_info: OpenJDK 64-Bit Server VM (17+35-2724) for windows-amd64 JRE (17+35-2724), built on Aug  5 2021 23:26:02 by "mach5one" with MS VC++ 16.8 (VS2019)

END.
