#
# A fatal error has been detected by the Java Runtime Environment:
#
#  EXCEPTION_ACCESS_VIOLATION (0xc0000005) at pc=0x000002d3e673845a, pid=58128, tid=33612
#
# JRE version: OpenJDK Runtime Environment (17.0+35) (build 17+35-2724)
# Java VM: OpenJDK 64-Bit Server VM (17+35-2724, mixed mode, sharing, tiered, compressed oops, compressed class ptrs, g1 gc, windows-amd64)
# Problematic frame:
# J 1613 c2 org.agrona.AbstractMutableDirectBuffer.getLong(I)J (28 bytes) @ 0x000002d3e673845a [0x000002d3e6738400+0x000000000000005a]
#
# No core dump will be written. Minidumps are not enabled by default on client versions of Windows
#
# If you would like to submit a bug report, please visit:
#   https://bugreport.java.com/bugreport/crash.jsp
#

---------------  S U M M A R Y ------------

Command Line: --add-exports=java.base/jdk.internal.misc=ALL-UNNAMED --add-opens=java.base/jdk.internal.misc=ALL-UNNAMED --add-opens=java.base/java.nio=ALL-UNNAMED --add-opens=java.base/sun.nio.ch=ALL-UNNAMED -javaagent:C:\Program Files\JetBrains\IntelliJ IDEA 2024.3.5\lib\idea_rt.jar=57576 -Dfile.encoding=UTF-8 com.resourcebox.demo.NewValidationApp

Host: Intel(R) Core(TM) Ultra 5 125H, 18 cores, 31G,  Windows 10 , 64 bit Build 26100 (10.0.26100.8328)
Time: Tue Jun 16 08:30:08 2026  Windows 10 , 64 bit Build 26100 (10.0.26100.8328) elapsed time: 75.394345 seconds (0d 0h 1m 15s)

---------------  T H R E A D  ---------------

Current thread (0x000002d3fd180f90):  JavaThread "driver-conductor" daemon [_thread_in_Java, id=33612, stack(0x000000fd47500000,0x000000fd47600000)]

Stack: [0x000000fd47500000,0x000000fd47600000],  sp=0x000000fd475fea30,  free space=1018k
Native frames: (J=compiled Java code, j=interpreted, Vv=VM code, C=native code)
C  0x000002d3e673845a


siginfo: EXCEPTION_ACCESS_VIOLATION (0xc0000005), reading address 0x000002d388060388


Register to memory mapping:

RIP=0x000002d3e673845a is at entry_point+90 in (nmethod*)0x000002d3e6738290
RAX={method} {0x000002d3fcc940f0} 'getLong' '(I)J' in 'org/agrona/AbstractMutableDirectBuffer'
RBX={method} {0x000002d3fcc940f0} 'getLong' '(I)J' in 'org/agrona/AbstractMutableDirectBuffer'
RCX={method} {0x000002d3fcc39b88} 'getLong' '(I)J' in 'org/agrona/DirectBuffer'
RDX=0x0000000606847510 is an oop: org.agrona.concurrent.UnsafeBuffer 
{0x0000000606847510} - klass: 'org/agrona/concurrent/UnsafeBuffer'
 - ---- fields (total size 5 words):
 - protected 'capacity' 'I' @12  1048704 (100080)
 - protected 'addressOffset' 'J' @16  3107542401920 (87f60380 2d3)
 - protected 'byteArray' '[B' @24  NULL (0)
 - private 'wrapAdjustment' 'I' @28  1049472 (100380)
 - private 'byteBuffer' 'Ljava/nio/ByteBuffer;' @32  a 'java/nio/DirectByteBuffer'{0x00000006068053d0} (c0d00a7a)
RSP=0x000000fd475fea30 is pointing into the stack for thread: 0x000002d3fd180f90
RBP=0x0000000000100008 is an unknown value
RSI=0x000002d3fd7a5338 points into unknown readable memory: 0x88000affe06e2ea9 | a9 2e 6e e0 ff 0a 00 88
RDI=0x0000000000000005 is an unknown value
R8 =0x0000000000100008 is an unknown value
R9 =0x0000000000100088 is an unknown value
R10=0x000002d387f60380 is an unknown value
R11=0x0 is NULL
R12=0x0 is NULL
R13=0x000000fd475fea80 is pointing into the stack for thread: 0x000002d3fd180f90
R14=0x0000000800c15d78 is pointing into metadata
R15=0x000002d3fd180f90 is a thread


Registers:
RAX=0x000002d3fcc940e8, RBX=0x000002d3fcc940e8, RCX=0x000002d3fcc39b80, RDX=0x0000000606847510
RSP=0x000000fd475fea30, RBP=0x0000000000100008, RSI=0x000002d3fd7a5338, RDI=0x0000000000000005
R8 =0x0000000000100008, R9 =0x0000000000100088, R10=0x000002d387f60380, R11=0x0000000000000000
R12=0x0000000000000000, R13=0x000000fd475fea80, R14=0x0000000800c15d78, R15=0x000002d3fd180f90
RIP=0x000002d3e673845a, EFLAGS=0x0000000000010246

Top of Stack: (sp=0x000000fd475fea30)
0x000000fd475fea30:   000002d3fce26638 000000fd475fea88
0x000000fd475fea40:   000002d3fce26708 0000000000000000
0x000000fd475fea50:   0000000606953f10 000002d3fce26678
0x000000fd475fea60:   000000fd475fead8 000002d3dead9a31
0x000000fd475fea70:   000000fd475fead8 000002d3dead9a31
0x000000fd475fea80:   0000000000100008 0000000606847510
0x000000fd475fea90:   000000fd475fea90 000002d3fce2628e
0x000000fd475feaa0:   000000fd475feb50 000002d3fce26708
0x000000fd475feab0:   0000000000000000 0000000606953f10
0x000000fd475feac0:   000002d3fce263f0 000000fd475fea80
0x000000fd475fead0:   000000fd475feb30 000000fd475feba0
0x000000fd475feae0:   000002d3dead94fe 0000000000000000
0x000000fd475feaf0:   0000000000000000 0000000000000000
0x000000fd475feb00:   0000000000000000 0000000000000000
0x000000fd475feb10:   0000000000000000 0000000000000000
0x000000fd475feb20:   0000000000000000 0000000606847510 

Instructions: (pc=0x000002d3e673845a)
0x000002d3e673835a:   00 00 00 00 00 00 00 00 00 00 00 00 00 00 00 84
0x000002d3e673836a:   73 e6 d3 02 00 00 20 84 73 e6 d3 02 00 00 00 84
0x000002d3e673837a:   73 e6 d3 02 00 00 50 02 00 00 ff ff ff ff 70 01
0x000002d3e673838a:   00 00 50 02 00 00 68 02 00 00 78 02 00 00 00 00
0x000002d3e673839a:   00 00 20 03 00 00 70 03 00 00 78 03 00 00 78 03
0x000002d3e67383aa:   00 00 78 03 00 00 78 03 00 00 78 03 00 00 78 03
0x000002d3e67383ba:   00 00 20 00 00 00 4d 06 00 00 04 00 00 00 00 00
0x000002d3e67383ca:   00 00 02 00 00 00 00 00 00 00 00 00 00 00 e0 01
0x000002d3e67383da:   00 00 02 00 00 00 ff ff ff ff ff ff ff ff 14 60
0x000002d3e67383ea:   4f b0 1c 64 1c 64 18 64 55 f0 05 80 11 64 17 00
0x000002d3e67383fa:   00 64 0f 64 00 00 44 8b 52 08 49 bb 00 00 00 00
0x000002d3e673840a:   08 00 00 00 4d 03 d3 49 3b c2 0f 85 66 46 3e f8
0x000002d3e673841a:   66 90 0f 1f 40 00 89 84 24 00 90 ff ff 55 48 83
0x000002d3e673842a:   ec 30 44 8b 52 0c 45 8b ca 45 0b c8 41 83 c9 08
0x000002d3e673843a:   45 85 c9 7c 45 41 8b ea 41 2b e8 83 fd 08 7c 56
0x000002d3e673844a:   4c 8b 52 10 44 8b 5a 18 49 63 e8 45 85 db 75 17
0x000002d3e673845a:   49 8b 04 2a 48 83 c4 30 5d 49 3b a7 40 03 00 00
0x000002d3e673846a:   0f 87 48 00 00 00 c3 49 03 ea ba 54 ff ff ff 44
0x000002d3e673847a:   89 1c 24 66 90 e8 7c 9e 3e f8 48 8b ea 44 89 44
0x000002d3e673848a:   24 04 44 89 54 24 08 44 89 4c 24 0c ba 45 ff ff
0x000002d3e673849a:   ff e8 60 9e 3e f8 48 89 14 24 44 89 44 24 0c 44
0x000002d3e67384aa:   89 54 24 10 ba 45 ff ff ff e8 48 9e 3e f8 49 ba
0x000002d3e67384ba:   63 84 73 e6 d3 02 00 00 4d 89 97 58 03 00 00 e9
0x000002d3e67384ca:   32 af 3e f8 f4 f4 f4 f4 f4 f4 f4 f4 f4 f4 f4 f4
0x000002d3e67384da:   f4 f4 f4 f4 f4 f4 e9 9b c6 48 f8 e8 00 00 00 00
0x000002d3e67384ea:   48 83 2c 24 05 e9 ac a1 3e f8 f4 f4 f4 f4 18 02
0x000002d3e67384fa:   80 06 06 00 00 00 70 01 80 06 06 00 00 00 e8 40
0x000002d3e673850a:   c9 fc d3 02 00 00 68 5f cb fc d3 02 00 00 50 99
0x000002d3e673851a:   c9 fc d3 02 00 00 c0 26 08 00 08 00 00 00 38 c5
0x000002d3e673852a:   39 00 08 00 00 00 ff 02 00 00 00 00 00 01 19 01
0x000002d3e673853a:   00 00 03 00 00 00 00 00 00 04 02 01 00 09 01 00
0x000002d3e673854a:   00 d4 02 06 02 06 0c 13 00 02 00 d2 02 00 21 00 


Stack slot to memory mapping:
stack at sp + 0 slots: 0x000002d3fce26638 is pointing into metadata
stack at sp + 1 slots: 0x000000fd475fea88 is pointing into the stack for thread: 0x000002d3fd180f90
stack at sp + 2 slots: 0x000002d3fce26708 is pointing into metadata
stack at sp + 3 slots: 0x0 is NULL
stack at sp + 4 slots: 0x0000000606953f10 is an oop: java.lang.Class 
{0x0000000606953f10} - klass: 'java/lang/Class'
 - ---- fields (total size 14 words):
 - private volatile transient 'classRedefinedCount' 'I' @12  0
 - private volatile transient 'cachedConstructor' 'Ljava/lang/reflect/Constructor;' @40  NULL (0)
 - private transient 'name' 'Ljava/lang/String;' @44  "org.agrona.concurrent.broadcast.BroadcastTransmitter"{0x0000000606953f80} (c0d2a7f0)
 - private transient 'module' 'Ljava/lang/Module;' @48  a 'java/lang/Module'{0x0000000606815b98} (c0d02b73)
 - private final 'classLoader' 'Ljava/lang/ClassLoader;' @52  a 'jdk/internal/loader/ClassLoaders$AppClassLoader'{0x0000000606800170} (c0d0002e)
 - private transient 'classData' 'Ljava/lang/Object;' @56  NULL (0)
 - private transient 'packageName' 'Ljava/lang/String;' @60  "org.agrona.concurrent.broadcast"{0x000000060690ac68} (c0d2158d)
 - private final 'componentType' 'Ljava/lang/Class;' @64  NULL (0)
 - private volatile transient 'reflectionData' 'Ljava/lang/ref/SoftReference;' @68  NULL (0)
 - private volatile transient 'genericInfo' 'Lsun/reflect/generics/repository/ClassRepository;' @72  NULL (0)
 - private volatile transient 'enumConstants' '[Ljava/lang/Object;' @76  NULL (0)
 - private volatile transient 'enumConstantDirectory' 'Ljava/util/Map;' @80  NULL (0)
 - private volatile transient 'annotationData' 'Ljava/lang/Class$AnnotationData;' @84  NULL (0)
 - private volatile transient 'annotationType' 'Lsun/reflect/annotation/AnnotationType;' @88  NULL (0)
 - transient 'classValueMap' 'Ljava/lang/ClassValue$ClassValueMap;' @92  NULL (0)
 - signature: Lorg/agrona/concurrent/broadcast/BroadcastTransmitter;
 - fake entry for mirror: 'org/agrona/concurrent/broadcast/BroadcastTransmitter'
 - fake entry for array: NULL
 - fake entry for oop_size: 14
 - fake entry for static_oop_field_count: 0
stack at sp + 5 slots: {method} {0x000002d3fce26680} 'checkMessageLength' '(I)V' in 'org/agrona/concurrent/broadcast/BroadcastTransmitter'
stack at sp + 6 slots: 0x000000fd475fead8 is pointing into the stack for thread: 0x000002d3fd180f90
stack at sp + 7 slots: 0x000002d3dead9a31 is at code_begin+2449 in an Interpreter codelet
return entry points  [0x000002d3dead90a0, 0x000002d3dead9ba0]  2816 bytes

--------------------------------------------------------------------------------
[Constant Pool (empty)]

--------------------------------------------------------------------------------

[MachCode]
  0x000002d3e6738400: 448b 5208 | 49bb 0000 | 0000 0800 | 0000 4d03 | d349 3bc2 | 0f85 6646 | 3ef8 6690 | 0f1f 4000 
  0x000002d3e6738420: 8984 2400 | 90ff ff55 | 4883 ec30 | 448b 520c | 458b ca45 | 0bc8 4183 | c908 4585 | c97c 4541 
  0x000002d3e6738440: 8bea 412b | e883 fd08 | 7c56 4c8b | 5210 448b | 5a18 4963 | e845 85db | 7517 498b | 042a 4883 
  0x000002d3e6738460: c430 5d49 | 3ba7 4003 | 0000 0f87 | 4800 0000 | c349 03ea | ba54 ffff | ff44 891c | 2466 90e8 
  0x000002d3e6738480: 7c9e 3ef8 | 488b ea44 | 8944 2404 | 4489 5424 | 0844 894c | 240c ba45 | ffff ffe8 | 609e 3ef8 
  0x000002d3e67384a0: 4889 1424 | 4489 4424 | 0c44 8954 | 2410 ba45 | ffff ffe8 | 489e 3ef8 | 49ba 6384 | 73e6 d302 
  0x000002d3e67384c0: 0000 4d89 | 9758 0300 | 00e9 32af | 3ef8 f4f4 | f4f4 f4f4 | f4f4 f4f4 | f4f4 f4f4 | f4f4 f4f4 
  0x000002d3e67384e0: e99b c648 | f8e8 0000 | 0000 4883 | 2c24 05e9 | aca1 3ef8 | f4f4 f4f4 
[/MachCode]
--------------------------------------------------------------------------------


---------------  P R O C E S S  ---------------

Threads class SMR info:
_java_thread_list=0x000002d3fd087680, length=23, elements={
0x000002d3fb6f8970, 0x000002d3fb6fd440, 0x000002d3fb7128d0, 0x000002d3fb713190,
0x000002d3fb713b40, 0x000002d3fb714d00, 0x000002d3fb727010, 0x000002d3fb720610,
0x000002d3fb74c5e0, 0x000002d3fb6e5c40, 0x000002d3fc5bdf90, 0x000002d3fc5be460,
0x000002d3fc557e00, 0x000002d3fd180120, 0x000002d3fd180ac0, 0x000002d3fd17daa0,
0x000002d3fd1805f0, 0x000002d3fd17f2b0, 0x000002d3fd180f90, 0x000002d3fd17f780,
0x000002d3fd17d5d0, 0x000002d3ff50f890, 0x000002d3ff50bed0
}

Java Threads: ( => current thread )
  0x000002d3fb6f8970 JavaThread "Reference Handler" daemon [_thread_blocked, id=44812, stack(0x000000fd45d00000,0x000000fd45e00000)]
  0x000002d3fb6fd440 JavaThread "Finalizer" daemon [_thread_blocked, id=32668, stack(0x000000fd45e00000,0x000000fd45f00000)]
  0x000002d3fb7128d0 JavaThread "Signal Dispatcher" daemon [_thread_blocked, id=65964, stack(0x000000fd45f00000,0x000000fd46000000)]
  0x000002d3fb713190 JavaThread "Attach Listener" daemon [_thread_blocked, id=68924, stack(0x000000fd46000000,0x000000fd46100000)]
  0x000002d3fb713b40 JavaThread "Service Thread" daemon [_thread_blocked, id=70004, stack(0x000000fd46100000,0x000000fd46200000)]
  0x000002d3fb714d00 JavaThread "Monitor Deflation Thread" daemon [_thread_blocked, id=41456, stack(0x000000fd46200000,0x000000fd46300000)]
  0x000002d3fb727010 JavaThread "C2 CompilerThread0" daemon [_thread_blocked, id=38392, stack(0x000000fd46300000,0x000000fd46400000)]
  0x000002d3fb720610 JavaThread "C1 CompilerThread0" daemon [_thread_blocked, id=63736, stack(0x000000fd46400000,0x000000fd46500000)]
  0x000002d3fb74c5e0 JavaThread "Sweeper thread" daemon [_thread_blocked, id=38732, stack(0x000000fd46500000,0x000000fd46600000)]
  0x000002d3fb6e5c40 JavaThread "Common-Cleaner" daemon [_thread_blocked, id=15860, stack(0x000000fd46600000,0x000000fd46700000)]
  0x000002d3fc5bdf90 JavaThread "Monitor Ctrl-Break" daemon [_thread_in_native, id=19832, stack(0x000000fd46a00000,0x000000fd46b00000)]
  0x000002d3fc5be460 JavaThread "Notification Thread" daemon [_thread_blocked, id=37720, stack(0x000000fd46b00000,0x000000fd46c00000)]
  0x000002d3fc557e00 JavaThread "Thread-0" daemon [_thread_blocked, id=60812, stack(0x000000fd46d00000,0x000000fd46e00000)]
  0x000002d3fd180120 JavaThread "async-executor C:\Users\dhkim\AppData\Local\Temp\PARCAeron" daemon [_thread_blocked, id=57180, stack(0x000000fd46f00000,0x000000fd47000000)]
  0x000002d3fd180ac0 JavaThread "RMI TCP Accept-0" daemon [_thread_in_native, id=42732, stack(0x000000fd47000000,0x000000fd47100000)]
  0x000002d3fd17daa0 JavaThread "RMI TCP Connection(1)-192.168.0.75" daemon [_thread_in_native, id=53864, stack(0x000000fd47100000,0x000000fd47200000)]
  0x000002d3fd1805f0 JavaThread "RMI Scheduler(0)" daemon [_thread_blocked, id=62352, stack(0x000000fd47200000,0x000000fd47300000)]
  0x000002d3fd17f2b0 JavaThread "JMX server connection timeout 30" daemon [_thread_blocked, id=68344, stack(0x000000fd47300000,0x000000fd47400000)]
=>0x000002d3fd180f90 JavaThread "driver-conductor" daemon [_thread_in_Java, id=33612, stack(0x000000fd47500000,0x000000fd47600000)]
  0x000002d3fd17f780 JavaThread "sender" daemon [_thread_in_Java, id=47800, stack(0x000000fd47600000,0x000000fd47700000)]
  0x000002d3fd17d5d0 JavaThread "receiver" daemon [_thread_in_Java, id=41268, stack(0x000000fd47700000,0x000000fd47800000)]
  0x000002d3ff50f890 JavaThread "SIGINT handler" daemon [_thread_blocked, id=19720, stack(0x000000fd45300000,0x000000fd45400000)]
  0x000002d3ff50bed0 JavaThread "DestroyJavaVM" [_thread_blocked, id=36652, stack(0x000000fd45600000,0x000000fd45700000)]

Other Threads:
  0x000002d3fb6f50c0 VMThread "VM Thread" [stack: 0x000000fd45c00000,0x000000fd45d00000] [id=69152]
  0x000002d3d7381df0 WatcherThread [stack: 0x000000fd46c00000,0x000000fd46d00000] [id=66208]
  0x000002d3d7359350 GCTaskThread "GC Thread#0" [stack: 0x000000fd45700000,0x000000fd45800000] [id=55140]
  0x000002d3fc5b1720 GCTaskThread "GC Thread#1" [stack: 0x000000fd48000000,0x000000fd48100000] [id=66020]
  0x000002d3fc5b19d0 GCTaskThread "GC Thread#2" [stack: 0x000000fd48100000,0x000000fd48200000] [id=45816]
  0x000002d3fd73b370 GCTaskThread "GC Thread#3" [stack: 0x000000fd48200000,0x000000fd48300000] [id=19000]
  0x000002d3fc5b1c80 GCTaskThread "GC Thread#4" [stack: 0x000000fd48300000,0x000000fd48400000] [id=33192]
  0x000002d3fd71ee10 GCTaskThread "GC Thread#5" [stack: 0x000000fd48400000,0x000000fd48500000] [id=68964]
  0x000002d3fc5b1f30 GCTaskThread "GC Thread#6" [stack: 0x000000fd48500000,0x000000fd48600000] [id=19012]
  0x000002d3fd784890 GCTaskThread "GC Thread#7" [stack: 0x000000fd48600000,0x000000fd48700000] [id=69804]
  0x000002d3fd784b40 GCTaskThread "GC Thread#8" [stack: 0x000000fd48700000,0x000000fd48800000] [id=42876]
  0x000002d3fd784df0 GCTaskThread "GC Thread#9" [stack: 0x000000fd48800000,0x000000fd48900000] [id=40684]
  0x000002d3fd78f110 GCTaskThread "GC Thread#10" [stack: 0x000000fd48900000,0x000000fd48a00000] [id=68736]
  0x000002d3fd78fbd0 GCTaskThread "GC Thread#11" [stack: 0x000000fd48a00000,0x000000fd48b00000] [id=61596]
  0x000002d3d736ac90 ConcurrentGCThread "G1 Main Marker" [stack: 0x000000fd45800000,0x000000fd45900000] [id=42968]
  0x000002d3d736ed00 ConcurrentGCThread "G1 Conc#0" [stack: 0x000000fd45900000,0x000000fd45a00000] [id=14860]
  0x000002d3d73ad8a0 ConcurrentGCThread "G1 Refine#0" [stack: 0x000000fd45a00000,0x000000fd45b00000] [id=68988]
  0x000002d3d73ae160 ConcurrentGCThread "G1 Service" [stack: 0x000000fd45b00000,0x000000fd45c00000] [id=33276]

Threads with active compile tasks:

VM state: not at safepoint (normal execution)

VM Mutex/Monitor currently owned by a thread: None

Heap address: 0x0000000606800000, size: 8088 MB, Compressed Oops mode: Zero based, Oop shift amount: 3

CDS archive(s) mapped at: [0x0000000800000000-0x0000000800bc0000-0x0000000800bc0000), size 12320768, SharedBaseAddress: 0x0000000800000000, ArchiveRelocationMode: 0.
Compressed class space mapped at: 0x0000000800c00000-0x0000000840c00000, reserved size: 1073741824
Narrow klass base: 0x0000000800000000, Narrow klass shift: 0, Narrow klass range: 0x100000000

GC Precious Log:
 CPUs: 18 total, 18 available
 Memory: 32348M
 Large Page Support: Disabled
 NUMA Support: Disabled
 Compressed Oops: Enabled (Zero based)
 Heap Region Size: 4M
 Heap Min Capacity: 8M
 Heap Initial Capacity: 508M
 Heap Max Capacity: 8088M
 Pre-touch: Disabled
 Parallel Workers: 14
 Concurrent Workers: 4
 Concurrent Refinement Workers: 14
 Periodic GC: Disabled

Heap:
 garbage-first heap   total 520192K, used 159867K [0x0000000606800000, 0x0000000800000000)
  region size 4096K, 40 young (163840K), 1 survivors (4096K)
 Metaspace       used 9834K, committed 10048K, reserved 1064960K
  class space    used 1018K, committed 1152K, reserved 1048576K

Heap Regions: E=young(eden), S=young(survivor), O=old, HS=humongous(starts), HC=humongous(continues), CS=collection set, F=free, OA=open archive, CA=closed archive, TAMS=top-at-mark-start (previous, next)
|   0|0x0000000606800000, 0x0000000606c00000, 0x0000000606c00000|100%| O|  |TAMS 0x0000000606800000, 0x0000000606800000| Untracked 
|   1|0x0000000606c00000, 0x0000000606c1e600, 0x0000000607000000|  2%| O|  |TAMS 0x0000000606c00000, 0x0000000606c00000| Untracked 
|   2|0x0000000607000000, 0x0000000607000000, 0x0000000607400000|  0%| F|  |TAMS 0x0000000607000000, 0x0000000607000000| Untracked 
|   3|0x0000000607400000, 0x0000000607400000, 0x0000000607800000|  0%| F|  |TAMS 0x0000000607400000, 0x0000000607400000| Untracked 
|   4|0x0000000607800000, 0x0000000607800000, 0x0000000607c00000|  0%| F|  |TAMS 0x0000000607800000, 0x0000000607800000| Untracked 
|   5|0x0000000607c00000, 0x0000000607c00000, 0x0000000608000000|  0%| F|  |TAMS 0x0000000607c00000, 0x0000000607c00000| Untracked 
|   6|0x0000000608000000, 0x0000000608000000, 0x0000000608400000|  0%| F|  |TAMS 0x0000000608000000, 0x0000000608000000| Untracked 
|   7|0x0000000608400000, 0x0000000608400000, 0x0000000608800000|  0%| F|  |TAMS 0x0000000608400000, 0x0000000608400000| Untracked 
|   8|0x0000000608800000, 0x0000000608800000, 0x0000000608c00000|  0%| F|  |TAMS 0x0000000608800000, 0x0000000608800000| Untracked 
|   9|0x0000000608c00000, 0x0000000608c00000, 0x0000000609000000|  0%| F|  |TAMS 0x0000000608c00000, 0x0000000608c00000| Untracked 
|  10|0x0000000609000000, 0x0000000609000000, 0x0000000609400000|  0%| F|  |TAMS 0x0000000609000000, 0x0000000609000000| Untracked 
|  11|0x0000000609400000, 0x0000000609400000, 0x0000000609800000|  0%| F|  |TAMS 0x0000000609400000, 0x0000000609400000| Untracked 
|  12|0x0000000609800000, 0x0000000609800000, 0x0000000609c00000|  0%| F|  |TAMS 0x0000000609800000, 0x0000000609800000| Untracked 
|  13|0x0000000609c00000, 0x0000000609c00000, 0x000000060a000000|  0%| F|  |TAMS 0x0000000609c00000, 0x0000000609c00000| Untracked 
|  14|0x000000060a000000, 0x000000060a000000, 0x000000060a400000|  0%| F|  |TAMS 0x000000060a000000, 0x000000060a000000| Untracked 
|  15|0x000000060a400000, 0x000000060a400000, 0x000000060a800000|  0%| F|  |TAMS 0x000000060a400000, 0x000000060a400000| Untracked 
|  16|0x000000060a800000, 0x000000060a800000, 0x000000060ac00000|  0%| F|  |TAMS 0x000000060a800000, 0x000000060a800000| Untracked 
|  17|0x000000060ac00000, 0x000000060ac00000, 0x000000060b000000|  0%| F|  |TAMS 0x000000060ac00000, 0x000000060ac00000| Untracked 
|  18|0x000000060b000000, 0x000000060b000000, 0x000000060b400000|  0%| F|  |TAMS 0x000000060b000000, 0x000000060b000000| Untracked 
|  19|0x000000060b400000, 0x000000060b400000, 0x000000060b800000|  0%| F|  |TAMS 0x000000060b400000, 0x000000060b400000| Untracked 
|  20|0x000000060b800000, 0x000000060b800000, 0x000000060bc00000|  0%| F|  |TAMS 0x000000060b800000, 0x000000060b800000| Untracked 
|  21|0x000000060bc00000, 0x000000060bc00000, 0x000000060c000000|  0%| F|  |TAMS 0x000000060bc00000, 0x000000060bc00000| Untracked 
|  22|0x000000060c000000, 0x000000060c000000, 0x000000060c400000|  0%| F|  |TAMS 0x000000060c000000, 0x000000060c000000| Untracked 
|  23|0x000000060c400000, 0x000000060c400000, 0x000000060c800000|  0%| F|  |TAMS 0x000000060c400000, 0x000000060c400000| Untracked 
|  24|0x000000060c800000, 0x000000060c800000, 0x000000060cc00000|  0%| F|  |TAMS 0x000000060c800000, 0x000000060c800000| Untracked 
|  25|0x000000060cc00000, 0x000000060cc00000, 0x000000060d000000|  0%| F|  |TAMS 0x000000060cc00000, 0x000000060cc00000| Untracked 
|  26|0x000000060d000000, 0x000000060d000000, 0x000000060d400000|  0%| F|  |TAMS 0x000000060d000000, 0x000000060d000000| Untracked 
|  27|0x000000060d400000, 0x000000060d400000, 0x000000060d800000|  0%| F|  |TAMS 0x000000060d400000, 0x000000060d400000| Untracked 
|  28|0x000000060d800000, 0x000000060d800000, 0x000000060dc00000|  0%| F|  |TAMS 0x000000060d800000, 0x000000060d800000| Untracked 
|  29|0x000000060dc00000, 0x000000060dc00000, 0x000000060e000000|  0%| F|  |TAMS 0x000000060dc00000, 0x000000060dc00000| Untracked 
|  30|0x000000060e000000, 0x000000060e000000, 0x000000060e400000|  0%| F|  |TAMS 0x000000060e000000, 0x000000060e000000| Untracked 
|  31|0x000000060e400000, 0x000000060e400000, 0x000000060e800000|  0%| F|  |TAMS 0x000000060e400000, 0x000000060e400000| Untracked 
|  32|0x000000060e800000, 0x000000060e800000, 0x000000060ec00000|  0%| F|  |TAMS 0x000000060e800000, 0x000000060e800000| Untracked 
|  33|0x000000060ec00000, 0x000000060ec00000, 0x000000060f000000|  0%| F|  |TAMS 0x000000060ec00000, 0x000000060ec00000| Untracked 
|  34|0x000000060f000000, 0x000000060f000000, 0x000000060f400000|  0%| F|  |TAMS 0x000000060f000000, 0x000000060f000000| Untracked 
|  35|0x000000060f400000, 0x000000060f400000, 0x000000060f800000|  0%| F|  |TAMS 0x000000060f400000, 0x000000060f400000| Untracked 
|  36|0x000000060f800000, 0x000000060f800000, 0x000000060fc00000|  0%| F|  |TAMS 0x000000060f800000, 0x000000060f800000| Untracked 
|  37|0x000000060fc00000, 0x000000060fc00000, 0x0000000610000000|  0%| F|  |TAMS 0x000000060fc00000, 0x000000060fc00000| Untracked 
|  38|0x0000000610000000, 0x0000000610000000, 0x0000000610400000|  0%| F|  |TAMS 0x0000000610000000, 0x0000000610000000| Untracked 
|  39|0x0000000610400000, 0x0000000610400000, 0x0000000610800000|  0%| F|  |TAMS 0x0000000610400000, 0x0000000610400000| Untracked 
|  40|0x0000000610800000, 0x0000000610800000, 0x0000000610c00000|  0%| F|  |TAMS 0x0000000610800000, 0x0000000610800000| Untracked 
|  41|0x0000000610c00000, 0x0000000610c00000, 0x0000000611000000|  0%| F|  |TAMS 0x0000000610c00000, 0x0000000610c00000| Untracked 
|  42|0x0000000611000000, 0x0000000611000000, 0x0000000611400000|  0%| F|  |TAMS 0x0000000611000000, 0x0000000611000000| Untracked 
|  43|0x0000000611400000, 0x0000000611400000, 0x0000000611800000|  0%| F|  |TAMS 0x0000000611400000, 0x0000000611400000| Untracked 
|  44|0x0000000611800000, 0x0000000611800000, 0x0000000611c00000|  0%| F|  |TAMS 0x0000000611800000, 0x0000000611800000| Untracked 
|  45|0x0000000611c00000, 0x0000000611c00000, 0x0000000612000000|  0%| F|  |TAMS 0x0000000611c00000, 0x0000000611c00000| Untracked 
|  46|0x0000000612000000, 0x0000000612000000, 0x0000000612400000|  0%| F|  |TAMS 0x0000000612000000, 0x0000000612000000| Untracked 
|  47|0x0000000612400000, 0x0000000612400000, 0x0000000612800000|  0%| F|  |TAMS 0x0000000612400000, 0x0000000612400000| Untracked 
|  48|0x0000000612800000, 0x0000000612800000, 0x0000000612c00000|  0%| F|  |TAMS 0x0000000612800000, 0x0000000612800000| Untracked 
|  49|0x0000000612c00000, 0x0000000612c00000, 0x0000000613000000|  0%| F|  |TAMS 0x0000000612c00000, 0x0000000612c00000| Untracked 
|  50|0x0000000613000000, 0x0000000613000810, 0x0000000613400000|  0%| S|CS|TAMS 0x0000000613000000, 0x0000000613000000| Complete 
|  51|0x0000000613400000, 0x0000000613400000, 0x0000000613800000|  0%| F|  |TAMS 0x0000000613400000, 0x0000000613400000| Untracked 
|  52|0x0000000613800000, 0x0000000613800000, 0x0000000613c00000|  0%| F|  |TAMS 0x0000000613800000, 0x0000000613800000| Untracked 
|  53|0x0000000613c00000, 0x0000000613c00000, 0x0000000614000000|  0%| F|  |TAMS 0x0000000613c00000, 0x0000000613c00000| Untracked 
|  54|0x0000000614000000, 0x0000000614000000, 0x0000000614400000|  0%| F|  |TAMS 0x0000000614000000, 0x0000000614000000| Untracked 
|  55|0x0000000614400000, 0x0000000614400000, 0x0000000614800000|  0%| F|  |TAMS 0x0000000614400000, 0x0000000614400000| Untracked 
|  56|0x0000000614800000, 0x0000000614800000, 0x0000000614c00000|  0%| F|  |TAMS 0x0000000614800000, 0x0000000614800000| Untracked 
|  57|0x0000000614c00000, 0x0000000614c00000, 0x0000000615000000|  0%| F|  |TAMS 0x0000000614c00000, 0x0000000614c00000| Untracked 
|  58|0x0000000615000000, 0x0000000615000000, 0x0000000615400000|  0%| F|  |TAMS 0x0000000615000000, 0x0000000615000000| Untracked 
|  59|0x0000000615400000, 0x0000000615400000, 0x0000000615800000|  0%| F|  |TAMS 0x0000000615400000, 0x0000000615400000| Untracked 
|  60|0x0000000615800000, 0x0000000615800000, 0x0000000615c00000|  0%| F|  |TAMS 0x0000000615800000, 0x0000000615800000| Untracked 
|  61|0x0000000615c00000, 0x0000000615c00000, 0x0000000616000000|  0%| F|  |TAMS 0x0000000615c00000, 0x0000000615c00000| Untracked 
|  62|0x0000000616000000, 0x0000000616000000, 0x0000000616400000|  0%| F|  |TAMS 0x0000000616000000, 0x0000000616000000| Untracked 
|  63|0x0000000616400000, 0x0000000616400000, 0x0000000616800000|  0%| F|  |TAMS 0x0000000616400000, 0x0000000616400000| Untracked 
|  64|0x0000000616800000, 0x0000000616800000, 0x0000000616c00000|  0%| F|  |TAMS 0x0000000616800000, 0x0000000616800000| Untracked 
|  65|0x0000000616c00000, 0x0000000616c00000, 0x0000000617000000|  0%| F|  |TAMS 0x0000000616c00000, 0x0000000616c00000| Untracked 
|  66|0x0000000617000000, 0x0000000617000000, 0x0000000617400000|  0%| F|  |TAMS 0x0000000617000000, 0x0000000617000000| Untracked 
|  67|0x0000000617400000, 0x0000000617400000, 0x0000000617800000|  0%| F|  |TAMS 0x0000000617400000, 0x0000000617400000| Untracked 
|  68|0x0000000617800000, 0x0000000617800000, 0x0000000617c00000|  0%| F|  |TAMS 0x0000000617800000, 0x0000000617800000| Untracked 
|  69|0x0000000617c00000, 0x0000000617c00000, 0x0000000618000000|  0%| F|  |TAMS 0x0000000617c00000, 0x0000000617c00000| Untracked 
|  70|0x0000000618000000, 0x0000000618000000, 0x0000000618400000|  0%| F|  |TAMS 0x0000000618000000, 0x0000000618000000| Untracked 
|  71|0x0000000618400000, 0x0000000618400000, 0x0000000618800000|  0%| F|  |TAMS 0x0000000618400000, 0x0000000618400000| Untracked 
|  72|0x0000000618800000, 0x0000000618800000, 0x0000000618c00000|  0%| F|  |TAMS 0x0000000618800000, 0x0000000618800000| Untracked 
|  73|0x0000000618c00000, 0x0000000618c00000, 0x0000000619000000|  0%| F|  |TAMS 0x0000000618c00000, 0x0000000618c00000| Untracked 
|  74|0x0000000619000000, 0x0000000619000000, 0x0000000619400000|  0%| F|  |TAMS 0x0000000619000000, 0x0000000619000000| Untracked 
|  75|0x0000000619400000, 0x0000000619400000, 0x0000000619800000|  0%| F|  |TAMS 0x0000000619400000, 0x0000000619400000| Untracked 
|  76|0x0000000619800000, 0x0000000619800000, 0x0000000619c00000|  0%| F|  |TAMS 0x0000000619800000, 0x0000000619800000| Untracked 
|  77|0x0000000619c00000, 0x0000000619c00000, 0x000000061a000000|  0%| F|  |TAMS 0x0000000619c00000, 0x0000000619c00000| Untracked 
|  78|0x000000061a000000, 0x000000061a000000, 0x000000061a400000|  0%| F|  |TAMS 0x000000061a000000, 0x000000061a000000| Untracked 
|  79|0x000000061a400000, 0x000000061a400000, 0x000000061a800000|  0%| F|  |TAMS 0x000000061a400000, 0x000000061a400000| Untracked 
|  80|0x000000061a800000, 0x000000061a800000, 0x000000061ac00000|  0%| F|  |TAMS 0x000000061a800000, 0x000000061a800000| Untracked 
|  81|0x000000061ac00000, 0x000000061ac00000, 0x000000061b000000|  0%| F|  |TAMS 0x000000061ac00000, 0x000000061ac00000| Untracked 
|  82|0x000000061b000000, 0x000000061b000000, 0x000000061b400000|  0%| F|  |TAMS 0x000000061b000000, 0x000000061b000000| Untracked 
|  83|0x000000061b400000, 0x000000061b400000, 0x000000061b800000|  0%| F|  |TAMS 0x000000061b400000, 0x000000061b400000| Untracked 
|  84|0x000000061b800000, 0x000000061b800000, 0x000000061bc00000|  0%| F|  |TAMS 0x000000061b800000, 0x000000061b800000| Untracked 
|  85|0x000000061bc00000, 0x000000061bc00000, 0x000000061c000000|  0%| F|  |TAMS 0x000000061bc00000, 0x000000061bc00000| Untracked 
|  86|0x000000061c000000, 0x000000061c000000, 0x000000061c400000|  0%| F|  |TAMS 0x000000061c000000, 0x000000061c000000| Untracked 
|  87|0x000000061c400000, 0x000000061c400000, 0x000000061c800000|  0%| F|  |TAMS 0x000000061c400000, 0x000000061c400000| Untracked 
|  88|0x000000061c800000, 0x000000061cc00000, 0x000000061cc00000|100%| E|  |TAMS 0x000000061c800000, 0x000000061c800000| Complete 
|  89|0x000000061cc00000, 0x000000061d000000, 0x000000061d000000|100%| E|CS|TAMS 0x000000061cc00000, 0x000000061cc00000| Complete 
|  90|0x000000061d000000, 0x000000061d400000, 0x000000061d400000|100%| E|CS|TAMS 0x000000061d000000, 0x000000061d000000| Complete 
|  91|0x000000061d400000, 0x000000061d800000, 0x000000061d800000|100%| E|CS|TAMS 0x000000061d400000, 0x000000061d400000| Complete 
|  92|0x000000061d800000, 0x000000061dc00000, 0x000000061dc00000|100%| E|CS|TAMS 0x000000061d800000, 0x000000061d800000| Complete 
|  93|0x000000061dc00000, 0x000000061e000000, 0x000000061e000000|100%| E|CS|TAMS 0x000000061dc00000, 0x000000061dc00000| Complete 
|  94|0x000000061e000000, 0x000000061e400000, 0x000000061e400000|100%| E|CS|TAMS 0x000000061e000000, 0x000000061e000000| Complete 
|  95|0x000000061e400000, 0x000000061e800000, 0x000000061e800000|100%| E|CS|TAMS 0x000000061e400000, 0x000000061e400000| Complete 
|  96|0x000000061e800000, 0x000000061ec00000, 0x000000061ec00000|100%| E|CS|TAMS 0x000000061e800000, 0x000000061e800000| Complete 
|  97|0x000000061ec00000, 0x000000061f000000, 0x000000061f000000|100%| E|CS|TAMS 0x000000061ec00000, 0x000000061ec00000| Complete 
|  98|0x000000061f000000, 0x000000061f400000, 0x000000061f400000|100%| E|CS|TAMS 0x000000061f000000, 0x000000061f000000| Complete 
|  99|0x000000061f400000, 0x000000061f800000, 0x000000061f800000|100%| E|CS|TAMS 0x000000061f400000, 0x000000061f400000| Complete 
| 100|0x000000061f800000, 0x000000061fc00000, 0x000000061fc00000|100%| E|CS|TAMS 0x000000061f800000, 0x000000061f800000| Complete 
| 101|0x000000061fc00000, 0x0000000620000000, 0x0000000620000000|100%| E|CS|TAMS 0x000000061fc00000, 0x000000061fc00000| Complete 
| 102|0x0000000620000000, 0x0000000620400000, 0x0000000620400000|100%| E|CS|TAMS 0x0000000620000000, 0x0000000620000000| Complete 
| 103|0x0000000620400000, 0x0000000620800000, 0x0000000620800000|100%| E|CS|TAMS 0x0000000620400000, 0x0000000620400000| Complete 
| 104|0x0000000620800000, 0x0000000620c00000, 0x0000000620c00000|100%| E|CS|TAMS 0x0000000620800000, 0x0000000620800000| Complete 
| 105|0x0000000620c00000, 0x0000000621000000, 0x0000000621000000|100%| E|CS|TAMS 0x0000000620c00000, 0x0000000620c00000| Complete 
| 106|0x0000000621000000, 0x0000000621400000, 0x0000000621400000|100%| E|CS|TAMS 0x0000000621000000, 0x0000000621000000| Complete 
| 107|0x0000000621400000, 0x0000000621800000, 0x0000000621800000|100%| E|CS|TAMS 0x0000000621400000, 0x0000000621400000| Complete 
| 108|0x0000000621800000, 0x0000000621c00000, 0x0000000621c00000|100%| E|CS|TAMS 0x0000000621800000, 0x0000000621800000| Complete 
| 109|0x0000000621c00000, 0x0000000622000000, 0x0000000622000000|100%| E|CS|TAMS 0x0000000621c00000, 0x0000000621c00000| Complete 
| 110|0x0000000622000000, 0x0000000622400000, 0x0000000622400000|100%| E|CS|TAMS 0x0000000622000000, 0x0000000622000000| Complete 
| 111|0x0000000622400000, 0x0000000622800000, 0x0000000622800000|100%| E|CS|TAMS 0x0000000622400000, 0x0000000622400000| Complete 
| 112|0x0000000622800000, 0x0000000622c00000, 0x0000000622c00000|100%| E|CS|TAMS 0x0000000622800000, 0x0000000622800000| Complete 
| 113|0x0000000622c00000, 0x0000000623000000, 0x0000000623000000|100%| E|CS|TAMS 0x0000000622c00000, 0x0000000622c00000| Complete 
| 114|0x0000000623000000, 0x0000000623400000, 0x0000000623400000|100%| E|CS|TAMS 0x0000000623000000, 0x0000000623000000| Complete 
| 115|0x0000000623400000, 0x0000000623800000, 0x0000000623800000|100%| E|CS|TAMS 0x0000000623400000, 0x0000000623400000| Complete 
| 116|0x0000000623800000, 0x0000000623c00000, 0x0000000623c00000|100%| E|CS|TAMS 0x0000000623800000, 0x0000000623800000| Complete 
| 117|0x0000000623c00000, 0x0000000624000000, 0x0000000624000000|100%| E|CS|TAMS 0x0000000623c00000, 0x0000000623c00000| Complete 
| 118|0x0000000624000000, 0x0000000624400000, 0x0000000624400000|100%| E|CS|TAMS 0x0000000624000000, 0x0000000624000000| Complete 
| 119|0x0000000624400000, 0x0000000624800000, 0x0000000624800000|100%| E|CS|TAMS 0x0000000624400000, 0x0000000624400000| Complete 
| 120|0x0000000624800000, 0x0000000624c00000, 0x0000000624c00000|100%| E|CS|TAMS 0x0000000624800000, 0x0000000624800000| Complete 
| 121|0x0000000624c00000, 0x0000000625000000, 0x0000000625000000|100%| E|CS|TAMS 0x0000000624c00000, 0x0000000624c00000| Complete 
| 122|0x0000000625000000, 0x0000000625400000, 0x0000000625400000|100%| E|CS|TAMS 0x0000000625000000, 0x0000000625000000| Complete 
| 123|0x0000000625400000, 0x0000000625800000, 0x0000000625800000|100%| E|CS|TAMS 0x0000000625400000, 0x0000000625400000| Complete 
| 124|0x0000000625800000, 0x0000000625c00000, 0x0000000625c00000|100%| E|CS|TAMS 0x0000000625800000, 0x0000000625800000| Complete 
| 125|0x0000000625c00000, 0x0000000626000000, 0x0000000626000000|100%| E|CS|TAMS 0x0000000625c00000, 0x0000000625c00000| Complete 
| 126|0x0000000626000000, 0x0000000626400000, 0x0000000626400000|100%| E|CS|TAMS 0x0000000626000000, 0x0000000626000000| Complete 

Card table byte_map: [0x000002d3ef430000,0x000002d3f0400000] _byte_map_base: 0x000002d3ec3fc000

Marking Bits (Prev, Next): (CMBitMap*) 0x000002d3d7359960, (CMBitMap*) 0x000002d3d73599a0
 Prev Bits: [0x000002d3f13d0000, 0x000002d3f9230000)
 Next Bits: [0x000002d380000000, 0x000002d387e60000)

Polling page: 0x000002d3d4f10000

Metaspace:

Usage:
  Non-class:      8.61 MB used.
      Class:   1018.01 KB used.
       Both:      9.60 MB used.

Virtual space:
  Non-class space:       16.00 MB reserved,       8.69 MB ( 54%) committed,  2 nodes.
      Class space:        1.00 GB reserved,       1.12 MB ( <1%) committed,  1 nodes.
             Both:        1.02 GB reserved,       9.81 MB ( <1%) committed. 

Chunk freelists:
   Non-Class:  2.44 MB
       Class:  2.87 MB
        Both:  5.32 MB

MaxMetaspaceSize: unlimited
CompressedClassSpaceSize: 1.00 GB
Initial GC threshold: 21.00 MB
Current GC threshold: 21.00 MB
CDS: on
MetaspaceReclaimPolicy: balanced
 - commit_granule_bytes: 65536.
 - commit_granule_words: 8192.
 - virtual_space_node_default_size: 1048576.
 - enlarge_chunks_in_place: 1.
 - new_chunks_are_fully_committed: 0.
 - uncommit_free_chunks: 1.
 - use_allocation_guard: 0.
 - handle_deallocations: 1.


Internal statistics:

num_allocs_failed_limit: 0.
num_arena_births: 212.
num_arena_deaths: 0.
num_vsnodes_births: 3.
num_vsnodes_deaths: 0.
num_space_committed: 157.
num_space_uncommitted: 0.
num_chunks_returned_to_freelist: 0.
num_chunks_taken_from_freelist: 418.
num_chunk_merges: 0.
num_chunk_splits: 241.
num_chunks_enlarged: 127.
num_purges: 0.
num_inconsistent_stats: 0.

CodeHeap 'non-profiled nmethods': size=119168Kb used=1001Kb max_used=1001Kb free=118166Kb
 bounds [0x000002d3e6670000, 0x000002d3e68e0000, 0x000002d3edad0000]
CodeHeap 'profiled nmethods': size=119104Kb used=3962Kb max_used=3962Kb free=115141Kb
 bounds [0x000002d3df220000, 0x000002d3df600000, 0x000002d3e6670000]
CodeHeap 'non-nmethods': size=7488Kb used=1231Kb max_used=2970Kb free=6256Kb
 bounds [0x000002d3dead0000, 0x000002d3dedc0000, 0x000002d3df220000]
 total_blobs=2749 nmethods=2215 adapters=446
 compilation: enabled
              stopped_count=0, restarted_count=0
 full_count=0

Compilation events (20 events):
Event: 72.644 Thread 0x000002d3fb720610 2203       1       java.lang.management.MemoryUsage::getInit (5 bytes)
Event: 72.644 Thread 0x000002d3fb720610 nmethod 2203 0x000002d3e6769590 code [0x000002d3e6769720, 0x000002d3e67697f8]
Event: 72.644 Thread 0x000002d3fb720610 2204       1       java.lang.management.MemoryUsage::getMax (5 bytes)
Event: 72.644 Thread 0x000002d3fb720610 nmethod 2204 0x000002d3e6769890 code [0x000002d3e6769a20, 0x000002d3e6769af8]
Event: 72.644 Thread 0x000002d3fb720610 2205       1       java.lang.management.MemoryUsage::getUsed (5 bytes)
Event: 72.644 Thread 0x000002d3fb720610 nmethod 2205 0x000002d3e6769b90 code [0x000002d3e6769d20, 0x000002d3e6769df8]
Event: 72.644 Thread 0x000002d3fb727010 nmethod 2206 0x000002d3e6769e90 code [0x000002d3e676a000, 0x000002d3e676a138]
Event: 73.645 Thread 0x000002d3fb720610 2207   !   3       sun.nio.ch.NioSocketImpl::endRead (58 bytes)
Event: 73.645 Thread 0x000002d3fb720610 nmethod 2207 0x000002d3df5f1d10 code [0x000002d3df5f1ee0, 0x000002d3df5f2358]
Event: 73.645 Thread 0x000002d3fb720610 2209       3       sun.nio.ch.NioSocketImpl::park (32 bytes)
Event: 73.645 Thread 0x000002d3fb720610 nmethod 2209 0x000002d3df5f2590 code [0x000002d3df5f2740, 0x000002d3df5f2938]
Event: 73.767 Thread 0x000002d3fb720610 2211   !   3       java.nio.ByteBuffer::putArray (122 bytes)
Event: 73.768 Thread 0x000002d3fb720610 nmethod 2211 0x000002d3df5f2a10 code [0x000002d3df5f2c80, 0x000002d3df5f3898]
Event: 73.768 Thread 0x000002d3fb720610 2212       3       java.lang.String::regionMatches (189 bytes)
Event: 73.768 Thread 0x000002d3fb720610 nmethod 2212 0x000002d3df5f3f10 code [0x000002d3df5f4160, 0x000002d3df5f4e38]
Event: 73.768 Thread 0x000002d3fb720610 2210       3       java.nio.ByteBuffer::put (69 bytes)
Event: 73.768 Thread 0x000002d3fb720610 nmethod 2210 0x000002d3df5f5290 code [0x000002d3df5f54a0, 0x000002d3df5f5b18]
Event: 73.768 Thread 0x000002d3fb720610 2213   !   3       sun.nio.ch.NioSocketImpl::tryWrite (78 bytes)
Event: 73.769 Thread 0x000002d3fb720610 nmethod 2213 0x000002d3df5f5d90 code [0x000002d3df5f5fa0, 0x000002d3df5f64f8]
Event: 75.390 Thread 0x000002d3fb720610 2214   !   3       java.util.zip.ZipFile$Source::getEntryPos (173 bytes)

GC Heap History (20 events):
Event: 73.245 GC heap before
{Heap before GC invocations=342 (full 0):
 garbage-first heap   total 520192K, used 315513K [0x0000000606800000, 0x0000000800000000)
  region size 4096K, 76 young (311296K), 0 survivors (0K)
 Metaspace       used 9805K, committed 10048K, reserved 1064960K
  class space    used 1015K, committed 1152K, reserved 1048576K
}
Event: 73.245 GC heap after
{Heap after GC invocations=343 (full 0):
 garbage-first heap   total 520192K, used 4217K [0x0000000606800000, 0x0000000800000000)
  region size 4096K, 0 young (0K), 0 survivors (0K)
 Metaspace       used 9805K, committed 10048K, reserved 1064960K
  class space    used 1015K, committed 1152K, reserved 1048576K
}
Event: 73.481 GC heap before
{Heap before GC invocations=343 (full 0):
 garbage-first heap   total 520192K, used 315513K [0x0000000606800000, 0x0000000800000000)
  region size 4096K, 76 young (311296K), 0 survivors (0K)
 Metaspace       used 9805K, committed 10048K, reserved 1064960K
  class space    used 1015K, committed 1152K, reserved 1048576K
}
Event: 73.481 GC heap after
{Heap after GC invocations=344 (full 0):
 garbage-first heap   total 520192K, used 4217K [0x0000000606800000, 0x0000000800000000)
  region size 4096K, 0 young (0K), 0 survivors (0K)
 Metaspace       used 9805K, committed 10048K, reserved 1064960K
  class space    used 1015K, committed 1152K, reserved 1048576K
}
Event: 73.708 GC heap before
{Heap before GC invocations=344 (full 0):
 garbage-first heap   total 520192K, used 315513K [0x0000000606800000, 0x0000000800000000)
  region size 4096K, 76 young (311296K), 0 survivors (0K)
 Metaspace       used 9805K, committed 10048K, reserved 1064960K
  class space    used 1015K, committed 1152K, reserved 1048576K
}
Event: 73.709 GC heap after
{Heap after GC invocations=345 (full 0):
 garbage-first heap   total 520192K, used 4229K [0x0000000606800000, 0x0000000800000000)
  region size 4096K, 1 young (4096K), 1 survivors (4096K)
 Metaspace       used 9805K, committed 10048K, reserved 1064960K
  class space    used 1015K, committed 1152K, reserved 1048576K
}
Event: 73.912 GC heap before
{Heap before GC invocations=345 (full 0):
 garbage-first heap   total 520192K, used 311429K [0x0000000606800000, 0x0000000800000000)
  region size 4096K, 76 young (311296K), 1 survivors (4096K)
 Metaspace       used 9806K, committed 10048K, reserved 1064960K
  class space    used 1015K, committed 1152K, reserved 1048576K
}
Event: 73.913 GC heap after
{Heap after GC invocations=346 (full 0):
 garbage-first heap   total 520192K, used 4217K [0x0000000606800000, 0x0000000800000000)
  region size 4096K, 0 young (0K), 0 survivors (0K)
 Metaspace       used 9806K, committed 10048K, reserved 1064960K
  class space    used 1015K, committed 1152K, reserved 1048576K
}
Event: 74.129 GC heap before
{Heap before GC invocations=346 (full 0):
 garbage-first heap   total 520192K, used 315513K [0x0000000606800000, 0x0000000800000000)
  region size 4096K, 76 young (311296K), 0 survivors (0K)
 Metaspace       used 9806K, committed 10048K, reserved 1064960K
  class space    used 1015K, committed 1152K, reserved 1048576K
}
Event: 74.129 GC heap after
{Heap after GC invocations=347 (full 0):
 garbage-first heap   total 520192K, used 4219K [0x0000000606800000, 0x0000000800000000)
  region size 4096K, 1 young (4096K), 1 survivors (4096K)
 Metaspace       used 9806K, committed 10048K, reserved 1064960K
  class space    used 1015K, committed 1152K, reserved 1048576K
}
Event: 74.336 GC heap before
{Heap before GC invocations=347 (full 0):
 garbage-first heap   total 520192K, used 311419K [0x0000000606800000, 0x0000000800000000)
  region size 4096K, 76 young (311296K), 1 survivors (4096K)
 Metaspace       used 9806K, committed 10048K, reserved 1064960K
  class space    used 1015K, committed 1152K, reserved 1048576K
}
Event: 74.337 GC heap after
{Heap after GC invocations=348 (full 0):
 garbage-first heap   total 520192K, used 4219K [0x0000000606800000, 0x0000000800000000)
  region size 4096K, 1 young (4096K), 1 survivors (4096K)
 Metaspace       used 9806K, committed 10048K, reserved 1064960K
  class space    used 1015K, committed 1152K, reserved 1048576K
}
Event: 74.554 GC heap before
{Heap before GC invocations=348 (full 0):
 garbage-first heap   total 520192K, used 311419K [0x0000000606800000, 0x0000000800000000)
  region size 4096K, 76 young (311296K), 1 survivors (4096K)
 Metaspace       used 9806K, committed 10048K, reserved 1064960K
  class space    used 1015K, committed 1152K, reserved 1048576K
}
Event: 74.554 GC heap after
{Heap after GC invocations=349 (full 0):
 garbage-first heap   total 520192K, used 4217K [0x0000000606800000, 0x0000000800000000)
  region size 4096K, 0 young (0K), 0 survivors (0K)
 Metaspace       used 9806K, committed 10048K, reserved 1064960K
  class space    used 1015K, committed 1152K, reserved 1048576K
}
Event: 74.786 GC heap before
{Heap before GC invocations=349 (full 0):
 garbage-first heap   total 520192K, used 315513K [0x0000000606800000, 0x0000000800000000)
  region size 4096K, 76 young (311296K), 0 survivors (0K)
 Metaspace       used 9806K, committed 10048K, reserved 1064960K
  class space    used 1015K, committed 1152K, reserved 1048576K
}
Event: 74.787 GC heap after
{Heap after GC invocations=350 (full 0):
 garbage-first heap   total 520192K, used 4231K [0x0000000606800000, 0x0000000800000000)
  region size 4096K, 1 young (4096K), 1 survivors (4096K)
 Metaspace       used 9806K, committed 10048K, reserved 1064960K
  class space    used 1015K, committed 1152K, reserved 1048576K
}
Event: 75.033 GC heap before
{Heap before GC invocations=350 (full 0):
 garbage-first heap   total 520192K, used 311431K [0x0000000606800000, 0x0000000800000000)
  region size 4096K, 76 young (311296K), 1 survivors (4096K)
 Metaspace       used 9806K, committed 10048K, reserved 1064960K
  class space    used 1015K, committed 1152K, reserved 1048576K
}
Event: 75.034 GC heap after
{Heap after GC invocations=351 (full 0):
 garbage-first heap   total 520192K, used 4217K [0x0000000606800000, 0x0000000800000000)
  region size 4096K, 0 young (0K), 0 survivors (0K)
 Metaspace       used 9806K, committed 10048K, reserved 1064960K
  class space    used 1015K, committed 1152K, reserved 1048576K
}
Event: 75.269 GC heap before
{Heap before GC invocations=351 (full 0):
 garbage-first heap   total 520192K, used 315513K [0x0000000606800000, 0x0000000800000000)
  region size 4096K, 76 young (311296K), 0 survivors (0K)
 Metaspace       used 9806K, committed 10048K, reserved 1064960K
  class space    used 1015K, committed 1152K, reserved 1048576K
}
Event: 75.270 GC heap after
{Heap after GC invocations=352 (full 0):
 garbage-first heap   total 520192K, used 4219K [0x0000000606800000, 0x0000000800000000)
  region size 4096K, 1 young (4096K), 1 survivors (4096K)
 Metaspace       used 9806K, committed 10048K, reserved 1064960K
  class space    used 1015K, committed 1152K, reserved 1048576K
}

Deoptimization events (20 events):
Event: 1.499 Thread 0x000002d3d72dfae0 DEOPT PACKING pc=0x000002d3df4c4c85 sp=0x000000fd456ff380
Event: 1.499 Thread 0x000002d3d72dfae0 DEOPT UNPACKING pc=0x000002d3deb22b43 sp=0x000000fd456fe8e8 mode 0
Event: 1.562 Thread 0x000002d3fd180f90 DEOPT PACKING pc=0x000002d3df492393 sp=0x000000fd475fef60
Event: 1.562 Thread 0x000002d3fd180f90 DEOPT UNPACKING pc=0x000002d3deb22b43 sp=0x000000fd475fe458 mode 0
Event: 75.389 Thread 0x000002d3d72dfae0 Uncommon trap: trap_request=0xffffff45 fr.pc=0x000002d3e673dbf0 relative=0x0000000000000490
Event: 75.389 Thread 0x000002d3d72dfae0 Uncommon trap: reason=unstable_if action=reinterpret pc=0x000002d3e673dbf0 method=java.util.concurrent.atomic.AtomicBoolean.get()Z @ 4 c2
Event: 75.389 Thread 0x000002d3d72dfae0 DEOPT PACKING pc=0x000002d3e673dbf0 sp=0x000000fd456ff480
Event: 75.389 Thread 0x000002d3d72dfae0 DEOPT UNPACKING pc=0x000002d3deb223a3 sp=0x000000fd456ff390 mode 2
Event: 75.390 Thread 0x000002d3fd180f90 Uncommon trap: trap_request=0xffffff45 fr.pc=0x000002d3e6742a94 relative=0x0000000000000db4
Event: 75.390 Thread 0x000002d3fd180f90 Uncommon trap: reason=unstable_if action=reinterpret pc=0x000002d3e6742a94 method=org.agrona.concurrent.ringbuffer.ManyToOneRingBuffer.controlledRead(Lorg/agrona/concurrent/ControlledMessageHandler;I)I @ 86 c2
Event: 75.390 Thread 0x000002d3fd180f90 DEOPT PACKING pc=0x000002d3e6742a94 sp=0x000000fd475feed0
Event: 75.390 Thread 0x000002d3fd180f90 DEOPT UNPACKING pc=0x000002d3deb223a3 sp=0x000000fd475fed70 mode 2
Event: 75.391 Thread 0x000002d3fd180f90 Uncommon trap: trap_request=0xffffffde fr.pc=0x000002d3e66d7c34 relative=0x0000000000000094
Event: 75.391 Thread 0x000002d3fd180f90 Uncommon trap: reason=class_check action=maybe_recompile pc=0x000002d3e66d7c34 method=org.agrona.AbstractMutableDirectBuffer.putLong(IJ)V @ 4 c2
Event: 75.391 Thread 0x000002d3fd180f90 DEOPT PACKING pc=0x000002d3e66d7c34 sp=0x000000fd475feb00
Event: 75.391 Thread 0x000002d3fd180f90 DEOPT UNPACKING pc=0x000002d3deb223a3 sp=0x000000fd475feaa0 mode 2
Event: 75.391 Thread 0x000002d3fd180f90 Uncommon trap: trap_request=0xffffff54 fr.pc=0x000002d3e66d6e40 relative=0x0000000000000040
Event: 75.391 Thread 0x000002d3fd180f90 Uncommon trap: reason=speculate_null_assert action=make_not_entrant pc=0x000002d3e66d6e40 method=org.agrona.UnsafeApi.putLong(Ljava/lang/Object;JJ)V @ 6 c2
Event: 75.391 Thread 0x000002d3fd180f90 DEOPT PACKING pc=0x000002d3e66d6e40 sp=0x000000fd475fea80
Event: 75.391 Thread 0x000002d3fd180f90 DEOPT UNPACKING pc=0x000002d3deb223a3 sp=0x000000fd475fe9f8 mode 2

Classes unloaded (0 events):
No events

Classes redefined (0 events):
No events

Internal exceptions (20 events):
Event: 0.118 Thread 0x000002d3d72dfae0 Exception <a 'java/lang/NoSuchMethodError'{0x0000000625c9d520}: 'java.lang.Object java.lang.invoke.DirectMethodHandle$Holder.invokeStaticInit(java.lang.Object, java.lang.Object, long, java.lang.Object)'> (0x0000000625c9d520) 
thrown [t:\workspace\open\src\hotspot\share\interpreter\linkResolver.cpp, line 766]
Event: 0.119 Thread 0x000002d3d72dfae0 Exception <a 'java/lang/NoSuchMethodError'{0x0000000625ca3b40}: 'java.lang.Object java.lang.invoke.DirectMethodHandle$Holder.newInvokeSpecial(java.lang.Object, java.lang.Object, long)'> (0x0000000625ca3b40) 
thrown [t:\workspace\open\src\hotspot\share\interpreter\linkResolver.cpp, line 766]
Event: 0.120 Thread 0x000002d3d72dfae0 Exception <a 'java/lang/NoSuchMethodError'{0x0000000625ca7b88}: 'java.lang.Object java.lang.invoke.Invokers$Holder.linkToTargetMethod(java.lang.Object, long, java.lang.Object)'> (0x0000000625ca7b88) 
thrown [t:\workspace\open\src\hotspot\share\interpreter\linkResolver.cpp, line 766]
Event: 0.138 Thread 0x000002d3d72dfae0 Exception <a 'java/lang/NoSuchMethodError'{0x0000000625cf2850}: 'void java.lang.invoke.DirectMethodHandle$Holder.invokeStaticInit(java.lang.Object, java.lang.Object)'> (0x0000000625cf2850) 
thrown [t:\workspace\open\src\hotspot\share\interpreter\linkResolver.cpp, line 766]
Event: 0.145 Thread 0x000002d3fc557e00 Exception <a 'java/lang/NoSuchMethodError'{0x0000000625dd48c0}: 'void java.lang.invoke.DirectMethodHandle$Holder.invokeInterface(java.lang.Object, java.lang.Object)'> (0x0000000625dd48c0) 
thrown [t:\workspace\open\src\hotspot\share\interpreter\linkResolver.cpp, line 766]
Event: 0.157 Thread 0x000002d3fc557e00 Exception <a 'java/lang/NoSuchMethodError'{0x0000000625fa84a8}: 'java.lang.Object java.lang.invoke.Invokers$Holder.invoke_MT(java.lang.Object, java.lang.Object, java.lang.Object, java.lang.Object, java.lang.Object)'> (0x0000000625fa84a8) 
thrown [t:\workspace\open\src\hotspot\share\interpreter\linkResolver.cpp, line 766]
Event: 0.158 Thread 0x000002d3fc557e00 Exception <a 'java/lang/NoSuchMethodError'{0x0000000625fbd0d0}: 'int java.lang.invoke.DirectMethodHandle$Holder.invokeSpecial(java.lang.Object, java.lang.Object, java.lang.Object)'> (0x0000000625fbd0d0) 
thrown [t:\workspace\open\src\hotspot\share\interpreter\linkResolver.cpp, line 766]
Event: 0.159 Thread 0x000002d3fc557e00 Exception <a 'java/lang/NoSuchMethodError'{0x0000000625fc43b8}: 'int java.lang.invoke.Invokers$Holder.linkToTargetMethod(java.lang.Object, java.lang.Object, java.lang.Object)'> (0x0000000625fc43b8) 
thrown [t:\workspace\open\src\hotspot\share\interpreter\linkResolver.cpp, line 766]
Event: 0.168 Thread 0x000002d3fc557e00 Exception <a 'java/lang/NoSuchMethodError'{0x0000000625febf38}: 'void java.lang.invoke.DirectMethodHandle$Holder.invokeStatic(java.lang.Object, java.lang.Object, java.lang.Object)'> (0x0000000625febf38) 
thrown [t:\workspace\open\src\hotspot\share\interpreter\linkResolver.cpp, line 766]
Event: 0.180 Thread 0x000002d3fb713190 Exception <a 'java/lang/NoSuchMethodError'{0x0000000625f36978}: 'int java.lang.invoke.DirectMethodHandle$Holder.invokeInterface(java.lang.Object, java.lang.Object)'> (0x0000000625f36978) 
thrown [t:\workspace\open\src\hotspot\share\interpreter\linkResolver.cpp, line 766]
Event: 0.180 Thread 0x000002d3fb713190 Exception <a 'java/lang/IncompatibleClassChangeError'{0x0000000625f39e60}: Found class java.lang.Object, but interface was expected> (0x0000000625f39e60) 
thrown [t:\workspace\open\src\hotspot\share\interpreter\linkResolver.cpp, line 833]
Event: 0.185 Thread 0x000002d3fc557e00 Exception <a 'java/lang/NoSuchMethodError'{0x0000000625859090}: 'java.lang.Object java.lang.invoke.DirectMethodHandle$Holder.invokeStaticInit(java.lang.Object, int, int, int, int)'> (0x0000000625859090) 
thrown [t:\workspace\open\src\hotspot\share\interpreter\linkResolver.cpp, line 766]
Event: 0.242 Thread 0x000002d3fc557e00 Exception <a 'java/lang/NoSuchMethodError'{0x00000006259de0a8}: 'java.lang.Object java.lang.invoke.DirectMethodHandle$Holder.invokeStaticInit(java.lang.Object, java.lang.Object, int, int, int, int)'> (0x00000006259de0a8) 
thrown [t:\workspace\open\src\hotspot\share\interpreter\linkResolver.cpp, line 766]
Event: 0.268 Thread 0x000002d3fc557e00 Exception <a 'java/lang/NoSuchMethodError'{0x0000000625abf8d8}: 'java.lang.Object java.lang.invoke.DirectMethodHandle$Holder.invokeSpecial(java.lang.Object, java.lang.Object, int, java.lang.Object, java.lang.Object)'> (0x0000000625abf8d8) 
thrown [t:\workspace\open\src\hotspot\share\interpreter\linkResolver.cpp, line 766]
Event: 0.273 Thread 0x000002d3fc557e00 Exception <a 'java/lang/NoSuchMethodError'{0x0000000625adb388}: 'java.lang.Object java.lang.invoke.Invokers$Holder.invoke_MT(java.lang.Object, java.lang.Object, java.lang.Object)'> (0x0000000625adb388) 
thrown [t:\workspace\open\src\hotspot\share\interpreter\linkResolver.cpp, line 766]
Event: 0.289 Thread 0x000002d3fb713190 Exception <a 'java/lang/ClassNotFoundException'{0x0000000625b45b10}: javax/management/remote/rmi/RMIServerImpl_Skel> (0x0000000625b45b10) 
thrown [t:\workspace\open\src\hotspot\share\classfile\systemDictionary.cpp, line 256]
Event: 0.301 Thread 0x000002d3fc557e00 Exception <a 'java/lang/NoSuchMethodError'{0x0000000625428fd0}: 'void java.lang.invoke.DirectMethodHandle$Holder.invokeSpecial(java.lang.Object, java.lang.Object, java.lang.Object)'> (0x0000000625428fd0) 
thrown [t:\workspace\open\src\hotspot\share\interpreter\linkResolver.cpp, line 766]
Event: 0.344 Thread 0x000002d3fd17daa0 Exception <a 'java/lang/NoSuchMethodError'{0x00000006256594e0}: static [B.<clinit>()V> (0x00000006256594e0) 
thrown [t:\workspace\open\src\hotspot\share\prims\jni.cpp, line 1107]
Event: 0.348 Thread 0x000002d3fd17daa0 Exception <a 'java/lang/ClassNotFoundException'{0x0000000625661d20}: javax/management/remote/rmi/RMIConnectionImpl_Skel> (0x0000000625661d20) 
thrown [t:\workspace\open\src\hotspot\share\classfile\systemDictionary.cpp, line 256]
Event: 0.443 Thread 0x000002d3d72dfae0 Exception <a 'java/lang/NoSuchMethodError'{0x00000006250ebb30}: 'void java.lang.invoke.DirectMethodHandle$Holder.invokeVirtual(java.lang.Object, java.lang.Object)'> (0x00000006250ebb30) 
thrown [t:\workspace\open\src\hotspot\share\interpreter\linkResolver.cpp, line 766]

VM Operations (20 events):
Event: 73.245 Executing VM operation: G1CollectForAllocation
Event: 73.245 Executing VM operation: G1CollectForAllocation done
Event: 73.481 Executing VM operation: G1CollectForAllocation
Event: 73.481 Executing VM operation: G1CollectForAllocation done
Event: 73.708 Executing VM operation: G1CollectForAllocation
Event: 73.709 Executing VM operation: G1CollectForAllocation done
Event: 73.912 Executing VM operation: G1CollectForAllocation
Event: 73.913 Executing VM operation: G1CollectForAllocation done
Event: 74.129 Executing VM operation: G1CollectForAllocation
Event: 74.129 Executing VM operation: G1CollectForAllocation done
Event: 74.336 Executing VM operation: G1CollectForAllocation
Event: 74.337 Executing VM operation: G1CollectForAllocation done
Event: 74.554 Executing VM operation: G1CollectForAllocation
Event: 74.554 Executing VM operation: G1CollectForAllocation done
Event: 74.785 Executing VM operation: G1CollectForAllocation
Event: 74.787 Executing VM operation: G1CollectForAllocation done
Event: 75.033 Executing VM operation: G1CollectForAllocation
Event: 75.034 Executing VM operation: G1CollectForAllocation done
Event: 75.269 Executing VM operation: G1CollectForAllocation
Event: 75.270 Executing VM operation: G1CollectForAllocation done

Events (20 events):
Event: 3.400 Thread 0x000002d3fc49fa90 Thread exited: 0x000002d3fc49fa90
Event: 3.413 Thread 0x000002d3fb6e6520 Thread exited: 0x000002d3fb6e6520
Event: 32.480 Thread 0x000002d3ff000da0 Thread added: 0x000002d3ff000da0
Event: 32.480 Thread 0x000002d3ff0017c0 Thread added: 0x000002d3ff0017c0
Event: 32.481 Thread 0x000002d3feffe520 Thread added: 0x000002d3feffe520
Event: 33.101 Thread 0x000002d3feffe520 Thread exited: 0x000002d3feffe520
Event: 33.101 Thread 0x000002d3ff0017c0 Thread exited: 0x000002d3ff0017c0
Event: 34.223 Thread 0x000002d3ff000da0 Thread exited: 0x000002d3ff000da0
Event: 43.480 Thread 0x000002d3ff000da0 Thread added: 0x000002d3ff000da0
Event: 44.009 Thread 0x000002d3ff000da0 Thread exited: 0x000002d3ff000da0
Event: 64.480 Thread 0x000002d3ff000da0 Thread added: 0x000002d3ff000da0
Event: 70.480 Thread 0x000002d3ff000da0 Thread exited: 0x000002d3ff000da0
Event: 75.388 loading class jdk/internal/misc/Signal$1
Event: 75.388 loading class jdk/internal/misc/Signal$1 done
Event: 75.388 Thread 0x000002d3ff50f890 Thread added: 0x000002d3ff50f890
Event: 75.389 Thread 0x000002d3ff50bed0 Thread added: 0x000002d3ff50bed0
Event: 75.389 Thread 0x000002d3ff513720 Thread added: 0x000002d3ff513720
Event: 75.389 Thread 0x000002d3ff510700 Thread added: 0x000002d3ff510700
Event: 75.389 Thread 0x000002d3ff50bed0 Thread exited: 0x000002d3ff50bed0
Event: 75.389 Thread 0x000002d3ff513720 Thread exited: 0x000002d3ff513720


Dynamic libraries:
0x00007ff77d920000 - 0x00007ff77d92e000 	C:\.jdk\jdk-17\bin\java.exe
0x00007ffc41d20000 - 0x00007ffc41f87000 	C:\WINDOWS\SYSTEM32\ntdll.dll
0x00007ffc3fc30000 - 0x00007ffc3fcf9000 	C:\WINDOWS\System32\KERNEL32.DLL
0x00007ffc3f3d0000 - 0x00007ffc3f7c7000 	C:\WINDOWS\System32\KERNELBASE.dll
0x00007ffc3f950000 - 0x00007ffc3fa9b000 	C:\WINDOWS\System32\ucrtbase.dll
0x00007ffc20620000 - 0x00007ffc20638000 	C:\.jdk\jdk-17\bin\jli.dll
0x00007ffc20b00000 - 0x00007ffc20b1a000 	C:\.jdk\jdk-17\bin\VCRUNTIME140.dll
0x00007ffc41610000 - 0x00007ffc417d6000 	C:\WINDOWS\System32\USER32.dll
0x00007ffc1d3e0000 - 0x00007ffc1d672000 	C:\WINDOWS\WinSxS\amd64_microsoft.windows.common-controls_6595b64144ccf1df_6.0.26100.8457_none_3e0b2faee331e92d\COMCTL32.dll
0x00007ffc3f2e0000 - 0x00007ffc3f307000 	C:\WINDOWS\System32\win32u.dll
0x00007ffc417e0000 - 0x00007ffc4180b000 	C:\WINDOWS\System32\GDI32.dll
0x00007ffc41c20000 - 0x00007ffc41cc9000 	C:\WINDOWS\System32\msvcrt.dll
0x00007ffc3f1b0000 - 0x00007ffc3f2dc000 	C:\WINDOWS\System32\gdi32full.dll
0x00007ffc3f100000 - 0x00007ffc3f1a3000 	C:\WINDOWS\System32\msvcp_win.dll
0x00007ffc40fa0000 - 0x00007ffc40fd2000 	C:\WINDOWS\System32\IMM32.DLL
0x00007ffc28340000 - 0x00007ffc2834c000 	C:\.jdk\jdk-17\bin\vcruntime140_1.dll
0x00007ffbcb910000 - 0x00007ffbcb99d000 	C:\.jdk\jdk-17\bin\msvcp140.dll
0x00007ffac4f70000 - 0x00007ffac5b2e000 	C:\.jdk\jdk-17\bin\server\jvm.dll
0x00007ffc40ee0000 - 0x00007ffc40f96000 	C:\WINDOWS\System32\ADVAPI32.dll
0x00007ffc40320000 - 0x00007ffc403c7000 	C:\WINDOWS\System32\sechost.dll
0x00007ffc3fb10000 - 0x00007ffc3fc28000 	C:\WINDOWS\System32\RPCRT4.dll
0x00007ffc411e0000 - 0x00007ffc411e8000 	C:\WINDOWS\System32\PSAPI.DLL
0x00007ffc25ca0000 - 0x00007ffc25cd6000 	C:\WINDOWS\SYSTEM32\WINMM.dll
0x00007ffc28d90000 - 0x00007ffc28d9b000 	C:\WINDOWS\SYSTEM32\VERSION.dll
0x00007ffc1e430000 - 0x00007ffc1e43a000 	C:\WINDOWS\SYSTEM32\WSOCK32.dll
0x00007ffc40e00000 - 0x00007ffc40e80000 	C:\WINDOWS\System32\WS2_32.dll
0x00007ffc3d4a0000 - 0x00007ffc3d4bb000 	C:\WINDOWS\SYSTEM32\kernel.appcore.dll
0x00007ffc28110000 - 0x00007ffc2811a000 	C:\.jdk\jdk-17\bin\jimage.dll
0x00007ffc3c830000 - 0x00007ffc3ca72000 	C:\WINDOWS\SYSTEM32\DBGHELP.DLL
0x00007ffc41280000 - 0x00007ffc41603000 	C:\WINDOWS\System32\combase.dll
0x00007ffc40ca0000 - 0x00007ffc40d79000 	C:\WINDOWS\System32\OLEAUT32.dll
0x00007ffc1ee20000 - 0x00007ffc1ee5b000 	C:\WINDOWS\SYSTEM32\dbgcore.DLL
0x00007ffc3efc0000 - 0x00007ffc3f068000 	C:\WINDOWS\System32\bcryptPrimitives.dll
0x00007ffc394f0000 - 0x00007ffc394fe000 	C:\.jdk\jdk-17\bin\instrument.dll
0x00007ffc25e50000 - 0x00007ffc25e75000 	C:\.jdk\jdk-17\bin\java.dll
0x00007ffbba480000 - 0x00007ffbba556000 	C:\.jdk\jdk-17\bin\svml.dll
0x00007ffc403d0000 - 0x00007ffc40b3e000 	C:\WINDOWS\System32\SHELL32.dll
0x00007ffc3e750000 - 0x00007ffc3efbc000 	C:\WINDOWS\System32\windows.storage.dll
0x00007ffc40ba0000 - 0x00007ffc40c96000 	C:\WINDOWS\System32\SHCORE.dll
0x00007ffc3faa0000 - 0x00007ffc3fb06000 	C:\WINDOWS\System32\shlwapi.dll
0x00007ffc3e670000 - 0x00007ffc3e699000 	C:\WINDOWS\SYSTEM32\profapi.dll
0x00007ffc0a430000 - 0x00007ffc0a448000 	C:\.jdk\jdk-17\bin\zip.dll
0x00007ffc20bb0000 - 0x00007ffc20bc9000 	C:\.jdk\jdk-17\bin\net.dll
0x00007ffc34ad0000 - 0x00007ffc34bf9000 	C:\WINDOWS\SYSTEM32\WINHTTP.dll
0x00007ffc3d9f0000 - 0x00007ffc3da5c000 	C:\WINDOWS\system32\mswsock.dll
0x00007ffc13230000 - 0x00007ffc13245000 	C:\.jdk\jdk-17\bin\nio.dll
0x00007ffc3d020000 - 0x00007ffc3d152000 	C:\WINDOWS\SYSTEM32\DNSAPI.dll
0x00007ffc3cfe0000 - 0x00007ffc3d012000 	C:\WINDOWS\SYSTEM32\IPHLPAPI.DLL
0x00007ffc418d0000 - 0x00007ffc418da000 	C:\WINDOWS\System32\NSI.dll
0x00007ffc34fe0000 - 0x00007ffc34feb000 	C:\Windows\System32\rasadhlp.dll
0x00007ffc35460000 - 0x00007ffc354e6000 	C:\WINDOWS\System32\fwpuclnt.dll
0x00007ffc394c0000 - 0x00007ffc394c9000 	C:\.jdk\jdk-17\bin\management.dll
0x00007ffc37460000 - 0x00007ffc3746b000 	C:\.jdk\jdk-17\bin\management_ext.dll
0x00007ffc3ddf0000 - 0x00007ffc3de0b000 	C:\WINDOWS\SYSTEM32\CRYPTSP.dll
0x00007ffc3d400000 - 0x00007ffc3d439000 	C:\WINDOWS\system32\rsaenh.dll
0x00007ffc3daa0000 - 0x00007ffc3dad3000 	C:\WINDOWS\SYSTEM32\USERENV.dll
0x00007ffc3e640000 - 0x00007ffc3e66a000 	C:\WINDOWS\SYSTEM32\bcrypt.dll
0x00007ffc3dc50000 - 0x00007ffc3dc5c000 	C:\WINDOWS\SYSTEM32\CRYPTBASE.dll
0x00007ffc35090000 - 0x00007ffc350ad000 	C:\WINDOWS\SYSTEM32\dhcpcsvc6.DLL
0x00007ffc34da0000 - 0x00007ffc34dc5000 	C:\WINDOWS\SYSTEM32\dhcpcsvc.DLL
0x00007ffc19760000 - 0x00007ffc19778000 	C:\WINDOWS\system32\napinsp.dll
0x00007ffc18cf0000 - 0x00007ffc18d03000 	C:\WINDOWS\System32\winrnr.dll
0x00007ffc18c30000 - 0x00007ffc18c52000 	C:\WINDOWS\system32\nlansp_c.dll
0x00007ffc2b9c0000 - 0x00007ffc2b9d6000 	C:\WINDOWS\system32\wshbth.dll
0x00007ffc280e0000 - 0x00007ffc280ee000 	C:\.jdk\jdk-17\bin\sunmscapi.dll
0x00007ffc3f7d0000 - 0x00007ffc3f948000 	C:\WINDOWS\System32\CRYPT32.dll
0x00007ffc3dfc0000 - 0x00007ffc3dff0000 	C:\WINDOWS\SYSTEM32\ncrypt.dll
0x00007ffc3df70000 - 0x00007ffc3dfaf000 	C:\WINDOWS\SYSTEM32\NTASN1.dll
0x00007ffc082d0000 - 0x00007ffc082d8000 	C:\WINDOWS\system32\wshunix.dll
0x00007ffbfffa0000 - 0x00007ffbffff6000 	C:\WINDOWS\SYSTEM32\pdh.dll
0x00007ffc370b0000 - 0x00007ffc370c2000 	C:\WINDOWS\System32\perfproc.dll
0x00007ffc279c0000 - 0x00007ffc279d1000 	C:\WINDOWS\System32\perfos.dll
0x00007ffc3cb80000 - 0x00007ffc3cb92000 	C:\WINDOWS\SYSTEM32\pfclient.dll

dbghelp: loaded successfully - version: 4.0.5 - missing functions: none
symbol engine: initialized successfully - sym options: 0x614 - pdb path: .;C:\.jdk\jdk-17\bin;C:\WINDOWS\SYSTEM32;C:\WINDOWS\WinSxS\amd64_microsoft.windows.common-controls_6595b64144ccf1df_6.0.26100.8457_none_3e0b2faee331e92d;C:\.jdk\jdk-17\bin\server

VM Arguments:
jvm_args: --add-exports=java.base/jdk.internal.misc=ALL-UNNAMED --add-opens=java.base/jdk.internal.misc=ALL-UNNAMED --add-opens=java.base/java.nio=ALL-UNNAMED --add-opens=java.base/sun.nio.ch=ALL-UNNAMED -javaagent:C:\Program Files\JetBrains\IntelliJ IDEA 2024.3.5\lib\idea_rt.jar=57576 -Dfile.encoding=UTF-8 
java_command: com.resourcebox.demo.NewValidationApp
java_class_path (initial): C:\hooniegit\Git\ResourceBox\MediaDriver\java\MediaDriver\target\classes;C:\Users\dhkim\.m2\repository\io\aeron\aeron-all\1.50.4\aeron-all-1.50.4.jar;C:\Users\dhkim\.m2\repository\org\slf4j\slf4j-api\2.0.17\slf4j-api-2.0.17.jar
Launcher Type: SUN_STANDARD

[Global flags]
     intx CICompilerCount                          = 12                                        {product} {ergonomic}
     uint ConcGCThreads                            = 4                                         {product} {ergonomic}
     uint G1ConcRefinementThreads                  = 14                                        {product} {ergonomic}
   size_t G1HeapRegionSize                         = 4194304                                   {product} {ergonomic}
    uintx GCDrainStackTargetSize                   = 64                                        {product} {ergonomic}
   size_t InitialHeapSize                          = 532676608                                 {product} {ergonomic}
   size_t MarkStackSize                            = 4194304                                   {product} {ergonomic}
   size_t MaxHeapSize                              = 8480882688                                {product} {ergonomic}
   size_t MaxNewSize                               = 5087690752                                {product} {ergonomic}
   size_t MinHeapDeltaBytes                        = 4194304                                   {product} {ergonomic}
   size_t MinHeapSize                              = 8388608                                   {product} {ergonomic}
    uintx NonNMethodCodeHeapSize                   = 7602480                                {pd product} {ergonomic}
    uintx NonProfiledCodeHeapSize                  = 122027880                              {pd product} {ergonomic}
    uintx ProfiledCodeHeapSize                     = 122027880                              {pd product} {ergonomic}
    uintx ReservedCodeCacheSize                    = 251658240                              {pd product} {ergonomic}
     bool SegmentedCodeCache                       = true                                      {product} {ergonomic}
   size_t SoftMaxHeapSize                          = 8480882688                             {manageable} {ergonomic}
     bool UseCompressedClassPointers               = true                           {product lp64_product} {ergonomic}
     bool UseCompressedOops                        = true                           {product lp64_product} {ergonomic}
     bool UseG1GC                                  = true                                      {product} {ergonomic}
     bool UseLargePagesIndividualAllocation        = false                                  {pd product} {ergonomic}

Logging:
Log output configuration:
 #0: stdout all=warning uptime,level,tags
 #1: stderr all=off uptime,level,tags

Environment Variables:
JAVA_HOME=C:\.jdk\jdk-17
PATH=c:\Users\dhkim\AppData\Local\Programs\cursor\resources\app\bin;C:\Program Files (x86)\Microsoft\Edge\Application;C:\WINDOWS\system32;C:\WINDOWS;C:\WINDOWS\System32\Wbem;C:\WINDOWS\System32\WindowsPowerShell\v1.0\;C:\WINDOWS\System32\OpenSSH\;C:\Program Files (x86)\Microsoft SQL Server\160\Tools\Binn\;C:\Program Files\Microsoft SQL Server\160\Tools\Binn\;C:\Program Files\Microsoft SQL Server\Client SDK\ODBC\170\Tools\Binn\;C:\Program Files\Microsoft SQL Server\160\DTS\Binn\;C:\Program Files (x86)\Microsoft SQL Server\160\DTS\Binn\;C:\Program Files\Bandizip\;C:\Program Files\dotnet\;C:\Program Files\Git\cmd;C:\.jdk\jdk-17\bin;C:\Program Files\Microsoft SQL Server\150\Tools\Binn\;C:\Program Files (x86)\Windows Kits\10\Windows Performance Toolkit\;C:\Users\dhkim\AppData\Local\Programs\Python\Launcher\;C:\Users\dhkim\AppData\Local\Microsoft\WindowsApps;C:\Users\dhkim\.dotnet\tools;c:\Users\dhkim\AppData\Local\Programs\cursor\resources\app\bin;c:\Users\dhkim\AppData\Local\Programs\cursor\resources\app\bin;C:\Users\dhkim\protoc\bin;C:\Users\dhkim\AppData\Local\Programs\Python\Launcher\;C:\Users\dhkim\AppData\Local\Microsoft\WindowsApps;C:\Users\dhkim\AppData\Local\Programs\Microsoft VS Code\bin;C:\Users\dhkim\.dotnet\tools;C:\Users\dhkim\AppData\Local\Programs\cursor\resources\app\bin;C:\Program Files\JetBrains\IntelliJ IDEA 2024.3.5\bin;;C:\Users\dhkim\AppData\Local\JetBrains\PyCharm 2025.1.1\bin;
USERNAME=dhkim
OS=Windows_NT
PROCESSOR_IDENTIFIER=Intel64 Family 6 Model 170 Stepping 4, GenuineIntel



---------------  S Y S T E M  ---------------

OS:
 Windows 10 , 64 bit Build 26100 (10.0.26100.8328)
OS uptime: 6 days 23:33 hours
Hyper-V role detected

CPU: total 18 (initial active 18) (9 cores per cpu, 2 threads per core) family 6 model 170 stepping 4 microcode 0x1c, cx8, cmov, fxsr, ht, mmx, 3dnowpref, sse, sse2, sse3, ssse3, sse4.1, sse4.2, popcnt, lzcnt, tsc, tscinvbit, avx, avx2, aes, erms, clmul, bmi1, bmi2, adx, sha, fma, vzeroupper, clflush, clflushopt, clwb, hv

Memory: 4k page, system-wide physical 32348M (7625M free)
TotalPageFile size 48732M (AvailPageFile size 11075M)
current process WorkingSet (physical memory assigned to process): 573M, peak: 977M
current process commit charge ("private bytes"): 652M, peak: 674M

vm_info: OpenJDK 64-Bit Server VM (17+35-2724) for windows-amd64 JRE (17+35-2724), built on Aug  5 2021 23:26:02 by "mach5one" with MS VC++ 16.8 (VS2019)

END.
