#
# A fatal error has been detected by the Java Runtime Environment:
#
#  EXCEPTION_ACCESS_VIOLATION (0xc0000005) at pc=0x0000016f2b81783b, pid=43344, tid=57792
#
# JRE version: OpenJDK Runtime Environment (17.0+35) (build 17+35-2724)
# Java VM: OpenJDK 64-Bit Server VM (17+35-2724, mixed mode, sharing, tiered, compressed oops, compressed class ptrs, g1 gc, windows-amd64)
# Problematic frame:
# J 1565 c2 org.agrona.concurrent.status.UnsafeBufferPosition.setRelease(J)V (13 bytes) @ 0x0000016f2b81783b [0x0000016f2b817800+0x000000000000003b]
#
# No core dump will be written. Minidumps are not enabled by default on client versions of Windows
#
# If you would like to submit a bug report, please visit:
#   https://bugreport.java.com/bugreport/crash.jsp
#

---------------  S U M M A R Y ------------

Command Line: --add-exports=java.base/jdk.internal.misc=ALL-UNNAMED --add-opens=java.base/jdk.internal.misc=ALL-UNNAMED --add-opens=java.base/java.nio=ALL-UNNAMED --add-opens=java.base/sun.nio.ch=ALL-UNNAMED -javaagent:C:\Program Files\JetBrains\IntelliJ IDEA 2024.3.5\lib\idea_rt.jar=64315 -Dfile.encoding=UTF-8 com.resourcebox.demo.NewValidationApp

Host: Intel(R) Core(TM) Ultra 5 125H, 18 cores, 31G,  Windows 10 , 64 bit Build 26100 (10.0.26100.8328)
Time: Tue Jun 16 08:19:27 2026  Windows 10 , 64 bit Build 26100 (10.0.26100.8328) elapsed time: 18.099685 seconds (0d 0h 0m 18s)

---------------  T H R E A D  ---------------

Current thread (0x0000016f4a28c770):  JavaThread "driver-conductor" daemon [_thread_in_Java, id=57792, stack(0x0000002894c00000,0x0000002894d00000)]

Stack: [0x0000002894c00000,0x0000002894d00000],  sp=0x0000002894cff0b0,  free space=1020k
Native frames: (J=compiled Java code, j=interpreted, Vv=VM code, C=native code)
C  0x0000016f2b81783b


siginfo: EXCEPTION_ACCESS_VIOLATION (0xc0000005), writing address 0x0000016f4cd41b00


Register to memory mapping:

RIP=0x0000016f2b81783b is at entry_point+59 in (nmethod*)0x0000016f2b817690
RAX={method} {0x0000016f49e9e890} 'setRelease' '(J)V' in 'org/agrona/concurrent/status/UnsafeBufferPosition'
RBX={method} {0x0000016f49e9e890} 'setRelease' '(J)V' in 'org/agrona/concurrent/status/UnsafeBufferPosition'
RCX=0x000000060686d008 is an oop: org.agrona.concurrent.status.UnsafeBufferPosition 
{0x000000060686d008} - klass: 'org/agrona/concurrent/status/UnsafeBufferPosition'
 - ---- fields (total size 5 words):
 - private final 'counterId' 'I' @12  46 (2e)
 - private final 'addressOffset' 'J' @16  1577541966592 (4cd41b00 16f)
 - private 'isClosed' 'Z' @24  false
 - private final 'byteArray' '[B' @28  NULL (0)
 - private final 'countersManager' 'Lorg/agrona/concurrent/status/CountersManager;' @32  a 'org/agrona/concurrent/status/CountersManager'{0x000000060684c478} (c0d0988f)
 - private final 'byteBuffer' 'Ljava/nio/ByteBuffer;' @36  a 'java/nio/DirectByteBuffer'{0x0000000606804bf0} (c0d0097e)
RDX=0x000000060686d008 is an oop: org.agrona.concurrent.status.UnsafeBufferPosition 
{0x000000060686d008} - klass: 'org/agrona/concurrent/status/UnsafeBufferPosition'
 - ---- fields (total size 5 words):
 - private final 'counterId' 'I' @12  46 (2e)
 - private final 'addressOffset' 'J' @16  1577541966592 (4cd41b00 16f)
 - private 'isClosed' 'Z' @24  false
 - private final 'byteArray' '[B' @28  NULL (0)
 - private final 'countersManager' 'Lorg/agrona/concurrent/status/CountersManager;' @32  a 'org/agrona/concurrent/status/CountersManager'{0x000000060684c478} (c0d0988f)
 - private final 'byteBuffer' 'Ljava/nio/ByteBuffer;' @36  a 'java/nio/DirectByteBuffer'{0x0000000606804bf0} (c0d0097e)
RSP=0x0000002894cff0b0 is pointing into the stack for thread: 0x0000016f4a28c770
RBP=0x0000002894cff140 is pointing into the stack for thread: 0x0000016f4a28c770
RSI=0x0000000000000001 is an unknown value
RDI=0x0000000000100300 is an unknown value
R8 =0x000000043c6036a0 is an unknown value
R9 =0x0 is NULL
R10=0x0000016f4cd41b00 is an unknown value
R11=0x0 is NULL
R12=0x0 is NULL
R13=0x0000002894cff0e0 is pointing into the stack for thread: 0x0000016f4a28c770
R14=0x0 is NULL
R15=0x0000016f4a28c770 is a thread


Registers:
RAX=0x0000016f49e9e888, RBX=0x0000016f49e9e888, RCX=0x000000060686d008, RDX=0x000000060686d008
RSP=0x0000002894cff0b0, RBP=0x0000002894cff140, RSI=0x0000000000000001, RDI=0x0000000000100300
R8 =0x000000043c6036a0, R9 =0x0000000000000000, R10=0x0000016f4cd41b00, R11=0x0000000000000000
R12=0x0000000000000000, R13=0x0000002894cff0e0, R14=0x0000000000000000, R15=0x0000016f4a28c770
RIP=0x0000016f2b81783b, EFLAGS=0x0000000000010246

Top of Stack: (sp=0x0000002894cff0b0)
0x0000002894cff0b0:   0000016f51c4c6e8 0000016f4a28c770
0x0000002894cff0c0:   0000002894cff140 0000016f23be94fe
0x0000002894cff0d0:   0000002894cff140 0000016f23be94fe
0x0000002894cff0e0:   000000043c6036a0 0000000000000000
0x0000002894cff0f0:   000000060686d008 0000002894cff0f8
0x0000002894cff100:   0000016f51c4c6a1 0000002894cff160
0x0000002894cff110:   0000016f51c4d8c0 0000000000000000
0x0000002894cff120:   0000000606923a90 0000016f51c4c6e8
0x0000002894cff130:   0000002894cff0e0 0000002894cff160
0x0000002894cff140:   0000002894cff1b0 0000016f23be94fe
0x0000002894cff150:   000000043c6036a0 0000000000000000
0x0000002894cff160:   000000060686cde8 0000002894cff168
0x0000002894cff170:   0000016f51c4fd06 0000002894cff1c0
0x0000002894cff180:   0000016f51c500a0 0000000000000000
0x0000002894cff190:   000000060691ef58 0000016f51c4fd20
0x0000002894cff1a0:   0000002894cff160 0000002894cff1c0 

Instructions: (pc=0x0000016f2b81783b)
0x0000016f2b81773b:   2b 6f 01 00 00 00 00 00 00 00 00 00 00 00 00 00
0x0000016f2b81774b:   00 00 00 00 00 ff ff ff ff 00 00 00 00 00 00 00
0x0000016f2b81775b:   00 00 00 00 00 00 00 00 00 00 00 00 00 00 78 81
0x0000016f2b81776b:   2b 6f 01 00 00 20 78 81 2b 6f 01 00 00 00 78 81
0x0000016f2b81777b:   2b 6f 01 00 00 f0 01 00 00 ff ff ff ff 70 01 00
0x0000016f2b81778b:   00 f0 01 00 00 08 02 00 00 10 02 00 00 00 00 00
0x0000016f2b81779b:   00 18 02 00 00 38 02 00 00 40 02 00 00 40 02 00
0x0000016f2b8177ab:   00 40 02 00 00 40 02 00 00 40 02 00 00 40 02 00
0x0000016f2b8177bb:   00 00 00 00 00 1d 06 00 00 04 00 00 00 00 00 00
0x0000016f2b8177cb:   00 02 00 00 00 00 00 00 00 00 00 00 00 e0 01 00
0x0000016f2b8177db:   00 02 00 00 00 ff ff ff ff ff ff ff ff 14 60 30
0x0000016f2b8177eb:   b0 0e f0 0e 80 11 64 1d 00 00 64 0f 64 00 00 00
0x0000016f2b8177fb:   00 00 00 00 00 44 8b 52 08 49 bb 00 00 00 00 08
0x0000016f2b81780b:   00 00 00 4d 03 d3 49 3b c2 0f 85 66 52 41 f8 66
0x0000016f2b81781b:   90 0f 1f 40 00 48 81 ec 18 00 00 00 48 89 6c 24
0x0000016f2b81782b:   10 4c 8b 52 10 44 8b 4a 1c 4d 8b d9 49 c1 e3 03
0x0000016f2b81783b:   4f 89 04 13 48 83 c4 10 5d 49 3b a7 40 03 00 00
0x0000016f2b81784b:   0f 87 01 00 00 00 c3 49 ba 44 78 81 2b 6f 01 00
0x0000016f2b81785b:   00 4d 89 97 58 03 00 00 e9 98 bb 41 f8 f4 f4 f4
0x0000016f2b81786b:   f4 f4 f4 f4 f4 f4 f4 f4 f4 f4 f4 f4 f4 f4 f4 f4
0x0000016f2b81787b:   f4 f4 f4 f4 f4 e9 fb d8 4b f8 e8 00 00 00 00 48
0x0000016f2b81788b:   83 2c 24 05 e9 0c ae 41 f8 f4 f4 f4 f4 a8 01 80
0x0000016f2b81789b:   06 06 00 00 00 ff 00 00 00 00 00 00 00 ff ff ff
0x0000016f2b8178ab:   ff 00 00 00 00 00 00 00 00 00 00 00 00 99 00 00
0x0000016f2b8178bb:   00 00 00 00 00 00 00 00 00 00 00 00 00 00 00 00
0x0000016f2b8178cb:   00 00 00 00 00 00 00 00 00 00 00 00 00 00 00 00
0x0000016f2b8178db:   00 00 00 00 00 00 00 00 00 00 00 00 00 00 00 00
0x0000016f2b8178eb:   00 00 00 00 00 00 00 00 00 00 00 00 00 00 00 00
0x0000016f2b8178fb:   00 00 00 00 00 00 00 00 00 00 00 00 00 00 00 00
0x0000016f2b81790b:   00 00 00 00 00 00 00 00 00 00 00 00 00 00 00 00
0x0000016f2b81791b:   00 00 00 00 00 00 00 00 00 00 00 00 00 00 00 00
0x0000016f2b81792b:   00 00 00 00 00 00 00 00 00 00 00 00 00 00 00 00 


Stack slot to memory mapping:
stack at sp + 0 slots: {method} {0x0000016f51c4c6f0} 'decRef' '()V' in 'io/aeron/driver/IpcPublication'
stack at sp + 1 slots: 0x0000016f4a28c770 is a thread
stack at sp + 2 slots: 0x0000002894cff140 is pointing into the stack for thread: 0x0000016f4a28c770
stack at sp + 3 slots: 0x0000016f23be94fe is at code_begin+1118 in an Interpreter codelet
return entry points  [0x0000016f23be90a0, 0x0000016f23be9ba0]  2816 bytes
stack at sp + 4 slots: 0x0000002894cff140 is pointing into the stack for thread: 0x0000016f4a28c770
stack at sp + 5 slots: 0x0000016f23be94fe is at code_begin+1118 in an Interpreter codelet
return entry points  [0x0000016f23be90a0, 0x0000016f23be9ba0]  2816 bytes
stack at sp + 6 slots: 0x000000043c6036a0 is an unknown value
stack at sp + 7 slots: 0x0 is NULL

--------------------------------------------------------------------------------
[Constant Pool (empty)]

--------------------------------------------------------------------------------

[MachCode]
  0x0000016f2b817800: 448b 5208 | 49bb 0000 | 0000 0800 | 0000 4d03 | d349 3bc2 | 0f85 6652 | 41f8 6690 | 0f1f 4000 
  0x0000016f2b817820: 4881 ec18 | 0000 0048 | 896c 2410 | 4c8b 5210 | 448b 4a1c | 4d8b d949 | c1e3 034f | 8904 1348 
  0x0000016f2b817840: 83c4 105d | 493b a740 | 0300 000f | 8701 0000 | 00c3 49ba | 4478 812b | 6f01 0000 | 4d89 9758 
  0x0000016f2b817860: 0300 00e9 | 98bb 41f8 | f4f4 f4f4 | f4f4 f4f4 | f4f4 f4f4 | f4f4 f4f4 | f4f4 f4f4 | f4f4 f4f4 
  0x0000016f2b817880: e9fb d84b | f8e8 0000 | 0000 4883 | 2c24 05e9 | 0cae 41f8 | f4f4 f4f4 
[/MachCode]
--------------------------------------------------------------------------------


---------------  P R O C E S S  ---------------

Threads class SMR info:
_java_thread_list=0x0000016f50c42b40, length=23, elements={
0x0000016f4929cc50, 0x0000016f492a0280, 0x0000016f492b89f0, 0x0000016f492bb2c0,
0x0000016f492bc7e0, 0x0000016f492bdd00, 0x0000016f492c30e0, 0x0000016f492ca590,
0x0000016f492cae90, 0x0000016f49177ac0, 0x0000016f4949c250, 0x0000016f49539540,
0x0000016f494f5950, 0x0000016f4a28d5e0, 0x0000016f4a28d110, 0x0000016f4a28e920,
0x0000016f4a28dab0, 0x0000016f4a28df80, 0x0000016f4a28c770, 0x0000016f4a28e450,
0x0000016f4a28f2c0, 0x0000016f50ea1690, 0x0000016f50e9f010
}

Java Threads: ( => current thread )
  0x0000016f4929cc50 JavaThread "Reference Handler" daemon [_thread_blocked, id=50364, stack(0x0000002893400000,0x0000002893500000)]
  0x0000016f492a0280 JavaThread "Finalizer" daemon [_thread_blocked, id=44684, stack(0x0000002893500000,0x0000002893600000)]
  0x0000016f492b89f0 JavaThread "Signal Dispatcher" daemon [_thread_blocked, id=33804, stack(0x0000002893600000,0x0000002893700000)]
  0x0000016f492bb2c0 JavaThread "Attach Listener" daemon [_thread_blocked, id=65764, stack(0x0000002893700000,0x0000002893800000)]
  0x0000016f492bc7e0 JavaThread "Service Thread" daemon [_thread_blocked, id=67076, stack(0x0000002893800000,0x0000002893900000)]
  0x0000016f492bdd00 JavaThread "Monitor Deflation Thread" daemon [_thread_blocked, id=22632, stack(0x0000002893900000,0x0000002893a00000)]
  0x0000016f492c30e0 JavaThread "C2 CompilerThread0" daemon [_thread_blocked, id=65976, stack(0x0000002893a00000,0x0000002893b00000)]
  0x0000016f492ca590 JavaThread "C1 CompilerThread0" daemon [_thread_blocked, id=43160, stack(0x0000002893b00000,0x0000002893c00000)]
  0x0000016f492cae90 JavaThread "Sweeper thread" daemon [_thread_blocked, id=29072, stack(0x0000002893c00000,0x0000002893d00000)]
  0x0000016f49177ac0 JavaThread "Common-Cleaner" daemon [_thread_blocked, id=66120, stack(0x0000002893d00000,0x0000002893e00000)]
  0x0000016f4949c250 JavaThread "Monitor Ctrl-Break" daemon [_thread_in_native, id=55804, stack(0x0000002894200000,0x0000002894300000)]
  0x0000016f49539540 JavaThread "Notification Thread" daemon [_thread_blocked, id=68124, stack(0x0000002894300000,0x0000002894400000)]
  0x0000016f494f5950 JavaThread "Thread-0" daemon [_thread_blocked, id=65600, stack(0x0000002894500000,0x0000002894600000)]
  0x0000016f4a28d5e0 JavaThread "RMI TCP Accept-0" daemon [_thread_in_native, id=23868, stack(0x0000002894600000,0x0000002894700000)]
  0x0000016f4a28d110 JavaThread "async-executor C:\Users\dhkim\AppData\Local\Temp\PARCAeron" daemon [_thread_blocked, id=42004, stack(0x0000002894700000,0x0000002894800000)]
  0x0000016f4a28e920 JavaThread "RMI TCP Connection(1)-192.168.0.75" daemon [_thread_in_native, id=34768, stack(0x0000002894800000,0x0000002894900000)]
  0x0000016f4a28dab0 JavaThread "RMI Scheduler(0)" daemon [_thread_blocked, id=4776, stack(0x0000002894900000,0x0000002894a00000)]
  0x0000016f4a28df80 JavaThread "JMX server connection timeout 30" daemon [_thread_blocked, id=60588, stack(0x0000002894a00000,0x0000002894b00000)]
=>0x0000016f4a28c770 JavaThread "driver-conductor" daemon [_thread_in_Java, id=57792, stack(0x0000002894c00000,0x0000002894d00000)]
  0x0000016f4a28e450 JavaThread "sender" daemon [_thread_in_Java, id=35412, stack(0x0000002894d00000,0x0000002894e00000)]
  0x0000016f4a28f2c0 JavaThread "receiver" daemon [_thread_in_Java, id=58340, stack(0x0000002894e00000,0x0000002894f00000)]
  0x0000016f50ea1690 JavaThread "SIGINT handler" daemon [_thread_blocked, id=48532, stack(0x0000002893e00000,0x0000002893f00000)]
  0x0000016f50e9f010 JavaThread "DestroyJavaVM" [_thread_blocked, id=68988, stack(0x0000002892d00000,0x0000002892e00000)]

Other Threads:
  0x0000016f4917ea00 VMThread "VM Thread" [stack: 0x0000002893300000,0x0000002893400000] [id=70476]
  0x0000016f48f83410 WatcherThread [stack: 0x0000002894400000,0x0000002894500000] [id=65836]
  0x0000016f1c474d10 GCTaskThread "GC Thread#0" [stack: 0x0000002892e00000,0x0000002892f00000] [id=41608]
  0x0000016f50b01fc0 GCTaskThread "GC Thread#1" [stack: 0x0000002895700000,0x0000002895800000] [id=58504]
  0x0000016f4a7e2190 GCTaskThread "GC Thread#2" [stack: 0x0000002895800000,0x0000002895900000] [id=25024]
  0x0000016f50e32ef0 GCTaskThread "GC Thread#3" [stack: 0x0000002895900000,0x0000002895a00000] [id=65868]
  0x0000016f50e335b0 GCTaskThread "GC Thread#4" [stack: 0x0000002895a00000,0x0000002895b00000] [id=39508]
  0x0000016f50e3b870 GCTaskThread "GC Thread#5" [stack: 0x0000002895b00000,0x0000002895c00000] [id=68592]
  0x0000016f50e3bf30 GCTaskThread "GC Thread#6" [stack: 0x0000002895c00000,0x0000002895d00000] [id=42992]
  0x0000016f50bc4510 GCTaskThread "GC Thread#7" [stack: 0x0000002895d00000,0x0000002895e00000] [id=69900]
  0x0000016f50e4ce10 GCTaskThread "GC Thread#8" [stack: 0x0000002895e00000,0x0000002895f00000] [id=53916]
  0x0000016f50e55cd0 GCTaskThread "GC Thread#9" [stack: 0x0000002895f00000,0x0000002896000000] [id=37016]
  0x0000016f50c38240 GCTaskThread "GC Thread#10" [stack: 0x0000002896000000,0x0000002896100000] [id=69000]
  0x0000016f50c38900 GCTaskThread "GC Thread#11" [stack: 0x0000002896100000,0x0000002896200000] [id=67204]
  0x0000016f1c4819d0 ConcurrentGCThread "G1 Main Marker" [stack: 0x0000002892f00000,0x0000002893000000] [id=66140]
  0x0000016f1c482a00 ConcurrentGCThread "G1 Conc#0" [stack: 0x0000002893000000,0x0000002893100000] [id=51592]
  0x0000016f4903b4f0 ConcurrentGCThread "G1 Refine#0" [stack: 0x0000002893100000,0x0000002893200000] [id=4888]
  0x0000016f4903bf10 ConcurrentGCThread "G1 Service" [stack: 0x0000002893200000,0x0000002893300000] [id=17324]

Threads with active compile tasks:

VM state: not at safepoint (normal execution)

VM Mutex/Monitor currently owned by a thread: None

Heap address: 0x0000000606800000, size: 8088 MB, Compressed Oops mode: Zero based, Oop shift amount: 3

CDS archive(s) mapped at: [0x0000000800000000-0x0000000800bc0000-0x0000000800bc0000), size 12320768, SharedBaseAddress: 0x0000000800000000, ArchiveRelocationMode: 0.
Compressed class space mapped at: 0x0000000800c00000-0x0000000840c00000, reserved size: 1073741824
Narrow klass base: 0x0000000800000000, Narrow klass shift: 0, Narrow klass range: 0x100000000

GC Precious Log:
 CPUs: 18 total, 18 available
 Memory: 32348M
 Large Page Support: Disabled
 NUMA Support: Disabled
 Compressed Oops: Enabled (Zero based)
 Heap Region Size: 4M
 Heap Min Capacity: 8M
 Heap Initial Capacity: 508M
 Heap Max Capacity: 8088M
 Pre-touch: Disabled
 Parallel Workers: 14
 Concurrent Workers: 4
 Concurrent Refinement Workers: 14
 Periodic GC: Disabled

Heap:
 garbage-first heap   total 520192K, used 298975K [0x0000000606800000, 0x0000000800000000)
  region size 4096K, 74 young (303104K), 1 survivors (4096K)
 Metaspace       used 9590K, committed 9856K, reserved 1064960K
  class space    used 1014K, committed 1152K, reserved 1048576K

Heap Regions: E=young(eden), S=young(survivor), O=old, HS=humongous(starts), HC=humongous(continues), CS=collection set, F=free, OA=open archive, CA=closed archive, TAMS=top-at-mark-start (previous, next)
|   0|0x0000000606800000, 0x0000000606bf5e00, 0x0000000606c00000| 99%| O|  |TAMS 0x0000000606800000, 0x0000000606800000| Untracked 
|   1|0x0000000606c00000, 0x0000000606c00000, 0x0000000607000000|  0%| F|  |TAMS 0x0000000606c00000, 0x0000000606c00000| Untracked 
|   2|0x0000000607000000, 0x0000000607000000, 0x0000000607400000|  0%| F|  |TAMS 0x0000000607000000, 0x0000000607000000| Untracked 
|   3|0x0000000607400000, 0x0000000607400000, 0x0000000607800000|  0%| F|  |TAMS 0x0000000607400000, 0x0000000607400000| Untracked 
|   4|0x0000000607800000, 0x0000000607800000, 0x0000000607c00000|  0%| F|  |TAMS 0x0000000607800000, 0x0000000607800000| Untracked 
|   5|0x0000000607c00000, 0x0000000607c00000, 0x0000000608000000|  0%| F|  |TAMS 0x0000000607c00000, 0x0000000607c00000| Untracked 
|   6|0x0000000608000000, 0x0000000608000000, 0x0000000608400000|  0%| F|  |TAMS 0x0000000608000000, 0x0000000608000000| Untracked 
|   7|0x0000000608400000, 0x0000000608400000, 0x0000000608800000|  0%| F|  |TAMS 0x0000000608400000, 0x0000000608400000| Untracked 
|   8|0x0000000608800000, 0x0000000608800000, 0x0000000608c00000|  0%| F|  |TAMS 0x0000000608800000, 0x0000000608800000| Untracked 
|   9|0x0000000608c00000, 0x0000000608c00000, 0x0000000609000000|  0%| F|  |TAMS 0x0000000608c00000, 0x0000000608c00000| Untracked 
|  10|0x0000000609000000, 0x0000000609000000, 0x0000000609400000|  0%| F|  |TAMS 0x0000000609000000, 0x0000000609000000| Untracked 
|  11|0x0000000609400000, 0x0000000609400000, 0x0000000609800000|  0%| F|  |TAMS 0x0000000609400000, 0x0000000609400000| Untracked 
|  12|0x0000000609800000, 0x0000000609800000, 0x0000000609c00000|  0%| F|  |TAMS 0x0000000609800000, 0x0000000609800000| Untracked 
|  13|0x0000000609c00000, 0x0000000609c00000, 0x000000060a000000|  0%| F|  |TAMS 0x0000000609c00000, 0x0000000609c00000| Untracked 
|  14|0x000000060a000000, 0x000000060a000000, 0x000000060a400000|  0%| F|  |TAMS 0x000000060a000000, 0x000000060a000000| Untracked 
|  15|0x000000060a400000, 0x000000060a400000, 0x000000060a800000|  0%| F|  |TAMS 0x000000060a400000, 0x000000060a400000| Untracked 
|  16|0x000000060a800000, 0x000000060a800000, 0x000000060ac00000|  0%| F|  |TAMS 0x000000060a800000, 0x000000060a800000| Untracked 
|  17|0x000000060ac00000, 0x000000060ac00000, 0x000000060b000000|  0%| F|  |TAMS 0x000000060ac00000, 0x000000060ac00000| Untracked 
|  18|0x000000060b000000, 0x000000060b000000, 0x000000060b400000|  0%| F|  |TAMS 0x000000060b000000, 0x000000060b000000| Untracked 
|  19|0x000000060b400000, 0x000000060b400000, 0x000000060b800000|  0%| F|  |TAMS 0x000000060b400000, 0x000000060b400000| Untracked 
|  20|0x000000060b800000, 0x000000060b800000, 0x000000060bc00000|  0%| F|  |TAMS 0x000000060b800000, 0x000000060b800000| Untracked 
|  21|0x000000060bc00000, 0x000000060bc00000, 0x000000060c000000|  0%| F|  |TAMS 0x000000060bc00000, 0x000000060bc00000| Untracked 
|  22|0x000000060c000000, 0x000000060c000000, 0x000000060c400000|  0%| F|  |TAMS 0x000000060c000000, 0x000000060c000000| Untracked 
|  23|0x000000060c400000, 0x000000060c400000, 0x000000060c800000|  0%| F|  |TAMS 0x000000060c400000, 0x000000060c400000| Untracked 
|  24|0x000000060c800000, 0x000000060c800000, 0x000000060cc00000|  0%| F|  |TAMS 0x000000060c800000, 0x000000060c800000| Untracked 
|  25|0x000000060cc00000, 0x000000060cc00000, 0x000000060d000000|  0%| F|  |TAMS 0x000000060cc00000, 0x000000060cc00000| Untracked 
|  26|0x000000060d000000, 0x000000060d000000, 0x000000060d400000|  0%| F|  |TAMS 0x000000060d000000, 0x000000060d000000| Untracked 
|  27|0x000000060d400000, 0x000000060d400000, 0x000000060d800000|  0%| F|  |TAMS 0x000000060d400000, 0x000000060d400000| Untracked 
|  28|0x000000060d800000, 0x000000060d800000, 0x000000060dc00000|  0%| F|  |TAMS 0x000000060d800000, 0x000000060d800000| Untracked 
|  29|0x000000060dc00000, 0x000000060dc00000, 0x000000060e000000|  0%| F|  |TAMS 0x000000060dc00000, 0x000000060dc00000| Untracked 
|  30|0x000000060e000000, 0x000000060e000000, 0x000000060e400000|  0%| F|  |TAMS 0x000000060e000000, 0x000000060e000000| Untracked 
|  31|0x000000060e400000, 0x000000060e400000, 0x000000060e800000|  0%| F|  |TAMS 0x000000060e400000, 0x000000060e400000| Untracked 
|  32|0x000000060e800000, 0x000000060e800000, 0x000000060ec00000|  0%| F|  |TAMS 0x000000060e800000, 0x000000060e800000| Untracked 
|  33|0x000000060ec00000, 0x000000060ec00000, 0x000000060f000000|  0%| F|  |TAMS 0x000000060ec00000, 0x000000060ec00000| Untracked 
|  34|0x000000060f000000, 0x000000060f000000, 0x000000060f400000|  0%| F|  |TAMS 0x000000060f000000, 0x000000060f000000| Untracked 
|  35|0x000000060f400000, 0x000000060f400000, 0x000000060f800000|  0%| F|  |TAMS 0x000000060f400000, 0x000000060f400000| Untracked 
|  36|0x000000060f800000, 0x000000060f800000, 0x000000060fc00000|  0%| F|  |TAMS 0x000000060f800000, 0x000000060f800000| Untracked 
|  37|0x000000060fc00000, 0x000000060fc00000, 0x0000000610000000|  0%| F|  |TAMS 0x000000060fc00000, 0x000000060fc00000| Untracked 
|  38|0x0000000610000000, 0x0000000610000000, 0x0000000610400000|  0%| F|  |TAMS 0x0000000610000000, 0x0000000610000000| Untracked 
|  39|0x0000000610400000, 0x0000000610400000, 0x0000000610800000|  0%| F|  |TAMS 0x0000000610400000, 0x0000000610400000| Untracked 
|  40|0x0000000610800000, 0x0000000610800000, 0x0000000610c00000|  0%| F|  |TAMS 0x0000000610800000, 0x0000000610800000| Untracked 
|  41|0x0000000610c00000, 0x0000000610c00000, 0x0000000611000000|  0%| F|  |TAMS 0x0000000610c00000, 0x0000000610c00000| Untracked 
|  42|0x0000000611000000, 0x0000000611000000, 0x0000000611400000|  0%| F|  |TAMS 0x0000000611000000, 0x0000000611000000| Untracked 
|  43|0x0000000611400000, 0x0000000611400000, 0x0000000611800000|  0%| F|  |TAMS 0x0000000611400000, 0x0000000611400000| Untracked 
|  44|0x0000000611800000, 0x0000000611800000, 0x0000000611c00000|  0%| F|  |TAMS 0x0000000611800000, 0x0000000611800000| Untracked 
|  45|0x0000000611c00000, 0x0000000611c00000, 0x0000000612000000|  0%| F|  |TAMS 0x0000000611c00000, 0x0000000611c00000| Untracked 
|  46|0x0000000612000000, 0x0000000612000000, 0x0000000612400000|  0%| F|  |TAMS 0x0000000612000000, 0x0000000612000000| Untracked 
|  47|0x0000000612400000, 0x0000000612400000, 0x0000000612800000|  0%| F|  |TAMS 0x0000000612400000, 0x0000000612400000| Untracked 
|  48|0x0000000612800000, 0x0000000612800000, 0x0000000612c00000|  0%| F|  |TAMS 0x0000000612800000, 0x0000000612800000| Untracked 
|  49|0x0000000612c00000, 0x0000000612c00000, 0x0000000613000000|  0%| F|  |TAMS 0x0000000612c00000, 0x0000000612c00000| Untracked 
|  50|0x0000000613000000, 0x0000000613002040, 0x0000000613400000|  0%| S|CS|TAMS 0x0000000613000000, 0x0000000613000000| Complete 
|  51|0x0000000613400000, 0x0000000613400000, 0x0000000613800000|  0%| F|  |TAMS 0x0000000613400000, 0x0000000613400000| Untracked 
|  52|0x0000000613800000, 0x0000000613800000, 0x0000000613c00000|  0%| F|  |TAMS 0x0000000613800000, 0x0000000613800000| Untracked 
|  53|0x0000000613c00000, 0x0000000613c00000, 0x0000000614000000|  0%| F|  |TAMS 0x0000000613c00000, 0x0000000613c00000| Untracked 
|  54|0x0000000614000000, 0x0000000614000800, 0x0000000614400000|  0%| E|  |TAMS 0x0000000614000000, 0x0000000614000000| Complete 
|  55|0x0000000614400000, 0x0000000614800000, 0x0000000614800000|100%| E|CS|TAMS 0x0000000614400000, 0x0000000614400000| Complete 
|  56|0x0000000614800000, 0x0000000614c00000, 0x0000000614c00000|100%| E|CS|TAMS 0x0000000614800000, 0x0000000614800000| Complete 
|  57|0x0000000614c00000, 0x0000000615000000, 0x0000000615000000|100%| E|CS|TAMS 0x0000000614c00000, 0x0000000614c00000| Complete 
|  58|0x0000000615000000, 0x0000000615400000, 0x0000000615400000|100%| E|CS|TAMS 0x0000000615000000, 0x0000000615000000| Complete 
|  59|0x0000000615400000, 0x0000000615800000, 0x0000000615800000|100%| E|CS|TAMS 0x0000000615400000, 0x0000000615400000| Complete 
|  60|0x0000000615800000, 0x0000000615c00000, 0x0000000615c00000|100%| E|CS|TAMS 0x0000000615800000, 0x0000000615800000| Complete 
|  61|0x0000000615c00000, 0x0000000616000000, 0x0000000616000000|100%| E|CS|TAMS 0x0000000615c00000, 0x0000000615c00000| Complete 
|  62|0x0000000616000000, 0x0000000616400000, 0x0000000616400000|100%| E|CS|TAMS 0x0000000616000000, 0x0000000616000000| Complete 
|  63|0x0000000616400000, 0x0000000616800000, 0x0000000616800000|100%| E|CS|TAMS 0x0000000616400000, 0x0000000616400000| Complete 
|  64|0x0000000616800000, 0x0000000616c00000, 0x0000000616c00000|100%| E|CS|TAMS 0x0000000616800000, 0x0000000616800000| Complete 
|  65|0x0000000616c00000, 0x0000000617000000, 0x0000000617000000|100%| E|CS|TAMS 0x0000000616c00000, 0x0000000616c00000| Complete 
|  66|0x0000000617000000, 0x0000000617400000, 0x0000000617400000|100%| E|CS|TAMS 0x0000000617000000, 0x0000000617000000| Complete 
|  67|0x0000000617400000, 0x0000000617800000, 0x0000000617800000|100%| E|CS|TAMS 0x0000000617400000, 0x0000000617400000| Complete 
|  68|0x0000000617800000, 0x0000000617c00000, 0x0000000617c00000|100%| E|CS|TAMS 0x0000000617800000, 0x0000000617800000| Complete 
|  69|0x0000000617c00000, 0x0000000618000000, 0x0000000618000000|100%| E|CS|TAMS 0x0000000617c00000, 0x0000000617c00000| Complete 
|  70|0x0000000618000000, 0x0000000618400000, 0x0000000618400000|100%| E|CS|TAMS 0x0000000618000000, 0x0000000618000000| Complete 
|  71|0x0000000618400000, 0x0000000618800000, 0x0000000618800000|100%| E|CS|TAMS 0x0000000618400000, 0x0000000618400000| Complete 
|  72|0x0000000618800000, 0x0000000618c00000, 0x0000000618c00000|100%| E|CS|TAMS 0x0000000618800000, 0x0000000618800000| Complete 
|  73|0x0000000618c00000, 0x0000000619000000, 0x0000000619000000|100%| E|CS|TAMS 0x0000000618c00000, 0x0000000618c00000| Complete 
|  74|0x0000000619000000, 0x0000000619400000, 0x0000000619400000|100%| E|CS|TAMS 0x0000000619000000, 0x0000000619000000| Complete 
|  75|0x0000000619400000, 0x0000000619800000, 0x0000000619800000|100%| E|CS|TAMS 0x0000000619400000, 0x0000000619400000| Complete 
|  76|0x0000000619800000, 0x0000000619c00000, 0x0000000619c00000|100%| E|CS|TAMS 0x0000000619800000, 0x0000000619800000| Complete 
|  77|0x0000000619c00000, 0x000000061a000000, 0x000000061a000000|100%| E|CS|TAMS 0x0000000619c00000, 0x0000000619c00000| Complete 
|  78|0x000000061a000000, 0x000000061a400000, 0x000000061a400000|100%| E|CS|TAMS 0x000000061a000000, 0x000000061a000000| Complete 
|  79|0x000000061a400000, 0x000000061a800000, 0x000000061a800000|100%| E|CS|TAMS 0x000000061a400000, 0x000000061a400000| Complete 
|  80|0x000000061a800000, 0x000000061ac00000, 0x000000061ac00000|100%| E|CS|TAMS 0x000000061a800000, 0x000000061a800000| Complete 
|  81|0x000000061ac00000, 0x000000061b000000, 0x000000061b000000|100%| E|CS|TAMS 0x000000061ac00000, 0x000000061ac00000| Complete 
|  82|0x000000061b000000, 0x000000061b400000, 0x000000061b400000|100%| E|CS|TAMS 0x000000061b000000, 0x000000061b000000| Complete 
|  83|0x000000061b400000, 0x000000061b800000, 0x000000061b800000|100%| E|CS|TAMS 0x000000061b400000, 0x000000061b400000| Complete 
|  84|0x000000061b800000, 0x000000061bc00000, 0x000000061bc00000|100%| E|CS|TAMS 0x000000061b800000, 0x000000061b800000| Complete 
|  85|0x000000061bc00000, 0x000000061c000000, 0x000000061c000000|100%| E|CS|TAMS 0x000000061bc00000, 0x000000061bc00000| Complete 
|  86|0x000000061c000000, 0x000000061c400000, 0x000000061c400000|100%| E|CS|TAMS 0x000000061c000000, 0x000000061c000000| Complete 
|  87|0x000000061c400000, 0x000000061c800000, 0x000000061c800000|100%| E|CS|TAMS 0x000000061c400000, 0x000000061c400000| Complete 
|  88|0x000000061c800000, 0x000000061cc00000, 0x000000061cc00000|100%| E|CS|TAMS 0x000000061c800000, 0x000000061c800000| Complete 
|  89|0x000000061cc00000, 0x000000061d000000, 0x000000061d000000|100%| E|CS|TAMS 0x000000061cc00000, 0x000000061cc00000| Complete 
|  90|0x000000061d000000, 0x000000061d400000, 0x000000061d400000|100%| E|CS|TAMS 0x000000061d000000, 0x000000061d000000| Complete 
|  91|0x000000061d400000, 0x000000061d800000, 0x000000061d800000|100%| E|CS|TAMS 0x000000061d400000, 0x000000061d400000| Complete 
|  92|0x000000061d800000, 0x000000061dc00000, 0x000000061dc00000|100%| E|CS|TAMS 0x000000061d800000, 0x000000061d800000| Complete 
|  93|0x000000061dc00000, 0x000000061e000000, 0x000000061e000000|100%| E|CS|TAMS 0x000000061dc00000, 0x000000061dc00000| Complete 
|  94|0x000000061e000000, 0x000000061e400000, 0x000000061e400000|100%| E|CS|TAMS 0x000000061e000000, 0x000000061e000000| Complete 
|  95|0x000000061e400000, 0x000000061e800000, 0x000000061e800000|100%| E|CS|TAMS 0x000000061e400000, 0x000000061e400000| Complete 
|  96|0x000000061e800000, 0x000000061ec00000, 0x000000061ec00000|100%| E|CS|TAMS 0x000000061e800000, 0x000000061e800000| Complete 
|  97|0x000000061ec00000, 0x000000061f000000, 0x000000061f000000|100%| E|CS|TAMS 0x000000061ec00000, 0x000000061ec00000| Complete 
|  98|0x000000061f000000, 0x000000061f400000, 0x000000061f400000|100%| E|CS|TAMS 0x000000061f000000, 0x000000061f000000| Complete 
|  99|0x000000061f400000, 0x000000061f800000, 0x000000061f800000|100%| E|CS|TAMS 0x000000061f400000, 0x000000061f400000| Complete 
| 100|0x000000061f800000, 0x000000061fc00000, 0x000000061fc00000|100%| E|CS|TAMS 0x000000061f800000, 0x000000061f800000| Complete 
| 101|0x000000061fc00000, 0x0000000620000000, 0x0000000620000000|100%| E|CS|TAMS 0x000000061fc00000, 0x000000061fc00000| Complete 
| 102|0x0000000620000000, 0x0000000620400000, 0x0000000620400000|100%| E|CS|TAMS 0x0000000620000000, 0x0000000620000000| Complete 
| 103|0x0000000620400000, 0x0000000620800000, 0x0000000620800000|100%| E|CS|TAMS 0x0000000620400000, 0x0000000620400000| Complete 
| 104|0x0000000620800000, 0x0000000620c00000, 0x0000000620c00000|100%| E|CS|TAMS 0x0000000620800000, 0x0000000620800000| Complete 
| 105|0x0000000620c00000, 0x0000000621000000, 0x0000000621000000|100%| E|CS|TAMS 0x0000000620c00000, 0x0000000620c00000| Complete 
| 106|0x0000000621000000, 0x0000000621400000, 0x0000000621400000|100%| E|CS|TAMS 0x0000000621000000, 0x0000000621000000| Complete 
| 107|0x0000000621400000, 0x0000000621800000, 0x0000000621800000|100%| E|CS|TAMS 0x0000000621400000, 0x0000000621400000| Complete 
| 108|0x0000000621800000, 0x0000000621c00000, 0x0000000621c00000|100%| E|CS|TAMS 0x0000000621800000, 0x0000000621800000| Complete 
| 109|0x0000000621c00000, 0x0000000622000000, 0x0000000622000000|100%| E|CS|TAMS 0x0000000621c00000, 0x0000000621c00000| Complete 
| 110|0x0000000622000000, 0x0000000622400000, 0x0000000622400000|100%| E|CS|TAMS 0x0000000622000000, 0x0000000622000000| Complete 
| 111|0x0000000622400000, 0x0000000622800000, 0x0000000622800000|100%| E|CS|TAMS 0x0000000622400000, 0x0000000622400000| Complete 
| 112|0x0000000622800000, 0x0000000622c00000, 0x0000000622c00000|100%| E|CS|TAMS 0x0000000622800000, 0x0000000622800000| Complete 
| 113|0x0000000622c00000, 0x0000000623000000, 0x0000000623000000|100%| E|CS|TAMS 0x0000000622c00000, 0x0000000622c00000| Complete 
| 114|0x0000000623000000, 0x0000000623400000, 0x0000000623400000|100%| E|CS|TAMS 0x0000000623000000, 0x0000000623000000| Complete 
| 115|0x0000000623400000, 0x0000000623800000, 0x0000000623800000|100%| E|CS|TAMS 0x0000000623400000, 0x0000000623400000| Complete 
| 116|0x0000000623800000, 0x0000000623c00000, 0x0000000623c00000|100%| E|CS|TAMS 0x0000000623800000, 0x0000000623800000| Complete 
| 117|0x0000000623c00000, 0x0000000624000000, 0x0000000624000000|100%| E|CS|TAMS 0x0000000623c00000, 0x0000000623c00000| Complete 
| 118|0x0000000624000000, 0x0000000624400000, 0x0000000624400000|100%| E|CS|TAMS 0x0000000624000000, 0x0000000624000000| Complete 
| 119|0x0000000624400000, 0x0000000624800000, 0x0000000624800000|100%| E|CS|TAMS 0x0000000624400000, 0x0000000624400000| Complete 
| 120|0x0000000624800000, 0x0000000624c00000, 0x0000000624c00000|100%| E|CS|TAMS 0x0000000624800000, 0x0000000624800000| Complete 
| 121|0x0000000624c00000, 0x0000000625000000, 0x0000000625000000|100%| E|CS|TAMS 0x0000000624c00000, 0x0000000624c00000| Complete 
| 122|0x0000000625000000, 0x0000000625400000, 0x0000000625400000|100%| E|CS|TAMS 0x0000000625000000, 0x0000000625000000| Complete 
| 123|0x0000000625400000, 0x0000000625800000, 0x0000000625800000|100%| E|CS|TAMS 0x0000000625400000, 0x0000000625400000| Complete 
| 124|0x0000000625800000, 0x0000000625c00000, 0x0000000625c00000|100%| E|CS|TAMS 0x0000000625800000, 0x0000000625800000| Complete 
| 125|0x0000000625c00000, 0x0000000626000000, 0x0000000626000000|100%| E|CS|TAMS 0x0000000625c00000, 0x0000000625c00000| Complete 
| 126|0x0000000626000000, 0x0000000626400000, 0x0000000626400000|100%| E|CS|TAMS 0x0000000626000000, 0x0000000626000000| Complete 

Card table byte_map: [0x0000016f34550000,0x0000016f35520000] _byte_map_base: 0x0000016f3151c000

Marking Bits (Prev, Next): (CMBitMap*) 0x0000016f1c475320, (CMBitMap*) 0x0000016f1c475360
 Prev Bits: [0x0000016f364f0000, 0x0000016f3e350000)
 Next Bits: [0x0000016f3e350000, 0x0000016f461b0000)

Polling page: 0x0000016f1a270000

Metaspace:

Usage:
  Non-class:      8.38 MB used.
      Class:   1014.74 KB used.
       Both:      9.37 MB used.

Virtual space:
  Non-class space:       16.00 MB reserved,       8.50 MB ( 53%) committed,  2 nodes.
      Class space:        1.00 GB reserved,       1.12 MB ( <1%) committed,  1 nodes.
             Both:        1.02 GB reserved,       9.62 MB ( <1%) committed. 

Chunk freelists:
   Non-Class:  3.44 MB
       Class:  2.87 MB
        Both:  6.32 MB

MaxMetaspaceSize: unlimited
CompressedClassSpaceSize: 1.00 GB
Initial GC threshold: 21.00 MB
Current GC threshold: 21.00 MB
CDS: on
MetaspaceReclaimPolicy: balanced
 - commit_granule_bytes: 65536.
 - commit_granule_words: 8192.
 - virtual_space_node_default_size: 1048576.
 - enlarge_chunks_in_place: 1.
 - new_chunks_are_fully_committed: 0.
 - uncommit_free_chunks: 1.
 - use_allocation_guard: 0.
 - handle_deallocations: 1.


Internal statistics:

num_allocs_failed_limit: 0.
num_arena_births: 210.
num_arena_deaths: 0.
num_vsnodes_births: 3.
num_vsnodes_deaths: 0.
num_space_committed: 154.
num_space_uncommitted: 0.
num_chunks_returned_to_freelist: 0.
num_chunks_taken_from_freelist: 417.
num_chunk_merges: 0.
num_chunk_splits: 238.
num_chunks_enlarged: 123.
num_purges: 0.
num_inconsistent_stats: 0.

CodeHeap 'non-profiled nmethods': size=119168Kb used=877Kb max_used=877Kb free=118290Kb
 bounds [0x0000016f2b780000, 0x0000016f2b9f0000, 0x0000016f32be0000]
CodeHeap 'profiled nmethods': size=119104Kb used=3227Kb max_used=3227Kb free=115876Kb
 bounds [0x0000016f24330000, 0x0000016f24660000, 0x0000016f2b780000]
CodeHeap 'non-nmethods': size=7488Kb used=1231Kb max_used=2946Kb free=6257Kb
 bounds [0x0000016f23be0000, 0x0000016f23ed0000, 0x0000016f24330000]
 total_blobs=2402 nmethods=1868 adapters=446
 compilation: enabled
              stopped_count=0, restarted_count=0
 full_count=0

Compilation events (20 events):
Event: 17.123 Thread 0x0000016f492ca590 nmethod 1864 0x0000016f2464d990 code [0x0000016f2464db40, 0x0000016f2464dd48]
Event: 17.123 Thread 0x0000016f492ca590 1865       3       io.aeron.logbuffer.LogBufferDescriptor::rotateLog (67 bytes)
Event: 17.124 Thread 0x0000016f492ca590 nmethod 1865 0x0000016f2464de90 code [0x0000016f2464e080, 0x0000016f2464e6a8]
Event: 17.124 Thread 0x0000016f492ca590 1866       3       io.aeron.logbuffer.LogBufferDescriptor::rawTailVolatile (13 bytes)
Event: 17.124 Thread 0x0000016f492ca590 nmethod 1866 0x0000016f2464e990 code [0x0000016f2464eb20, 0x0000016f2464ecc8]
Event: 17.124 Thread 0x0000016f492ca590 1867       3       io.aeron.logbuffer.LogBufferDescriptor::casRawTail (20 bytes)
Event: 17.124 Thread 0x0000016f492ca590 nmethod 1867 0x0000016f2464ed90 code [0x0000016f2464ef20, 0x0000016f2464f0c8]
Event: 17.124 Thread 0x0000016f492ca590 1868       3       io.aeron.logbuffer.LogBufferDescriptor::casActiveTermCount (10 bytes)
Event: 17.124 Thread 0x0000016f492ca590 nmethod 1868 0x0000016f2464f190 code [0x0000016f2464f320, 0x0000016f2464f4e8]
Event: 17.124 Thread 0x0000016f492ca590 1869       3       org.agrona.concurrent.UnsafeBuffer::compareAndSetInt (29 bytes)
Event: 17.124 Thread 0x0000016f492ca590 nmethod 1869 0x0000016f2464f610 code [0x0000016f2464f7e0, 0x0000016f2464fb58]
Event: 17.139 Thread 0x0000016f492ca590 1870   !   3       java.io.ObjectInputStream::readObject (160 bytes)
Event: 17.140 Thread 0x0000016f492ca590 nmethod 1870 0x0000016f2464fd10 code [0x0000016f2464ffa0, 0x0000016f24650c78]
Event: 17.140 Thread 0x0000016f492ca590 1871       1       javax.management.ObjectName$Property::setKeyIndex (6 bytes)
Event: 17.140 Thread 0x0000016f492ca590 nmethod 1871 0x0000016f2b85b390 code [0x0000016f2b85b520, 0x0000016f2b85b5f8]
Event: 17.140 Thread 0x0000016f492ca590 1872   !   3       java.io.ObjectOutputStream::writeOrdinaryObject (196 bytes)
Event: 17.141 Thread 0x0000016f492ca590 nmethod 1872 0x0000016f24651310 code [0x0000016f24651620, 0x0000016f24652448]
Event: 17.141 Thread 0x0000016f492ca590 1873  s    3       java.io.BufferedOutputStream::flush (12 bytes)
Event: 17.141 Thread 0x0000016f492ca590 nmethod 1873 0x0000016f24652c90 code [0x0000016f24652e60, 0x0000016f24653278]
Event: 18.096 Thread 0x0000016f492ca590 1874       3       java.util.zip.ZipFile::getZipEntry (322 bytes)

GC Heap History (20 events):
Event: 14.735 GC heap before
{Heap before GC invocations=44 (full 0):
 garbage-first heap   total 520192K, used 311250K [0x0000000606800000, 0x0000000800000000)
  region size 4096K, 76 young (311296K), 1 survivors (4096K)
 Metaspace       used 9523K, committed 9792K, reserved 1064960K
  class space    used 1012K, committed 1152K, reserved 1048576K
}
Event: 14.735 GC heap after
{Heap after GC invocations=45 (full 0):
 garbage-first heap   total 520192K, used 4050K [0x0000000606800000, 0x0000000800000000)
  region size 4096K, 1 young (4096K), 1 survivors (4096K)
 Metaspace       used 9523K, committed 9792K, reserved 1064960K
  class space    used 1012K, committed 1152K, reserved 1048576K
}
Event: 15.070 GC heap before
{Heap before GC invocations=45 (full 0):
 garbage-first heap   total 520192K, used 311250K [0x0000000606800000, 0x0000000800000000)
  region size 4096K, 76 young (311296K), 1 survivors (4096K)
 Metaspace       used 9525K, committed 9792K, reserved 1064960K
  class space    used 1012K, committed 1152K, reserved 1048576K
}
Event: 15.071 GC heap after
{Heap after GC invocations=46 (full 0):
 garbage-first heap   total 520192K, used 4052K [0x0000000606800000, 0x0000000800000000)
  region size 4096K, 1 young (4096K), 1 survivors (4096K)
 Metaspace       used 9525K, committed 9792K, reserved 1064960K
  class space    used 1012K, committed 1152K, reserved 1048576K
}
Event: 15.414 GC heap before
{Heap before GC invocations=46 (full 0):
 garbage-first heap   total 520192K, used 311252K [0x0000000606800000, 0x0000000800000000)
  region size 4096K, 76 young (311296K), 1 survivors (4096K)
 Metaspace       used 9525K, committed 9792K, reserved 1064960K
  class space    used 1012K, committed 1152K, reserved 1048576K
}
Event: 15.414 GC heap after
{Heap after GC invocations=47 (full 0):
 garbage-first heap   total 520192K, used 4056K [0x0000000606800000, 0x0000000800000000)
  region size 4096K, 1 young (4096K), 1 survivors (4096K)
 Metaspace       used 9525K, committed 9792K, reserved 1064960K
  class space    used 1012K, committed 1152K, reserved 1048576K
}
Event: 15.753 GC heap before
{Heap before GC invocations=47 (full 0):
 garbage-first heap   total 520192K, used 311256K [0x0000000606800000, 0x0000000800000000)
  region size 4096K, 76 young (311296K), 1 survivors (4096K)
 Metaspace       used 9526K, committed 9792K, reserved 1064960K
  class space    used 1012K, committed 1152K, reserved 1048576K
}
Event: 15.753 GC heap after
{Heap after GC invocations=48 (full 0):
 garbage-first heap   total 520192K, used 4060K [0x0000000606800000, 0x0000000800000000)
  region size 4096K, 1 young (4096K), 1 survivors (4096K)
 Metaspace       used 9526K, committed 9792K, reserved 1064960K
  class space    used 1012K, committed 1152K, reserved 1048576K
}
Event: 16.091 GC heap before
{Heap before GC invocations=48 (full 0):
 garbage-first heap   total 520192K, used 311260K [0x0000000606800000, 0x0000000800000000)
  region size 4096K, 76 young (311296K), 1 survivors (4096K)
 Metaspace       used 9560K, committed 9856K, reserved 1064960K
  class space    used 1012K, committed 1152K, reserved 1048576K
}
Event: 16.091 GC heap after
{Heap after GC invocations=49 (full 0):
 garbage-first heap   total 520192K, used 4058K [0x0000000606800000, 0x0000000800000000)
  region size 4096K, 1 young (4096K), 1 survivors (4096K)
 Metaspace       used 9560K, committed 9856K, reserved 1064960K
  class space    used 1012K, committed 1152K, reserved 1048576K
}
Event: 16.444 GC heap before
{Heap before GC invocations=49 (full 0):
 garbage-first heap   total 520192K, used 311258K [0x0000000606800000, 0x0000000800000000)
  region size 4096K, 76 young (311296K), 1 survivors (4096K)
 Metaspace       used 9564K, committed 9856K, reserved 1064960K
  class space    used 1012K, committed 1152K, reserved 1048576K
}
Event: 16.445 GC heap after
{Heap after GC invocations=50 (full 0):
 garbage-first heap   total 520192K, used 4056K [0x0000000606800000, 0x0000000800000000)
  region size 4096K, 1 young (4096K), 1 survivors (4096K)
 Metaspace       used 9564K, committed 9856K, reserved 1064960K
  class space    used 1012K, committed 1152K, reserved 1048576K
}
Event: 16.786 GC heap before
{Heap before GC invocations=50 (full 0):
 garbage-first heap   total 520192K, used 311256K [0x0000000606800000, 0x0000000800000000)
  region size 4096K, 76 young (311296K), 1 survivors (4096K)
 Metaspace       used 9564K, committed 9856K, reserved 1064960K
  class space    used 1012K, committed 1152K, reserved 1048576K
}
Event: 16.786 GC heap after
{Heap after GC invocations=51 (full 0):
 garbage-first heap   total 520192K, used 4057K [0x0000000606800000, 0x0000000800000000)
  region size 4096K, 1 young (4096K), 1 survivors (4096K)
 Metaspace       used 9564K, committed 9856K, reserved 1064960K
  class space    used 1012K, committed 1152K, reserved 1048576K
}
Event: 17.113 GC heap before
{Heap before GC invocations=51 (full 0):
 garbage-first heap   total 520192K, used 311257K [0x0000000606800000, 0x0000000800000000)
  region size 4096K, 76 young (311296K), 1 survivors (4096K)
 Metaspace       used 9565K, committed 9856K, reserved 1064960K
  class space    used 1012K, committed 1152K, reserved 1048576K
}
Event: 17.113 GC heap after
{Heap after GC invocations=52 (full 0):
 garbage-first heap   total 520192K, used 4069K [0x0000000606800000, 0x0000000800000000)
  region size 4096K, 1 young (4096K), 1 survivors (4096K)
 Metaspace       used 9565K, committed 9856K, reserved 1064960K
  class space    used 1012K, committed 1152K, reserved 1048576K
}
Event: 17.443 GC heap before
{Heap before GC invocations=52 (full 0):
 garbage-first heap   total 520192K, used 311269K [0x0000000606800000, 0x0000000800000000)
  region size 4096K, 76 young (311296K), 1 survivors (4096K)
 Metaspace       used 9572K, committed 9856K, reserved 1064960K
  class space    used 1012K, committed 1152K, reserved 1048576K
}
Event: 17.444 GC heap after
{Heap after GC invocations=53 (full 0):
 garbage-first heap   total 520192K, used 4061K [0x0000000606800000, 0x0000000800000000)
  region size 4096K, 1 young (4096K), 1 survivors (4096K)
 Metaspace       used 9572K, committed 9856K, reserved 1064960K
  class space    used 1012K, committed 1152K, reserved 1048576K
}
Event: 17.776 GC heap before
{Heap before GC invocations=53 (full 0):
 garbage-first heap   total 520192K, used 311261K [0x0000000606800000, 0x0000000800000000)
  region size 4096K, 76 young (311296K), 1 survivors (4096K)
 Metaspace       used 9572K, committed 9856K, reserved 1064960K
  class space    used 1012K, committed 1152K, reserved 1048576K
}
Event: 17.777 GC heap after
{Heap after GC invocations=54 (full 0):
 garbage-first heap   total 520192K, used 4063K [0x0000000606800000, 0x0000000800000000)
  region size 4096K, 1 young (4096K), 1 survivors (4096K)
 Metaspace       used 9572K, committed 9856K, reserved 1064960K
  class space    used 1012K, committed 1152K, reserved 1048576K
}

Deoptimization events (20 events):
Event: 1.395 Thread 0x0000016f4a28c770 DEOPT PACKING pc=0x0000016f2b8465b8 sp=0x0000002894cff460
Event: 1.395 Thread 0x0000016f4a28c770 DEOPT UNPACKING pc=0x0000016f23c323a3 sp=0x0000002894cff3c0 mode 2
Event: 1.442 Thread 0x0000016f1c3fb4a0 Uncommon trap: trap_request=0xffffff45 fr.pc=0x0000016f2b8271bc relative=0x000000000000021c
Event: 1.442 Thread 0x0000016f1c3fb4a0 Uncommon trap: reason=unstable_if action=reinterpret pc=0x0000016f2b8271bc method=com.resourcebox.demo.NewValidationApp.main([Ljava/lang/String;)V @ 191 c2
Event: 1.442 Thread 0x0000016f1c3fb4a0 DEOPT PACKING pc=0x0000016f2b8271bc sp=0x0000002892dff7f0
Event: 1.442 Thread 0x0000016f1c3fb4a0 DEOPT UNPACKING pc=0x0000016f23c323a3 sp=0x0000002892dff750 mode 2
Event: 1.448 Thread 0x0000016f1c3fb4a0 Uncommon trap: trap_request=0xffffff45 fr.pc=0x0000016f2b7b5448 relative=0x0000000000000048
Event: 1.448 Thread 0x0000016f1c3fb4a0 Uncommon trap: reason=unstable_if action=reinterpret pc=0x0000016f2b7b5448 method=java.lang.CharacterData.of(I)Ljava/lang/CharacterData; @ 4 c2
Event: 1.448 Thread 0x0000016f1c3fb4a0 DEOPT PACKING pc=0x0000016f2b7b5448 sp=0x0000002892dfeae0
Event: 1.448 Thread 0x0000016f1c3fb4a0 DEOPT UNPACKING pc=0x0000016f23c323a3 sp=0x0000002892dfea80 mode 2
Event: 1.463 Thread 0x0000016f1c3fb4a0 DEOPT PACKING pc=0x0000016f245e2505 sp=0x0000002892dff6e0
Event: 1.463 Thread 0x0000016f1c3fb4a0 DEOPT UNPACKING pc=0x0000016f23c32b43 sp=0x0000002892dfec48 mode 0
Event: 18.096 Thread 0x0000016f1c3fb4a0 Uncommon trap: trap_request=0xffffff45 fr.pc=0x0000016f2b849070 relative=0x0000000000000490
Event: 18.096 Thread 0x0000016f1c3fb4a0 Uncommon trap: reason=unstable_if action=reinterpret pc=0x0000016f2b849070 method=java.util.concurrent.atomic.AtomicBoolean.get()Z @ 4 c2
Event: 18.096 Thread 0x0000016f1c3fb4a0 DEOPT PACKING pc=0x0000016f2b849070 sp=0x0000002892dff7e0
Event: 18.096 Thread 0x0000016f1c3fb4a0 DEOPT UNPACKING pc=0x0000016f23c323a3 sp=0x0000002892dff6f0 mode 2
Event: 18.097 Thread 0x0000016f4a28c770 Uncommon trap: trap_request=0xffffff45 fr.pc=0x0000016f2b84ec0c relative=0x0000000000000dac
Event: 18.097 Thread 0x0000016f4a28c770 Uncommon trap: reason=unstable_if action=reinterpret pc=0x0000016f2b84ec0c method=org.agrona.concurrent.ringbuffer.ManyToOneRingBuffer.controlledRead(Lorg/agrona/concurrent/ControlledMessageHandler;I)I @ 86 c2
Event: 18.097 Thread 0x0000016f4a28c770 DEOPT PACKING pc=0x0000016f2b84ec0c sp=0x0000002894cff450
Event: 18.097 Thread 0x0000016f4a28c770 DEOPT UNPACKING pc=0x0000016f23c323a3 sp=0x0000002894cff2f0 mode 2

Classes unloaded (0 events):
No events

Classes redefined (0 events):
No events

Internal exceptions (20 events):
Event: 0.116 Thread 0x0000016f1c3fb4a0 Exception <a 'java/lang/NoSuchMethodError'{0x0000000625d18630}: 'java.lang.Object java.lang.invoke.DirectMethodHandle$Holder.invokeStaticInit(java.lang.Object, java.lang.Object, long, java.lang.Object)'> (0x0000000625d18630) 
thrown [t:\workspace\open\src\hotspot\share\interpreter\linkResolver.cpp, line 766]
Event: 0.117 Thread 0x0000016f1c3fb4a0 Exception <a 'java/lang/NoSuchMethodError'{0x0000000625d1ec50}: 'java.lang.Object java.lang.invoke.DirectMethodHandle$Holder.newInvokeSpecial(java.lang.Object, java.lang.Object, long)'> (0x0000000625d1ec50) 
thrown [t:\workspace\open\src\hotspot\share\interpreter\linkResolver.cpp, line 766]
Event: 0.118 Thread 0x0000016f1c3fb4a0 Exception <a 'java/lang/NoSuchMethodError'{0x0000000625d22c98}: 'java.lang.Object java.lang.invoke.Invokers$Holder.linkToTargetMethod(java.lang.Object, long, java.lang.Object)'> (0x0000000625d22c98) 
thrown [t:\workspace\open\src\hotspot\share\interpreter\linkResolver.cpp, line 766]
Event: 0.133 Thread 0x0000016f1c3fb4a0 Exception <a 'java/lang/NoSuchMethodError'{0x0000000625d6d850}: 'void java.lang.invoke.DirectMethodHandle$Holder.invokeStaticInit(java.lang.Object, java.lang.Object)'> (0x0000000625d6d850) 
thrown [t:\workspace\open\src\hotspot\share\interpreter\linkResolver.cpp, line 766]
Event: 0.138 Thread 0x0000016f494f5950 Exception <a 'java/lang/NoSuchMethodError'{0x0000000625ecab40}: 'void java.lang.invoke.DirectMethodHandle$Holder.invokeInterface(java.lang.Object, java.lang.Object)'> (0x0000000625ecab40) 
thrown [t:\workspace\open\src\hotspot\share\interpreter\linkResolver.cpp, line 766]
Event: 0.147 Thread 0x0000016f494f5950 Exception <a 'java/lang/NoSuchMethodError'{0x0000000625824b60}: 'java.lang.Object java.lang.invoke.Invokers$Holder.invoke_MT(java.lang.Object, java.lang.Object, java.lang.Object, java.lang.Object, java.lang.Object)'> (0x0000000625824b60) 
thrown [t:\workspace\open\src\hotspot\share\interpreter\linkResolver.cpp, line 766]
Event: 0.148 Thread 0x0000016f494f5950 Exception <a 'java/lang/NoSuchMethodError'{0x0000000625839788}: 'int java.lang.invoke.DirectMethodHandle$Holder.invokeSpecial(java.lang.Object, java.lang.Object, java.lang.Object)'> (0x0000000625839788) 
thrown [t:\workspace\open\src\hotspot\share\interpreter\linkResolver.cpp, line 766]
Event: 0.148 Thread 0x0000016f494f5950 Exception <a 'java/lang/NoSuchMethodError'{0x0000000625840a70}: 'int java.lang.invoke.Invokers$Holder.linkToTargetMethod(java.lang.Object, java.lang.Object, java.lang.Object)'> (0x0000000625840a70) 
thrown [t:\workspace\open\src\hotspot\share\interpreter\linkResolver.cpp, line 766]
Event: 0.152 Thread 0x0000016f492bb2c0 Exception <a 'java/lang/NoSuchMethodError'{0x0000000625f37108}: 'int java.lang.invoke.DirectMethodHandle$Holder.invokeInterface(java.lang.Object, java.lang.Object)'> (0x0000000625f37108) 
thrown [t:\workspace\open\src\hotspot\share\interpreter\linkResolver.cpp, line 766]
Event: 0.152 Thread 0x0000016f492bb2c0 Exception <a 'java/lang/IncompatibleClassChangeError'{0x0000000625f3a5f0}: Found class java.lang.Object, but interface was expected> (0x0000000625f3a5f0) 
thrown [t:\workspace\open\src\hotspot\share\interpreter\linkResolver.cpp, line 833]
Event: 0.157 Thread 0x0000016f494f5950 Exception <a 'java/lang/NoSuchMethodError'{0x0000000625868158}: 'void java.lang.invoke.DirectMethodHandle$Holder.invokeStatic(java.lang.Object, java.lang.Object, java.lang.Object)'> (0x0000000625868158) 
thrown [t:\workspace\open\src\hotspot\share\interpreter\linkResolver.cpp, line 766]
Event: 0.176 Thread 0x0000016f494f5950 Exception <a 'java/lang/NoSuchMethodError'{0x000000062594ff38}: 'java.lang.Object java.lang.invoke.DirectMethodHandle$Holder.invokeStaticInit(java.lang.Object, int, int, int, int)'> (0x000000062594ff38) 
thrown [t:\workspace\open\src\hotspot\share\interpreter\linkResolver.cpp, line 766]
Event: 0.233 Thread 0x0000016f494f5950 Exception <a 'java/lang/NoSuchMethodError'{0x0000000625b501c0}: 'java.lang.Object java.lang.invoke.DirectMethodHandle$Holder.invokeStaticInit(java.lang.Object, java.lang.Object, int, int, int, int)'> (0x0000000625b501c0) 
thrown [t:\workspace\open\src\hotspot\share\interpreter\linkResolver.cpp, line 766]
Event: 0.244 Thread 0x0000016f492bb2c0 Exception <a 'java/lang/ClassNotFoundException'{0x0000000625aec678}: javax/management/remote/rmi/RMIServerImpl_Skel> (0x0000000625aec678) 
thrown [t:\workspace\open\src\hotspot\share\classfile\systemDictionary.cpp, line 256]
Event: 0.255 Thread 0x0000016f494f5950 Exception <a 'java/lang/NoSuchMethodError'{0x0000000625bb4420}: 'java.lang.Object java.lang.invoke.DirectMethodHandle$Holder.invokeSpecial(java.lang.Object, java.lang.Object, int, java.lang.Object, java.lang.Object)'> (0x0000000625bb4420) 
thrown [t:\workspace\open\src\hotspot\share\interpreter\linkResolver.cpp, line 766]
Event: 0.261 Thread 0x0000016f494f5950 Exception <a 'java/lang/NoSuchMethodError'{0x0000000625bd0310}: 'java.lang.Object java.lang.invoke.Invokers$Holder.invoke_MT(java.lang.Object, java.lang.Object, java.lang.Object)'> (0x0000000625bd0310) 
thrown [t:\workspace\open\src\hotspot\share\interpreter\linkResolver.cpp, line 766]
Event: 0.285 Thread 0x0000016f494f5950 Exception <a 'java/lang/NoSuchMethodError'{0x0000000625521ab8}: 'void java.lang.invoke.DirectMethodHandle$Holder.invokeSpecial(java.lang.Object, java.lang.Object, java.lang.Object)'> (0x0000000625521ab8) 
thrown [t:\workspace\open\src\hotspot\share\interpreter\linkResolver.cpp, line 766]
Event: 0.300 Thread 0x0000016f4a28e920 Exception <a 'java/lang/NoSuchMethodError'{0x0000000625653110}: static [B.<clinit>()V> (0x0000000625653110) 
thrown [t:\workspace\open\src\hotspot\share\prims\jni.cpp, line 1107]
Event: 0.304 Thread 0x0000016f4a28e920 Exception <a 'java/lang/ClassNotFoundException'{0x000000062565b9f0}: javax/management/remote/rmi/RMIConnectionImpl_Skel> (0x000000062565b9f0) 
thrown [t:\workspace\open\src\hotspot\share\classfile\systemDictionary.cpp, line 256]
Event: 0.407 Thread 0x0000016f1c3fb4a0 Exception <a 'java/lang/NoSuchMethodError'{0x000000062525c540}: 'void java.lang.invoke.DirectMethodHandle$Holder.invokeVirtual(java.lang.Object, java.lang.Object)'> (0x000000062525c540) 
thrown [t:\workspace\open\src\hotspot\share\interpreter\linkResolver.cpp, line 766]

VM Operations (20 events):
Event: 14.735 Executing VM operation: G1CollectForAllocation
Event: 14.736 Executing VM operation: G1CollectForAllocation done
Event: 15.070 Executing VM operation: G1CollectForAllocation
Event: 15.071 Executing VM operation: G1CollectForAllocation done
Event: 15.414 Executing VM operation: G1CollectForAllocation
Event: 15.414 Executing VM operation: G1CollectForAllocation done
Event: 15.753 Executing VM operation: G1CollectForAllocation
Event: 15.753 Executing VM operation: G1CollectForAllocation done
Event: 16.091 Executing VM operation: G1CollectForAllocation
Event: 16.092 Executing VM operation: G1CollectForAllocation done
Event: 16.444 Executing VM operation: G1CollectForAllocation
Event: 16.445 Executing VM operation: G1CollectForAllocation done
Event: 16.786 Executing VM operation: G1CollectForAllocation
Event: 16.786 Executing VM operation: G1CollectForAllocation done
Event: 17.113 Executing VM operation: G1CollectForAllocation
Event: 17.113 Executing VM operation: G1CollectForAllocation done
Event: 17.443 Executing VM operation: G1CollectForAllocation
Event: 17.444 Executing VM operation: G1CollectForAllocation done
Event: 17.776 Executing VM operation: G1CollectForAllocation
Event: 17.777 Executing VM operation: G1CollectForAllocation done

Events (20 events):
Event: 1.444 loading class sun/util/resources/LocaleData$CommonResourceBundleProvider done
Event: 1.445 loading class sun/util/resources/Bundles$2
Event: 1.445 loading class sun/util/resources/Bundles$2 done
Event: 1.519 Thread 0x0000016f4a7867f0 Thread exited: 0x0000016f4a7867f0
Event: 1.557 loading class javax/management/openmbean/CompositeDataSupport
Event: 1.557 loading class javax/management/openmbean/CompositeDataSupport done
Event: 1.558 loading class javax/management/openmbean/OpenDataException
Event: 1.558 loading class javax/management/openmbean/OpenDataException done
Event: 1.560 loading class java/io/ObjectStreamException
Event: 1.560 loading class java/io/ObjectStreamException done
Event: 1.827 Thread 0x0000016f4942a4d0 Thread exited: 0x0000016f4942a4d0
Event: 4.370 Thread 0x0000016f493d8180 Thread exited: 0x0000016f493d8180
Event: 18.095 loading class jdk/internal/misc/Signal$1
Event: 18.095 loading class jdk/internal/misc/Signal$1 done
Event: 18.095 Thread 0x0000016f50ea1690 Thread added: 0x0000016f50ea1690
Event: 18.096 Thread 0x0000016f50ea29d0 Thread added: 0x0000016f50ea29d0
Event: 18.096 Thread 0x0000016f50ea1b60 Thread added: 0x0000016f50ea1b60
Event: 18.096 Thread 0x0000016f50e9f010 Thread added: 0x0000016f50e9f010
Event: 18.096 Thread 0x0000016f50ea29d0 Thread exited: 0x0000016f50ea29d0
Event: 18.096 Thread 0x0000016f50ea1b60 Thread exited: 0x0000016f50ea1b60


Dynamic libraries:
0x00007ff77d920000 - 0x00007ff77d92e000 	C:\.jdk\jdk-17\bin\java.exe
0x00007ffc41d20000 - 0x00007ffc41f87000 	C:\WINDOWS\SYSTEM32\ntdll.dll
0x00007ffc3fc30000 - 0x00007ffc3fcf9000 	C:\WINDOWS\System32\KERNEL32.DLL
0x00007ffc3f3d0000 - 0x00007ffc3f7c7000 	C:\WINDOWS\System32\KERNELBASE.dll
0x00007ffc3f950000 - 0x00007ffc3fa9b000 	C:\WINDOWS\System32\ucrtbase.dll
0x00007ffc20620000 - 0x00007ffc20638000 	C:\.jdk\jdk-17\bin\jli.dll
0x00007ffc20b00000 - 0x00007ffc20b1a000 	C:\.jdk\jdk-17\bin\VCRUNTIME140.dll
0x00007ffc41610000 - 0x00007ffc417d6000 	C:\WINDOWS\System32\USER32.dll
0x00007ffc3f2e0000 - 0x00007ffc3f307000 	C:\WINDOWS\System32\win32u.dll
0x00007ffc417e0000 - 0x00007ffc4180b000 	C:\WINDOWS\System32\GDI32.dll
0x00007ffc3f1b0000 - 0x00007ffc3f2dc000 	C:\WINDOWS\System32\gdi32full.dll
0x00007ffc1d3e0000 - 0x00007ffc1d672000 	C:\WINDOWS\WinSxS\amd64_microsoft.windows.common-controls_6595b64144ccf1df_6.0.26100.8457_none_3e0b2faee331e92d\COMCTL32.dll
0x00007ffc3f100000 - 0x00007ffc3f1a3000 	C:\WINDOWS\System32\msvcp_win.dll
0x00007ffc41c20000 - 0x00007ffc41cc9000 	C:\WINDOWS\System32\msvcrt.dll
0x00007ffc40fa0000 - 0x00007ffc40fd2000 	C:\WINDOWS\System32\IMM32.DLL
0x00007ffc28340000 - 0x00007ffc2834c000 	C:\.jdk\jdk-17\bin\vcruntime140_1.dll
0x00007ffbcb910000 - 0x00007ffbcb99d000 	C:\.jdk\jdk-17\bin\msvcp140.dll
0x00007ffac4f70000 - 0x00007ffac5b2e000 	C:\.jdk\jdk-17\bin\server\jvm.dll
0x00007ffc40ee0000 - 0x00007ffc40f96000 	C:\WINDOWS\System32\ADVAPI32.dll
0x00007ffc40320000 - 0x00007ffc403c7000 	C:\WINDOWS\System32\sechost.dll
0x00007ffc3fb10000 - 0x00007ffc3fc28000 	C:\WINDOWS\System32\RPCRT4.dll
0x00007ffc411e0000 - 0x00007ffc411e8000 	C:\WINDOWS\System32\PSAPI.DLL
0x00007ffc1e430000 - 0x00007ffc1e43a000 	C:\WINDOWS\SYSTEM32\WSOCK32.dll
0x00007ffc25ca0000 - 0x00007ffc25cd6000 	C:\WINDOWS\SYSTEM32\WINMM.dll
0x00007ffc40e00000 - 0x00007ffc40e80000 	C:\WINDOWS\System32\WS2_32.dll
0x00007ffc28d90000 - 0x00007ffc28d9b000 	C:\WINDOWS\SYSTEM32\VERSION.dll
0x00007ffc3d4a0000 - 0x00007ffc3d4bb000 	C:\WINDOWS\SYSTEM32\kernel.appcore.dll
0x00007ffc28110000 - 0x00007ffc2811a000 	C:\.jdk\jdk-17\bin\jimage.dll
0x00007ffc3c830000 - 0x00007ffc3ca72000 	C:\WINDOWS\SYSTEM32\DBGHELP.DLL
0x00007ffc41280000 - 0x00007ffc41603000 	C:\WINDOWS\System32\combase.dll
0x00007ffc40ca0000 - 0x00007ffc40d79000 	C:\WINDOWS\System32\OLEAUT32.dll
0x00007ffc1ee20000 - 0x00007ffc1ee5b000 	C:\WINDOWS\SYSTEM32\dbgcore.DLL
0x00007ffc3efc0000 - 0x00007ffc3f068000 	C:\WINDOWS\System32\bcryptPrimitives.dll
0x00007ffc394f0000 - 0x00007ffc394fe000 	C:\.jdk\jdk-17\bin\instrument.dll
0x00007ffc25e50000 - 0x00007ffc25e75000 	C:\.jdk\jdk-17\bin\java.dll
0x00007ffbba480000 - 0x00007ffbba556000 	C:\.jdk\jdk-17\bin\svml.dll
0x00007ffc403d0000 - 0x00007ffc40b3e000 	C:\WINDOWS\System32\SHELL32.dll
0x00007ffc3e750000 - 0x00007ffc3efbc000 	C:\WINDOWS\System32\windows.storage.dll
0x00007ffc40ba0000 - 0x00007ffc40c96000 	C:\WINDOWS\System32\SHCORE.dll
0x00007ffc3faa0000 - 0x00007ffc3fb06000 	C:\WINDOWS\System32\shlwapi.dll
0x00007ffc3e670000 - 0x00007ffc3e699000 	C:\WINDOWS\SYSTEM32\profapi.dll
0x00007ffc0a430000 - 0x00007ffc0a448000 	C:\.jdk\jdk-17\bin\zip.dll
0x00007ffc20bb0000 - 0x00007ffc20bc9000 	C:\.jdk\jdk-17\bin\net.dll
0x00007ffc34ad0000 - 0x00007ffc34bf9000 	C:\WINDOWS\SYSTEM32\WINHTTP.dll
0x00007ffc3d9f0000 - 0x00007ffc3da5c000 	C:\WINDOWS\system32\mswsock.dll
0x00007ffc13230000 - 0x00007ffc13245000 	C:\.jdk\jdk-17\bin\nio.dll
0x00007ffc3d020000 - 0x00007ffc3d152000 	C:\WINDOWS\SYSTEM32\DNSAPI.dll
0x00007ffc3cfe0000 - 0x00007ffc3d012000 	C:\WINDOWS\SYSTEM32\IPHLPAPI.DLL
0x00007ffc418d0000 - 0x00007ffc418da000 	C:\WINDOWS\System32\NSI.dll
0x00007ffc34fe0000 - 0x00007ffc34feb000 	C:\Windows\System32\rasadhlp.dll
0x00007ffc35460000 - 0x00007ffc354e6000 	C:\WINDOWS\System32\fwpuclnt.dll
0x00007ffc394c0000 - 0x00007ffc394c9000 	C:\.jdk\jdk-17\bin\management.dll
0x00007ffc37460000 - 0x00007ffc3746b000 	C:\.jdk\jdk-17\bin\management_ext.dll
0x00007ffc3ddf0000 - 0x00007ffc3de0b000 	C:\WINDOWS\SYSTEM32\CRYPTSP.dll
0x00007ffc3d400000 - 0x00007ffc3d439000 	C:\WINDOWS\system32\rsaenh.dll
0x00007ffc3daa0000 - 0x00007ffc3dad3000 	C:\WINDOWS\SYSTEM32\USERENV.dll
0x00007ffc3e640000 - 0x00007ffc3e66a000 	C:\WINDOWS\SYSTEM32\bcrypt.dll
0x00007ffc3dc50000 - 0x00007ffc3dc5c000 	C:\WINDOWS\SYSTEM32\CRYPTBASE.dll
0x00007ffc35090000 - 0x00007ffc350ad000 	C:\WINDOWS\SYSTEM32\dhcpcsvc6.DLL
0x00007ffc34da0000 - 0x00007ffc34dc5000 	C:\WINDOWS\SYSTEM32\dhcpcsvc.DLL
0x00007ffc19760000 - 0x00007ffc19778000 	C:\WINDOWS\system32\napinsp.dll
0x00007ffc18cf0000 - 0x00007ffc18d03000 	C:\WINDOWS\System32\winrnr.dll
0x00007ffc18c30000 - 0x00007ffc18c52000 	C:\WINDOWS\system32\nlansp_c.dll
0x00007ffc2b9c0000 - 0x00007ffc2b9d6000 	C:\WINDOWS\system32\wshbth.dll
0x00007ffc280e0000 - 0x00007ffc280ee000 	C:\.jdk\jdk-17\bin\sunmscapi.dll
0x00007ffc3f7d0000 - 0x00007ffc3f948000 	C:\WINDOWS\System32\CRYPT32.dll
0x00007ffc3dfc0000 - 0x00007ffc3dff0000 	C:\WINDOWS\SYSTEM32\ncrypt.dll
0x00007ffc3df70000 - 0x00007ffc3dfaf000 	C:\WINDOWS\SYSTEM32\NTASN1.dll
0x00007ffbfffa0000 - 0x00007ffbffff6000 	C:\WINDOWS\SYSTEM32\pdh.dll
0x00007ffc082d0000 - 0x00007ffc082d8000 	C:\WINDOWS\system32\wshunix.dll
0x00007ffc32780000 - 0x00007ffc32792000 	C:\WINDOWS\System32\perfproc.dll
0x00007ffc279c0000 - 0x00007ffc279d1000 	C:\WINDOWS\System32\perfos.dll
0x00007ffc3cb80000 - 0x00007ffc3cb92000 	C:\WINDOWS\SYSTEM32\pfclient.dll

dbghelp: loaded successfully - version: 4.0.5 - missing functions: none
symbol engine: initialized successfully - sym options: 0x614 - pdb path: .;C:\.jdk\jdk-17\bin;C:\WINDOWS\SYSTEM32;C:\WINDOWS\WinSxS\amd64_microsoft.windows.common-controls_6595b64144ccf1df_6.0.26100.8457_none_3e0b2faee331e92d;C:\.jdk\jdk-17\bin\server

VM Arguments:
jvm_args: --add-exports=java.base/jdk.internal.misc=ALL-UNNAMED --add-opens=java.base/jdk.internal.misc=ALL-UNNAMED --add-opens=java.base/java.nio=ALL-UNNAMED --add-opens=java.base/sun.nio.ch=ALL-UNNAMED -javaagent:C:\Program Files\JetBrains\IntelliJ IDEA 2024.3.5\lib\idea_rt.jar=64315 -Dfile.encoding=UTF-8 
java_command: com.resourcebox.demo.NewValidationApp
java_class_path (initial): C:\hooniegit\Git\ResourceBox\MediaDriver\java\MediaDriver\target\classes;C:\Users\dhkim\.m2\repository\io\aeron\aeron-all\1.50.4\aeron-all-1.50.4.jar;C:\Users\dhkim\.m2\repository\org\slf4j\slf4j-api\2.0.17\slf4j-api-2.0.17.jar
Launcher Type: SUN_STANDARD

[Global flags]
     intx CICompilerCount                          = 12                                        {product} {ergonomic}
     uint ConcGCThreads                            = 4                                         {product} {ergonomic}
     uint G1ConcRefinementThreads                  = 14                                        {product} {ergonomic}
   size_t G1HeapRegionSize                         = 4194304                                   {product} {ergonomic}
    uintx GCDrainStackTargetSize                   = 64                                        {product} {ergonomic}
   size_t InitialHeapSize                          = 532676608                                 {product} {ergonomic}
   size_t MarkStackSize                            = 4194304                                   {product} {ergonomic}
   size_t MaxHeapSize                              = 8480882688                                {product} {ergonomic}
   size_t MaxNewSize                               = 5087690752                                {product} {ergonomic}
   size_t MinHeapDeltaBytes                        = 4194304                                   {product} {ergonomic}
   size_t MinHeapSize                              = 8388608                                   {product} {ergonomic}
    uintx NonNMethodCodeHeapSize                   = 7602480                                {pd product} {ergonomic}
    uintx NonProfiledCodeHeapSize                  = 122027880                              {pd product} {ergonomic}
    uintx ProfiledCodeHeapSize                     = 122027880                              {pd product} {ergonomic}
    uintx ReservedCodeCacheSize                    = 251658240                              {pd product} {ergonomic}
     bool SegmentedCodeCache                       = true                                      {product} {ergonomic}
   size_t SoftMaxHeapSize                          = 8480882688                             {manageable} {ergonomic}
     bool UseCompressedClassPointers               = true                           {product lp64_product} {ergonomic}
     bool UseCompressedOops                        = true                           {product lp64_product} {ergonomic}
     bool UseG1GC                                  = true                                      {product} {ergonomic}
     bool UseLargePagesIndividualAllocation        = false                                  {pd product} {ergonomic}

Logging:
Log output configuration:
 #0: stdout all=warning uptime,level,tags
 #1: stderr all=off uptime,level,tags

Environment Variables:
JAVA_HOME=C:\.jdk\jdk-17
PATH=c:\Users\dhkim\AppData\Local\Programs\cursor\resources\app\bin;C:\Program Files (x86)\Microsoft\Edge\Application;C:\WINDOWS\system32;C:\WINDOWS;C:\WINDOWS\System32\Wbem;C:\WINDOWS\System32\WindowsPowerShell\v1.0\;C:\WINDOWS\System32\OpenSSH\;C:\Program Files (x86)\Microsoft SQL Server\160\Tools\Binn\;C:\Program Files\Microsoft SQL Server\160\Tools\Binn\;C:\Program Files\Microsoft SQL Server\Client SDK\ODBC\170\Tools\Binn\;C:\Program Files\Microsoft SQL Server\160\DTS\Binn\;C:\Program Files (x86)\Microsoft SQL Server\160\DTS\Binn\;C:\Program Files\Bandizip\;C:\Program Files\dotnet\;C:\Program Files\Git\cmd;C:\.jdk\jdk-17\bin;C:\Program Files\Microsoft SQL Server\150\Tools\Binn\;C:\Program Files (x86)\Windows Kits\10\Windows Performance Toolkit\;C:\Users\dhkim\AppData\Local\Programs\Python\Launcher\;C:\Users\dhkim\AppData\Local\Microsoft\WindowsApps;C:\Users\dhkim\.dotnet\tools;c:\Users\dhkim\AppData\Local\Programs\cursor\resources\app\bin;c:\Users\dhkim\AppData\Local\Programs\cursor\resources\app\bin;C:\Users\dhkim\protoc\bin;C:\Users\dhkim\AppData\Local\Programs\Python\Launcher\;C:\Users\dhkim\AppData\Local\Microsoft\WindowsApps;C:\Users\dhkim\AppData\Local\Programs\Microsoft VS Code\bin;C:\Users\dhkim\.dotnet\tools;C:\Users\dhkim\AppData\Local\Programs\cursor\resources\app\bin;C:\Program Files\JetBrains\IntelliJ IDEA 2024.3.5\bin;;C:\Users\dhkim\AppData\Local\JetBrains\PyCharm 2025.1.1\bin;
USERNAME=dhkim
OS=Windows_NT
PROCESSOR_IDENTIFIER=Intel64 Family 6 Model 170 Stepping 4, GenuineIntel



---------------  S Y S T E M  ---------------

OS:
 Windows 10 , 64 bit Build 26100 (10.0.26100.8328)
OS uptime: 6 days 23:22 hours
Hyper-V role detected

CPU: total 18 (initial active 18) (9 cores per cpu, 2 threads per core) family 6 model 170 stepping 4 microcode 0x1c, cx8, cmov, fxsr, ht, mmx, 3dnowpref, sse, sse2, sse3, ssse3, sse4.1, sse4.2, popcnt, lzcnt, tsc, tscinvbit, avx, avx2, aes, erms, clmul, bmi1, bmi2, adx, sha, fma, vzeroupper, clflush, clflushopt, clwb, hv

Memory: 4k page, system-wide physical 32348M (7642M free)
TotalPageFile size 48732M (AvailPageFile size 11926M)
current process WorkingSet (physical memory assigned to process): 570M, peak: 974M
current process commit charge ("private bytes"): 650M, peak: 672M

vm_info: OpenJDK 64-Bit Server VM (17+35-2724) for windows-amd64 JRE (17+35-2724), built on Aug  5 2021 23:26:02 by "mach5one" with MS VC++ 16.8 (VS2019)

END.
