#
# A fatal error has been detected by the Java Runtime Environment:
#
#  EXCEPTION_ACCESS_VIOLATION (0xc0000005) at pc=0x000001ebdd603881, pid=25776, tid=68028
#
# JRE version: OpenJDK Runtime Environment (17.0+35) (build 17+35-2724)
# Java VM: OpenJDK 64-Bit Server VM (17+35-2724, mixed mode, sharing, tiered, compressed oops, compressed class ptrs, g1 gc, windows-amd64)
# Problematic frame:
# J 1358 c2 org.agrona.concurrent.ringbuffer.ManyToOneRingBuffer.controlledRead(Lorg/agrona/concurrent/ControlledMessageHandler;I)I (315 bytes) @ 0x000001ebdd603881 [0x000001ebdd6037a0+0x00000000000000e1]
#
# No core dump will be written. Minidumps are not enabled by default on client versions of Windows
#
# If you would like to submit a bug report, please visit:
#   https://bugreport.java.com/bugreport/crash.jsp
#

---------------  S U M M A R Y ------------

Command Line: --add-exports=java.base/jdk.internal.misc=ALL-UNNAMED --add-opens=java.base/jdk.internal.misc=ALL-UNNAMED --add-opens=java.base/java.nio=ALL-UNNAMED --add-opens=java.base/sun.nio.ch=ALL-UNNAMED -javaagent:C:\Program Files\JetBrains\IntelliJ IDEA 2024.3.5\lib\idea_rt.jar=61275 -Dfile.encoding=UTF-8 com.resourcebox.demo.NewValidationApp

Host: Intel(R) Core(TM) Ultra 5 125H, 18 cores, 31G,  Windows 10 , 64 bit Build 26100 (10.0.26100.8328)
Time: Tue Jun 16 08:31:15 2026  Windows 10 , 64 bit Build 26100 (10.0.26100.8328) elapsed time: 56.560824 seconds (0d 0h 0m 56s)

---------------  T H R E A D  ---------------

Current thread (0x000001eb800f6740):  JavaThread "driver-conductor" daemon [_thread_in_Java, id=68028, stack(0x0000006dfcc00000,0x0000006dfcd00000)]

Stack: [0x0000006dfcc00000,0x0000006dfcd00000],  sp=0x0000006dfccfefa0,  free space=1019k
Native frames: (J=compiled Java code, j=interpreted, Vv=VM code, C=native code)
C  0x000001ebdd603881


siginfo: EXCEPTION_ACCESS_VIOLATION (0xc0000005), reading address 0x000001ebfcb40110


Register to memory mapping:

RIP=0x000001ebdd603881 is at entry_point+225 in (nmethod*)0x000001ebdd603610
RAX=0x000001ebfcb40110 is an unknown value
RBX=0x0000000000000090 is an unknown value
RCX=0x00000000000fff70 is an unknown value
RDX=0x000001ebfcb40080 is an unknown value
RSP=0x0000006dfccfefa0 is pointing into the stack for thread: 0x000001eb800f6740
RBP=0x0000000000100270 is an unknown value
RSI=0x00000006068340f8 is an oop: io.aeron.driver.ClientCommandAdapter 
{0x00000006068340f8} - klass: 'io/aeron/driver/ClientCommandAdapter'
 - ---- fields (total size 11 words):
 - private final 'publicationMsgFlyweight' 'Lio/aeron/command/PublicationMessageFlyweight;' @12  a 'io/aeron/command/PublicationMessageFlyweight'{0x0000000606834150} (c0d0682a)
 - private final 'subscriptionMsgFlyweight' 'Lio/aeron/command/SubscriptionMessageFlyweight;' @16  a 'io/aeron/command/SubscriptionMessageFlyweight'{0x0000000606834190} (c0d06832)
 - private final 'correlatedMsgFlyweight' 'Lio/aeron/command/CorrelatedMessageFlyweight;' @20  a 'io/aeron/command/CorrelatedMessageFlyweight'{0x00000006068341a8} (c0d06835)
 - private final 'removeCounterFlyweight' 'Lio/aeron/command/RemoveCounterFlyweight;' @24  a 'io/aeron/command/RemoveCounterFlyweight'{0x00000006068341c0} (c0d06838)
 - private final 'removePublicationFlyweight' 'Lio/aeron/command/RemovePublicationFlyweight;' @28  a 'io/aeron/command/RemovePublicationFlyweight'{0x00000006068341d8} (c0d0683b)
 - private final 'removeSubscriptionFlyweight' 'Lio/aeron/command/RemoveSubscriptionFlyweight;' @32  a 'io/aeron/command/RemoveSubscriptionFlyweight'{0x00000006068341f0} (c0d0683e)
 - private final 'destinationMsgFlyweight' 'Lio/aeron/command/DestinationMessageFlyweight;' @36  a 'io/aeron/command/DestinationMessageFlyweight'{0x0000000606834208} (c0d06841)
 - private final 'counterMsgFlyweight' 'Lio/aeron/command/CounterMessageFlyweight;' @40  a 'io/aeron/command/CounterMessageFlyweight'{0x0000000606834220} (c0d06844)
 - private final 'staticCounterMessageFlyweight' 'Lio/aeron/command/StaticCounterMessageFlyweight;' @44  a 'io/aeron/command/StaticCounterMessageFlyweight'{0x0000000606834238} (c0d06847)
 - private final 'terminateDriverFlyweight' 'Lio/aeron/command/TerminateDriverFlyweight;' @48  a 'io/aeron/command/TerminateDriverFlyweight'{0x0000000606834250} (c0d0684a)
 - private final 'rejectImageFlyweight' 'Lio/aeron/command/RejectImageFlyweight;' @52  a 'io/aeron/command/RejectImageFlyweight'{0x0000000606834268} (c0d0684d)
 - private final 'destinationByIdMessageFlyweight' 'Lio/aeron/command/DestinationByIdMessageFlyweight;' @56  a 'io/aeron/command/DestinationByIdMessageFlyweight'{0x0000000606834280} (c0d06850)
 - private final 'getNextAvailableSessionIdMessageFlyweight' 'Lio/aeron/command/GetNextAvailableSessionIdMessageFlyweight;' @60  a 'io/aeron/command/GetNextAvailableSessionIdMessageFlyweight'{0x0000000606834298} (c0d06853)
 - private final 'conductor' 'Lio/aeron/driver/DriverConductor;' @64  a 'io/aeron/driver/DriverConductor'{0x00000006068021e8} (c0d0043d)
 - private final 'toDriverCommands' 'Lorg/agrona/concurrent/ringbuffer/RingBuffer;' @68  a 'org/agrona/concurrent/ringbuffer/ManyToOneRingBuffer'{0x00000006068021b8} (c0d00437)
 - private final 'clientProxy' 'Lio/aeron/driver/ClientProxy;' @72  a 'io/aeron/driver/ClientProxy'{0x0000000606824128} (c0d04825)
 - private final 'errors' 'Lorg/agrona/concurrent/status/AtomicCounter;' @76  a 'org/agrona/concurrent/status/AtomicCounter'{0x0000000606804df8} (c0d009bf)
 - private final 'errorHandler' 'Lorg/agrona/ErrorHandler;' @80  a 'org/agrona/concurrent/errors/LoggingErrorHandler'{0x00000006068022e0} (c0d0045c)
RDI=0x0000000000000090 is an unknown value
R8 =0x0000000606834168 is an oop: org.agrona.concurrent.UnsafeBuffer 
{0x0000000606834168} - klass: 'org/agrona/concurrent/UnsafeBuffer'
 - ---- fields (total size 5 words):
 - protected 'capacity' 'I' @12  1049344 (100300)
 - protected 'addressOffset' 'J' @16  2113068597376 (fcb40080 1eb)
 - protected 'byteArray' '[B' @24  NULL (0)
 - private 'wrapAdjustment' 'I' @28  128 (80)
 - private 'byteBuffer' 'Ljava/nio/ByteBuffer;' @32  a 'java/nio/DirectByteBuffer'{0x0000000606804e78} (c0d009cf)
R9 =0x0000000000000001 is an unknown value
R10=0x0000000000100180 is an unknown value
R11=0x0 is NULL
R12=0x0 is NULL
R13=0x000001ebd6517f14 is at entry_point+724 in (nmethod*)0x000001ebd6517a10
R14=0x0000006dfccfeff0 is pointing into the stack for thread: 0x000001eb800f6740
R15=0x000001eb800f6740 is a thread


Registers:
RAX=0x000001ebfcb40110, RBX=0x0000000000000090, RCX=0x00000000000fff70, RDX=0x000001ebfcb40080
RSP=0x0000006dfccfefa0, RBP=0x0000000000100270, RSI=0x00000006068340f8, RDI=0x0000000000000090
R8 =0x0000000606834168, R9 =0x0000000000000001, R10=0x0000000000100180, R11=0x0000000000000000
R12=0x0000000000000000, R13=0x000001ebd6517f14, R14=0x0000006dfccfeff0, R15=0x000001eb800f6740
RIP=0x000001ebdd603881, EFLAGS=0x0000000000010246

Top of Stack: (sp=0x0000006dfccfefa0)
0x0000006dfccfefa0:   000001ebd6517f14 0000000000000001
0x0000006dfccfefb0:   0000000000000001 000001ebdd5fb9b9
0x0000006dfccfefc0:   0000057cc35f9ba1 0000000606839910
0x0000006dfccfefd0:   0000000000000000 000224bc5158c378
0x0000006dfccfefe0:   0000006dfccff060 0000000000000000
0x0000006dfccfeff0:   00000006068021e8 000001ebd6517eac
0x0000006dfccff000:   000000000000000a 00000006068021e8
0x0000006dfccff010:   0000000000000000 0000006dfccff018
0x0000006dfccff020:   000001ebfbabead4 0000006dfccff088
0x0000006dfccff030:   000001ebfbad14b0 000001eb8402aa88
0x0000006dfccff040:   0000000606976d20 000001ebfbabeb10
0x0000006dfccff050:   00000006068021e8 000224bc5158cae4
0x0000006dfccff060:   0000000000000000 0000000000000000
0x0000006dfccff070:   0000000000000000 000224bc515687fc
0x0000006dfccff080:   00000006068021e8 000001ebdd611c30
0x0000006dfccff090:   0000000625220ba0 0000000600000000 

Instructions: (pc=0x000001ebdd603881)
0x000001ebdd603781:   64 8c f1 05 80 11 64 0f 00 00 64 0f 64 00 00 00
0x000001ebdd603791:   00 00 00 00 00 00 00 00 00 00 00 00 00 00 00 44
0x000001ebdd6037a1:   8b 52 08 49 bb 00 00 00 00 08 00 00 00 4d 03 d3
0x000001ebdd6037b1:   49 3b c2 0f 85 c6 92 44 f8 66 90 0f 1f 40 00 89
0x000001ebdd6037c1:   84 24 00 90 ff ff 55 48 83 ec 50 49 8b f0 48 8b
0x000001ebdd6037d1:   ca 44 8b 52 1c 44 8b 5a 28 43 8b 5c dc 08 81 fb
0x000001ebdd6037e1:   00 20 c1 00 0f 85 b7 00 00 00 4f 8d 04 dc 45 8b
0x000001ebdd6037f1:   58 0c 41 8b eb 41 0b ea 83 cd 08 85 ed 0f 8c c0
0x000001ebdd603801:   00 00 00 41 8b eb 41 2b ea 83 fd 08 0f 8c 11 01
0x000001ebdd603811:   00 00 4d 8b 58 10 41 8b 78 18 49 63 da 49 03 db
0x000001ebdd603821:   4c 8b df 49 c1 e3 03 49 8b 3c 1b 8b 4a 0c 8b df
0x000001ebdd603831:   44 8b d9 41 ff cb 41 23 db 2b cb 85 c9 0f 8e 0c
0x000001ebdd603841:   01 00 00 45 85 c9 0f 8e 2b 01 00 00 45 8b 58 0c
0x000001ebdd603851:   41 8b eb 0b eb 83 cd 04 85 ed 0f 8c 8f 00 00 00
0x000001ebdd603861:   41 8b eb 2b eb 83 fd 04 0f 8c 35 01 00 00 49 8b
0x000001ebdd603871:   50 10 45 8b 58 18 48 63 c3 48 03 c2 49 c1 e3 03
0x000001ebdd603881:   41 8b 2c 03 85 ed 0f 8f 4b 01 00 00 33 c0 48 83
0x000001ebdd603891:   c4 50 5d 49 3b a7 40 03 00 00 0f 87 7f 01 00 00
0x000001ebdd6038a1:   c3 ba de ff ff ff 48 8b e9 4c 89 04 24 44 89 4c
0x000001ebdd6038b1:   24 08 44 89 5c 24 14 44 89 54 24 18 66 90 e8 3c
0x000001ebdd6038c1:   ea 44 f8 ba 45 ff ff ff 48 89 0c 24 48 89 74 24
0x000001ebdd6038d1:   08 44 89 4c 24 10 44 89 54 24 18 44 89 54 24 1c
0x000001ebdd6038e1:   4c 89 44 24 28 44 89 5c 24 30 e8 10 ea 44 f8 ba
0x000001ebdd6038f1:   45 ff ff ff 48 89 34 24 44 89 4c 24 08 44 89 54
0x000001ebdd603901:   24 0c 48 89 7c 24 18 89 4c 24 24 89 5c 24 28 4c
0x000001ebdd603911:   89 44 24 30 89 5c 24 2c 44 89 5c 24 3c 90 e8 dc
0x000001ebdd603921:   e9 44 f8 ba 45 ff ff ff 48 89 0c 24 48 89 74 24
0x000001ebdd603931:   08 44 89 4c 24 10 44 89 54 24 18 44 89 54 24 1c
0x000001ebdd603941:   4c 89 44 24 28 44 89 5c 24 30 e8 b0 e9 44 f8 ba
0x000001ebdd603951:   45 ff ff ff 48 8b ee 44 89 0c 24 44 89 54 24 04
0x000001ebdd603961:   4c 89 44 24 08 48 89 7c 24 10 89 5c 24 18 89 4c
0x000001ebdd603971:   24 20 e8 88 e9 44 f8 ba 45 ff ff ff 48 8b ee 44 


Stack slot to memory mapping:
stack at sp + 0 slots: 0x000001ebd6517f14 is at entry_point+724 in (nmethod*)0x000001ebd6517a10
stack at sp + 1 slots: 0x0000000000000001 is an unknown value
stack at sp + 2 slots: 0x0000000000000001 is an unknown value
stack at sp + 3 slots: 0x000001ebdd5fb9b9 is at entry_point+57 in (nmethod*)0x000001ebdd5fb810
stack at sp + 4 slots: 0x0000057cc35f9ba1 is an unknown value
stack at sp + 5 slots: 0x0000000606839910 is an oop: java.util.ArrayList 
{0x0000000606839910} - klass: 'java/util/ArrayList'
 - ---- fields (total size 3 words):
 - protected transient 'modCount' 'I' @12  0
 - private 'size' 'I' @16  0
 - transient 'elementData' '[Ljava/lang/Object;' @20  a 'java/lang/Object'[0] {0x0000000606816e10} (c0d02dc2)
stack at sp + 6 slots: 0x0 is NULL
stack at sp + 7 slots: 0x000224bc5158c378 is an unknown value

--------------------------------------------------------------------------------
[Constant Pool (empty)]

--------------------------------------------------------------------------------

[MachCode]
  0x000001ebdd6037a0: 448b 5208 | 49bb 0000 | 0000 0800 | 0000 4d03 | d349 3bc2 | 0f85 c692 | 44f8 6690 | 0f1f 4000 
  0x000001ebdd6037c0: 8984 2400 | 90ff ff55 | 4883 ec50 | 498b f048 | 8bca 448b | 521c 448b | 5a28 438b | 5cdc 0881 
  0x000001ebdd6037e0: fb00 20c1 | 000f 85b7 | 0000 004f | 8d04 dc45 | 8b58 0c41 | 8beb 410b | ea83 cd08 | 85ed 0f8c 
  0x000001ebdd603800: c000 0000 | 418b eb41 | 2bea 83fd | 080f 8c11 | 0100 004d | 8b58 1041 | 8b78 1849 | 63da 4903 
  0x000001ebdd603820: db4c 8bdf | 49c1 e303 | 498b 3c1b | 8b4a 0c8b | df44 8bd9 | 41ff cb41 | 23db 2bcb | 85c9 0f8e 
  0x000001ebdd603840: 0c01 0000 | 4585 c90f | 8e2b 0100 | 0045 8b58 | 0c41 8beb | 0beb 83cd | 0485 ed0f | 8c8f 0000 
  0x000001ebdd603860: 0041 8beb | 2beb 83fd | 040f 8c35 | 0100 0049 | 8b50 1045 | 8b58 1848 | 63c3 4803 | c249 c1e3 
  0x000001ebdd603880: 0341 8b2c | 0385 ed0f | 8f4b 0100 | 0033 c048 | 83c4 505d | 493b a740 | 0300 000f | 877f 0100 
  0x000001ebdd6038a0: 00c3 bade | ffff ff48 | 8be9 4c89 | 0424 4489 | 4c24 0844 | 895c 2414 | 4489 5424 | 1866 90e8 
  0x000001ebdd6038c0: 3cea 44f8 | ba45 ffff | ff48 890c | 2448 8974 | 2408 4489 | 4c24 1044 | 8954 2418 | 4489 5424 
  0x000001ebdd6038e0: 1c4c 8944 | 2428 4489 | 5c24 30e8 | 10ea 44f8 | ba45 ffff | ff48 8934 | 2444 894c | 2408 4489 
  0x000001ebdd603900: 5424 0c48 | 897c 2418 | 894c 2424 | 895c 2428 | 4c89 4424 | 3089 5c24 | 2c44 895c | 243c 90e8 
  0x000001ebdd603920: dce9 44f8 | ba45 ffff | ff48 890c | 2448 8974 | 2408 4489 | 4c24 1044 | 8954 2418 | 4489 5424 
  0x000001ebdd603940: 1c4c 8944 | 2428 4489 | 5c24 30e8 | b0e9 44f8 | ba45 ffff | ff48 8bee | 4489 0c24 | 4489 5424 
  0x000001ebdd603960: 044c 8944 | 2408 4889 | 7c24 1089 | 5c24 1889 | 4c24 20e8 | 88e9 44f8 | ba45 ffff | ff48 8bee 
  0x000001ebdd603980: 4489 5424 | 0444 894c | 2408 4c89 | 4424 1048 | 897c 2418 | 895c 240c | 894c 2420 | 6666 90e8 
  0x000001ebdd6039a0: 5ce9 44f8 | ba45 ffff | ff48 8934 | 2444 894c | 2408 4489 | 5424 0c48 | 897c 2418 | 894c 2424 
  0x000001ebdd6039c0: 895c 2428 | 4c89 4424 | 3089 5c24 | 2c44 895c | 243c 90e8 | 28e9 44f8 | ba45 ffff | ff48 8934 
  0x000001ebdd6039e0: 2444 894c | 2408 4489 | 5424 0c4c | 8944 2410 | 4889 7c24 | 1889 4c24 | 2489 5c24 | 2866 90e8 
  0x000001ebdd603a00: fce8 44f8 | baf6 ffff | ff48 8be9 | 4c89 0424 | 4489 4c24 | 0844 8954 | 2410 90e8 | e0e8 44f8 
  0x000001ebdd603a20: 49ba 9438 | 60dd eb01 | 0000 4d89 | 9758 0300 | 00e9 caf9 | 44f8 f4f4 | f4f4 f4f4 | f4f4 f4f4 
  0x000001ebdd603a40: e93b 0b4f | f8e8 0000 | 0000 4883 | 2c24 05e9 | 4cec 44f8 | f4f4 f4f4 
[/MachCode]
--------------------------------------------------------------------------------


---------------  P R O C E S S  ---------------

Threads class SMR info:
_java_thread_list=0x000001ebfbe9c040, length=23, elements={
0x000001ebfbc09210, 0x000001ebfb16ab40, 0x000001ebfbc20200, 0x000001ebfbc20bb0,
0x000001ebfbc220d0, 0x000001ebfbc235f0, 0x000001ebfbc28a80, 0x000001ebfbc2a090,
0x000001ebfbc38da0, 0x000001ebfb15b5a0, 0x000001ebfbe537a0, 0x000001ebfbe53c70,
0x000001ebfbebce90, 0x000001ebfc226f50, 0x000001ebfc1e6c20, 0x000001ebfc634170,
0x000001ebfc787480, 0x000001ebfc7c72c0, 0x000001eb800f6740, 0x000001eb800f5400,
0x000001eb800f3720, 0x000001eb804e3200, 0x000001eb804e06b0
}

Java Threads: ( => current thread )
  0x000001ebfbc09210 JavaThread "Reference Handler" daemon [_thread_blocked, id=34992, stack(0x0000006dfb400000,0x0000006dfb500000)]
  0x000001ebfb16ab40 JavaThread "Finalizer" daemon [_thread_blocked, id=41968, stack(0x0000006dfb500000,0x0000006dfb600000)]
  0x000001ebfbc20200 JavaThread "Signal Dispatcher" daemon [_thread_blocked, id=67944, stack(0x0000006dfb600000,0x0000006dfb700000)]
  0x000001ebfbc20bb0 JavaThread "Attach Listener" daemon [_thread_blocked, id=38792, stack(0x0000006dfb700000,0x0000006dfb800000)]
  0x000001ebfbc220d0 JavaThread "Service Thread" daemon [_thread_blocked, id=23536, stack(0x0000006dfb800000,0x0000006dfb900000)]
  0x000001ebfbc235f0 JavaThread "Monitor Deflation Thread" daemon [_thread_blocked, id=30740, stack(0x0000006dfb900000,0x0000006dfba00000)]
  0x000001ebfbc28a80 JavaThread "C2 CompilerThread0" daemon [_thread_blocked, id=69272, stack(0x0000006dfba00000,0x0000006dfbb00000)]
  0x000001ebfbc2a090 JavaThread "C1 CompilerThread0" daemon [_thread_blocked, id=64592, stack(0x0000006dfbb00000,0x0000006dfbc00000)]
  0x000001ebfbc38da0 JavaThread "Sweeper thread" daemon [_thread_blocked, id=51224, stack(0x0000006dfbc00000,0x0000006dfbd00000)]
  0x000001ebfb15b5a0 JavaThread "Common-Cleaner" daemon [_thread_blocked, id=55264, stack(0x0000006dfbd00000,0x0000006dfbe00000)]
  0x000001ebfbe537a0 JavaThread "Monitor Ctrl-Break" daemon [_thread_in_native, id=67528, stack(0x0000006dfc200000,0x0000006dfc300000)]
  0x000001ebfbe53c70 JavaThread "Notification Thread" daemon [_thread_blocked, id=56708, stack(0x0000006dfc300000,0x0000006dfc400000)]
  0x000001ebfbebce90 JavaThread "Thread-0" daemon [_thread_blocked, id=46656, stack(0x0000006dfc500000,0x0000006dfc600000)]
  0x000001ebfc226f50 JavaThread "async-executor C:\Users\dhkim\AppData\Local\Temp\PARCAeron" daemon [_thread_blocked, id=53360, stack(0x0000006dfc600000,0x0000006dfc700000)]
  0x000001ebfc1e6c20 JavaThread "RMI TCP Accept-0" daemon [_thread_in_native, id=3056, stack(0x0000006dfc700000,0x0000006dfc800000)]
  0x000001ebfc634170 JavaThread "RMI TCP Connection(1)-192.168.0.75" daemon [_thread_in_native, id=38208, stack(0x0000006dfc800000,0x0000006dfc900000)]
  0x000001ebfc787480 JavaThread "RMI Scheduler(0)" daemon [_thread_blocked, id=25164, stack(0x0000006dfc900000,0x0000006dfca00000)]
  0x000001ebfc7c72c0 JavaThread "JMX server connection timeout 30" daemon [_thread_blocked, id=57944, stack(0x0000006dfca00000,0x0000006dfcb00000)]
=>0x000001eb800f6740 JavaThread "driver-conductor" daemon [_thread_in_Java, id=68028, stack(0x0000006dfcc00000,0x0000006dfcd00000)]
  0x000001eb800f5400 JavaThread "sender" daemon [_thread_in_Java, id=68208, stack(0x0000006dfcd00000,0x0000006dfce00000)]
  0x000001eb800f3720 JavaThread "receiver" daemon [_thread_in_Java, id=25584, stack(0x0000006dfce00000,0x0000006dfcf00000)]
  0x000001eb804e3200 JavaThread "SIGINT handler" daemon [_thread_blocked, id=50272, stack(0x0000006dfc000000,0x0000006dfc100000)]
  0x000001eb804e06b0 JavaThread "DestroyJavaVM" [_thread_blocked, id=45076, stack(0x0000006dfad00000,0x0000006dfae00000)]

Other Threads:
  0x000001ebfb169c40 VMThread "VM Thread" [stack: 0x0000006dfb300000,0x0000006dfb400000] [id=60908]
  0x000001ebce210d10 WatcherThread [stack: 0x0000006dfc400000,0x0000006dfc500000] [id=7528]
  0x000001ebce288510 GCTaskThread "GC Thread#0" [stack: 0x0000006dfae00000,0x0000006dfaf00000] [id=41560]
  0x000001eb800ee460 GCTaskThread "GC Thread#1" [stack: 0x0000006dfd700000,0x0000006dfd800000] [id=40912]
  0x000001eb8023d720 GCTaskThread "GC Thread#2" [stack: 0x0000006dfd800000,0x0000006dfd900000] [id=45164]
  0x000001eb8023eca0 GCTaskThread "GC Thread#3" [stack: 0x0000006dfd900000,0x0000006dfda00000] [id=60296]
  0x000001eb8023d9d0 GCTaskThread "GC Thread#4" [stack: 0x0000006dfda00000,0x0000006dfdb00000] [id=42988]
  0x000001eb8023e9f0 GCTaskThread "GC Thread#5" [stack: 0x0000006dfdb00000,0x0000006dfdc00000] [id=65764]
  0x000001eb8023e490 GCTaskThread "GC Thread#6" [stack: 0x0000006dfdc00000,0x0000006dfdd00000] [id=42004]
  0x000001eb8023ef50 GCTaskThread "GC Thread#7" [stack: 0x0000006dfdd00000,0x0000006dfde00000] [id=64112]
  0x000001eb8023e740 GCTaskThread "GC Thread#8" [stack: 0x0000006dfde00000,0x0000006dfdf00000] [id=9816]
  0x000001eb8023df30 GCTaskThread "GC Thread#9" [stack: 0x0000006dfdf00000,0x0000006dfe000000] [id=68896]
  0x000001eb8023f200 GCTaskThread "GC Thread#10" [stack: 0x0000006dfe000000,0x0000006dfe100000] [id=37940]
  0x000001eb8023e1e0 GCTaskThread "GC Thread#11" [stack: 0x0000006dfe100000,0x0000006dfe200000] [id=70416]
  0x000001ebce299e50 ConcurrentGCThread "G1 Main Marker" [stack: 0x0000006dfaf00000,0x0000006dfb000000] [id=67716]
  0x000001ebce29b000 ConcurrentGCThread "G1 Conc#0" [stack: 0x0000006dfb000000,0x0000006dfb100000] [id=51244]
  0x000001ebce2debe0 ConcurrentGCThread "G1 Refine#0" [stack: 0x0000006dfb100000,0x0000006dfb200000] [id=53728]
  0x000001ebfb024a60 ConcurrentGCThread "G1 Service" [stack: 0x0000006dfb200000,0x0000006dfb300000] [id=64492]

Threads with active compile tasks:

VM state: not at safepoint (normal execution)

VM Mutex/Monitor currently owned by a thread: None

Heap address: 0x0000000606800000, size: 8088 MB, Compressed Oops mode: Zero based, Oop shift amount: 3

CDS archive(s) mapped at: [0x0000000800000000-0x0000000800bc0000-0x0000000800bc0000), size 12320768, SharedBaseAddress: 0x0000000800000000, ArchiveRelocationMode: 0.
Compressed class space mapped at: 0x0000000800c00000-0x0000000840c00000, reserved size: 1073741824
Narrow klass base: 0x0000000800000000, Narrow klass shift: 0, Narrow klass range: 0x100000000

GC Precious Log:
 CPUs: 18 total, 18 available
 Memory: 32348M
 Large Page Support: Disabled
 NUMA Support: Disabled
 Compressed Oops: Enabled (Zero based)
 Heap Region Size: 4M
 Heap Min Capacity: 8M
 Heap Initial Capacity: 508M
 Heap Max Capacity: 8088M
 Pre-touch: Disabled
 Parallel Workers: 14
 Concurrent Workers: 4
 Concurrent Refinement Workers: 14
 Periodic GC: Disabled

Heap:
 garbage-first heap   total 520192K, used 254055K [0x0000000606800000, 0x0000000800000000)
  region size 4096K, 63 young (258048K), 1 survivors (4096K)
 Metaspace       used 9771K, committed 10048K, reserved 1064960K
  class space    used 1014K, committed 1152K, reserved 1048576K

Heap Regions: E=young(eden), S=young(survivor), O=old, HS=humongous(starts), HC=humongous(continues), CS=collection set, F=free, OA=open archive, CA=closed archive, TAMS=top-at-mark-start (previous, next)
|   0|0x0000000606800000, 0x0000000606c00000, 0x0000000606c00000|100%| O|  |TAMS 0x0000000606800000, 0x0000000606800000| Untracked 
|   1|0x0000000606c00000, 0x0000000606c18600, 0x0000000607000000|  2%| O|  |TAMS 0x0000000606c00000, 0x0000000606c00000| Untracked 
|   2|0x0000000607000000, 0x0000000607000000, 0x0000000607400000|  0%| F|  |TAMS 0x0000000607000000, 0x0000000607000000| Untracked 
|   3|0x0000000607400000, 0x0000000607400000, 0x0000000607800000|  0%| F|  |TAMS 0x0000000607400000, 0x0000000607400000| Untracked 
|   4|0x0000000607800000, 0x0000000607800000, 0x0000000607c00000|  0%| F|  |TAMS 0x0000000607800000, 0x0000000607800000| Untracked 
|   5|0x0000000607c00000, 0x0000000607c00000, 0x0000000608000000|  0%| F|  |TAMS 0x0000000607c00000, 0x0000000607c00000| Untracked 
|   6|0x0000000608000000, 0x0000000608000000, 0x0000000608400000|  0%| F|  |TAMS 0x0000000608000000, 0x0000000608000000| Untracked 
|   7|0x0000000608400000, 0x0000000608400000, 0x0000000608800000|  0%| F|  |TAMS 0x0000000608400000, 0x0000000608400000| Untracked 
|   8|0x0000000608800000, 0x0000000608800000, 0x0000000608c00000|  0%| F|  |TAMS 0x0000000608800000, 0x0000000608800000| Untracked 
|   9|0x0000000608c00000, 0x0000000608c00000, 0x0000000609000000|  0%| F|  |TAMS 0x0000000608c00000, 0x0000000608c00000| Untracked 
|  10|0x0000000609000000, 0x0000000609000000, 0x0000000609400000|  0%| F|  |TAMS 0x0000000609000000, 0x0000000609000000| Untracked 
|  11|0x0000000609400000, 0x0000000609400000, 0x0000000609800000|  0%| F|  |TAMS 0x0000000609400000, 0x0000000609400000| Untracked 
|  12|0x0000000609800000, 0x0000000609800000, 0x0000000609c00000|  0%| F|  |TAMS 0x0000000609800000, 0x0000000609800000| Untracked 
|  13|0x0000000609c00000, 0x0000000609c00000, 0x000000060a000000|  0%| F|  |TAMS 0x0000000609c00000, 0x0000000609c00000| Untracked 
|  14|0x000000060a000000, 0x000000060a000000, 0x000000060a400000|  0%| F|  |TAMS 0x000000060a000000, 0x000000060a000000| Untracked 
|  15|0x000000060a400000, 0x000000060a400000, 0x000000060a800000|  0%| F|  |TAMS 0x000000060a400000, 0x000000060a400000| Untracked 
|  16|0x000000060a800000, 0x000000060a800000, 0x000000060ac00000|  0%| F|  |TAMS 0x000000060a800000, 0x000000060a800000| Untracked 
|  17|0x000000060ac00000, 0x000000060ac00000, 0x000000060b000000|  0%| F|  |TAMS 0x000000060ac00000, 0x000000060ac00000| Untracked 
|  18|0x000000060b000000, 0x000000060b000000, 0x000000060b400000|  0%| F|  |TAMS 0x000000060b000000, 0x000000060b000000| Untracked 
|  19|0x000000060b400000, 0x000000060b400000, 0x000000060b800000|  0%| F|  |TAMS 0x000000060b400000, 0x000000060b400000| Untracked 
|  20|0x000000060b800000, 0x000000060b800000, 0x000000060bc00000|  0%| F|  |TAMS 0x000000060b800000, 0x000000060b800000| Untracked 
|  21|0x000000060bc00000, 0x000000060bc00000, 0x000000060c000000|  0%| F|  |TAMS 0x000000060bc00000, 0x000000060bc00000| Untracked 
|  22|0x000000060c000000, 0x000000060c000000, 0x000000060c400000|  0%| F|  |TAMS 0x000000060c000000, 0x000000060c000000| Untracked 
|  23|0x000000060c400000, 0x000000060c400000, 0x000000060c800000|  0%| F|  |TAMS 0x000000060c400000, 0x000000060c400000| Untracked 
|  24|0x000000060c800000, 0x000000060c800000, 0x000000060cc00000|  0%| F|  |TAMS 0x000000060c800000, 0x000000060c800000| Untracked 
|  25|0x000000060cc00000, 0x000000060cc00000, 0x000000060d000000|  0%| F|  |TAMS 0x000000060cc00000, 0x000000060cc00000| Untracked 
|  26|0x000000060d000000, 0x000000060d000000, 0x000000060d400000|  0%| F|  |TAMS 0x000000060d000000, 0x000000060d000000| Untracked 
|  27|0x000000060d400000, 0x000000060d400000, 0x000000060d800000|  0%| F|  |TAMS 0x000000060d400000, 0x000000060d400000| Untracked 
|  28|0x000000060d800000, 0x000000060d800000, 0x000000060dc00000|  0%| F|  |TAMS 0x000000060d800000, 0x000000060d800000| Untracked 
|  29|0x000000060dc00000, 0x000000060dc00000, 0x000000060e000000|  0%| F|  |TAMS 0x000000060dc00000, 0x000000060dc00000| Untracked 
|  30|0x000000060e000000, 0x000000060e000000, 0x000000060e400000|  0%| F|  |TAMS 0x000000060e000000, 0x000000060e000000| Untracked 
|  31|0x000000060e400000, 0x000000060e400000, 0x000000060e800000|  0%| F|  |TAMS 0x000000060e400000, 0x000000060e400000| Untracked 
|  32|0x000000060e800000, 0x000000060e800000, 0x000000060ec00000|  0%| F|  |TAMS 0x000000060e800000, 0x000000060e800000| Untracked 
|  33|0x000000060ec00000, 0x000000060ec00000, 0x000000060f000000|  0%| F|  |TAMS 0x000000060ec00000, 0x000000060ec00000| Untracked 
|  34|0x000000060f000000, 0x000000060f000000, 0x000000060f400000|  0%| F|  |TAMS 0x000000060f000000, 0x000000060f000000| Untracked 
|  35|0x000000060f400000, 0x000000060f400000, 0x000000060f800000|  0%| F|  |TAMS 0x000000060f400000, 0x000000060f400000| Untracked 
|  36|0x000000060f800000, 0x000000060f800000, 0x000000060fc00000|  0%| F|  |TAMS 0x000000060f800000, 0x000000060f800000| Untracked 
|  37|0x000000060fc00000, 0x000000060fc00000, 0x0000000610000000|  0%| F|  |TAMS 0x000000060fc00000, 0x000000060fc00000| Untracked 
|  38|0x0000000610000000, 0x0000000610000000, 0x0000000610400000|  0%| F|  |TAMS 0x0000000610000000, 0x0000000610000000| Untracked 
|  39|0x0000000610400000, 0x0000000610400000, 0x0000000610800000|  0%| F|  |TAMS 0x0000000610400000, 0x0000000610400000| Untracked 
|  40|0x0000000610800000, 0x0000000610800000, 0x0000000610c00000|  0%| F|  |TAMS 0x0000000610800000, 0x0000000610800000| Untracked 
|  41|0x0000000610c00000, 0x0000000610c00000, 0x0000000611000000|  0%| F|  |TAMS 0x0000000610c00000, 0x0000000610c00000| Untracked 
|  42|0x0000000611000000, 0x0000000611000000, 0x0000000611400000|  0%| F|  |TAMS 0x0000000611000000, 0x0000000611000000| Untracked 
|  43|0x0000000611400000, 0x0000000611400000, 0x0000000611800000|  0%| F|  |TAMS 0x0000000611400000, 0x0000000611400000| Untracked 
|  44|0x0000000611800000, 0x0000000611800000, 0x0000000611c00000|  0%| F|  |TAMS 0x0000000611800000, 0x0000000611800000| Untracked 
|  45|0x0000000611c00000, 0x0000000611c00000, 0x0000000612000000|  0%| F|  |TAMS 0x0000000611c00000, 0x0000000611c00000| Untracked 
|  46|0x0000000612000000, 0x0000000612000000, 0x0000000612400000|  0%| F|  |TAMS 0x0000000612000000, 0x0000000612000000| Untracked 
|  47|0x0000000612400000, 0x0000000612400000, 0x0000000612800000|  0%| F|  |TAMS 0x0000000612400000, 0x0000000612400000| Untracked 
|  48|0x0000000612800000, 0x0000000612800000, 0x0000000612c00000|  0%| F|  |TAMS 0x0000000612800000, 0x0000000612800000| Untracked 
|  49|0x0000000612c00000, 0x0000000612c00000, 0x0000000613000000|  0%| F|  |TAMS 0x0000000612c00000, 0x0000000612c00000| Untracked 
|  50|0x0000000613000000, 0x0000000613000000, 0x0000000613400000|  0%| F|  |TAMS 0x0000000613000000, 0x0000000613000000| Untracked 
|  51|0x0000000613400000, 0x0000000613401830, 0x0000000613800000|  0%| S|CS|TAMS 0x0000000613400000, 0x0000000613400000| Complete 
|  52|0x0000000613800000, 0x0000000613800000, 0x0000000613c00000|  0%| F|  |TAMS 0x0000000613800000, 0x0000000613800000| Untracked 
|  53|0x0000000613c00000, 0x0000000613c00000, 0x0000000614000000|  0%| F|  |TAMS 0x0000000613c00000, 0x0000000613c00000| Untracked 
|  54|0x0000000614000000, 0x0000000614000000, 0x0000000614400000|  0%| F|  |TAMS 0x0000000614000000, 0x0000000614000000| Untracked 
|  55|0x0000000614400000, 0x0000000614400000, 0x0000000614800000|  0%| F|  |TAMS 0x0000000614400000, 0x0000000614400000| Untracked 
|  56|0x0000000614800000, 0x0000000614800000, 0x0000000614c00000|  0%| F|  |TAMS 0x0000000614800000, 0x0000000614800000| Untracked 
|  57|0x0000000614c00000, 0x0000000614c00000, 0x0000000615000000|  0%| F|  |TAMS 0x0000000614c00000, 0x0000000614c00000| Untracked 
|  58|0x0000000615000000, 0x0000000615000000, 0x0000000615400000|  0%| F|  |TAMS 0x0000000615000000, 0x0000000615000000| Untracked 
|  59|0x0000000615400000, 0x0000000615400000, 0x0000000615800000|  0%| F|  |TAMS 0x0000000615400000, 0x0000000615400000| Untracked 
|  60|0x0000000615800000, 0x0000000615800000, 0x0000000615c00000|  0%| F|  |TAMS 0x0000000615800000, 0x0000000615800000| Untracked 
|  61|0x0000000615c00000, 0x0000000615c00000, 0x0000000616000000|  0%| F|  |TAMS 0x0000000615c00000, 0x0000000615c00000| Untracked 
|  62|0x0000000616000000, 0x0000000616000000, 0x0000000616400000|  0%| F|  |TAMS 0x0000000616000000, 0x0000000616000000| Untracked 
|  63|0x0000000616400000, 0x0000000616400000, 0x0000000616800000|  0%| F|  |TAMS 0x0000000616400000, 0x0000000616400000| Untracked 
|  64|0x0000000616800000, 0x0000000616800000, 0x0000000616c00000|  0%| F|  |TAMS 0x0000000616800000, 0x0000000616800000| Untracked 
|  65|0x0000000616c00000, 0x0000000616f44fb8, 0x0000000617000000| 81%| E|  |TAMS 0x0000000616c00000, 0x0000000616c00000| Complete 
|  66|0x0000000617000000, 0x0000000617400000, 0x0000000617400000|100%| E|CS|TAMS 0x0000000617000000, 0x0000000617000000| Complete 
|  67|0x0000000617400000, 0x0000000617800000, 0x0000000617800000|100%| E|CS|TAMS 0x0000000617400000, 0x0000000617400000| Complete 
|  68|0x0000000617800000, 0x0000000617c00000, 0x0000000617c00000|100%| E|CS|TAMS 0x0000000617800000, 0x0000000617800000| Complete 
|  69|0x0000000617c00000, 0x0000000618000000, 0x0000000618000000|100%| E|CS|TAMS 0x0000000617c00000, 0x0000000617c00000| Complete 
|  70|0x0000000618000000, 0x0000000618400000, 0x0000000618400000|100%| E|CS|TAMS 0x0000000618000000, 0x0000000618000000| Complete 
|  71|0x0000000618400000, 0x0000000618800000, 0x0000000618800000|100%| E|CS|TAMS 0x0000000618400000, 0x0000000618400000| Complete 
|  72|0x0000000618800000, 0x0000000618c00000, 0x0000000618c00000|100%| E|CS|TAMS 0x0000000618800000, 0x0000000618800000| Complete 
|  73|0x0000000618c00000, 0x0000000619000000, 0x0000000619000000|100%| E|CS|TAMS 0x0000000618c00000, 0x0000000618c00000| Complete 
|  74|0x0000000619000000, 0x0000000619400000, 0x0000000619400000|100%| E|CS|TAMS 0x0000000619000000, 0x0000000619000000| Complete 
|  75|0x0000000619400000, 0x0000000619800000, 0x0000000619800000|100%| E|CS|TAMS 0x0000000619400000, 0x0000000619400000| Complete 
|  76|0x0000000619800000, 0x0000000619c00000, 0x0000000619c00000|100%| E|CS|TAMS 0x0000000619800000, 0x0000000619800000| Complete 
|  77|0x0000000619c00000, 0x000000061a000000, 0x000000061a000000|100%| E|CS|TAMS 0x0000000619c00000, 0x0000000619c00000| Complete 
|  78|0x000000061a000000, 0x000000061a400000, 0x000000061a400000|100%| E|CS|TAMS 0x000000061a000000, 0x000000061a000000| Complete 
|  79|0x000000061a400000, 0x000000061a800000, 0x000000061a800000|100%| E|CS|TAMS 0x000000061a400000, 0x000000061a400000| Complete 
|  80|0x000000061a800000, 0x000000061ac00000, 0x000000061ac00000|100%| E|CS|TAMS 0x000000061a800000, 0x000000061a800000| Complete 
|  81|0x000000061ac00000, 0x000000061b000000, 0x000000061b000000|100%| E|CS|TAMS 0x000000061ac00000, 0x000000061ac00000| Complete 
|  82|0x000000061b000000, 0x000000061b400000, 0x000000061b400000|100%| E|CS|TAMS 0x000000061b000000, 0x000000061b000000| Complete 
|  83|0x000000061b400000, 0x000000061b800000, 0x000000061b800000|100%| E|CS|TAMS 0x000000061b400000, 0x000000061b400000| Complete 
|  84|0x000000061b800000, 0x000000061bc00000, 0x000000061bc00000|100%| E|CS|TAMS 0x000000061b800000, 0x000000061b800000| Complete 
|  85|0x000000061bc00000, 0x000000061c000000, 0x000000061c000000|100%| E|CS|TAMS 0x000000061bc00000, 0x000000061bc00000| Complete 
|  86|0x000000061c000000, 0x000000061c400000, 0x000000061c400000|100%| E|CS|TAMS 0x000000061c000000, 0x000000061c000000| Complete 
|  87|0x000000061c400000, 0x000000061c800000, 0x000000061c800000|100%| E|CS|TAMS 0x000000061c400000, 0x000000061c400000| Complete 
|  88|0x000000061c800000, 0x000000061cc00000, 0x000000061cc00000|100%| E|CS|TAMS 0x000000061c800000, 0x000000061c800000| Complete 
|  89|0x000000061cc00000, 0x000000061d000000, 0x000000061d000000|100%| E|CS|TAMS 0x000000061cc00000, 0x000000061cc00000| Complete 
|  90|0x000000061d000000, 0x000000061d400000, 0x000000061d400000|100%| E|CS|TAMS 0x000000061d000000, 0x000000061d000000| Complete 
|  91|0x000000061d400000, 0x000000061d800000, 0x000000061d800000|100%| E|CS|TAMS 0x000000061d400000, 0x000000061d400000| Complete 
|  92|0x000000061d800000, 0x000000061dc00000, 0x000000061dc00000|100%| E|CS|TAMS 0x000000061d800000, 0x000000061d800000| Complete 
|  93|0x000000061dc00000, 0x000000061e000000, 0x000000061e000000|100%| E|CS|TAMS 0x000000061dc00000, 0x000000061dc00000| Complete 
|  94|0x000000061e000000, 0x000000061e400000, 0x000000061e400000|100%| E|CS|TAMS 0x000000061e000000, 0x000000061e000000| Complete 
|  95|0x000000061e400000, 0x000000061e800000, 0x000000061e800000|100%| E|CS|TAMS 0x000000061e400000, 0x000000061e400000| Complete 
|  96|0x000000061e800000, 0x000000061ec00000, 0x000000061ec00000|100%| E|CS|TAMS 0x000000061e800000, 0x000000061e800000| Complete 
|  97|0x000000061ec00000, 0x000000061f000000, 0x000000061f000000|100%| E|CS|TAMS 0x000000061ec00000, 0x000000061ec00000| Complete 
|  98|0x000000061f000000, 0x000000061f400000, 0x000000061f400000|100%| E|CS|TAMS 0x000000061f000000, 0x000000061f000000| Complete 
|  99|0x000000061f400000, 0x000000061f800000, 0x000000061f800000|100%| E|CS|TAMS 0x000000061f400000, 0x000000061f400000| Complete 
| 100|0x000000061f800000, 0x000000061fc00000, 0x000000061fc00000|100%| E|CS|TAMS 0x000000061f800000, 0x000000061f800000| Complete 
| 101|0x000000061fc00000, 0x0000000620000000, 0x0000000620000000|100%| E|CS|TAMS 0x000000061fc00000, 0x000000061fc00000| Complete 
| 102|0x0000000620000000, 0x0000000620400000, 0x0000000620400000|100%| E|CS|TAMS 0x0000000620000000, 0x0000000620000000| Complete 
| 103|0x0000000620400000, 0x0000000620800000, 0x0000000620800000|100%| E|CS|TAMS 0x0000000620400000, 0x0000000620400000| Complete 
| 104|0x0000000620800000, 0x0000000620c00000, 0x0000000620c00000|100%| E|CS|TAMS 0x0000000620800000, 0x0000000620800000| Complete 
| 105|0x0000000620c00000, 0x0000000621000000, 0x0000000621000000|100%| E|CS|TAMS 0x0000000620c00000, 0x0000000620c00000| Complete 
| 106|0x0000000621000000, 0x0000000621400000, 0x0000000621400000|100%| E|CS|TAMS 0x0000000621000000, 0x0000000621000000| Complete 
| 107|0x0000000621400000, 0x0000000621800000, 0x0000000621800000|100%| E|CS|TAMS 0x0000000621400000, 0x0000000621400000| Complete 
| 108|0x0000000621800000, 0x0000000621c00000, 0x0000000621c00000|100%| E|CS|TAMS 0x0000000621800000, 0x0000000621800000| Complete 
| 109|0x0000000621c00000, 0x0000000622000000, 0x0000000622000000|100%| E|CS|TAMS 0x0000000621c00000, 0x0000000621c00000| Complete 
| 110|0x0000000622000000, 0x0000000622400000, 0x0000000622400000|100%| E|CS|TAMS 0x0000000622000000, 0x0000000622000000| Complete 
| 111|0x0000000622400000, 0x0000000622800000, 0x0000000622800000|100%| E|CS|TAMS 0x0000000622400000, 0x0000000622400000| Complete 
| 112|0x0000000622800000, 0x0000000622c00000, 0x0000000622c00000|100%| E|CS|TAMS 0x0000000622800000, 0x0000000622800000| Complete 
| 113|0x0000000622c00000, 0x0000000623000000, 0x0000000623000000|100%| E|CS|TAMS 0x0000000622c00000, 0x0000000622c00000| Complete 
| 114|0x0000000623000000, 0x0000000623400000, 0x0000000623400000|100%| E|CS|TAMS 0x0000000623000000, 0x0000000623000000| Complete 
| 115|0x0000000623400000, 0x0000000623800000, 0x0000000623800000|100%| E|CS|TAMS 0x0000000623400000, 0x0000000623400000| Complete 
| 116|0x0000000623800000, 0x0000000623c00000, 0x0000000623c00000|100%| E|CS|TAMS 0x0000000623800000, 0x0000000623800000| Complete 
| 117|0x0000000623c00000, 0x0000000624000000, 0x0000000624000000|100%| E|CS|TAMS 0x0000000623c00000, 0x0000000623c00000| Complete 
| 118|0x0000000624000000, 0x0000000624400000, 0x0000000624400000|100%| E|CS|TAMS 0x0000000624000000, 0x0000000624000000| Complete 
| 119|0x0000000624400000, 0x0000000624800000, 0x0000000624800000|100%| E|CS|TAMS 0x0000000624400000, 0x0000000624400000| Complete 
| 120|0x0000000624800000, 0x0000000624c00000, 0x0000000624c00000|100%| E|CS|TAMS 0x0000000624800000, 0x0000000624800000| Complete 
| 121|0x0000000624c00000, 0x0000000625000000, 0x0000000625000000|100%| E|CS|TAMS 0x0000000624c00000, 0x0000000624c00000| Complete 
| 122|0x0000000625000000, 0x0000000625400000, 0x0000000625400000|100%| E|CS|TAMS 0x0000000625000000, 0x0000000625000000| Complete 
| 123|0x0000000625400000, 0x0000000625800000, 0x0000000625800000|100%| E|CS|TAMS 0x0000000625400000, 0x0000000625400000| Complete 
| 124|0x0000000625800000, 0x0000000625c00000, 0x0000000625c00000|100%| E|CS|TAMS 0x0000000625800000, 0x0000000625800000| Complete 
| 125|0x0000000625c00000, 0x0000000626000000, 0x0000000626000000|100%| E|CS|TAMS 0x0000000625c00000, 0x0000000625c00000| Complete 
| 126|0x0000000626000000, 0x0000000626400000, 0x0000000626400000|100%| E|CS|TAMS 0x0000000626000000, 0x0000000626000000| Complete 

Card table byte_map: [0x000001ebe6360000,0x000001ebe7330000] _byte_map_base: 0x000001ebe332c000

Marking Bits (Prev, Next): (CMBitMap*) 0x000001ebce288b20, (CMBitMap*) 0x000001ebce288b60
 Prev Bits: [0x000001ebe8300000, 0x000001ebf0160000)
 Next Bits: [0x000001ebf0160000, 0x000001ebf7fc0000)

Polling page: 0x000001ebcd9e0000

Metaspace:

Usage:
  Non-class:      8.55 MB used.
      Class:   1014.36 KB used.
       Both:      9.54 MB used.

Virtual space:
  Non-class space:       16.00 MB reserved,       8.69 MB ( 54%) committed,  2 nodes.
      Class space:        1.00 GB reserved,       1.12 MB ( <1%) committed,  1 nodes.
             Both:        1.02 GB reserved,       9.81 MB ( <1%) committed. 

Chunk freelists:
   Non-Class:  2.45 MB
       Class:  2.87 MB
        Both:  5.32 MB

MaxMetaspaceSize: unlimited
CompressedClassSpaceSize: 1.00 GB
Initial GC threshold: 21.00 MB
Current GC threshold: 21.00 MB
CDS: on
MetaspaceReclaimPolicy: balanced
 - commit_granule_bytes: 65536.
 - commit_granule_words: 8192.
 - virtual_space_node_default_size: 1048576.
 - enlarge_chunks_in_place: 1.
 - new_chunks_are_fully_committed: 0.
 - uncommit_free_chunks: 1.
 - use_allocation_guard: 0.
 - handle_deallocations: 1.


Internal statistics:

num_allocs_failed_limit: 0.
num_arena_births: 212.
num_arena_deaths: 0.
num_vsnodes_births: 3.
num_vsnodes_deaths: 0.
num_space_committed: 157.
num_space_uncommitted: 0.
num_chunks_returned_to_freelist: 0.
num_chunks_taken_from_freelist: 408.
num_chunk_merges: 0.
num_chunk_splits: 235.
num_chunks_enlarged: 132.
num_purges: 0.
num_inconsistent_stats: 0.

CodeHeap 'non-profiled nmethods': size=119168Kb used=897Kb max_used=897Kb free=118270Kb
 bounds [0x000001ebdd5a0000, 0x000001ebdd810000, 0x000001ebe4a00000]
CodeHeap 'profiled nmethods': size=119104Kb used=3885Kb max_used=3885Kb free=115219Kb
 bounds [0x000001ebd6150000, 0x000001ebd6520000, 0x000001ebdd5a0000]
CodeHeap 'non-nmethods': size=7488Kb used=1230Kb max_used=2956Kb free=6257Kb
 bounds [0x000001ebd5a00000, 0x000001ebd5cf0000, 0x000001ebd6150000]
 total_blobs=2744 nmethods=2210 adapters=446
 compilation: enabled
              stopped_count=0, restarted_count=0
 full_count=0

Compilation events (20 events):
Event: 52.486 Thread 0x000001ebfbc2a090 nmethod 2199 0x000001ebd6514a90 code [0x000001ebd6514c40, 0x000001ebd6514e88]
Event: 52.486 Thread 0x000001ebfbc2a090 2200   !   3       java.io.PrintStream::write (83 bytes)
Event: 52.486 Thread 0x000001ebfbc2a090 nmethod 2200 0x000001ebd6514f90 code [0x000001ebd6515240, 0x000001ebd6515e78]
Event: 54.184 Thread 0x000001ebfbc2a090 2201       3       java.io.ObjectInputStream$BlockDataInputStream::readInt (73 bytes)
Event: 54.185 Thread 0x000001ebfbc2a090 nmethod 2201 0x000001ebd6516510 code [0x000001ebd65166e0, 0x000001ebd6516988]
Event: 54.185 Thread 0x000001ebfbc2a090 2203       3       javax.management.ObjectName::isPropertyListPattern (17 bytes)
Event: 54.185 Thread 0x000001ebfbc2a090 nmethod 2203 0x000001ebd6516a90 code [0x000001ebd6516c20, 0x000001ebd6516d98]
Event: 54.185 Thread 0x000001ebfbc2a090 2202       3       java.io.ObjectInputStream::readShort (8 bytes)
Event: 54.185 Thread 0x000001ebfbc2a090 nmethod 2202 0x000001ebd6516e10 code [0x000001ebd6516fc0, 0x000001ebd6517108]
Event: 54.301 Thread 0x000001ebfbc2a090 2204       3       java.io.ObjectInputStream::readInt (8 bytes)
Event: 54.301 Thread 0x000001ebfbc2a090 nmethod 2204 0x000001ebd6517210 code [0x000001ebd65173c0, 0x000001ebd6517508]
Event: 54.301 Thread 0x000001ebfbc28a80 2205       4       java.lang.String::compareTo (63 bytes)
Event: 54.302 Thread 0x000001ebfbc28a80 nmethod 2205 0x000001ebdd67fc90 code [0x000001ebdd67fe00, 0x000001ebdd680018]
Event: 54.302 Thread 0x000001ebfbc28a80 2206       4       java.lang.StringLatin1::compareTo (52 bytes)
Event: 54.303 Thread 0x000001ebfbc28a80 nmethod 2206 0x000001ebdd680110 code [0x000001ebdd680280, 0x000001ebdd6803b8]
Event: 54.485 Thread 0x000001ebfbc2a090 2207       3       java.lang.StringUTF16$CharsSpliterator::<init> (12 bytes)
Event: 54.486 Thread 0x000001ebfbc2a090 nmethod 2207 0x000001ebd6517610 code [0x000001ebd65177c0, 0x000001ebd6517908]
Event: 56.558 Thread 0x000001ebfbc2a090 2208       3       io.aeron.driver.DriverConductor::doWork (91 bytes)
Event: 56.558 Thread 0x000001ebfbc2a090 nmethod 2208 0x000001ebd6517a10 code [0x000001ebd6517c40, 0x000001ebd6518258]
Event: 56.559 Thread 0x000001ebfbc2a090 2209       3       io.aeron.driver.DriverConductor::trackStreamPositions (148 bytes)

GC Heap History (20 events):
Event: 52.128 GC heap before
{Heap before GC invocations=125 (full 0):
 garbage-first heap   total 520192K, used 311399K [0x0000000606800000, 0x0000000800000000)
  region size 4096K, 76 young (311296K), 1 survivors (4096K)
 Metaspace       used 9751K, committed 9984K, reserved 1064960K
  class space    used 1012K, committed 1152K, reserved 1048576K
}
Event: 52.129 GC heap after
{Heap after GC invocations=126 (full 0):
 garbage-first heap   total 520192K, used 4201K [0x0000000606800000, 0x0000000800000000)
  region size 4096K, 1 young (4096K), 1 survivors (4096K)
 Metaspace       used 9751K, committed 9984K, reserved 1064960K
  class space    used 1012K, committed 1152K, reserved 1048576K
}
Event: 52.559 GC heap before
{Heap before GC invocations=126 (full 0):
 garbage-first heap   total 520192K, used 311401K [0x0000000606800000, 0x0000000800000000)
  region size 4096K, 76 young (311296K), 1 survivors (4096K)
 Metaspace       used 9754K, committed 10048K, reserved 1064960K
  class space    used 1012K, committed 1152K, reserved 1048576K
}
Event: 52.560 GC heap after
{Heap after GC invocations=127 (full 0):
 garbage-first heap   total 520192K, used 4199K [0x0000000606800000, 0x0000000800000000)
  region size 4096K, 1 young (4096K), 1 survivors (4096K)
 Metaspace       used 9754K, committed 10048K, reserved 1064960K
  class space    used 1012K, committed 1152K, reserved 1048576K
}
Event: 53.017 GC heap before
{Heap before GC invocations=127 (full 0):
 garbage-first heap   total 520192K, used 311399K [0x0000000606800000, 0x0000000800000000)
  region size 4096K, 76 young (311296K), 1 survivors (4096K)
 Metaspace       used 9754K, committed 10048K, reserved 1064960K
  class space    used 1012K, committed 1152K, reserved 1048576K
}
Event: 53.017 GC heap after
{Heap after GC invocations=128 (full 0):
 garbage-first heap   total 520192K, used 4199K [0x0000000606800000, 0x0000000800000000)
  region size 4096K, 1 young (4096K), 1 survivors (4096K)
 Metaspace       used 9754K, committed 10048K, reserved 1064960K
  class space    used 1012K, committed 1152K, reserved 1048576K
}
Event: 53.453 GC heap before
{Heap before GC invocations=128 (full 0):
 garbage-first heap   total 520192K, used 311399K [0x0000000606800000, 0x0000000800000000)
  region size 4096K, 76 young (311296K), 1 survivors (4096K)
 Metaspace       used 9754K, committed 10048K, reserved 1064960K
  class space    used 1012K, committed 1152K, reserved 1048576K
}
Event: 53.453 GC heap after
{Heap after GC invocations=129 (full 0):
 garbage-first heap   total 520192K, used 4199K [0x0000000606800000, 0x0000000800000000)
  region size 4096K, 1 young (4096K), 1 survivors (4096K)
 Metaspace       used 9754K, committed 10048K, reserved 1064960K
  class space    used 1012K, committed 1152K, reserved 1048576K
}
Event: 53.900 GC heap before
{Heap before GC invocations=129 (full 0):
 garbage-first heap   total 520192K, used 311399K [0x0000000606800000, 0x0000000800000000)
  region size 4096K, 76 young (311296K), 1 survivors (4096K)
 Metaspace       used 9754K, committed 10048K, reserved 1064960K
  class space    used 1012K, committed 1152K, reserved 1048576K
}
Event: 53.901 GC heap after
{Heap after GC invocations=130 (full 0):
 garbage-first heap   total 520192K, used 4195K [0x0000000606800000, 0x0000000800000000)
  region size 4096K, 1 young (4096K), 1 survivors (4096K)
 Metaspace       used 9754K, committed 10048K, reserved 1064960K
  class space    used 1012K, committed 1152K, reserved 1048576K
}
Event: 54.346 GC heap before
{Heap before GC invocations=130 (full 0):
 garbage-first heap   total 520192K, used 311395K [0x0000000606800000, 0x0000000800000000)
  region size 4096K, 76 young (311296K), 1 survivors (4096K)
 Metaspace       used 9755K, committed 10048K, reserved 1064960K
  class space    used 1012K, committed 1152K, reserved 1048576K
}
Event: 54.346 GC heap after
{Heap after GC invocations=131 (full 0):
 garbage-first heap   total 520192K, used 4201K [0x0000000606800000, 0x0000000800000000)
  region size 4096K, 1 young (4096K), 1 survivors (4096K)
 Metaspace       used 9755K, committed 10048K, reserved 1064960K
  class space    used 1012K, committed 1152K, reserved 1048576K
}
Event: 54.794 GC heap before
{Heap before GC invocations=131 (full 0):
 garbage-first heap   total 520192K, used 311401K [0x0000000606800000, 0x0000000800000000)
  region size 4096K, 76 young (311296K), 1 survivors (4096K)
 Metaspace       used 9755K, committed 10048K, reserved 1064960K
  class space    used 1012K, committed 1152K, reserved 1048576K
}
Event: 54.794 GC heap after
{Heap after GC invocations=132 (full 0):
 garbage-first heap   total 520192K, used 4203K [0x0000000606800000, 0x0000000800000000)
  region size 4096K, 1 young (4096K), 1 survivors (4096K)
 Metaspace       used 9755K, committed 10048K, reserved 1064960K
  class space    used 1012K, committed 1152K, reserved 1048576K
}
Event: 55.257 GC heap before
{Heap before GC invocations=132 (full 0):
 garbage-first heap   total 520192K, used 311403K [0x0000000606800000, 0x0000000800000000)
  region size 4096K, 76 young (311296K), 1 survivors (4096K)
 Metaspace       used 9755K, committed 10048K, reserved 1064960K
  class space    used 1012K, committed 1152K, reserved 1048576K
}
Event: 55.258 GC heap after
{Heap after GC invocations=133 (full 0):
 garbage-first heap   total 520192K, used 4195K [0x0000000606800000, 0x0000000800000000)
  region size 4096K, 1 young (4096K), 1 survivors (4096K)
 Metaspace       used 9755K, committed 10048K, reserved 1064960K
  class space    used 1012K, committed 1152K, reserved 1048576K
}
Event: 55.740 GC heap before
{Heap before GC invocations=133 (full 0):
 garbage-first heap   total 520192K, used 311395K [0x0000000606800000, 0x0000000800000000)
  region size 4096K, 76 young (311296K), 1 survivors (4096K)
 Metaspace       used 9755K, committed 10048K, reserved 1064960K
  class space    used 1012K, committed 1152K, reserved 1048576K
}
Event: 55.740 GC heap after
{Heap after GC invocations=134 (full 0):
 garbage-first heap   total 520192K, used 4199K [0x0000000606800000, 0x0000000800000000)
  region size 4096K, 1 young (4096K), 1 survivors (4096K)
 Metaspace       used 9755K, committed 10048K, reserved 1064960K
  class space    used 1012K, committed 1152K, reserved 1048576K
}
Event: 56.191 GC heap before
{Heap before GC invocations=134 (full 0):
 garbage-first heap   total 520192K, used 311399K [0x0000000606800000, 0x0000000800000000)
  region size 4096K, 76 young (311296K), 1 survivors (4096K)
 Metaspace       used 9755K, committed 10048K, reserved 1064960K
  class space    used 1012K, committed 1152K, reserved 1048576K
}
Event: 56.192 GC heap after
{Heap after GC invocations=135 (full 0):
 garbage-first heap   total 520192K, used 4199K [0x0000000606800000, 0x0000000800000000)
  region size 4096K, 1 young (4096K), 1 survivors (4096K)
 Metaspace       used 9755K, committed 10048K, reserved 1064960K
  class space    used 1012K, committed 1152K, reserved 1048576K
}

Deoptimization events (20 events):
Event: 56.558 Thread 0x000001eb800f6740 Uncommon trap: trap_request=0xffffff54 fr.pc=0x000001ebdd61a740 relative=0x0000000000000040
Event: 56.558 Thread 0x000001eb800f6740 Uncommon trap: reason=speculate_null_assert action=make_not_entrant pc=0x000001ebdd61a740 method=org.agrona.UnsafeApi.putLong(Ljava/lang/Object;JJ)V @ 6 c2
Event: 56.558 Thread 0x000001eb800f6740 DEOPT PACKING pc=0x000001ebdd61a740 sp=0x0000006dfccfecc0
Event: 56.558 Thread 0x000001eb800f6740 DEOPT UNPACKING pc=0x000001ebd5a523a3 sp=0x0000006dfccfec38 mode 2
Event: 56.558 Thread 0x000001eb800f6740 Uncommon trap: trap_request=0xffffffde fr.pc=0x000001ebdd620670 relative=0x00000000000001d0
Event: 56.558 Thread 0x000001eb800f6740 Uncommon trap: reason=class_check action=maybe_recompile pc=0x000001ebdd620670 method=org.agrona.AbstractMutableDirectBuffer.putBytes(ILorg/agrona/DirectBuffer;II)V @ 17 c2
Event: 56.558 Thread 0x000001eb800f6740 DEOPT PACKING pc=0x000001ebdd620670 sp=0x0000006dfccfec20
Event: 56.558 Thread 0x000001eb800f6740 DEOPT UNPACKING pc=0x000001ebd5a523a3 sp=0x0000006dfccfec00 mode 2
Event: 56.558 Thread 0x000001eb800f6740 Uncommon trap: trap_request=0xffffff45 fr.pc=0x000001ebdd664fdc relative=0x0000000000000e9c
Event: 56.558 Thread 0x000001eb800f6740 Uncommon trap: reason=unstable_if action=reinterpret pc=0x000001ebdd664fdc method=io.aeron.driver.IpcPublication.updatePublisherPositionAndLimit()I @ 9 c2
Event: 56.558 Thread 0x000001eb800f6740 DEOPT PACKING pc=0x000001ebdd664fdc sp=0x0000006dfccfeff0
Event: 56.558 Thread 0x000001eb800f6740 DEOPT UNPACKING pc=0x000001ebd5a523a3 sp=0x0000006dfccfee58 mode 2
Event: 56.558 Thread 0x000001eb800f6740 Uncommon trap: trap_request=0xffffff45 fr.pc=0x000001ebdd6285f0 relative=0x0000000000000430
Event: 56.558 Thread 0x000001eb800f6740 Uncommon trap: reason=unstable_if action=reinterpret pc=0x000001ebdd6285f0 method=io.aeron.driver.IpcPublication.updatePublisherPositionAndLimit()I @ 9 c2
Event: 56.558 Thread 0x000001eb800f6740 DEOPT PACKING pc=0x000001ebdd6285f0 sp=0x0000006dfccfef90
Event: 56.558 Thread 0x000001eb800f6740 DEOPT UNPACKING pc=0x000001ebd5a523a3 sp=0x0000006dfccfee48 mode 2
Event: 56.558 Thread 0x000001eb800f6740 Uncommon trap: trap_request=0xffffff45 fr.pc=0x000001ebdd62c044 relative=0x0000000000000284
Event: 56.558 Thread 0x000001eb800f6740 Uncommon trap: reason=unstable_if action=reinterpret pc=0x000001ebdd62c044 method=io.aeron.driver.IpcPublication.updatePublisherPositionAndLimit()I @ 9 c2
Event: 56.558 Thread 0x000001eb800f6740 DEOPT PACKING pc=0x000001ebdd62c044 sp=0x0000006dfccfef10
Event: 56.558 Thread 0x000001eb800f6740 DEOPT UNPACKING pc=0x000001ebd5a523a3 sp=0x0000006dfccfee50 mode 2

Classes unloaded (0 events):
No events

Classes redefined (0 events):
No events

Internal exceptions (20 events):
Event: 0.116 Thread 0x000001ebce210090 Exception <a 'java/lang/NoSuchMethodError'{0x0000000625e0e408}: 'java.lang.Object java.lang.invoke.DirectMethodHandle$Holder.invokeStaticInit(java.lang.Object, java.lang.Object, long, java.lang.Object)'> (0x0000000625e0e408) 
thrown [t:\workspace\open\src\hotspot\share\interpreter\linkResolver.cpp, line 766]
Event: 0.117 Thread 0x000001ebce210090 Exception <a 'java/lang/NoSuchMethodError'{0x0000000625e14a28}: 'java.lang.Object java.lang.invoke.DirectMethodHandle$Holder.newInvokeSpecial(java.lang.Object, java.lang.Object, long)'> (0x0000000625e14a28) 
thrown [t:\workspace\open\src\hotspot\share\interpreter\linkResolver.cpp, line 766]
Event: 0.118 Thread 0x000001ebce210090 Exception <a 'java/lang/NoSuchMethodError'{0x0000000625e18a70}: 'java.lang.Object java.lang.invoke.Invokers$Holder.linkToTargetMethod(java.lang.Object, long, java.lang.Object)'> (0x0000000625e18a70) 
thrown [t:\workspace\open\src\hotspot\share\interpreter\linkResolver.cpp, line 766]
Event: 0.133 Thread 0x000001ebce210090 Exception <a 'java/lang/NoSuchMethodError'{0x0000000625e635c0}: 'void java.lang.invoke.DirectMethodHandle$Holder.invokeStaticInit(java.lang.Object, java.lang.Object)'> (0x0000000625e635c0) 
thrown [t:\workspace\open\src\hotspot\share\interpreter\linkResolver.cpp, line 766]
Event: 0.140 Thread 0x000001ebfbebce90 Exception <a 'java/lang/NoSuchMethodError'{0x0000000625ecaac0}: 'void java.lang.invoke.DirectMethodHandle$Holder.invokeInterface(java.lang.Object, java.lang.Object)'> (0x0000000625ecaac0) 
thrown [t:\workspace\open\src\hotspot\share\interpreter\linkResolver.cpp, line 766]
Event: 0.153 Thread 0x000001ebfbebce90 Exception <a 'java/lang/NoSuchMethodError'{0x0000000625824b60}: 'java.lang.Object java.lang.invoke.Invokers$Holder.invoke_MT(java.lang.Object, java.lang.Object, java.lang.Object, java.lang.Object, java.lang.Object)'> (0x0000000625824b60) 
thrown [t:\workspace\open\src\hotspot\share\interpreter\linkResolver.cpp, line 766]
Event: 0.154 Thread 0x000001ebfbebce90 Exception <a 'java/lang/NoSuchMethodError'{0x0000000625839788}: 'int java.lang.invoke.DirectMethodHandle$Holder.invokeSpecial(java.lang.Object, java.lang.Object, java.lang.Object)'> (0x0000000625839788) 
thrown [t:\workspace\open\src\hotspot\share\interpreter\linkResolver.cpp, line 766]
Event: 0.155 Thread 0x000001ebfbebce90 Exception <a 'java/lang/NoSuchMethodError'{0x0000000625840a70}: 'int java.lang.invoke.Invokers$Holder.linkToTargetMethod(java.lang.Object, java.lang.Object, java.lang.Object)'> (0x0000000625840a70) 
thrown [t:\workspace\open\src\hotspot\share\interpreter\linkResolver.cpp, line 766]
Event: 0.159 Thread 0x000001ebfbc20bb0 Exception <a 'java/lang/NoSuchMethodError'{0x0000000625f36f90}: 'int java.lang.invoke.DirectMethodHandle$Holder.invokeInterface(java.lang.Object, java.lang.Object)'> (0x0000000625f36f90) 
thrown [t:\workspace\open\src\hotspot\share\interpreter\linkResolver.cpp, line 766]
Event: 0.159 Thread 0x000001ebfbc20bb0 Exception <a 'java/lang/IncompatibleClassChangeError'{0x0000000625f3a478}: Found class java.lang.Object, but interface was expected> (0x0000000625f3a478) 
thrown [t:\workspace\open\src\hotspot\share\interpreter\linkResolver.cpp, line 833]
Event: 0.163 Thread 0x000001ebfbebce90 Exception <a 'java/lang/NoSuchMethodError'{0x000000062586a248}: 'void java.lang.invoke.DirectMethodHandle$Holder.invokeStatic(java.lang.Object, java.lang.Object, java.lang.Object)'> (0x000000062586a248) 
thrown [t:\workspace\open\src\hotspot\share\interpreter\linkResolver.cpp, line 766]
Event: 0.179 Thread 0x000001ebfbebce90 Exception <a 'java/lang/NoSuchMethodError'{0x0000000625952188}: 'java.lang.Object java.lang.invoke.DirectMethodHandle$Holder.invokeStaticInit(java.lang.Object, int, int, int, int)'> (0x0000000625952188) 
thrown [t:\workspace\open\src\hotspot\share\interpreter\linkResolver.cpp, line 766]
Event: 0.237 Thread 0x000001ebfbebce90 Exception <a 'java/lang/NoSuchMethodError'{0x0000000625b53cd0}: 'java.lang.Object java.lang.invoke.DirectMethodHandle$Holder.invokeStaticInit(java.lang.Object, java.lang.Object, int, int, int, int)'> (0x0000000625b53cd0) 
thrown [t:\workspace\open\src\hotspot\share\interpreter\linkResolver.cpp, line 766]
Event: 0.257 Thread 0x000001ebfbebce90 Exception <a 'java/lang/NoSuchMethodError'{0x0000000625bb79a0}: 'java.lang.Object java.lang.invoke.DirectMethodHandle$Holder.invokeSpecial(java.lang.Object, java.lang.Object, int, java.lang.Object, java.lang.Object)'> (0x0000000625bb79a0) 
thrown [t:\workspace\open\src\hotspot\share\interpreter\linkResolver.cpp, line 766]
Event: 0.261 Thread 0x000001ebfbc20bb0 Exception <a 'java/lang/ClassNotFoundException'{0x0000000625aec698}: javax/management/remote/rmi/RMIServerImpl_Skel> (0x0000000625aec698) 
thrown [t:\workspace\open\src\hotspot\share\classfile\systemDictionary.cpp, line 256]
Event: 0.264 Thread 0x000001ebfbebce90 Exception <a 'java/lang/NoSuchMethodError'{0x0000000625bd3460}: 'java.lang.Object java.lang.invoke.Invokers$Holder.invoke_MT(java.lang.Object, java.lang.Object, java.lang.Object)'> (0x0000000625bd3460) 
thrown [t:\workspace\open\src\hotspot\share\interpreter\linkResolver.cpp, line 766]
Event: 0.288 Thread 0x000001ebfbebce90 Exception <a 'java/lang/NoSuchMethodError'{0x00000006254aae68}: 'void java.lang.invoke.DirectMethodHandle$Holder.invokeSpecial(java.lang.Object, java.lang.Object, java.lang.Object)'> (0x00000006254aae68) 
thrown [t:\workspace\open\src\hotspot\share\interpreter\linkResolver.cpp, line 766]
Event: 0.313 Thread 0x000001ebfc634170 Exception <a 'java/lang/NoSuchMethodError'{0x00000006255d7400}: static [B.<clinit>()V> (0x00000006255d7400) 
thrown [t:\workspace\open\src\hotspot\share\prims\jni.cpp, line 1107]
Event: 0.320 Thread 0x000001ebfc634170 Exception <a 'java/lang/ClassNotFoundException'{0x00000006255dfce0}: javax/management/remote/rmi/RMIConnectionImpl_Skel> (0x00000006255dfce0) 
thrown [t:\workspace\open\src\hotspot\share\classfile\systemDictionary.cpp, line 256]
Event: 0.443 Thread 0x000001ebce210090 Exception <a 'java/lang/NoSuchMethodError'{0x00000006251643b0}: 'void java.lang.invoke.DirectMethodHandle$Holder.invokeVirtual(java.lang.Object, java.lang.Object)'> (0x00000006251643b0) 
thrown [t:\workspace\open\src\hotspot\share\interpreter\linkResolver.cpp, line 766]

VM Operations (20 events):
Event: 52.128 Executing VM operation: G1CollectForAllocation
Event: 52.129 Executing VM operation: G1CollectForAllocation done
Event: 52.559 Executing VM operation: G1CollectForAllocation
Event: 52.560 Executing VM operation: G1CollectForAllocation done
Event: 53.017 Executing VM operation: G1CollectForAllocation
Event: 53.018 Executing VM operation: G1CollectForAllocation done
Event: 53.453 Executing VM operation: G1CollectForAllocation
Event: 53.453 Executing VM operation: G1CollectForAllocation done
Event: 53.900 Executing VM operation: G1CollectForAllocation
Event: 53.901 Executing VM operation: G1CollectForAllocation done
Event: 54.346 Executing VM operation: G1CollectForAllocation
Event: 54.347 Executing VM operation: G1CollectForAllocation done
Event: 54.793 Executing VM operation: G1CollectForAllocation
Event: 54.794 Executing VM operation: G1CollectForAllocation done
Event: 55.257 Executing VM operation: G1CollectForAllocation
Event: 55.258 Executing VM operation: G1CollectForAllocation done
Event: 55.740 Executing VM operation: G1CollectForAllocation
Event: 55.740 Executing VM operation: G1CollectForAllocation done
Event: 56.191 Executing VM operation: G1CollectForAllocation
Event: 56.192 Executing VM operation: G1CollectForAllocation done

Events (20 events):
Event: 1.675 loading class java/io/ObjectStreamException done
Event: 4.917 Thread 0x000001ebfbd40090 Thread exited: 0x000001ebfbd40090
Event: 6.151 Thread 0x000001ebfbd3fad0 Thread exited: 0x000001ebfbd3fad0
Event: 6.151 Thread 0x000001ebfbd3f100 Thread exited: 0x000001ebfbd3f100
Event: 32.486 Thread 0x000001eb806561e0 Thread added: 0x000001eb806561e0
Event: 32.486 Thread 0x000001eb806552b0 Thread added: 0x000001eb806552b0
Event: 32.486 Thread 0x000001eb80655cd0 Thread added: 0x000001eb80655cd0
Event: 33.012 Thread 0x000001eb80655cd0 Thread exited: 0x000001eb80655cd0
Event: 35.247 Thread 0x000001eb806552b0 Thread exited: 0x000001eb806552b0
Event: 35.247 Thread 0x000001eb806561e0 Thread exited: 0x000001eb806561e0
Event: 43.485 Thread 0x000001eb806552b0 Thread added: 0x000001eb806552b0
Event: 44.051 Thread 0x000001eb806552b0 Thread exited: 0x000001eb806552b0
Event: 56.556 loading class jdk/internal/misc/Signal$1
Event: 56.556 loading class jdk/internal/misc/Signal$1 done
Event: 56.556 Thread 0x000001eb804e3200 Thread added: 0x000001eb804e3200
Event: 56.557 Thread 0x000001eb804e1520 Thread added: 0x000001eb804e1520
Event: 56.557 Thread 0x000001eb804e36d0 Thread added: 0x000001eb804e36d0
Event: 56.557 Thread 0x000001eb804e2390 Thread added: 0x000001eb804e2390
Event: 56.557 Thread 0x000001eb804e1520 Thread exited: 0x000001eb804e1520
Event: 56.557 Thread 0x000001eb804e2390 Thread exited: 0x000001eb804e2390


Dynamic libraries:
0x00007ff77d920000 - 0x00007ff77d92e000 	C:\.jdk\jdk-17\bin\java.exe
0x00007ffc41d20000 - 0x00007ffc41f87000 	C:\WINDOWS\SYSTEM32\ntdll.dll
0x00007ffc3fc30000 - 0x00007ffc3fcf9000 	C:\WINDOWS\System32\KERNEL32.DLL
0x00007ffc3f3d0000 - 0x00007ffc3f7c7000 	C:\WINDOWS\System32\KERNELBASE.dll
0x00007ffc3f950000 - 0x00007ffc3fa9b000 	C:\WINDOWS\System32\ucrtbase.dll
0x00007ffc20620000 - 0x00007ffc20638000 	C:\.jdk\jdk-17\bin\jli.dll
0x00007ffc20b00000 - 0x00007ffc20b1a000 	C:\.jdk\jdk-17\bin\VCRUNTIME140.dll
0x00007ffc41610000 - 0x00007ffc417d6000 	C:\WINDOWS\System32\USER32.dll
0x00007ffc3f2e0000 - 0x00007ffc3f307000 	C:\WINDOWS\System32\win32u.dll
0x00007ffc417e0000 - 0x00007ffc4180b000 	C:\WINDOWS\System32\GDI32.dll
0x00007ffc1d3e0000 - 0x00007ffc1d672000 	C:\WINDOWS\WinSxS\amd64_microsoft.windows.common-controls_6595b64144ccf1df_6.0.26100.8457_none_3e0b2faee331e92d\COMCTL32.dll
0x00007ffc3f1b0000 - 0x00007ffc3f2dc000 	C:\WINDOWS\System32\gdi32full.dll
0x00007ffc41c20000 - 0x00007ffc41cc9000 	C:\WINDOWS\System32\msvcrt.dll
0x00007ffc3f100000 - 0x00007ffc3f1a3000 	C:\WINDOWS\System32\msvcp_win.dll
0x00007ffc40fa0000 - 0x00007ffc40fd2000 	C:\WINDOWS\System32\IMM32.DLL
0x00007ffc28340000 - 0x00007ffc2834c000 	C:\.jdk\jdk-17\bin\vcruntime140_1.dll
0x00007ffbcb910000 - 0x00007ffbcb99d000 	C:\.jdk\jdk-17\bin\msvcp140.dll
0x00007ffac4f70000 - 0x00007ffac5b2e000 	C:\.jdk\jdk-17\bin\server\jvm.dll
0x00007ffc40ee0000 - 0x00007ffc40f96000 	C:\WINDOWS\System32\ADVAPI32.dll
0x00007ffc40320000 - 0x00007ffc403c7000 	C:\WINDOWS\System32\sechost.dll
0x00007ffc3fb10000 - 0x00007ffc3fc28000 	C:\WINDOWS\System32\RPCRT4.dll
0x00007ffc411e0000 - 0x00007ffc411e8000 	C:\WINDOWS\System32\PSAPI.DLL
0x00007ffc28d90000 - 0x00007ffc28d9b000 	C:\WINDOWS\SYSTEM32\VERSION.dll
0x00007ffc25ca0000 - 0x00007ffc25cd6000 	C:\WINDOWS\SYSTEM32\WINMM.dll
0x00007ffc1e430000 - 0x00007ffc1e43a000 	C:\WINDOWS\SYSTEM32\WSOCK32.dll
0x00007ffc40e00000 - 0x00007ffc40e80000 	C:\WINDOWS\System32\WS2_32.dll
0x00007ffc3d4a0000 - 0x00007ffc3d4bb000 	C:\WINDOWS\SYSTEM32\kernel.appcore.dll
0x00007ffc28110000 - 0x00007ffc2811a000 	C:\.jdk\jdk-17\bin\jimage.dll
0x00007ffc3c830000 - 0x00007ffc3ca72000 	C:\WINDOWS\SYSTEM32\DBGHELP.DLL
0x00007ffc41280000 - 0x00007ffc41603000 	C:\WINDOWS\System32\combase.dll
0x00007ffc40ca0000 - 0x00007ffc40d79000 	C:\WINDOWS\System32\OLEAUT32.dll
0x00007ffc1ee20000 - 0x00007ffc1ee5b000 	C:\WINDOWS\SYSTEM32\dbgcore.DLL
0x00007ffc3efc0000 - 0x00007ffc3f068000 	C:\WINDOWS\System32\bcryptPrimitives.dll
0x00007ffc394f0000 - 0x00007ffc394fe000 	C:\.jdk\jdk-17\bin\instrument.dll
0x00007ffc25e50000 - 0x00007ffc25e75000 	C:\.jdk\jdk-17\bin\java.dll
0x00007ffbba480000 - 0x00007ffbba556000 	C:\.jdk\jdk-17\bin\svml.dll
0x00007ffc403d0000 - 0x00007ffc40b3e000 	C:\WINDOWS\System32\SHELL32.dll
0x00007ffc3e750000 - 0x00007ffc3efbc000 	C:\WINDOWS\System32\windows.storage.dll
0x00007ffc40ba0000 - 0x00007ffc40c96000 	C:\WINDOWS\System32\SHCORE.dll
0x00007ffc3faa0000 - 0x00007ffc3fb06000 	C:\WINDOWS\System32\shlwapi.dll
0x00007ffc3e670000 - 0x00007ffc3e699000 	C:\WINDOWS\SYSTEM32\profapi.dll
0x00007ffc0a430000 - 0x00007ffc0a448000 	C:\.jdk\jdk-17\bin\zip.dll
0x00007ffc20bb0000 - 0x00007ffc20bc9000 	C:\.jdk\jdk-17\bin\net.dll
0x00007ffc34ad0000 - 0x00007ffc34bf9000 	C:\WINDOWS\SYSTEM32\WINHTTP.dll
0x00007ffc3d9f0000 - 0x00007ffc3da5c000 	C:\WINDOWS\system32\mswsock.dll
0x00007ffc13230000 - 0x00007ffc13245000 	C:\.jdk\jdk-17\bin\nio.dll
0x00007ffc3d020000 - 0x00007ffc3d152000 	C:\WINDOWS\SYSTEM32\DNSAPI.dll
0x00007ffc3cfe0000 - 0x00007ffc3d012000 	C:\WINDOWS\SYSTEM32\IPHLPAPI.DLL
0x00007ffc418d0000 - 0x00007ffc418da000 	C:\WINDOWS\System32\NSI.dll
0x00007ffc34fe0000 - 0x00007ffc34feb000 	C:\Windows\System32\rasadhlp.dll
0x00007ffc35460000 - 0x00007ffc354e6000 	C:\WINDOWS\System32\fwpuclnt.dll
0x00007ffc394c0000 - 0x00007ffc394c9000 	C:\.jdk\jdk-17\bin\management.dll
0x00007ffc37460000 - 0x00007ffc3746b000 	C:\.jdk\jdk-17\bin\management_ext.dll
0x00007ffc3ddf0000 - 0x00007ffc3de0b000 	C:\WINDOWS\SYSTEM32\CRYPTSP.dll
0x00007ffc3d400000 - 0x00007ffc3d439000 	C:\WINDOWS\system32\rsaenh.dll
0x00007ffc3daa0000 - 0x00007ffc3dad3000 	C:\WINDOWS\SYSTEM32\USERENV.dll
0x00007ffc3e640000 - 0x00007ffc3e66a000 	C:\WINDOWS\SYSTEM32\bcrypt.dll
0x00007ffc3dc50000 - 0x00007ffc3dc5c000 	C:\WINDOWS\SYSTEM32\CRYPTBASE.dll
0x00007ffc35090000 - 0x00007ffc350ad000 	C:\WINDOWS\SYSTEM32\dhcpcsvc6.DLL
0x00007ffc34da0000 - 0x00007ffc34dc5000 	C:\WINDOWS\SYSTEM32\dhcpcsvc.DLL
0x00007ffc19760000 - 0x00007ffc19778000 	C:\WINDOWS\system32\napinsp.dll
0x00007ffc18cf0000 - 0x00007ffc18d03000 	C:\WINDOWS\System32\winrnr.dll
0x00007ffc18c30000 - 0x00007ffc18c52000 	C:\WINDOWS\system32\nlansp_c.dll
0x00007ffc2b9c0000 - 0x00007ffc2b9d6000 	C:\WINDOWS\system32\wshbth.dll
0x00007ffc280e0000 - 0x00007ffc280ee000 	C:\.jdk\jdk-17\bin\sunmscapi.dll
0x00007ffc3f7d0000 - 0x00007ffc3f948000 	C:\WINDOWS\System32\CRYPT32.dll
0x00007ffc3dfc0000 - 0x00007ffc3dff0000 	C:\WINDOWS\SYSTEM32\ncrypt.dll
0x00007ffc3df70000 - 0x00007ffc3dfaf000 	C:\WINDOWS\SYSTEM32\NTASN1.dll
0x00007ffbfffa0000 - 0x00007ffbffff6000 	C:\WINDOWS\SYSTEM32\pdh.dll
0x00007ffc082d0000 - 0x00007ffc082d8000 	C:\WINDOWS\system32\wshunix.dll
0x00007ffc370b0000 - 0x00007ffc370c2000 	C:\WINDOWS\System32\perfproc.dll
0x00007ffc279c0000 - 0x00007ffc279d1000 	C:\WINDOWS\System32\perfos.dll
0x00007ffc3cb80000 - 0x00007ffc3cb92000 	C:\WINDOWS\SYSTEM32\pfclient.dll

dbghelp: loaded successfully - version: 4.0.5 - missing functions: none
symbol engine: initialized successfully - sym options: 0x614 - pdb path: .;C:\.jdk\jdk-17\bin;C:\WINDOWS\SYSTEM32;C:\WINDOWS\WinSxS\amd64_microsoft.windows.common-controls_6595b64144ccf1df_6.0.26100.8457_none_3e0b2faee331e92d;C:\.jdk\jdk-17\bin\server

VM Arguments:
jvm_args: --add-exports=java.base/jdk.internal.misc=ALL-UNNAMED --add-opens=java.base/jdk.internal.misc=ALL-UNNAMED --add-opens=java.base/java.nio=ALL-UNNAMED --add-opens=java.base/sun.nio.ch=ALL-UNNAMED -javaagent:C:\Program Files\JetBrains\IntelliJ IDEA 2024.3.5\lib\idea_rt.jar=61275 -Dfile.encoding=UTF-8 
java_command: com.resourcebox.demo.NewValidationApp
java_class_path (initial): C:\hooniegit\Git\ResourceBox\MediaDriver\java\MediaDriver\target\classes;C:\Users\dhkim\.m2\repository\io\aeron\aeron-all\1.50.4\aeron-all-1.50.4.jar;C:\Users\dhkim\.m2\repository\org\slf4j\slf4j-api\2.0.17\slf4j-api-2.0.17.jar
Launcher Type: SUN_STANDARD

[Global flags]
     intx CICompilerCount                          = 12                                        {product} {ergonomic}
     uint ConcGCThreads                            = 4                                         {product} {ergonomic}
     uint G1ConcRefinementThreads                  = 14                                        {product} {ergonomic}
   size_t G1HeapRegionSize                         = 4194304                                   {product} {ergonomic}
    uintx GCDrainStackTargetSize                   = 64                                        {product} {ergonomic}
   size_t InitialHeapSize                          = 532676608                                 {product} {ergonomic}
   size_t MarkStackSize                            = 4194304                                   {product} {ergonomic}
   size_t MaxHeapSize                              = 8480882688                                {product} {ergonomic}
   size_t MaxNewSize                               = 5087690752                                {product} {ergonomic}
   size_t MinHeapDeltaBytes                        = 4194304                                   {product} {ergonomic}
   size_t MinHeapSize                              = 8388608                                   {product} {ergonomic}
    uintx NonNMethodCodeHeapSize                   = 7602480                                {pd product} {ergonomic}
    uintx NonProfiledCodeHeapSize                  = 122027880                              {pd product} {ergonomic}
    uintx ProfiledCodeHeapSize                     = 122027880                              {pd product} {ergonomic}
    uintx ReservedCodeCacheSize                    = 251658240                              {pd product} {ergonomic}
     bool SegmentedCodeCache                       = true                                      {product} {ergonomic}
   size_t SoftMaxHeapSize                          = 8480882688                             {manageable} {ergonomic}
     bool UseCompressedClassPointers               = true                           {product lp64_product} {ergonomic}
     bool UseCompressedOops                        = true                           {product lp64_product} {ergonomic}
     bool UseG1GC                                  = true                                      {product} {ergonomic}
     bool UseLargePagesIndividualAllocation        = false                                  {pd product} {ergonomic}

Logging:
Log output configuration:
 #0: stdout all=warning uptime,level,tags
 #1: stderr all=off uptime,level,tags

Environment Variables:
JAVA_HOME=C:\.jdk\jdk-17
PATH=c:\Users\dhkim\AppData\Local\Programs\cursor\resources\app\bin;C:\Program Files (x86)\Microsoft\Edge\Application;C:\WINDOWS\system32;C:\WINDOWS;C:\WINDOWS\System32\Wbem;C:\WINDOWS\System32\WindowsPowerShell\v1.0\;C:\WINDOWS\System32\OpenSSH\;C:\Program Files (x86)\Microsoft SQL Server\160\Tools\Binn\;C:\Program Files\Microsoft SQL Server\160\Tools\Binn\;C:\Program Files\Microsoft SQL Server\Client SDK\ODBC\170\Tools\Binn\;C:\Program Files\Microsoft SQL Server\160\DTS\Binn\;C:\Program Files (x86)\Microsoft SQL Server\160\DTS\Binn\;C:\Program Files\Bandizip\;C:\Program Files\dotnet\;C:\Program Files\Git\cmd;C:\.jdk\jdk-17\bin;C:\Program Files\Microsoft SQL Server\150\Tools\Binn\;C:\Program Files (x86)\Windows Kits\10\Windows Performance Toolkit\;C:\Users\dhkim\AppData\Local\Programs\Python\Launcher\;C:\Users\dhkim\AppData\Local\Microsoft\WindowsApps;C:\Users\dhkim\.dotnet\tools;c:\Users\dhkim\AppData\Local\Programs\cursor\resources\app\bin;c:\Users\dhkim\AppData\Local\Programs\cursor\resources\app\bin;C:\Users\dhkim\protoc\bin;C:\Users\dhkim\AppData\Local\Programs\Python\Launcher\;C:\Users\dhkim\AppData\Local\Microsoft\WindowsApps;C:\Users\dhkim\AppData\Local\Programs\Microsoft VS Code\bin;C:\Users\dhkim\.dotnet\tools;C:\Users\dhkim\AppData\Local\Programs\cursor\resources\app\bin;C:\Program Files\JetBrains\IntelliJ IDEA 2024.3.5\bin;;C:\Users\dhkim\AppData\Local\JetBrains\PyCharm 2025.1.1\bin;
USERNAME=dhkim
OS=Windows_NT
PROCESSOR_IDENTIFIER=Intel64 Family 6 Model 170 Stepping 4, GenuineIntel



---------------  S Y S T E M  ---------------

OS:
 Windows 10 , 64 bit Build 26100 (10.0.26100.8328)
OS uptime: 6 days 23:34 hours
Hyper-V role detected

CPU: total 18 (initial active 18) (9 cores per cpu, 2 threads per core) family 6 model 170 stepping 4 microcode 0x1c, cx8, cmov, fxsr, ht, mmx, 3dnowpref, sse, sse2, sse3, ssse3, sse4.1, sse4.2, popcnt, lzcnt, tsc, tscinvbit, avx, avx2, aes, erms, clmul, bmi1, bmi2, adx, sha, fma, vzeroupper, clflush, clflushopt, clwb, hv

Memory: 4k page, system-wide physical 32348M (7738M free)
TotalPageFile size 48732M (AvailPageFile size 11153M)
current process WorkingSet (physical memory assigned to process): 571M, peak: 967M
current process commit charge ("private bytes"): 650M, peak: 665M

vm_info: OpenJDK 64-Bit Server VM (17+35-2724) for windows-amd64 JRE (17+35-2724), built on Aug  5 2021 23:26:02 by "mach5one" with MS VC++ 16.8 (VS2019)

END.
