#
# A fatal error has been detected by the Java Runtime Environment:
#
#  EXCEPTION_ACCESS_VIOLATION (0xc0000005) at pc=0x000001a5a24ed667, pid=33220, tid=40540
#
# JRE version: OpenJDK Runtime Environment (17.0+35) (build 17+35-2724)
# Java VM: OpenJDK 64-Bit Server VM (17+35-2724, mixed mode, sharing, tiered, compressed oops, compressed class ptrs, g1 gc, windows-amd64)
# Problematic frame:
# J 1470 c2 io.aeron.driver.DriverConductor.doWork()I (91 bytes) @ 0x000001a5a24ed667 [0x000001a5a24ed4c0+0x00000000000001a7]
#
# No core dump will be written. Minidumps are not enabled by default on client versions of Windows
#
# If you would like to submit a bug report, please visit:
#   https://bugreport.java.com/bugreport/crash.jsp
#

---------------  S U M M A R Y ------------

Command Line: --add-exports=java.base/jdk.internal.misc=ALL-UNNAMED --add-opens=java.base/jdk.internal.misc=ALL-UNNAMED --add-opens=java.base/java.nio=ALL-UNNAMED --add-opens=java.base/sun.nio.ch=ALL-UNNAMED -javaagent:C:\Program Files\JetBrains\IntelliJ IDEA 2024.3.5\lib\idea_rt.jar=58164 -Dfile.encoding=UTF-8 com.resourcebox.demo.DemoServer

Host: Intel(R) Core(TM) Ultra 5 125H, 18 cores, 31G,  Windows 10 , 64 bit Build 26100 (10.0.26100.8328)
Time: Tue Jun 16 18:36:11 2026  Windows 10 , 64 bit Build 26100 (10.0.26100.8328) elapsed time: 38.086125 seconds (0d 0h 0m 38s)

---------------  T H R E A D  ---------------

Current thread (0x000001a5c106ec90):  JavaThread "driver-conductor" [_thread_in_Java, id=40540, stack(0x0000003975300000,0x0000003975400000)]

Stack: [0x0000003975300000,0x0000003975400000],  sp=0x00000039753ff4d0,  free space=1021k
Native frames: (J=compiled Java code, j=interpreted, Vv=VM code, C=native code)
C  0x000001a5a24ed667


siginfo: EXCEPTION_ACCESS_VIOLATION (0xc0000005), reading address 0x000001a5c19e0200


Register to memory mapping:

RIP=0x000001a5a24ed667 is at entry_point+423 in (nmethod*)0x000001a5a24ed210
RAX=0x000245bf3125ef08 is an unknown value
RBX=0x00000006255f64c8 is an oop: org.agrona.concurrent.UnsafeBuffer 
{0x00000006255f64c8} - klass: 'org/agrona/concurrent/UnsafeBuffer'
 - ---- fields (total size 5 words):
 - protected 'capacity' 'I' @12  1049344 (100300)
 - protected 'addressOffset' 'J' @16  1811428540544 (c18e0080 1a5)
 - protected 'byteArray' '[B' @24  NULL (0)
 - private 'wrapAdjustment' 'I' @28  128 (80)
 - private 'byteBuffer' 'Ljava/nio/ByteBuffer;' @32  a 'java/nio/DirectByteBuffer'{0x0000000625ab3b58} (c4b5676b)
RCX=0x0 is NULL
RDX=0x000003cc51b04ca2 is an unknown value
RSP=0x00000039753ff4d0 is pointing into the stack for thread: 0x000001a5c106ec90
RBP=0x0000000000000180 is an unknown value
RSI=0x0000000000000011 is an unknown value
RDI=0x00000000033be800 is an unknown value
R8 =0x0 is NULL
R9 =0x000001a5c19e0200 is an unknown value
R10=0x0 is NULL
R11=0x00000006255f6498 is an oop: org.agrona.concurrent.ringbuffer.ManyToOneRingBuffer 
{0x00000006255f6498} - klass: 'org/agrona/concurrent/ringbuffer/ManyToOneRingBuffer'
 - ---- fields (total size 6 words):
 - private final 'capacity' 'I' @12  1048576 (100000)
 - private final 'maxMsgLength' 'I' @16  131072 (20000)
 - private final 'tailPositionIndex' 'I' @20  1048704 (100080)
 - private final 'headCachePositionIndex' 'I' @24  1048832 (100100)
 - private final 'headPositionIndex' 'I' @28  1048960 (100180)
 - private final 'correlationIdCounterIndex' 'I' @32  1049088 (100200)
 - private final 'consumerHeartbeatIndex' 'I' @36  1049216 (100280)
 - private final 'buffer' 'Lorg/agrona/concurrent/AtomicBuffer;' @40  a 'org/agrona/concurrent/UnsafeBuffer'{0x00000006255f64c8} (c4abec99)
R12=0x0 is NULL
R13=0x0000000000100180 is an unknown value
R14=3298857494 is a compressed pointer to object: io.aeron.driver.ClientCommandAdapter 
{0x00000006250490b0} - klass: 'io/aeron/driver/ClientCommandAdapter'
 - ---- fields (total size 11 words):
 - private final 'publicationMsgFlyweight' 'Lio/aeron/command/PublicationMessageFlyweight;' @12  a 'io/aeron/command/PublicationMessageFlyweight'{0x000000062504e9b8} (c4a09d37)
 - private final 'subscriptionMsgFlyweight' 'Lio/aeron/command/SubscriptionMessageFlyweight;' @16  a 'io/aeron/command/SubscriptionMessageFlyweight'{0x00000006250528b0} (c4a0a516)
 - private final 'correlatedMsgFlyweight' 'Lio/aeron/command/CorrelatedMessageFlyweight;' @20  a 'io/aeron/command/CorrelatedMessageFlyweight'{0x00000006250528c8} (c4a0a519)
 - private final 'removeCounterFlyweight' 'Lio/aeron/command/RemoveCounterFlyweight;' @24  a 'io/aeron/command/RemoveCounterFlyweight'{0x00000006250567e8} (c4a0acfd)
 - private final 'removePublicationFlyweight' 'Lio/aeron/command/RemovePublicationFlyweight;' @28  a 'io/aeron/command/RemovePublicationFlyweight'{0x0000000625058e88} (c4a0b1d1)
 - private final 'removeSubscriptionFlyweight' 'Lio/aeron/command/RemoveSubscriptionFlyweight;' @32  a 'io/aeron/command/RemoveSubscriptionFlyweight'{0x000000062505a5a8} (c4a0b4b5)
 - private final 'destinationMsgFlyweight' 'Lio/aeron/command/DestinationMessageFlyweight;' @36  a 'io/aeron/command/DestinationMessageFlyweight'{0x000000062505e250} (c4a0bc4a)
 - private final 'counterMsgFlyweight' 'Lio/aeron/command/CounterMessageFlyweight;' @40  a 'io/aeron/command/CounterMessageFlyweight'{0x00000006250628c8} (c4a0c519)
 - private final 'staticCounterMessageFlyweight' 'Lio/aeron/command/StaticCounterMessageFlyweight;' @44  a 'io/aeron/command/StaticCounterMessageFlyweight'{0x0000000625067300} (c4a0ce60)
 - private final 'terminateDriverFlyweight' 'Lio/aeron/command/TerminateDriverFlyweight;' @48  a 'io/aeron/command/TerminateDriverFlyweight'{0x000000062506a198} (c4a0d433)
 - private final 'rejectImageFlyweight' 'Lio/aeron/command/RejectImageFlyweight;' @52  a 'io/aeron/command/RejectImageFlyweight'{0x000000062506e058} (c4a0dc0b)
 - private final 'destinationByIdMessageFlyweight' 'Lio/aeron/command/DestinationByIdMessageFlyweight;' @56  a 'io/aeron/command/DestinationByIdMessageFlyweight'{0x0000000625070b70} (c4a0e16e)
 - private final 'getNextAvailableSessionIdMessageFlyweight' 'Lio/aeron/command/GetNextAvailableSessionIdMessageFlyweight;' @60  a 'io/aeron/command/GetNextAvailableSessionIdMessageFlyweight'{0x0000000625073580} (c4a0e6b0)
 - private final 'conductor' 'Lio/aeron/driver/DriverConductor;' @64  a 'io/aeron/driver/DriverConductor'{0x0000000625027910} (c4a04f22)
 - private final 'toDriverCommands' 'Lorg/agrona/concurrent/ringbuffer/RingBuffer;' @68  a 'org/agrona/concurrent/ringbuffer/ManyToOneRingBuffer'{0x00000006255f6498} (c4abec93)
 - private final 'clientProxy' 'Lio/aeron/driver/ClientProxy;' @72  a 'io/aeron/driver/ClientProxy'{0x00000006254cb798} (c4a996f3)
 - private final 'errors' 'Lorg/agrona/concurrent/status/AtomicCounter;' @76  a 'org/agrona/concurrent/status/AtomicCounter'{0x00000006254a39f0} (c4a9473e)
 - private final 'errorHandler' 'Lorg/agrona/ErrorHandler;' @80  a 'org/agrona/concurrent/errors/LoggingErrorHandler'{0x0000000625600f90} (c4ac01f2)
R15=0x000001a5c106ec90 is a thread


Registers:
RAX=0x000245bf3125ef08, RBX=0x00000006255f64c8, RCX=0x0000000000000000, RDX=0x000003cc51b04ca2
RSP=0x00000039753ff4d0, RBP=0x0000000000000180, RSI=0x0000000000000011, RDI=0x00000000033be800
R8 =0x0000000000000000, R9 =0x000001a5c19e0200, R10=0x0000000000000000, R11=0x00000006255f6498
R12=0x0000000000000000, R13=0x0000000000100180, R14=0x00000000c4a09216, R15=0x000001a5c106ec90
RIP=0x000001a5a24ed667, EFLAGS=0x0000000000010246

Top of Stack: (sp=0x00000039753ff4d0)
0x00000039753ff4d0:   000005d1459c8a12 00000000c4a09216
0x00000039753ff4e0:   0000000000100180 0000000000000000
0x00000039753ff4f0:   0000000625032328 0000000000000000
0x00000039753ff500:   0000000000000001 000245bf3125ef08
0x00000039753ff510:   0000000624d75f70 0000000000000011
0x00000039753ff520:   00000039c4a06465 000001a5c0a65888
0x00000039753ff530:   00000006250fdd58 0000000625027910
0x00000039753ff540:   0000000000000000 0000000000000000
0x00000039753ff550:   0000000000000001 0000000000000246
0x00000039753ff560:   0000000625f121a8 000001a5a24d6738
0x00000039753ff570:   0000000625027910 0000000600000000
0x00000039753ff580:   000001a59a8e6985 00000039753ff588
0x00000039753ff590:   00000006250fdd58 0000000625f121a8
0x00000039753ff5a0:   00000006250fdd20 0000000625027910
0x00000039753ff5b0:   00000006250fd2a0 000001a5c0ab4490
0x00000039753ff5c0:   0000000000000000 00000039753ff5e0 

Instructions: (pc=0x000001a5a24ed667)
0x000001a5a24ed567:   4b 8d 0c cc 44 8b 89 94 00 00 00 47 0f b6 54 cc
0x000001a5a24ed577:   18 45 85 d2 0f 85 29 0b 00 00 47 8b 44 cc 1c 4f
0x000001a5a24ed587:   8b 54 cc 10 49 c1 e0 03 4d 8b c8 4f 8b 0c 11 4d
0x000001a5a24ed597:   3b cb 0f 8c b5 05 00 00 4c 8b 91 98 00 00 00 4d
0x000001a5a24ed5a7:   3b da 0f 8f f5 0b 00 00 4c 8b 54 24 68 4d 8b 52
0x000001a5a24ed5b7:   38 4c 2b d0 4d 85 d2 0f 8c 31 05 00 00 4c 8b 54
0x000001a5a24ed5c7:   24 68 4d 8b 52 30 4c 2b 54 24 38 4d 85 d2 0f 8c
0x000001a5a24ed5d7:   82 05 00 00 45 33 d2 4c 8b 5c 24 68 45 0f b6 43
0x000001a5a24ed5e7:   41 45 85 c0 0f 85 df 0a 00 00 45 8b 73 5c 47 8b
0x000001a5a24ed5f7:   44 f4 44 47 8b 5c c4 08 41 81 fb 50 fb cc 00 0f
0x000001a5a24ed607:   85 5c 08 00 00 4f 8d 1c c4 45 8b 43 28 45 8b 6b
0x000001a5a24ed617:   1c 43 8b 4c c4 08 81 f9 c8 47 c1 00 0f 85 63 08
0x000001a5a24ed627:   00 00 4b 8d 1c c4 44 8b 4b 0c 45 8b c1 45 0b c5
0x000001a5a24ed637:   41 83 c8 08 45 85 c0 0f 8c a8 0a 00 00 41 8b e9
0x000001a5a24ed647:   41 2b ed 83 fd 08 0f 8c c5 0b 00 00 4c 8b 43 10
0x000001a5a24ed657:   8b 4b 18 4d 63 cd 4d 03 c8 4c 8b c1 49 c1 e0 03
0x000001a5a24ed667:   4b 8b 04 08 41 8b 73 0c 44 8b c8 44 8b de 41 ff
0x000001a5a24ed677:   cb 45 23 cb 41 2b f1 33 ff 45 33 c0 3b fe 0f 8d
0x000001a5a24ed687:   49 0b 00 00 41 83 f8 01 7d 46 8b 4b 0c 45 8b d9
0x000001a5a24ed697:   44 03 df 8b e9 41 0b eb 83 cd 04 85 ed 0f 8c 86
0x000001a5a24ed6a7:   0a 00 00 8b e9 41 2b eb 83 fd 04 0f 8c 9c 0b 00
0x000001a5a24ed6b7:   00 8b 53 18 48 8b 4b 10 49 63 eb 48 03 e9 48 8b
0x000001a5a24ed6c7:   ca 48 c1 e1 03 8b 0c 29 85 c9 0f 8f 4a 05 00 00
0x000001a5a24ed6d7:   85 ff 0f 8f d0 04 00 00 4c 8b 5c 24 68 45 8b 4b
0x000001a5a24ed6e7:   60 47 8b 9c cc 90 00 00 00 43 8b 5c dc 10 45 03
0x000001a5a24ed6f7:   d0 85 db 0f 85 b0 0b 00 00 4c 8b 5c 24 68 45 8b
0x000001a5a24ed707:   43 74 43 8b 6c c4 10 85 ed 0f 8f c6 0b 00 00 45
0x000001a5a24ed717:   8b 5b 6c 43 8b 6c dc 10 85 ed 0f 8f cd 0b 00 00
0x000001a5a24ed727:   4c 8b 5c 24 68 45 8b 43 70 47 8b 5c c4 10 45 85
0x000001a5a24ed737:   db 0f 8e 7e 02 00 00 4b 8d 14 c4 44 89 54 24 34
0x000001a5a24ed747:   41 8b db 45 33 c9 85 db 0f 8c 87 08 00 00 44 3b
0x000001a5a24ed757:   cb 0f 83 0a 08 00 00 43 8b 6c c4 14 41 8b 4c ec 


Stack slot to memory mapping:
stack at sp + 0 slots: 0x000005d1459c8a12 is an unknown value
stack at sp + 1 slots: 3298857494 is a compressed pointer to object: io.aeron.driver.ClientCommandAdapter 
{0x00000006250490b0} - klass: 'io/aeron/driver/ClientCommandAdapter'
 - ---- fields (total size 11 words):
 - private final 'publicationMsgFlyweight' 'Lio/aeron/command/PublicationMessageFlyweight;' @12  a 'io/aeron/command/PublicationMessageFlyweight'{0x000000062504e9b8} (c4a09d37)
 - private final 'subscriptionMsgFlyweight' 'Lio/aeron/command/SubscriptionMessageFlyweight;' @16  a 'io/aeron/command/SubscriptionMessageFlyweight'{0x00000006250528b0} (c4a0a516)
 - private final 'correlatedMsgFlyweight' 'Lio/aeron/command/CorrelatedMessageFlyweight;' @20  a 'io/aeron/command/CorrelatedMessageFlyweight'{0x00000006250528c8} (c4a0a519)
 - private final 'removeCounterFlyweight' 'Lio/aeron/command/RemoveCounterFlyweight;' @24  a 'io/aeron/command/RemoveCounterFlyweight'{0x00000006250567e8} (c4a0acfd)
 - private final 'removePublicationFlyweight' 'Lio/aeron/command/RemovePublicationFlyweight;' @28  a 'io/aeron/command/RemovePublicationFlyweight'{0x0000000625058e88} (c4a0b1d1)
 - private final 'removeSubscriptionFlyweight' 'Lio/aeron/command/RemoveSubscriptionFlyweight;' @32  a 'io/aeron/command/RemoveSubscriptionFlyweight'{0x000000062505a5a8} (c4a0b4b5)
 - private final 'destinationMsgFlyweight' 'Lio/aeron/command/DestinationMessageFlyweight;' @36  a 'io/aeron/command/DestinationMessageFlyweight'{0x000000062505e250} (c4a0bc4a)
 - private final 'counterMsgFlyweight' 'Lio/aeron/command/CounterMessageFlyweight;' @40  a 'io/aeron/command/CounterMessageFlyweight'{0x00000006250628c8} (c4a0c519)
 - private final 'staticCounterMessageFlyweight' 'Lio/aeron/command/StaticCounterMessageFlyweight;' @44  a 'io/aeron/command/StaticCounterMessageFlyweight'{0x0000000625067300} (c4a0ce60)
 - private final 'terminateDriverFlyweight' 'Lio/aeron/command/TerminateDriverFlyweight;' @48  a 'io/aeron/command/TerminateDriverFlyweight'{0x000000062506a198} (c4a0d433)
 - private final 'rejectImageFlyweight' 'Lio/aeron/command/RejectImageFlyweight;' @52  a 'io/aeron/command/RejectImageFlyweight'{0x000000062506e058} (c4a0dc0b)
 - private final 'destinationByIdMessageFlyweight' 'Lio/aeron/command/DestinationByIdMessageFlyweight;' @56  a 'io/aeron/command/DestinationByIdMessageFlyweight'{0x0000000625070b70} (c4a0e16e)
 - private final 'getNextAvailableSessionIdMessageFlyweight' 'Lio/aeron/command/GetNextAvailableSessionIdMessageFlyweight;' @60  a 'io/aeron/command/GetNextAvailableSessionIdMessageFlyweight'{0x0000000625073580} (c4a0e6b0)
 - private final 'conductor' 'Lio/aeron/driver/DriverConductor;' @64  a 'io/aeron/driver/DriverConductor'{0x0000000625027910} (c4a04f22)
 - private final 'toDriverCommands' 'Lorg/agrona/concurrent/ringbuffer/RingBuffer;' @68  a 'org/agrona/concurrent/ringbuffer/ManyToOneRingBuffer'{0x00000006255f6498} (c4abec93)
 - private final 'clientProxy' 'Lio/aeron/driver/ClientProxy;' @72  a 'io/aeron/driver/ClientProxy'{0x00000006254cb798} (c4a996f3)
 - private final 'errors' 'Lorg/agrona/concurrent/status/AtomicCounter;' @76  a 'org/agrona/concurrent/status/AtomicCounter'{0x00000006254a39f0} (c4a9473e)
 - private final 'errorHandler' 'Lorg/agrona/ErrorHandler;' @80  a 'org/agrona/concurrent/errors/LoggingErrorHandler'{0x0000000625600f90} (c4ac01f2)
stack at sp + 2 slots: 0x0000000000100180 is an unknown value
stack at sp + 3 slots: 0x0 is NULL
stack at sp + 4 slots: 0x0000000625032328 is an oop: java.util.ArrayList 
{0x0000000625032328} - klass: 'java/util/ArrayList'
 - ---- fields (total size 3 words):
 - protected transient 'modCount' 'I' @12  1
 - private 'size' 'I' @16  1
 - transient 'elementData' '[Ljava/lang/Object;' @20  a 'java/lang/Object'[10] {0x0000000624d71360} (c49ae26c)
stack at sp + 5 slots: 0x0 is NULL
stack at sp + 6 slots: 0x0000000000000001 is an unknown value
stack at sp + 7 slots: 0x000245bf3125ef08 is an unknown value

--------------------------------------------------------------------------------
[Constant Pool (empty)]

--------------------------------------------------------------------------------

[MachCode]
  0x000001a5a24ed4c0: 448b 5208 | 49bb 0000 | 0000 0800 | 0000 4d03 | d349 3bc2 | 0f85 a6f5 | 42f8 6690 | 0f1f 4000 
  0x000001a5a24ed4e0: 8984 2400 | 90ff ff55 | 4881 ec90 | 0000 0048 | 8954 2468 | 448b 9294 | 0000 0047 | 8b44 d408 
  0x000001a5a24ed500: 4181 f800 | 6dc1 000f | 851f 0900 | 00c5 f877 | 49ba 10b1 | 5dc5 fa7f | 0000 41ff | d248 8944 
  0x000001a5a24ed520: 2438 4c8b | 5424 6845 | 8b9a 9c00 | 0000 4585 | db0f 84bd | 0800 004b | 8944 dc50 | 4c8b 5424 
  0x000001a5a24ed540: 6845 8b8a | b800 0000 | 478b 44cc | 084c 8bd8 | 4f2b 5ccc | 504b 8944 | cc50 4181 | f8e8 98c0 
  0x000001a5a24ed560: 000f 85dd | 0800 004b | 8d0c cc44 | 8b89 9400 | 0000 470f | b654 cc18 | 4585 d20f | 8529 0b00 
  0x000001a5a24ed580: 0047 8b44 | cc1c 4f8b | 54cc 1049 | c1e0 034d | 8bc8 4f8b | 0c11 4d3b | cb0f 8cb5 | 0500 004c 
  0x000001a5a24ed5a0: 8b91 9800 | 0000 4d3b | da0f 8ff5 | 0b00 004c | 8b54 2468 | 4d8b 5238 | 4c2b d04d | 85d2 0f8c 
  0x000001a5a24ed5c0: 3105 0000 | 4c8b 5424 | 684d 8b52 | 304c 2b54 | 2438 4d85 | d20f 8c82 | 0500 0045 | 33d2 4c8b 
  0x000001a5a24ed5e0: 5c24 6845 | 0fb6 4341 | 4585 c00f | 85df 0a00 | 0045 8b73 | 5c47 8b44 | f444 478b | 5cc4 0841 
  0x000001a5a24ed600: 81fb 50fb | cc00 0f85 | 5c08 0000 | 4f8d 1cc4 | 458b 4328 | 458b 6b1c | 438b 4cc4 | 0881 f9c8 
  0x000001a5a24ed620: 47c1 000f | 8563 0800 | 004b 8d1c | c444 8b4b | 0c45 8bc1 | 450b c541 | 83c8 0845 | 85c0 0f8c 
  0x000001a5a24ed640: a80a 0000 | 418b e941 | 2bed 83fd | 080f 8cc5 | 0b00 004c | 8b43 108b | 4b18 4d63 | cd4d 03c8 
  0x000001a5a24ed660: 4c8b c149 | c1e0 034b | 8b04 0841 | 8b73 0c44 | 8bc8 448b | de41 ffcb | 4523 cb41 | 2bf1 33ff 
  0x000001a5a24ed680: 4533 c03b | fe0f 8d49 | 0b00 0041 | 83f8 017d | 468b 4b0c | 458b d944 | 03df 8be9 | 410b eb83 
  0x000001a5a24ed6a0: cd04 85ed | 0f8c 860a | 0000 8be9 | 412b eb83 | fd04 0f8c | 9c0b 0000 | 8b53 1848 | 8b4b 1049 
  0x000001a5a24ed6c0: 63eb 4803 | e948 8bca | 48c1 e103 | 8b0c 2985 | c90f 8f4a | 0500 0085 | ff0f 8fd0 | 0400 004c 
  0x000001a5a24ed6e0: 8b5c 2468 | 458b 4b60 | 478b 9ccc | 9000 0000 | 438b 5cdc | 1045 03d0 | 85db 0f85 | b00b 0000 
  0x000001a5a24ed700: 4c8b 5c24 | 6845 8b43 | 7443 8b6c | c410 85ed | 0f8f c60b | 0000 458b | 5b6c 438b | 6cdc 1085 
  0x000001a5a24ed720: ed0f 8fcd | 0b00 004c | 8b5c 2468 | 458b 4370 | 478b 5cc4 | 1045 85db | 0f8e 7e02 | 0000 4b8d 
  0x000001a5a24ed740: 14c4 4489 | 5424 3441 | 8bdb 4533 | c985 db0f | 8c87 0800 | 0044 3bcb | 0f83 0a08 | 0000 438b 
  0x000001a5a24ed760: 6cc4 1441 | 8b4c ec0c | 443b c90f | 832b 0800 | 0049 8d0c | ec42 8b6c | 8910 418b | 5cec 0881 
  0x000001a5a24ed780: fbc0 4dd1 | 000f 856d | 0d00 0049 | 8d1c ec8b | abb0 0000 | 0081 fdf7 | 0ba3 c40f | 856b 0b00 
  0x000001a5a24ed7a0: 008b 8bc0 | 0000 0041 | 8b7c cc0c | 8bef 83cd | 1883 cd04 | 85ed 0f8c | 780b 0000 | 8bef 83c5 
  0x000001a5a24ed7c0: e883 fd04 | 0f8c 060c | 0000 4489 | 4c24 2c48 | 8954 2420 | 4489 5c24 | 3044 8944 | 2450 4489 
  0x000001a5a24ed7e0: 5424 284d | 8b54 cc10 | 458b 5ccc | 1849 c1e3 | 034f 635c | 1318 48b8 | 5655 5555 | 5555 5555 
  0x000001a5a24ed800: 49f7 eb45 | 8b54 cc0c | 4d8b c349 | c1f8 3f49 | 2bd0 4c8b | c249 d1e0 | 4c03 c24d | 2bd8 458b 
  0x000001a5a24ed820: cb41 c1e1 | 0341 8bea | 410b e983 | cd08 85ed | 0f8c 2e0b | 0000 418b | ea41 2be9 | 83fd 080f 
  0x000001a5a24ed840: 8cbb 0b00 | 004d 8b54 | cc10 458b | 5ccc 184d | 63c1 4d03 | c24d 8bd3 | 49c1 e203 | 4f8b 0c02 
  0x000001a5a24ed860: 4d8b d949 | c1fb 204c | 6393 9000 | 0000 448b | 83b8 0000 | 008b 8b8c | 0000 0045 | 8bdb 442b 
  0x000001a5a24ed880: 9b9c 0000 | 0045 8bc9 | 4d3b ca4d | 0f4e d149 | 63eb 48d3 | e545 8bd2 | 4d63 d249 | 03ea 478b 
  0x000001a5a24ed8a0: 54c4 1c4f | 8b5c c410 | 49c1 e203 | 4b89 2c1a | 4c8b d38b | abc4 0000 | 0041 8b5c | ec0c 85db 
  0x000001a5a24ed8c0: 0f86 ca0a | 0000 498b | 4a58 448b | db41 ffcb | 443b db0f | 83e7 0600 | 0049 8bf2 | 498d 3cec 
  0x000001a5a24ed8e0: 4533 d248 | baff ffff | ffff ffff | 7f44 8bdb | 452b da45 | 33c9 413b | da45 0f4c | d941 81fb 
  0x000001a5a24ed900: e803 0000 | 41b8 e803 | 0000 450f | 47d8 4503 | da46 8b4c | 9710 478b | 44cc 1c4f | 8b4c cc10 
  0x000001a5a24ed920: 41ff c249 | c1e0 034f | 8b0c 0849 | 3bd1 4d8b | c14c 0f4e | c249 3bc9 | 0f8c a601 | 0000 453b 
  0x000001a5a24ed940: d37d 0549 | 8bd0 ebc9 | 4d8b 9f48 | 0300 0041 | 8503 443b | d37d 0549 | 8bd0 eb91 | 4c8b 5658 
  0x000001a5a24ed960: 493b ca0f | 8f83 0100 | 004c 639e | 9800 0000 | 4c8b 5650 | 4d03 d84d | 3bda 0f8d | fa03 0000 
  0x000001a5a24ed980: 8b4c 2434 | 448b 4c24 | 2c41 ffc1 | 443b 4c24 | 307d 2244 | 8b44 2450 | 438b 5cc4 | 1044 8b54 
  0x000001a5a24ed9a0: 2428 448b | 5c24 3048 | 8b54 2420 | 894c 2434 | e998 fdff | ff44 8b54 | 2428 eb03 | 418b ca4c 
  0x000001a5a24ed9c0: 8b5c 2468 | 458b 9b98 | 0000 004f | 8b4c dc50 | 4c8b 5c24 | 6845 8b83 | c000 0000 | 438b 6cc4 
  0x000001a5a24ed9e0: 0c45 8b44 | ec08 448b | d945 03da | 4181 f8e0 | 76cc 000f | 85cb 0400 | 004c 8b54 | 2468 458b 
  0x000001a5a24eda00: 4244 478b | 84c4 4401 | 0000 4585 | c00f 8e79 | 0700 0045 | 8b92 8800 | 0000 438b | 5cd4 1447 
  0x000001a5a24eda20: 8b4c d40c | 418b 74dc | 0c44 3bce | 0f83 d203 | 0000 498d | 2cdc 428b | 5c8d 1085 | db75 1c41 
  0x000001a5a24eda40: 8bc3 c5f8 | 7748 81c4 | 9000 0000 | 5d49 3ba7 | 4003 0000 | 0f87 8e0d | 0000 c341 | 807f 3800 
  0x000001a5a24eda60: 0f85 6403 | 0000 4689 | 648d 1041 | 8b7c dc08 | 41ff c133 | c944 3bce | 440f 4dc9 | 4789 4cd4 
  0x000001a5a24eda80: 0c48 b818 | 2ad0 0008 | 0000 0048 | be00 0000 | 0008 0000 | 0048 03f7 | 4c8b 5620 | 4c3b d074 
  0x000001a5a24edaa0: 2550 488b | c048 8b7e | 288b 0f48 | 83c7 0848 | 85c0 f248 | af58 0f85 | 0400 0000 | 4889 4620 
  0x000001a5a24edac0: 0f85 6609 | 0000 498d | 2cdc ba45 | ffff ff44 | 895c 2428 | 4489 4424 | 2c66 6690 | c5f8 77e8 
  0x000001a5a24edae0: 1c48 43f8 | 498b c9e9 | 52fe ffff | 4889 4e58 | e974 feff | ff4c 8b54 | 2468 458b | 8a90 0000 
  0x000001a5a24edb00: 004c 8bd0 | 4981 c240 | 420f 004c | 8b5c 2468 | 4d89 5338 | 478b 5ccc | 084c 8b54 | 2468 418b 
  0x000001a5a24edb20: aa98 0000 | 0041 81fb | e06a c100 | 0f85 5609 | 0000 c5f8 | 7749 bac0 | b05d c5fa | 7f00 0041 
  0x000001a5a24edb40: ffd2 85ed | 0f84 2e09 | 0000 4989 | 44ec 50e9 | 70fa ffff | 4f89 1c10 | e942 faff | ff4c 8b54 
  0x000001a5a24edb60: 2438 4c8b | 5c24 684d | 0353 104d | 8953 3049 | 8bd3 4c8b | 4424 3848 | 8954 2428 | 4c89 4424 
  0x000001a5a24edb80: 3066 6690 | c5f8 77e8 | 740c 0000 | 488b 5424 | 284c 8b44 | 2430 488b | ea66 6690 | c5f8 77e8 
  0x000001a5a24edba0: 6b0c 0000 | 41ba 0100 | 0000 e92f | faff ff44 | 8944 244c | 897c 2448 | 4889 4424 | 4048 895c 
  0x000001a5a24edbc0: 2430 4489 | 6c24 2c44 | 8954 2428 | 48ff 7424 | 3848 8f44 | 2420 488b | d345 8bc1 | 448b cf33 
  0x000001a5a24edbe0: ff66 6690 | c5f8 77e8 | 94f1 42f8 | 4c63 4c24 | 484c 034c | 2440 488b | 5424 3044 | 8b44 242c 
  0x000001a5a24edc00: c5f8 77e8 | 78f1 42f8 | 48ff 7424 | 2048 8f44 | 2438 448b | 5424 2844 | 8b44 244c | e9be faff 
  0x000001a5a24edc20: ff89 4c24 | 6444 895c | 2460 418b | e889 7c24 | 5c44 894c | 2444 8974 | 2458 4889 | 4424 5048 
  0x000001a5a24edc40: 895c 2448 | 4489 6c24 | 4044 8954 | 2430 48ff | 7424 3848 | 8f44 2428 | 48ff 7424 | 6848 8f44 
  0x000001a5a24edc60: 2420 4f8d | 14f4 4c89 | 5424 3844 | 8974 2434 | 41b8 0800 | 0000 8bd1 | c5f8 77e8 | 00f7 42f8 
  0x000001a5a24edc80: 8944 2468 | 448b 5c24 | 5c45 8bd3 | 4403 d044 | 8954 246c | 448b 4424 | 6041 83c0 | 0448 8b54 
  0x000001a5a24edca0: 2448 6690 | c5f8 77e8 | d4f0 42f8 | 83f8 ff0f | 8427 0200 | 0044 8b54 | 2464 4183 | c2f8 418b 
  0x000001a5a24edcc0: da44 8b5c | 2460 4183 | c308 488b | 5424 3844 | 8bc0 4c8b | 4c24 4841 | 8bfb 8bf3 | c5f8 77e8 
  0x000001a5a24edce0: 9cf0 42f8 | 49ba 8033 | 1525 0600 | 0000 493b | c20f 8438 | 0200 0044 | 8bc5 41ff | c049 bac8 
  0x000001a5a24edd00: 3315 2506 | 0000 0049 | 3bc2 0f84 | 0003 0000 | 49ba 1034 | 1525 0600 | 0000 493b | c20f 8427 
  0x000001a5a24edd20: 0300 0044 | 8b54 246c | 448b 4c24 | 4441 8bfa | 4d8b 9748 | 0300 0041 | 8502 3b7c | 2458 0f8d 
  0x000001a5a24edd40: 5807 0000 | 48ff 7424 | 2048 8f44 | 2468 48ff | 7424 2848 | 8f44 2438 | 448b 5424 | 3044 8b74 
  0x000001a5a24edd60: 2434 448b | 6c24 4048 | 8b5c 2448 | 488b 4424 | 508b 7424 | 58e9 11f9 | ffff 4c89 | 5c24 3848 
  0x000001a5a24edd80: 8bee 488b | d666 6690 | c5f8 77e8 | f0b1 0000 | 4c8b c545 | 8b98 bc00 | 0000 478b | 54dc 1c4f 
  0x000001a5a24edda0: 8b5c dc10 | 8b4c 2434 | ffc1 49c1 | e203 4c8b | 4c24 384f | 890c 1a4d | 6398 a000 | 0000 4d03 
  0x000001a5a24eddc0: d94d 8958 | 50e9 bafb | ffff 498b | 7f20 488b | cb48 c1e1 | 0348 85ff | 0f84 5e06 | 0000 498b 
  0x000001a5a24edde0: 5730 4889 | 4c3a f848 | 83c7 f849 | 897f 20e9 | 72fc ffff | baf6 ffff | ff48 8be8 | c5f8 77e8 
  0x000001a5a24ede00: fc44 43f8 | bae4 ffff | ff44 895c | 2420 4489 | 4424 2444 | 8954 2428 | 895c 2434 | 4489 4c24 
  0x000001a5a24ede20: 3866 6690 | c5f8 77e8 | d444 43f8 | bade ffff | ff48 8b6c | 2468 4489 | 5424 2090 | c5f8 77e8 
  0x000001a5a24ede40: bc44 43f8 | bade ffff | ff48 8b6c | 2468 4889 | 4424 3044 | 894c 2438 | 4c89 5c24 | 4066 6690 
  0x000001a5a24ede60: c5f8 77e8 | 9844 43f8 | bade ffff | ff48 8b6c | 2468 4489 | 5424 2844 | 8944 242c | 4489 7424 
  0x000001a5a24ede80: 3066 6690 | c5f8 77e8 | 7444 43f8 | bade ffff | ff48 8b6c | 2468 48ff | 7424 3848 | 8f44 2420 
  0x000001a5a24edea0: 4489 5424 | 284c 895c | 2430 4489 | 7424 2c44 | 8944 2440 | 4489 6c24 | 4466 6690 | c5f8 77e8 
  0x000001a5a24edec0: 3c44 43f8 | bade ffff | ff44 895c | 2428 4c89 | 4c24 3090 | c5f8 77e8 | 2444 43f8 | 4d8b 8748 
  0x000001a5a24edee0: 0300 004c | 8b5c 2450 | 448b 4c24 | 4441 8500 | 448b 4424 | 6c48 ff74 | 2420 488f | 4424 6848 
  0x000001a5a24edf00: ff74 2428 | 488f 4424 | 3844 8b54 | 2430 448b | 7424 3444 | 8b6c 2440 | 488b 5c24 | 4849 8bc3 
  0x000001a5a24edf20: 8b74 2458 | 418b f844 | 8bc5 e954 | f7ff ff48 | ff74 2420 | 488f 4424 | 6848 ff74 | 2428 488f 
  0x000001a5a24edf40: 4424 3844 | 8b54 2430 | 448b 6c24 | 4048 8b5c | 2448 488b | 4424 5044 | 8b4c 2444 | 8b7c 245c 
  0x000001a5a24edf60: 448b c5e9 | 6ff7 ffff | bae4 ffff | ff44 8954 | 2420 4489 | 5c24 2844 | 8b5c 2434 | 4489 5c24 
  0x000001a5a24edf80: 2c44 894c | 2430 4489 | 4c24 3444 | 8944 243c | 895c 2440 | c5f8 77e8 | 6443 43f8 | bae4 ffff 
  0x000001a5a24edfa0: ff44 8954 | 2428 4489 | 5c24 3044 | 894c 2438 | 4489 4424 | 3c66 6690 | c5f8 77e8 | 4043 43f8 
  0x000001a5a24edfc0: ba76 ffff | ff4c 8954 | 2438 4889 | 4c24 4089 | 5c24 4c90 | c5f8 77e8 | 2443 43f8 | bacc ffff 
  0x000001a5a24edfe0: ff44 8954 | 2420 4489 | 5c24 2844 | 8b54 2434 | 4489 5424 | 2c44 894c | 2430 4489 | 4c24 3444 
  0x000001a5a24ee000: 8944 243c | 895c 2440 | c5f8 77e8 | f042 43f8 | 448b 5c24 | 6c48 ff74 | 2420 488f | 4424 6848 
  0x000001a5a24ee020: ff74 2428 | 488f 4424 | 3844 8b54 | 2430 448b | 6c24 4048 | 8b5c 2448 | 488b 4424 | 5044 8b4c 
  0x000001a5a24ee040: 2444 418b | fbe9 8df6 | ffff 418b | e848 8b54 | 2448 448b | 4424 4444 | 8b4c 246c | 33ff 6690 
  0x000001a5a24ee060: c5f8 77e8 | 18ed 42f8 | 4c63 5424 | 6c4c 0354 | 2450 4c89 | 5424 6048 | 8b54 2448 | 448b 4424 
  0x000001a5a24ee080: 404d 8bca | c5f8 77e8 | f4ec 42f8 | 448b 4c24 | 4444 034c | 246c 4c8b | 5424 604c | 8954 2450 
  0x000001a5a24ee0a0: 33ff 448b | c5e9 86fc | ffff ba45 | ffff ff48 | 8b6c 2468 | 4889 4424 | 3048 894c | 2438 4c89 
  0x000001a5a24ee0c0: 5c24 4044 | 8954 2448 | c5f8 77e8 | 3042 43f8 | ba45 ffff | ff49 8beb | 4489 5424 | 2844 8944 
  0x000001a5a24ee0e0: 242c 6690 | c5f8 77e8 | 1442 43f8 | ba45 ffff | ff48 8b6c | 2468 48ff | 7424 3848 | 8f44 2420 
  0x000001a5a24ee100: 4489 5424 | 284c 895c | 2430 4489 | 7424 2c48 | 895c 2448 | 4489 6c24 | 4444 896c | 2450 4489 
  0x000001a5a24ee120: 4c24 5444 | 8944 2458 | c5f8 77e8 | d041 43f8 | ba45 ffff | ff48 ff74 | 2468 488f | 4424 2048 
  0x000001a5a24ee140: ff74 2438 | 488f 4424 | 2844 8954 | 2430 4489 | 7424 3444 | 8944 2438 | 4489 6c24 | 3c48 8944 
  0x000001a5a24ee160: 2448 4489 | 4c24 5089 | 7c24 5448 | 895c 2458 | 8974 2460 | 4489 5c24 | 6844 895c | 246c 894c 
  0x000001a5a24ee180: 2470 6690 | c5f8 77e8 | 7441 43f8 | ba45 ffff | ff44 895c | 2420 4489 | 4424 2890 | c5f8 77e8 
  0x000001a5a24ee1a0: 5c41 43f8 | 4d3b dabd | ffff ffff | 7c08 400f | 95c5 400f | b6ed ba45 | ffff ff48 | ff74 2468 
  0x000001a5a24ee1c0: 488f 4424 | 2048 894c | 2440 6690 | c5f8 77e8 | 2c41 43f8 | ba45 ffff | ff48 ff74 | 2438 488f 
  0x000001a5a24ee1e0: 4424 2044 | 8954 2428 | 4489 7424 | 2c44 8944 | 2430 4889 | 5c24 3844 | 896c 2434 | 4889 4424 
  0x000001a5a24ee200: 4044 894c | 2448 897c | 2450 8974 | 2458 6690 | c5f8 77e8 | e840 43f8 | ba45 ffff | ff48 ff74 
  0x000001a5a24ee220: 2438 488f | 4424 2844 | 8954 2430 | 4c89 5c24 | 3844 8974 | 2434 4889 | 5c24 5044 | 896c 244c 
  0x000001a5a24ee240: 4489 6c24 | 5844 894c | 245c 6690 | c5f8 77e8 | ac40 43f8 | ba45 ffff | ff48 ff74 | 2468 488f 
  0x000001a5a24ee260: 4424 2048 | ff74 2438 | 488f 4424 | 2844 8954 | 2430 4489 | 7424 3444 | 8944 2438 | 4489 6c24 
  0x000001a5a24ee280: 3c48 8944 | 2448 4489 | 4c24 5089 | 7c24 5448 | 895c 2458 | 8974 2460 | 4489 5c24 | 6844 895c 
  0x000001a5a24ee2a0: 246c 894c | 2470 6690 | c5f8 77e8 | 5040 43f8 | ba45 ffff | ff48 ff74 | 2438 488f | 4424 2044 
  0x000001a5a24ee2c0: 8954 2428 | 4489 4c24 | 2c44 895c | 2438 895c | 2440 6690 | c5f8 77e8 | 2440 43f8 | ba45 ffff 
  0x000001a5a24ee2e0: ff44 8954 | 242c 4489 | 4424 4090 | c5f8 77e8 | 0c40 43f8 | ba45 ffff | ff44 8954 | 242c 4489 
  0x000001a5a24ee300: 5c24 3890 | c5f8 77e8 | f43f 43f8 | ba45 ffff | ff44 8954 | 2428 4489 | 4c24 2c44 | 895c 2430 
  0x000001a5a24ee320: 4889 5c24 | 3844 8944 | 2440 6690 | c5f8 77e8 | cc3f 43f8 | ba45 ffff | ff44 8954 | 2428 4489 
  0x000001a5a24ee340: 4c24 2c44 | 895c 2430 | 4889 5c24 | 4044 8944 | 2448 894c | 2450 897c | 2454 6690 | c5f8 77e8 
  0x000001a5a24ee360: 9c3f 43f8 | ba45 ffff | ff48 895c | 2440 448b | 5c24 5044 | 895c 2448 | 894c 244c | 4489 4c24 
  0x000001a5a24ee380: 5444 8954 | 2458 6690 | c5f8 77e8 | 703f 43f8 | ba45 ffff | ff44 8b44 | 2428 4489 | 4424 2044 
  0x000001a5a24ee3a0: 8b5c 242c | 4489 5c24 | 2444 8b44 | 2430 4489 | 4424 2844 | 8b5c 2434 | 4489 5c24 | 2c4c 8954 
  0x000001a5a24ee3c0: 2430 895c | 2438 6690 | c5f8 77e8 | 303f 43f8 | ba45 ffff | ff44 8954 | 2428 4489 | 4c24 2c44 
  0x000001a5a24ee3e0: 895c 2430 | 4889 5c24 | 4044 8944 | 2448 894c | 2450 897c | 2454 6690 | c5f8 77e8 | 003f 43f8 
  0x000001a5a24ee400: ba45 ffff | ff48 895c | 2440 448b | 5c24 5044 | 895c 2448 | 894c 244c | 4489 4c24 | 5444 8954 
  0x000001a5a24ee420: 2458 6690 | c5f8 77e8 | d43e 43f8 | bade ffff | ff8b eb90 | c5f8 77e8 | c43e 43f8 | 895c 2424 
  0x000001a5a24ee440: 4489 4c24 | 2045 8bea | 458b f041 | 8bfb 498b | d7c5 f877 | 49ba 40e5 | 23c5 fa7f | 0000 41ff 
  0x000001a5a24ee460: d244 8bdf | 458b c645 | 8bd5 448b | 4c24 208b | 5c24 24e9 | eef5 ffff | baf6 ffff | ff48 8be8 
  0x000001a5a24ee480: c5f8 77e8 | 783e 43f8 | bade ffff | ff44 894c | 2430 6690 | c5f8 77e8 | 643e 43f8 | ba45 ffff 
  0x000001a5a24ee4a0: ff48 8b6c | 2420 4c8b | 5424 284c | 8954 2420 | 448b 5c24 | 3044 895c | 2428 448b | 5424 3444 
  0x000001a5a24ee4c0: 8954 242c | 4489 4424 | 3048 ff74 | 2448 488f | 4424 3844 | 8b5c 2440 | 4489 5c24 | 344c 8b54 
  0x000001a5a24ee4e0: 2450 4c89 | 5424 4044 | 894c 2448 | 897c 2450 | c5f8 77e8 | 083e 43f8 | bade ffff | ff44 8954 
  0x000001a5a24ee500: 2428 4489 | 4c24 2c44 | 895c 2430 | 4489 4424 | 3866 6690 | c5f8 77e8 | e43d 43f8 | baf6 ffff 
  0x000001a5a24ee520: ff66 6690 | c5f8 77e8 | d43d 43f8 | baf6 ffff | ff66 6690 | c5f8 77e8 | c43d 43f8 | baf6 ffff 
  0x000001a5a24ee540: ff48 8be8 | c5f8 77e8 | b43d 43f8 | baf6 ffff | ff66 6690 | c5f8 77e8 | a43d 43f8 | baf6 ffff 
  0x000001a5a24ee560: ff66 6690 | c5f8 77e8 | 943d 43f8 | baf6 ffff | ff41 8bee | c5f8 77e8 | 843d 43f8 | baf6 ffff 
  0x000001a5a24ee580: ff48 8b6c | 2468 48ff | 7424 3848 | 8f44 2420 | 4489 5424 | 284c 895c | 2430 4489 | 7424 2c44 
  0x000001a5a24ee5a0: 896c 243c | c5f8 77e8 | 543d 43f8 | baf6 ffff | ff66 6690 | c5f8 77e8 | 443d 43f8 | baf6 ffff 
  0x000001a5a24ee5c0: ff66 6690 | c5f8 77e8 | 343d 43f8 | baf6 ffff | ff66 6690 | c5f8 77e8 | 243d 43f8 | baf6 ffff 
  0x000001a5a24ee5e0: ff66 6690 | c5f8 77e8 | 143d 43f8 | baf6 ffff | ff66 6690 | c5f8 77e8 | 043d 43f8 | baf6 ffff 
  0x000001a5a24ee600: ff66 6690 | c5f8 77e8 | f43c 43f8 | baf6 ffff | ff49 8be9 | c5f8 77e8 | e43c 43f8 | baf6 ffff 
  0x000001a5a24ee620: ff49 8be9 | c5f8 77e8 | d43c 43f8 | baf6 ffff | ff66 6690 | c5f8 77e8 | c43c 43f8 | baf6 ffff 
  0x000001a5a24ee640: ff66 6690 | c5f8 77e8 | b43c 43f8 | baf6 ffff | ff41 8be9 | c5f8 77e8 | a43c 43f8 | baf6 ffff 
  0x000001a5a24ee660: ff41 8be9 | c5f8 77e8 | 943c 43f8 | baf4 ffff | ff44 8954 | 2420 4489 | 4c24 2444 | 895c 2428 
  0x000001a5a24ee680: 4489 4424 | 3066 6690 | c5f8 77e8 | 703c 43f8 | baf6 ffff | ff66 6690 | c5f8 77e8 | 603c 43f8 
  0x000001a5a24ee6a0: baf6 ffff | ff66 6690 | c5f8 77e8 | 503c 43f8 | baf6 ffff | ff66 6690 | c5f8 77e8 | 403c 43f8 
  0x000001a5a24ee6c0: baf6 ffff | ff66 6690 | c5f8 77e8 | 303c 43f8 | baf6 ffff | ff48 8b6c | 2438 6690 | c5f8 77e8 
  0x000001a5a24ee6e0: 1c3c 43f8 | e9ce 0000 | 00e9 c900 | 0000 488b | e844 8b5c | 246c eb48 | 488b e844 | 8b5c 246c 
  0x000001a5a24ee700: eb3e 488b | d0e9 b000 | 0000 e9a8 | 0000 00e9 | a300 0000 | 488b d0e9 | 9e00 0000 | 488b d0e9 
  0x000001a5a24ee720: 9600 0000 | 488b e844 | 8b5c 245c | eb12 488b | e844 8b5c | 246c eb08 | 488b e844 | 8b5c 246c 
  0x000001a5a24ee740: 4585 db7e | 6f44 895c | 2434 4c8b | 5424 484c | 8954 2438 | 498b d244 | 8b44 2444 | 458b cb33 
  0x000001a5a24ee760: ff66 6690 | c5f8 77e8 | 14e6 42f8 | 4c8b 5c24 | 3845 8b43 | 084c 6354 | 2434 4c03 | 5424 5049 
  0x000001a5a24ee780: b9c8 47c1 | 0008 0000 | 0048 b900 | 0000 0008 | 0000 0049 | 03c8 4c8b | 4140 4d3b | c175 2b49 
  0x000001a5a24ee7a0: 8bd3 448b | 4424 404d | 8bca 6690 | c5f8 77e8 | cce5 42f8 | 488b c548 | 8bd0 c5f8 | 7748 81c4 
  0x000001a5a24ee7c0: 9000 0000 | 5de9 3601 | 4ef8 badf | ffff ff44 | 8b44 2440 | 4489 4424 | 344c 8954 | 2440 6690 
  0x000001a5a24ee7e0: c5f8 77e8 | 183b 43f8 | 49ba 4dda | 4ea2 a501 | 0000 4d89 | 9758 0300 | 00e9 024c | 43f8 f4f4 
  0x000001a5a24ee800: 48bb 88ac | a5c0 a501 | 0000 e9ce | 5743 f848 | bba0 ada5 | c0a5 0100 | 00e9 bf57 | 43f8 48bb 
  0x000001a5a24ee820: 0000 0000 | 0000 0000 | e9fb ffff | ff48 bb00 | 0000 0000 | 0000 00e9 | fbff ffff | 48bb 0000 
  0x000001a5a24ee840: 0000 0000 | 0000 e9fb | ffff ff48 | bb00 0000 | 0000 0000 | 00e9 fbff | ffff 48bb | 0000 0000 
  0x000001a5a24ee860: 0000 0000 | e9fb ffff | ff48 bb88 | 14af c0a5 | 0100 00e9 | 6557 43f8 | 48bb 0000 | 0000 0000 
  0x000001a5a24ee880: 0000 e9fb | ffff ff48 | bb00 0000 | 0000 0000 | 00e9 fbff | ffff 48bb | 0000 0000 | 0000 0000 
  0x000001a5a24ee8a0: e9fb ffff | ff48 bb00 | 0000 0000 | 0000 00e9 | fbff ffff | e9c7 624d | f8e8 0000 | 0000 4883 
  0x000001a5a24ee8c0: 2c24 05e9 | d83d 43f8 
[/MachCode]
--------------------------------------------------------------------------------


---------------  P R O C E S S  ---------------

Threads class SMR info:
_java_thread_list=0x000001a5c1739920, length=23, elements={
0x000001a5930e0090, 0x000001a5bf356270, 0x000001a5bf35b550, 0x000001a5bf3713d0,
0x000001a5bf371d80, 0x000001a5bf372730, 0x000001a5bf3730e0, 0x000001a5bf3751d0,
0x000001a5bf377bd0, 0x000001a5bf37bac0, 0x000001a5bf3bea60, 0x000001a5c01b2910,
0x000001a5c01b2de0, 0x000001a5c11de7d0, 0x000001a5c115ced0, 0x000001a5c11a16d0,
0x000001a5c1454cf0, 0x000001a5c146ee30, 0x000001a5c106ec90, 0x000001a5c1684680,
0x000001a5c11d80c0, 0x000001a5c17af1f0, 0x000001a5c17afb90
}

Java Threads: ( => current thread )
  0x000001a5930e0090 JavaThread "main" [_thread_blocked, id=56236, stack(0x0000003973c00000,0x0000003973d00000)]
  0x000001a5bf356270 JavaThread "Reference Handler" daemon [_thread_blocked, id=66808, stack(0x0000003974300000,0x0000003974400000)]
  0x000001a5bf35b550 JavaThread "Finalizer" daemon [_thread_blocked, id=36504, stack(0x0000003974400000,0x0000003974500000)]
  0x000001a5bf3713d0 JavaThread "Signal Dispatcher" daemon [_thread_blocked, id=38544, stack(0x0000003974500000,0x0000003974600000)]
  0x000001a5bf371d80 JavaThread "Attach Listener" daemon [_thread_blocked, id=43764, stack(0x0000003974600000,0x0000003974700000)]
  0x000001a5bf372730 JavaThread "Service Thread" daemon [_thread_blocked, id=33740, stack(0x0000003974700000,0x0000003974800000)]
  0x000001a5bf3730e0 JavaThread "Monitor Deflation Thread" daemon [_thread_blocked, id=29364, stack(0x0000003974800000,0x0000003974900000)]
  0x000001a5bf3751d0 JavaThread "C2 CompilerThread0" daemon [_thread_blocked, id=22184, stack(0x0000003974900000,0x0000003974a00000)]
  0x000001a5bf377bd0 JavaThread "C1 CompilerThread0" daemon [_thread_blocked, id=65620, stack(0x0000003974a00000,0x0000003974b00000)]
  0x000001a5bf37bac0 JavaThread "Sweeper thread" daemon [_thread_blocked, id=59836, stack(0x0000003974b00000,0x0000003974c00000)]
  0x000001a5bf3bea60 JavaThread "Common-Cleaner" daemon [_thread_blocked, id=36124, stack(0x0000003974c00000,0x0000003974d00000)]
  0x000001a5c01b2910 JavaThread "Monitor Ctrl-Break" daemon [_thread_in_native, id=70412, stack(0x0000003975000000,0x0000003975100000)]
  0x000001a5c01b2de0 JavaThread "Notification Thread" daemon [_thread_blocked, id=22188, stack(0x0000003975100000,0x0000003975200000)]
  0x000001a5c11de7d0 JavaThread "RMI TCP Accept-0" daemon [_thread_in_native, id=69968, stack(0x0000003975400000,0x0000003975500000)]
  0x000001a5c115ced0 JavaThread "async-executor C:\Users\dhkim\AppData\Local\Temp\PARCAeron" daemon [_thread_blocked, id=67392, stack(0x0000003975500000,0x0000003975600000)]
  0x000001a5c11a16d0 JavaThread "RMI TCP Connection(1)-192.168.0.75" daemon [_thread_in_native, id=42980, stack(0x0000003975600000,0x0000003975700000)]
  0x000001a5c1454cf0 JavaThread "RMI Scheduler(0)" daemon [_thread_blocked, id=27872, stack(0x0000003975700000,0x0000003975800000)]
  0x000001a5c146ee30 JavaThread "JMX server connection timeout 29" daemon [_thread_blocked, id=32324, stack(0x0000003975800000,0x0000003975900000)]
=>0x000001a5c106ec90 JavaThread "driver-conductor" [_thread_in_Java, id=40540, stack(0x0000003975300000,0x0000003975400000)]
  0x000001a5c1684680 JavaThread "sender" [_thread_in_Java, id=32588, stack(0x0000003975900000,0x0000003975a00000)]
  0x000001a5c11d80c0 JavaThread "receiver" [_thread_in_Java, id=57060, stack(0x0000003975a00000,0x0000003975b00000)]
  0x000001a5c17af1f0 JavaThread "RMI TCP Connection(idle)" daemon [_thread_blocked, id=36668, stack(0x0000003974d00000,0x0000003974e00000)]
  0x000001a5c17afb90 JavaThread "SIGINT handler" daemon [_thread_blocked, id=2948, stack(0x0000003974f00000,0x0000003975000000)]

Other Threads:
  0x000001a5bf3531b0 VMThread "VM Thread" [stack: 0x0000003974200000,0x0000003974300000] [id=27052]
  0x000001a593178760 WatcherThread [stack: 0x0000003975200000,0x0000003975300000] [id=55704]
  0x000001a593158510 GCTaskThread "GC Thread#0" [stack: 0x0000003973d00000,0x0000003973e00000] [id=40948]
  0x000001a59316a460 ConcurrentGCThread "G1 Main Marker" [stack: 0x0000003973e00000,0x0000003973f00000] [id=53472]
  0x000001a59316c4c0 ConcurrentGCThread "G1 Conc#0" [stack: 0x0000003973f00000,0x0000003974000000] [id=53492]
  0x000001a5931ae600 ConcurrentGCThread "G1 Refine#0" [stack: 0x0000003974000000,0x0000003974100000] [id=65092]
  0x000001a5bf286fe0 ConcurrentGCThread "G1 Service" [stack: 0x0000003974100000,0x0000003974200000] [id=52404]

Threads with active compile tasks:

VM state: not at safepoint (normal execution)

VM Mutex/Monitor currently owned by a thread: None

Heap address: 0x0000000606800000, size: 8088 MB, Compressed Oops mode: Zero based, Oop shift amount: 3

CDS archive(s) mapped at: [0x0000000800000000-0x0000000800bc0000-0x0000000800bc0000), size 12320768, SharedBaseAddress: 0x0000000800000000, ArchiveRelocationMode: 0.
Compressed class space mapped at: 0x0000000800c00000-0x0000000840c00000, reserved size: 1073741824
Narrow klass base: 0x0000000800000000, Narrow klass shift: 0, Narrow klass range: 0x100000000

GC Precious Log:
 CPUs: 18 total, 18 available
 Memory: 32348M
 Large Page Support: Disabled
 NUMA Support: Disabled
 Compressed Oops: Enabled (Zero based)
 Heap Region Size: 4M
 Heap Min Capacity: 8M
 Heap Initial Capacity: 508M
 Heap Max Capacity: 8088M
 Pre-touch: Disabled
 Parallel Workers: 14
 Concurrent Workers: 4
 Concurrent Refinement Workers: 14
 Periodic GC: Disabled

Heap:
 garbage-first heap   total 520192K, used 16384K [0x0000000606800000, 0x0000000800000000)
  region size 4096K, 6 young (24576K), 0 survivors (0K)
 Metaspace       used 8984K, committed 9216K, reserved 1056768K
  class space    used 968K, committed 1088K, reserved 1048576K

Heap Regions: E=young(eden), S=young(survivor), O=old, HS=humongous(starts), HC=humongous(continues), CS=collection set, F=free, OA=open archive, CA=closed archive, TAMS=top-at-mark-start (previous, next)
|   0|0x0000000606800000, 0x0000000606800000, 0x0000000606c00000|  0%| F|  |TAMS 0x0000000606800000, 0x0000000606800000| Untracked 
|   1|0x0000000606c00000, 0x0000000606c00000, 0x0000000607000000|  0%| F|  |TAMS 0x0000000606c00000, 0x0000000606c00000| Untracked 
|   2|0x0000000607000000, 0x0000000607000000, 0x0000000607400000|  0%| F|  |TAMS 0x0000000607000000, 0x0000000607000000| Untracked 
|   3|0x0000000607400000, 0x0000000607400000, 0x0000000607800000|  0%| F|  |TAMS 0x0000000607400000, 0x0000000607400000| Untracked 
|   4|0x0000000607800000, 0x0000000607800000, 0x0000000607c00000|  0%| F|  |TAMS 0x0000000607800000, 0x0000000607800000| Untracked 
|   5|0x0000000607c00000, 0x0000000607c00000, 0x0000000608000000|  0%| F|  |TAMS 0x0000000607c00000, 0x0000000607c00000| Untracked 
|   6|0x0000000608000000, 0x0000000608000000, 0x0000000608400000|  0%| F|  |TAMS 0x0000000608000000, 0x0000000608000000| Untracked 
|   7|0x0000000608400000, 0x0000000608400000, 0x0000000608800000|  0%| F|  |TAMS 0x0000000608400000, 0x0000000608400000| Untracked 
|   8|0x0000000608800000, 0x0000000608800000, 0x0000000608c00000|  0%| F|  |TAMS 0x0000000608800000, 0x0000000608800000| Untracked 
|   9|0x0000000608c00000, 0x0000000608c00000, 0x0000000609000000|  0%| F|  |TAMS 0x0000000608c00000, 0x0000000608c00000| Untracked 
|  10|0x0000000609000000, 0x0000000609000000, 0x0000000609400000|  0%| F|  |TAMS 0x0000000609000000, 0x0000000609000000| Untracked 
|  11|0x0000000609400000, 0x0000000609400000, 0x0000000609800000|  0%| F|  |TAMS 0x0000000609400000, 0x0000000609400000| Untracked 
|  12|0x0000000609800000, 0x0000000609800000, 0x0000000609c00000|  0%| F|  |TAMS 0x0000000609800000, 0x0000000609800000| Untracked 
|  13|0x0000000609c00000, 0x0000000609c00000, 0x000000060a000000|  0%| F|  |TAMS 0x0000000609c00000, 0x0000000609c00000| Untracked 
|  14|0x000000060a000000, 0x000000060a000000, 0x000000060a400000|  0%| F|  |TAMS 0x000000060a000000, 0x000000060a000000| Untracked 
|  15|0x000000060a400000, 0x000000060a400000, 0x000000060a800000|  0%| F|  |TAMS 0x000000060a400000, 0x000000060a400000| Untracked 
|  16|0x000000060a800000, 0x000000060a800000, 0x000000060ac00000|  0%| F|  |TAMS 0x000000060a800000, 0x000000060a800000| Untracked 
|  17|0x000000060ac00000, 0x000000060ac00000, 0x000000060b000000|  0%| F|  |TAMS 0x000000060ac00000, 0x000000060ac00000| Untracked 
|  18|0x000000060b000000, 0x000000060b000000, 0x000000060b400000|  0%| F|  |TAMS 0x000000060b000000, 0x000000060b000000| Untracked 
|  19|0x000000060b400000, 0x000000060b400000, 0x000000060b800000|  0%| F|  |TAMS 0x000000060b400000, 0x000000060b400000| Untracked 
|  20|0x000000060b800000, 0x000000060b800000, 0x000000060bc00000|  0%| F|  |TAMS 0x000000060b800000, 0x000000060b800000| Untracked 
|  21|0x000000060bc00000, 0x000000060bc00000, 0x000000060c000000|  0%| F|  |TAMS 0x000000060bc00000, 0x000000060bc00000| Untracked 
|  22|0x000000060c000000, 0x000000060c000000, 0x000000060c400000|  0%| F|  |TAMS 0x000000060c000000, 0x000000060c000000| Untracked 
|  23|0x000000060c400000, 0x000000060c400000, 0x000000060c800000|  0%| F|  |TAMS 0x000000060c400000, 0x000000060c400000| Untracked 
|  24|0x000000060c800000, 0x000000060c800000, 0x000000060cc00000|  0%| F|  |TAMS 0x000000060c800000, 0x000000060c800000| Untracked 
|  25|0x000000060cc00000, 0x000000060cc00000, 0x000000060d000000|  0%| F|  |TAMS 0x000000060cc00000, 0x000000060cc00000| Untracked 
|  26|0x000000060d000000, 0x000000060d000000, 0x000000060d400000|  0%| F|  |TAMS 0x000000060d000000, 0x000000060d000000| Untracked 
|  27|0x000000060d400000, 0x000000060d400000, 0x000000060d800000|  0%| F|  |TAMS 0x000000060d400000, 0x000000060d400000| Untracked 
|  28|0x000000060d800000, 0x000000060d800000, 0x000000060dc00000|  0%| F|  |TAMS 0x000000060d800000, 0x000000060d800000| Untracked 
|  29|0x000000060dc00000, 0x000000060dc00000, 0x000000060e000000|  0%| F|  |TAMS 0x000000060dc00000, 0x000000060dc00000| Untracked 
|  30|0x000000060e000000, 0x000000060e000000, 0x000000060e400000|  0%| F|  |TAMS 0x000000060e000000, 0x000000060e000000| Untracked 
|  31|0x000000060e400000, 0x000000060e400000, 0x000000060e800000|  0%| F|  |TAMS 0x000000060e400000, 0x000000060e400000| Untracked 
|  32|0x000000060e800000, 0x000000060e800000, 0x000000060ec00000|  0%| F|  |TAMS 0x000000060e800000, 0x000000060e800000| Untracked 
|  33|0x000000060ec00000, 0x000000060ec00000, 0x000000060f000000|  0%| F|  |TAMS 0x000000060ec00000, 0x000000060ec00000| Untracked 
|  34|0x000000060f000000, 0x000000060f000000, 0x000000060f400000|  0%| F|  |TAMS 0x000000060f000000, 0x000000060f000000| Untracked 
|  35|0x000000060f400000, 0x000000060f400000, 0x000000060f800000|  0%| F|  |TAMS 0x000000060f400000, 0x000000060f400000| Untracked 
|  36|0x000000060f800000, 0x000000060f800000, 0x000000060fc00000|  0%| F|  |TAMS 0x000000060f800000, 0x000000060f800000| Untracked 
|  37|0x000000060fc00000, 0x000000060fc00000, 0x0000000610000000|  0%| F|  |TAMS 0x000000060fc00000, 0x000000060fc00000| Untracked 
|  38|0x0000000610000000, 0x0000000610000000, 0x0000000610400000|  0%| F|  |TAMS 0x0000000610000000, 0x0000000610000000| Untracked 
|  39|0x0000000610400000, 0x0000000610400000, 0x0000000610800000|  0%| F|  |TAMS 0x0000000610400000, 0x0000000610400000| Untracked 
|  40|0x0000000610800000, 0x0000000610800000, 0x0000000610c00000|  0%| F|  |TAMS 0x0000000610800000, 0x0000000610800000| Untracked 
|  41|0x0000000610c00000, 0x0000000610c00000, 0x0000000611000000|  0%| F|  |TAMS 0x0000000610c00000, 0x0000000610c00000| Untracked 
|  42|0x0000000611000000, 0x0000000611000000, 0x0000000611400000|  0%| F|  |TAMS 0x0000000611000000, 0x0000000611000000| Untracked 
|  43|0x0000000611400000, 0x0000000611400000, 0x0000000611800000|  0%| F|  |TAMS 0x0000000611400000, 0x0000000611400000| Untracked 
|  44|0x0000000611800000, 0x0000000611800000, 0x0000000611c00000|  0%| F|  |TAMS 0x0000000611800000, 0x0000000611800000| Untracked 
|  45|0x0000000611c00000, 0x0000000611c00000, 0x0000000612000000|  0%| F|  |TAMS 0x0000000611c00000, 0x0000000611c00000| Untracked 
|  46|0x0000000612000000, 0x0000000612000000, 0x0000000612400000|  0%| F|  |TAMS 0x0000000612000000, 0x0000000612000000| Untracked 
|  47|0x0000000612400000, 0x0000000612400000, 0x0000000612800000|  0%| F|  |TAMS 0x0000000612400000, 0x0000000612400000| Untracked 
|  48|0x0000000612800000, 0x0000000612800000, 0x0000000612c00000|  0%| F|  |TAMS 0x0000000612800000, 0x0000000612800000| Untracked 
|  49|0x0000000612c00000, 0x0000000612c00000, 0x0000000613000000|  0%| F|  |TAMS 0x0000000612c00000, 0x0000000612c00000| Untracked 
|  50|0x0000000613000000, 0x0000000613000000, 0x0000000613400000|  0%| F|  |TAMS 0x0000000613000000, 0x0000000613000000| Untracked 
|  51|0x0000000613400000, 0x0000000613400000, 0x0000000613800000|  0%| F|  |TAMS 0x0000000613400000, 0x0000000613400000| Untracked 
|  52|0x0000000613800000, 0x0000000613800000, 0x0000000613c00000|  0%| F|  |TAMS 0x0000000613800000, 0x0000000613800000| Untracked 
|  53|0x0000000613c00000, 0x0000000613c00000, 0x0000000614000000|  0%| F|  |TAMS 0x0000000613c00000, 0x0000000613c00000| Untracked 
|  54|0x0000000614000000, 0x0000000614000000, 0x0000000614400000|  0%| F|  |TAMS 0x0000000614000000, 0x0000000614000000| Untracked 
|  55|0x0000000614400000, 0x0000000614400000, 0x0000000614800000|  0%| F|  |TAMS 0x0000000614400000, 0x0000000614400000| Untracked 
|  56|0x0000000614800000, 0x0000000614800000, 0x0000000614c00000|  0%| F|  |TAMS 0x0000000614800000, 0x0000000614800000| Untracked 
|  57|0x0000000614c00000, 0x0000000614c00000, 0x0000000615000000|  0%| F|  |TAMS 0x0000000614c00000, 0x0000000614c00000| Untracked 
|  58|0x0000000615000000, 0x0000000615000000, 0x0000000615400000|  0%| F|  |TAMS 0x0000000615000000, 0x0000000615000000| Untracked 
|  59|0x0000000615400000, 0x0000000615400000, 0x0000000615800000|  0%| F|  |TAMS 0x0000000615400000, 0x0000000615400000| Untracked 
|  60|0x0000000615800000, 0x0000000615800000, 0x0000000615c00000|  0%| F|  |TAMS 0x0000000615800000, 0x0000000615800000| Untracked 
|  61|0x0000000615c00000, 0x0000000615c00000, 0x0000000616000000|  0%| F|  |TAMS 0x0000000615c00000, 0x0000000615c00000| Untracked 
|  62|0x0000000616000000, 0x0000000616000000, 0x0000000616400000|  0%| F|  |TAMS 0x0000000616000000, 0x0000000616000000| Untracked 
|  63|0x0000000616400000, 0x0000000616400000, 0x0000000616800000|  0%| F|  |TAMS 0x0000000616400000, 0x0000000616400000| Untracked 
|  64|0x0000000616800000, 0x0000000616800000, 0x0000000616c00000|  0%| F|  |TAMS 0x0000000616800000, 0x0000000616800000| Untracked 
|  65|0x0000000616c00000, 0x0000000616c00000, 0x0000000617000000|  0%| F|  |TAMS 0x0000000616c00000, 0x0000000616c00000| Untracked 
|  66|0x0000000617000000, 0x0000000617000000, 0x0000000617400000|  0%| F|  |TAMS 0x0000000617000000, 0x0000000617000000| Untracked 
|  67|0x0000000617400000, 0x0000000617400000, 0x0000000617800000|  0%| F|  |TAMS 0x0000000617400000, 0x0000000617400000| Untracked 
|  68|0x0000000617800000, 0x0000000617800000, 0x0000000617c00000|  0%| F|  |TAMS 0x0000000617800000, 0x0000000617800000| Untracked 
|  69|0x0000000617c00000, 0x0000000617c00000, 0x0000000618000000|  0%| F|  |TAMS 0x0000000617c00000, 0x0000000617c00000| Untracked 
|  70|0x0000000618000000, 0x0000000618000000, 0x0000000618400000|  0%| F|  |TAMS 0x0000000618000000, 0x0000000618000000| Untracked 
|  71|0x0000000618400000, 0x0000000618400000, 0x0000000618800000|  0%| F|  |TAMS 0x0000000618400000, 0x0000000618400000| Untracked 
|  72|0x0000000618800000, 0x0000000618800000, 0x0000000618c00000|  0%| F|  |TAMS 0x0000000618800000, 0x0000000618800000| Untracked 
|  73|0x0000000618c00000, 0x0000000618c00000, 0x0000000619000000|  0%| F|  |TAMS 0x0000000618c00000, 0x0000000618c00000| Untracked 
|  74|0x0000000619000000, 0x0000000619000000, 0x0000000619400000|  0%| F|  |TAMS 0x0000000619000000, 0x0000000619000000| Untracked 
|  75|0x0000000619400000, 0x0000000619400000, 0x0000000619800000|  0%| F|  |TAMS 0x0000000619400000, 0x0000000619400000| Untracked 
|  76|0x0000000619800000, 0x0000000619800000, 0x0000000619c00000|  0%| F|  |TAMS 0x0000000619800000, 0x0000000619800000| Untracked 
|  77|0x0000000619c00000, 0x0000000619c00000, 0x000000061a000000|  0%| F|  |TAMS 0x0000000619c00000, 0x0000000619c00000| Untracked 
|  78|0x000000061a000000, 0x000000061a000000, 0x000000061a400000|  0%| F|  |TAMS 0x000000061a000000, 0x000000061a000000| Untracked 
|  79|0x000000061a400000, 0x000000061a400000, 0x000000061a800000|  0%| F|  |TAMS 0x000000061a400000, 0x000000061a400000| Untracked 
|  80|0x000000061a800000, 0x000000061a800000, 0x000000061ac00000|  0%| F|  |TAMS 0x000000061a800000, 0x000000061a800000| Untracked 
|  81|0x000000061ac00000, 0x000000061ac00000, 0x000000061b000000|  0%| F|  |TAMS 0x000000061ac00000, 0x000000061ac00000| Untracked 
|  82|0x000000061b000000, 0x000000061b000000, 0x000000061b400000|  0%| F|  |TAMS 0x000000061b000000, 0x000000061b000000| Untracked 
|  83|0x000000061b400000, 0x000000061b400000, 0x000000061b800000|  0%| F|  |TAMS 0x000000061b400000, 0x000000061b400000| Untracked 
|  84|0x000000061b800000, 0x000000061b800000, 0x000000061bc00000|  0%| F|  |TAMS 0x000000061b800000, 0x000000061b800000| Untracked 
|  85|0x000000061bc00000, 0x000000061bc00000, 0x000000061c000000|  0%| F|  |TAMS 0x000000061bc00000, 0x000000061bc00000| Untracked 
|  86|0x000000061c000000, 0x000000061c000000, 0x000000061c400000|  0%| F|  |TAMS 0x000000061c000000, 0x000000061c000000| Untracked 
|  87|0x000000061c400000, 0x000000061c400000, 0x000000061c800000|  0%| F|  |TAMS 0x000000061c400000, 0x000000061c400000| Untracked 
|  88|0x000000061c800000, 0x000000061c800000, 0x000000061cc00000|  0%| F|  |TAMS 0x000000061c800000, 0x000000061c800000| Untracked 
|  89|0x000000061cc00000, 0x000000061cc00000, 0x000000061d000000|  0%| F|  |TAMS 0x000000061cc00000, 0x000000061cc00000| Untracked 
|  90|0x000000061d000000, 0x000000061d000000, 0x000000061d400000|  0%| F|  |TAMS 0x000000061d000000, 0x000000061d000000| Untracked 
|  91|0x000000061d400000, 0x000000061d400000, 0x000000061d800000|  0%| F|  |TAMS 0x000000061d400000, 0x000000061d400000| Untracked 
|  92|0x000000061d800000, 0x000000061d800000, 0x000000061dc00000|  0%| F|  |TAMS 0x000000061d800000, 0x000000061d800000| Untracked 
|  93|0x000000061dc00000, 0x000000061dc00000, 0x000000061e000000|  0%| F|  |TAMS 0x000000061dc00000, 0x000000061dc00000| Untracked 
|  94|0x000000061e000000, 0x000000061e000000, 0x000000061e400000|  0%| F|  |TAMS 0x000000061e000000, 0x000000061e000000| Untracked 
|  95|0x000000061e400000, 0x000000061e400000, 0x000000061e800000|  0%| F|  |TAMS 0x000000061e400000, 0x000000061e400000| Untracked 
|  96|0x000000061e800000, 0x000000061e800000, 0x000000061ec00000|  0%| F|  |TAMS 0x000000061e800000, 0x000000061e800000| Untracked 
|  97|0x000000061ec00000, 0x000000061ec00000, 0x000000061f000000|  0%| F|  |TAMS 0x000000061ec00000, 0x000000061ec00000| Untracked 
|  98|0x000000061f000000, 0x000000061f000000, 0x000000061f400000|  0%| F|  |TAMS 0x000000061f000000, 0x000000061f000000| Untracked 
|  99|0x000000061f400000, 0x000000061f400000, 0x000000061f800000|  0%| F|  |TAMS 0x000000061f400000, 0x000000061f400000| Untracked 
| 100|0x000000061f800000, 0x000000061f800000, 0x000000061fc00000|  0%| F|  |TAMS 0x000000061f800000, 0x000000061f800000| Untracked 
| 101|0x000000061fc00000, 0x000000061fc00000, 0x0000000620000000|  0%| F|  |TAMS 0x000000061fc00000, 0x000000061fc00000| Untracked 
| 102|0x0000000620000000, 0x0000000620000000, 0x0000000620400000|  0%| F|  |TAMS 0x0000000620000000, 0x0000000620000000| Untracked 
| 103|0x0000000620400000, 0x0000000620400000, 0x0000000620800000|  0%| F|  |TAMS 0x0000000620400000, 0x0000000620400000| Untracked 
| 104|0x0000000620800000, 0x0000000620800000, 0x0000000620c00000|  0%| F|  |TAMS 0x0000000620800000, 0x0000000620800000| Untracked 
| 105|0x0000000620c00000, 0x0000000620c00000, 0x0000000621000000|  0%| F|  |TAMS 0x0000000620c00000, 0x0000000620c00000| Untracked 
| 106|0x0000000621000000, 0x0000000621000000, 0x0000000621400000|  0%| F|  |TAMS 0x0000000621000000, 0x0000000621000000| Untracked 
| 107|0x0000000621400000, 0x0000000621400000, 0x0000000621800000|  0%| F|  |TAMS 0x0000000621400000, 0x0000000621400000| Untracked 
| 108|0x0000000621800000, 0x0000000621800000, 0x0000000621c00000|  0%| F|  |TAMS 0x0000000621800000, 0x0000000621800000| Untracked 
| 109|0x0000000621c00000, 0x0000000621c00000, 0x0000000622000000|  0%| F|  |TAMS 0x0000000621c00000, 0x0000000621c00000| Untracked 
| 110|0x0000000622000000, 0x0000000622000000, 0x0000000622400000|  0%| F|  |TAMS 0x0000000622000000, 0x0000000622000000| Untracked 
| 111|0x0000000622400000, 0x0000000622400000, 0x0000000622800000|  0%| F|  |TAMS 0x0000000622400000, 0x0000000622400000| Untracked 
| 112|0x0000000622800000, 0x0000000622800000, 0x0000000622c00000|  0%| F|  |TAMS 0x0000000622800000, 0x0000000622800000| Untracked 
| 113|0x0000000622c00000, 0x0000000622c00000, 0x0000000623000000|  0%| F|  |TAMS 0x0000000622c00000, 0x0000000622c00000| Untracked 
| 114|0x0000000623000000, 0x0000000623000000, 0x0000000623400000|  0%| F|  |TAMS 0x0000000623000000, 0x0000000623000000| Untracked 
| 115|0x0000000623400000, 0x0000000623400000, 0x0000000623800000|  0%| F|  |TAMS 0x0000000623400000, 0x0000000623400000| Untracked 
| 116|0x0000000623800000, 0x0000000623800000, 0x0000000623c00000|  0%| F|  |TAMS 0x0000000623800000, 0x0000000623800000| Untracked 
| 117|0x0000000623c00000, 0x0000000623c00000, 0x0000000624000000|  0%| F|  |TAMS 0x0000000623c00000, 0x0000000623c00000| Untracked 
| 118|0x0000000624000000, 0x0000000624000000, 0x0000000624400000|  0%| F|  |TAMS 0x0000000624000000, 0x0000000624000000| Untracked 
| 119|0x0000000624400000, 0x0000000624400000, 0x0000000624800000|  0%| F|  |TAMS 0x0000000624400000, 0x0000000624400000| Untracked 
| 120|0x0000000624800000, 0x0000000624800000, 0x0000000624c00000|  0%| F|  |TAMS 0x0000000624800000, 0x0000000624800000| Untracked 
| 121|0x0000000624c00000, 0x0000000625000000, 0x0000000625000000|100%| E|  |TAMS 0x0000000624c00000, 0x0000000624c00000| Complete 
| 122|0x0000000625000000, 0x0000000625400000, 0x0000000625400000|100%| E|CS|TAMS 0x0000000625000000, 0x0000000625000000| Complete 
| 123|0x0000000625400000, 0x0000000625800000, 0x0000000625800000|100%| E|  |TAMS 0x0000000625400000, 0x0000000625400000| Complete 
| 124|0x0000000625800000, 0x0000000625c00000, 0x0000000625c00000|100%| E|CS|TAMS 0x0000000625800000, 0x0000000625800000| Complete 
| 125|0x0000000625c00000, 0x0000000626000000, 0x0000000626000000|100%| E|CS|TAMS 0x0000000625c00000, 0x0000000625c00000| Complete 
| 126|0x0000000626000000, 0x0000000626400000, 0x0000000626400000|100%| E|CS|TAMS 0x0000000626000000, 0x0000000626000000| Complete 

Card table byte_map: [0x000001a5ab230000,0x000001a5ac200000] _byte_map_base: 0x000001a5a81fc000

Marking Bits (Prev, Next): (CMBitMap*) 0x000001a593158b20, (CMBitMap*) 0x000001a593158b60
 Prev Bits: [0x000001a5ad1d0000, 0x000001a5b5030000)
 Next Bits: [0x000001a5b5030000, 0x000001a5bce90000)

Polling page: 0x000001a5910b0000

Metaspace:

Usage:
  Non-class:      7.83 MB used.
      Class:    968.59 KB used.
       Both:      8.77 MB used.

Virtual space:
  Non-class space:        8.00 MB reserved,       7.94 MB (>99%) committed,  1 nodes.
      Class space:        1.00 GB reserved,       1.06 MB ( <1%) committed,  1 nodes.
             Both:        1.01 GB reserved,       9.00 MB ( <1%) committed. 

Chunk freelists:
   Non-Class:  5.00 KB
       Class:  2.90 MB
        Both:  2.91 MB

MaxMetaspaceSize: unlimited
CompressedClassSpaceSize: 1.00 GB
Initial GC threshold: 21.00 MB
Current GC threshold: 21.00 MB
CDS: on
MetaspaceReclaimPolicy: balanced
 - commit_granule_bytes: 65536.
 - commit_granule_words: 8192.
 - virtual_space_node_default_size: 1048576.
 - enlarge_chunks_in_place: 1.
 - new_chunks_are_fully_committed: 0.
 - uncommit_free_chunks: 1.
 - use_allocation_guard: 0.
 - handle_deallocations: 1.


Internal statistics:

num_allocs_failed_limit: 0.
num_arena_births: 206.
num_arena_deaths: 0.
num_vsnodes_births: 2.
num_vsnodes_deaths: 0.
num_space_committed: 144.
num_space_uncommitted: 0.
num_chunks_returned_to_freelist: 0.
num_chunks_taken_from_freelist: 369.
num_chunk_merges: 0.
num_chunk_splits: 220.
num_chunks_enlarged: 123.
num_purges: 0.
num_inconsistent_stats: 0.

CodeHeap 'non-profiled nmethods': size=119168Kb used=554Kb max_used=554Kb free=118613Kb
 bounds [0x000001a5a2470000, 0x000001a5a26e0000, 0x000001a5a98d0000]
CodeHeap 'profiled nmethods': size=119104Kb used=3004Kb max_used=3004Kb free=116099Kb
 bounds [0x000001a59b020000, 0x000001a59b310000, 0x000001a5a2470000]
CodeHeap 'non-nmethods': size=7488Kb used=1208Kb max_used=2919Kb free=6279Kb
 bounds [0x000001a59a8d0000, 0x000001a59abb0000, 0x000001a59b020000]
 total_blobs=2198 nmethods=1682 adapters=429
 compilation: enabled
              stopped_count=0, restarted_count=0
 full_count=0

Compilation events (20 events):
Event: 36.466 Thread 0x000001a5bf377bd0 1673       3       java.io.Bits::getLong (105 bytes)
Event: 36.466 Thread 0x000001a5bf377bd0 nmethod 1673 0x000001a59b309790 code [0x000001a59b309940, 0x000001a59b309bf8]
Event: 36.466 Thread 0x000001a5bf377bd0 1674       1       java.io.ObjectInputStream$PeekInputStream::getBytesRead (5 bytes)
Event: 36.466 Thread 0x000001a5bf377bd0 nmethod 1674 0x000001a5a24fa010 code [0x000001a5a24fa1a0, 0x000001a5a24fa278]
Event: 36.466 Thread 0x000001a5bf377bd0 1675       1       jdk.internal.event.DeserializationEvent::shouldCommit (2 bytes)
Event: 36.466 Thread 0x000001a5bf377bd0 nmethod 1675 0x000001a5a24fa310 code [0x000001a5a24fa4a0, 0x000001a5a24fa578]
Event: 36.467 Thread 0x000001a5bf377bd0 1676       3       java.util.TreeMap$KeySet::contains (11 bytes)
Event: 36.467 Thread 0x000001a5bf377bd0 nmethod 1676 0x000001a59b309d90 code [0x000001a59b309f40, 0x000001a59b30a128]
Event: 36.467 Thread 0x000001a5bf377bd0 1677       3       javax.management.openmbean.CompositeType::getType (18 bytes)
Event: 36.467 Thread 0x000001a5bf377bd0 nmethod 1677 0x000001a59b30a210 code [0x000001a59b30a3e0, 0x000001a59b30a768]
Event: 36.467 Thread 0x000001a5bf377bd0 1678       3       javax.management.openmbean.SimpleType::isValue (21 bytes)
Event: 36.467 Thread 0x000001a5bf377bd0 nmethod 1678 0x000001a59b30a890 code [0x000001a59b30aa60, 0x000001a59b30add8]
Event: 37.512 Thread 0x000001a5bf377bd0 1679       3       io.aeron.driver.DriverConductor::checkManagedResources (99 bytes)
Event: 37.513 Thread 0x000001a5bf377bd0 nmethod 1679 0x000001a59b30af10 code [0x000001a59b30b180, 0x000001a59b30be58]
Event: 37.581 Thread 0x000001a5bf377bd0 1680       3       jdk.internal.misc.Unsafe::copyMemory (33 bytes)
Event: 37.581 Thread 0x000001a5bf377bd0 nmethod 1680 0x000001a59b30c390 code [0x000001a59b30c640, 0x000001a59b30d398]
Event: 37.581 Thread 0x000001a5bf377bd0 1681       3       jdk.internal.misc.Unsafe::copyMemoryChecks (21 bytes)
Event: 37.582 Thread 0x000001a5bf377bd0 nmethod 1681 0x000001a59b30d990 code [0x000001a59b30dc40, 0x000001a59b30e9a8]
Event: 37.582 Thread 0x000001a5bf377bd0 1683       3       javax.management.ObjectName::getDomain (13 bytes)
Event: 37.582 Thread 0x000001a5bf377bd0 nmethod 1683 0x000001a59b30ef10 code [0x000001a59b30f0c0, 0x000001a59b30f288]

GC Heap History (0 events):
No events

Deoptimization events (20 events):
Event: 7.406 Thread 0x000001a5c106ec90 Uncommon trap: trap_request=0xffffff45 fr.pc=0x000001a5a24e515c relative=0x000000000000031c
Event: 7.406 Thread 0x000001a5c106ec90 Uncommon trap: reason=unstable_if action=reinterpret pc=0x000001a5a24e515c method=java.lang.Math.max(JJ)J @ 3 c2
Event: 7.406 Thread 0x000001a5c106ec90 DEOPT PACKING pc=0x000001a5a24e515c sp=0x00000039753ff480
Event: 7.406 Thread 0x000001a5c106ec90 DEOPT UNPACKING pc=0x000001a59a9223a3 sp=0x00000039753ff2b8 mode 2
Event: 7.409 Thread 0x000001a5c106ec90 Uncommon trap: trap_request=0xffffff45 fr.pc=0x000001a5a24e6de0 relative=0x0000000000000b20
Event: 7.409 Thread 0x000001a5c106ec90 Uncommon trap: reason=unstable_if action=reinterpret pc=0x000001a5a24e6de0 method=java.lang.Math.max(JJ)J @ 3 c2
Event: 7.409 Thread 0x000001a5c106ec90 DEOPT PACKING pc=0x000001a5a24e6de0 sp=0x00000039753ff4d0
Event: 7.409 Thread 0x000001a5c106ec90 DEOPT UNPACKING pc=0x000001a59a9223a3 sp=0x00000039753ff2c8 mode 2
Event: 7.446 Thread 0x000001a5c106ec90 Uncommon trap: trap_request=0xffffff45 fr.pc=0x000001a5a24eb788 relative=0x0000000000000fc8
Event: 7.446 Thread 0x000001a5c106ec90 Uncommon trap: reason=unstable_if action=reinterpret pc=0x000001a5a24eb788 method=io.aeron.driver.IpcPublication.updatePublisherPositionAndLimit()I @ 136 c2
Event: 7.446 Thread 0x000001a5c106ec90 DEOPT PACKING pc=0x000001a5a24eb788 sp=0x00000039753ff4d0
Event: 7.446 Thread 0x000001a5c106ec90 DEOPT UNPACKING pc=0x000001a59a9223a3 sp=0x00000039753ff340 mode 2
Event: 7.463 Thread 0x000001a5c106ec90 Uncommon trap: trap_request=0xffffff45 fr.pc=0x000001a5a24e9d4c relative=0x000000000000050c
Event: 7.463 Thread 0x000001a5c106ec90 Uncommon trap: reason=unstable_if action=reinterpret pc=0x000001a5a24e9d4c method=io.aeron.driver.IpcPublication.updatePublisherPositionAndLimit()I @ 136 c2
Event: 7.463 Thread 0x000001a5c106ec90 DEOPT PACKING pc=0x000001a5a24e9d4c sp=0x00000039753ff490
Event: 7.463 Thread 0x000001a5c106ec90 DEOPT UNPACKING pc=0x000001a59a9223a3 sp=0x00000039753ff330 mode 2
Event: 30.369 Thread 0x000001a5c17af1f0 Uncommon trap: trap_request=0xffffff45 fr.pc=0x000001a5a24e0e38 relative=0x0000000000000198
Event: 30.369 Thread 0x000001a5c17af1f0 Uncommon trap: reason=unstable_if action=reinterpret pc=0x000001a5a24e0e38 method=java.io.BufferedInputStream.read()I @ 23 c2
Event: 30.369 Thread 0x000001a5c17af1f0 DEOPT PACKING pc=0x000001a5a24e0e38 sp=0x0000003974dff150
Event: 30.369 Thread 0x000001a5c17af1f0 DEOPT UNPACKING pc=0x000001a59a9223a3 sp=0x0000003974dff108 mode 2

Classes unloaded (0 events):
No events

Classes redefined (0 events):
No events

Internal exceptions (20 events):
Event: 0.101 Thread 0x000001a5c01b2910 Exception <a 'java/lang/NoSuchMethodError'{0x000000062630d278}: 'java.lang.Object java.lang.invoke.DirectMethodHandle$Holder.invokeStaticInit(java.lang.Object)'> (0x000000062630d278) 
thrown [t:\workspace\open\src\hotspot\share\interpreter\linkResolver.cpp, line 766]
Event: 0.108 Thread 0x000001a5c01b2910 Exception <a 'java/lang/NoSuchMethodError'{0x000000062631ab08}: 'void java.lang.invoke.DirectMethodHandle$Holder.invokeStatic(java.lang.Object, java.lang.Object)'> (0x000000062631ab08) 
thrown [t:\workspace\open\src\hotspot\share\interpreter\linkResolver.cpp, line 766]
Event: 0.151 Thread 0x000001a5930e0090 Exception <a 'java/lang/NoSuchMethodError'{0x0000000625d94ba0}: 'java.lang.Object java.lang.invoke.DirectMethodHandle$Holder.invokeStaticInit(java.lang.Object, java.lang.Object, long, java.lang.Object)'> (0x0000000625d94ba0) 
thrown [t:\workspace\open\src\hotspot\share\interpreter\linkResolver.cpp, line 766]
Event: 0.152 Thread 0x000001a5930e0090 Exception <a 'java/lang/NoSuchMethodError'{0x0000000625d9b1c0}: 'java.lang.Object java.lang.invoke.DirectMethodHandle$Holder.newInvokeSpecial(java.lang.Object, java.lang.Object, long)'> (0x0000000625d9b1c0) 
thrown [t:\workspace\open\src\hotspot\share\interpreter\linkResolver.cpp, line 766]
Event: 0.152 Thread 0x000001a5930e0090 Exception <a 'java/lang/NoSuchMethodError'{0x0000000625d9f208}: 'java.lang.Object java.lang.invoke.Invokers$Holder.linkToTargetMethod(java.lang.Object, long, java.lang.Object)'> (0x0000000625d9f208) 
thrown [t:\workspace\open\src\hotspot\share\interpreter\linkResolver.cpp, line 766]
Event: 0.172 Thread 0x000001a5930e0090 Exception <a 'java/lang/NoSuchMethodError'{0x0000000625e87678}: 'void java.lang.invoke.DirectMethodHandle$Holder.invokeInterface(java.lang.Object, java.lang.Object)'> (0x0000000625e87678) 
thrown [t:\workspace\open\src\hotspot\share\interpreter\linkResolver.cpp, line 766]
Event: 0.179 Thread 0x000001a5930e0090 Exception <a 'java/lang/NoSuchMethodError'{0x0000000625ed7278}: 'java.lang.Object java.lang.invoke.Invokers$Holder.invoke_MT(java.lang.Object, java.lang.Object, java.lang.Object, java.lang.Object, java.lang.Object)'> (0x0000000625ed7278) 
thrown [t:\workspace\open\src\hotspot\share\interpreter\linkResolver.cpp, line 766]
Event: 0.180 Thread 0x000001a5930e0090 Exception <a 'java/lang/NoSuchMethodError'{0x0000000625eff340}: 'int java.lang.invoke.DirectMethodHandle$Holder.invokeSpecial(java.lang.Object, java.lang.Object, java.lang.Object)'> (0x0000000625eff340) 
thrown [t:\workspace\open\src\hotspot\share\interpreter\linkResolver.cpp, line 766]
Event: 0.180 Thread 0x000001a5930e0090 Exception <a 'java/lang/NoSuchMethodError'{0x0000000625f06628}: 'int java.lang.invoke.Invokers$Holder.linkToTargetMethod(java.lang.Object, java.lang.Object, java.lang.Object)'> (0x0000000625f06628) 
thrown [t:\workspace\open\src\hotspot\share\interpreter\linkResolver.cpp, line 766]
Event: 0.180 Thread 0x000001a5bf371d80 Exception <a 'java/lang/NoSuchMethodError'{0x0000000625e32b50}: 'int java.lang.invoke.DirectMethodHandle$Holder.invokeInterface(java.lang.Object, java.lang.Object)'> (0x0000000625e32b50) 
thrown [t:\workspace\open\src\hotspot\share\interpreter\linkResolver.cpp, line 766]
Event: 0.180 Thread 0x000001a5bf371d80 Exception <a 'java/lang/IncompatibleClassChangeError'{0x0000000625e36038}: Found class java.lang.Object, but interface was expected> (0x0000000625e36038) 
thrown [t:\workspace\open\src\hotspot\share\interpreter\linkResolver.cpp, line 833]
Event: 0.193 Thread 0x000001a5930e0090 Exception <a 'java/lang/NoSuchMethodError'{0x0000000625f30818}: 'void java.lang.invoke.DirectMethodHandle$Holder.invokeStatic(java.lang.Object, java.lang.Object, java.lang.Object)'> (0x0000000625f30818) 
thrown [t:\workspace\open\src\hotspot\share\interpreter\linkResolver.cpp, line 766]
Event: 0.225 Thread 0x000001a5930e0090 Exception <a 'java/lang/NoSuchMethodError'{0x000000062581d5d8}: 'java.lang.Object java.lang.invoke.DirectMethodHandle$Holder.invokeStaticInit(java.lang.Object, int, int, int, int)'> (0x000000062581d5d8) 
thrown [t:\workspace\open\src\hotspot\share\interpreter\linkResolver.cpp, line 766]
Event: 0.288 Thread 0x000001a5930e0090 Exception <a 'java/lang/NoSuchMethodError'{0x0000000625a302b8}: 'java.lang.Object java.lang.invoke.DirectMethodHandle$Holder.invokeStaticInit(java.lang.Object, java.lang.Object, int, int, int, int)'> (0x0000000625a302b8) 
thrown [t:\workspace\open\src\hotspot\share\interpreter\linkResolver.cpp, line 766]
Event: 0.301 Thread 0x000001a5bf371d80 Exception <a 'java/lang/ClassNotFoundException'{0x00000006259d3e38}: javax/management/remote/rmi/RMIServerImpl_Skel> (0x00000006259d3e38) 
thrown [t:\workspace\open\src\hotspot\share\classfile\systemDictionary.cpp, line 256]
Event: 0.312 Thread 0x000001a5930e0090 Exception <a 'java/lang/NoSuchMethodError'{0x0000000625a941e8}: 'java.lang.Object java.lang.invoke.DirectMethodHandle$Holder.invokeSpecial(java.lang.Object, java.lang.Object, int, java.lang.Object, java.lang.Object)'> (0x0000000625a941e8) 
thrown [t:\workspace\open\src\hotspot\share\interpreter\linkResolver.cpp, line 766]
Event: 0.322 Thread 0x000001a5930e0090 Exception <a 'java/lang/NoSuchMethodError'{0x0000000625aafc70}: 'java.lang.Object java.lang.invoke.Invokers$Holder.invoke_MT(java.lang.Object, java.lang.Object, java.lang.Object)'> (0x0000000625aafc70) 
thrown [t:\workspace\open\src\hotspot\share\interpreter\linkResolver.cpp, line 766]
Event: 0.355 Thread 0x000001a5930e0090 Exception <a 'java/lang/NoSuchMethodError'{0x000000062549d708}: 'void java.lang.invoke.DirectMethodHandle$Holder.invokeSpecial(java.lang.Object, java.lang.Object, java.lang.Object)'> (0x000000062549d708) 
thrown [t:\workspace\open\src\hotspot\share\interpreter\linkResolver.cpp, line 766]
Event: 0.367 Thread 0x000001a5c11a16d0 Exception <a 'java/lang/NoSuchMethodError'{0x0000000625463508}: static [B.<clinit>()V> (0x0000000625463508) 
thrown [t:\workspace\open\src\hotspot\share\prims\jni.cpp, line 1107]
Event: 0.372 Thread 0x000001a5c11a16d0 Exception <a 'java/lang/ClassNotFoundException'{0x000000062546bde8}: javax/management/remote/rmi/RMIConnectionImpl_Skel> (0x000000062546bde8) 
thrown [t:\workspace\open\src\hotspot\share\classfile\systemDictionary.cpp, line 256]

VM Operations (20 events):
Event: 16.614 Executing VM operation: Cleanup
Event: 16.614 Executing VM operation: Cleanup done
Event: 17.628 Executing VM operation: Cleanup
Event: 17.629 Executing VM operation: Cleanup done
Event: 18.643 Executing VM operation: Cleanup
Event: 18.644 Executing VM operation: Cleanup done
Event: 24.688 Executing VM operation: Cleanup
Event: 24.688 Executing VM operation: Cleanup done
Event: 26.700 Executing VM operation: Cleanup
Event: 26.700 Executing VM operation: Cleanup done
Event: 28.712 Executing VM operation: Cleanup
Event: 28.712 Executing VM operation: Cleanup done
Event: 30.738 Executing VM operation: Cleanup
Event: 30.738 Executing VM operation: Cleanup done
Event: 31.738 Executing VM operation: Cleanup
Event: 31.738 Executing VM operation: Cleanup done
Event: 32.739 Executing VM operation: Cleanup
Event: 32.739 Executing VM operation: Cleanup done
Event: 34.751 Executing VM operation: Cleanup
Event: 34.751 Executing VM operation: Cleanup done

Events (20 events):
Event: 2.729 Thread 0x000001a5c00fb050 Thread exited: 0x000001a5c00fb050
Event: 2.924 loading class java/lang/StrictMath
Event: 2.924 loading class java/lang/StrictMath done
Event: 7.323 Thread 0x000001a5c17af1f0 Thread added: 0x000001a5c17af1f0
Event: 7.366 loading class java/util/RegularEnumSet$EnumSetIterator
Event: 7.366 loading class java/util/RegularEnumSet$EnumSetIterator done
Event: 7.386 Thread 0x000001a5c48239d0 Thread added: 0x000001a5c48239d0
Event: 7.386 Thread 0x000001a5c4821b70 Thread added: 0x000001a5c4821b70
Event: 7.395 Thread 0x000001a5c4823ee0 Thread added: 0x000001a5c4823ee0
Event: 7.395 Thread 0x000001a5c48243f0 Thread added: 0x000001a5c48243f0
Event: 7.812 Thread 0x000001a5c48243f0 Thread exited: 0x000001a5c48243f0
Event: 7.839 Thread 0x000001a5c4823ee0 Thread exited: 0x000001a5c4823ee0
Event: 8.225 Thread 0x000001a5c4821b70 Thread exited: 0x000001a5c4821b70
Event: 9.513 Thread 0x000001a5c48239d0 Thread exited: 0x000001a5c48239d0
Event: 38.080 loading class jdk/internal/misc/Signal$1
Event: 38.080 loading class jdk/internal/misc/Signal$1 done
Event: 38.080 Thread 0x000001a5c17afb90 Thread added: 0x000001a5c17afb90
Event: 38.081 Thread 0x000001a5c17b1d40 Thread added: 0x000001a5c17b1d40
Event: 38.081 Thread 0x000001a5c17b2210 Thread added: 0x000001a5c17b2210
Event: 38.081 Thread 0x000001a5c17b2210 Thread exited: 0x000001a5c17b2210


Dynamic libraries:
0x00007ff77d920000 - 0x00007ff77d92e000 	C:\.jdk\jdk-17\bin\java.exe
0x00007ffc41d20000 - 0x00007ffc41f87000 	C:\WINDOWS\SYSTEM32\ntdll.dll
0x00007ffc3fc30000 - 0x00007ffc3fcf9000 	C:\WINDOWS\System32\KERNEL32.DLL
0x00007ffc3f3d0000 - 0x00007ffc3f7c7000 	C:\WINDOWS\System32\KERNELBASE.dll
0x00007ffc3f950000 - 0x00007ffc3fa9b000 	C:\WINDOWS\System32\ucrtbase.dll
0x00007ffc20620000 - 0x00007ffc20638000 	C:\.jdk\jdk-17\bin\jli.dll
0x00007ffc20b00000 - 0x00007ffc20b1a000 	C:\.jdk\jdk-17\bin\VCRUNTIME140.dll
0x00007ffc41610000 - 0x00007ffc417d6000 	C:\WINDOWS\System32\USER32.dll
0x00007ffc3f2e0000 - 0x00007ffc3f307000 	C:\WINDOWS\System32\win32u.dll
0x00007ffc417e0000 - 0x00007ffc4180b000 	C:\WINDOWS\System32\GDI32.dll
0x00007ffc1d3e0000 - 0x00007ffc1d672000 	C:\WINDOWS\WinSxS\amd64_microsoft.windows.common-controls_6595b64144ccf1df_6.0.26100.8457_none_3e0b2faee331e92d\COMCTL32.dll
0x00007ffc3f1b0000 - 0x00007ffc3f2dc000 	C:\WINDOWS\System32\gdi32full.dll
0x00007ffc41c20000 - 0x00007ffc41cc9000 	C:\WINDOWS\System32\msvcrt.dll
0x00007ffc3f100000 - 0x00007ffc3f1a3000 	C:\WINDOWS\System32\msvcp_win.dll
0x00007ffc40fa0000 - 0x00007ffc40fd2000 	C:\WINDOWS\System32\IMM32.DLL
0x00007ffc28340000 - 0x00007ffc2834c000 	C:\.jdk\jdk-17\bin\vcruntime140_1.dll
0x00007ffbcb910000 - 0x00007ffbcb99d000 	C:\.jdk\jdk-17\bin\msvcp140.dll
0x00007ffac4f70000 - 0x00007ffac5b2e000 	C:\.jdk\jdk-17\bin\server\jvm.dll
0x00007ffc40ee0000 - 0x00007ffc40f96000 	C:\WINDOWS\System32\ADVAPI32.dll
0x00007ffc40320000 - 0x00007ffc403c7000 	C:\WINDOWS\System32\sechost.dll
0x00007ffc3fb10000 - 0x00007ffc3fc28000 	C:\WINDOWS\System32\RPCRT4.dll
0x00007ffc411e0000 - 0x00007ffc411e8000 	C:\WINDOWS\System32\PSAPI.DLL
0x00007ffc28d90000 - 0x00007ffc28d9b000 	C:\WINDOWS\SYSTEM32\VERSION.dll
0x00007ffc1e430000 - 0x00007ffc1e43a000 	C:\WINDOWS\SYSTEM32\WSOCK32.dll
0x00007ffc25ca0000 - 0x00007ffc25cd6000 	C:\WINDOWS\SYSTEM32\WINMM.dll
0x00007ffc40e00000 - 0x00007ffc40e80000 	C:\WINDOWS\System32\WS2_32.dll
0x00007ffc3d4a0000 - 0x00007ffc3d4bb000 	C:\WINDOWS\SYSTEM32\kernel.appcore.dll
0x00007ffc28110000 - 0x00007ffc2811a000 	C:\.jdk\jdk-17\bin\jimage.dll
0x00007ffc3c830000 - 0x00007ffc3ca72000 	C:\WINDOWS\SYSTEM32\DBGHELP.DLL
0x00007ffc41280000 - 0x00007ffc41603000 	C:\WINDOWS\System32\combase.dll
0x00007ffc40ca0000 - 0x00007ffc40d79000 	C:\WINDOWS\System32\OLEAUT32.dll
0x00007ffc1ee20000 - 0x00007ffc1ee5b000 	C:\WINDOWS\SYSTEM32\dbgcore.DLL
0x00007ffc3efc0000 - 0x00007ffc3f068000 	C:\WINDOWS\System32\bcryptPrimitives.dll
0x00007ffc37460000 - 0x00007ffc3746e000 	C:\.jdk\jdk-17\bin\instrument.dll
0x00007ffc25e50000 - 0x00007ffc25e75000 	C:\.jdk\jdk-17\bin\java.dll
0x00007ffbba480000 - 0x00007ffbba556000 	C:\.jdk\jdk-17\bin\svml.dll
0x00007ffc403d0000 - 0x00007ffc40b3e000 	C:\WINDOWS\System32\SHELL32.dll
0x00007ffc3e750000 - 0x00007ffc3efbc000 	C:\WINDOWS\System32\windows.storage.dll
0x00007ffc40ba0000 - 0x00007ffc40c96000 	C:\WINDOWS\System32\SHCORE.dll
0x00007ffc3faa0000 - 0x00007ffc3fb06000 	C:\WINDOWS\System32\shlwapi.dll
0x00007ffc3e670000 - 0x00007ffc3e699000 	C:\WINDOWS\SYSTEM32\profapi.dll
0x00007ffc0a430000 - 0x00007ffc0a448000 	C:\.jdk\jdk-17\bin\zip.dll
0x00007ffc20bb0000 - 0x00007ffc20bc9000 	C:\.jdk\jdk-17\bin\net.dll
0x00007ffc34ad0000 - 0x00007ffc34bf9000 	C:\WINDOWS\SYSTEM32\WINHTTP.dll
0x00007ffc3d9f0000 - 0x00007ffc3da5c000 	C:\WINDOWS\system32\mswsock.dll
0x00007ffc13230000 - 0x00007ffc13245000 	C:\.jdk\jdk-17\bin\nio.dll
0x00007ffc3d020000 - 0x00007ffc3d152000 	C:\WINDOWS\SYSTEM32\DNSAPI.dll
0x00007ffc3cfe0000 - 0x00007ffc3d012000 	C:\WINDOWS\SYSTEM32\IPHLPAPI.DLL
0x00007ffc418d0000 - 0x00007ffc418da000 	C:\WINDOWS\System32\NSI.dll
0x00007ffc34fe0000 - 0x00007ffc34feb000 	C:\Windows\System32\rasadhlp.dll
0x00007ffc35460000 - 0x00007ffc354e6000 	C:\WINDOWS\System32\fwpuclnt.dll
0x00007ffbaf270000 - 0x00007ffbaf279000 	C:\.jdk\jdk-17\bin\management.dll
0x00007ffbac3a0000 - 0x00007ffbac3ab000 	C:\.jdk\jdk-17\bin\management_ext.dll
0x00007ffc3ddf0000 - 0x00007ffc3de0b000 	C:\WINDOWS\SYSTEM32\CRYPTSP.dll
0x00007ffc3d400000 - 0x00007ffc3d439000 	C:\WINDOWS\system32\rsaenh.dll
0x00007ffc3daa0000 - 0x00007ffc3dad3000 	C:\WINDOWS\SYSTEM32\USERENV.dll
0x00007ffc3e640000 - 0x00007ffc3e66a000 	C:\WINDOWS\SYSTEM32\bcrypt.dll
0x00007ffc3dc50000 - 0x00007ffc3dc5c000 	C:\WINDOWS\SYSTEM32\CRYPTBASE.dll
0x00007ffc35090000 - 0x00007ffc350ad000 	C:\WINDOWS\SYSTEM32\dhcpcsvc6.DLL
0x00007ffc34da0000 - 0x00007ffc34dc5000 	C:\WINDOWS\SYSTEM32\dhcpcsvc.DLL
0x00007ffc19760000 - 0x00007ffc19778000 	C:\WINDOWS\system32\napinsp.dll
0x00007ffc18cf0000 - 0x00007ffc18d03000 	C:\WINDOWS\System32\winrnr.dll
0x00007ffc18c30000 - 0x00007ffc18c52000 	C:\WINDOWS\system32\nlansp_c.dll
0x00007ffc2b9c0000 - 0x00007ffc2b9d6000 	C:\WINDOWS\system32\wshbth.dll
0x00007ffbfffa0000 - 0x00007ffbffff6000 	C:\WINDOWS\SYSTEM32\pdh.dll
0x00007ffc280e0000 - 0x00007ffc280ee000 	C:\.jdk\jdk-17\bin\sunmscapi.dll
0x00007ffc3f7d0000 - 0x00007ffc3f948000 	C:\WINDOWS\System32\CRYPT32.dll
0x00007ffc3dfc0000 - 0x00007ffc3dff0000 	C:\WINDOWS\SYSTEM32\ncrypt.dll
0x00007ffc3df70000 - 0x00007ffc3dfaf000 	C:\WINDOWS\SYSTEM32\NTASN1.dll
0x00007ffc082d0000 - 0x00007ffc082d8000 	C:\WINDOWS\system32\wshunix.dll
0x00007ffc37140000 - 0x00007ffc37152000 	C:\WINDOWS\System32\perfproc.dll
0x00007ffc279c0000 - 0x00007ffc279d1000 	C:\WINDOWS\System32\perfos.dll
0x00007ffc3cb80000 - 0x00007ffc3cb92000 	C:\WINDOWS\SYSTEM32\pfclient.dll

dbghelp: loaded successfully - version: 4.0.5 - missing functions: none
symbol engine: initialized successfully - sym options: 0x614 - pdb path: .;C:\.jdk\jdk-17\bin;C:\WINDOWS\SYSTEM32;C:\WINDOWS\WinSxS\amd64_microsoft.windows.common-controls_6595b64144ccf1df_6.0.26100.8457_none_3e0b2faee331e92d;C:\.jdk\jdk-17\bin\server

VM Arguments:
jvm_args: --add-exports=java.base/jdk.internal.misc=ALL-UNNAMED --add-opens=java.base/jdk.internal.misc=ALL-UNNAMED --add-opens=java.base/java.nio=ALL-UNNAMED --add-opens=java.base/sun.nio.ch=ALL-UNNAMED -javaagent:C:\Program Files\JetBrains\IntelliJ IDEA 2024.3.5\lib\idea_rt.jar=58164 -Dfile.encoding=UTF-8 
java_command: com.resourcebox.demo.DemoServer
java_class_path (initial): C:\hooniegit\Git\ResourceBox\MediaDriver\java\MediaDriver\target\classes;C:\Users\dhkim\.m2\repository\io\aeron\aeron-all\1.50.4\aeron-all-1.50.4.jar;C:\Users\dhkim\.m2\repository\org\slf4j\slf4j-api\2.0.17\slf4j-api-2.0.17.jar
Launcher Type: SUN_STANDARD

[Global flags]
     intx CICompilerCount                          = 12                                        {product} {ergonomic}
     uint ConcGCThreads                            = 4                                         {product} {ergonomic}
     uint G1ConcRefinementThreads                  = 14                                        {product} {ergonomic}
   size_t G1HeapRegionSize                         = 4194304                                   {product} {ergonomic}
    uintx GCDrainStackTargetSize                   = 64                                        {product} {ergonomic}
   size_t InitialHeapSize                          = 532676608                                 {product} {ergonomic}
   size_t MarkStackSize                            = 4194304                                   {product} {ergonomic}
   size_t MaxHeapSize                              = 8480882688                                {product} {ergonomic}
   size_t MaxNewSize                               = 5087690752                                {product} {ergonomic}
   size_t MinHeapDeltaBytes                        = 4194304                                   {product} {ergonomic}
   size_t MinHeapSize                              = 8388608                                   {product} {ergonomic}
    uintx NonNMethodCodeHeapSize                   = 7602480                                {pd product} {ergonomic}
    uintx NonProfiledCodeHeapSize                  = 122027880                              {pd product} {ergonomic}
    uintx ProfiledCodeHeapSize                     = 122027880                              {pd product} {ergonomic}
    uintx ReservedCodeCacheSize                    = 251658240                              {pd product} {ergonomic}
     bool SegmentedCodeCache                       = true                                      {product} {ergonomic}
   size_t SoftMaxHeapSize                          = 8480882688                             {manageable} {ergonomic}
     bool UseCompressedClassPointers               = true                           {product lp64_product} {ergonomic}
     bool UseCompressedOops                        = true                           {product lp64_product} {ergonomic}
     bool UseG1GC                                  = true                                      {product} {ergonomic}
     bool UseLargePagesIndividualAllocation        = false                                  {pd product} {ergonomic}

Logging:
Log output configuration:
 #0: stdout all=warning uptime,level,tags
 #1: stderr all=off uptime,level,tags

Environment Variables:
JAVA_HOME=C:\.jdk\jdk-17
PATH=c:\Users\dhkim\AppData\Local\Programs\cursor\resources\app\bin;C:\Program Files (x86)\Microsoft\Edge\Application;C:\WINDOWS\system32;C:\WINDOWS;C:\WINDOWS\System32\Wbem;C:\WINDOWS\System32\WindowsPowerShell\v1.0\;C:\WINDOWS\System32\OpenSSH\;C:\Program Files (x86)\Microsoft SQL Server\160\Tools\Binn\;C:\Program Files\Microsoft SQL Server\160\Tools\Binn\;C:\Program Files\Microsoft SQL Server\Client SDK\ODBC\170\Tools\Binn\;C:\Program Files\Microsoft SQL Server\160\DTS\Binn\;C:\Program Files (x86)\Microsoft SQL Server\160\DTS\Binn\;C:\Program Files\Bandizip\;C:\Program Files\dotnet\;C:\Program Files\Git\cmd;C:\.jdk\jdk-17\bin;C:\Program Files\Microsoft SQL Server\150\Tools\Binn\;C:\Program Files (x86)\Windows Kits\10\Windows Performance Toolkit\;C:\Users\dhkim\AppData\Local\Programs\Python\Launcher\;C:\Users\dhkim\AppData\Local\Microsoft\WindowsApps;C:\Users\dhkim\.dotnet\tools;c:\Users\dhkim\AppData\Local\Programs\cursor\resources\app\bin;c:\Users\dhkim\AppData\Local\Programs\cursor\resources\app\bin;C:\Users\dhkim\protoc\bin;C:\Users\dhkim\AppData\Local\Programs\Python\Launcher\;C:\Users\dhkim\AppData\Local\Microsoft\WindowsApps;C:\Users\dhkim\AppData\Local\Programs\Microsoft VS Code\bin;C:\Users\dhkim\.dotnet\tools;C:\Users\dhkim\AppData\Local\Programs\cursor\resources\app\bin;C:\Program Files\JetBrains\IntelliJ IDEA 2024.3.5\bin;;C:\Users\dhkim\AppData\Local\JetBrains\PyCharm 2025.1.1\bin;
USERNAME=dhkim
OS=Windows_NT
PROCESSOR_IDENTIFIER=Intel64 Family 6 Model 170 Stepping 4, GenuineIntel



---------------  S Y S T E M  ---------------

OS:
 Windows 10 , 64 bit Build 26100 (10.0.26100.8328)
OS uptime: 7 days 9:39 hours
Hyper-V role detected

CPU: total 18 (initial active 18) (9 cores per cpu, 2 threads per core) family 6 model 170 stepping 4 microcode 0x1c, cx8, cmov, fxsr, ht, mmx, 3dnowpref, sse, sse2, sse3, ssse3, sse4.1, sse4.2, popcnt, lzcnt, tsc, tscinvbit, avx, avx2, aes, erms, clmul, bmi1, bmi2, adx, sha, fma, vzeroupper, clflush, clflushopt, clwb, hv

Memory: 4k page, system-wide physical 32348M (7568M free)
TotalPageFile size 48732M (AvailPageFile size 6196M)
current process WorkingSet (physical memory assigned to process): 277M, peak: 280M
current process commit charge ("private bytes"): 648M, peak: 653M

vm_info: OpenJDK 64-Bit Server VM (17+35-2724) for windows-amd64 JRE (17+35-2724), built on Aug  5 2021 23:26:02 by "mach5one" with MS VC++ 16.8 (VS2019)

END.
